{
  "native_pdb": "/tmp/rna_inf_97202z7w/CR1149_TS029_1_solution_normalized.pdb",
  "native_index": null,
  "model_pdb": "/tmp/rna_inf_qxrrdpi7/CR1149_TS029_1_refined_normalized.pdb",
  "model_index": null,
  "rmsd": 39.55112237542214,
  "inf_all": 0.3894322641900415,
  "inf_wc": 0.0,
  "inf_nwc": 0.0,
  "inf_stack": 0.5841483962850622
}
{
  "native_pdb": "/tmp/rna_inf_4rwxvtlf/CR1149_TS029_2_solution_normalized.pdb",
  "native_index": null,
  "model_pdb": "/tmp/rna_inf_00qoe2q_/CR1149_TS029_2_refined_normalized.pdb",
  "model_index": null,
  "rmsd": 26.19598473423236,
  "inf_all": 0.45937902922103346,
  "inf_wc": 0.3731822481426737,
  "inf_nwc": 0.2672612419124244,
  "inf_stack": 0.5137054113084029
}
{
  "native_pdb": "/tmp/rna_inf_dwoq96kx/CR1149_TS029_3_solution_normalized.pdb",
  "native_index": null,
  "model_pdb": "/tmp/rna_inf_01qxdtt8/CR1149_TS029_3_refined_normalized.pdb",
  "model_index": null,
  "rmsd": 27.425065044294563,
  "inf_all": 0.5642611134084022,
  "inf_wc": 0.4604696317147035,
  "inf_nwc": 0.0,
  "inf_stack": 0.6397632782164001
}
{
  "native_pdb": "/tmp/rna_inf_hbpftru6/CR1149_TS029_4_solution_normalized.pdb",
  "native_index": null,
  "model_pdb": "/tmp/rna_inf_y8eq33fo/CR1149_TS029_4_refined_normalized.pdb",
  "model_index": null,
  "rmsd": 25.986177423856912,
  "inf_all": 0.4103472672323844,
  "inf_wc": 0.39539439203710774,
  "inf_nwc": 0.2041241452319315,
  "inf_stack": 0.4490132550669373
}
{
  "native_pdb": "/tmp/rna_inf_nm2o0y6w/CR1149_TS035_1_solution_normalized.pdb",
  "native_index": null,
  "model_pdb": "/tmp/rna_inf_jvmafqf4/CR1149_TS035_1_refined_normalized.pdb",
  "model_index": null,
  "rmsd": 20.056213110006905,
  "inf_all": 0.8000045964199635,
  "inf_wc": 0.8387581675577135,
  "inf_nwc": 0.408248290463863,
  "inf_stack": 0.7918883750351244
}
{
  "native_pdb": "/tmp/rna_inf_29pr_e2k/CR1149_TS035_2_solution_normalized.pdb",
  "native_index": null,
  "model_pdb": "/tmp/rna_inf_y11po5du/CR1149_TS035_2_refined_normalized.pdb",
  "model_index": null,
  "rmsd": 14.492719190515896,
  "inf_all": 0.8188657179951805,
  "inf_wc": 0.8045085720818589,
  "inf_nwc": -1.0,
  "inf_stack": 0.8342656601802032
}
{
  "native_pdb": "/tmp/rna_inf_3qe1ocds/CR1149_TS035_3_solution_normalized.pdb",
  "native_index": null,
  "model_pdb": "/tmp/rna_inf__px3v79j/CR1149_TS035_3_refined_normalized.pdb",
  "model_index": null,
  "rmsd": 8.235548943997705,
  "inf_all": 0.8359787293311373,
  "inf_wc": 0.9053133151465079,
  "inf_nwc": 0.7071067811865476,
  "inf_stack": 0.8083625123724721
}
{
  "native_pdb": "/tmp/rna_inf_2fjv0dga/CR1149_TS035_4_solution_normalized.pdb",
  "native_index": null,
  "model_pdb": "/tmp/rna_inf_2np4u0fn/CR1149_TS035_4_refined_normalized.pdb",
  "model_index": null,
  "rmsd": 14.468904679788663,
  "inf_all": 0.8350594368298275,
  "inf_wc": 0.9462912659625485,
  "inf_nwc": 0.5,
  "inf_stack": 0.7901580474158055
}
{
  "native_pdb": "/tmp/rna_inf_qqopyy4z/CR1149_TS035_5_solution_normalized.pdb",
  "native_index": null,
  "model_pdb": "/tmp/rna_inf_vaza2153/CR1149_TS035_5_refined_normalized.pdb",
  "model_index": null,
  "rmsd": 11.693600661799493,
  "inf_all": 0.8174968419929423,
  "inf_wc": 0.8297872340425532,
  "inf_nwc": 0.5,
  "inf_stack": 0.8182205917916485
}
{
  "native_pdb": "/tmp/rna_inf_l95i8i3j/CR1149_TS054_1_solution_normalized.pdb",
  "native_index": null,
  "model_pdb": "/tmp/rna_inf_6sa9vbq8/CR1149_TS054_1_refined_normalized.pdb",
  "model_index": null,
  "rmsd": 9.049607851013494,
  "inf_all": 0.7977983064442327,
  "inf_wc": 0.8091133940627349,
  "inf_nwc": 0.5,
  "inf_stack": 0.7982281262852872
}
{
  "native_pdb": "/tmp/rna_inf_3hpr2fsm/CR1149_TS054_2_solution_normalized.pdb",
  "native_index": null,
  "model_pdb": "/tmp/rna_inf_dkxlcmpr/CR1149_TS054_2_refined_normalized.pdb",
  "model_index": null,
  "rmsd": 21.50760590947077,
  "inf_all": 0.80019770526468,
  "inf_wc": 0.8457654219322106,
  "inf_nwc": 0.31622776601683794,
  "inf_stack": 0.7957993226109146
}
{
  "native_pdb": "/tmp/rna_inf_m8i75zov/CR1149_TS054_3_solution_normalized.pdb",
  "native_index": null,
  "model_pdb": "/tmp/rna_inf_07e6gm1m/CR1149_TS054_3_refined_normalized.pdb",
  "model_index": null,
  "rmsd": 16.811176261818066,
  "inf_all": 0.7677159338596802,
  "inf_wc": 0.7965821859505251,
  "inf_nwc": 0.3535533905932738,
  "inf_stack": 0.7669320358305838
}
{
  "native_pdb": "/tmp/rna_inf_pz200okt/CR1149_TS054_4_solution_normalized.pdb",
  "native_index": null,
  "model_pdb": "/tmp/rna_inf_yoyz5_z0/CR1149_TS054_4_refined_normalized.pdb",
  "model_index": null,
  "rmsd": 19.39142555673233,
  "inf_all": 0.793959152473281,
  "inf_wc": 0.8335142371308261,
  "inf_nwc": 0.3535533905932738,
  "inf_stack": 0.7886463535341192
}
{
  "native_pdb": "/tmp/rna_inf_xwvulnc9/CR1149_TS054_5_solution_normalized.pdb",
  "native_index": null,
  "model_pdb": "/tmp/rna_inf_140yby8f/CR1149_TS054_5_refined_normalized.pdb",
  "model_index": null,
  "rmsd": 15.325505661498942,
  "inf_all": 0.8108293197264036,
  "inf_wc": 0.9228057300430046,
  "inf_nwc": 0.0,
  "inf_stack": 0.7901580474158055
}
{
  "native_pdb": "/tmp/rna_inf_7v5_ph2q/CR1149_TS076_1_solution_normalized.pdb",
  "native_index": null,
  "model_pdb": "/tmp/rna_inf_eq2lck6n/CR1149_TS076_1_refined_normalized.pdb",
  "model_index": null,
  "rmsd": 13.955964336026868,
  "inf_all": 0.866828394595597,
  "inf_wc": 0.9684747092264968,
  "inf_nwc": 0.5,
  "inf_stack": 0.8289354522689893
}
{
  "native_pdb": "/tmp/rna_inf_lhsx1__s/CR1149_TS076_2_solution_normalized.pdb",
  "native_index": null,
  "model_pdb": "/tmp/rna_inf_gq89a7l7/CR1149_TS076_2_refined_normalized.pdb",
  "model_index": null,
  "rmsd": 14.753466490629998,
  "inf_all": 0.8388704928078611,
  "inf_wc": 0.9787234042553191,
  "inf_nwc": 0.0,
  "inf_stack": 0.8056246278434043
}
{
  "native_pdb": "/tmp/rna_inf_gfkycfbl/CR1149_TS076_3_solution_normalized.pdb",
  "native_index": null,
  "model_pdb": "/tmp/rna_inf_btw8t5qg/CR1149_TS076_3_refined_normalized.pdb",
  "model_index": null,
  "rmsd": 21.30932598250628,
  "inf_all": 0.8514103584016196,
  "inf_wc": 0.9282791216329142,
  "inf_nwc": 0.408248290463863,
  "inf_stack": 0.8267362736526188
}
{
  "native_pdb": "/tmp/rna_inf_xg0rpg71/CR1149_TS076_4_solution_normalized.pdb",
  "native_index": null,
  "model_pdb": "/tmp/rna_inf_fn9db0l1/CR1149_TS076_4_refined_normalized.pdb",
  "model_index": null,
  "rmsd": 18.147095842104605,
  "inf_all": 0.850145655543579,
  "inf_wc": 0.9574468085106383,
  "inf_nwc": 0.5,
  "inf_stack": 0.8100960101719669
}
{
  "native_pdb": "/tmp/rna_inf_kbot_38f/CR1149_TS076_5_solution_normalized.pdb",
  "native_index": null,
  "model_pdb": "/tmp/rna_inf_oyiav2lq/CR1149_TS076_5_refined_normalized.pdb",
  "model_index": null,
  "rmsd": 11.412051653501122,
  "inf_all": 0.837475115747589,
  "inf_wc": 0.8960278049156379,
  "inf_nwc": 0.408248290463863,
  "inf_stack": 0.8218199948647712
}
{
  "native_pdb": "/tmp/rna_inf_ua6ekgme/CR1149_TS081_1_solution_normalized.pdb",
  "native_index": null,
  "model_pdb": "/tmp/rna_inf_4ohc_uyv/CR1149_TS081_1_refined_normalized.pdb",
  "model_index": null,
  "rmsd": 19.643537903499016,
  "inf_all": 0.769507202140174,
  "inf_wc": 0.8723404255319149,
  "inf_nwc": 0.5,
  "inf_stack": 0.7231384180560921
}
{
  "native_pdb": "/tmp/rna_inf_sdyptt6h/CR1149_TS081_2_solution_normalized.pdb",
  "native_index": null,
  "model_pdb": "/tmp/rna_inf_o07ri_3l/CR1149_TS081_2_refined_normalized.pdb",
  "model_index": null,
  "rmsd": 18.44581797047819,
  "inf_all": 0.769507202140174,
  "inf_wc": 0.8602647872386805,
  "inf_nwc": 0.5,
  "inf_stack": 0.7298145865917509
}
{
  "native_pdb": "/tmp/rna_inf_bg45w43x/CR1149_TS081_3_solution_normalized.pdb",
  "native_index": null,
  "model_pdb": "/tmp/rna_inf_txt_14up/CR1149_TS081_3_refined_normalized.pdb",
  "model_index": null,
  "rmsd": 19.562951404249826,
  "inf_all": 0.7567556221321725,
  "inf_wc": 0.8602647872386805,
  "inf_nwc": 0.408248290463863,
  "inf_stack": 0.7147781553743946
}
{
  "native_pdb": "/tmp/rna_inf_123n13af/CR1149_TS081_4_solution_normalized.pdb",
  "native_index": null,
  "model_pdb": "/tmp/rna_inf_w0m4b3bo/CR1149_TS081_4_refined_normalized.pdb",
  "model_index": null,
  "rmsd": 19.46326357008136,
  "inf_all": 0.7638281045820059,
  "inf_wc": 0.8602647872386805,
  "inf_nwc": 0.408248290463863,
  "inf_stack": 0.7256081274255218
}
{
  "native_pdb": "/tmp/rna_inf_gh3_006y/CR1149_TS081_5_solution_normalized.pdb",
  "native_index": null,
  "model_pdb": "/tmp/rna_inf_vhip73pk/CR1149_TS081_5_refined_normalized.pdb",
  "model_index": null,
  "rmsd": 24.810808984358683,
  "inf_all": 0.7753148860571065,
  "inf_wc": 0.8697707640712563,
  "inf_nwc": 0.3535533905932738,
  "inf_stack": 0.74288693174749
}
{
  "native_pdb": "/tmp/rna_inf_od36vp17/CR1149_TS091_1_solution_normalized.pdb",
  "native_index": null,
  "model_pdb": "/tmp/rna_inf_l6nobx23/CR1149_TS091_1_refined_normalized.pdb",
  "model_index": null,
  "rmsd": 80.02257174309925,
  "inf_all": 0.5070774794143152,
  "inf_wc": -1.0,
  "inf_nwc": 0.0,
  "inf_stack": 0.6317797913779336
}
{
  "native_pdb": "/tmp/rna_inf__c7bpe1w/CR1149_TS091_2_solution_normalized.pdb",
  "native_index": null,
  "model_pdb": "/tmp/rna_inf_fkj67zu7/CR1149_TS091_2_refined_normalized.pdb",
  "model_index": null,
  "rmsd": 81.71688498632676,
  "inf_all": 0.5303345398065894,
  "inf_wc": -1.0,
  "inf_nwc": 0.0,
  "inf_stack": 0.6683552045669943
}
{
  "native_pdb": "/tmp/rna_inf_svmafcqe/CR1149_TS091_3_solution_normalized.pdb",
  "native_index": null,
  "model_pdb": "/tmp/rna_inf_3sx1kaw_/CR1149_TS091_3_refined_normalized.pdb",
  "model_index": null,
  "rmsd": 82.28811732044784,
  "inf_all": 0.5019141245192772,
  "inf_wc": -1.0,
  "inf_nwc": 0.0,
  "inf_stack": 0.6282286222499409
}
{
  "native_pdb": "/tmp/rna_inf_4zmlim_2/CR1149_TS091_4_solution_normalized.pdb",
  "native_index": null,
  "model_pdb": "/tmp/rna_inf_qlzofe28/CR1149_TS091_4_refined_normalized.pdb",
  "model_index": null,
  "rmsd": 81.96278096166496,
  "inf_all": 0.555602564240909,
  "inf_wc": -1.0,
  "inf_nwc": 0.0,
  "inf_stack": 0.6846589468631651
}
{
  "native_pdb": "/tmp/rna_inf__aafrwad/CR1149_TS091_5_solution_normalized.pdb",
  "native_index": null,
  "model_pdb": "/tmp/rna_inf_6vf641ob/CR1149_TS091_5_refined_normalized.pdb",
  "model_index": null,
  "rmsd": 88.55695567969902,
  "inf_all": 0.4920333715669032,
  "inf_wc": -1.0,
  "inf_nwc": 0.0,
  "inf_stack": 0.6331466145913702
}
{
  "native_pdb": "/tmp/rna_inf_n4pz7vb8/CR1149_TS097_1_solution_normalized.pdb",
  "native_index": null,
  "model_pdb": "/tmp/rna_inf_yzvcn8gc/CR1149_TS097_1_refined_normalized.pdb",
  "model_index": null,
  "rmsd": 32.761432444292154,
  "inf_all": 0.31475970520700436,
  "inf_wc": 0.0,
  "inf_nwc": 0.0,
  "inf_stack": 0.539470955255819
}
{
  "native_pdb": "/tmp/rna_inf_d06ff75h/CR1149_TS097_2_solution_normalized.pdb",
  "native_index": null,
  "model_pdb": "/tmp/rna_inf_czz2u1ys/CR1149_TS097_2_refined_normalized.pdb",
  "model_index": null,
  "rmsd": 30.23137189050107,
  "inf_all": 0.20134681656420728,
  "inf_wc": 0.0,
  "inf_nwc": 0.0,
  "inf_stack": 0.375
}
{
  "native_pdb": "/tmp/rna_inf_4j_cufc5/CR1149_TS110_1_solution_normalized.pdb",
  "native_index": null,
  "model_pdb": "/tmp/rna_inf_uwbgytbz/CR1149_TS110_1_refined_normalized.pdb",
  "model_index": null,
  "rmsd": 21.95806530004563,
  "inf_all": 0.786445196480642,
  "inf_wc": 0.8102684458914187,
  "inf_nwc": 0.408248290463863,
  "inf_stack": 0.7863129732719685
}
{
  "native_pdb": "/tmp/rna_inf_d8syp8jp/CR1149_TS110_2_solution_normalized.pdb",
  "native_index": null,
  "model_pdb": "/tmp/rna_inf_8gqg1i4f/CR1149_TS110_2_refined_normalized.pdb",
  "model_index": null,
  "rmsd": 6.995430987522605,
  "inf_all": 0.8305741424768729,
  "inf_wc": 0.9120123092652647,
  "inf_nwc": -1.0,
  "inf_stack": 0.8020407900996774
}
{
  "native_pdb": "/tmp/rna_inf_vfhjb52i/CR1149_TS110_3_solution_normalized.pdb",
  "native_index": null,
  "model_pdb": "/tmp/rna_inf_6mg4iy7n/CR1149_TS110_3_refined_normalized.pdb",
  "model_index": null,
  "rmsd": 18.170109306584635,
  "inf_all": 0.7890454353530293,
  "inf_wc": 0.8327759027217359,
  "inf_nwc": 0.408248290463863,
  "inf_stack": 0.7794974293564014
}
{
  "native_pdb": "/tmp/rna_inf_naq1oua0/CR1149_TS110_4_solution_normalized.pdb",
  "native_index": null,
  "model_pdb": "/tmp/rna_inf_e9rrnzcd/CR1149_TS110_4_refined_normalized.pdb",
  "model_index": null,
  "rmsd": 14.457833226951118,
  "inf_all": 0.7824937275946723,
  "inf_wc": 0.8393019909945446,
  "inf_nwc": 0.0,
  "inf_stack": 0.7710006693460141
}
{
  "native_pdb": "/tmp/rna_inf_4ir8mcxq/CR1149_TS119_1_solution_normalized.pdb",
  "native_index": null,
  "model_pdb": "/tmp/rna_inf_qmg76ld8/CR1149_TS119_1_refined_normalized.pdb",
  "model_index": null,
  "rmsd": 15.025142926045364,
  "inf_all": 0.8179431685911707,
  "inf_wc": 0.8374325544608086,
  "inf_nwc": 0.7071067811865476,
  "inf_stack": 0.8113287700912882
}
{
  "native_pdb": "/tmp/rna_inf_y8lyr94e/CR1149_TS119_2_solution_normalized.pdb",
  "native_index": null,
  "model_pdb": "/tmp/rna_inf_efcqeod4/CR1149_TS119_2_refined_normalized.pdb",
  "model_index": null,
  "rmsd": 21.07933465954244,
  "inf_all": 0.8228137099715919,
  "inf_wc": 0.8335142371308261,
  "inf_nwc": 0.408248290463863,
  "inf_stack": 0.828078671210825
}
{
  "native_pdb": "/tmp/rna_inf_xt0nmyyr/CR1149_TS119_3_solution_normalized.pdb",
  "native_index": null,
  "model_pdb": "/tmp/rna_inf_ohwp3n7_/CR1149_TS119_3_refined_normalized.pdb",
  "model_index": null,
  "rmsd": 13.39249045913479,
  "inf_all": 0.8398290301999641,
  "inf_wc": 0.8457654219322106,
  "inf_nwc": 0.31622776601683794,
  "inf_stack": 0.8553773704957129
}
{
  "native_pdb": "/tmp/rna_inf_wns6ug93/CR1149_TS119_4_solution_normalized.pdb",
  "native_index": null,
  "model_pdb": "/tmp/rna_inf_xj3py44s/CR1149_TS119_4_refined_normalized.pdb",
  "model_index": null,
  "rmsd": 22.374980660922954,
  "inf_all": 0.7990324255149134,
  "inf_wc": 0.8251369970070348,
  "inf_nwc": 0.408248290463863,
  "inf_stack": 0.7962663020475631
}
{
  "native_pdb": "/tmp/rna_inf_hh0gs158/CR1149_TS119_5_solution_normalized.pdb",
  "native_index": null,
  "model_pdb": "/tmp/rna_inf_1ljsymif/CR1149_TS119_5_refined_normalized.pdb",
  "model_index": null,
  "rmsd": 13.953191027613961,
  "inf_all": 0.7681897970540928,
  "inf_wc": 0.7484298895080298,
  "inf_nwc": 0.31622776601683794,
  "inf_stack": 0.7933915405892129
}
{
  "native_pdb": "/tmp/rna_inf_2goabqta/CR1149_TS125_1_solution_normalized.pdb",
  "native_index": null,
  "model_pdb": "/tmp/rna_inf_jqjqbvj5/CR1149_TS125_1_refined_normalized.pdb",
  "model_index": null,
  "rmsd": 22.017853057994206,
  "inf_all": 0.7617882154119754,
  "inf_wc": 0.8091133940627349,
  "inf_nwc": 0.31622776601683794,
  "inf_stack": 0.7546895142190074
}
{
  "native_pdb": "/tmp/rna_inf_z2na31pw/CR1149_TS125_2_solution_normalized.pdb",
  "native_index": null,
  "model_pdb": "/tmp/rna_inf_tehft2xg/CR1149_TS125_2_refined_normalized.pdb",
  "model_index": null,
  "rmsd": 16.846625304266325,
  "inf_all": 0.8073340081158361,
  "inf_wc": 0.8170073702056668,
  "inf_nwc": 0.3535533905932738,
  "inf_stack": 0.8159756899139902
}
{
  "native_pdb": "/tmp/rna_inf_qik9ebds/CR1149_TS125_3_solution_normalized.pdb",
  "native_index": null,
  "model_pdb": "/tmp/rna_inf_m_q963z5/CR1149_TS125_3_refined_normalized.pdb",
  "model_index": null,
  "rmsd": 7.712711912244233,
  "inf_all": 0.8115026712006891,
  "inf_wc": 0.8374325544608086,
  "inf_nwc": 0.7071067811865476,
  "inf_stack": 0.8017837257372731
}
{
  "native_pdb": "/tmp/rna_inf_tu3p_7bz/CR1149_TS125_4_solution_normalized.pdb",
  "native_index": null,
  "model_pdb": "/tmp/rna_inf_12_19pok/CR1149_TS125_4_refined_normalized.pdb",
  "model_index": null,
  "rmsd": 14.9775378202666,
  "inf_all": 0.7909115788387002,
  "inf_wc": 0.9015889691237621,
  "inf_nwc": 0.0,
  "inf_stack": 0.7726181304565691
}
{
  "native_pdb": "/tmp/rna_inf_j9zjay6l/CR1149_TS125_5_solution_normalized.pdb",
  "native_index": null,
  "model_pdb": "/tmp/rna_inf_l6z5_c5n/CR1149_TS125_5_refined_normalized.pdb",
  "model_index": null,
  "rmsd": 18.998359369526696,
  "inf_all": 0.7811846344537097,
  "inf_wc": 0.7827936876641306,
  "inf_nwc": 0.408248290463863,
  "inf_stack": 0.7901580474158055
}
{
  "native_pdb": "/tmp/rna_inf_71hu4nrc/CR1149_TS128_1_solution_normalized.pdb",
  "native_index": null,
  "model_pdb": "/tmp/rna_inf_c5u71kqd/CR1149_TS128_1_refined_normalized.pdb",
  "model_index": null,
  "rmsd": 7.611823221452897,
  "inf_all": 0.6990665699180347,
  "inf_wc": 0.736882930933204,
  "inf_nwc": 0.0,
  "inf_stack": 0.7107053122190142
}
{
  "native_pdb": "/tmp/rna_inf_thzbjp35/CR1149_TS128_2_solution_normalized.pdb",
  "native_index": null,
  "model_pdb": "/tmp/rna_inf_w51ulwfz/CR1149_TS128_2_refined_normalized.pdb",
  "model_index": null,
  "rmsd": 19.564565857752193,
  "inf_all": 0.8097050382080871,
  "inf_wc": 0.8335142371308261,
  "inf_nwc": 0.31622776601683794,
  "inf_stack": 0.8159756899139902
}
{
  "native_pdb": "/tmp/rna_inf_wxdw70hw/CR1149_TS128_3_solution_normalized.pdb",
  "native_index": null,
  "model_pdb": "/tmp/rna_inf_n6upifgs/CR1149_TS128_3_refined_normalized.pdb",
  "model_index": null,
  "rmsd": 13.576281652800818,
  "inf_all": 0.7718355498069193,
  "inf_wc": 0.8045085720818589,
  "inf_nwc": 0.0,
  "inf_stack": 0.7714755462135485
}
{
  "native_pdb": "/tmp/rna_inf_cwe0xc4f/CR1149_TS128_4_solution_normalized.pdb",
  "native_index": null,
  "model_pdb": "/tmp/rna_inf_ae74i2p7/CR1149_TS128_4_refined_normalized.pdb",
  "model_index": null,
  "rmsd": 9.321161309051032,
  "inf_all": 0.816496580927726,
  "inf_wc": 0.8632057190931819,
  "inf_nwc": 0.408248290463863,
  "inf_stack": 0.8053872662568292
}
{
  "native_pdb": "/tmp/rna_inf_tj5yuzmj/CR1149_TS128_5_solution_normalized.pdb",
  "native_index": null,
  "model_pdb": "/tmp/rna_inf_mhxywxa3/CR1149_TS128_5_refined_normalized.pdb",
  "model_index": null,
  "rmsd": 20.304993465162774,
  "inf_all": 0.8090398349558905,
  "inf_wc": 0.8374325544608086,
  "inf_nwc": 0.3535533905932738,
  "inf_stack": 0.8090398349558905
}
{
  "native_pdb": "/tmp/rna_inf_2rli02pg/CR1149_TS131_1_solution_normalized.pdb",
  "native_index": null,
  "model_pdb": "/tmp/rna_inf_r14t8j19/CR1149_TS131_1_refined_normalized.pdb",
  "model_index": null,
  "rmsd": 44.85670156544169,
  "inf_all": 0.6051270897507591,
  "inf_wc": -1.0,
  "inf_nwc": 0.0,
  "inf_stack": 0.7448979591836735
}
{
  "native_pdb": "/tmp/rna_inf_hb1am8rg/CR1149_TS131_2_solution_normalized.pdb",
  "native_index": null,
  "model_pdb": "/tmp/rna_inf_hy6wq5l6/CR1149_TS131_2_refined_normalized.pdb",
  "model_index": null,
  "rmsd": 39.99154746145314,
  "inf_all": 0.5767187099094084,
  "inf_wc": 0.0,
  "inf_nwc": 0.0,
  "inf_stack": 0.7512787147769129
}
{
  "native_pdb": "/tmp/rna_inf_kjkday2k/CR1149_TS131_3_solution_normalized.pdb",
  "native_index": null,
  "model_pdb": "/tmp/rna_inf__s133y51/CR1149_TS131_3_refined_normalized.pdb",
  "model_index": null,
  "rmsd": 36.97351101551642,
  "inf_all": 0.5120897067882216,
  "inf_wc": 0.0,
  "inf_nwc": 0.0,
  "inf_stack": 0.6913363993863798
}
{
  "native_pdb": "/tmp/rna_inf_qvu_digf/CR1149_TS131_4_solution_normalized.pdb",
  "native_index": null,
  "model_pdb": "/tmp/rna_inf_pl_xocv9/CR1149_TS131_4_refined_normalized.pdb",
  "model_index": null,
  "rmsd": 34.725920411284626,
  "inf_all": 0.5580711327750997,
  "inf_wc": 0.19448665533052606,
  "inf_nwc": 0.0,
  "inf_stack": 0.6814683359999358
}
{
  "native_pdb": "/tmp/rna_inf_91hfwy7a/CR1149_TS131_5_solution_normalized.pdb",
  "native_index": null,
  "model_pdb": "/tmp/rna_inf_nzpbdji2/CR1149_TS131_5_refined_normalized.pdb",
  "model_index": null,
  "rmsd": 34.336305923066504,
  "inf_all": 0.4701280763401238,
  "inf_wc": 0.0,
  "inf_nwc": -1.0,
  "inf_stack": 0.6519503404921405
}
{
  "native_pdb": "/tmp/rna_inf_ap8rhw00/CR1149_TS147_1_solution_normalized.pdb",
  "native_index": null,
  "model_pdb": "/tmp/rna_inf_esvs7xz1/CR1149_TS147_1_refined_normalized.pdb",
  "model_index": null,
  "rmsd": 17.1140368231425,
  "inf_all": 0.8360926251535558,
  "inf_wc": 0.8987081072262336,
  "inf_nwc": 0.31622776601683794,
  "inf_stack": 0.8245631535486584
}
{
  "native_pdb": "/tmp/rna_inf_qjljft4k/CR1149_TS147_2_solution_normalized.pdb",
  "native_index": null,
  "model_pdb": "/tmp/rna_inf_msm1oqed/CR1149_TS147_2_refined_normalized.pdb",
  "model_index": null,
  "rmsd": 17.461642380773213,
  "inf_all": 0.8541863694425804,
  "inf_wc": 0.9148936170212766,
  "inf_nwc": 0.28867513459481287,
  "inf_stack": 0.8495996521592243
}
{
  "native_pdb": "/tmp/rna_inf_r8f92xkj/CR1149_TS147_3_solution_normalized.pdb",
  "native_index": null,
  "model_pdb": "/tmp/rna_inf_5da21oo5/CR1149_TS147_3_refined_normalized.pdb",
  "model_index": null,
  "rmsd": 17.723291871559333,
  "inf_all": 0.8281043428947155,
  "inf_wc": 0.9263671131731709,
  "inf_nwc": 0.31622776601683794,
  "inf_stack": 0.800772085943177
}
{
  "native_pdb": "/tmp/rna_inf_a4vj89_k/CR1149_TS147_4_solution_normalized.pdb",
  "native_index": null,
  "model_pdb": "/tmp/rna_inf_pfdjzbr0/CR1149_TS147_4_refined_normalized.pdb",
  "model_index": null,
  "rmsd": 20.426499400277127,
  "inf_all": 0.7964836712525009,
  "inf_wc": 0.8987081072262336,
  "inf_nwc": 0.31622776601683794,
  "inf_stack": 0.763905905707174
}
{
  "native_pdb": "/tmp/rna_inf_9hlc03je/CR1149_TS147_5_solution_normalized.pdb",
  "native_index": null,
  "model_pdb": "/tmp/rna_inf_6gr0n929/CR1149_TS147_5_refined_normalized.pdb",
  "model_index": null,
  "rmsd": 18.415924897731813,
  "inf_all": 0.825528584422112,
  "inf_wc": 0.9076506967077382,
  "inf_nwc": 0.31622776601683794,
  "inf_stack": 0.8045404459851786
}
{
  "native_pdb": "/tmp/rna_inf_9qiul95d/CR1149_TS177_1_solution_normalized.pdb",
  "native_index": null,
  "model_pdb": "/tmp/rna_inf_f0251lmh/CR1149_TS177_1_refined_normalized.pdb",
  "model_index": null,
  "rmsd": 28.85316696060646,
  "inf_all": 0.3861575042152068,
  "inf_wc": 0.19724546908861515,
  "inf_nwc": 0.0,
  "inf_stack": 0.5556782394901613
}
{
  "native_pdb": "/tmp/rna_inf_91n09bpj/CR1149_TS185_1_solution_normalized.pdb",
  "native_index": null,
  "model_pdb": "/tmp/rna_inf_lu9apcly/CR1149_TS185_1_refined_normalized.pdb",
  "model_index": null,
  "rmsd": 21.168758053659865,
  "inf_all": 0.8153054838954358,
  "inf_wc": 0.9120123092652647,
  "inf_nwc": 0.3535533905932738,
  "inf_stack": 0.7842783617105383
}
{
  "native_pdb": "/tmp/rna_inf_b66f5gd_/CR1149_TS185_2_solution_normalized.pdb",
  "native_index": null,
  "model_pdb": "/tmp/rna_inf_g5728rgn/CR1149_TS185_2_refined_normalized.pdb",
  "model_index": null,
  "rmsd": 20.724011721194774,
  "inf_all": 0.7998870460841475,
  "inf_wc": 0.8777908163823702,
  "inf_nwc": 0.408248290463863,
  "inf_stack": 0.7733856066867808
}
{
  "native_pdb": "/tmp/rna_inf_n6uwj05y/CR1149_TS185_3_solution_normalized.pdb",
  "native_index": null,
  "model_pdb": "/tmp/rna_inf_owj3w3nf/CR1149_TS185_3_refined_normalized.pdb",
  "model_index": null,
  "rmsd": 21.240800562436323,
  "inf_all": 0.8163422774999232,
  "inf_wc": 0.8897681066002582,
  "inf_nwc": 0.3535533905932738,
  "inf_stack": 0.7968514106698038
}
{
  "native_pdb": "/tmp/rna_inf_vgh1l1ni/CR1149_TS185_4_solution_normalized.pdb",
  "native_index": null,
  "model_pdb": "/tmp/rna_inf_7omlkwvl/CR1149_TS185_4_refined_normalized.pdb",
  "model_index": null,
  "rmsd": 21.62849389310719,
  "inf_all": 0.7980074688861063,
  "inf_wc": 0.8795989942670849,
  "inf_nwc": 0.408248290463863,
  "inf_stack": 0.7689280156300307
}
{
  "native_pdb": "/tmp/rna_inf_nouv_2qn/CR1149_TS185_5_solution_normalized.pdb",
  "native_index": null,
  "model_pdb": "/tmp/rna_inf_hqbrj6b5/CR1149_TS185_5_refined_normalized.pdb",
  "model_index": null,
  "rmsd": 19.810582122224332,
  "inf_all": 0.8028883377276439,
  "inf_wc": 0.855283359552053,
  "inf_nwc": 0.3535533905932738,
  "inf_stack": 0.7938566201357354
}
{
  "native_pdb": "/tmp/rna_inf_3zp0yau4/CR1149_TS227_1_solution_normalized.pdb",
  "native_index": null,
  "model_pdb": "/tmp/rna_inf_sk7837md/CR1149_TS227_1_refined_normalized.pdb",
  "model_index": null,
  "rmsd": 18.703531446402376,
  "inf_all": 0.8503273006347416,
  "inf_wc": 0.9361702127659575,
  "inf_nwc": 0.2672612419124244,
  "inf_stack": 0.8379367506300015
}
{
  "native_pdb": "/tmp/rna_inf_p7d8ht54/CR1149_TS227_2_solution_normalized.pdb",
  "native_index": null,
  "model_pdb": "/tmp/rna_inf_p8k8vait/CR1149_TS227_2_refined_normalized.pdb",
  "model_index": null,
  "rmsd": 19.239832292889023,
  "inf_all": 0.8320502943378437,
  "inf_wc": 0.8751899489873672,
  "inf_nwc": 0.25,
  "inf_stack": 0.8426504503578889
}
{
  "native_pdb": "/tmp/rna_inf_idhwgiib/CR1149_TS227_3_solution_normalized.pdb",
  "native_index": null,
  "model_pdb": "/tmp/rna_inf_65j1pes5/CR1149_TS227_3_refined_normalized.pdb",
  "model_index": null,
  "rmsd": 19.11206802610958,
  "inf_all": 0.8255777320771082,
  "inf_wc": 0.9148936170212766,
  "inf_nwc": 0.28867513459481287,
  "inf_stack": 0.8061224489795918
}
{
  "native_pdb": "/tmp/rna_inf_02akeibe/CR1149_TS227_4_solution_normalized.pdb",
  "native_index": null,
  "model_pdb": "/tmp/rna_inf_ybggceul/CR1149_TS227_4_refined_normalized.pdb",
  "model_index": null,
  "rmsd": 16.410660824536542,
  "inf_all": 0.837475115747589,
  "inf_wc": 0.9377035167721793,
  "inf_nwc": 0.2672612419124244,
  "inf_stack": 0.8172335578635083
}
{
  "native_pdb": "/tmp/rna_inf_11i9w89p/CR1149_TS227_5_solution_normalized.pdb",
  "native_index": null,
  "model_pdb": "/tmp/rna_inf_apn2los9/CR1149_TS227_5_refined_normalized.pdb",
  "model_index": null,
  "rmsd": 19.319569320212686,
  "inf_all": 0.8424171073063841,
  "inf_wc": 0.9263671131731709,
  "inf_nwc": 0.28867513459481287,
  "inf_stack": 0.8262167783197228
}
{
  "native_pdb": "/tmp/rna_inf_o_1bnnyw/CR1149_TS229_1_solution_normalized.pdb",
  "native_index": null,
  "model_pdb": "/tmp/rna_inf_jyl43xqk/CR1149_TS229_1_refined_normalized.pdb",
  "model_index": null,
  "rmsd": 15.160115829937048,
  "inf_all": 0.7737493435520513,
  "inf_wc": 0.8656508091028778,
  "inf_nwc": 0.0,
  "inf_stack": 0.7605817413818787
}
{
  "native_pdb": "/tmp/rna_inf_auy825ya/CR1149_TS229_2_solution_normalized.pdb",
  "native_index": null,
  "model_pdb": "/tmp/rna_inf_zh_g9zp2/CR1149_TS229_2_refined_normalized.pdb",
  "model_index": null,
  "rmsd": 14.212318652849312,
  "inf_all": 0.7638281045820059,
  "inf_wc": 0.8656508091028778,
  "inf_nwc": 0.0,
  "inf_stack": 0.7332355751067664
}
{
  "native_pdb": "/tmp/rna_inf_hf_xlqiw/CR1149_TS229_3_solution_normalized.pdb",
  "native_index": null,
  "model_pdb": "/tmp/rna_inf_c3wp87m7/CR1149_TS229_3_refined_normalized.pdb",
  "model_index": null,
  "rmsd": 16.634748954365314,
  "inf_all": 0.7991905168311728,
  "inf_wc": 0.8875694881473982,
  "inf_nwc": 0.408248290463863,
  "inf_stack": 0.7710006693460141
}
{
  "native_pdb": "/tmp/rna_inf_8aavb1pf/CR1149_TS229_4_solution_normalized.pdb",
  "native_index": null,
  "model_pdb": "/tmp/rna_inf_ib6rxah1/CR1149_TS229_4_refined_normalized.pdb",
  "model_index": null,
  "rmsd": 15.901262596433947,
  "inf_all": 0.7751285514766988,
  "inf_wc": 0.8005004692388159,
  "inf_nwc": 0.0,
  "inf_stack": 0.7918883750351244
}
{
  "native_pdb": "/tmp/rna_inf_8ky24y0_/CR1149_TS229_5_solution_normalized.pdb",
  "native_index": null,
  "model_pdb": "/tmp/rna_inf_n3dxr4n7/CR1149_TS229_5_refined_normalized.pdb",
  "model_index": null,
  "rmsd": 14.80672244087318,
  "inf_all": 0.7837573355131402,
  "inf_wc": 0.8764046476274407,
  "inf_nwc": 0.0,
  "inf_stack": 0.7582729173680425
}
{
  "native_pdb": "/tmp/rna_inf_irk_7boy/CR1149_TS232_1_solution_normalized.pdb",
  "native_index": null,
  "model_pdb": "/tmp/rna_inf_a85op4_6/CR1149_TS232_1_refined_normalized.pdb",
  "model_index": null,
  "rmsd": 18.853685843827883,
  "inf_all": 0.7827181425361299,
  "inf_wc": 0.851063829787234,
  "inf_nwc": 0.3535533905932738,
  "inf_stack": 0.763905905707174
}
{
  "native_pdb": "/tmp/rna_inf_qi4r8351/CR1149_TS232_2_solution_normalized.pdb",
  "native_index": null,
  "model_pdb": "/tmp/rna_inf_vlwxtlj0/CR1149_TS232_2_refined_normalized.pdb",
  "model_index": null,
  "rmsd": 18.036072574046464,
  "inf_all": 0.7827181425361299,
  "inf_wc": 0.851063829787234,
  "inf_nwc": 0.3535533905932738,
  "inf_stack": 0.763905905707174
}
{
  "native_pdb": "/tmp/rna_inf_pfq144nl/CR1149_TS232_3_solution_normalized.pdb",
  "native_index": null,
  "model_pdb": "/tmp/rna_inf_i1bcw1n5/CR1149_TS232_3_refined_normalized.pdb",
  "model_index": null,
  "rmsd": 17.924481489093427,
  "inf_all": 0.7853056475855418,
  "inf_wc": 0.851063829787234,
  "inf_nwc": 0.3535533905932738,
  "inf_stack": 0.7677159338596802
}
{
  "native_pdb": "/tmp/rna_inf_f5jpctkx/CR1149_TS232_4_solution_normalized.pdb",
  "native_index": null,
  "model_pdb": "/tmp/rna_inf_uidgap73/CR1149_TS232_4_refined_normalized.pdb",
  "model_index": null,
  "rmsd": 24.640164704611884,
  "inf_all": 0.8096486906120464,
  "inf_wc": 0.851063829787234,
  "inf_nwc": 0.3535533905932738,
  "inf_stack": 0.8045404459851786
}
{
  "native_pdb": "/tmp/rna_inf_4aeqldro/CR1149_TS232_5_solution_normalized.pdb",
  "native_index": null,
  "model_pdb": "/tmp/rna_inf_v27d0881/CR1149_TS232_5_refined_normalized.pdb",
  "model_index": null,
  "rmsd": 10.437201985610944,
  "inf_all": 0.8320502943378437,
  "inf_wc": 0.8421519210665189,
  "inf_nwc": 0.3535533905932738,
  "inf_stack": 0.8419556549847228
}
{
  "native_pdb": "/tmp/rna_inf_fkfgw6xz/CR1149_TS235_1_solution_normalized.pdb",
  "native_index": null,
  "model_pdb": "/tmp/rna_inf_9rgdwq2l/CR1149_TS235_1_refined_normalized.pdb",
  "model_index": null,
  "rmsd": 21.0626514367492,
  "inf_all": 0.794653335047739,
  "inf_wc": 0.8723404255319149,
  "inf_nwc": 0.0,
  "inf_stack": 0.7897539744795119
}
{
  "native_pdb": "/tmp/rna_inf_xs4q8p1j/CR1149_TS235_2_solution_normalized.pdb",
  "native_index": null,
  "model_pdb": "/tmp/rna_inf_2puprp1_/CR1149_TS235_2_refined_normalized.pdb",
  "model_index": null,
  "rmsd": 18.518843342553396,
  "inf_all": 0.7838016757355235,
  "inf_wc": 0.8543520930590968,
  "inf_nwc": 0.0,
  "inf_stack": 0.7692408842332908
}
{
  "native_pdb": "/tmp/rna_inf_gacslq1_/CR1149_TS235_3_solution_normalized.pdb",
  "native_index": null,
  "model_pdb": "/tmp/rna_inf_df3no5mo/CR1149_TS235_3_refined_normalized.pdb",
  "model_index": null,
  "rmsd": 18.41946355200571,
  "inf_all": 0.8081220356417687,
  "inf_wc": 0.8480264949694749,
  "inf_nwc": 0.28867513459481287,
  "inf_stack": 0.8121932051642302
}
{
  "native_pdb": "/tmp/rna_inf_zyrcrx1t/CR1149_TS235_4_solution_normalized.pdb",
  "native_index": null,
  "model_pdb": "/tmp/rna_inf_92bx_y1q/CR1149_TS235_4_refined_normalized.pdb",
  "model_index": null,
  "rmsd": 20.033624819845,
  "inf_all": 0.7609815835626653,
  "inf_wc": 0.8000443250131929,
  "inf_nwc": 0.3535533905932738,
  "inf_stack": 0.7551020408163265
}
{
  "native_pdb": "/tmp/rna_inf_fy_ifw47/CR1149_TS235_5_solution_normalized.pdb",
  "native_index": null,
  "model_pdb": "/tmp/rna_inf_5o_pqxz7/CR1149_TS235_5_refined_normalized.pdb",
  "model_index": null,
  "rmsd": 20.574453206274235,
  "inf_all": 0.7848925732981945,
  "inf_wc": 0.8723404255319149,
  "inf_nwc": 0.28867513459481287,
  "inf_stack": 0.7645466237507578
}
{
  "native_pdb": "/tmp/rna_inf_4ehxm3b7/CR1149_TS238_1_solution_normalized.pdb",
  "native_index": null,
  "model_pdb": "/tmp/rna_inf_4w_faqfb/CR1149_TS238_1_refined_normalized.pdb",
  "model_index": null,
  "rmsd": 17.46331513894924,
  "inf_all": 0.7407073416155083,
  "inf_wc": 0.7004379105839639,
  "inf_nwc": 0.31622776601683794,
  "inf_stack": 0.777299820749927
}
{
  "native_pdb": "/tmp/rna_inf_byg9pqqa/CR1149_TS238_2_solution_normalized.pdb",
  "native_index": null,
  "model_pdb": "/tmp/rna_inf_s59uftl4/CR1149_TS238_2_refined_normalized.pdb",
  "model_index": null,
  "rmsd": 16.754343992327275,
  "inf_all": 0.6491857799357194,
  "inf_wc": 0.6094040593428307,
  "inf_nwc": 0.22360679774997896,
  "inf_stack": 0.7027819284987273
}
{
  "native_pdb": "/tmp/rna_inf_eao0_eej/CR1149_TS239_1_solution_normalized.pdb",
  "native_index": null,
  "model_pdb": "/tmp/rna_inf_arecm4cg/CR1149_TS239_1_refined_normalized.pdb",
  "model_index": null,
  "rmsd": 15.514082220762312,
  "inf_all": 0.776632268826657,
  "inf_wc": 0.8508791170710516,
  "inf_nwc": 0.0,
  "inf_stack": 0.7589843391101803
}
{
  "native_pdb": "/tmp/rna_inf_vop9gzm3/CR1149_TS239_2_solution_normalized.pdb",
  "native_index": null,
  "model_pdb": "/tmp/rna_inf_zi9lqtf9/CR1149_TS239_2_refined_normalized.pdb",
  "model_index": null,
  "rmsd": 17.249533414867873,
  "inf_all": 0.7539886818909707,
  "inf_wc": 0.80225745323842,
  "inf_nwc": 0.0,
  "inf_stack": 0.7551020408163265
}
{
  "native_pdb": "/tmp/rna_inf_5p2zz4dt/CR1149_TS239_3_solution_normalized.pdb",
  "native_index": null,
  "model_pdb": "/tmp/rna_inf_nshnu2p8/CR1149_TS239_3_refined_normalized.pdb",
  "model_index": null,
  "rmsd": 15.8336054017092,
  "inf_all": 0.7879477634999258,
  "inf_wc": 0.8200902402027264,
  "inf_nwc": 0.0,
  "inf_stack": 0.7898676222583775
}
{
  "native_pdb": "/tmp/rna_inf_ebqc612p/CR1149_TS239_4_solution_normalized.pdb",
  "native_index": null,
  "model_pdb": "/tmp/rna_inf_gabtj8ax/CR1149_TS239_4_refined_normalized.pdb",
  "model_index": null,
  "rmsd": 15.759233278300858,
  "inf_all": 0.6925786940080684,
  "inf_wc": 0.5626864207579296,
  "inf_nwc": 0.0,
  "inf_stack": 0.7669320358305838
}
{
  "native_pdb": "/tmp/rna_inf_7tgmtxwz/CR1149_TS239_5_solution_normalized.pdb",
  "native_index": null,
  "model_pdb": "/tmp/rna_inf_n4j5xebg/CR1149_TS239_5_refined_normalized.pdb",
  "model_index": null,
  "rmsd": 18.221261148514504,
  "inf_all": 0.7933781450239702,
  "inf_wc": 0.8533413674267187,
  "inf_nwc": -1.0,
  "inf_stack": 0.7755102040816326
}
{
  "native_pdb": "/tmp/rna_inf_nclnc5tm/CR1149_TS245_1_solution_normalized.pdb",
  "native_index": null,
  "model_pdb": "/tmp/rna_inf_6b_rwl3c/CR1149_TS245_1_refined_normalized.pdb",
  "model_index": null,
  "rmsd": 22.312816361533912,
  "inf_all": 0.4841820261350419,
  "inf_wc": 0.12632278815997783,
  "inf_nwc": 0.0,
  "inf_stack": 0.6353801712817789
}
{
  "native_pdb": "/tmp/rna_inf_05l2hb9y/CR1149_TS245_2_solution_normalized.pdb",
  "native_index": null,
  "model_pdb": "/tmp/rna_inf_z2r3etv7/CR1149_TS245_2_refined_normalized.pdb",
  "model_index": null,
  "rmsd": 23.46610918013898,
  "inf_all": 0.5716619504750294,
  "inf_wc": 0.5218624584427538,
  "inf_nwc": 0.0,
  "inf_stack": 0.6098678344610445
}
{
  "native_pdb": "/tmp/rna_inf_qo4vrx2s/CR1149_TS245_3_solution_normalized.pdb",
  "native_index": null,
  "model_pdb": "/tmp/rna_inf_y18orw_0/CR1149_TS245_3_refined_normalized.pdb",
  "model_index": null,
  "rmsd": 17.256189762231216,
  "inf_all": 0.5823139032743635,
  "inf_wc": 0.5157106231293968,
  "inf_nwc": 0.0,
  "inf_stack": 0.6561701278492382
}
{
  "native_pdb": "/tmp/rna_inf_x3fu5r4h/CR1149_TS245_4_solution_normalized.pdb",
  "native_index": null,
  "model_pdb": "/tmp/rna_inf_1rkjhrgo/CR1149_TS245_4_refined_normalized.pdb",
  "model_index": null,
  "rmsd": 19.25311753007463,
  "inf_all": 0.5455447255899809,
  "inf_wc": 0.45622429850435514,
  "inf_nwc": 0.0,
  "inf_stack": 0.6173154438930176
}
{
  "native_pdb": "/tmp/rna_inf_6g3u9skj/CR1149_TS245_5_solution_normalized.pdb",
  "native_index": null,
  "model_pdb": "/tmp/rna_inf_mm0lmwnt/CR1149_TS245_5_refined_normalized.pdb",
  "model_index": null,
  "rmsd": 25.924693760340222,
  "inf_all": 0.4987413913553295,
  "inf_wc": 0.2636352520041483,
  "inf_nwc": 0.0,
  "inf_stack": 0.6157552427307764
}
{
  "native_pdb": "/tmp/rna_inf_1jkvzy6w/CR1149_TS248_1_solution_normalized.pdb",
  "native_index": null,
  "model_pdb": "/tmp/rna_inf_53fgz236/CR1149_TS248_1_refined_normalized.pdb",
  "model_index": null,
  "rmsd": 14.49372770519085,
  "inf_all": 0.7894080411902848,
  "inf_wc": 0.8297872340425532,
  "inf_nwc": 0.5,
  "inf_stack": 0.776359644496374
}
{
  "native_pdb": "/tmp/rna_inf_0u21o843/CR1149_TS248_2_solution_normalized.pdb",
  "native_index": null,
  "model_pdb": "/tmp/rna_inf_h687t1iz/CR1149_TS248_2_refined_normalized.pdb",
  "model_index": null,
  "rmsd": 25.327699758883753,
  "inf_all": 0.8005207983614899,
  "inf_wc": 0.821098123039856,
  "inf_nwc": 0.5,
  "inf_stack": 0.7970561861437326
}
{
  "native_pdb": "/tmp/rna_inf_gstrl_pp/CR1149_TS248_3_solution_normalized.pdb",
  "native_index": null,
  "model_pdb": "/tmp/rna_inf_a2lyrs_c/CR1149_TS248_3_refined_normalized.pdb",
  "model_index": null,
  "rmsd": 15.664934888918332,
  "inf_all": 0.8390017602409635,
  "inf_wc": 0.8421519210665189,
  "inf_nwc": 0.5,
  "inf_stack": 0.8443170536763502
}
{
  "native_pdb": "/tmp/rna_inf_qzrknj1g/CR1149_TS248_4_solution_normalized.pdb",
  "native_index": null,
  "model_pdb": "/tmp/rna_inf_1il5goxy/CR1149_TS248_4_refined_normalized.pdb",
  "model_index": null,
  "rmsd": 18.393641984491524,
  "inf_all": 0.8162312002918191,
  "inf_wc": 0.8543520930590968,
  "inf_nwc": 0.5,
  "inf_stack": 0.8045404459851786
}
{
  "native_pdb": "/tmp/rna_inf_oq6p8ehd/CR1149_TS248_5_solution_normalized.pdb",
  "native_index": null,
  "model_pdb": "/tmp/rna_inf_i9vy7klb/CR1149_TS248_5_refined_normalized.pdb",
  "model_index": null,
  "rmsd": 20.782680461015776,
  "inf_all": 0.7987296757493973,
  "inf_wc": 0.8297872340425532,
  "inf_nwc": 0.0,
  "inf_stack": 0.8041114796917621
}
{
  "native_pdb": "/tmp/rna_inf_53yb9xxp/CR1149_TS287_1_solution_normalized.pdb",
  "native_index": null,
  "model_pdb": "/tmp/rna_inf_nfvvn6ov/CR1149_TS287_1_refined_normalized.pdb",
  "model_index": null,
  "rmsd": 14.429884569507575,
  "inf_all": 0.6936380805925181,
  "inf_wc": 0.7827936876641306,
  "inf_nwc": 0.0,
  "inf_stack": 0.6871885232484065
}
{
  "native_pdb": "/tmp/rna_inf_thgj4dt7/CR1149_TS287_2_solution_normalized.pdb",
  "native_index": null,
  "model_pdb": "/tmp/rna_inf_qf9es0_d/CR1149_TS287_2_refined_normalized.pdb",
  "model_index": null,
  "rmsd": 19.358375817880976,
  "inf_all": 0.8108293197264036,
  "inf_wc": 0.8421519210665189,
  "inf_nwc": 0.5,
  "inf_stack": 0.8020407900996774
}
{
  "native_pdb": "/tmp/rna_inf_udn4vna6/CR1149_TS287_3_solution_normalized.pdb",
  "native_index": null,
  "model_pdb": "/tmp/rna_inf_1gb0x3dd/CR1149_TS287_3_refined_normalized.pdb",
  "model_index": null,
  "rmsd": 16.375106092191558,
  "inf_all": 0.8040724087286836,
  "inf_wc": 0.8421519210665189,
  "inf_nwc": 0.408248290463863,
  "inf_stack": 0.7959183673469388
}
{
  "native_pdb": "/tmp/rna_inf_2ithwmm5/CR1149_TS287_4_solution_normalized.pdb",
  "native_index": null,
  "model_pdb": "/tmp/rna_inf_lmws4_em/CR1149_TS287_4_refined_normalized.pdb",
  "model_index": null,
  "rmsd": 14.110677838761514,
  "inf_all": 0.8215907362357981,
  "inf_wc": 0.8421519210665189,
  "inf_nwc": 0.5,
  "inf_stack": 0.8182235610872908
}
{
  "native_pdb": "/tmp/rna_inf_jf9c4zl2/CR1149_TS287_5_solution_normalized.pdb",
  "native_index": null,
  "model_pdb": "/tmp/rna_inf_eepzxzv5/CR1149_TS287_5_refined_normalized.pdb",
  "model_index": null,
  "rmsd": 22.345251242599787,
  "inf_all": 0.7734880464154721,
  "inf_wc": 0.8421519210665189,
  "inf_nwc": 0.0,
  "inf_stack": 0.7794974293564014
}
{
  "native_pdb": "/tmp/rna_inf_ieftmxy6/CR1149_TS385_1_solution_normalized.pdb",
  "native_index": null,
  "model_pdb": "/tmp/rna_inf_ce3_vt4n/CR1149_TS385_1_refined_normalized.pdb",
  "model_index": null,
  "rmsd": 22.43354894653251,
  "inf_all": 0.5278631032590864,
  "inf_wc": 0.4772194219376941,
  "inf_nwc": 0.0,
  "inf_stack": 0.588881812963291
}
{
  "native_pdb": "/tmp/rna_inf_bbx7jv89/CR1149_TS385_2_solution_normalized.pdb",
  "native_index": null,
  "model_pdb": "/tmp/rna_inf_5l2a6fgu/CR1149_TS385_2_refined_normalized.pdb",
  "model_index": null,
  "rmsd": 23.462103460560765,
  "inf_all": 0.5688801239885742,
  "inf_wc": 0.5218624584427538,
  "inf_nwc": 0.0,
  "inf_stack": 0.6098678344610445
}
{
  "native_pdb": "/tmp/rna_inf_wikfmcsb/CR1149_TS385_3_solution_normalized.pdb",
  "native_index": null,
  "model_pdb": "/tmp/rna_inf_qcp5g9wo/CR1149_TS385_3_refined_normalized.pdb",
  "model_index": null,
  "rmsd": 17.195676334564034,
  "inf_all": 0.561298621893109,
  "inf_wc": 0.6366070140792303,
  "inf_nwc": 0.0,
  "inf_stack": 0.5669467095138409
}
{
  "native_pdb": "/tmp/rna_inf_npbjo3tr/CR1149_TS385_4_solution_normalized.pdb",
  "native_index": null,
  "model_pdb": "/tmp/rna_inf_uen_y03u/CR1149_TS385_4_refined_normalized.pdb",
  "model_index": null,
  "rmsd": 19.395705989786496,
  "inf_all": 0.6051270897507591,
  "inf_wc": 0.7643261927183838,
  "inf_nwc": 0.0,
  "inf_stack": 0.552344770738994
}
{
  "native_pdb": "/tmp/rna_inf_gyrolc4t/CR1149_TS385_5_solution_normalized.pdb",
  "native_index": null,
  "model_pdb": "/tmp/rna_inf_1kqx3zu0/CR1149_TS385_5_refined_normalized.pdb",
  "model_index": null,
  "rmsd": 25.910192348488888,
  "inf_all": 0.47414124896447035,
  "inf_wc": 0.435379289499786,
  "inf_nwc": 0.0,
  "inf_stack": 0.5218120950240867
}
{
  "native_pdb": "/tmp/rna_inf_gcxhw_oz/CR1149_TS392_1_solution_normalized.pdb",
  "native_index": null,
  "model_pdb": "/tmp/rna_inf_s84rkw9p/CR1149_TS392_1_refined_normalized.pdb",
  "model_index": null,
  "rmsd": 14.978324489534714,
  "inf_all": 0.7509392614826383,
  "inf_wc": 0.8602647872386805,
  "inf_nwc": 0.28867513459481287,
  "inf_stack": 0.7183306983482387
}
{
  "native_pdb": "/tmp/rna_inf_ulg2yqbk/CR1149_TS392_2_solution_normalized.pdb",
  "native_index": null,
  "model_pdb": "/tmp/rna_inf_4w39pd63/CR1149_TS392_2_refined_normalized.pdb",
  "model_index": null,
  "rmsd": 21.65082010085784,
  "inf_all": 0.718276168319593,
  "inf_wc": 0.8297872340425532,
  "inf_nwc": 0.0,
  "inf_stack": 0.6859943405700353
}
{
  "native_pdb": "/tmp/rna_inf_vcaxkbhm/CR1149_TS392_3_solution_normalized.pdb",
  "native_index": null,
  "model_pdb": "/tmp/rna_inf_3fpuqi72/CR1149_TS392_3_refined_normalized.pdb",
  "model_index": null,
  "rmsd": 32.522893871812656,
  "inf_all": 0.46225016352102427,
  "inf_wc": 0.0,
  "inf_nwc": 0.0,
  "inf_stack": 0.6967330142916177
}
{
  "native_pdb": "/tmp/rna_inf_n339d0_s/CR1149_TS392_4_solution_normalized.pdb",
  "native_index": null,
  "model_pdb": "/tmp/rna_inf_lic5apf3/CR1149_TS392_4_refined_normalized.pdb",
  "model_index": null,
  "rmsd": 12.78820983019053,
  "inf_all": 0.794793877066238,
  "inf_wc": 0.9015889691237621,
  "inf_nwc": 0.0,
  "inf_stack": 0.7531708838213975
}
{
  "native_pdb": "/tmp/rna_inf_q8clxjui/CR1149_TS392_5_solution_normalized.pdb",
  "native_index": null,
  "model_pdb": "/tmp/rna_inf_5atijjo3/CR1149_TS392_5_refined_normalized.pdb",
  "model_index": null,
  "rmsd": 24.31199260219834,
  "inf_all": 0.7677159338596802,
  "inf_wc": 0.8421519210665189,
  "inf_nwc": 0.0,
  "inf_stack": 0.7629271414291483
}
{
  "native_pdb": "/tmp/rna_inf_jaomyg4x/CR1149_TS416_1_solution_normalized.pdb",
  "native_index": null,
  "model_pdb": "/tmp/rna_inf_okp7vj7y/CR1149_TS416_1_refined_normalized.pdb",
  "model_index": null,
  "rmsd": 17.517027332721725,
  "inf_all": 0.7793360539615991,
  "inf_wc": 0.8602647872386805,
  "inf_nwc": 0.0,
  "inf_stack": 0.7518385926134026
}
{
  "native_pdb": "/tmp/rna_inf_2n3tsd_6/CR1149_TS416_2_solution_normalized.pdb",
  "native_index": null,
  "model_pdb": "/tmp/rna_inf_n8bctoyi/CR1149_TS416_2_refined_normalized.pdb",
  "model_index": null,
  "rmsd": 15.21246358072339,
  "inf_all": 0.7959668865403366,
  "inf_wc": 0.8897681066002582,
  "inf_nwc": 0.0,
  "inf_stack": 0.7772959822607268
}
{
  "native_pdb": "/tmp/rna_inf_d6x56yqq/CR1149_TS416_3_solution_normalized.pdb",
  "native_index": null,
  "model_pdb": "/tmp/rna_inf_i2uwz8hd/CR1149_TS416_3_refined_normalized.pdb",
  "model_index": null,
  "rmsd": 7.712711912244233,
  "inf_all": 0.8115026712006891,
  "inf_wc": 0.8374325544608086,
  "inf_nwc": 0.7071067811865476,
  "inf_stack": 0.8017837257372731
}
{
  "native_pdb": "/tmp/rna_inf_gmal4wd3/CR1149_TS416_4_solution_normalized.pdb",
  "native_index": null,
  "model_pdb": "/tmp/rna_inf_7satcjll/CR1149_TS416_4_refined_normalized.pdb",
  "model_index": null,
  "rmsd": 14.9775378202666,
  "inf_all": 0.7909115788387002,
  "inf_wc": 0.9015889691237621,
  "inf_nwc": 0.0,
  "inf_stack": 0.7726181304565691
}
{
  "native_pdb": "/tmp/rna_inf_6pulcl3r/CR1149_TS416_5_solution_normalized.pdb",
  "native_index": null,
  "model_pdb": "/tmp/rna_inf_kw0rg08m/CR1149_TS416_5_refined_normalized.pdb",
  "model_index": null,
  "rmsd": 18.998359369526696,
  "inf_all": 0.7811846344537097,
  "inf_wc": 0.7827936876641306,
  "inf_nwc": 0.408248290463863,
  "inf_stack": 0.7901580474158055
}
{
  "native_pdb": "/tmp/rna_inf_q2kc5_ei/CR1149_TS434_1_solution_normalized.pdb",
  "native_index": null,
  "model_pdb": "/tmp/rna_inf_cfrchnl0/CR1149_TS434_1_refined_normalized.pdb",
  "model_index": null,
  "rmsd": 16.659007095976946,
  "inf_all": 0.7924288517503273,
  "inf_wc": 0.8936170212765957,
  "inf_nwc": 0.25,
  "inf_stack": 0.773957299203321
}
{
  "native_pdb": "/tmp/rna_inf_anv9uayd/CR1149_TS434_2_solution_normalized.pdb",
  "native_index": null,
  "model_pdb": "/tmp/rna_inf_seksyo5q/CR1149_TS434_2_refined_normalized.pdb",
  "model_index": null,
  "rmsd": 17.480195760668355,
  "inf_all": 0.8359369757117194,
  "inf_wc": 0.9168656608439086,
  "inf_nwc": 0.31622776601683794,
  "inf_stack": 0.816496580927726
}
{
  "native_pdb": "/tmp/rna_inf_rtgm2e7k/CR1149_TS434_3_solution_normalized.pdb",
  "native_index": null,
  "model_pdb": "/tmp/rna_inf_pjiugjh1/CR1149_TS434_3_refined_normalized.pdb",
  "model_index": null,
  "rmsd": 16.764971573559674,
  "inf_all": 0.8462892535091947,
  "inf_wc": 0.8987081072262336,
  "inf_nwc": 0.3535533905932738,
  "inf_stack": 0.8359369757117194
}
{
  "native_pdb": "/tmp/rna_inf_fk9iqgef/CR1149_TS434_4_solution_normalized.pdb",
  "native_index": null,
  "model_pdb": "/tmp/rna_inf__kt372h5/CR1149_TS434_4_refined_normalized.pdb",
  "model_index": null,
  "rmsd": 18.657517193782905,
  "inf_all": 0.829710238702002,
  "inf_wc": 0.9053133151465079,
  "inf_nwc": 0.28867513459481287,
  "inf_stack": 0.8172335578635083
}
{
  "native_pdb": "/tmp/rna_inf_w2o14xqj/CR1149_TS434_5_solution_normalized.pdb",
  "native_index": null,
  "model_pdb": "/tmp/rna_inf_578jhqo7/CR1149_TS434_5_refined_normalized.pdb",
  "model_index": null,
  "rmsd": 18.42187948609084,
  "inf_all": 0.8503273006347416,
  "inf_wc": 0.9263671131731709,
  "inf_nwc": 0.5,
  "inf_stack": 0.822418060366867
}
{
  "native_pdb": "/tmp/rna_inf_3v84kn5x/CR1149_TS470_1_solution_normalized.pdb",
  "native_index": null,
  "model_pdb": "/tmp/rna_inf_lvo2hc_k/CR1149_TS470_1_refined_normalized.pdb",
  "model_index": null,
  "rmsd": 17.75892610831051,
  "inf_all": 0.7421256355319659,
  "inf_wc": 0.8533413674267187,
  "inf_nwc": 0.28867513459481287,
  "inf_stack": 0.7115124735378854
}
{
  "native_pdb": "/tmp/rna_inf_v3snqszb/CR1149_TS470_2_solution_normalized.pdb",
  "native_index": null,
  "model_pdb": "/tmp/rna_inf_qp1khapn/CR1149_TS470_2_refined_normalized.pdb",
  "model_index": null,
  "rmsd": 16.66013457327373,
  "inf_all": 0.76524286646326,
  "inf_wc": 0.8428705246528021,
  "inf_nwc": 0.28867513459481287,
  "inf_stack": 0.7516000966392659
}
{
  "native_pdb": "/tmp/rna_inf_jl8m4mn7/CR1149_TS470_3_solution_normalized.pdb",
  "native_index": null,
  "model_pdb": "/tmp/rna_inf_stqrnwrl/CR1149_TS470_3_refined_normalized.pdb",
  "model_index": null,
  "rmsd": 18.010534794851008,
  "inf_all": 0.7629001754088129,
  "inf_wc": 0.8533413674267187,
  "inf_nwc": 0.0,
  "inf_stack": 0.7407785326716212
}
{
  "native_pdb": "/tmp/rna_inf_pf02zwej/CR1149_TS470_4_solution_normalized.pdb",
  "native_index": null,
  "model_pdb": "/tmp/rna_inf_md90gcy9/CR1149_TS470_4_refined_normalized.pdb",
  "model_index": null,
  "rmsd": 17.435205610780105,
  "inf_all": 0.7800458407077383,
  "inf_wc": 0.8174982127673406,
  "inf_nwc": 0.5,
  "inf_stack": 0.7689280156300307
}
{
  "native_pdb": "/tmp/rna_inf_5hwbd3pt/CR1149_TS470_5_solution_normalized.pdb",
  "native_index": null,
  "model_pdb": "/tmp/rna_inf_b60bost8/CR1149_TS470_5_refined_normalized.pdb",
  "model_index": null,
  "rmsd": 15.518701895043462,
  "inf_all": 0.7896482337012046,
  "inf_wc": 0.8518473437045417,
  "inf_nwc": 0.0,
  "inf_stack": 0.7777653184818518
}
{
  "native_pdb": "/tmp/rna_inf_dqt5628s/CR1149_TS489_1_solution_normalized.pdb",
  "native_index": null,
  "model_pdb": "/tmp/rna_inf_3xlv1hzu/CR1149_TS489_1_refined_normalized.pdb",
  "model_index": null,
  "rmsd": 17.75892610831051,
  "inf_all": 0.7421256355319659,
  "inf_wc": 0.8533413674267187,
  "inf_nwc": 0.28867513459481287,
  "inf_stack": 0.7115124735378854
}
{
  "native_pdb": "/tmp/rna_inf_kqrm5pje/CR1149_TS489_2_solution_normalized.pdb",
  "native_index": null,
  "model_pdb": "/tmp/rna_inf_x8ueinxd/CR1149_TS489_2_refined_normalized.pdb",
  "model_index": null,
  "rmsd": 16.66013457327373,
  "inf_all": 0.76524286646326,
  "inf_wc": 0.8428705246528021,
  "inf_nwc": 0.28867513459481287,
  "inf_stack": 0.7516000966392659
}
{
  "native_pdb": "/tmp/rna_inf_kfwa8301/CR1149_TS489_3_solution_normalized.pdb",
  "native_index": null,
  "model_pdb": "/tmp/rna_inf_ulyzwwcx/CR1149_TS489_3_refined_normalized.pdb",
  "model_index": null,
  "rmsd": 18.010534794851008,
  "inf_all": 0.7629001754088129,
  "inf_wc": 0.8533413674267187,
  "inf_nwc": 0.0,
  "inf_stack": 0.7407785326716212
}
{
  "native_pdb": "/tmp/rna_inf_3n9pntws/CR1149_TS489_4_solution_normalized.pdb",
  "native_index": null,
  "model_pdb": "/tmp/rna_inf_3x2o2ln1/CR1149_TS489_4_refined_normalized.pdb",
  "model_index": null,
  "rmsd": 17.435205610780105,
  "inf_all": 0.7800458407077383,
  "inf_wc": 0.8174982127673406,
  "inf_nwc": 0.5,
  "inf_stack": 0.7689280156300307
}
{
  "native_pdb": "/tmp/rna_inf_syx6ls8l/CR1149_TS489_5_solution_normalized.pdb",
  "native_index": null,
  "model_pdb": "/tmp/rna_inf_zbbsu8wn/CR1149_TS489_5_refined_normalized.pdb",
  "model_index": null,
  "rmsd": 15.518701895043462,
  "inf_all": 0.7896482337012046,
  "inf_wc": 0.8518473437045417,
  "inf_nwc": 0.0,
  "inf_stack": 0.7777653184818518
}
