{
  "native_pdb": "/tmp/rna_inf_g5a3gaie/CR1189_TS029_1_solution_normalized.pdb",
  "native_index": null,
  "model_pdb": "/tmp/rna_inf_yhbj4zx_/CR1189_TS029_1_refined_normalized.pdb",
  "model_index": null,
  "rmsd": 30.665662197092345,
  "inf_all": 0.3309881018632111,
  "inf_wc": 0.12309149097933272,
  "inf_nwc": 0.0,
  "inf_stack": 0.4426082341930754
}
{
  "native_pdb": "/tmp/rna_inf_hyc67qy1/CR1189_TS029_2_solution_normalized.pdb",
  "native_index": null,
  "model_pdb": "/tmp/rna_inf_qqggfqt2/CR1189_TS029_2_refined_normalized.pdb",
  "model_index": null,
  "rmsd": 22.805994441202394,
  "inf_all": 0.28687712917409436,
  "inf_wc": 0.0,
  "inf_nwc": 0.0,
  "inf_stack": 0.40937294353260784
}
{
  "native_pdb": "/tmp/rna_inf_c4bt39a1/CR1189_TS029_3_solution_normalized.pdb",
  "native_index": null,
  "model_pdb": "/tmp/rna_inf_3vcap4b9/CR1189_TS029_3_refined_normalized.pdb",
  "model_index": null,
  "rmsd": 29.995884633344353,
  "inf_all": 0.30643543749052554,
  "inf_wc": 0.03774256780481986,
  "inf_nwc": 0.0,
  "inf_stack": 0.4199193832168907
}
{
  "native_pdb": "/tmp/rna_inf_k_v8ly8p/CR1189_TS035_1_solution_normalized.pdb",
  "native_index": null,
  "model_pdb": "/tmp/rna_inf_z_36cmhw/CR1189_TS035_1_refined_normalized.pdb",
  "model_index": null,
  "rmsd": 28.000589563552104,
  "inf_all": 0.5782981202412998,
  "inf_wc": 0.5773502691896257,
  "inf_nwc": 0.0,
  "inf_stack": 0.5999466737767245
}
{
  "native_pdb": "/tmp/rna_inf_jd3bz7ot/CR1189_TS035_2_solution_normalized.pdb",
  "native_index": null,
  "model_pdb": "/tmp/rna_inf_f1vt6cvy/CR1189_TS035_2_refined_normalized.pdb",
  "model_index": null,
  "rmsd": 28.000608934190673,
  "inf_all": 0.5782981202412998,
  "inf_wc": 0.5773502691896257,
  "inf_nwc": 0.0,
  "inf_stack": 0.5999466737767245
}
{
  "native_pdb": "/tmp/rna_inf_88q7qtte/CR1189_TS035_3_solution_normalized.pdb",
  "native_index": null,
  "model_pdb": "/tmp/rna_inf_16ery7mf/CR1189_TS035_3_refined_normalized.pdb",
  "model_index": null,
  "rmsd": 24.87186909439344,
  "inf_all": 0.6197202240900158,
  "inf_wc": 0.6912800532450314,
  "inf_nwc": 0.0,
  "inf_stack": 0.5968778727119525
}
{
  "native_pdb": "/tmp/rna_inf_y27wljgc/CR1189_TS035_4_solution_normalized.pdb",
  "native_index": null,
  "model_pdb": "/tmp/rna_inf_trm82ok3/CR1189_TS035_4_refined_normalized.pdb",
  "model_index": null,
  "rmsd": 22.170517104466306,
  "inf_all": 0.5390809113484932,
  "inf_wc": 0.5280786895875597,
  "inf_nwc": 0.0,
  "inf_stack": 0.5612753201482283
}
{
  "native_pdb": "/tmp/rna_inf_4xtkwlu_/CR1189_TS035_5_solution_normalized.pdb",
  "native_index": null,
  "model_pdb": "/tmp/rna_inf_3gjuu5c4/CR1189_TS035_5_refined_normalized.pdb",
  "model_index": null,
  "rmsd": 22.17049502527527,
  "inf_all": 0.5390809113484932,
  "inf_wc": 0.5280786895875597,
  "inf_nwc": 0.0,
  "inf_stack": 0.5612753201482283
}
{
  "native_pdb": "/tmp/rna_inf_rst5q_b1/CR1189_TS054_1_solution_normalized.pdb",
  "native_index": null,
  "model_pdb": "/tmp/rna_inf_kfqgsvfg/CR1189_TS054_1_refined_normalized.pdb",
  "model_index": null,
  "rmsd": 29.18191993621798,
  "inf_all": 0.6127991820685781,
  "inf_wc": 0.6779669064975022,
  "inf_nwc": 0.0,
  "inf_stack": 0.5938556868486718
}
{
  "native_pdb": "/tmp/rna_inf_0d1l5wsr/CR1189_TS054_2_solution_normalized.pdb",
  "native_index": null,
  "model_pdb": "/tmp/rna_inf_pgh7bgxp/CR1189_TS054_2_refined_normalized.pdb",
  "model_index": null,
  "rmsd": 29.18191993621798,
  "inf_all": 0.6127991820685781,
  "inf_wc": 0.6779669064975022,
  "inf_nwc": 0.0,
  "inf_stack": 0.5938556868486718
}
{
  "native_pdb": "/tmp/rna_inf_8hsm7_jl/CR1189_TS054_3_solution_normalized.pdb",
  "native_index": null,
  "model_pdb": "/tmp/rna_inf_p1vrb4a7/CR1189_TS054_3_refined_normalized.pdb",
  "model_index": null,
  "rmsd": 29.18191993621798,
  "inf_all": 0.6127991820685781,
  "inf_wc": 0.6779669064975022,
  "inf_nwc": 0.0,
  "inf_stack": 0.5938556868486718
}
{
  "native_pdb": "/tmp/rna_inf_7nxz9no5/CR1189_TS054_4_solution_normalized.pdb",
  "native_index": null,
  "model_pdb": "/tmp/rna_inf_10lwh7eh/CR1189_TS054_4_refined_normalized.pdb",
  "model_index": null,
  "rmsd": 29.18191993621798,
  "inf_all": 0.6127991820685781,
  "inf_wc": 0.6779669064975022,
  "inf_nwc": 0.0,
  "inf_stack": 0.5938556868486718
}
{
  "native_pdb": "/tmp/rna_inf_4xx3wedo/CR1189_TS054_5_solution_normalized.pdb",
  "native_index": null,
  "model_pdb": "/tmp/rna_inf_11rsn5ub/CR1189_TS054_5_refined_normalized.pdb",
  "model_index": null,
  "rmsd": 28.909180991946155,
  "inf_all": 0.6172559621125888,
  "inf_wc": 0.7377253439645217,
  "inf_nwc": 0.0,
  "inf_stack": 0.5806588938075903
}
{
  "native_pdb": "/tmp/rna_inf_7kpi78uo/CR1189_TS076_1_solution_normalized.pdb",
  "native_index": null,
  "model_pdb": "/tmp/rna_inf_tyiia79i/CR1189_TS076_1_refined_normalized.pdb",
  "model_index": null,
  "rmsd": 27.156626845286862,
  "inf_all": 0.5626453300631407,
  "inf_wc": 0.5052911526399113,
  "inf_nwc": 0.0,
  "inf_stack": 0.6009397030033612
}
{
  "native_pdb": "/tmp/rna_inf_mwdetxah/CR1189_TS076_2_solution_normalized.pdb",
  "native_index": null,
  "model_pdb": "/tmp/rna_inf_33d1mcsu/CR1189_TS076_2_refined_normalized.pdb",
  "model_index": null,
  "rmsd": 27.473469834483492,
  "inf_all": 0.5456600505517575,
  "inf_wc": 0.5052911526399113,
  "inf_nwc": 0.0,
  "inf_stack": 0.5831427087079215
}
{
  "native_pdb": "/tmp/rna_inf_hn37vlvn/CR1189_TS076_3_solution_normalized.pdb",
  "native_index": null,
  "model_pdb": "/tmp/rna_inf_bglhzf46/CR1189_TS076_3_refined_normalized.pdb",
  "model_index": null,
  "rmsd": 29.675164880212925,
  "inf_all": 0.519680206356967,
  "inf_wc": 0.4948716593053935,
  "inf_nwc": 0.0,
  "inf_stack": 0.5381962211069427
}
{
  "native_pdb": "/tmp/rna_inf_3qa5977u/CR1189_TS076_4_solution_normalized.pdb",
  "native_index": null,
  "model_pdb": "/tmp/rna_inf_ah491wmo/CR1189_TS076_4_refined_normalized.pdb",
  "model_index": null,
  "rmsd": 27.215374092792423,
  "inf_all": 0.5597691428330557,
  "inf_wc": 0.5163977794943222,
  "inf_nwc": 0.0,
  "inf_stack": 0.5922801330182954
}
{
  "native_pdb": "/tmp/rna_inf_fyf2vely/CR1189_TS076_5_solution_normalized.pdb",
  "native_index": null,
  "model_pdb": "/tmp/rna_inf_o0embwpt/CR1189_TS076_5_refined_normalized.pdb",
  "model_index": null,
  "rmsd": 26.483676996043414,
  "inf_all": 0.6082588744530995,
  "inf_wc": 0.6912800532450314,
  "inf_nwc": 0.0,
  "inf_stack": 0.5884201258574578
}
{
  "native_pdb": "/tmp/rna_inf_0yyescmg/CR1189_TS081_1_solution_normalized.pdb",
  "native_index": null,
  "model_pdb": "/tmp/rna_inf_uhy531tm/CR1189_TS081_1_refined_normalized.pdb",
  "model_index": null,
  "rmsd": 20.31721954067294,
  "inf_all": 0.6261773107564076,
  "inf_wc": 0.8040302522073697,
  "inf_nwc": 0.0,
  "inf_stack": 0.5614899250748772
}
{
  "native_pdb": "/tmp/rna_inf_6xb702wz/CR1189_TS081_2_solution_normalized.pdb",
  "native_index": null,
  "model_pdb": "/tmp/rna_inf_wousru88/CR1189_TS081_2_refined_normalized.pdb",
  "model_index": null,
  "rmsd": 18.704314460570806,
  "inf_all": 0.6240792786626566,
  "inf_wc": 0.8040302522073697,
  "inf_nwc": 0.0,
  "inf_stack": 0.5547981772897465
}
{
  "native_pdb": "/tmp/rna_inf_7492v5x6/CR1189_TS081_3_solution_normalized.pdb",
  "native_index": null,
  "model_pdb": "/tmp/rna_inf_vh073l6s/CR1189_TS081_3_refined_normalized.pdb",
  "model_index": null,
  "rmsd": 20.39386429192815,
  "inf_all": 0.6394184872829825,
  "inf_wc": 0.8040302522073697,
  "inf_nwc": 0.0,
  "inf_stack": 0.5790069448163759
}
{
  "native_pdb": "/tmp/rna_inf_m7ik5rxf/CR1189_TS081_4_solution_normalized.pdb",
  "native_index": null,
  "model_pdb": "/tmp/rna_inf_xfof52uf/CR1189_TS081_4_refined_normalized.pdb",
  "model_index": null,
  "rmsd": 20.855804281102845,
  "inf_all": 0.6228376746201808,
  "inf_wc": 0.8040302522073697,
  "inf_nwc": 0.0,
  "inf_stack": 0.5517241379310345
}
{
  "native_pdb": "/tmp/rna_inf_n5pv_j9o/CR1189_TS081_5_solution_normalized.pdb",
  "native_index": null,
  "model_pdb": "/tmp/rna_inf_in5stx2r/CR1189_TS081_5_refined_normalized.pdb",
  "model_index": null,
  "rmsd": 23.44348878821327,
  "inf_all": 0.6362133619002867,
  "inf_wc": 0.8040302522073697,
  "inf_nwc": 0.0,
  "inf_stack": 0.5744656437612862
}
{
  "native_pdb": "/tmp/rna_inf_8u2u6_nt/CR1189_TS097_1_solution_normalized.pdb",
  "native_index": null,
  "model_pdb": "/tmp/rna_inf_uij_dzff/CR1189_TS097_1_refined_normalized.pdb",
  "model_index": null,
  "rmsd": 32.53039066439522,
  "inf_all": 0.5227387626276516,
  "inf_wc": 0.7261081981828945,
  "inf_nwc": 0.0,
  "inf_stack": 0.44671355618241454
}
{
  "native_pdb": "/tmp/rna_inf_tw9y1rsb/CR1189_TS097_2_solution_normalized.pdb",
  "native_index": null,
  "model_pdb": "/tmp/rna_inf_5sqy3d8_/CR1189_TS097_2_refined_normalized.pdb",
  "model_index": null,
  "rmsd": 27.28943321325251,
  "inf_all": 0.3407635299889062,
  "inf_wc": 0.502518907629606,
  "inf_nwc": 0.0,
  "inf_stack": 0.27429019252949666
}
{
  "native_pdb": "/tmp/rna_inf_wdpbddio/CR1189_TS119_1_solution_normalized.pdb",
  "native_index": null,
  "model_pdb": "/tmp/rna_inf_3iu3n6bh/CR1189_TS119_1_refined_normalized.pdb",
  "model_index": null,
  "rmsd": 22.409540056669854,
  "inf_all": 0.7019770947894604,
  "inf_wc": 0.8249579113843054,
  "inf_nwc": 0.0,
  "inf_stack": 0.6565321642986127
}
{
  "native_pdb": "/tmp/rna_inf_p_6tmj10/CR1189_TS119_2_solution_normalized.pdb",
  "native_index": null,
  "model_pdb": "/tmp/rna_inf_d7mzky8u/CR1189_TS119_2_refined_normalized.pdb",
  "model_index": null,
  "rmsd": 19.35996086293958,
  "inf_all": 0.6746625195387571,
  "inf_wc": 0.792593923901217,
  "inf_nwc": 0.0,
  "inf_stack": 0.6316761657092368
}
{
  "native_pdb": "/tmp/rna_inf_z_mzs4kb/CR1189_TS119_3_solution_normalized.pdb",
  "native_index": null,
  "model_pdb": "/tmp/rna_inf_odf6hpht/CR1189_TS119_3_refined_normalized.pdb",
  "model_index": null,
  "rmsd": 19.702959134718665,
  "inf_all": 0.6746625195387571,
  "inf_wc": 0.7777777777777778,
  "inf_nwc": -1.0,
  "inf_stack": 0.6316761657092368
}
{
  "native_pdb": "/tmp/rna_inf_bubqr2c2/CR1189_TS119_4_solution_normalized.pdb",
  "native_index": null,
  "model_pdb": "/tmp/rna_inf_mhfo_bpd/CR1189_TS119_4_refined_normalized.pdb",
  "model_index": null,
  "rmsd": 21.066548372540062,
  "inf_all": 0.7069037354447629,
  "inf_wc": 0.8680790595108567,
  "inf_nwc": 0.0,
  "inf_stack": 0.6493077240372778
}
{
  "native_pdb": "/tmp/rna_inf_mypbn635/CR1189_TS119_5_solution_normalized.pdb",
  "native_index": null,
  "model_pdb": "/tmp/rna_inf_nnezp0sy/CR1189_TS119_5_refined_normalized.pdb",
  "model_index": null,
  "rmsd": 21.30596748970735,
  "inf_all": 0.6471118349197933,
  "inf_wc": 0.7745966692414834,
  "inf_nwc": 0.0,
  "inf_stack": 0.6141296055506469
}
{
  "native_pdb": "/tmp/rna_inf_vvm0r7y7/CR1189_TS125_1_solution_normalized.pdb",
  "native_index": null,
  "model_pdb": "/tmp/rna_inf_h7eh5sz6/CR1189_TS125_1_refined_normalized.pdb",
  "model_index": null,
  "rmsd": 29.18191993621798,
  "inf_all": 0.6127991820685781,
  "inf_wc": 0.6779669064975022,
  "inf_nwc": 0.0,
  "inf_stack": 0.5938556868486718
}
{
  "native_pdb": "/tmp/rna_inf_wpvmfabq/CR1189_TS125_2_solution_normalized.pdb",
  "native_index": null,
  "model_pdb": "/tmp/rna_inf_uplnlgj0/CR1189_TS125_2_refined_normalized.pdb",
  "model_index": null,
  "rmsd": 29.18191993621798,
  "inf_all": 0.6127991820685781,
  "inf_wc": 0.6779669064975022,
  "inf_nwc": 0.0,
  "inf_stack": 0.5938556868486718
}
{
  "native_pdb": "/tmp/rna_inf_smsklvr1/CR1189_TS125_3_solution_normalized.pdb",
  "native_index": null,
  "model_pdb": "/tmp/rna_inf_a_qzk00p/CR1189_TS125_3_refined_normalized.pdb",
  "model_index": null,
  "rmsd": 29.18191993621798,
  "inf_all": 0.6127991820685781,
  "inf_wc": 0.6779669064975022,
  "inf_nwc": 0.0,
  "inf_stack": 0.5938556868486718
}
{
  "native_pdb": "/tmp/rna_inf_fye3_6ac/CR1189_TS125_4_solution_normalized.pdb",
  "native_index": null,
  "model_pdb": "/tmp/rna_inf_totaul7t/CR1189_TS125_4_refined_normalized.pdb",
  "model_index": null,
  "rmsd": 29.18191993621798,
  "inf_all": 0.6127991820685781,
  "inf_wc": 0.6779669064975022,
  "inf_nwc": 0.0,
  "inf_stack": 0.5938556868486718
}
{
  "native_pdb": "/tmp/rna_inf_49j1lyl1/CR1189_TS125_5_solution_normalized.pdb",
  "native_index": null,
  "model_pdb": "/tmp/rna_inf_d9qvx1rf/CR1189_TS125_5_refined_normalized.pdb",
  "model_index": null,
  "rmsd": 29.18191993621798,
  "inf_all": 0.6127991820685781,
  "inf_wc": 0.6779669064975022,
  "inf_nwc": 0.0,
  "inf_stack": 0.5938556868486718
}
{
  "native_pdb": "/tmp/rna_inf_l0kgq7et/CR1189_TS131_1_solution_normalized.pdb",
  "native_index": null,
  "model_pdb": "/tmp/rna_inf_hhj9ajo0/CR1189_TS131_1_refined_normalized.pdb",
  "model_index": null,
  "rmsd": 24.90501674769314,
  "inf_all": 0.6864987040920687,
  "inf_wc": 0.802572353905128,
  "inf_nwc": 0.0,
  "inf_stack": 0.6495963769537899
}
{
  "native_pdb": "/tmp/rna_inf_08n2tk5n/CR1189_TS131_2_solution_normalized.pdb",
  "native_index": null,
  "model_pdb": "/tmp/rna_inf_15fk67eb/CR1189_TS131_2_refined_normalized.pdb",
  "model_index": null,
  "rmsd": 26.43998975336788,
  "inf_all": 0.6471036073356411,
  "inf_wc": 0.7223151185146152,
  "inf_nwc": -1.0,
  "inf_stack": 0.622046441203655
}
{
  "native_pdb": "/tmp/rna_inf_91j6jnah/CR1189_TS131_3_solution_normalized.pdb",
  "native_index": null,
  "model_pdb": "/tmp/rna_inf_j0lw1u4t/CR1189_TS131_3_refined_normalized.pdb",
  "model_index": null,
  "rmsd": 25.931456588672194,
  "inf_all": 0.6471036073356411,
  "inf_wc": 0.6454972243679028,
  "inf_nwc": 0.0,
  "inf_stack": 0.6617222226472869
}
{
  "native_pdb": "/tmp/rna_inf_dgxf0m2a/CR1189_TS131_4_solution_normalized.pdb",
  "native_index": null,
  "model_pdb": "/tmp/rna_inf_67t5oda8/CR1189_TS131_4_refined_normalized.pdb",
  "model_index": null,
  "rmsd": 27.496570821241107,
  "inf_all": 0.6353380872022658,
  "inf_wc": 0.6622661785325219,
  "inf_nwc": 0.0,
  "inf_stack": 0.6401188601911475
}
{
  "native_pdb": "/tmp/rna_inf_fmxroc1g/CR1189_TS131_5_solution_normalized.pdb",
  "native_index": null,
  "model_pdb": "/tmp/rna_inf_l0ko29lm/CR1189_TS131_5_refined_normalized.pdb",
  "model_index": null,
  "rmsd": 22.414131299687817,
  "inf_all": 0.6666780664780005,
  "inf_wc": 0.7559289460184544,
  "inf_nwc": -1.0,
  "inf_stack": 0.6401188601911475
}
{
  "native_pdb": "/tmp/rna_inf_b3pxhtgd/CR1189_TS147_1_solution_normalized.pdb",
  "native_index": null,
  "model_pdb": "/tmp/rna_inf_ykx_9jkn/CR1189_TS147_1_refined_normalized.pdb",
  "model_index": null,
  "rmsd": 30.42655534395941,
  "inf_all": 0.3709973440909625,
  "inf_wc": 0.47336463120312877,
  "inf_nwc": 0.0,
  "inf_stack": 0.3698654515264976
}
{
  "native_pdb": "/tmp/rna_inf_adpw74w4/CR1189_TS147_2_solution_normalized.pdb",
  "native_index": null,
  "model_pdb": "/tmp/rna_inf_vy7_m91j/CR1189_TS147_2_refined_normalized.pdb",
  "model_index": null,
  "rmsd": 23.75338253005959,
  "inf_all": 0.5757550611342969,
  "inf_wc": 0.6506000486323554,
  "inf_nwc": 0.0,
  "inf_stack": 0.5921618512589694
}
{
  "native_pdb": "/tmp/rna_inf_jg9kii9s/CR1189_TS147_3_solution_normalized.pdb",
  "native_index": null,
  "model_pdb": "/tmp/rna_inf_b0b3n5pi/CR1189_TS147_3_refined_normalized.pdb",
  "model_index": null,
  "rmsd": 19.319098154710275,
  "inf_all": 0.5322217622290888,
  "inf_wc": 0.6463931265677831,
  "inf_nwc": 0.0,
  "inf_stack": 0.5071524326924095
}
{
  "native_pdb": "/tmp/rna_inf_0rrakrjz/CR1189_TS147_4_solution_normalized.pdb",
  "native_index": null,
  "model_pdb": "/tmp/rna_inf_yd5e8p2a/CR1189_TS147_4_refined_normalized.pdb",
  "model_index": null,
  "rmsd": 18.925162365930916,
  "inf_all": 0.4735530505596518,
  "inf_wc": 0.5530409038562268,
  "inf_nwc": 0.0,
  "inf_stack": 0.46520738434354325
}
{
  "native_pdb": "/tmp/rna_inf_thldxcla/CR1189_TS147_5_solution_normalized.pdb",
  "native_index": null,
  "model_pdb": "/tmp/rna_inf_oypeezqo/CR1189_TS147_5_refined_normalized.pdb",
  "model_index": null,
  "rmsd": 26.12825242509406,
  "inf_all": 0.5502189235089752,
  "inf_wc": 0.7035264706814485,
  "inf_nwc": 0.0,
  "inf_stack": 0.5333692516640697
}
{
  "native_pdb": "/tmp/rna_inf_r1oy3w7z/CR1189_TS177_1_solution_normalized.pdb",
  "native_index": null,
  "model_pdb": "/tmp/rna_inf_tuy5bjng/CR1189_TS177_1_refined_normalized.pdb",
  "model_index": null,
  "rmsd": 24.94423827248684,
  "inf_all": 0.4881360284903499,
  "inf_wc": 0.4995124328435701,
  "inf_nwc": 0.0,
  "inf_stack": 0.5155066696336542
}
{
  "native_pdb": "/tmp/rna_inf_aa2s05r3/CR1189_TS177_2_solution_normalized.pdb",
  "native_index": null,
  "model_pdb": "/tmp/rna_inf_y5e3kaw8/CR1189_TS177_2_refined_normalized.pdb",
  "model_index": null,
  "rmsd": 28.460343806442133,
  "inf_all": 0.36329797925197227,
  "inf_wc": 0.2680100840691232,
  "inf_nwc": 0.0,
  "inf_stack": 0.4495114626884497
}
{
  "native_pdb": "/tmp/rna_inf_4vvb0a9o/CR1189_TS177_3_solution_normalized.pdb",
  "native_index": null,
  "model_pdb": "/tmp/rna_inf_f70t5d0a/CR1189_TS177_3_refined_normalized.pdb",
  "model_index": null,
  "rmsd": 24.818572386713942,
  "inf_all": 0.46459566329208707,
  "inf_wc": 0.5062175977346661,
  "inf_nwc": 0.0,
  "inf_stack": 0.47318594592631424
}
{
  "native_pdb": "/tmp/rna_inf_c0s35v_h/CR1189_TS185_1_solution_normalized.pdb",
  "native_index": null,
  "model_pdb": "/tmp/rna_inf_mmvlxmxd/CR1189_TS185_1_refined_normalized.pdb",
  "model_index": null,
  "rmsd": 30.342880473119514,
  "inf_all": 0.5747506123396287,
  "inf_wc": 0.6885303726590963,
  "inf_nwc": 0.0,
  "inf_stack": 0.5454155540579473
}
{
  "native_pdb": "/tmp/rna_inf_pcmi_1er/CR1189_TS185_2_solution_normalized.pdb",
  "native_index": null,
  "model_pdb": "/tmp/rna_inf_jyw3kx71/CR1189_TS185_2_refined_normalized.pdb",
  "model_index": null,
  "rmsd": 29.30212053917115,
  "inf_all": 0.5271824467723656,
  "inf_wc": 0.6719368409052928,
  "inf_nwc": 0.0,
  "inf_stack": 0.48697493323777546
}
{
  "native_pdb": "/tmp/rna_inf_eii5xmch/CR1189_TS185_3_solution_normalized.pdb",
  "native_index": null,
  "model_pdb": "/tmp/rna_inf_p12s76et/CR1189_TS185_3_refined_normalized.pdb",
  "model_index": null,
  "rmsd": 29.596639701333167,
  "inf_all": 0.5799730431122649,
  "inf_wc": 0.7559289460184544,
  "inf_nwc": -1.0,
  "inf_stack": 0.5169539431229293
}
{
  "native_pdb": "/tmp/rna_inf_lcb9nw7y/CR1189_TS185_4_solution_normalized.pdb",
  "native_index": null,
  "model_pdb": "/tmp/rna_inf_muiw84uv/CR1189_TS185_4_refined_normalized.pdb",
  "model_index": null,
  "rmsd": 29.229894118954437,
  "inf_all": 0.5799730431122649,
  "inf_wc": 0.7315635209502899,
  "inf_nwc": 0.0,
  "inf_stack": 0.5336298767720561
}
{
  "native_pdb": "/tmp/rna_inf_80k2leqi/CR1189_TS185_5_solution_normalized.pdb",
  "native_index": null,
  "model_pdb": "/tmp/rna_inf_7rvgbei0/CR1189_TS185_5_refined_normalized.pdb",
  "model_index": null,
  "rmsd": 26.232873061639577,
  "inf_all": 0.5846018755372742,
  "inf_wc": 0.7071067811865476,
  "inf_nwc": 0.0,
  "inf_stack": 0.5454155540579473
}
{
  "native_pdb": "/tmp/rna_inf_pou25cxr/CR1189_TS227_1_solution_normalized.pdb",
  "native_index": null,
  "model_pdb": "/tmp/rna_inf__hbopeye/CR1189_TS227_1_refined_normalized.pdb",
  "model_index": null,
  "rmsd": 26.11436446893798,
  "inf_all": 0.5733308185306606,
  "inf_wc": 0.6123724356957945,
  "inf_nwc": 0.0,
  "inf_stack": 0.5909251156969166
}
{
  "native_pdb": "/tmp/rna_inf_woc26cb_/CR1189_TS227_2_solution_normalized.pdb",
  "native_index": null,
  "model_pdb": "/tmp/rna_inf_j_yqq70f/CR1189_TS227_2_refined_normalized.pdb",
  "model_index": null,
  "rmsd": 23.292511486664864,
  "inf_all": 0.5212293828537469,
  "inf_wc": 0.5695214286468868,
  "inf_nwc": 0.0,
  "inf_stack": 0.5293739201150665
}
{
  "native_pdb": "/tmp/rna_inf_zr3bjmiw/CR1189_TS227_3_solution_normalized.pdb",
  "native_index": null,
  "model_pdb": "/tmp/rna_inf_xekkgx1p/CR1189_TS227_3_refined_normalized.pdb",
  "model_index": null,
  "rmsd": 27.273383341479104,
  "inf_all": 0.5217182405097796,
  "inf_wc": 0.627093443885227,
  "inf_nwc": 0.0,
  "inf_stack": 0.49913718658749795
}
{
  "native_pdb": "/tmp/rna_inf_1lh92t9r/CR1189_TS227_4_solution_normalized.pdb",
  "native_index": null,
  "model_pdb": "/tmp/rna_inf_23pqk6o_/CR1189_TS227_4_refined_normalized.pdb",
  "model_index": null,
  "rmsd": 26.936427936624547,
  "inf_all": 0.5807806828316414,
  "inf_wc": 0.6868295951599089,
  "inf_nwc": 0.0,
  "inf_stack": 0.5609925522483885
}
{
  "native_pdb": "/tmp/rna_inf_7nx5af6v/CR1189_TS227_5_solution_normalized.pdb",
  "native_index": null,
  "model_pdb": "/tmp/rna_inf_kuqw9bt5/CR1189_TS227_5_refined_normalized.pdb",
  "model_index": null,
  "rmsd": 28.337467927900338,
  "inf_all": 0.43145944606546055,
  "inf_wc": 0.5443310539518174,
  "inf_nwc": 0.0,
  "inf_stack": 0.41689834122816877
}
{
  "native_pdb": "/tmp/rna_inf_946a03st/CR1189_TS229_1_solution_normalized.pdb",
  "native_index": null,
  "model_pdb": "/tmp/rna_inf_3e79f0sk/CR1189_TS229_1_refined_normalized.pdb",
  "model_index": null,
  "rmsd": 22.39389234156098,
  "inf_all": 0.5763904177042349,
  "inf_wc": 0.727392967453308,
  "inf_nwc": 0.0,
  "inf_stack": 0.5475856781933935
}
{
  "native_pdb": "/tmp/rna_inf__de_b79j/CR1189_TS229_2_solution_normalized.pdb",
  "native_index": null,
  "model_pdb": "/tmp/rna_inf_aoddprmb/CR1189_TS229_2_refined_normalized.pdb",
  "model_index": null,
  "rmsd": 16.604043483111628,
  "inf_all": 0.6244229525129212,
  "inf_wc": 0.7027283689263065,
  "inf_nwc": 0.0,
  "inf_stack": 0.6127129263730325
}
{
  "native_pdb": "/tmp/rna_inf_l_3z_usu/CR1189_TS229_3_solution_normalized.pdb",
  "native_index": null,
  "model_pdb": "/tmp/rna_inf_rwh39fbi/CR1189_TS229_3_refined_normalized.pdb",
  "model_index": null,
  "rmsd": 16.294946530843507,
  "inf_all": 0.6287677132370127,
  "inf_wc": 0.759113116282117,
  "inf_nwc": 0.0,
  "inf_stack": 0.5908789478687515
}
{
  "native_pdb": "/tmp/rna_inf_tndouhq_/CR1189_TS229_4_solution_normalized.pdb",
  "native_index": null,
  "model_pdb": "/tmp/rna_inf_9jdo9x9f/CR1189_TS229_4_refined_normalized.pdb",
  "model_index": null,
  "rmsd": 26.53483592166964,
  "inf_all": 0.6172708123781275,
  "inf_wc": 0.8219529433756427,
  "inf_nwc": 0.0,
  "inf_stack": 0.5612753201482283
}
{
  "native_pdb": "/tmp/rna_inf_cjeav6qi/CR1189_TS229_5_solution_normalized.pdb",
  "native_index": null,
  "model_pdb": "/tmp/rna_inf_oc3w43cb/CR1189_TS229_5_refined_normalized.pdb",
  "model_index": null,
  "rmsd": 28.416047793497004,
  "inf_all": 0.6029691608886644,
  "inf_wc": 0.6416236526819376,
  "inf_nwc": 0.0,
  "inf_stack": 0.6080863417275937
}
{
  "native_pdb": "/tmp/rna_inf_fdf1gf4c/CR1189_TS232_1_solution_normalized.pdb",
  "native_index": null,
  "model_pdb": "/tmp/rna_inf_cj6mtvl_/CR1189_TS232_1_refined_normalized.pdb",
  "model_index": null,
  "rmsd": 21.998265449441373,
  "inf_all": 0.6027107815738844,
  "inf_wc": 0.5717933519134906,
  "inf_nwc": 0.0,
  "inf_stack": 0.643458941088703
}
{
  "native_pdb": "/tmp/rna_inf_jziymxw4/CR1189_TS232_2_solution_normalized.pdb",
  "native_index": null,
  "model_pdb": "/tmp/rna_inf_rk581rnk/CR1189_TS232_2_refined_normalized.pdb",
  "model_index": null,
  "rmsd": 21.983234894790144,
  "inf_all": 0.6162545737813878,
  "inf_wc": 0.5717933519134906,
  "inf_nwc": 0.0,
  "inf_stack": 0.663912351289613
}
{
  "native_pdb": "/tmp/rna_inf_51duscal/CR1189_TS232_3_solution_normalized.pdb",
  "native_index": null,
  "model_pdb": "/tmp/rna_inf_vqy97cxn/CR1189_TS232_3_refined_normalized.pdb",
  "model_index": null,
  "rmsd": 22.2630550346058,
  "inf_all": 0.5583867230139559,
  "inf_wc": 0.5819143739626463,
  "inf_nwc": 0.0,
  "inf_stack": 0.5744656437612862
}
{
  "native_pdb": "/tmp/rna_inf_svafsmy2/CR1189_TS232_4_solution_normalized.pdb",
  "native_index": null,
  "model_pdb": "/tmp/rna_inf_9dbuv2tg/CR1189_TS232_4_refined_normalized.pdb",
  "model_index": null,
  "rmsd": 25.781262431742935,
  "inf_all": 0.5963241878356821,
  "inf_wc": 0.5621826951410452,
  "inf_nwc": 0.0,
  "inf_stack": 0.6410906364162967
}
{
  "native_pdb": "/tmp/rna_inf_yi8wtc46/CR1189_TS232_5_solution_normalized.pdb",
  "native_index": null,
  "model_pdb": "/tmp/rna_inf_hblur_t8/CR1189_TS232_5_refined_normalized.pdb",
  "model_index": null,
  "rmsd": 22.99213399782508,
  "inf_all": 0.5914441660464558,
  "inf_wc": 0.5717933519134906,
  "inf_nwc": 0.0,
  "inf_stack": 0.6258265736444801
}
{
  "native_pdb": "/tmp/rna_inf_kwmphbyw/CR1189_TS235_1_solution_normalized.pdb",
  "native_index": null,
  "model_pdb": "/tmp/rna_inf_9m5vu6x2/CR1189_TS235_1_refined_normalized.pdb",
  "model_index": null,
  "rmsd": 26.872811726697147,
  "inf_all": 0.5429475185145616,
  "inf_wc": 0.49322002520781055,
  "inf_nwc": 0.0,
  "inf_stack": 0.588654604057898
}
{
  "native_pdb": "/tmp/rna_inf_52q07pv0/CR1189_TS235_2_solution_normalized.pdb",
  "native_index": null,
  "model_pdb": "/tmp/rna_inf_7_1b4mhp/CR1189_TS235_2_refined_normalized.pdb",
  "model_index": null,
  "rmsd": 22.841746546747956,
  "inf_all": 0.47960364135452943,
  "inf_wc": 0.4123930494211613,
  "inf_nwc": 0.0,
  "inf_stack": 0.5230568616173887
}
{
  "native_pdb": "/tmp/rna_inf_x6hsedya/CR1189_TS235_3_solution_normalized.pdb",
  "native_index": null,
  "model_pdb": "/tmp/rna_inf_e3rvqhzv/CR1189_TS235_3_refined_normalized.pdb",
  "model_index": null,
  "rmsd": 23.995321632714838,
  "inf_all": 0.6032498835888466,
  "inf_wc": 0.7607257743127307,
  "inf_nwc": 0.0,
  "inf_stack": 0.5567381618500135
}
{
  "native_pdb": "/tmp/rna_inf_pm9knd7u/CR1189_TS235_4_solution_normalized.pdb",
  "native_index": null,
  "model_pdb": "/tmp/rna_inf_4yjy2yy6/CR1189_TS235_4_refined_normalized.pdb",
  "model_index": null,
  "rmsd": 26.03353858188764,
  "inf_all": 0.5283464392837043,
  "inf_wc": 0.5222329678670935,
  "inf_nwc": 0.0,
  "inf_stack": 0.5410685146843455
}
{
  "native_pdb": "/tmp/rna_inf_6abp3smk/CR1189_TS235_5_solution_normalized.pdb",
  "native_index": null,
  "model_pdb": "/tmp/rna_inf_bfrhnbc4/CR1189_TS235_5_refined_normalized.pdb",
  "model_index": null,
  "rmsd": 25.849937819439454,
  "inf_all": 0.5448694626432354,
  "inf_wc": 0.661224398756117,
  "inf_nwc": 0.0,
  "inf_stack": 0.5259547057403531
}
{
  "native_pdb": "/tmp/rna_inf_oq2n3e39/CR1189_TS238_1_solution_normalized.pdb",
  "native_index": null,
  "model_pdb": "/tmp/rna_inf_5ppcjqyh/CR1189_TS238_1_refined_normalized.pdb",
  "model_index": null,
  "rmsd": 23.024037166695607,
  "inf_all": 0.5229181205888834,
  "inf_wc": 0.601929265428846,
  "inf_nwc": 0.0,
  "inf_stack": 0.5689945423921311
}
{
  "native_pdb": "/tmp/rna_inf_p8k7bur8/CR1189_TS238_2_solution_normalized.pdb",
  "native_index": null,
  "model_pdb": "/tmp/rna_inf_x33biq5a/CR1189_TS238_2_refined_normalized.pdb",
  "model_index": null,
  "rmsd": 24.1867653182689,
  "inf_all": 0.4196363894498585,
  "inf_wc": 0.30123203803835463,
  "inf_nwc": 0.0,
  "inf_stack": 0.5261367915016469
}
{
  "native_pdb": "/tmp/rna_inf_66m67mgr/CR1189_TS239_1_solution_normalized.pdb",
  "native_index": null,
  "model_pdb": "/tmp/rna_inf_22buj4ub/CR1189_TS239_1_refined_normalized.pdb",
  "model_index": null,
  "rmsd": 22.393903617096484,
  "inf_all": 0.5763904177042349,
  "inf_wc": 0.727392967453308,
  "inf_nwc": 0.0,
  "inf_stack": 0.5475856781933935
}
{
  "native_pdb": "/tmp/rna_inf_5gzhl4dl/CR1189_TS239_2_solution_normalized.pdb",
  "native_index": null,
  "model_pdb": "/tmp/rna_inf_8gc6f8le/CR1189_TS239_2_refined_normalized.pdb",
  "model_index": null,
  "rmsd": 16.604045308031775,
  "inf_all": 0.6244229525129212,
  "inf_wc": 0.7027283689263065,
  "inf_nwc": 0.0,
  "inf_stack": 0.6127129263730325
}
{
  "native_pdb": "/tmp/rna_inf_yh0skdcn/CR1189_TS239_3_solution_normalized.pdb",
  "native_index": null,
  "model_pdb": "/tmp/rna_inf_3iaxeaug/CR1189_TS239_3_refined_normalized.pdb",
  "model_index": null,
  "rmsd": 16.294943459068733,
  "inf_all": 0.6287677132370127,
  "inf_wc": 0.759113116282117,
  "inf_nwc": 0.0,
  "inf_stack": 0.5908789478687515
}
{
  "native_pdb": "/tmp/rna_inf_lnes5kmh/CR1189_TS239_4_solution_normalized.pdb",
  "native_index": null,
  "model_pdb": "/tmp/rna_inf_mkta1spw/CR1189_TS239_4_refined_normalized.pdb",
  "model_index": null,
  "rmsd": 26.53483592166964,
  "inf_all": 0.6172708123781275,
  "inf_wc": 0.8219529433756427,
  "inf_nwc": 0.0,
  "inf_stack": 0.5612753201482283
}
{
  "native_pdb": "/tmp/rna_inf_j627ymb_/CR1189_TS239_5_solution_normalized.pdb",
  "native_index": null,
  "model_pdb": "/tmp/rna_inf_7ihd771l/CR1189_TS239_5_refined_normalized.pdb",
  "model_index": null,
  "rmsd": 28.416039517521632,
  "inf_all": 0.6029691608886644,
  "inf_wc": 0.6416236526819376,
  "inf_nwc": 0.0,
  "inf_stack": 0.6080863417275937
}
{
  "native_pdb": "/tmp/rna_inf_qkr8hqlj/CR1189_TS245_1_solution_normalized.pdb",
  "native_index": null,
  "model_pdb": "/tmp/rna_inf_5odtt37f/CR1189_TS245_1_refined_normalized.pdb",
  "model_index": null,
  "rmsd": 27.756060668389765,
  "inf_all": 0.4546765545206496,
  "inf_wc": 0.5739640213948523,
  "inf_nwc": 0.0,
  "inf_stack": 0.45792188315449767
}
{
  "native_pdb": "/tmp/rna_inf_m236qh_q/CR1189_TS245_2_solution_normalized.pdb",
  "native_index": null,
  "model_pdb": "/tmp/rna_inf_qxpv0mjv/CR1189_TS245_2_refined_normalized.pdb",
  "model_index": null,
  "rmsd": 26.338021138657247,
  "inf_all": 0.4926941673652551,
  "inf_wc": 0.6735753140545634,
  "inf_nwc": 0.0,
  "inf_stack": 0.4764159216201423
}
{
  "native_pdb": "/tmp/rna_inf_9rtxo8ec/CR1189_TS245_3_solution_normalized.pdb",
  "native_index": null,
  "model_pdb": "/tmp/rna_inf_40gql743/CR1189_TS245_3_refined_normalized.pdb",
  "model_index": null,
  "rmsd": 27.450662137890284,
  "inf_all": 0.5051232539302952,
  "inf_wc": 0.5739640213948523,
  "inf_nwc": 0.0,
  "inf_stack": 0.517059476234802
}
{
  "native_pdb": "/tmp/rna_inf_0cbmo6m7/CR1189_TS245_4_solution_normalized.pdb",
  "native_index": null,
  "model_pdb": "/tmp/rna_inf_q5dumo3p/CR1189_TS245_4_refined_normalized.pdb",
  "model_index": null,
  "rmsd": 28.158103679223583,
  "inf_all": 0.5093672695305115,
  "inf_wc": 0.6181150999636871,
  "inf_nwc": 0.0,
  "inf_stack": 0.5037140714699474
}
{
  "native_pdb": "/tmp/rna_inf_sq69_d49/CR1189_TS245_5_solution_normalized.pdb",
  "native_index": null,
  "model_pdb": "/tmp/rna_inf_lo_mdg_t/CR1189_TS245_5_refined_normalized.pdb",
  "model_index": null,
  "rmsd": 26.68985650275937,
  "inf_all": 0.45123108949188223,
  "inf_wc": 0.408248290463863,
  "inf_nwc": 0.0,
  "inf_stack": 0.4951875684721383
}
{
  "native_pdb": "/tmp/rna_inf_g1jqdhew/CR1189_TS248_1_solution_normalized.pdb",
  "native_index": null,
  "model_pdb": "/tmp/rna_inf_vyiyiz8l/CR1189_TS248_1_refined_normalized.pdb",
  "model_index": null,
  "rmsd": 30.29011473640842,
  "inf_all": 0.0949414628985728,
  "inf_wc": 0.0,
  "inf_nwc": 0.0,
  "inf_stack": 0.18308218080682087
}
{
  "native_pdb": "/tmp/rna_inf_3d0crezv/CR1189_TS248_2_solution_normalized.pdb",
  "native_index": null,
  "model_pdb": "/tmp/rna_inf_n7nbniq5/CR1189_TS248_2_refined_normalized.pdb",
  "model_index": null,
  "rmsd": 30.339560557387497,
  "inf_all": 0.09383417007232339,
  "inf_wc": 0.0,
  "inf_nwc": 0.0,
  "inf_stack": 0.18627837050075693
}
{
  "native_pdb": "/tmp/rna_inf_hvyhq0y4/CR1189_TS248_3_solution_normalized.pdb",
  "native_index": null,
  "model_pdb": "/tmp/rna_inf__wovea7r/CR1189_TS248_3_refined_normalized.pdb",
  "model_index": null,
  "rmsd": 29.923768715579904,
  "inf_all": 0.09153651166903976,
  "inf_wc": 0.0,
  "inf_nwc": 0.0,
  "inf_stack": 0.17430837528287194
}
{
  "native_pdb": "/tmp/rna_inf_fymfe3uy/CR1189_TS248_4_solution_normalized.pdb",
  "native_index": null,
  "model_pdb": "/tmp/rna_inf_9__qr_ki/CR1189_TS248_4_refined_normalized.pdb",
  "model_index": null,
  "rmsd": 29.151705942892676,
  "inf_all": 0.09809269247868772,
  "inf_wc": 0.0,
  "inf_nwc": 0.0,
  "inf_stack": 0.1869948315550021
}
{
  "native_pdb": "/tmp/rna_inf_y_6jdvuv/CR1189_TS248_5_solution_normalized.pdb",
  "native_index": null,
  "model_pdb": "/tmp/rna_inf_iqr2xs4d/CR1189_TS248_5_refined_normalized.pdb",
  "model_index": null,
  "rmsd": 29.258093250368553,
  "inf_all": 0.09472741600710832,
  "inf_wc": 0.0,
  "inf_nwc": 0.0,
  "inf_stack": 0.18220191067321595
}
{
  "native_pdb": "/tmp/rna_inf_y0hsz4b8/CR1189_TS257_1_solution_normalized.pdb",
  "native_index": null,
  "model_pdb": "/tmp/rna_inf_buel79aj/CR1189_TS257_1_refined_normalized.pdb",
  "model_index": null,
  "rmsd": 26.429656766389378,
  "inf_all": 0.5954068852869262,
  "inf_wc": 0.7223151185146152,
  "inf_nwc": 0.0,
  "inf_stack": 0.5665713854372088
}
{
  "native_pdb": "/tmp/rna_inf_gf88inrr/CR1189_TS257_2_solution_normalized.pdb",
  "native_index": null,
  "model_pdb": "/tmp/rna_inf_jpp1jxu0/CR1189_TS257_2_refined_normalized.pdb",
  "model_index": null,
  "rmsd": 25.85377357375812,
  "inf_all": 0.5896052258704098,
  "inf_wc": 0.7385489458759964,
  "inf_nwc": 0.0,
  "inf_stack": 0.5594023904871686
}
{
  "native_pdb": "/tmp/rna_inf_rbqabmlj/CR1189_TS257_3_solution_normalized.pdb",
  "native_index": null,
  "model_pdb": "/tmp/rna_inf_ydc9006p/CR1189_TS257_3_refined_normalized.pdb",
  "model_index": null,
  "rmsd": 26.787584352909878,
  "inf_all": 0.603645412218888,
  "inf_wc": 0.7385489458759964,
  "inf_nwc": 0.0,
  "inf_stack": 0.6008945586016146
}
{
  "native_pdb": "/tmp/rna_inf_a_37m6c5/CR1189_TS257_4_solution_normalized.pdb",
  "native_index": null,
  "model_pdb": "/tmp/rna_inf_zgl6lbnh/CR1189_TS257_4_refined_normalized.pdb",
  "model_index": null,
  "rmsd": 26.17624737007793,
  "inf_all": 0.6353380872022658,
  "inf_wc": 0.7223151185146152,
  "inf_nwc": 0.0,
  "inf_stack": 0.6206896551724138
}
{
  "native_pdb": "/tmp/rna_inf_i1lyorm4/CR1189_TS257_5_solution_normalized.pdb",
  "native_index": null,
  "model_pdb": "/tmp/rna_inf_wv8g6jju/CR1189_TS257_5_refined_normalized.pdb",
  "model_index": null,
  "rmsd": 26.082581906218902,
  "inf_all": 0.6295712505786031,
  "inf_wc": 0.769800358919501,
  "inf_nwc": 0.0,
  "inf_stack": 0.5955500003825581
}
{
  "native_pdb": "/tmp/rna_inf_z1hn6i6v/CR1189_TS287_1_solution_normalized.pdb",
  "native_index": null,
  "model_pdb": "/tmp/rna_inf_x_d1bbnb/CR1189_TS287_1_refined_normalized.pdb",
  "model_index": null,
  "rmsd": 21.20046146097923,
  "inf_all": 0.6619762037264222,
  "inf_wc": 0.8505172717997146,
  "inf_nwc": 0.0,
  "inf_stack": 0.5891600236510959
}
{
  "native_pdb": "/tmp/rna_inf_zltl6fpa/CR1189_TS287_2_solution_normalized.pdb",
  "native_index": null,
  "model_pdb": "/tmp/rna_inf_8sz30mnd/CR1189_TS287_2_refined_normalized.pdb",
  "model_index": null,
  "rmsd": 24.041272095818773,
  "inf_all": 0.6901297485020059,
  "inf_wc": 0.8505172717997146,
  "inf_nwc": 0.0,
  "inf_stack": 0.6256237237723513
}
{
  "native_pdb": "/tmp/rna_inf_yp3n8i5p/CR1189_TS287_3_solution_normalized.pdb",
  "native_index": null,
  "model_pdb": "/tmp/rna_inf_raf3gjjm/CR1189_TS287_3_refined_normalized.pdb",
  "model_index": null,
  "rmsd": 21.670135982426263,
  "inf_all": 0.6971363215204784,
  "inf_wc": 0.8505172717997146,
  "inf_nwc": -1.0,
  "inf_stack": 0.630345479239355
}
{
  "native_pdb": "/tmp/rna_inf_t0ljp307/CR1189_TS287_4_solution_normalized.pdb",
  "native_index": null,
  "model_pdb": "/tmp/rna_inf_j4tdgj_n/CR1189_TS287_4_refined_normalized.pdb",
  "model_index": null,
  "rmsd": 25.235587217899422,
  "inf_all": 0.6535653014254486,
  "inf_wc": 0.8295613557843402,
  "inf_nwc": 0.0,
  "inf_stack": 0.5863161077860106
}
{
  "native_pdb": "/tmp/rna_inf_4vfdmj2q/CR1189_TS287_5_solution_normalized.pdb",
  "native_index": null,
  "model_pdb": "/tmp/rna_inf_jdbn9r2h/CR1189_TS287_5_refined_normalized.pdb",
  "model_index": null,
  "rmsd": 27.591174638398712,
  "inf_all": 0.6693799680728868,
  "inf_wc": 0.8375315127160101,
  "inf_nwc": 0.0,
  "inf_stack": 0.6006826035477452
}
{
  "native_pdb": "/tmp/rna_inf_4wvj75h8/CR1189_TS385_1_solution_normalized.pdb",
  "native_index": null,
  "model_pdb": "/tmp/rna_inf_0k1_f0gc/CR1189_TS385_1_refined_normalized.pdb",
  "model_index": null,
  "rmsd": 27.756060668389765,
  "inf_all": 0.4546765545206496,
  "inf_wc": 0.5739640213948523,
  "inf_nwc": 0.0,
  "inf_stack": 0.45792188315449767
}
{
  "native_pdb": "/tmp/rna_inf_fu7x3g52/CR1189_TS392_1_solution_normalized.pdb",
  "native_index": null,
  "model_pdb": "/tmp/rna_inf_22oqdhwh/CR1189_TS392_1_refined_normalized.pdb",
  "model_index": null,
  "rmsd": 20.551117966996625,
  "inf_all": 0.6084875002361975,
  "inf_wc": 0.792593923901217,
  "inf_nwc": 0.0,
  "inf_stack": 0.5495319562599505
}
{
  "native_pdb": "/tmp/rna_inf_fopxt97r/CR1189_TS392_2_solution_normalized.pdb",
  "native_index": null,
  "model_pdb": "/tmp/rna_inf_brke5epd/CR1189_TS392_2_refined_normalized.pdb",
  "model_index": null,
  "rmsd": 23.519750132288316,
  "inf_all": 0.6478946224969497,
  "inf_wc": 0.8365019125713041,
  "inf_nwc": 0.0,
  "inf_stack": 0.5812178109586542
}
{
  "native_pdb": "/tmp/rna_inf_ydfahqso/CR1189_TS392_3_solution_normalized.pdb",
  "native_index": null,
  "model_pdb": "/tmp/rna_inf_f6xoej5p/CR1189_TS392_3_refined_normalized.pdb",
  "model_index": null,
  "rmsd": 21.79496825985674,
  "inf_all": 0.6450818772851872,
  "inf_wc": 0.8148148148148148,
  "inf_nwc": 0.0,
  "inf_stack": 0.5955500003825581
}
{
  "native_pdb": "/tmp/rna_inf_yw9o58dz/CR1189_TS392_4_solution_normalized.pdb",
  "native_index": null,
  "model_pdb": "/tmp/rna_inf_g1_pir8a/CR1189_TS392_4_refined_normalized.pdb",
  "model_index": null,
  "rmsd": 21.288885954017097,
  "inf_all": 0.6163156344279367,
  "inf_wc": 0.8148148148148148,
  "inf_nwc": 0.0,
  "inf_stack": 0.5624638892501937
}
{
  "native_pdb": "/tmp/rna_inf_osuwu5yx/CR1189_TS392_5_solution_normalized.pdb",
  "native_index": null,
  "model_pdb": "/tmp/rna_inf_gbpum92e/CR1189_TS392_5_refined_normalized.pdb",
  "model_index": null,
  "rmsd": 22.415429508666556,
  "inf_all": 0.6163156344279367,
  "inf_wc": 0.8148148148148148,
  "inf_nwc": 0.0,
  "inf_stack": 0.5580523396538208
}
{
  "native_pdb": "/tmp/rna_inf_58afnj5d/CR1189_TS434_1_solution_normalized.pdb",
  "native_index": null,
  "model_pdb": "/tmp/rna_inf_gec1_bh9/CR1189_TS434_1_refined_normalized.pdb",
  "model_index": null,
  "rmsd": 33.416480228975104,
  "inf_all": 0.42610264391921504,
  "inf_wc": 0.5388602512436508,
  "inf_nwc": 0.0,
  "inf_stack": 0.40450472224410716
}
{
  "native_pdb": "/tmp/rna_inf_b4glt09b/CR1189_TS434_2_solution_normalized.pdb",
  "native_index": null,
  "model_pdb": "/tmp/rna_inf_8we68rue/CR1189_TS434_2_refined_normalized.pdb",
  "model_index": null,
  "rmsd": 28.268451390635438,
  "inf_all": 0.42700161171655443,
  "inf_wc": 0.5091750772173156,
  "inf_nwc": 0.0,
  "inf_stack": 0.42378968976300646
}
{
  "native_pdb": "/tmp/rna_inf_mbi8gzrv/CR1189_TS434_3_solution_normalized.pdb",
  "native_index": null,
  "model_pdb": "/tmp/rna_inf_t_w4j7qb/CR1189_TS434_3_refined_normalized.pdb",
  "model_index": null,
  "rmsd": 29.230028521906096,
  "inf_all": 0.528693668047267,
  "inf_wc": 0.6324555320336759,
  "inf_nwc": 0.0,
  "inf_stack": 0.5293777781178294
}
{
  "native_pdb": "/tmp/rna_inf_inbccc1a/CR1189_TS434_4_solution_normalized.pdb",
  "native_index": null,
  "model_pdb": "/tmp/rna_inf_7mf9pg_k/CR1189_TS434_4_refined_normalized.pdb",
  "model_index": null,
  "rmsd": 25.629521226614326,
  "inf_all": 0.5564750724789989,
  "inf_wc": 0.6556100681071858,
  "inf_nwc": 0.0,
  "inf_stack": 0.5318326041272249
}
{
  "native_pdb": "/tmp/rna_inf_a27ky_3_/CR1189_TS434_5_solution_normalized.pdb",
  "native_index": null,
  "model_pdb": "/tmp/rna_inf_lik9zxqg/CR1189_TS434_5_refined_normalized.pdb",
  "model_index": null,
  "rmsd": 30.77660911319339,
  "inf_all": 0.5153165472634581,
  "inf_wc": 0.601133397309916,
  "inf_nwc": 0.0,
  "inf_stack": 0.5022863483423791
}
{
  "native_pdb": "/tmp/rna_inf_lof14t_3/CR1189_TS439_1_solution_normalized.pdb",
  "native_index": null,
  "model_pdb": "/tmp/rna_inf_jfcycbpp/CR1189_TS439_1_refined_normalized.pdb",
  "model_index": null,
  "rmsd": 21.318015204471752,
  "inf_all": 0.33219138638902496,
  "inf_wc": 0.46291004988627577,
  "inf_nwc": 0.0,
  "inf_stack": 0.3484365738222833
}
{
  "native_pdb": "/tmp/rna_inf_03ew8klq/CR1189_TS439_2_solution_normalized.pdb",
  "native_index": null,
  "model_pdb": "/tmp/rna_inf_ajkisqdp/CR1189_TS439_2_refined_normalized.pdb",
  "model_index": null,
  "rmsd": 24.860581870212574,
  "inf_all": 0.3939839205372908,
  "inf_wc": 0.5594309277855157,
  "inf_nwc": 0.0,
  "inf_stack": 0.3551174092947802
}
{
  "native_pdb": "/tmp/rna_inf_7sb5e0j6/CR1189_TS439_3_solution_normalized.pdb",
  "native_index": null,
  "model_pdb": "/tmp/rna_inf_vlqu8tma/CR1189_TS439_3_refined_normalized.pdb",
  "model_index": null,
  "rmsd": 16.294946530843507,
  "inf_all": 0.6287677132370127,
  "inf_wc": 0.759113116282117,
  "inf_nwc": 0.0,
  "inf_stack": 0.5908789478687515
}
{
  "native_pdb": "/tmp/rna_inf_oj2kpo1b/CR1189_TS439_4_solution_normalized.pdb",
  "native_index": null,
  "model_pdb": "/tmp/rna_inf_c603lmri/CR1189_TS439_4_refined_normalized.pdb",
  "model_index": null,
  "rmsd": 26.53483592166964,
  "inf_all": 0.6172708123781275,
  "inf_wc": 0.8219529433756427,
  "inf_nwc": 0.0,
  "inf_stack": 0.5612753201482283
}
{
  "native_pdb": "/tmp/rna_inf_eyb7zx4z/CR1189_TS439_5_solution_normalized.pdb",
  "native_index": null,
  "model_pdb": "/tmp/rna_inf_qmgm3d2a/CR1189_TS439_5_refined_normalized.pdb",
  "model_index": null,
  "rmsd": 28.416047793497004,
  "inf_all": 0.6029691608886644,
  "inf_wc": 0.6416236526819376,
  "inf_nwc": 0.0,
  "inf_stack": 0.6080863417275937
}
{
  "native_pdb": "/tmp/rna_inf_h_yac92x/CR1189_TS444_1_solution_normalized.pdb",
  "native_index": null,
  "model_pdb": "/tmp/rna_inf_bd5k6m6z/CR1189_TS444_1_refined_normalized.pdb",
  "model_index": null,
  "rmsd": 24.891403154080578,
  "inf_all": 0.6897718343113571,
  "inf_wc": 0.7824758900557375,
  "inf_nwc": 0.0,
  "inf_stack": 0.6724826391390866
}
{
  "native_pdb": "/tmp/rna_inf_zygecd92/CR1189_TS444_2_solution_normalized.pdb",
  "native_index": null,
  "model_pdb": "/tmp/rna_inf_kchktm5s/CR1189_TS444_2_refined_normalized.pdb",
  "model_index": null,
  "rmsd": 22.452005714036762,
  "inf_all": 0.6971363215204784,
  "inf_wc": 0.816496580927726,
  "inf_nwc": 0.0,
  "inf_stack": 0.6565321642986128
}
{
  "native_pdb": "/tmp/rna_inf_mjvk1115/CR1189_TS444_3_solution_normalized.pdb",
  "native_index": null,
  "model_pdb": "/tmp/rna_inf_vzzqnlvf/CR1189_TS444_3_refined_normalized.pdb",
  "model_index": null,
  "rmsd": 26.3897571993555,
  "inf_all": 0.6678743157617902,
  "inf_wc": 0.7824758900557375,
  "inf_nwc": 0.0,
  "inf_stack": 0.6286361115149225
}
{
  "native_pdb": "/tmp/rna_inf_9vlmfqit/CR1189_TS444_4_solution_normalized.pdb",
  "native_index": null,
  "model_pdb": "/tmp/rna_inf_4zisvqgg/CR1189_TS444_4_refined_normalized.pdb",
  "model_index": null,
  "rmsd": 27.585670766162018,
  "inf_all": 0.6713438160732882,
  "inf_wc": 0.8295613557843402,
  "inf_nwc": 0.0,
  "inf_stack": 0.6170095450176899
}
{
  "native_pdb": "/tmp/rna_inf_jg8czp3y/CR1189_TS444_5_solution_normalized.pdb",
  "native_index": null,
  "model_pdb": "/tmp/rna_inf__ho0ib5n/CR1189_TS444_5_refined_normalized.pdb",
  "model_index": null,
  "rmsd": 24.909247608503307,
  "inf_all": 0.6673260799501937,
  "inf_wc": 0.8081376242652525,
  "inf_nwc": 0.0,
  "inf_stack": 0.6379310344827587
}
{
  "native_pdb": "/tmp/rna_inf_3u54ffjv/CR1189_TS470_1_solution_normalized.pdb",
  "native_index": null,
  "model_pdb": "/tmp/rna_inf_99jq79b_/CR1189_TS470_1_refined_normalized.pdb",
  "model_index": null,
  "rmsd": 26.430082652493578,
  "inf_all": 0.48768203165234075,
  "inf_wc": 0.510688230856951,
  "inf_nwc": 0.0,
  "inf_stack": 0.5121039481594613
}
{
  "native_pdb": "/tmp/rna_inf_3apw39ko/CR1189_TS470_2_solution_normalized.pdb",
  "native_index": null,
  "model_pdb": "/tmp/rna_inf_o85izof2/CR1189_TS470_2_refined_normalized.pdb",
  "model_index": null,
  "rmsd": 30.28660297255047,
  "inf_all": 0.5603155257282213,
  "inf_wc": 0.4923659639173309,
  "inf_nwc": 0.0,
  "inf_stack": 0.605335644258803
}
{
  "native_pdb": "/tmp/rna_inf_qzc8fxia/CR1189_TS470_3_solution_normalized.pdb",
  "native_index": null,
  "model_pdb": "/tmp/rna_inf_56_harul/CR1189_TS470_3_refined_normalized.pdb",
  "model_index": null,
  "rmsd": 26.59755759213303,
  "inf_all": 0.5571774037807604,
  "inf_wc": 0.6365239496641677,
  "inf_nwc": 0.0,
  "inf_stack": 0.552206334993884
}
{
  "native_pdb": "/tmp/rna_inf_v0uvzvnu/CR1189_TS470_4_solution_normalized.pdb",
  "native_index": null,
  "model_pdb": "/tmp/rna_inf_kt0_uopr/CR1189_TS470_4_refined_normalized.pdb",
  "model_index": null,
  "rmsd": 24.298436951005982,
  "inf_all": 0.5658282497354297,
  "inf_wc": 0.6296296296296297,
  "inf_nwc": 0.0,
  "inf_stack": 0.5730682550612528
}
{
  "native_pdb": "/tmp/rna_inf_2fhpqhf9/CR1189_TS470_5_solution_normalized.pdb",
  "native_index": null,
  "model_pdb": "/tmp/rna_inf_vmsm_52p/CR1189_TS470_5_refined_normalized.pdb",
  "model_index": null,
  "rmsd": 23.354127007488554,
  "inf_all": 0.5406491687377095,
  "inf_wc": 0.5621826951410452,
  "inf_nwc": 0.0,
  "inf_stack": 0.5613788599120707
}
{
  "native_pdb": "/tmp/rna_inf_w_grfh_j/CR1189_TS489_1_solution_normalized.pdb",
  "native_index": null,
  "model_pdb": "/tmp/rna_inf_w_jr90we/CR1189_TS489_1_refined_normalized.pdb",
  "model_index": null,
  "rmsd": 26.430082652493578,
  "inf_all": 0.48768203165234075,
  "inf_wc": 0.510688230856951,
  "inf_nwc": 0.0,
  "inf_stack": 0.5121039481594613
}
{
  "native_pdb": "/tmp/rna_inf_6w54ngv3/CR1189_TS489_2_solution_normalized.pdb",
  "native_index": null,
  "model_pdb": "/tmp/rna_inf__0vigdzh/CR1189_TS489_2_refined_normalized.pdb",
  "model_index": null,
  "rmsd": 30.28660297255047,
  "inf_all": 0.5603155257282213,
  "inf_wc": 0.4923659639173309,
  "inf_nwc": 0.0,
  "inf_stack": 0.605335644258803
}
{
  "native_pdb": "/tmp/rna_inf___1m7ecr/CR1189_TS489_3_solution_normalized.pdb",
  "native_index": null,
  "model_pdb": "/tmp/rna_inf__oudq4of/CR1189_TS489_3_refined_normalized.pdb",
  "model_index": null,
  "rmsd": 26.59755759213303,
  "inf_all": 0.5571774037807604,
  "inf_wc": 0.6365239496641677,
  "inf_nwc": 0.0,
  "inf_stack": 0.552206334993884
}
{
  "native_pdb": "/tmp/rna_inf_kb1h5a4u/CR1189_TS489_4_solution_normalized.pdb",
  "native_index": null,
  "model_pdb": "/tmp/rna_inf_2s1j_qf_/CR1189_TS489_4_refined_normalized.pdb",
  "model_index": null,
  "rmsd": 24.298436951005982,
  "inf_all": 0.5658282497354297,
  "inf_wc": 0.6296296296296297,
  "inf_nwc": 0.0,
  "inf_stack": 0.5730682550612528
}
{
  "native_pdb": "/tmp/rna_inf_4qpxi7eo/CR1189_TS489_5_solution_normalized.pdb",
  "native_index": null,
  "model_pdb": "/tmp/rna_inf_ofmwzgp0/CR1189_TS489_5_refined_normalized.pdb",
  "model_index": null,
  "rmsd": 23.354127007488554,
  "inf_all": 0.5406491687377095,
  "inf_wc": 0.5621826951410452,
  "inf_nwc": 0.0,
  "inf_stack": 0.5613788599120707
}
{
  "native_pdb": "/tmp/rna_inf_i44cv__g/CR1189_TS494_1_solution_normalized.pdb",
  "native_index": null,
  "model_pdb": "/tmp/rna_inf_corio72o/CR1189_TS494_1_refined_normalized.pdb",
  "model_index": null,
  "rmsd": 22.37485952209015,
  "inf_all": 0.7082676569009284,
  "inf_wc": 0.7548513560963972,
  "inf_nwc": -1.0,
  "inf_stack": 0.6949962976228786
}
{
  "native_pdb": "/tmp/rna_inf_3gj8mjle/CR1189_TS494_2_solution_normalized.pdb",
  "native_index": null,
  "model_pdb": "/tmp/rna_inf_c61k6_8s/CR1189_TS494_2_refined_normalized.pdb",
  "model_index": null,
  "rmsd": 22.372734408285798,
  "inf_all": 0.7121486046202798,
  "inf_wc": 0.769800358919501,
  "inf_nwc": -1.0,
  "inf_stack": 0.6949962976228786
}
{
  "native_pdb": "/tmp/rna_inf_zzf58w4v/CR1189_TS494_3_solution_normalized.pdb",
  "native_index": null,
  "model_pdb": "/tmp/rna_inf_pk99vhxf/CR1189_TS494_3_refined_normalized.pdb",
  "model_index": null,
  "rmsd": 22.36403883602779,
  "inf_all": 0.7047274841194893,
  "inf_wc": 0.769800358919501,
  "inf_nwc": -1.0,
  "inf_stack": 0.6840354590836791
}
{
  "native_pdb": "/tmp/rna_inf_mt091ori/CR1189_TS494_4_solution_normalized.pdb",
  "native_index": null,
  "model_pdb": "/tmp/rna_inf_50qx64qj/CR1189_TS494_4_refined_normalized.pdb",
  "model_index": null,
  "rmsd": 22.367537225428826,
  "inf_all": 0.7126907593011395,
  "inf_wc": 0.7856742013183862,
  "inf_nwc": -1.0,
  "inf_stack": 0.6893587725135435
}
{
  "native_pdb": "/tmp/rna_inf_ijj_y9ua/CR1189_TS494_5_solution_normalized.pdb",
  "native_index": null,
  "model_pdb": "/tmp/rna_inf_ihc0bxq4/CR1189_TS494_5_refined_normalized.pdb",
  "model_index": null,
  "rmsd": 26.476441543025846,
  "inf_all": 0.6353380872022658,
  "inf_wc": 0.7171087882915773,
  "inf_nwc": -1.0,
  "inf_stack": 0.603448275862069
}
