{
  "native_pdb": "/tmp/rna_inf_bzsx899a/CR1156_TS029_1_solution_normalized.pdb",
  "native_index": null,
  "model_pdb": "/tmp/rna_inf_m5ewla06/CR1156_TS029_1_refined_normalized.pdb",
  "model_index": null,
  "rmsd": 26.136022505944712,
  "inf_all": 0.39979794600881424,
  "inf_wc": 0.07715167498104596,
  "inf_nwc": 0.0,
  "inf_stack": 0.5647284563097477
}
{
  "native_pdb": "/tmp/rna_inf_l4may8g0/CR1156_TS029_2_solution_normalized.pdb",
  "native_index": null,
  "model_pdb": "/tmp/rna_inf_td_pvehx/CR1156_TS029_2_refined_normalized.pdb",
  "model_index": null,
  "rmsd": 27.632063228097948,
  "inf_all": 0.2595255639869989,
  "inf_wc": 0.031219527052723132,
  "inf_nwc": 0.0,
  "inf_stack": 0.3883678186903087
}
{
  "native_pdb": "/tmp/rna_inf_c5u9t1ao/CR1156_TS029_3_solution_normalized.pdb",
  "native_index": null,
  "model_pdb": "/tmp/rna_inf_8u7gi_rm/CR1156_TS029_3_refined_normalized.pdb",
  "model_index": null,
  "rmsd": 27.633562727039834,
  "inf_all": 0.5041169486967275,
  "inf_wc": 0.30506954354828625,
  "inf_nwc": 0.0,
  "inf_stack": 0.6253926177428016
}
{
  "native_pdb": "/tmp/rna_inf_6p7p7eqy/CR1156_TS029_4_solution_normalized.pdb",
  "native_index": null,
  "model_pdb": "/tmp/rna_inf_y1pqbfh5/CR1156_TS029_4_refined_normalized.pdb",
  "model_index": null,
  "rmsd": 27.094839364708367,
  "inf_all": 0.3144444204243855,
  "inf_wc": 0.032075014954979206,
  "inf_nwc": 0.0,
  "inf_stack": 0.4734320764739993
}
{
  "native_pdb": "/tmp/rna_inf_fsa5da78/CR1156_TS029_5_solution_normalized.pdb",
  "native_index": null,
  "model_pdb": "/tmp/rna_inf_49g_8f66/CR1156_TS029_5_refined_normalized.pdb",
  "model_index": null,
  "rmsd": 35.93268412410756,
  "inf_all": 0.4535745163101586,
  "inf_wc": 0.0,
  "inf_nwc": 0.0,
  "inf_stack": 0.676178186843533
}
{
  "native_pdb": "/tmp/rna_inf_asndfmdp/CR1156_TS035_1_solution_normalized.pdb",
  "native_index": null,
  "model_pdb": "/tmp/rna_inf_o2e1149q/CR1156_TS035_1_refined_normalized.pdb",
  "model_index": null,
  "rmsd": 20.44918460477053,
  "inf_all": 0.8210809037937203,
  "inf_wc": 0.8765483240617118,
  "inf_nwc": -1.0,
  "inf_stack": 0.8058147496821467
}
{
  "native_pdb": "/tmp/rna_inf_nkn64ip5/CR1156_TS035_2_solution_normalized.pdb",
  "native_index": null,
  "model_pdb": "/tmp/rna_inf_9kb5qz1o/CR1156_TS035_2_refined_normalized.pdb",
  "model_index": null,
  "rmsd": 17.819401298963232,
  "inf_all": 0.794160656248172,
  "inf_wc": 0.8249579113843054,
  "inf_nwc": 0.0,
  "inf_stack": 0.7977614967232843
}
{
  "native_pdb": "/tmp/rna_inf_3prtnw7d/CR1156_TS035_3_solution_normalized.pdb",
  "native_index": null,
  "model_pdb": "/tmp/rna_inf_le2hb972/CR1156_TS035_3_refined_normalized.pdb",
  "model_index": null,
  "rmsd": 17.524202468233064,
  "inf_all": 0.8262499370959295,
  "inf_wc": 0.8852704127574262,
  "inf_nwc": 0.0,
  "inf_stack": 0.8211564554321693
}
{
  "native_pdb": "/tmp/rna_inf_zj4zoc4q/CR1156_TS035_4_solution_normalized.pdb",
  "native_index": null,
  "model_pdb": "/tmp/rna_inf_qw_s0rqa/CR1156_TS035_4_refined_normalized.pdb",
  "model_index": null,
  "rmsd": 26.563489126060265,
  "inf_all": 0.8443545889639933,
  "inf_wc": 0.9331389496316869,
  "inf_nwc": 0.0,
  "inf_stack": 0.8184327861148898
}
{
  "native_pdb": "/tmp/rna_inf_nfrkyzcs/CR1156_TS035_5_solution_normalized.pdb",
  "native_index": null,
  "model_pdb": "/tmp/rna_inf_vicnz3n1/CR1156_TS035_5_refined_normalized.pdb",
  "model_index": null,
  "rmsd": 19.16223338981644,
  "inf_all": 0.814199067929565,
  "inf_wc": 0.8748177652797064,
  "inf_nwc": 0.0,
  "inf_stack": 0.804373380257578
}
{
  "native_pdb": "/tmp/rna_inf_0qzrc3x8/CR1156_TS054_1_solution_normalized.pdb",
  "native_index": null,
  "model_pdb": "/tmp/rna_inf_a6zeg3da/CR1156_TS054_1_refined_normalized.pdb",
  "model_index": null,
  "rmsd": 30.573094378650417,
  "inf_all": 0.8193267335418126,
  "inf_wc": 0.909241209316635,
  "inf_nwc": 0.0,
  "inf_stack": 0.8051136572864589
}
{
  "native_pdb": "/tmp/rna_inf_lhrq_myf/CR1156_TS054_2_solution_normalized.pdb",
  "native_index": null,
  "model_pdb": "/tmp/rna_inf_r6bz3_qd/CR1156_TS054_2_refined_normalized.pdb",
  "model_index": null,
  "rmsd": 16.713381211941595,
  "inf_all": 0.8309489698388166,
  "inf_wc": 0.9159278516836724,
  "inf_nwc": 0.0,
  "inf_stack": 0.8276169601789947
}
{
  "native_pdb": "/tmp/rna_inf_y_tmjfyq/CR1156_TS054_3_solution_normalized.pdb",
  "native_index": null,
  "model_pdb": "/tmp/rna_inf_ao4ahk2q/CR1156_TS054_3_refined_normalized.pdb",
  "model_index": null,
  "rmsd": 21.48552904787891,
  "inf_all": 0.8499436222761881,
  "inf_wc": 0.9274260335029676,
  "inf_nwc": 0.0,
  "inf_stack": 0.8286332355705119
}
{
  "native_pdb": "/tmp/rna_inf_g_48nhs0/CR1156_TS054_4_solution_normalized.pdb",
  "native_index": null,
  "model_pdb": "/tmp/rna_inf_dzjehiuh/CR1156_TS054_4_refined_normalized.pdb",
  "model_index": null,
  "rmsd": 21.510235939744547,
  "inf_all": 0.6843158461850065,
  "inf_wc": 0.6253989786553803,
  "inf_nwc": 0.0,
  "inf_stack": 0.7261187854278685
}
{
  "native_pdb": "/tmp/rna_inf_h2cs7y5_/CR1156_TS054_5_solution_normalized.pdb",
  "native_index": null,
  "model_pdb": "/tmp/rna_inf_7e_6_b8s/CR1156_TS054_5_refined_normalized.pdb",
  "model_index": null,
  "rmsd": 25.060939173759742,
  "inf_all": 0.7932466564189354,
  "inf_wc": 0.8703703703703703,
  "inf_nwc": 0.0,
  "inf_stack": 0.7775609342489921
}
{
  "native_pdb": "/tmp/rna_inf_vx50cfrq/CR1156_TS076_1_solution_normalized.pdb",
  "native_index": null,
  "model_pdb": "/tmp/rna_inf___lnzntp/CR1156_TS076_1_refined_normalized.pdb",
  "model_index": null,
  "rmsd": 24.997551060447062,
  "inf_all": 0.8228107389833431,
  "inf_wc": 0.8471563103495378,
  "inf_nwc": 0.0,
  "inf_stack": 0.8288144767880427
}
{
  "native_pdb": "/tmp/rna_inf_4zbc1e93/CR1156_TS076_2_solution_normalized.pdb",
  "native_index": null,
  "model_pdb": "/tmp/rna_inf_ebg02i_u/CR1156_TS076_2_refined_normalized.pdb",
  "model_index": null,
  "rmsd": 26.688537121470112,
  "inf_all": 0.7965654808280286,
  "inf_wc": 0.8627652804480126,
  "inf_nwc": 0.0,
  "inf_stack": 0.8034188034188035
}
{
  "native_pdb": "/tmp/rna_inf_7wzkm213/CR1156_TS076_3_solution_normalized.pdb",
  "native_index": null,
  "model_pdb": "/tmp/rna_inf__1c25fnu/CR1156_TS076_3_refined_normalized.pdb",
  "model_index": null,
  "rmsd": 26.529060871649186,
  "inf_all": 0.7377180261163282,
  "inf_wc": 0.6605782590758164,
  "inf_nwc": 0.0,
  "inf_stack": 0.7875469278317643
}
{
  "native_pdb": "/tmp/rna_inf_2sm26zyl/CR1156_TS076_4_solution_normalized.pdb",
  "native_index": null,
  "model_pdb": "/tmp/rna_inf_d252zr2i/CR1156_TS076_4_refined_normalized.pdb",
  "model_index": null,
  "rmsd": 17.994267808670998,
  "inf_all": 0.7965648745351414,
  "inf_wc": 0.8869503434132667,
  "inf_nwc": 0.0,
  "inf_stack": 0.7732184553442588
}
{
  "native_pdb": "/tmp/rna_inf_g3dbvu4i/CR1156_TS076_5_solution_normalized.pdb",
  "native_index": null,
  "model_pdb": "/tmp/rna_inf_tdjovoyg/CR1156_TS076_5_refined_normalized.pdb",
  "model_index": null,
  "rmsd": 30.39800629134627,
  "inf_all": 0.8215496199931837,
  "inf_wc": 0.909241209316635,
  "inf_nwc": 0.0,
  "inf_stack": 0.798902041290298
}
{
  "native_pdb": "/tmp/rna_inf_bpa1121t/CR1156_TS081_1_solution_normalized.pdb",
  "native_index": null,
  "model_pdb": "/tmp/rna_inf_hl63o3k3/CR1156_TS081_1_refined_normalized.pdb",
  "model_index": null,
  "rmsd": 29.13645166814634,
  "inf_all": 0.7924417896810816,
  "inf_wc": 0.9058216273156766,
  "inf_nwc": 0.0,
  "inf_stack": 0.7588509081859893
}
{
  "native_pdb": "/tmp/rna_inf_zypsia36/CR1156_TS081_2_solution_normalized.pdb",
  "native_index": null,
  "model_pdb": "/tmp/rna_inf_48ay24r3/CR1156_TS081_2_refined_normalized.pdb",
  "model_index": null,
  "rmsd": 28.278793946033844,
  "inf_all": 0.7916578174583615,
  "inf_wc": 0.9035253315161441,
  "inf_nwc": -1.0,
  "inf_stack": 0.747756501105966
}
{
  "native_pdb": "/tmp/rna_inf_telqoqfy/CR1156_TS081_3_solution_normalized.pdb",
  "native_index": null,
  "model_pdb": "/tmp/rna_inf_cuxlpwqv/CR1156_TS081_3_refined_normalized.pdb",
  "model_index": null,
  "rmsd": 23.422863267909822,
  "inf_all": 0.7550430153458071,
  "inf_wc": 0.9058216273156766,
  "inf_nwc": 0.0,
  "inf_stack": 0.6960116625691228
}
{
  "native_pdb": "/tmp/rna_inf_92sj84j4/CR1156_TS081_4_solution_normalized.pdb",
  "native_index": null,
  "model_pdb": "/tmp/rna_inf_i84064uc/CR1156_TS081_4_refined_normalized.pdb",
  "model_index": null,
  "rmsd": 17.262458450036775,
  "inf_all": 0.7944801359197724,
  "inf_wc": 0.9136985548476935,
  "inf_nwc": 0.0,
  "inf_stack": 0.7545756577819136
}
{
  "native_pdb": "/tmp/rna_inf_1cpu91vk/CR1156_TS081_5_solution_normalized.pdb",
  "native_index": null,
  "model_pdb": "/tmp/rna_inf_03ffg75o/CR1156_TS081_5_refined_normalized.pdb",
  "model_index": null,
  "rmsd": 29.647237722882043,
  "inf_all": 0.7624446465681688,
  "inf_wc": 0.9058216273156766,
  "inf_nwc": 0.0,
  "inf_stack": 0.707809182056252
}
{
  "native_pdb": "/tmp/rna_inf_qi1mp5js/CR1156_TS091_1_solution_normalized.pdb",
  "native_index": null,
  "model_pdb": "/tmp/rna_inf_vtxl8zy0/CR1156_TS091_1_refined_normalized.pdb",
  "model_index": null,
  "rmsd": 87.53718261221317,
  "inf_all": 0.5779842646925077,
  "inf_wc": -1.0,
  "inf_nwc": 0.0,
  "inf_stack": 0.7154514974505111
}
{
  "native_pdb": "/tmp/rna_inf_xflwu_3e/CR1156_TS091_2_solution_normalized.pdb",
  "native_index": null,
  "model_pdb": "/tmp/rna_inf_raqdbjjo/CR1156_TS091_2_refined_normalized.pdb",
  "model_index": null,
  "rmsd": 93.56374099167887,
  "inf_all": 0.51382200731459,
  "inf_wc": -1.0,
  "inf_nwc": -1.0,
  "inf_stack": 0.6266057772173884
}
{
  "native_pdb": "/tmp/rna_inf_rvacdovr/CR1156_TS091_3_solution_normalized.pdb",
  "native_index": null,
  "model_pdb": "/tmp/rna_inf_c1t933bn/CR1156_TS091_3_refined_normalized.pdb",
  "model_index": null,
  "rmsd": 97.9698325268486,
  "inf_all": 0.5324507981676521,
  "inf_wc": -1.0,
  "inf_nwc": 0.0,
  "inf_stack": 0.6529209699285662
}
{
  "native_pdb": "/tmp/rna_inf_6dy_vzpl/CR1156_TS091_4_solution_normalized.pdb",
  "native_index": null,
  "model_pdb": "/tmp/rna_inf_bt7zwj4w/CR1156_TS091_4_refined_normalized.pdb",
  "model_index": null,
  "rmsd": 100.77723720183764,
  "inf_all": 0.5602321485430228,
  "inf_wc": -1.0,
  "inf_nwc": 0.0,
  "inf_stack": 0.6899341558261021
}
{
  "native_pdb": "/tmp/rna_inf_2b5ym2n3/CR1156_TS091_5_solution_normalized.pdb",
  "native_index": null,
  "model_pdb": "/tmp/rna_inf_w4wttu1k/CR1156_TS091_5_refined_normalized.pdb",
  "model_index": null,
  "rmsd": 103.77997915089442,
  "inf_all": 0.5575322188594243,
  "inf_wc": 0.0,
  "inf_nwc": 0.0,
  "inf_stack": 0.7004147683506573
}
{
  "native_pdb": "/tmp/rna_inf_cwaqlelz/CR1156_TS097_1_solution_normalized.pdb",
  "native_index": null,
  "model_pdb": "/tmp/rna_inf_a7vcukmc/CR1156_TS097_1_refined_normalized.pdb",
  "model_index": null,
  "rmsd": 37.99737725344939,
  "inf_all": 0.23392118184034263,
  "inf_wc": 0.0,
  "inf_nwc": 0.0,
  "inf_stack": 0.42491829279939874
}
{
  "native_pdb": "/tmp/rna_inf_ov91ondy/CR1156_TS097_2_solution_normalized.pdb",
  "native_index": null,
  "model_pdb": "/tmp/rna_inf_ktkk2qdh/CR1156_TS097_2_refined_normalized.pdb",
  "model_index": null,
  "rmsd": 37.66129662661531,
  "inf_all": 0.2186788270682316,
  "inf_wc": 0.0,
  "inf_nwc": 0.0,
  "inf_stack": 0.37363235887853663
}
{
  "native_pdb": "/tmp/rna_inf_bid5zvhy/CR1156_TS097_3_solution_normalized.pdb",
  "native_index": null,
  "model_pdb": "/tmp/rna_inf_tus1iujy/CR1156_TS097_3_refined_normalized.pdb",
  "model_index": null,
  "rmsd": 35.55839263252896,
  "inf_all": 0.26438132250706964,
  "inf_wc": 0.0,
  "inf_nwc": 0.0,
  "inf_stack": 0.4559607525875532
}
{
  "native_pdb": "/tmp/rna_inf_whzrtnq2/CR1156_TS110_1_solution_normalized.pdb",
  "native_index": null,
  "model_pdb": "/tmp/rna_inf_f7wbtt4c/CR1156_TS110_1_refined_normalized.pdb",
  "model_index": null,
  "rmsd": 20.917165334700208,
  "inf_all": 0.797701187942319,
  "inf_wc": 0.8598506362744679,
  "inf_nwc": 0.0,
  "inf_stack": 0.7863247863247863
}
{
  "native_pdb": "/tmp/rna_inf_lormf1wf/CR1156_TS110_2_solution_normalized.pdb",
  "native_index": null,
  "model_pdb": "/tmp/rna_inf_sk280o8y/CR1156_TS110_2_refined_normalized.pdb",
  "model_index": null,
  "rmsd": 32.44372686888107,
  "inf_all": 0.8266034048967509,
  "inf_wc": 0.9045154217304137,
  "inf_nwc": 0.0,
  "inf_stack": 0.8135885378894743
}
{
  "native_pdb": "/tmp/rna_inf_zoev8l7p/CR1156_TS110_3_solution_normalized.pdb",
  "native_index": null,
  "model_pdb": "/tmp/rna_inf_k65_h4eq/CR1156_TS110_3_refined_normalized.pdb",
  "model_index": null,
  "rmsd": 27.73603231188368,
  "inf_all": 0.8144463665659877,
  "inf_wc": 0.8852704127574262,
  "inf_nwc": 0.0,
  "inf_stack": 0.8001210104378423
}
{
  "native_pdb": "/tmp/rna_inf_r1sk0knf/CR1156_TS110_4_solution_normalized.pdb",
  "native_index": null,
  "model_pdb": "/tmp/rna_inf_jw6gfrts/CR1156_TS110_4_refined_normalized.pdb",
  "model_index": null,
  "rmsd": 20.98174282766827,
  "inf_all": 0.7900746511020224,
  "inf_wc": 0.8492077756084468,
  "inf_nwc": 0.0,
  "inf_stack": 0.779630553615937
}
{
  "native_pdb": "/tmp/rna_inf_8j52_wv4/CR1156_TS110_5_solution_normalized.pdb",
  "native_index": null,
  "model_pdb": "/tmp/rna_inf_os1_q1ew/CR1156_TS110_5_refined_normalized.pdb",
  "model_index": null,
  "rmsd": 23.609355622344328,
  "inf_all": 0.7448398991564905,
  "inf_wc": 0.8075971698802286,
  "inf_nwc": 0.0,
  "inf_stack": 0.7381698792969152
}
{
  "native_pdb": "/tmp/rna_inf_4cian9d_/CR1156_TS119_1_solution_normalized.pdb",
  "native_index": null,
  "model_pdb": "/tmp/rna_inf_jxv2p9f1/CR1156_TS119_1_refined_normalized.pdb",
  "model_index": null,
  "rmsd": 30.688254683567347,
  "inf_all": 0.8645309671165332,
  "inf_wc": 0.9074074074074074,
  "inf_nwc": 0.0,
  "inf_stack": 0.8634348344036443
}
{
  "native_pdb": "/tmp/rna_inf_3btg6e4g/CR1156_TS119_2_solution_normalized.pdb",
  "native_index": null,
  "model_pdb": "/tmp/rna_inf_ola3s88g/CR1156_TS119_2_refined_normalized.pdb",
  "model_index": null,
  "rmsd": 16.218992781769224,
  "inf_all": 0.7884356061944936,
  "inf_wc": 0.8807710121010884,
  "inf_nwc": 0.0,
  "inf_stack": 0.7653331404188057
}
{
  "native_pdb": "/tmp/rna_inf_c1ymw6iw/CR1156_TS119_3_solution_normalized.pdb",
  "native_index": null,
  "model_pdb": "/tmp/rna_inf_d9hxqsef/CR1156_TS119_3_refined_normalized.pdb",
  "model_index": null,
  "rmsd": 15.84472804590689,
  "inf_all": 0.8193267335418126,
  "inf_wc": 0.8728715609439694,
  "inf_nwc": 0.0,
  "inf_stack": 0.8085860559699078
}
{
  "native_pdb": "/tmp/rna_inf_rz6p80w2/CR1156_TS119_4_solution_normalized.pdb",
  "native_index": null,
  "model_pdb": "/tmp/rna_inf_oek_3iq9/CR1156_TS119_4_refined_normalized.pdb",
  "model_index": null,
  "rmsd": 17.67064513311466,
  "inf_all": 0.8490338611062693,
  "inf_wc": 0.9074074074074074,
  "inf_nwc": 0.0,
  "inf_stack": 0.8439494725697222
}
{
  "native_pdb": "/tmp/rna_inf_4dmpn549/CR1156_TS119_5_solution_normalized.pdb",
  "native_index": null,
  "model_pdb": "/tmp/rna_inf_4p6fvwkc/CR1156_TS119_5_refined_normalized.pdb",
  "model_index": null,
  "rmsd": 18.87868872415116,
  "inf_all": 0.7649492600485693,
  "inf_wc": 0.710311395183256,
  "inf_nwc": 0.0,
  "inf_stack": 0.8085860559699078
}
{
  "native_pdb": "/tmp/rna_inf_dfpos8ix/CR1156_TS125_1_solution_normalized.pdb",
  "native_index": null,
  "model_pdb": "/tmp/rna_inf_6zfq8l6i/CR1156_TS125_1_refined_normalized.pdb",
  "model_index": null,
  "rmsd": 28.825395839185518,
  "inf_all": 0.6780874461184299,
  "inf_wc": 0.6296296296296297,
  "inf_nwc": 0.0,
  "inf_stack": 0.7173570516842639
}
{
  "native_pdb": "/tmp/rna_inf_lnijfj6u/CR1156_TS125_2_solution_normalized.pdb",
  "native_index": null,
  "model_pdb": "/tmp/rna_inf_6vwink7r/CR1156_TS125_2_refined_normalized.pdb",
  "model_index": null,
  "rmsd": 26.079737441396805,
  "inf_all": 0.7028686183568351,
  "inf_wc": 0.6605782590758164,
  "inf_nwc": 0.0,
  "inf_stack": 0.7404322357228397
}
{
  "native_pdb": "/tmp/rna_inf_z97h3es6/CR1156_TS125_3_solution_normalized.pdb",
  "native_index": null,
  "model_pdb": "/tmp/rna_inf__cndue4u/CR1156_TS125_3_refined_normalized.pdb",
  "model_index": null,
  "rmsd": 22.821545805688082,
  "inf_all": 0.7953923518757042,
  "inf_wc": 0.8680790595108567,
  "inf_nwc": 0.0,
  "inf_stack": 0.7863247863247863
}
{
  "native_pdb": "/tmp/rna_inf_r49sexsg/CR1156_TS125_4_solution_normalized.pdb",
  "native_index": null,
  "model_pdb": "/tmp/rna_inf_4jyu9_yl/CR1156_TS125_4_refined_normalized.pdb",
  "model_index": null,
  "rmsd": 21.510235939744547,
  "inf_all": 0.6843158461850065,
  "inf_wc": 0.6253989786553803,
  "inf_nwc": 0.0,
  "inf_stack": 0.7261187854278685
}
{
  "native_pdb": "/tmp/rna_inf_p35igx0y/CR1156_TS125_5_solution_normalized.pdb",
  "native_index": null,
  "model_pdb": "/tmp/rna_inf_arzz71jz/CR1156_TS125_5_refined_normalized.pdb",
  "model_index": null,
  "rmsd": 25.103510446971796,
  "inf_all": 0.8363860342261191,
  "inf_wc": 0.9246929112180865,
  "inf_nwc": 0.0,
  "inf_stack": 0.8139214557636054
}
{
  "native_pdb": "/tmp/rna_inf_ay_yvjx9/CR1156_TS128_1_solution_normalized.pdb",
  "native_index": null,
  "model_pdb": "/tmp/rna_inf_syuapci3/CR1156_TS128_1_refined_normalized.pdb",
  "model_index": null,
  "rmsd": 11.598661476369363,
  "inf_all": 0.8170602652067608,
  "inf_wc": 0.8910563851303023,
  "inf_nwc": 0.0,
  "inf_stack": 0.8068366490548787
}
{
  "native_pdb": "/tmp/rna_inf_i9_svpku/CR1156_TS128_2_solution_normalized.pdb",
  "native_index": null,
  "model_pdb": "/tmp/rna_inf_8_34uc15/CR1156_TS128_2_refined_normalized.pdb",
  "model_index": null,
  "rmsd": 23.176951799081316,
  "inf_all": 0.7923349160386216,
  "inf_wc": 0.8858233390878898,
  "inf_nwc": 0.0,
  "inf_stack": 0.7777777777777778
}
{
  "native_pdb": "/tmp/rna_inf_8nmf1ysi/CR1156_TS128_3_solution_normalized.pdb",
  "native_index": null,
  "model_pdb": "/tmp/rna_inf_ckabkdf3/CR1156_TS128_3_refined_normalized.pdb",
  "model_index": null,
  "rmsd": 29.581153830540867,
  "inf_all": 0.7965648745351414,
  "inf_wc": 0.8728715609439694,
  "inf_nwc": 0.0,
  "inf_stack": 0.7845119101696721
}
{
  "native_pdb": "/tmp/rna_inf_o_dv6cme/CR1156_TS128_4_solution_normalized.pdb",
  "native_index": null,
  "model_pdb": "/tmp/rna_inf_k_xodp57/CR1156_TS128_4_refined_normalized.pdb",
  "model_index": null,
  "rmsd": 23.63389053102493,
  "inf_all": 0.7216375039257551,
  "inf_wc": 0.6488856845230502,
  "inf_nwc": 0.0,
  "inf_stack": 0.7879452390902989
}
{
  "native_pdb": "/tmp/rna_inf__y8kgwga/CR1156_TS128_5_solution_normalized.pdb",
  "native_index": null,
  "model_pdb": "/tmp/rna_inf_vpgtoqt4/CR1156_TS128_5_refined_normalized.pdb",
  "model_index": null,
  "rmsd": 7.3394459362245,
  "inf_all": 0.7302967433402214,
  "inf_wc": 0.8508495020317435,
  "inf_nwc": 0.0,
  "inf_stack": 0.7004147683506573
}
{
  "native_pdb": "/tmp/rna_inf_z2_v_9j4/CR1156_TS131_1_solution_normalized.pdb",
  "native_index": null,
  "model_pdb": "/tmp/rna_inf_y9ptqtte/CR1156_TS131_1_refined_normalized.pdb",
  "model_index": null,
  "rmsd": 76.42333763824445,
  "inf_all": 0.6064784348631228,
  "inf_wc": 0.0,
  "inf_nwc": 0.0,
  "inf_stack": 0.7721972521892294
}
{
  "native_pdb": "/tmp/rna_inf_bqzdgfbr/CR1156_TS131_2_solution_normalized.pdb",
  "native_index": null,
  "model_pdb": "/tmp/rna_inf_xr5dgtx_/CR1156_TS131_2_refined_normalized.pdb",
  "model_index": null,
  "rmsd": 39.17959463422573,
  "inf_all": 0.5306686305052324,
  "inf_wc": 0.0,
  "inf_nwc": 0.0,
  "inf_stack": 0.6914246549984688
}
{
  "native_pdb": "/tmp/rna_inf_z5w48h46/CR1156_TS131_3_solution_normalized.pdb",
  "native_index": null,
  "model_pdb": "/tmp/rna_inf_sud5h67q/CR1156_TS131_3_refined_normalized.pdb",
  "model_index": null,
  "rmsd": 65.33268758433938,
  "inf_all": 0.6039877531493498,
  "inf_wc": 0.12909944487358055,
  "inf_nwc": 0.0,
  "inf_stack": 0.7492550042429222
}
{
  "native_pdb": "/tmp/rna_inf_90y7nhzf/CR1156_TS131_4_solution_normalized.pdb",
  "native_index": null,
  "model_pdb": "/tmp/rna_inf_nq5pkhoe/CR1156_TS131_4_refined_normalized.pdb",
  "model_index": null,
  "rmsd": 48.40077949485031,
  "inf_all": 0.49622176182743327,
  "inf_wc": 0.0,
  "inf_nwc": 0.0,
  "inf_stack": 0.6844475644404533
}
{
  "native_pdb": "/tmp/rna_inf_07e8i63f/CR1156_TS131_5_solution_normalized.pdb",
  "native_index": null,
  "model_pdb": "/tmp/rna_inf_38j_b7x3/CR1156_TS131_5_refined_normalized.pdb",
  "model_index": null,
  "rmsd": 41.35130538985652,
  "inf_all": 0.5144732521031448,
  "inf_wc": 0.0,
  "inf_nwc": 0.0,
  "inf_stack": 0.7294727006676192
}
{
  "native_pdb": "/tmp/rna_inf_ytns7cw1/CR1156_TS147_1_solution_normalized.pdb",
  "native_index": null,
  "model_pdb": "/tmp/rna_inf_jfxmcn4y/CR1156_TS147_1_refined_normalized.pdb",
  "model_index": null,
  "rmsd": 27.485892532763565,
  "inf_all": 0.6956784760539649,
  "inf_wc": 0.6481481481481481,
  "inf_nwc": 0.28867513459481287,
  "inf_stack": 0.7305452703997691
}
{
  "native_pdb": "/tmp/rna_inf_a81hf5ou/CR1156_TS147_2_solution_normalized.pdb",
  "native_index": null,
  "model_pdb": "/tmp/rna_inf_duj5xzfu/CR1156_TS147_2_refined_normalized.pdb",
  "model_index": null,
  "rmsd": 19.933312492489417,
  "inf_all": 0.7126436781609196,
  "inf_wc": 0.6728384948943098,
  "inf_nwc": 0.0,
  "inf_stack": 0.7533102835258901
}
{
  "native_pdb": "/tmp/rna_inf_hug7yp43/CR1156_TS147_3_solution_normalized.pdb",
  "native_index": null,
  "model_pdb": "/tmp/rna_inf_rojb_ubw/CR1156_TS147_3_refined_normalized.pdb",
  "model_index": null,
  "rmsd": 25.138200186788346,
  "inf_all": 0.6936532069063645,
  "inf_wc": 0.6364688465216444,
  "inf_nwc": 0.0,
  "inf_stack": 0.7458723458645965
}
{
  "native_pdb": "/tmp/rna_inf_rp9z2l1m/CR1156_TS147_4_solution_normalized.pdb",
  "native_index": null,
  "model_pdb": "/tmp/rna_inf_itrztk5m/CR1156_TS147_4_refined_normalized.pdb",
  "model_index": null,
  "rmsd": 21.733316595117497,
  "inf_all": 0.7200178023264528,
  "inf_wc": 0.6546536707079772,
  "inf_nwc": 0.0,
  "inf_stack": 0.7650567348465275
}
{
  "native_pdb": "/tmp/rna_inf_w0kh29sn/CR1156_TS147_5_solution_normalized.pdb",
  "native_index": null,
  "model_pdb": "/tmp/rna_inf_7k5enl5g/CR1156_TS147_5_refined_normalized.pdb",
  "model_index": null,
  "rmsd": 24.318975425608553,
  "inf_all": 0.684960786146369,
  "inf_wc": 0.6542341797740516,
  "inf_nwc": 0.0,
  "inf_stack": 0.7359297662145088
}
{
  "native_pdb": "/tmp/rna_inf_nf9052rb/CR1156_TS177_1_solution_normalized.pdb",
  "native_index": null,
  "model_pdb": "/tmp/rna_inf_3tp9yhcu/CR1156_TS177_1_refined_normalized.pdb",
  "model_index": null,
  "rmsd": 23.226155236114852,
  "inf_all": 0.41267736041627084,
  "inf_wc": 0.33203883006116813,
  "inf_nwc": 0.0,
  "inf_stack": 0.513611292801138
}
{
  "native_pdb": "/tmp/rna_inf_zo3i8tv6/CR1156_TS185_1_solution_normalized.pdb",
  "native_index": null,
  "model_pdb": "/tmp/rna_inf_a9vdjy48/CR1156_TS185_1_refined_normalized.pdb",
  "model_index": null,
  "rmsd": 25.207425377201492,
  "inf_all": 0.7285886696238526,
  "inf_wc": 0.8317268465819189,
  "inf_nwc": 0.0,
  "inf_stack": 0.6919053632356149
}
{
  "native_pdb": "/tmp/rna_inf_v1foipzg/CR1156_TS185_2_solution_normalized.pdb",
  "native_index": null,
  "model_pdb": "/tmp/rna_inf_itlhz23w/CR1156_TS185_2_refined_normalized.pdb",
  "model_index": null,
  "rmsd": 24.199285948695426,
  "inf_all": 0.6532412555335391,
  "inf_wc": 0.6670137985134996,
  "inf_nwc": 0.0,
  "inf_stack": 0.6739945045767263
}
{
  "native_pdb": "/tmp/rna_inf_gzhh4j28/CR1156_TS185_3_solution_normalized.pdb",
  "native_index": null,
  "model_pdb": "/tmp/rna_inf_cmtsu99z/CR1156_TS185_3_refined_normalized.pdb",
  "model_index": null,
  "rmsd": 20.306029750119514,
  "inf_all": 0.6855594721243198,
  "inf_wc": 0.5883484054145521,
  "inf_nwc": 0.0,
  "inf_stack": 0.7396002616336389
}
{
  "native_pdb": "/tmp/rna_inf_1ml6tfhc/CR1156_TS185_4_solution_normalized.pdb",
  "native_index": null,
  "model_pdb": "/tmp/rna_inf_7vzowz2u/CR1156_TS185_4_refined_normalized.pdb",
  "model_index": null,
  "rmsd": 22.209289039181026,
  "inf_all": 0.6557298026614674,
  "inf_wc": 0.616324155961227,
  "inf_nwc": 0.0,
  "inf_stack": 0.6938178723583946
}
{
  "native_pdb": "/tmp/rna_inf_bf56d63h/CR1156_TS185_5_solution_normalized.pdb",
  "native_index": null,
  "model_pdb": "/tmp/rna_inf_97o091ct/CR1156_TS185_5_refined_normalized.pdb",
  "model_index": null,
  "rmsd": 24.83485000627008,
  "inf_all": 0.5490083963475585,
  "inf_wc": 0.31273139581104725,
  "inf_nwc": 0.0,
  "inf_stack": 0.6618225213558055
}
{
  "native_pdb": "/tmp/rna_inf_46s3rmmp/CR1156_TS227_1_solution_normalized.pdb",
  "native_index": null,
  "model_pdb": "/tmp/rna_inf_cpxrw0bz/CR1156_TS227_1_refined_normalized.pdb",
  "model_index": null,
  "rmsd": 27.638076575473157,
  "inf_all": 0.6905088760015983,
  "inf_wc": 0.6238794669049377,
  "inf_nwc": 0.0,
  "inf_stack": 0.7453019008425055
}
{
  "native_pdb": "/tmp/rna_inf_fzq68daf/CR1156_TS227_2_solution_normalized.pdb",
  "native_index": null,
  "model_pdb": "/tmp/rna_inf_hk4ypta3/CR1156_TS227_2_refined_normalized.pdb",
  "model_index": null,
  "rmsd": 22.471770940828893,
  "inf_all": 0.6452972665260351,
  "inf_wc": 0.6364688465216444,
  "inf_nwc": 0.0,
  "inf_stack": 0.6734655730504566
}
{
  "native_pdb": "/tmp/rna_inf_wvspkvm9/CR1156_TS227_3_solution_normalized.pdb",
  "native_index": null,
  "model_pdb": "/tmp/rna_inf__ch7kcie/CR1156_TS227_3_refined_normalized.pdb",
  "model_index": null,
  "rmsd": 18.354119083321937,
  "inf_all": 0.7031729487596805,
  "inf_wc": 0.6789276551612557,
  "inf_nwc": 0.0,
  "inf_stack": 0.7359928057436858
}
{
  "native_pdb": "/tmp/rna_inf_qzzf8vqv/CR1156_TS227_4_solution_normalized.pdb",
  "native_index": null,
  "model_pdb": "/tmp/rna_inf_ku88_6v2/CR1156_TS227_4_refined_normalized.pdb",
  "model_index": null,
  "rmsd": 23.706855938350973,
  "inf_all": 0.6613319411490792,
  "inf_wc": 0.6422288629903771,
  "inf_nwc": 0.0,
  "inf_stack": 0.7004147683506573
}
{
  "native_pdb": "/tmp/rna_inf_6rsh19u7/CR1156_TS227_5_solution_normalized.pdb",
  "native_index": null,
  "model_pdb": "/tmp/rna_inf_01aegh6t/CR1156_TS227_5_refined_normalized.pdb",
  "model_index": null,
  "rmsd": 24.628167960273306,
  "inf_all": 0.67900460539727,
  "inf_wc": 0.6038810848771178,
  "inf_nwc": 0.0,
  "inf_stack": 0.7294727006676192
}
{
  "native_pdb": "/tmp/rna_inf__2hf73fk/CR1156_TS229_1_solution_normalized.pdb",
  "native_index": null,
  "model_pdb": "/tmp/rna_inf_vecegi_0/CR1156_TS229_1_refined_normalized.pdb",
  "model_index": null,
  "rmsd": 17.601922556827176,
  "inf_all": 0.6650507893040651,
  "inf_wc": 0.5882945988018451,
  "inf_nwc": 0.0,
  "inf_stack": 0.7190924955066748
}
{
  "native_pdb": "/tmp/rna_inf_u71dzv0o/CR1156_TS229_2_solution_normalized.pdb",
  "native_index": null,
  "model_pdb": "/tmp/rna_inf_acn5btgs/CR1156_TS229_2_refined_normalized.pdb",
  "model_index": null,
  "rmsd": 20.78169882931009,
  "inf_all": 0.6170962935546286,
  "inf_wc": 0.49746833816309105,
  "inf_nwc": 0.0,
  "inf_stack": 0.6824451140244627
}
{
  "native_pdb": "/tmp/rna_inf_7mon04yr/CR1156_TS229_3_solution_normalized.pdb",
  "native_index": null,
  "model_pdb": "/tmp/rna_inf_4s2yfsqc/CR1156_TS229_3_refined_normalized.pdb",
  "model_index": null,
  "rmsd": 19.824758943278695,
  "inf_all": 0.675290226135716,
  "inf_wc": 0.5812085000771593,
  "inf_nwc": 0.0,
  "inf_stack": 0.7296204537181901
}
{
  "native_pdb": "/tmp/rna_inf_a_lvsbc6/CR1156_TS229_4_solution_normalized.pdb",
  "native_index": null,
  "model_pdb": "/tmp/rna_inf_fsmla4nb/CR1156_TS229_4_refined_normalized.pdb",
  "model_index": null,
  "rmsd": 18.126203545921044,
  "inf_all": 0.6655162487833306,
  "inf_wc": 0.5443310539518174,
  "inf_nwc": 0.0,
  "inf_stack": 0.7294727006676192
}
{
  "native_pdb": "/tmp/rna_inf_he4x0p9j/CR1156_TS229_5_solution_normalized.pdb",
  "native_index": null,
  "model_pdb": "/tmp/rna_inf_r4a5cy7g/CR1156_TS229_5_refined_normalized.pdb",
  "model_index": null,
  "rmsd": 22.508601442139227,
  "inf_all": 0.6855594721243198,
  "inf_wc": 0.5465943944999485,
  "inf_nwc": 0.0,
  "inf_stack": 0.7561607263018003
}
{
  "native_pdb": "/tmp/rna_inf_a5e7kq5n/CR1156_TS232_1_solution_normalized.pdb",
  "native_index": null,
  "model_pdb": "/tmp/rna_inf_3epiuibu/CR1156_TS232_1_refined_normalized.pdb",
  "model_index": null,
  "rmsd": 30.243834585342572,
  "inf_all": 0.8116346550465973,
  "inf_wc": 0.9337145191092149,
  "inf_nwc": 0.0,
  "inf_stack": 0.7722405237645237
}
{
  "native_pdb": "/tmp/rna_inf_wcv0z0hx/CR1156_TS232_2_solution_normalized.pdb",
  "native_index": null,
  "model_pdb": "/tmp/rna_inf_zcnvagcu/CR1156_TS232_2_refined_normalized.pdb",
  "model_index": null,
  "rmsd": 30.772882386768053,
  "inf_all": 0.8090943212565858,
  "inf_wc": 0.9337145191092149,
  "inf_nwc": 0.0,
  "inf_stack": 0.76862345224613
}
{
  "native_pdb": "/tmp/rna_inf_86t1np6k/CR1156_TS232_3_solution_normalized.pdb",
  "native_index": null,
  "model_pdb": "/tmp/rna_inf_csxryypt/CR1156_TS232_3_refined_normalized.pdb",
  "model_index": null,
  "rmsd": 12.828416093846586,
  "inf_all": 0.8364509399316518,
  "inf_wc": 0.9337145191092149,
  "inf_nwc": 0.0,
  "inf_stack": 0.8095367775701627
}
{
  "native_pdb": "/tmp/rna_inf_v26p426c/CR1156_TS232_4_solution_normalized.pdb",
  "native_index": null,
  "model_pdb": "/tmp/rna_inf_1gm0wv4o/CR1156_TS232_4_refined_normalized.pdb",
  "model_index": null,
  "rmsd": 25.82950167953883,
  "inf_all": 0.815087612525153,
  "inf_wc": 0.9337145191092149,
  "inf_nwc": 0.0,
  "inf_stack": 0.7775609342489921
}
{
  "native_pdb": "/tmp/rna_inf_e2l940b6/CR1156_TS232_5_solution_normalized.pdb",
  "native_index": null,
  "model_pdb": "/tmp/rna_inf_kislovza/CR1156_TS232_5_refined_normalized.pdb",
  "model_index": null,
  "rmsd": 27.427370231518,
  "inf_all": 0.8116346550465973,
  "inf_wc": 0.9337145191092149,
  "inf_nwc": 0.0,
  "inf_stack": 0.7722405237645237
}
{
  "native_pdb": "/tmp/rna_inf_2cl_67bz/CR1156_TS235_1_solution_normalized.pdb",
  "native_index": null,
  "model_pdb": "/tmp/rna_inf_jjknroi0/CR1156_TS235_1_refined_normalized.pdb",
  "model_index": null,
  "rmsd": 21.019404704204025,
  "inf_all": 0.7298850574712644,
  "inf_wc": 0.6324555320336759,
  "inf_nwc": -1.0,
  "inf_stack": 0.7879452390902989
}
{
  "native_pdb": "/tmp/rna_inf_fnik_h17/CR1156_TS235_2_solution_normalized.pdb",
  "native_index": null,
  "model_pdb": "/tmp/rna_inf_g1e1c3am/CR1156_TS235_2_refined_normalized.pdb",
  "model_index": null,
  "rmsd": 20.4223111250038,
  "inf_all": 0.7200117553899287,
  "inf_wc": 0.6669102868709127,
  "inf_nwc": 0.0,
  "inf_stack": 0.7672698901659429
}
{
  "native_pdb": "/tmp/rna_inf_l7ug1hwq/CR1156_TS235_3_solution_normalized.pdb",
  "native_index": null,
  "model_pdb": "/tmp/rna_inf_1mnowwlp/CR1156_TS235_3_refined_normalized.pdb",
  "model_index": null,
  "rmsd": 20.67165487860427,
  "inf_all": 0.6787053054716564,
  "inf_wc": 0.6238794669049377,
  "inf_nwc": 0.0,
  "inf_stack": 0.7273428188944931
}
{
  "native_pdb": "/tmp/rna_inf_3q6zq1x3/CR1156_TS235_4_solution_normalized.pdb",
  "native_index": null,
  "model_pdb": "/tmp/rna_inf_6k2q_3ls/CR1156_TS235_4_refined_normalized.pdb",
  "model_index": null,
  "rmsd": 22.967549739437825,
  "inf_all": 0.7116702964125086,
  "inf_wc": 0.6416236526819376,
  "inf_nwc": 0.0,
  "inf_stack": 0.7578647467450735
}
{
  "native_pdb": "/tmp/rna_inf_3sd_1sj2/CR1156_TS235_5_solution_normalized.pdb",
  "native_index": null,
  "model_pdb": "/tmp/rna_inf_9sft_j_d/CR1156_TS235_5_refined_normalized.pdb",
  "model_index": null,
  "rmsd": 20.306246073242054,
  "inf_all": 0.7274260095384396,
  "inf_wc": 0.6666666666666666,
  "inf_nwc": 0.0,
  "inf_stack": 0.7687422135960734
}
{
  "native_pdb": "/tmp/rna_inf_ml_bwszo/CR1156_TS238_1_solution_normalized.pdb",
  "native_index": null,
  "model_pdb": "/tmp/rna_inf_tol2zzal/CR1156_TS238_1_refined_normalized.pdb",
  "model_index": null,
  "rmsd": 22.416494342144347,
  "inf_all": 0.5829181819485578,
  "inf_wc": 0.49746833816309105,
  "inf_nwc": 0.0,
  "inf_stack": 0.6614769048245084
}
{
  "native_pdb": "/tmp/rna_inf_180uoep1/CR1156_TS238_2_solution_normalized.pdb",
  "native_index": null,
  "model_pdb": "/tmp/rna_inf_29ykwskd/CR1156_TS238_2_refined_normalized.pdb",
  "model_index": null,
  "rmsd": 24.301844245319778,
  "inf_all": 0.4646418555974198,
  "inf_wc": 0.31212739461154115,
  "inf_nwc": 0.0,
  "inf_stack": 0.5639451994956496
}
{
  "native_pdb": "/tmp/rna_inf_kra_oxer/CR1156_TS238_3_solution_normalized.pdb",
  "native_index": null,
  "model_pdb": "/tmp/rna_inf_ud9vpz62/CR1156_TS238_3_refined_normalized.pdb",
  "model_index": null,
  "rmsd": 22.737527510344496,
  "inf_all": 0.5765337643698338,
  "inf_wc": 0.39725304768741604,
  "inf_nwc": 0.0,
  "inf_stack": 0.6783977720678438
}
{
  "native_pdb": "/tmp/rna_inf_t247t4dk/CR1156_TS238_4_solution_normalized.pdb",
  "native_index": null,
  "model_pdb": "/tmp/rna_inf_piup3vjk/CR1156_TS238_4_refined_normalized.pdb",
  "model_index": null,
  "rmsd": 22.111965639091157,
  "inf_all": 0.5107469790053945,
  "inf_wc": 0.42236839574996027,
  "inf_nwc": 0.0,
  "inf_stack": 0.6244360851225552
}
{
  "native_pdb": "/tmp/rna_inf_8u2sm8el/CR1156_TS238_5_solution_normalized.pdb",
  "native_index": null,
  "model_pdb": "/tmp/rna_inf_qg3kk8ka/CR1156_TS238_5_refined_normalized.pdb",
  "model_index": null,
  "rmsd": 22.9246844530978,
  "inf_all": 0.5448896193337421,
  "inf_wc": 0.3849001794597505,
  "inf_nwc": 0.0,
  "inf_stack": 0.6718548123582124
}
{
  "native_pdb": "/tmp/rna_inf_bj4429yb/CR1156_TS239_1_solution_normalized.pdb",
  "native_index": null,
  "model_pdb": "/tmp/rna_inf_lxlbvjwl/CR1156_TS239_1_refined_normalized.pdb",
  "model_index": null,
  "rmsd": 17.601922556827176,
  "inf_all": 0.6650507893040651,
  "inf_wc": 0.5882945988018451,
  "inf_nwc": 0.0,
  "inf_stack": 0.7190924955066748
}
{
  "native_pdb": "/tmp/rna_inf_jp9v0107/CR1156_TS239_2_solution_normalized.pdb",
  "native_index": null,
  "model_pdb": "/tmp/rna_inf_a9em3kv4/CR1156_TS239_2_refined_normalized.pdb",
  "model_index": null,
  "rmsd": 26.011473438165734,
  "inf_all": 0.670742765477502,
  "inf_wc": 0.5601120336112039,
  "inf_nwc": 0.0,
  "inf_stack": 0.7404402394871231
}
{
  "native_pdb": "/tmp/rna_inf_lr0fqk6j/CR1156_TS239_3_solution_normalized.pdb",
  "native_index": null,
  "model_pdb": "/tmp/rna_inf_d1gxnh5a/CR1156_TS239_3_refined_normalized.pdb",
  "model_index": null,
  "rmsd": 22.508601442139227,
  "inf_all": 0.6855594721243198,
  "inf_wc": 0.5465943944999485,
  "inf_nwc": 0.0,
  "inf_stack": 0.7561607263018003
}
{
  "native_pdb": "/tmp/rna_inf_m9sjicw2/CR1156_TS239_4_solution_normalized.pdb",
  "native_index": null,
  "model_pdb": "/tmp/rna_inf_brgiv1hj/CR1156_TS239_4_refined_normalized.pdb",
  "model_index": null,
  "rmsd": 27.052871732302126,
  "inf_all": 0.7075581740069765,
  "inf_wc": 0.5865884600854131,
  "inf_nwc": 0.0,
  "inf_stack": 0.7721972521892294
}
{
  "native_pdb": "/tmp/rna_inf_na3gy6vy/CR1156_TS239_5_solution_normalized.pdb",
  "native_index": null,
  "model_pdb": "/tmp/rna_inf_m0h0p4ux/CR1156_TS239_5_refined_normalized.pdb",
  "model_index": null,
  "rmsd": 19.824758943278695,
  "inf_all": 0.675290226135716,
  "inf_wc": 0.5812085000771593,
  "inf_nwc": 0.0,
  "inf_stack": 0.7296204537181901
}
{
  "native_pdb": "/tmp/rna_inf_3wukg5mh/CR1156_TS245_1_solution_normalized.pdb",
  "native_index": null,
  "model_pdb": "/tmp/rna_inf_a8a8sgz7/CR1156_TS245_1_refined_normalized.pdb",
  "model_index": null,
  "rmsd": 25.57234180998801,
  "inf_all": 0.5730682550612528,
  "inf_wc": 0.3872983346207417,
  "inf_nwc": 0.0,
  "inf_stack": 0.6734472986489587
}
{
  "native_pdb": "/tmp/rna_inf_30czz5on/CR1156_TS245_2_solution_normalized.pdb",
  "native_index": null,
  "model_pdb": "/tmp/rna_inf_bue8bltz/CR1156_TS245_2_refined_normalized.pdb",
  "model_index": null,
  "rmsd": 23.393215011584562,
  "inf_all": 0.5609188584090349,
  "inf_wc": 0.34426518632954817,
  "inf_nwc": 0.0,
  "inf_stack": 0.6597020301167049
}
{
  "native_pdb": "/tmp/rna_inf_05mlc6g0/CR1156_TS245_3_solution_normalized.pdb",
  "native_index": null,
  "model_pdb": "/tmp/rna_inf_xbou07ru/CR1156_TS245_3_refined_normalized.pdb",
  "model_index": null,
  "rmsd": 31.95545610794305,
  "inf_all": 0.5710263175908796,
  "inf_wc": 0.3175264481385601,
  "inf_nwc": 0.0,
  "inf_stack": 0.6758552604433828
}
{
  "native_pdb": "/tmp/rna_inf_vn75s7vp/CR1156_TS245_4_solution_normalized.pdb",
  "native_index": null,
  "model_pdb": "/tmp/rna_inf_j83vhps2/CR1156_TS245_4_refined_normalized.pdb",
  "model_index": null,
  "rmsd": 25.417515051423354,
  "inf_all": 0.5164355044298654,
  "inf_wc": 0.2810913475705226,
  "inf_nwc": 0.0,
  "inf_stack": 0.6431758808251548
}
{
  "native_pdb": "/tmp/rna_inf_75owcxam/CR1156_TS245_5_solution_normalized.pdb",
  "native_index": null,
  "model_pdb": "/tmp/rna_inf_plupvsyg/CR1156_TS245_5_refined_normalized.pdb",
  "model_index": null,
  "rmsd": 30.11283351758771,
  "inf_all": 0.5490083963475585,
  "inf_wc": 0.2581988897471611,
  "inf_nwc": 0.0,
  "inf_stack": 0.6960909740235914
}
{
  "native_pdb": "/tmp/rna_inf_va2dbpoo/CR1156_TS248_1_solution_normalized.pdb",
  "native_index": null,
  "model_pdb": "/tmp/rna_inf_rq4uf0x4/CR1156_TS248_1_refined_normalized.pdb",
  "model_index": null,
  "rmsd": 20.44918460477053,
  "inf_all": 0.8210809037937203,
  "inf_wc": 0.8765483240617118,
  "inf_nwc": -1.0,
  "inf_stack": 0.8058147496821467
}
{
  "native_pdb": "/tmp/rna_inf_2bbzhlx0/CR1156_TS248_2_solution_normalized.pdb",
  "native_index": null,
  "model_pdb": "/tmp/rna_inf_o5p7ty57/CR1156_TS248_2_refined_normalized.pdb",
  "model_index": null,
  "rmsd": 17.819401298963232,
  "inf_all": 0.794160656248172,
  "inf_wc": 0.8249579113843054,
  "inf_nwc": 0.0,
  "inf_stack": 0.7977614967232843
}
{
  "native_pdb": "/tmp/rna_inf_phs3jkzs/CR1156_TS248_3_solution_normalized.pdb",
  "native_index": null,
  "model_pdb": "/tmp/rna_inf_qww0_7rh/CR1156_TS248_3_refined_normalized.pdb",
  "model_index": null,
  "rmsd": 19.851659277106187,
  "inf_all": 0.8313035006480427,
  "inf_wc": 0.8956037224108795,
  "inf_nwc": 0.0,
  "inf_stack": 0.8197731222893149
}
{
  "native_pdb": "/tmp/rna_inf_xqb3tm2a/CR1156_TS248_4_solution_normalized.pdb",
  "native_index": null,
  "model_pdb": "/tmp/rna_inf_pbw79acb/CR1156_TS248_4_refined_normalized.pdb",
  "model_index": null,
  "rmsd": 19.16223338981644,
  "inf_all": 0.814199067929565,
  "inf_wc": 0.8748177652797064,
  "inf_nwc": 0.0,
  "inf_stack": 0.804373380257578
}
{
  "native_pdb": "/tmp/rna_inf_y1cqzdio/CR1156_TS248_5_solution_normalized.pdb",
  "native_index": null,
  "model_pdb": "/tmp/rna_inf_zpygydmx/CR1156_TS248_5_refined_normalized.pdb",
  "model_index": null,
  "rmsd": 33.52270765614157,
  "inf_all": 0.43657808404966264,
  "inf_wc": 0.0,
  "inf_nwc": 0.0,
  "inf_stack": 0.6436484803108318
}
{
  "native_pdb": "/tmp/rna_inf_f7qp5w9r/CR1156_TS287_1_solution_normalized.pdb",
  "native_index": null,
  "model_pdb": "/tmp/rna_inf_7lmv4w24/CR1156_TS287_1_refined_normalized.pdb",
  "model_index": null,
  "rmsd": 15.294029557742407,
  "inf_all": 0.8491171470905009,
  "inf_wc": 0.9346202568200738,
  "inf_nwc": 0.0,
  "inf_stack": 0.8273287946596168
}
{
  "native_pdb": "/tmp/rna_inf_wcjwmfyt/CR1156_TS287_2_solution_normalized.pdb",
  "native_index": null,
  "model_pdb": "/tmp/rna_inf_pu768hwi/CR1156_TS287_2_refined_normalized.pdb",
  "model_index": null,
  "rmsd": 27.127108717303482,
  "inf_all": 0.8403082224919269,
  "inf_wc": 0.9337145191092149,
  "inf_nwc": 0.0,
  "inf_stack": 0.8146986372986164
}
{
  "native_pdb": "/tmp/rna_inf_398daxpv/CR1156_TS287_3_solution_normalized.pdb",
  "native_index": null,
  "model_pdb": "/tmp/rna_inf_ll6u7r54/CR1156_TS287_3_refined_normalized.pdb",
  "model_index": null,
  "rmsd": 27.894270702135366,
  "inf_all": 0.7600489148782106,
  "inf_wc": 0.8852704127574262,
  "inf_nwc": 0.0,
  "inf_stack": 0.7294727006676192
}
{
  "native_pdb": "/tmp/rna_inf_zxgik_ih/CR1156_TS287_4_solution_normalized.pdb",
  "native_index": null,
  "model_pdb": "/tmp/rna_inf_i1_l0y64/CR1156_TS287_4_refined_normalized.pdb",
  "model_index": null,
  "rmsd": 29.415741201493315,
  "inf_all": 0.8202301721364507,
  "inf_wc": 0.9435641951204965,
  "inf_nwc": 0.0,
  "inf_stack": 0.779630553615937
}
{
  "native_pdb": "/tmp/rna_inf_99alozrt/CR1156_TS287_5_solution_normalized.pdb",
  "native_index": null,
  "model_pdb": "/tmp/rna_inf_2dqmqfk6/CR1156_TS287_5_refined_normalized.pdb",
  "model_index": null,
  "rmsd": 26.585594445722624,
  "inf_all": 0.7661997935917594,
  "inf_wc": 0.8660254037844386,
  "inf_nwc": 0.0,
  "inf_stack": 0.744651544634788
}
{
  "native_pdb": "/tmp/rna_inf_zyi34ek0/CR1156_TS385_1_solution_normalized.pdb",
  "native_index": null,
  "model_pdb": "/tmp/rna_inf_tle8n6ns/CR1156_TS385_1_refined_normalized.pdb",
  "model_index": null,
  "rmsd": 25.57234180998801,
  "inf_all": 0.5730682550612528,
  "inf_wc": 0.3872983346207417,
  "inf_nwc": 0.0,
  "inf_stack": 0.6734472986489587
}
{
  "native_pdb": "/tmp/rna_inf_t1miy8ms/CR1156_TS392_1_solution_normalized.pdb",
  "native_index": null,
  "model_pdb": "/tmp/rna_inf_p1iqzjcd/CR1156_TS392_1_refined_normalized.pdb",
  "model_index": null,
  "rmsd": 28.22807312873409,
  "inf_all": 0.7649176535789208,
  "inf_wc": 0.8703703703703703,
  "inf_nwc": 0.0,
  "inf_stack": 0.7453019008425055
}
{
  "native_pdb": "/tmp/rna_inf_lornh02o/CR1156_TS392_2_solution_normalized.pdb",
  "native_index": null,
  "model_pdb": "/tmp/rna_inf_cqfkioqp/CR1156_TS392_2_refined_normalized.pdb",
  "model_index": null,
  "rmsd": 31.322045377961327,
  "inf_all": 0.8144463665659877,
  "inf_wc": 0.8869503434132667,
  "inf_nwc": -1.0,
  "inf_stack": 0.7914240429330832
}
{
  "native_pdb": "/tmp/rna_inf_6x4sy7zf/CR1156_TS392_3_solution_normalized.pdb",
  "native_index": null,
  "model_pdb": "/tmp/rna_inf_ntl1kbph/CR1156_TS392_3_refined_normalized.pdb",
  "model_index": null,
  "rmsd": 17.13500888975578,
  "inf_all": 0.7577281494151025,
  "inf_wc": 0.8365019125713041,
  "inf_nwc": 0.0,
  "inf_stack": 0.7506212163874892
}
{
  "native_pdb": "/tmp/rna_inf_gk665wp3/CR1156_TS392_4_solution_normalized.pdb",
  "native_index": null,
  "model_pdb": "/tmp/rna_inf_fo5g0f8i/CR1156_TS392_4_refined_normalized.pdb",
  "model_index": null,
  "rmsd": 28.991072846569097,
  "inf_all": 0.7034167010403843,
  "inf_wc": 0.8114652078036269,
  "inf_nwc": 0.0,
  "inf_stack": 0.6676427530849457
}
{
  "native_pdb": "/tmp/rna_inf_49h2q3n7/CR1156_TS392_5_solution_normalized.pdb",
  "native_index": null,
  "model_pdb": "/tmp/rna_inf_32l6wrj8/CR1156_TS392_5_refined_normalized.pdb",
  "model_index": null,
  "rmsd": 21.340229043062934,
  "inf_all": 0.710947693641158,
  "inf_wc": 0.7939884455672183,
  "inf_nwc": 0.0,
  "inf_stack": 0.7026202485519569
}
{
  "native_pdb": "/tmp/rna_inf_2mwhmd8a/CR1156_TS416_1_solution_normalized.pdb",
  "native_index": null,
  "model_pdb": "/tmp/rna_inf_z8h1jwoa/CR1156_TS416_1_refined_normalized.pdb",
  "model_index": null,
  "rmsd": 23.993292148111887,
  "inf_all": 0.7778625613206686,
  "inf_wc": 0.8574929257125442,
  "inf_nwc": 0.0,
  "inf_stack": 0.7580697689987214
}
{
  "native_pdb": "/tmp/rna_inf_glhhwz31/CR1156_TS416_2_solution_normalized.pdb",
  "native_index": null,
  "model_pdb": "/tmp/rna_inf_dpjyysov/CR1156_TS416_2_refined_normalized.pdb",
  "model_index": null,
  "rmsd": 28.825395839185518,
  "inf_all": 0.6780874461184299,
  "inf_wc": 0.6296296296296297,
  "inf_nwc": 0.0,
  "inf_stack": 0.7173570516842639
}
{
  "native_pdb": "/tmp/rna_inf_whjydx1z/CR1156_TS416_3_solution_normalized.pdb",
  "native_index": null,
  "model_pdb": "/tmp/rna_inf_28k6rly0/CR1156_TS416_3_refined_normalized.pdb",
  "model_index": null,
  "rmsd": 28.487805641656767,
  "inf_all": 0.7804862563799438,
  "inf_wc": 0.8535375789847596,
  "inf_nwc": -1.0,
  "inf_stack": 0.7580697689987214
}
{
  "native_pdb": "/tmp/rna_inf_l178g_m1/CR1156_TS416_4_solution_normalized.pdb",
  "native_index": null,
  "model_pdb": "/tmp/rna_inf_4ewax_dj/CR1156_TS416_4_refined_normalized.pdb",
  "model_index": null,
  "rmsd": 26.068827237670103,
  "inf_all": 0.7626240422580416,
  "inf_wc": 0.822465826001665,
  "inf_nwc": 0.0,
  "inf_stack": 0.7546473146394742
}
{
  "native_pdb": "/tmp/rna_inf_k3lrh7ig/CR1156_TS416_5_solution_normalized.pdb",
  "native_index": null,
  "model_pdb": "/tmp/rna_inf_tq4zjwzp/CR1156_TS416_5_refined_normalized.pdb",
  "model_index": null,
  "rmsd": 21.510235939744547,
  "inf_all": 0.6843158461850065,
  "inf_wc": 0.6253989786553803,
  "inf_nwc": 0.0,
  "inf_stack": 0.7261187854278685
}
{
  "native_pdb": "/tmp/rna_inf_irbjnxc8/CR1156_TS434_1_solution_normalized.pdb",
  "native_index": null,
  "model_pdb": "/tmp/rna_inf_s3i1zudb/CR1156_TS434_1_refined_normalized.pdb",
  "model_index": null,
  "rmsd": 20.911795375612073,
  "inf_all": 0.6994336502972508,
  "inf_wc": 0.6422288629903771,
  "inf_nwc": 0.0,
  "inf_stack": 0.7512707996507082
}
{
  "native_pdb": "/tmp/rna_inf_gq6m4519/CR1156_TS434_2_solution_normalized.pdb",
  "native_index": null,
  "model_pdb": "/tmp/rna_inf_okym2fs4/CR1156_TS434_2_refined_normalized.pdb",
  "model_index": null,
  "rmsd": 25.099684020132557,
  "inf_all": 0.6590059784679932,
  "inf_wc": 0.6364688465216444,
  "inf_nwc": 0.0,
  "inf_stack": 0.6881861142203722
}
{
  "native_pdb": "/tmp/rna_inf_ymsrxnxs/CR1156_TS434_3_solution_normalized.pdb",
  "native_index": null,
  "model_pdb": "/tmp/rna_inf_giiqz368/CR1156_TS434_3_refined_normalized.pdb",
  "model_index": null,
  "rmsd": 17.18452993167619,
  "inf_all": 0.6881197626331584,
  "inf_wc": 0.6296296296296297,
  "inf_nwc": 0.0,
  "inf_stack": 0.7404402394871231
}
{
  "native_pdb": "/tmp/rna_inf_5wpicccx/CR1156_TS434_4_solution_normalized.pdb",
  "native_index": null,
  "model_pdb": "/tmp/rna_inf_eouusja7/CR1156_TS434_4_refined_normalized.pdb",
  "model_index": null,
  "rmsd": 32.33928179721406,
  "inf_all": 0.6772419133481051,
  "inf_wc": 0.6416236526819376,
  "inf_nwc": 0.0,
  "inf_stack": 0.7161722527402212
}
{
  "native_pdb": "/tmp/rna_inf_qpbghjwv/CR1156_TS434_5_solution_normalized.pdb",
  "native_index": null,
  "model_pdb": "/tmp/rna_inf_7le6eswr/CR1156_TS434_5_refined_normalized.pdb",
  "model_index": null,
  "rmsd": 23.212398382748834,
  "inf_all": 0.7018624063435964,
  "inf_wc": 0.6728384948943098,
  "inf_nwc": 0.0,
  "inf_stack": 0.7349738925672327
}
{
  "native_pdb": "/tmp/rna_inf_e_b5q3rw/CR1156_TS439_1_solution_normalized.pdb",
  "native_index": null,
  "model_pdb": "/tmp/rna_inf_qqkym1k5/CR1156_TS439_1_refined_normalized.pdb",
  "model_index": null,
  "rmsd": 20.78169882931009,
  "inf_all": 0.6170962935546286,
  "inf_wc": 0.49746833816309105,
  "inf_nwc": 0.0,
  "inf_stack": 0.6824451140244627
}
{
  "native_pdb": "/tmp/rna_inf_ewf_1kux/CR1156_TS439_2_solution_normalized.pdb",
  "native_index": null,
  "model_pdb": "/tmp/rna_inf_4mkabren/CR1156_TS439_2_refined_normalized.pdb",
  "model_index": null,
  "rmsd": 19.81856063969188,
  "inf_all": 0.7059786870265866,
  "inf_wc": 0.6172133998483676,
  "inf_nwc": -1.0,
  "inf_stack": 0.7526841068459611
}
{
  "native_pdb": "/tmp/rna_inf_5e7uoovp/CR1156_TS439_3_solution_normalized.pdb",
  "native_index": null,
  "model_pdb": "/tmp/rna_inf_igi4t9db/CR1156_TS439_3_refined_normalized.pdb",
  "model_index": null,
  "rmsd": 29.239331706033795,
  "inf_all": 0.7232054124970401,
  "inf_wc": 0.6670633740309424,
  "inf_nwc": 0.0,
  "inf_stack": 0.7639555338931637
}
{
  "native_pdb": "/tmp/rna_inf_fk81i7dx/CR1156_TS439_4_solution_normalized.pdb",
  "native_index": null,
  "model_pdb": "/tmp/rna_inf_wmfb3g4o/CR1156_TS439_4_refined_normalized.pdb",
  "model_index": null,
  "rmsd": 17.601922556827176,
  "inf_all": 0.6650507893040651,
  "inf_wc": 0.5882945988018451,
  "inf_nwc": 0.0,
  "inf_stack": 0.7190924955066748
}
{
  "native_pdb": "/tmp/rna_inf_opuw25vb/CR1156_TS439_5_solution_normalized.pdb",
  "native_index": null,
  "model_pdb": "/tmp/rna_inf_fxr9gitg/CR1156_TS439_5_refined_normalized.pdb",
  "model_index": null,
  "rmsd": 23.606392587233007,
  "inf_all": 0.5258834971711983,
  "inf_wc": 0.4643825309009521,
  "inf_nwc": 0.0,
  "inf_stack": 0.5785955664448801
}
{
  "native_pdb": "/tmp/rna_inf_i3s9hkxd/CR1156_TS470_1_solution_normalized.pdb",
  "native_index": null,
  "model_pdb": "/tmp/rna_inf__kc85k7e/CR1156_TS470_1_refined_normalized.pdb",
  "model_index": null,
  "rmsd": 22.92935486821395,
  "inf_all": 0.757056277659802,
  "inf_wc": 0.8249579113843054,
  "inf_nwc": 0.0,
  "inf_stack": 0.742170829356675
}
{
  "native_pdb": "/tmp/rna_inf_5kcwiq6w/CR1156_TS470_2_solution_normalized.pdb",
  "native_index": null,
  "model_pdb": "/tmp/rna_inf_nvaa0sz6/CR1156_TS470_2_refined_normalized.pdb",
  "model_index": null,
  "rmsd": 22.97966870173383,
  "inf_all": 0.7587052507596143,
  "inf_wc": 0.8467803948114511,
  "inf_nwc": 0.0,
  "inf_stack": 0.7414672991144711
}
{
  "native_pdb": "/tmp/rna_inf_qjrcwn2x/CR1156_TS470_3_solution_normalized.pdb",
  "native_index": null,
  "model_pdb": "/tmp/rna_inf_qhxfxzrq/CR1156_TS470_3_refined_normalized.pdb",
  "model_index": null,
  "rmsd": 22.707606471006777,
  "inf_all": 0.7697799125784541,
  "inf_wc": 0.8082903768654761,
  "inf_nwc": 0.0,
  "inf_stack": 0.7656203427622807
}
{
  "native_pdb": "/tmp/rna_inf_n68qfgzk/CR1156_TS470_4_solution_normalized.pdb",
  "native_index": null,
  "model_pdb": "/tmp/rna_inf_zu68_ot7/CR1156_TS470_4_refined_normalized.pdb",
  "model_index": null,
  "rmsd": 22.9832871331755,
  "inf_all": 0.8090094444882143,
  "inf_wc": 0.8869503434132667,
  "inf_nwc": 0.0,
  "inf_stack": 0.7897841205622523
}
{
  "native_pdb": "/tmp/rna_inf_h8nun0nr/CR1156_TS470_5_solution_normalized.pdb",
  "native_index": null,
  "model_pdb": "/tmp/rna_inf_0v4jqnza/CR1156_TS470_5_refined_normalized.pdb",
  "model_index": null,
  "rmsd": 22.779687952112635,
  "inf_all": 0.7878385971583354,
  "inf_wc": 0.7825080450574998,
  "inf_nwc": 0.0,
  "inf_stack": 0.8043152845265822
}
{
  "native_pdb": "/tmp/rna_inf_i1thk_7w/CR1156_TS489_1_solution_normalized.pdb",
  "native_index": null,
  "model_pdb": "/tmp/rna_inf_0eey0z5x/CR1156_TS489_1_refined_normalized.pdb",
  "model_index": null,
  "rmsd": 22.92935486821395,
  "inf_all": 0.757056277659802,
  "inf_wc": 0.8249579113843054,
  "inf_nwc": 0.0,
  "inf_stack": 0.742170829356675
}
{
  "native_pdb": "/tmp/rna_inf_qtir138z/CR1156_TS489_2_solution_normalized.pdb",
  "native_index": null,
  "model_pdb": "/tmp/rna_inf_z742u6en/CR1156_TS489_2_refined_normalized.pdb",
  "model_index": null,
  "rmsd": 22.97966870173383,
  "inf_all": 0.7587052507596143,
  "inf_wc": 0.8467803948114511,
  "inf_nwc": 0.0,
  "inf_stack": 0.7414672991144711
}
{
  "native_pdb": "/tmp/rna_inf_yiqf1i12/CR1156_TS489_3_solution_normalized.pdb",
  "native_index": null,
  "model_pdb": "/tmp/rna_inf_6yzvfky6/CR1156_TS489_3_refined_normalized.pdb",
  "model_index": null,
  "rmsd": 22.707606471006777,
  "inf_all": 0.7697799125784541,
  "inf_wc": 0.8082903768654761,
  "inf_nwc": 0.0,
  "inf_stack": 0.7656203427622807
}
{
  "native_pdb": "/tmp/rna_inf_womzy8ye/CR1156_TS489_4_solution_normalized.pdb",
  "native_index": null,
  "model_pdb": "/tmp/rna_inf_niiqdhv4/CR1156_TS489_4_refined_normalized.pdb",
  "model_index": null,
  "rmsd": 22.9832871331755,
  "inf_all": 0.8090094444882143,
  "inf_wc": 0.8869503434132667,
  "inf_nwc": 0.0,
  "inf_stack": 0.7897841205622523
}
{
  "native_pdb": "/tmp/rna_inf_dxdq4ubn/CR1156_TS489_5_solution_normalized.pdb",
  "native_index": null,
  "model_pdb": "/tmp/rna_inf_vwomtn48/CR1156_TS489_5_refined_normalized.pdb",
  "model_index": null,
  "rmsd": 22.779687952112635,
  "inf_all": 0.7878385971583354,
  "inf_wc": 0.7825080450574998,
  "inf_nwc": 0.0,
  "inf_stack": 0.8043152845265822
}
