{
  "native_pdb": "/tmp/rna_inf_3e9e3t97/CR1126_TS029_1_solution_normalized.pdb",
  "native_index": null,
  "model_pdb": "/tmp/rna_inf_4dj5zfhh/CR1126_TS029_1_refined_normalized.pdb",
  "model_index": null,
  "rmsd": 43.621666753217916,
  "inf_all": 0.2852074395630127,
  "inf_wc": 0.0,
  "inf_nwc": 0.0,
  "inf_stack": 0.4409523662077405
}
{
  "native_pdb": "/tmp/rna_inf__fajirsy/CR1126_TS029_2_solution_normalized.pdb",
  "native_index": null,
  "model_pdb": "/tmp/rna_inf_xtd1zgf7/CR1126_TS029_2_refined_normalized.pdb",
  "model_index": null,
  "rmsd": 53.81660955868386,
  "inf_all": 0.31570927449573166,
  "inf_wc": 0.11436999325014037,
  "inf_nwc": 0.0,
  "inf_stack": 0.4436995740100523
}
{
  "native_pdb": "/tmp/rna_inf_pbkbbsk9/CR1126_TS029_3_solution_normalized.pdb",
  "native_index": null,
  "model_pdb": "/tmp/rna_inf_fxxtpumt/CR1126_TS029_3_refined_normalized.pdb",
  "model_index": null,
  "rmsd": 46.81691275000491,
  "inf_all": 0.3480054079071623,
  "inf_wc": 0.12775935072967232,
  "inf_nwc": 0.0,
  "inf_stack": 0.4711845979795332
}
{
  "native_pdb": "/tmp/rna_inf_pwuoo706/CR1126_TS035_1_solution_normalized.pdb",
  "native_index": null,
  "model_pdb": "/tmp/rna_inf_yg816f4f/CR1126_TS035_1_refined_normalized.pdb",
  "model_index": null,
  "rmsd": 43.5382890140489,
  "inf_all": 0.3518123358236217,
  "inf_wc": 0.11015128039613374,
  "inf_nwc": 0.0,
  "inf_stack": 0.5071123941290789
}
{
  "native_pdb": "/tmp/rna_inf_wm9y1bfy/CR1126_TS035_2_solution_normalized.pdb",
  "native_index": null,
  "model_pdb": "/tmp/rna_inf_gbft71_i/CR1126_TS035_2_refined_normalized.pdb",
  "model_index": null,
  "rmsd": 44.28872481488675,
  "inf_all": 0.3503975907286647,
  "inf_wc": 0.13497638119975425,
  "inf_nwc": 0.0,
  "inf_stack": 0.48682745480917183
}
{
  "native_pdb": "/tmp/rna_inf_ob4a4xz8/CR1126_TS035_3_solution_normalized.pdb",
  "native_index": null,
  "model_pdb": "/tmp/rna_inf_5sg2e2w8/CR1126_TS035_3_refined_normalized.pdb",
  "model_index": null,
  "rmsd": 48.55506230714086,
  "inf_all": 0.34951102660486766,
  "inf_wc": 0.0817894731149928,
  "inf_nwc": 0.0,
  "inf_stack": 0.5151270840714672
}
{
  "native_pdb": "/tmp/rna_inf_ha99s_je/CR1126_TS035_4_solution_normalized.pdb",
  "native_index": null,
  "model_pdb": "/tmp/rna_inf_hvs5l1d6/CR1126_TS035_4_refined_normalized.pdb",
  "model_index": null,
  "rmsd": 44.50596308248441,
  "inf_all": 0.3847783948721553,
  "inf_wc": 0.17787286465580196,
  "inf_nwc": 0.0,
  "inf_stack": 0.5233301098867137
}
{
  "native_pdb": "/tmp/rna_inf__9y9i1o3/CR1126_TS035_5_solution_normalized.pdb",
  "native_index": null,
  "model_pdb": "/tmp/rna_inf_coqfr80w/CR1126_TS035_5_refined_normalized.pdb",
  "model_index": null,
  "rmsd": 35.68083185237288,
  "inf_all": 0.34468083765780855,
  "inf_wc": 0.13497638119975425,
  "inf_nwc": 0.05212860351426869,
  "inf_stack": 0.4802151846148631
}
{
  "native_pdb": "/tmp/rna_inf_yjycd9cp/CR1126_TS054_1_solution_normalized.pdb",
  "native_index": null,
  "model_pdb": "/tmp/rna_inf_hxphvjbh/CR1126_TS054_1_refined_normalized.pdb",
  "model_index": null,
  "rmsd": 41.460571556017946,
  "inf_all": 0.7349309592160734,
  "inf_wc": 0.8682007505446119,
  "inf_nwc": 0.0,
  "inf_stack": 0.7021018345920779
}
{
  "native_pdb": "/tmp/rna_inf_j3pfmiz0/CR1126_TS054_2_solution_normalized.pdb",
  "native_index": null,
  "model_pdb": "/tmp/rna_inf_eku9x981/CR1126_TS054_2_refined_normalized.pdb",
  "model_index": null,
  "rmsd": 34.224407956899825,
  "inf_all": 0.7493148326928284,
  "inf_wc": 0.8780590918141948,
  "inf_nwc": 0.0,
  "inf_stack": 0.7150419835390902
}
{
  "native_pdb": "/tmp/rna_inf_pagrwop8/CR1126_TS054_3_solution_normalized.pdb",
  "native_index": null,
  "model_pdb": "/tmp/rna_inf_i3ku8jyn/CR1126_TS054_3_refined_normalized.pdb",
  "model_index": null,
  "rmsd": 49.40783943793902,
  "inf_all": 0.7322823980349333,
  "inf_wc": 0.8459061860169813,
  "inf_nwc": 0.0,
  "inf_stack": 0.6935155549395279
}
{
  "native_pdb": "/tmp/rna_inf_2jt6_drb/CR1126_TS054_4_solution_normalized.pdb",
  "native_index": null,
  "model_pdb": "/tmp/rna_inf_rjicz43e/CR1126_TS054_4_refined_normalized.pdb",
  "model_index": null,
  "rmsd": 43.231060053704816,
  "inf_all": 0.7405757813561599,
  "inf_wc": 0.839096271157898,
  "inf_nwc": 0.0,
  "inf_stack": 0.7187910532468683
}
{
  "native_pdb": "/tmp/rna_inf_0pvons8y/CR1126_TS054_5_solution_normalized.pdb",
  "native_index": null,
  "model_pdb": "/tmp/rna_inf_5lg1t7un/CR1126_TS054_5_refined_normalized.pdb",
  "model_index": null,
  "rmsd": 41.614246727136695,
  "inf_all": 0.7494879815508672,
  "inf_wc": 0.8943636881404244,
  "inf_nwc": 0.0,
  "inf_stack": 0.7093784995866098
}
{
  "native_pdb": "/tmp/rna_inf_r2eqnvnc/CR1126_TS076_1_solution_normalized.pdb",
  "native_index": null,
  "model_pdb": "/tmp/rna_inf_k0vg34il/CR1126_TS076_1_refined_normalized.pdb",
  "model_index": null,
  "rmsd": 39.69105070475726,
  "inf_all": 0.7409397088850491,
  "inf_wc": 0.8693982563666518,
  "inf_nwc": 0.0,
  "inf_stack": 0.700744136812341
}
{
  "native_pdb": "/tmp/rna_inf_kt8vorh5/CR1126_TS076_2_solution_normalized.pdb",
  "native_index": null,
  "model_pdb": "/tmp/rna_inf_jpv83fho/CR1126_TS076_2_refined_normalized.pdb",
  "model_index": null,
  "rmsd": 49.28175664604171,
  "inf_all": 0.6394070762065862,
  "inf_wc": 0.6871011602274915,
  "inf_nwc": 0.0,
  "inf_stack": 0.6608257853568277
}
{
  "native_pdb": "/tmp/rna_inf_lvljsnuq/CR1126_TS076_3_solution_normalized.pdb",
  "native_index": null,
  "model_pdb": "/tmp/rna_inf_xodf3h1e/CR1126_TS076_3_refined_normalized.pdb",
  "model_index": null,
  "rmsd": 38.095089387068874,
  "inf_all": 0.5973477676293549,
  "inf_wc": 0.650596072024066,
  "inf_nwc": 0.0,
  "inf_stack": 0.6196756467243573
}
{
  "native_pdb": "/tmp/rna_inf_c3oal587/CR1126_TS076_4_solution_normalized.pdb",
  "native_index": null,
  "model_pdb": "/tmp/rna_inf_99i9ope7/CR1126_TS076_4_refined_normalized.pdb",
  "model_index": null,
  "rmsd": 38.095089387068874,
  "inf_all": 0.5973477676293549,
  "inf_wc": 0.650596072024066,
  "inf_nwc": 0.0,
  "inf_stack": 0.6196756467243573
}
{
  "native_pdb": "/tmp/rna_inf_e28xhcmp/CR1126_TS076_5_solution_normalized.pdb",
  "native_index": null,
  "model_pdb": "/tmp/rna_inf_1ic_uff2/CR1126_TS076_5_refined_normalized.pdb",
  "model_index": null,
  "rmsd": 32.744382195007425,
  "inf_all": 0.6597518708050482,
  "inf_wc": 0.7313753550058342,
  "inf_nwc": 0.0,
  "inf_stack": 0.658908665957873
}
{
  "native_pdb": "/tmp/rna_inf_snlod0fq/CR1126_TS081_1_solution_normalized.pdb",
  "native_index": null,
  "model_pdb": "/tmp/rna_inf__sktqsv5/CR1126_TS081_1_refined_normalized.pdb",
  "model_index": null,
  "rmsd": 19.948155068259357,
  "inf_all": 0.8388620733262675,
  "inf_wc": 0.9704970196163816,
  "inf_nwc": 0.0944911182523068,
  "inf_stack": 0.7972361715914215
}
{
  "native_pdb": "/tmp/rna_inf_pbrcrocz/CR1126_TS081_2_solution_normalized.pdb",
  "native_index": null,
  "model_pdb": "/tmp/rna_inf_69i1zpum/CR1126_TS081_2_refined_normalized.pdb",
  "model_index": null,
  "rmsd": 20.00069556316866,
  "inf_all": 0.8433269270042297,
  "inf_wc": 0.9704970196163816,
  "inf_nwc": 0.0944911182523068,
  "inf_stack": 0.803725754095458
}
{
  "native_pdb": "/tmp/rna_inf_hrhwyenl/CR1126_TS081_3_solution_normalized.pdb",
  "native_index": null,
  "model_pdb": "/tmp/rna_inf_6c93dhai/CR1126_TS081_3_refined_normalized.pdb",
  "model_index": null,
  "rmsd": 19.95389667730923,
  "inf_all": 0.8427100846845625,
  "inf_wc": 0.9704970196163816,
  "inf_nwc": 0.0944911182523068,
  "inf_stack": 0.8030133208652954
}
{
  "native_pdb": "/tmp/rna_inf_v0ox0yfd/CR1126_TS097_1_solution_normalized.pdb",
  "native_index": null,
  "model_pdb": "/tmp/rna_inf_qz0_o44q/CR1126_TS097_1_refined_normalized.pdb",
  "model_index": null,
  "rmsd": 52.69548509029217,
  "inf_all": 0.1751170668096215,
  "inf_wc": 0.08471737420873576,
  "inf_nwc": 0.0,
  "inf_stack": 0.27371430369424377
}
{
  "native_pdb": "/tmp/rna_inf_eguh46of/CR1126_TS110_1_solution_normalized.pdb",
  "native_index": null,
  "model_pdb": "/tmp/rna_inf_dedsxqy6/CR1126_TS110_1_refined_normalized.pdb",
  "model_index": null,
  "rmsd": 45.48360999716675,
  "inf_all": 0.7217464239377482,
  "inf_wc": 0.8410532447756864,
  "inf_nwc": 0.0,
  "inf_stack": 0.6932613982082766
}
{
  "native_pdb": "/tmp/rna_inf_kmavuzyq/CR1126_TS110_2_solution_normalized.pdb",
  "native_index": null,
  "model_pdb": "/tmp/rna_inf_qohhm8jn/CR1126_TS110_2_refined_normalized.pdb",
  "model_index": null,
  "rmsd": 46.79924618144763,
  "inf_all": 0.7129706770903477,
  "inf_wc": 0.831997403622071,
  "inf_nwc": 0.0,
  "inf_stack": 0.6826454405043401
}
{
  "native_pdb": "/tmp/rna_inf_gjlg811q/CR1126_TS110_3_solution_normalized.pdb",
  "native_index": null,
  "model_pdb": "/tmp/rna_inf_z3_10mk2/CR1126_TS110_3_refined_normalized.pdb",
  "model_index": null,
  "rmsd": 45.831866036151574,
  "inf_all": 0.6838832175413309,
  "inf_wc": 0.8035732018706494,
  "inf_nwc": 0.0,
  "inf_stack": 0.6579450745840671
}
{
  "native_pdb": "/tmp/rna_inf_bti7db_z/CR1126_TS110_4_solution_normalized.pdb",
  "native_index": null,
  "model_pdb": "/tmp/rna_inf_j0sklpke/CR1126_TS110_4_refined_normalized.pdb",
  "model_index": null,
  "rmsd": 42.26737052794852,
  "inf_all": 0.7296794477944728,
  "inf_wc": 0.8473517264206796,
  "inf_nwc": 0.0,
  "inf_stack": 0.70195925263082
}
{
  "native_pdb": "/tmp/rna_inf_sntd4y9z/CR1126_TS110_5_solution_normalized.pdb",
  "native_index": null,
  "model_pdb": "/tmp/rna_inf_ieum6c68/CR1126_TS110_5_refined_normalized.pdb",
  "model_index": null,
  "rmsd": 43.062074104719684,
  "inf_all": 0.7233262331314214,
  "inf_wc": 0.8515015117786953,
  "inf_nwc": 0.0,
  "inf_stack": 0.6923936562324462
}
{
  "native_pdb": "/tmp/rna_inf_48ssmdc3/CR1126_TS119_1_solution_normalized.pdb",
  "native_index": null,
  "model_pdb": "/tmp/rna_inf_z5gnqi5o/CR1126_TS119_1_refined_normalized.pdb",
  "model_index": null,
  "rmsd": 44.58441796660928,
  "inf_all": 0.7242615384230036,
  "inf_wc": 0.8705984891574923,
  "inf_nwc": 0.0,
  "inf_stack": 0.6801843893316977
}
{
  "native_pdb": "/tmp/rna_inf_wd31lmjd/CR1126_TS119_2_solution_normalized.pdb",
  "native_index": null,
  "model_pdb": "/tmp/rna_inf_s6doa81e/CR1126_TS119_2_refined_normalized.pdb",
  "model_index": null,
  "rmsd": 36.97868752353843,
  "inf_all": 0.7461796104371641,
  "inf_wc": 0.9016595375265223,
  "inf_nwc": 0.0,
  "inf_stack": 0.7027840867839965
}
{
  "native_pdb": "/tmp/rna_inf_cyw4ehzv/CR1126_TS119_3_solution_normalized.pdb",
  "native_index": null,
  "model_pdb": "/tmp/rna_inf_ottg3y5x/CR1126_TS119_3_refined_normalized.pdb",
  "model_index": null,
  "rmsd": 43.05215438540296,
  "inf_all": 0.7397469442943201,
  "inf_wc": 0.8774535953713308,
  "inf_nwc": 0.0,
  "inf_stack": 0.700664069625598
}
{
  "native_pdb": "/tmp/rna_inf_xsa48on2/CR1126_TS119_4_solution_normalized.pdb",
  "native_index": null,
  "model_pdb": "/tmp/rna_inf_1bzhbptr/CR1126_TS119_4_refined_normalized.pdb",
  "model_index": null,
  "rmsd": 39.72112149740561,
  "inf_all": 0.7362617230529106,
  "inf_wc": 0.8682007505446119,
  "inf_nwc": 0.0,
  "inf_stack": 0.6980043719988481
}
{
  "native_pdb": "/tmp/rna_inf_86ecnobk/CR1126_TS119_5_solution_normalized.pdb",
  "native_index": null,
  "model_pdb": "/tmp/rna_inf_hewjztji/CR1126_TS119_5_refined_normalized.pdb",
  "model_index": null,
  "rmsd": 35.103716100975106,
  "inf_all": 0.6995855535456702,
  "inf_wc": 0.8446887150549193,
  "inf_nwc": 0.0,
  "inf_stack": 0.6634970425385125
}
{
  "native_pdb": "/tmp/rna_inf_sbf1ms61/CR1126_TS125_1_solution_normalized.pdb",
  "native_index": null,
  "model_pdb": "/tmp/rna_inf_d2l39e6o/CR1126_TS125_1_refined_normalized.pdb",
  "model_index": null,
  "rmsd": 39.69105070475726,
  "inf_all": 0.7409397088850491,
  "inf_wc": 0.8693982563666518,
  "inf_nwc": 0.0,
  "inf_stack": 0.700744136812341
}
{
  "native_pdb": "/tmp/rna_inf_lz61zekn/CR1126_TS125_2_solution_normalized.pdb",
  "native_index": null,
  "model_pdb": "/tmp/rna_inf_mq0_n68o/CR1126_TS125_2_refined_normalized.pdb",
  "model_index": null,
  "rmsd": 40.96073290465491,
  "inf_all": 0.7378536534042128,
  "inf_wc": 0.8939384813575184,
  "inf_nwc": 0.0,
  "inf_stack": 0.6850922247591342
}
{
  "native_pdb": "/tmp/rna_inf_e7oo89gc/CR1126_TS125_3_solution_normalized.pdb",
  "native_index": null,
  "model_pdb": "/tmp/rna_inf_sp4vpcx5/CR1126_TS125_3_refined_normalized.pdb",
  "model_index": null,
  "rmsd": 31.854995829756845,
  "inf_all": 0.7461796104371641,
  "inf_wc": 0.8891358801837473,
  "inf_nwc": 0.0,
  "inf_stack": 0.7092614964018831
}
{
  "native_pdb": "/tmp/rna_inf__n_y2crm/CR1126_TS125_4_solution_normalized.pdb",
  "native_index": null,
  "model_pdb": "/tmp/rna_inf_uivhstd8/CR1126_TS125_4_refined_normalized.pdb",
  "model_index": null,
  "rmsd": 43.44945408051858,
  "inf_all": 0.7285228147223459,
  "inf_wc": 0.8609460320922785,
  "inf_nwc": 0.0,
  "inf_stack": 0.6850736953238282
}
{
  "native_pdb": "/tmp/rna_inf_icfm3gqr/CR1126_TS125_5_solution_normalized.pdb",
  "native_index": null,
  "model_pdb": "/tmp/rna_inf_pul13dt0/CR1126_TS125_5_refined_normalized.pdb",
  "model_index": null,
  "rmsd": 41.112084316888385,
  "inf_all": 0.7256702257256463,
  "inf_wc": 0.8459061860169813,
  "inf_nwc": 0.0,
  "inf_stack": 0.6923198762243835
}
{
  "native_pdb": "/tmp/rna_inf_m7ed3anf/CR1126_TS128_1_solution_normalized.pdb",
  "native_index": null,
  "model_pdb": "/tmp/rna_inf_8ivi9tq6/CR1126_TS128_1_refined_normalized.pdb",
  "model_index": null,
  "rmsd": 33.42057131963409,
  "inf_all": 0.762608418207759,
  "inf_wc": 0.8943636881404244,
  "inf_nwc": 0.3872983346207417,
  "inf_stack": 0.7122029664653333
}
{
  "native_pdb": "/tmp/rna_inf_tsmj7aqb/CR1126_TS128_2_solution_normalized.pdb",
  "native_index": null,
  "model_pdb": "/tmp/rna_inf_o3t3yenn/CR1126_TS128_2_refined_normalized.pdb",
  "model_index": null,
  "rmsd": 43.20202575250707,
  "inf_all": 0.8077343135227454,
  "inf_wc": 0.9289825538152047,
  "inf_nwc": 0.375,
  "inf_stack": 0.7667152304269574
}
{
  "native_pdb": "/tmp/rna_inf_7g4l0uzz/CR1126_TS128_3_solution_normalized.pdb",
  "native_index": null,
  "model_pdb": "/tmp/rna_inf_ypvq677v/CR1126_TS128_3_refined_normalized.pdb",
  "model_index": null,
  "rmsd": 46.22141625345065,
  "inf_all": 0.7653325714708138,
  "inf_wc": 0.8771199781230655,
  "inf_nwc": 0.375,
  "inf_stack": 0.7272876792721382
}
{
  "native_pdb": "/tmp/rna_inf_jv96y590/CR1126_TS128_4_solution_normalized.pdb",
  "native_index": null,
  "model_pdb": "/tmp/rna_inf_bpt61__s/CR1126_TS128_4_refined_normalized.pdb",
  "model_index": null,
  "rmsd": 36.875736325542604,
  "inf_all": 0.7650796504002383,
  "inf_wc": 0.8830666223484543,
  "inf_nwc": 0.36380343755449945,
  "inf_stack": 0.7251577945183075
}
{
  "native_pdb": "/tmp/rna_inf_x_i44ers/CR1126_TS128_5_solution_normalized.pdb",
  "native_index": null,
  "model_pdb": "/tmp/rna_inf_3z0lqyqn/CR1126_TS128_5_refined_normalized.pdb",
  "model_index": null,
  "rmsd": 45.58587321007216,
  "inf_all": 0.771355517646381,
  "inf_wc": 0.9026076359441071,
  "inf_nwc": 0.4330127018922193,
  "inf_stack": 0.7187910532468683
}
{
  "native_pdb": "/tmp/rna_inf_4zb4l290/CR1126_TS131_1_solution_normalized.pdb",
  "native_index": null,
  "model_pdb": "/tmp/rna_inf_fli41yq7/CR1126_TS131_1_refined_normalized.pdb",
  "model_index": null,
  "rmsd": 138.08031620294415,
  "inf_all": 0.4949313311410743,
  "inf_wc": 0.0,
  "inf_nwc": 0.0,
  "inf_stack": 0.6404350140115175
}
{
  "native_pdb": "/tmp/rna_inf_t2tdt8si/CR1126_TS131_2_solution_normalized.pdb",
  "native_index": null,
  "model_pdb": "/tmp/rna_inf_oy3a75x5/CR1126_TS131_2_refined_normalized.pdb",
  "model_index": null,
  "rmsd": 128.06696307115794,
  "inf_all": 0.48763154102278444,
  "inf_wc": -1.0,
  "inf_nwc": 0.0,
  "inf_stack": 0.6269472234115994
}
{
  "native_pdb": "/tmp/rna_inf_zyv_olpb/CR1126_TS131_3_solution_normalized.pdb",
  "native_index": null,
  "model_pdb": "/tmp/rna_inf_tkedx5wu/CR1126_TS131_3_refined_normalized.pdb",
  "model_index": null,
  "rmsd": 119.55812787196285,
  "inf_all": 0.5012657203203106,
  "inf_wc": 0.0,
  "inf_nwc": 0.0,
  "inf_stack": 0.6491793684412481
}
{
  "native_pdb": "/tmp/rna_inf_fac_u15z/CR1126_TS131_4_solution_normalized.pdb",
  "native_index": null,
  "model_pdb": "/tmp/rna_inf_ycfth8n5/CR1126_TS131_4_refined_normalized.pdb",
  "model_index": null,
  "rmsd": 117.82995726868921,
  "inf_all": 0.4814821101861537,
  "inf_wc": 0.0,
  "inf_nwc": 0.0,
  "inf_stack": 0.6220229294446198
}
{
  "native_pdb": "/tmp/rna_inf_jmmlg_25/CR1126_TS131_5_solution_normalized.pdb",
  "native_index": null,
  "model_pdb": "/tmp/rna_inf_wrxpoarr/CR1126_TS131_5_refined_normalized.pdb",
  "model_index": null,
  "rmsd": 145.36516148980513,
  "inf_all": 0.4849374441110564,
  "inf_wc": 0.0,
  "inf_nwc": 0.0,
  "inf_stack": 0.6214882745162721
}
{
  "native_pdb": "/tmp/rna_inf_cbz6bame/CR1126_TS147_1_solution_normalized.pdb",
  "native_index": null,
  "model_pdb": "/tmp/rna_inf_v1mqtk4x/CR1126_TS147_1_refined_normalized.pdb",
  "model_index": null,
  "rmsd": 42.26495414713775,
  "inf_all": 0.7605391183503852,
  "inf_wc": 0.8806042467844178,
  "inf_nwc": 0.4375,
  "inf_stack": 0.7174036793289891
}
{
  "native_pdb": "/tmp/rna_inf_oqymdzsx/CR1126_TS147_2_solution_normalized.pdb",
  "native_index": null,
  "model_pdb": "/tmp/rna_inf_egdynswq/CR1126_TS147_2_refined_normalized.pdb",
  "model_index": null,
  "rmsd": 37.86372068937658,
  "inf_all": 0.7775896831884617,
  "inf_wc": 0.8874839674624212,
  "inf_nwc": 0.4375,
  "inf_stack": 0.7434145850079609
}
{
  "native_pdb": "/tmp/rna_inf_oi5lcbge/CR1126_TS147_3_solution_normalized.pdb",
  "native_index": null,
  "model_pdb": "/tmp/rna_inf_z_hh73p2/CR1126_TS147_3_refined_normalized.pdb",
  "model_index": null,
  "rmsd": 44.56082368376874,
  "inf_all": 0.7745869076532428,
  "inf_wc": 0.8972190005703847,
  "inf_nwc": 0.4124789556921527,
  "inf_stack": 0.7358607543107019
}
{
  "native_pdb": "/tmp/rna_inf_5kzicf1y/CR1126_TS147_4_solution_normalized.pdb",
  "native_index": null,
  "model_pdb": "/tmp/rna_inf_1v3ynukk/CR1126_TS147_4_refined_normalized.pdb",
  "model_index": null,
  "rmsd": 40.272825126111634,
  "inf_all": 0.7757591861765122,
  "inf_wc": 0.8943636881404244,
  "inf_nwc": 0.4124789556921527,
  "inf_stack": 0.737444402051
}
{
  "native_pdb": "/tmp/rna_inf_pij9bqo6/CR1126_TS147_5_solution_normalized.pdb",
  "native_index": null,
  "model_pdb": "/tmp/rna_inf_ew4dnn6s/CR1126_TS147_5_refined_normalized.pdb",
  "model_index": null,
  "rmsd": 49.96234598383232,
  "inf_all": 0.7726479523857492,
  "inf_wc": 0.8935550043556171,
  "inf_nwc": 0.46770717334674267,
  "inf_stack": 0.7299189245201089
}
{
  "native_pdb": "/tmp/rna_inf_cb8tnvjj/CR1126_TS177_1_solution_normalized.pdb",
  "native_index": null,
  "model_pdb": "/tmp/rna_inf_ajspxnhr/CR1126_TS177_1_refined_normalized.pdb",
  "model_index": null,
  "rmsd": 37.85014587699951,
  "inf_all": 0.26970371715437685,
  "inf_wc": 0.02483498169496957,
  "inf_nwc": 0.0,
  "inf_stack": 0.4363128581260818
}
{
  "native_pdb": "/tmp/rna_inf_vdsrowz4/CR1126_TS185_1_solution_normalized.pdb",
  "native_index": null,
  "model_pdb": "/tmp/rna_inf_12gf4g3p/CR1126_TS185_1_refined_normalized.pdb",
  "model_index": null,
  "rmsd": 33.34333016232694,
  "inf_all": 0.6145471156064951,
  "inf_wc": 0.6457206958041868,
  "inf_nwc": 0.0,
  "inf_stack": 0.6380597014925373
}
{
  "native_pdb": "/tmp/rna_inf_0n_ljq1l/CR1126_TS185_2_solution_normalized.pdb",
  "native_index": null,
  "model_pdb": "/tmp/rna_inf_ijiwyf_4/CR1126_TS185_2_refined_normalized.pdb",
  "model_index": null,
  "rmsd": 33.4280574233108,
  "inf_all": 0.6451298644608672,
  "inf_wc": 0.6744532734334624,
  "inf_nwc": 0.06933752452815364,
  "inf_stack": 0.6641935061096002
}
{
  "native_pdb": "/tmp/rna_inf_6ol1crqf/CR1126_TS185_3_solution_normalized.pdb",
  "native_index": null,
  "model_pdb": "/tmp/rna_inf_yhnmjiwl/CR1126_TS185_3_refined_normalized.pdb",
  "model_index": null,
  "rmsd": 32.79062445589799,
  "inf_all": 0.6206355293270525,
  "inf_wc": 0.6569943713686024,
  "inf_nwc": 0.0,
  "inf_stack": 0.6394043458064937
}
{
  "native_pdb": "/tmp/rna_inf_3b2rzj6c/CR1126_TS185_4_solution_normalized.pdb",
  "native_index": null,
  "model_pdb": "/tmp/rna_inf_2re1myt4/CR1126_TS185_4_refined_normalized.pdb",
  "model_index": null,
  "rmsd": 33.418408970227745,
  "inf_all": 0.5462707743445814,
  "inf_wc": 0.4985711988570338,
  "inf_nwc": 0.0,
  "inf_stack": 0.6200920984470075
}
{
  "native_pdb": "/tmp/rna_inf_rpo4rm1s/CR1126_TS185_5_solution_normalized.pdb",
  "native_index": null,
  "model_pdb": "/tmp/rna_inf_ra8pagvs/CR1126_TS185_5_refined_normalized.pdb",
  "model_index": null,
  "rmsd": 33.484217938290506,
  "inf_all": 0.5553231380398622,
  "inf_wc": 0.47878989763973856,
  "inf_nwc": 0.0625,
  "inf_stack": 0.6256352441502817
}
{
  "native_pdb": "/tmp/rna_inf_sa84nfb8/CR1126_TS227_1_solution_normalized.pdb",
  "native_index": null,
  "model_pdb": "/tmp/rna_inf_q4srd7a5/CR1126_TS227_1_refined_normalized.pdb",
  "model_index": null,
  "rmsd": 45.993650031647995,
  "inf_all": 0.7476420125742129,
  "inf_wc": 0.8768844804574456,
  "inf_nwc": 0.3849001794597505,
  "inf_stack": 0.711214700338573
}
{
  "native_pdb": "/tmp/rna_inf_skj712t5/CR1126_TS227_2_solution_normalized.pdb",
  "native_index": null,
  "model_pdb": "/tmp/rna_inf_g446xa3x/CR1126_TS227_2_refined_normalized.pdb",
  "model_index": null,
  "rmsd": 32.506493362719716,
  "inf_all": 0.7519055556816144,
  "inf_wc": 0.8763534424175852,
  "inf_nwc": 0.4244373438135827,
  "inf_stack": 0.7100333064760825
}
{
  "native_pdb": "/tmp/rna_inf_tjhjyh8g/CR1126_TS227_3_solution_normalized.pdb",
  "native_index": null,
  "model_pdb": "/tmp/rna_inf_vcwh80f9/CR1126_TS227_3_refined_normalized.pdb",
  "model_index": null,
  "rmsd": 42.24189383910171,
  "inf_all": 0.7642402162577399,
  "inf_wc": 0.8975982870824246,
  "inf_nwc": 0.5,
  "inf_stack": 0.7135281406106581
}
{
  "native_pdb": "/tmp/rna_inf_9hawsu3c/CR1126_TS227_4_solution_normalized.pdb",
  "native_index": null,
  "model_pdb": "/tmp/rna_inf_e89mku2_/CR1126_TS227_4_refined_normalized.pdb",
  "model_index": null,
  "rmsd": 50.81771483617221,
  "inf_all": 0.7672991820579258,
  "inf_wc": 0.8906936848740983,
  "inf_nwc": 0.5,
  "inf_stack": 0.7216618722395751
}
{
  "native_pdb": "/tmp/rna_inf_1be42v15/CR1126_TS227_5_solution_normalized.pdb",
  "native_index": null,
  "model_pdb": "/tmp/rna_inf_b3m44x6m/CR1126_TS227_5_refined_normalized.pdb",
  "model_index": null,
  "rmsd": 48.08654273952636,
  "inf_all": 0.7681327501278064,
  "inf_wc": 0.8833086284685183,
  "inf_nwc": 0.45184805705753195,
  "inf_stack": 0.7297475708568165
}
{
  "native_pdb": "/tmp/rna_inf_eiyyinm0/CR1126_TS229_1_solution_normalized.pdb",
  "native_index": null,
  "model_pdb": "/tmp/rna_inf_2f0d4v70/CR1126_TS229_1_refined_normalized.pdb",
  "model_index": null,
  "rmsd": 38.095089387068874,
  "inf_all": 0.5973477676293549,
  "inf_wc": 0.650596072024066,
  "inf_nwc": 0.0,
  "inf_stack": 0.6196756467243573
}
{
  "native_pdb": "/tmp/rna_inf_0pr0evez/CR1126_TS229_2_solution_normalized.pdb",
  "native_index": null,
  "model_pdb": "/tmp/rna_inf_mqomvdg0/CR1126_TS229_2_refined_normalized.pdb",
  "model_index": null,
  "rmsd": 42.852158029391205,
  "inf_all": 0.5944332895140348,
  "inf_wc": 0.6619970782253857,
  "inf_nwc": 0.0,
  "inf_stack": 0.6111071014877233
}
{
  "native_pdb": "/tmp/rna_inf_irgh_c64/CR1126_TS229_3_solution_normalized.pdb",
  "native_index": null,
  "model_pdb": "/tmp/rna_inf_ejxpxgnw/CR1126_TS229_3_refined_normalized.pdb",
  "model_index": null,
  "rmsd": 32.744382195007425,
  "inf_all": 0.6597518708050482,
  "inf_wc": 0.7313753550058342,
  "inf_nwc": 0.0,
  "inf_stack": 0.658908665957873
}
{
  "native_pdb": "/tmp/rna_inf_qg70t75z/CR1126_TS229_4_solution_normalized.pdb",
  "native_index": null,
  "model_pdb": "/tmp/rna_inf_h3vf10cf/CR1126_TS229_4_refined_normalized.pdb",
  "model_index": null,
  "rmsd": 46.369921411695536,
  "inf_all": 0.6697393189477674,
  "inf_wc": 0.7648661601319409,
  "inf_nwc": 0.0,
  "inf_stack": 0.6567728137711348
}
{
  "native_pdb": "/tmp/rna_inf_92gtgh1x/CR1126_TS229_5_solution_normalized.pdb",
  "native_index": null,
  "model_pdb": "/tmp/rna_inf_4zmi25gj/CR1126_TS229_5_refined_normalized.pdb",
  "model_index": null,
  "rmsd": 46.578175917701344,
  "inf_all": 0.6731430038944928,
  "inf_wc": 0.7624406793145839,
  "inf_nwc": 0.0,
  "inf_stack": 0.6641935061096002
}
{
  "native_pdb": "/tmp/rna_inf_x23344bz/CR1126_TS232_1_solution_normalized.pdb",
  "native_index": null,
  "model_pdb": "/tmp/rna_inf_b5n9j7fs/CR1126_TS232_1_refined_normalized.pdb",
  "model_index": null,
  "rmsd": 8.92779728931391,
  "inf_all": 0.8347266143825228,
  "inf_wc": 0.9669086206574821,
  "inf_nwc": 0.45226701686664544,
  "inf_stack": 0.7878280208708879
}
{
  "native_pdb": "/tmp/rna_inf_m4hp7e52/CR1126_TS232_2_solution_normalized.pdb",
  "native_index": null,
  "model_pdb": "/tmp/rna_inf_ltu15_jq/CR1126_TS232_2_refined_normalized.pdb",
  "model_index": null,
  "rmsd": 8.826401665984278,
  "inf_all": 0.8270643294757046,
  "inf_wc": 0.9637016180561943,
  "inf_nwc": 0.45226701686664544,
  "inf_stack": 0.7776176697872402
}
{
  "native_pdb": "/tmp/rna_inf_eqjfjonl/CR1126_TS232_3_solution_normalized.pdb",
  "native_index": null,
  "model_pdb": "/tmp/rna_inf_huhy8x4o/CR1126_TS232_3_refined_normalized.pdb",
  "model_index": null,
  "rmsd": 8.98738065616148,
  "inf_all": 0.8308860366909148,
  "inf_wc": 0.9669086206574821,
  "inf_nwc": 0.45226701686664544,
  "inf_stack": 0.782123305354026
}
{
  "native_pdb": "/tmp/rna_inf_d90f4_rh/CR1126_TS232_4_solution_normalized.pdb",
  "native_index": null,
  "model_pdb": "/tmp/rna_inf_0pkm2hmy/CR1126_TS232_4_refined_normalized.pdb",
  "model_index": null,
  "rmsd": 8.761484023991157,
  "inf_all": 0.8329509826211511,
  "inf_wc": 0.9669086206574821,
  "inf_nwc": 0.45226701686664544,
  "inf_stack": 0.7846763712938175
}
{
  "native_pdb": "/tmp/rna_inf_p90h49_o/CR1126_TS232_5_solution_normalized.pdb",
  "native_index": null,
  "model_pdb": "/tmp/rna_inf_myi6o4mb/CR1126_TS232_5_refined_normalized.pdb",
  "model_index": null,
  "rmsd": 9.022568584831433,
  "inf_all": 0.8282558654338211,
  "inf_wc": 0.9669086206574821,
  "inf_nwc": 0.45226701686664544,
  "inf_stack": 0.7777706418810467
}
{
  "native_pdb": "/tmp/rna_inf_9lpx7erk/CR1126_TS235_1_solution_normalized.pdb",
  "native_index": null,
  "model_pdb": "/tmp/rna_inf_qdvwygj0/CR1126_TS235_1_refined_normalized.pdb",
  "model_index": null,
  "rmsd": 21.13418626708331,
  "inf_all": 0.7718548327239818,
  "inf_wc": 0.9165161156192291,
  "inf_nwc": 0.0,
  "inf_stack": 0.7138527104581958
}
{
  "native_pdb": "/tmp/rna_inf_mloaasbz/CR1126_TS235_2_solution_normalized.pdb",
  "native_index": null,
  "model_pdb": "/tmp/rna_inf_3p74bsm0/CR1126_TS235_2_refined_normalized.pdb",
  "model_index": null,
  "rmsd": 31.927348937989677,
  "inf_all": 0.8074697204532139,
  "inf_wc": 0.9372988339998601,
  "inf_nwc": 0.0,
  "inf_stack": 0.754035769040641
}
{
  "native_pdb": "/tmp/rna_inf_o374rycw/CR1126_TS235_3_solution_normalized.pdb",
  "native_index": null,
  "model_pdb": "/tmp/rna_inf_m7qmf0ey/CR1126_TS235_3_refined_normalized.pdb",
  "model_index": null,
  "rmsd": 33.56817773365096,
  "inf_all": 0.7804515095646896,
  "inf_wc": 0.9236339163568644,
  "inf_nwc": 0.0,
  "inf_stack": 0.7252204798289206
}
{
  "native_pdb": "/tmp/rna_inf_yw0iwffl/CR1126_TS235_4_solution_normalized.pdb",
  "native_index": null,
  "model_pdb": "/tmp/rna_inf_q5d_sy_m/CR1126_TS235_4_refined_normalized.pdb",
  "model_index": null,
  "rmsd": 33.887604982955835,
  "inf_all": 0.7093424896117351,
  "inf_wc": 0.8218840678907406,
  "inf_nwc": 0.0,
  "inf_stack": 0.6828358208955224
}
{
  "native_pdb": "/tmp/rna_inf_mkpfh8kb/CR1126_TS235_5_solution_normalized.pdb",
  "native_index": null,
  "model_pdb": "/tmp/rna_inf_940q8kx7/CR1126_TS235_5_refined_normalized.pdb",
  "model_index": null,
  "rmsd": 45.82362878590095,
  "inf_all": 0.7448295543150704,
  "inf_wc": 0.8618421052631579,
  "inf_nwc": 0.0,
  "inf_stack": 0.7083534728449586
}
{
  "native_pdb": "/tmp/rna_inf_pz5y1ztw/CR1126_TS238_1_solution_normalized.pdb",
  "native_index": null,
  "model_pdb": "/tmp/rna_inf__92faymn/CR1126_TS238_1_refined_normalized.pdb",
  "model_index": null,
  "rmsd": 30.201758412990362,
  "inf_all": 0.3980112705159192,
  "inf_wc": 0.4266624818990373,
  "inf_nwc": 0.0,
  "inf_stack": 0.49918231039384914
}
{
  "native_pdb": "/tmp/rna_inf_1a3zbobk/CR1126_TS238_2_solution_normalized.pdb",
  "native_index": null,
  "model_pdb": "/tmp/rna_inf_haodv7v8/CR1126_TS238_2_refined_normalized.pdb",
  "model_index": null,
  "rmsd": 31.186666568409688,
  "inf_all": 0.12192531818456356,
  "inf_wc": 0.040555355282690636,
  "inf_nwc": 0.0,
  "inf_stack": 0.21994135678957524
}
{
  "native_pdb": "/tmp/rna_inf_ibbvwftq/CR1126_TS238_3_solution_normalized.pdb",
  "native_index": null,
  "model_pdb": "/tmp/rna_inf_862uvb58/CR1126_TS238_3_refined_normalized.pdb",
  "model_index": null,
  "rmsd": 37.163627922484956,
  "inf_all": 0.25546945730021714,
  "inf_wc": 0.22305445405479848,
  "inf_nwc": 0.0,
  "inf_stack": 0.37382876581159646
}
{
  "native_pdb": "/tmp/rna_inf_elrk25bm/CR1126_TS239_1_solution_normalized.pdb",
  "native_index": null,
  "model_pdb": "/tmp/rna_inf_sos5akl8/CR1126_TS239_1_refined_normalized.pdb",
  "model_index": null,
  "rmsd": 49.28175664604171,
  "inf_all": 0.6394070762065862,
  "inf_wc": 0.6871011602274915,
  "inf_nwc": 0.0,
  "inf_stack": 0.6608257853568277
}
{
  "native_pdb": "/tmp/rna_inf_6r26aa5q/CR1126_TS239_2_solution_normalized.pdb",
  "native_index": null,
  "model_pdb": "/tmp/rna_inf_0bu936hr/CR1126_TS239_2_refined_normalized.pdb",
  "model_index": null,
  "rmsd": 42.28846786968462,
  "inf_all": 0.6644241200308364,
  "inf_wc": 0.7449204937817692,
  "inf_nwc": 0.0,
  "inf_stack": 0.6623949551957453
}
{
  "native_pdb": "/tmp/rna_inf_opuz4zyt/CR1126_TS239_3_solution_normalized.pdb",
  "native_index": null,
  "model_pdb": "/tmp/rna_inf_cmpeowsn/CR1126_TS239_3_refined_normalized.pdb",
  "model_index": null,
  "rmsd": 42.852158029391205,
  "inf_all": 0.5944332895140348,
  "inf_wc": 0.6619970782253857,
  "inf_nwc": 0.0,
  "inf_stack": 0.6111071014877233
}
{
  "native_pdb": "/tmp/rna_inf__5lwgcgj/CR1126_TS239_4_solution_normalized.pdb",
  "native_index": null,
  "model_pdb": "/tmp/rna_inf_tcz2ir4u/CR1126_TS239_4_refined_normalized.pdb",
  "model_index": null,
  "rmsd": 38.095089387068874,
  "inf_all": 0.5973477676293549,
  "inf_wc": 0.650596072024066,
  "inf_nwc": 0.0,
  "inf_stack": 0.6196756467243573
}
{
  "native_pdb": "/tmp/rna_inf_nkp4x962/CR1126_TS239_5_solution_normalized.pdb",
  "native_index": null,
  "model_pdb": "/tmp/rna_inf_bt2y_1s0/CR1126_TS239_5_refined_normalized.pdb",
  "model_index": null,
  "rmsd": 46.35619126973507,
  "inf_all": 0.680302652533593,
  "inf_wc": 0.7544714188481236,
  "inf_nwc": 0.0,
  "inf_stack": 0.6792888130666365
}
{
  "native_pdb": "/tmp/rna_inf_gee1u4be/CR1126_TS245_1_solution_normalized.pdb",
  "native_index": null,
  "model_pdb": "/tmp/rna_inf_k_ykfmbi/CR1126_TS245_1_refined_normalized.pdb",
  "model_index": null,
  "rmsd": 40.890853337701046,
  "inf_all": 0.4517310950012646,
  "inf_wc": 0.30923168499705844,
  "inf_nwc": 0.0,
  "inf_stack": 0.546358364708153
}
{
  "native_pdb": "/tmp/rna_inf_wv0ut_7v/CR1126_TS245_2_solution_normalized.pdb",
  "native_index": null,
  "model_pdb": "/tmp/rna_inf_5_h9jpia/CR1126_TS245_2_refined_normalized.pdb",
  "model_index": null,
  "rmsd": 39.88116336554392,
  "inf_all": 0.4633846688172316,
  "inf_wc": 0.29651080973057514,
  "inf_nwc": 0.0,
  "inf_stack": 0.5798949005531693
}
{
  "native_pdb": "/tmp/rna_inf_1eqmh1mx/CR1126_TS245_3_solution_normalized.pdb",
  "native_index": null,
  "model_pdb": "/tmp/rna_inf_djk789wi/CR1126_TS245_3_refined_normalized.pdb",
  "model_index": null,
  "rmsd": 48.46868348368498,
  "inf_all": 0.45278906452785533,
  "inf_wc": 0.27809386479559295,
  "inf_nwc": 0.0,
  "inf_stack": 0.569816091294152
}
{
  "native_pdb": "/tmp/rna_inf_0tw1rbla/CR1126_TS245_4_solution_normalized.pdb",
  "native_index": null,
  "model_pdb": "/tmp/rna_inf_qnsyvr18/CR1126_TS245_4_refined_normalized.pdb",
  "model_index": null,
  "rmsd": 27.659733125936395,
  "inf_all": 0.3984136899837854,
  "inf_wc": 0.1538967528127731,
  "inf_nwc": 0.0,
  "inf_stack": 0.526174404672283
}
{
  "native_pdb": "/tmp/rna_inf_3mp3cl_w/CR1126_TS245_5_solution_normalized.pdb",
  "native_index": null,
  "model_pdb": "/tmp/rna_inf_hje1039t/CR1126_TS245_5_refined_normalized.pdb",
  "model_index": null,
  "rmsd": 49.23610688391839,
  "inf_all": 0.4599443876376513,
  "inf_wc": 0.35209090907879736,
  "inf_nwc": 0.0,
  "inf_stack": 0.5494259625436675
}
{
  "native_pdb": "/tmp/rna_inf_973xp6na/CR1126_TS248_1_solution_normalized.pdb",
  "native_index": null,
  "model_pdb": "/tmp/rna_inf_huqcntzd/CR1126_TS248_1_refined_normalized.pdb",
  "model_index": null,
  "rmsd": 43.5382890140489,
  "inf_all": 0.3518123358236217,
  "inf_wc": 0.11015128039613374,
  "inf_nwc": 0.0,
  "inf_stack": 0.5071123941290789
}
{
  "native_pdb": "/tmp/rna_inf__wc1yoyw/CR1126_TS248_2_solution_normalized.pdb",
  "native_index": null,
  "model_pdb": "/tmp/rna_inf_61jgzvsa/CR1126_TS248_2_refined_normalized.pdb",
  "model_index": null,
  "rmsd": 44.28872481488675,
  "inf_all": 0.3503975907286647,
  "inf_wc": 0.13497638119975425,
  "inf_nwc": 0.0,
  "inf_stack": 0.48682745480917183
}
{
  "native_pdb": "/tmp/rna_inf_qf38q9_p/CR1126_TS248_3_solution_normalized.pdb",
  "native_index": null,
  "model_pdb": "/tmp/rna_inf_knhx66o7/CR1126_TS248_3_refined_normalized.pdb",
  "model_index": null,
  "rmsd": 48.55506230714086,
  "inf_all": 0.34951102660486766,
  "inf_wc": 0.0817894731149928,
  "inf_nwc": 0.0,
  "inf_stack": 0.5151270840714672
}
{
  "native_pdb": "/tmp/rna_inf_meg4hk7m/CR1126_TS248_4_solution_normalized.pdb",
  "native_index": null,
  "model_pdb": "/tmp/rna_inf_j08d3qn0/CR1126_TS248_4_refined_normalized.pdb",
  "model_index": null,
  "rmsd": 44.50596308248441,
  "inf_all": 0.3847783948721553,
  "inf_wc": 0.17787286465580196,
  "inf_nwc": 0.0,
  "inf_stack": 0.5233301098867137
}
{
  "native_pdb": "/tmp/rna_inf_s88iol5h/CR1126_TS248_5_solution_normalized.pdb",
  "native_index": null,
  "model_pdb": "/tmp/rna_inf_tcz3xybc/CR1126_TS248_5_refined_normalized.pdb",
  "model_index": null,
  "rmsd": 35.68083185237288,
  "inf_all": 0.34468083765780855,
  "inf_wc": 0.13497638119975425,
  "inf_nwc": 0.05212860351426869,
  "inf_stack": 0.4802151846148631
}
{
  "native_pdb": "/tmp/rna_inf_39ly9x89/CR1126_TS287_1_solution_normalized.pdb",
  "native_index": null,
  "model_pdb": "/tmp/rna_inf_a0emxbnk/CR1126_TS287_1_refined_normalized.pdb",
  "model_index": null,
  "rmsd": 52.77103870657798,
  "inf_all": 0.7962007536458251,
  "inf_wc": 0.8473517264206796,
  "inf_nwc": 0.408248290463863,
  "inf_stack": 0.7903647470196893
}
{
  "native_pdb": "/tmp/rna_inf_9h9oun24/CR1126_TS287_2_solution_normalized.pdb",
  "native_index": null,
  "model_pdb": "/tmp/rna_inf_x4jciz54/CR1126_TS287_2_refined_normalized.pdb",
  "model_index": null,
  "rmsd": 12.644388979081425,
  "inf_all": 0.7673611515260232,
  "inf_wc": 0.9144976997702018,
  "inf_nwc": 0.36084391824351614,
  "inf_stack": 0.7182689990922712
}
{
  "native_pdb": "/tmp/rna_inf_3p7i43ht/CR1126_TS287_3_solution_normalized.pdb",
  "native_index": null,
  "model_pdb": "/tmp/rna_inf_rahsj1bu/CR1126_TS287_3_refined_normalized.pdb",
  "model_index": null,
  "rmsd": 50.60205006985676,
  "inf_all": 0.8053464953445886,
  "inf_wc": 0.8591799870898432,
  "inf_nwc": 0.25,
  "inf_stack": 0.8023323806296021
}
{
  "native_pdb": "/tmp/rna_inf_yqoky2t7/CR1126_TS287_4_solution_normalized.pdb",
  "native_index": null,
  "model_pdb": "/tmp/rna_inf_z1wtw5t8/CR1126_TS287_4_refined_normalized.pdb",
  "model_index": null,
  "rmsd": 46.34882360883577,
  "inf_all": 0.7635051352175577,
  "inf_wc": 0.7919681039153545,
  "inf_nwc": 0.472455591261534,
  "inf_stack": 0.7672266561719903
}
{
  "native_pdb": "/tmp/rna_inf_qc6gzstc/CR1126_TS287_5_solution_normalized.pdb",
  "native_index": null,
  "model_pdb": "/tmp/rna_inf_vhbn08bf/CR1126_TS287_5_refined_normalized.pdb",
  "model_index": null,
  "rmsd": 15.228822718325668,
  "inf_all": 0.8083060875349211,
  "inf_wc": 0.8963488693285437,
  "inf_nwc": 0.2834733547569204,
  "inf_stack": 0.7868497937218796
}
{
  "native_pdb": "/tmp/rna_inf_pk4u23aq/CR1126_TS385_1_solution_normalized.pdb",
  "native_index": null,
  "model_pdb": "/tmp/rna_inf_3x6ljmvd/CR1126_TS385_1_refined_normalized.pdb",
  "model_index": null,
  "rmsd": 40.890853337701046,
  "inf_all": 0.4517310950012646,
  "inf_wc": 0.30923168499705844,
  "inf_nwc": 0.0,
  "inf_stack": 0.546358364708153
}
{
  "native_pdb": "/tmp/rna_inf_f2_w_wzs/CR1126_TS392_1_solution_normalized.pdb",
  "native_index": null,
  "model_pdb": "/tmp/rna_inf_6khmyqok/CR1126_TS392_1_refined_normalized.pdb",
  "model_index": null,
  "rmsd": 41.12408224927057,
  "inf_all": 0.7331047192174551,
  "inf_wc": 0.8763767236942993,
  "inf_nwc": 0.0,
  "inf_stack": 0.6887177043415081
}
{
  "native_pdb": "/tmp/rna_inf_btgix_ua/CR1126_TS392_2_solution_normalized.pdb",
  "native_index": null,
  "model_pdb": "/tmp/rna_inf_7wyvr1fh/CR1126_TS392_2_refined_normalized.pdb",
  "model_index": null,
  "rmsd": 41.66912631693097,
  "inf_all": 0.7384467658792819,
  "inf_wc": 0.8478522954537225,
  "inf_nwc": 0.0,
  "inf_stack": 0.7048402374456748
}
{
  "native_pdb": "/tmp/rna_inf_fuagt9a5/CR1126_TS392_3_solution_normalized.pdb",
  "native_index": null,
  "model_pdb": "/tmp/rna_inf_qbim7iei/CR1126_TS392_3_refined_normalized.pdb",
  "model_index": null,
  "rmsd": 55.27312438635433,
  "inf_all": 0.7355661920761936,
  "inf_wc": 0.8696868250401444,
  "inf_nwc": 0.0668153104781061,
  "inf_stack": 0.6995692990120734
}
{
  "native_pdb": "/tmp/rna_inf_akbvvcaw/CR1126_TS416_1_solution_normalized.pdb",
  "native_index": null,
  "model_pdb": "/tmp/rna_inf_zgssdrjk/CR1126_TS416_1_refined_normalized.pdb",
  "model_index": null,
  "rmsd": 46.68938697030721,
  "inf_all": 0.7155338244912307,
  "inf_wc": 0.8117992188704451,
  "inf_nwc": 0.14433756729740643,
  "inf_stack": 0.691094740465088
}
{
  "native_pdb": "/tmp/rna_inf__026tm7p/CR1126_TS416_2_solution_normalized.pdb",
  "native_index": null,
  "model_pdb": "/tmp/rna_inf_axkww_7a/CR1126_TS416_2_refined_normalized.pdb",
  "model_index": null,
  "rmsd": 41.92802514636899,
  "inf_all": 0.679860700660301,
  "inf_wc": 0.7929648585852728,
  "inf_nwc": 0.0,
  "inf_stack": 0.6528720258918229
}
{
  "native_pdb": "/tmp/rna_inf_sjjmzinc/CR1126_TS416_3_solution_normalized.pdb",
  "native_index": null,
  "model_pdb": "/tmp/rna_inf_3gafhv1t/CR1126_TS416_3_refined_normalized.pdb",
  "model_index": null,
  "rmsd": 54.11961445520842,
  "inf_all": 0.6400976665195228,
  "inf_wc": 0.7149170546432695,
  "inf_nwc": 0.0,
  "inf_stack": 0.6355151288596104
}
{
  "native_pdb": "/tmp/rna_inf_51xde2ap/CR1126_TS416_4_solution_normalized.pdb",
  "native_index": null,
  "model_pdb": "/tmp/rna_inf_8rljogkr/CR1126_TS416_4_refined_normalized.pdb",
  "model_index": null,
  "rmsd": 60.78844674240109,
  "inf_all": 0.6224092823892802,
  "inf_wc": 0.6686245759238975,
  "inf_nwc": 0.0,
  "inf_stack": 0.6422894183827346
}
{
  "native_pdb": "/tmp/rna_inf_3_4fe2wo/CR1126_TS416_5_solution_normalized.pdb",
  "native_index": null,
  "model_pdb": "/tmp/rna_inf__2037fj2/CR1126_TS416_5_refined_normalized.pdb",
  "model_index": null,
  "rmsd": 51.46399578692741,
  "inf_all": 0.7219887278223847,
  "inf_wc": 0.7955885112094754,
  "inf_nwc": 0.0,
  "inf_stack": 0.7135240047715018
}
{
  "native_pdb": "/tmp/rna_inf_b6quzige/CR1126_TS434_1_solution_normalized.pdb",
  "native_index": null,
  "model_pdb": "/tmp/rna_inf_lwu7k37k/CR1126_TS434_1_refined_normalized.pdb",
  "model_index": null,
  "rmsd": 29.737702302036098,
  "inf_all": 0.7684095882564933,
  "inf_wc": 0.8935550043556171,
  "inf_nwc": 0.48507125007266594,
  "inf_stack": 0.7240241105445767
}
{
  "native_pdb": "/tmp/rna_inf_kbzxrus4/CR1126_TS434_2_solution_normalized.pdb",
  "native_index": null,
  "model_pdb": "/tmp/rna_inf_zo32b4j1/CR1126_TS434_2_refined_normalized.pdb",
  "model_index": null,
  "rmsd": 45.547377384666554,
  "inf_all": 0.7659667675550076,
  "inf_wc": 0.8906936848740983,
  "inf_nwc": 0.3913118960624632,
  "inf_stack": 0.7285696079082943
}
{
  "native_pdb": "/tmp/rna_inf_6epcp7go/CR1126_TS434_3_solution_normalized.pdb",
  "native_index": null,
  "model_pdb": "/tmp/rna_inf_nicsey7m/CR1126_TS434_3_refined_normalized.pdb",
  "model_index": null,
  "rmsd": 43.04663676735716,
  "inf_all": 0.7545116642354148,
  "inf_wc": 0.8837890826657719,
  "inf_nwc": 0.33541019662496846,
  "inf_stack": 0.7170287085103296
}
{
  "native_pdb": "/tmp/rna_inf_h7kbviio/CR1126_TS434_4_solution_normalized.pdb",
  "native_index": null,
  "model_pdb": "/tmp/rna_inf_5awq80oj/CR1126_TS434_4_refined_normalized.pdb",
  "model_index": null,
  "rmsd": 45.17277298287508,
  "inf_all": 0.763414456733768,
  "inf_wc": 0.8906936848740983,
  "inf_nwc": 0.4714045207910317,
  "inf_stack": 0.7181755830017027
}
{
  "native_pdb": "/tmp/rna_inf_pcohsvv7/CR1126_TS434_5_solution_normalized.pdb",
  "native_index": null,
  "model_pdb": "/tmp/rna_inf_419_v4u7/CR1126_TS434_5_refined_normalized.pdb",
  "model_index": null,
  "rmsd": 40.67120890656947,
  "inf_all": 0.7647662486651569,
  "inf_wc": 0.8828691711071566,
  "inf_nwc": 0.4244373438135827,
  "inf_stack": 0.7275218115617003
}
{
  "native_pdb": "/tmp/rna_inf_u7lere7a/CR1126_TS439_1_solution_normalized.pdb",
  "native_index": null,
  "model_pdb": "/tmp/rna_inf__jc89poi/CR1126_TS439_1_refined_normalized.pdb",
  "model_index": null,
  "rmsd": 38.095089387068874,
  "inf_all": 0.5973477676293549,
  "inf_wc": 0.650596072024066,
  "inf_nwc": 0.0,
  "inf_stack": 0.6196756467243573
}
{
  "native_pdb": "/tmp/rna_inf_mqd4u1i0/CR1126_TS439_2_solution_normalized.pdb",
  "native_index": null,
  "model_pdb": "/tmp/rna_inf_42yevjz_/CR1126_TS439_2_refined_normalized.pdb",
  "model_index": null,
  "rmsd": 42.852158029391205,
  "inf_all": 0.5944332895140348,
  "inf_wc": 0.6619970782253857,
  "inf_nwc": 0.0,
  "inf_stack": 0.6111071014877233
}
{
  "native_pdb": "/tmp/rna_inf_gpzbha3_/CR1126_TS439_3_solution_normalized.pdb",
  "native_index": null,
  "model_pdb": "/tmp/rna_inf_cz44qnsa/CR1126_TS439_3_refined_normalized.pdb",
  "model_index": null,
  "rmsd": 32.744382195007425,
  "inf_all": 0.6597518708050482,
  "inf_wc": 0.7313753550058342,
  "inf_nwc": 0.0,
  "inf_stack": 0.658908665957873
}
{
  "native_pdb": "/tmp/rna_inf_s182ceay/CR1126_TS439_4_solution_normalized.pdb",
  "native_index": null,
  "model_pdb": "/tmp/rna_inf__9cbu2_w/CR1126_TS439_4_refined_normalized.pdb",
  "model_index": null,
  "rmsd": 46.369921411695536,
  "inf_all": 0.6697393189477674,
  "inf_wc": 0.7648661601319409,
  "inf_nwc": 0.0,
  "inf_stack": 0.6567728137711348
}
{
  "native_pdb": "/tmp/rna_inf_icl7mryu/CR1126_TS439_5_solution_normalized.pdb",
  "native_index": null,
  "model_pdb": "/tmp/rna_inf_8tgqu8zt/CR1126_TS439_5_refined_normalized.pdb",
  "model_index": null,
  "rmsd": 46.578175917701344,
  "inf_all": 0.6731430038944928,
  "inf_wc": 0.7624406793145839,
  "inf_nwc": 0.0,
  "inf_stack": 0.6641935061096002
}
{
  "native_pdb": "/tmp/rna_inf_7mp3g4j4/CR1126_TS444_1_solution_normalized.pdb",
  "native_index": null,
  "model_pdb": "/tmp/rna_inf_glfro82r/CR1126_TS444_1_refined_normalized.pdb",
  "model_index": null,
  "rmsd": 37.30302919413929,
  "inf_all": 0.40142573266924586,
  "inf_wc": 0.390006747579955,
  "inf_nwc": 0.0,
  "inf_stack": 0.4904828728373092
}
{
  "native_pdb": "/tmp/rna_inf__a8y28pu/CR1126_TS444_2_solution_normalized.pdb",
  "native_index": null,
  "model_pdb": "/tmp/rna_inf_o4w5_e6j/CR1126_TS444_2_refined_normalized.pdb",
  "model_index": null,
  "rmsd": 42.852158029391205,
  "inf_all": 0.5944332895140348,
  "inf_wc": 0.6619970782253857,
  "inf_nwc": 0.0,
  "inf_stack": 0.6111071014877233
}
{
  "native_pdb": "/tmp/rna_inf_4dnc3b75/CR1126_TS444_3_solution_normalized.pdb",
  "native_index": null,
  "model_pdb": "/tmp/rna_inf_p_q5byvy/CR1126_TS444_3_refined_normalized.pdb",
  "model_index": null,
  "rmsd": 40.890853337701046,
  "inf_all": 0.4517310950012646,
  "inf_wc": 0.30923168499705844,
  "inf_nwc": 0.0,
  "inf_stack": 0.546358364708153
}
{
  "native_pdb": "/tmp/rna_inf_agda_wzs/CR1126_TS444_4_solution_normalized.pdb",
  "native_index": null,
  "model_pdb": "/tmp/rna_inf_kfwlf6mp/CR1126_TS444_4_refined_normalized.pdb",
  "model_index": null,
  "rmsd": 49.28175664604171,
  "inf_all": 0.6394070762065862,
  "inf_wc": 0.6871011602274915,
  "inf_nwc": 0.0,
  "inf_stack": 0.6608257853568277
}
{
  "native_pdb": "/tmp/rna_inf__kyrbt03/CR1126_TS444_5_solution_normalized.pdb",
  "native_index": null,
  "model_pdb": "/tmp/rna_inf_3bf3wmbb/CR1126_TS444_5_refined_normalized.pdb",
  "model_index": null,
  "rmsd": 39.88116336554392,
  "inf_all": 0.4633846688172316,
  "inf_wc": 0.29651080973057514,
  "inf_nwc": 0.0,
  "inf_stack": 0.5798949005531693
}
{
  "native_pdb": "/tmp/rna_inf_2eowcfpo/CR1126_TS470_1_solution_normalized.pdb",
  "native_index": null,
  "model_pdb": "/tmp/rna_inf_9u4vvp95/CR1126_TS470_1_refined_normalized.pdb",
  "model_index": null,
  "rmsd": 36.341062793607804,
  "inf_all": 0.4663456233460546,
  "inf_wc": 0.5497503716098063,
  "inf_nwc": 0.0,
  "inf_stack": 0.5025969951601761
}
{
  "native_pdb": "/tmp/rna_inf_dlgc0ecz/CR1126_TS470_2_solution_normalized.pdb",
  "native_index": null,
  "model_pdb": "/tmp/rna_inf_s9w0qtfc/CR1126_TS470_2_refined_normalized.pdb",
  "model_index": null,
  "rmsd": 36.30907374370722,
  "inf_all": 0.38568909867718726,
  "inf_wc": 0.42654167327831194,
  "inf_nwc": 0.0,
  "inf_stack": 0.4432868126780257
}
{
  "native_pdb": "/tmp/rna_inf_4okge3sc/CR1126_TS470_3_solution_normalized.pdb",
  "native_index": null,
  "model_pdb": "/tmp/rna_inf_zogg6ch1/CR1126_TS470_3_refined_normalized.pdb",
  "model_index": null,
  "rmsd": 34.36712058241584,
  "inf_all": 0.45026777174607596,
  "inf_wc": 0.5253545976868348,
  "inf_nwc": 0.0,
  "inf_stack": 0.49587215900613896
}
{
  "native_pdb": "/tmp/rna_inf_gbz4qtgv/CR1126_TS470_4_solution_normalized.pdb",
  "native_index": null,
  "model_pdb": "/tmp/rna_inf_nq2bs8qg/CR1126_TS470_4_refined_normalized.pdb",
  "model_index": null,
  "rmsd": 36.63315547302827,
  "inf_all": 0.48795952071649945,
  "inf_wc": 0.5546053999849018,
  "inf_nwc": 0.0,
  "inf_stack": 0.5221450388317859
}
{
  "native_pdb": "/tmp/rna_inf_luo74sks/CR1126_TS470_5_solution_normalized.pdb",
  "native_index": null,
  "model_pdb": "/tmp/rna_inf_sgp4rfig/CR1126_TS470_5_refined_normalized.pdb",
  "model_index": null,
  "rmsd": 36.104371692404065,
  "inf_all": 0.2901591826980309,
  "inf_wc": 0.29651080973057514,
  "inf_nwc": 0.0,
  "inf_stack": 0.38519575311487386
}
{
  "native_pdb": "/tmp/rna_inf_1of9tdqr/CR1126_TS489_1_solution_normalized.pdb",
  "native_index": null,
  "model_pdb": "/tmp/rna_inf_k04qk1hi/CR1126_TS489_1_refined_normalized.pdb",
  "model_index": null,
  "rmsd": 37.30302919413929,
  "inf_all": 0.40142573266924586,
  "inf_wc": 0.390006747579955,
  "inf_nwc": 0.0,
  "inf_stack": 0.4904828728373092
}
{
  "native_pdb": "/tmp/rna_inf_ows8nifv/CR1126_TS489_2_solution_normalized.pdb",
  "native_index": null,
  "model_pdb": "/tmp/rna_inf_njbkbsfv/CR1126_TS489_2_refined_normalized.pdb",
  "model_index": null,
  "rmsd": 36.30907374370722,
  "inf_all": 0.38568909867718726,
  "inf_wc": 0.42654167327831194,
  "inf_nwc": 0.0,
  "inf_stack": 0.4432868126780257
}
{
  "native_pdb": "/tmp/rna_inf_2eh8tiw1/CR1126_TS489_3_solution_normalized.pdb",
  "native_index": null,
  "model_pdb": "/tmp/rna_inf_t8zzh28p/CR1126_TS489_3_refined_normalized.pdb",
  "model_index": null,
  "rmsd": 34.36712058241584,
  "inf_all": 0.45026777174607596,
  "inf_wc": 0.5253545976868348,
  "inf_nwc": 0.0,
  "inf_stack": 0.49587215900613896
}
{
  "native_pdb": "/tmp/rna_inf_mlougjw3/CR1126_TS489_4_solution_normalized.pdb",
  "native_index": null,
  "model_pdb": "/tmp/rna_inf_kjd_npnc/CR1126_TS489_4_refined_normalized.pdb",
  "model_index": null,
  "rmsd": 36.63315547302827,
  "inf_all": 0.48795952071649945,
  "inf_wc": 0.5546053999849018,
  "inf_nwc": 0.0,
  "inf_stack": 0.5221450388317859
}
{
  "native_pdb": "/tmp/rna_inf_js3c17w0/CR1126_TS489_5_solution_normalized.pdb",
  "native_index": null,
  "model_pdb": "/tmp/rna_inf_xm3kpmgb/CR1126_TS489_5_refined_normalized.pdb",
  "model_index": null,
  "rmsd": 36.104371692404065,
  "inf_all": 0.2901591826980309,
  "inf_wc": 0.29651080973057514,
  "inf_nwc": 0.0,
  "inf_stack": 0.38519575311487386
}
{
  "native_pdb": "/tmp/rna_inf_ojiwz57g/CR1126_TS490_1_solution_normalized.pdb",
  "native_index": null,
  "model_pdb": "/tmp/rna_inf_kn662mpp/CR1126_TS490_1_refined_normalized.pdb",
  "model_index": null,
  "rmsd": 43.5382890140489,
  "inf_all": 0.3518123358236217,
  "inf_wc": 0.11015128039613374,
  "inf_nwc": 0.0,
  "inf_stack": 0.5071123941290789
}
{
  "native_pdb": "/tmp/rna_inf_jx1ewhc1/CR1126_TS490_2_solution_normalized.pdb",
  "native_index": null,
  "model_pdb": "/tmp/rna_inf_k7_xdv8z/CR1126_TS490_2_refined_normalized.pdb",
  "model_index": null,
  "rmsd": 44.28872481488675,
  "inf_all": 0.3503975907286647,
  "inf_wc": 0.13497638119975425,
  "inf_nwc": 0.0,
  "inf_stack": 0.48682745480917183
}
{
  "native_pdb": "/tmp/rna_inf_werooelo/CR1126_TS490_3_solution_normalized.pdb",
  "native_index": null,
  "model_pdb": "/tmp/rna_inf_0cyisaye/CR1126_TS490_3_refined_normalized.pdb",
  "model_index": null,
  "rmsd": 48.55506230714086,
  "inf_all": 0.34951102660486766,
  "inf_wc": 0.0817894731149928,
  "inf_nwc": 0.0,
  "inf_stack": 0.5151270840714672
}
{
  "native_pdb": "/tmp/rna_inf_ylaw95t0/CR1126_TS490_4_solution_normalized.pdb",
  "native_index": null,
  "model_pdb": "/tmp/rna_inf_onibodku/CR1126_TS490_4_refined_normalized.pdb",
  "model_index": null,
  "rmsd": 44.50596308248441,
  "inf_all": 0.3847783948721553,
  "inf_wc": 0.17787286465580196,
  "inf_nwc": 0.0,
  "inf_stack": 0.5233301098867137
}
{
  "native_pdb": "/tmp/rna_inf_f8j3cqdp/CR1126_TS490_5_solution_normalized.pdb",
  "native_index": null,
  "model_pdb": "/tmp/rna_inf_00wpkwi0/CR1126_TS490_5_refined_normalized.pdb",
  "model_index": null,
  "rmsd": 35.68083185237288,
  "inf_all": 0.34468083765780855,
  "inf_wc": 0.13497638119975425,
  "inf_nwc": 0.05212860351426869,
  "inf_stack": 0.4802151846148631
}
