{
  "native_pdb": "/tmp/rna_inf_u3c34scn/CR1108_TS029_1_solution_normalized.pdb",
  "native_index": null,
  "model_pdb": "/tmp/rna_inf_74g_ctgj/CR1108_TS029_1_refined_normalized.pdb",
  "model_index": null,
  "rmsd": 16.28676231202963,
  "inf_all": 0.6944444444444444,
  "inf_wc": 0.7462025072446364,
  "inf_nwc": 0.0,
  "inf_stack": 0.6955304436071238
}
{
  "native_pdb": "/tmp/rna_inf_y1qs73fb/CR1108_TS029_2_solution_normalized.pdb",
  "native_index": null,
  "model_pdb": "/tmp/rna_inf_6bkz7k6r/CR1108_TS029_2_refined_normalized.pdb",
  "model_index": null,
  "rmsd": 16.14184226658062,
  "inf_all": 0.5205792062953535,
  "inf_wc": 0.6067798762169179,
  "inf_nwc": 0.0,
  "inf_stack": 0.5256574830378468
}
{
  "native_pdb": "/tmp/rna_inf_f_w8sd6p/CR1108_TS035_1_solution_normalized.pdb",
  "native_index": null,
  "model_pdb": "/tmp/rna_inf_tjwv569o/CR1108_TS035_1_refined_normalized.pdb",
  "model_index": null,
  "rmsd": 25.088755158935726,
  "inf_all": 0.5548826333938603,
  "inf_wc": 0.6007514091861106,
  "inf_nwc": -1.0,
  "inf_stack": 0.5685785754425928
}
{
  "native_pdb": "/tmp/rna_inf_7r4ud57k/CR1108_TS035_2_solution_normalized.pdb",
  "native_index": null,
  "model_pdb": "/tmp/rna_inf_0m5q__s5/CR1108_TS035_2_refined_normalized.pdb",
  "model_index": null,
  "rmsd": 23.59976699873354,
  "inf_all": 0.5717594086231966,
  "inf_wc": 0.591520481751277,
  "inf_nwc": -1.0,
  "inf_stack": 0.5703845117952784
}
{
  "native_pdb": "/tmp/rna_inf_vqbk18ln/CR1108_TS035_3_solution_normalized.pdb",
  "native_index": null,
  "model_pdb": "/tmp/rna_inf_q1u204ir/CR1108_TS035_3_refined_normalized.pdb",
  "model_index": null,
  "rmsd": 21.512094153111917,
  "inf_all": 0.6075482512438447,
  "inf_wc": 0.5527707983925667,
  "inf_nwc": -1.0,
  "inf_stack": 0.6412573229326939
}
{
  "native_pdb": "/tmp/rna_inf_m2j9f8jg/CR1108_TS035_4_solution_normalized.pdb",
  "native_index": null,
  "model_pdb": "/tmp/rna_inf_zausxapl/CR1108_TS035_4_refined_normalized.pdb",
  "model_index": null,
  "rmsd": 23.590496134206525,
  "inf_all": 0.6112148798020152,
  "inf_wc": 0.5454545454545454,
  "inf_nwc": 0.0,
  "inf_stack": 0.6691292237891385
}
{
  "native_pdb": "/tmp/rna_inf_zbhq8vkg/CR1108_TS035_5_solution_normalized.pdb",
  "native_index": null,
  "model_pdb": "/tmp/rna_inf_9vkgdi5f/CR1108_TS035_5_refined_normalized.pdb",
  "model_index": null,
  "rmsd": 24.447845726338237,
  "inf_all": 0.4277491017879584,
  "inf_wc": 0.2222771122371935,
  "inf_nwc": 0.0,
  "inf_stack": 0.5378677212721686
}
{
  "native_pdb": "/tmp/rna_inf_h2emrvu7/CR1108_TS054_1_solution_normalized.pdb",
  "native_index": null,
  "model_pdb": "/tmp/rna_inf_v444klj5/CR1108_TS054_1_refined_normalized.pdb",
  "model_index": null,
  "rmsd": 6.454258857918781,
  "inf_all": 0.7847133453010423,
  "inf_wc": 0.9198662110077999,
  "inf_nwc": 0.0,
  "inf_stack": 0.7759774130632281
}
{
  "native_pdb": "/tmp/rna_inf_dnimv0pi/CR1108_TS054_2_solution_normalized.pdb",
  "native_index": null,
  "model_pdb": "/tmp/rna_inf_3c8wjazw/CR1108_TS054_2_refined_normalized.pdb",
  "model_index": null,
  "rmsd": 6.461313789424379,
  "inf_all": 0.7761369856568894,
  "inf_wc": 0.938083151964686,
  "inf_nwc": 0.0,
  "inf_stack": 0.7631504566594772
}
{
  "native_pdb": "/tmp/rna_inf_maumdq07/CR1108_TS054_3_solution_normalized.pdb",
  "native_index": null,
  "model_pdb": "/tmp/rna_inf_xo3fw0wm/CR1108_TS054_3_refined_normalized.pdb",
  "model_index": null,
  "rmsd": 6.414503034360859,
  "inf_all": 0.7592566023652967,
  "inf_wc": 0.938083151964686,
  "inf_nwc": 0.0,
  "inf_stack": 0.7322596170283204
}
{
  "native_pdb": "/tmp/rna_inf_6jcalyl3/CR1108_TS054_4_solution_normalized.pdb",
  "native_index": null,
  "model_pdb": "/tmp/rna_inf_rlqeyaiz/CR1108_TS054_4_refined_normalized.pdb",
  "model_index": null,
  "rmsd": 6.591288810816079,
  "inf_all": 0.8098311912155414,
  "inf_wc": 0.938083151964686,
  "inf_nwc": 0.0,
  "inf_stack": 0.7787915579452676
}
{
  "native_pdb": "/tmp/rna_inf_eheoenj1/CR1108_TS054_5_solution_normalized.pdb",
  "native_index": null,
  "model_pdb": "/tmp/rna_inf_gje7jfgg/CR1108_TS054_5_refined_normalized.pdb",
  "model_index": null,
  "rmsd": 6.537398199262137,
  "inf_all": 0.7774644314502371,
  "inf_wc": 0.9335638713962128,
  "inf_nwc": 0.0,
  "inf_stack": 0.734718358370645
}
{
  "native_pdb": "/tmp/rna_inf_w1egwuw_/CR1108_TS081_1_solution_normalized.pdb",
  "native_index": null,
  "model_pdb": "/tmp/rna_inf_0qam3hsh/CR1108_TS081_1_refined_normalized.pdb",
  "model_index": null,
  "rmsd": 13.198371056106694,
  "inf_all": 0.7700535410868201,
  "inf_wc": 0.8183170883849714,
  "inf_nwc": -1.0,
  "inf_stack": 0.7608274120662151
}
{
  "native_pdb": "/tmp/rna_inf_ljh6mwxc/CR1108_TS081_2_solution_normalized.pdb",
  "native_index": null,
  "model_pdb": "/tmp/rna_inf_w4g4qxt9/CR1108_TS081_2_refined_normalized.pdb",
  "model_index": null,
  "rmsd": 12.442017974231716,
  "inf_all": 0.7784023814660118,
  "inf_wc": 0.8183170883849714,
  "inf_nwc": -1.0,
  "inf_stack": 0.7724598467726546
}
{
  "native_pdb": "/tmp/rna_inf_51iqvhj_/CR1108_TS081_3_solution_normalized.pdb",
  "native_index": null,
  "model_pdb": "/tmp/rna_inf_yvuc4kub/CR1108_TS081_3_refined_normalized.pdb",
  "model_index": null,
  "rmsd": 12.0980158619041,
  "inf_all": 0.7637155440798606,
  "inf_wc": 0.8183170883849714,
  "inf_nwc": -1.0,
  "inf_stack": 0.7521319560681111
}
{
  "native_pdb": "/tmp/rna_inf_s5exczlk/CR1108_TS081_4_solution_normalized.pdb",
  "native_index": null,
  "model_pdb": "/tmp/rna_inf_56ylsjqd/CR1108_TS081_4_refined_normalized.pdb",
  "model_index": null,
  "rmsd": 7.9181878007745015,
  "inf_all": 0.6960242530009643,
  "inf_wc": 0.7938841860374447,
  "inf_nwc": -1.0,
  "inf_stack": 0.674199862463242
}
{
  "native_pdb": "/tmp/rna_inf_9qzyqh19/CR1108_TS091_1_solution_normalized.pdb",
  "native_index": null,
  "model_pdb": "/tmp/rna_inf_ediiv29o/CR1108_TS091_1_refined_normalized.pdb",
  "model_index": null,
  "rmsd": 57.27837336776282,
  "inf_all": 0.1061988488107183,
  "inf_wc": -1.0,
  "inf_nwc": -1.0,
  "inf_stack": 0.13675269175156554
}
{
  "native_pdb": "/tmp/rna_inf_kku5o34f/CR1108_TS091_2_solution_normalized.pdb",
  "native_index": null,
  "model_pdb": "/tmp/rna_inf_7gnsy4kn/CR1108_TS091_2_refined_normalized.pdb",
  "model_index": null,
  "rmsd": 57.6840558951149,
  "inf_all": 0.1442149876003076,
  "inf_wc": 0.0,
  "inf_nwc": -1.0,
  "inf_stack": 0.18877596148970777
}
{
  "native_pdb": "/tmp/rna_inf_51bciud_/CR1108_TS091_3_solution_normalized.pdb",
  "native_index": null,
  "model_pdb": "/tmp/rna_inf_ci6kfr1h/CR1108_TS091_3_refined_normalized.pdb",
  "model_index": null,
  "rmsd": 57.270394494597085,
  "inf_all": 0.10748615458500278,
  "inf_wc": 0.0,
  "inf_nwc": -1.0,
  "inf_stack": 0.13483997249264842
}
{
  "native_pdb": "/tmp/rna_inf_oq8vkd9l/CR1108_TS091_4_solution_normalized.pdb",
  "native_index": null,
  "model_pdb": "/tmp/rna_inf_mz7shpe_/CR1108_TS091_4_refined_normalized.pdb",
  "model_index": null,
  "rmsd": 60.844082038574896,
  "inf_all": 0.17206180040292132,
  "inf_wc": -1.0,
  "inf_nwc": -1.0,
  "inf_stack": 0.22156468376279892
}
{
  "native_pdb": "/tmp/rna_inf_porq54sd/CR1108_TS091_5_solution_normalized.pdb",
  "native_index": null,
  "model_pdb": "/tmp/rna_inf_ig4ltio_/CR1108_TS091_5_refined_normalized.pdb",
  "model_index": null,
  "rmsd": 56.82433022141807,
  "inf_all": 0.13834289277321493,
  "inf_wc": -1.0,
  "inf_nwc": -1.0,
  "inf_stack": 0.17273340683501218
}
{
  "native_pdb": "/tmp/rna_inf_kmk6ykbt/CR1108_TS097_1_solution_normalized.pdb",
  "native_index": null,
  "model_pdb": "/tmp/rna_inf_jhammmfx/CR1108_TS097_1_refined_normalized.pdb",
  "model_index": null,
  "rmsd": 29.45563819472616,
  "inf_all": 0.47943101330719434,
  "inf_wc": 0.4767312946227962,
  "inf_nwc": 0.0,
  "inf_stack": 0.5072572735017881
}
{
  "native_pdb": "/tmp/rna_inf_q9v6hcr0/CR1108_TS119_1_solution_normalized.pdb",
  "native_index": null,
  "model_pdb": "/tmp/rna_inf_a6ao8pyx/CR1108_TS119_1_refined_normalized.pdb",
  "model_index": null,
  "rmsd": 19.059233651947498,
  "inf_all": 0.7548513560963972,
  "inf_wc": 0.7756315349925287,
  "inf_nwc": 0.0,
  "inf_stack": 0.7759774130632281
}
{
  "native_pdb": "/tmp/rna_inf_59_5o5my/CR1108_TS119_2_solution_normalized.pdb",
  "native_index": null,
  "model_pdb": "/tmp/rna_inf_p1fkv7hn/CR1108_TS119_2_refined_normalized.pdb",
  "model_index": null,
  "rmsd": 17.46837162315803,
  "inf_all": 0.691358024691358,
  "inf_wc": 0.6668313367115806,
  "inf_nwc": 0.0,
  "inf_stack": 0.7256921335399084
}
{
  "native_pdb": "/tmp/rna_inf_s9txov9m/CR1108_TS119_3_solution_normalized.pdb",
  "native_index": null,
  "model_pdb": "/tmp/rna_inf_tpb52moe/CR1108_TS119_3_refined_normalized.pdb",
  "model_index": null,
  "rmsd": 16.578473925431677,
  "inf_all": 0.7184803349915343,
  "inf_wc": 0.7150969419341943,
  "inf_nwc": -1.0,
  "inf_stack": 0.7322596170283204
}
{
  "native_pdb": "/tmp/rna_inf_ddu87sbp/CR1108_TS119_4_solution_normalized.pdb",
  "native_index": null,
  "model_pdb": "/tmp/rna_inf_s9iwtp8k/CR1108_TS119_4_refined_normalized.pdb",
  "model_index": null,
  "rmsd": 17.182335014437346,
  "inf_all": 0.6887568256738228,
  "inf_wc": 0.6343350474165466,
  "inf_nwc": -1.0,
  "inf_stack": 0.7223460919122201
}
{
  "native_pdb": "/tmp/rna_inf_xkntw0ju/CR1108_TS119_5_solution_normalized.pdb",
  "native_index": null,
  "model_pdb": "/tmp/rna_inf_jdhf6vgw/CR1108_TS119_5_refined_normalized.pdb",
  "model_index": null,
  "rmsd": 16.01063697957253,
  "inf_all": 0.7614329560565093,
  "inf_wc": 0.7319250547113999,
  "inf_nwc": -1.0,
  "inf_stack": 0.7724054437220943
}
{
  "native_pdb": "/tmp/rna_inf_ntzgipa1/CR1108_TS125_1_solution_normalized.pdb",
  "native_index": null,
  "model_pdb": "/tmp/rna_inf_7pmgyey8/CR1108_TS125_1_refined_normalized.pdb",
  "model_index": null,
  "rmsd": 6.553642287310962,
  "inf_all": 0.760750512960054,
  "inf_wc": 0.9139076937674137,
  "inf_nwc": -1.0,
  "inf_stack": 0.7130704379553141
}
{
  "native_pdb": "/tmp/rna_inf__42pmdq8/CR1108_TS125_2_solution_normalized.pdb",
  "native_index": null,
  "model_pdb": "/tmp/rna_inf_hd15mifu/CR1108_TS125_2_refined_normalized.pdb",
  "model_index": null,
  "rmsd": 6.5369316060196025,
  "inf_all": 0.760750512960054,
  "inf_wc": 0.938083151964686,
  "inf_nwc": -1.0,
  "inf_stack": 0.7017543859649122
}
{
  "native_pdb": "/tmp/rna_inf_vea6zeoj/CR1108_TS125_3_solution_normalized.pdb",
  "native_index": null,
  "model_pdb": "/tmp/rna_inf_71fphe6d/CR1108_TS125_3_refined_normalized.pdb",
  "model_index": null,
  "rmsd": 6.5491755607739925,
  "inf_all": 0.7730206825239258,
  "inf_wc": 0.938083151964686,
  "inf_nwc": 0.0,
  "inf_stack": 0.7256921335399084
}
{
  "native_pdb": "/tmp/rna_inf_jviu8y0x/CR1108_TS125_4_solution_normalized.pdb",
  "native_index": null,
  "model_pdb": "/tmp/rna_inf_z8j9ya6i/CR1108_TS125_4_refined_normalized.pdb",
  "model_index": null,
  "rmsd": 6.592902211842828,
  "inf_all": 0.7577785923749287,
  "inf_wc": 0.9574271077563381,
  "inf_nwc": 0.0,
  "inf_stack": 0.709560194985489
}
{
  "native_pdb": "/tmp/rna_inf_b7q3nqub/CR1108_TS125_5_solution_normalized.pdb",
  "native_index": null,
  "model_pdb": "/tmp/rna_inf_ccxxk6q3/CR1108_TS125_5_refined_normalized.pdb",
  "model_index": null,
  "rmsd": 6.607349932218679,
  "inf_all": 0.7702011922499276,
  "inf_wc": 0.938083151964686,
  "inf_nwc": -1.0,
  "inf_stack": 0.714399626369093
}
{
  "native_pdb": "/tmp/rna_inf_31egyxev/CR1108_TS128_1_solution_normalized.pdb",
  "native_index": null,
  "model_pdb": "/tmp/rna_inf_r_1514z5/CR1108_TS128_1_refined_normalized.pdb",
  "model_index": null,
  "rmsd": 15.94032217082725,
  "inf_all": 0.75,
  "inf_wc": 0.753778361444409,
  "inf_nwc": 0.7071067811865476,
  "inf_stack": 0.7503085784948502
}
{
  "native_pdb": "/tmp/rna_inf_co3apio4/CR1108_TS128_2_solution_normalized.pdb",
  "native_index": null,
  "model_pdb": "/tmp/rna_inf_7j4gnb92/CR1108_TS128_2_refined_normalized.pdb",
  "model_index": null,
  "rmsd": 17.56370326007316,
  "inf_all": 0.7248721135449594,
  "inf_wc": 0.7756315349925287,
  "inf_nwc": 0.0,
  "inf_stack": 0.7503085784948502
}
{
  "native_pdb": "/tmp/rna_inf_j5xvh1yq/CR1108_TS128_3_solution_normalized.pdb",
  "native_index": null,
  "model_pdb": "/tmp/rna_inf_u9yiodmc/CR1108_TS128_3_refined_normalized.pdb",
  "model_index": null,
  "rmsd": 5.480146532233908,
  "inf_all": 0.7856742013183862,
  "inf_wc": 0.938083151964686,
  "inf_nwc": 0.7071067811865476,
  "inf_stack": 0.722579074349669
}
{
  "native_pdb": "/tmp/rna_inf_qnzh28t_/CR1108_TS128_4_solution_normalized.pdb",
  "native_index": null,
  "model_pdb": "/tmp/rna_inf_jh8ni4jo/CR1108_TS128_4_refined_normalized.pdb",
  "model_index": null,
  "rmsd": 19.801976514472624,
  "inf_all": 0.6904602208326344,
  "inf_wc": 0.7008766440504623,
  "inf_nwc": -1.0,
  "inf_stack": 0.6934627156764775
}
{
  "native_pdb": "/tmp/rna_inf_mhe3bt5d/CR1108_TS128_5_solution_normalized.pdb",
  "native_index": null,
  "model_pdb": "/tmp/rna_inf_d0yl_ocs/CR1108_TS128_5_refined_normalized.pdb",
  "model_index": null,
  "rmsd": 14.162715210839579,
  "inf_all": 0.6452317515109549,
  "inf_wc": 0.7409585736349483,
  "inf_nwc": -1.0,
  "inf_stack": 0.6231234454607114
}
{
  "native_pdb": "/tmp/rna_inf_vfp5_oy8/CR1108_TS131_1_solution_normalized.pdb",
  "native_index": null,
  "model_pdb": "/tmp/rna_inf_bm7sideu/CR1108_TS131_1_refined_normalized.pdb",
  "model_index": null,
  "rmsd": 57.15754368010399,
  "inf_all": 0.5677749739576688,
  "inf_wc": -1.0,
  "inf_nwc": -1.0,
  "inf_stack": 0.674199862463242
}
{
  "native_pdb": "/tmp/rna_inf_rywalvve/CR1108_TS131_2_solution_normalized.pdb",
  "native_index": null,
  "model_pdb": "/tmp/rna_inf_htiuar08/CR1108_TS131_2_refined_normalized.pdb",
  "model_index": null,
  "rmsd": 51.67637249795187,
  "inf_all": 0.6087807775281011,
  "inf_wc": -1.0,
  "inf_nwc": -1.0,
  "inf_stack": 0.7156264473321343
}
{
  "native_pdb": "/tmp/rna_inf_zjwcvxpw/CR1108_TS131_3_solution_normalized.pdb",
  "native_index": null,
  "model_pdb": "/tmp/rna_inf_7gcuwzy0/CR1108_TS131_3_refined_normalized.pdb",
  "model_index": null,
  "rmsd": 44.81009116905908,
  "inf_all": 0.5674803065350239,
  "inf_wc": 0.0,
  "inf_nwc": -1.0,
  "inf_stack": 0.697277051246695
}
{
  "native_pdb": "/tmp/rna_inf_woj4nlk5/CR1108_TS131_4_solution_normalized.pdb",
  "native_index": null,
  "model_pdb": "/tmp/rna_inf_vv1wmnuk/CR1108_TS131_4_refined_normalized.pdb",
  "model_index": null,
  "rmsd": 36.9250112121463,
  "inf_all": 0.6127633533453719,
  "inf_wc": -1.0,
  "inf_nwc": -1.0,
  "inf_stack": 0.7304623998566632
}
{
  "native_pdb": "/tmp/rna_inf_hh0owc1d/CR1108_TS131_5_solution_normalized.pdb",
  "native_index": null,
  "model_pdb": "/tmp/rna_inf_xh_q9642/CR1108_TS131_5_refined_normalized.pdb",
  "model_index": null,
  "rmsd": 49.664416536321795,
  "inf_all": 0.6122813833667363,
  "inf_wc": 0.0,
  "inf_nwc": -1.0,
  "inf_stack": 0.7523252395030131
}
{
  "native_pdb": "/tmp/rna_inf__82v0kwj/CR1108_TS147_1_solution_normalized.pdb",
  "native_index": null,
  "model_pdb": "/tmp/rna_inf_5umn7xf_/CR1108_TS147_1_refined_normalized.pdb",
  "model_index": null,
  "rmsd": 19.996836605660235,
  "inf_all": 0.6969047394415508,
  "inf_wc": 0.7142857142857143,
  "inf_nwc": -1.0,
  "inf_stack": 0.7090909090909091
}
{
  "native_pdb": "/tmp/rna_inf_seu5eegt/CR1108_TS147_2_solution_normalized.pdb",
  "native_index": null,
  "model_pdb": "/tmp/rna_inf_kyhu51yg/CR1108_TS147_2_refined_normalized.pdb",
  "model_index": null,
  "rmsd": 15.622247500725612,
  "inf_all": 0.7703576811701166,
  "inf_wc": 0.7280252083092641,
  "inf_nwc": -1.0,
  "inf_stack": 0.7984472665856134
}
{
  "native_pdb": "/tmp/rna_inf_z0yrqz9w/CR1108_TS147_3_solution_normalized.pdb",
  "native_index": null,
  "model_pdb": "/tmp/rna_inf_jnqvu79q/CR1108_TS147_3_refined_normalized.pdb",
  "model_index": null,
  "rmsd": 18.7697792026182,
  "inf_all": 0.7600418879072098,
  "inf_wc": 0.7142857142857143,
  "inf_nwc": -1.0,
  "inf_stack": 0.7899601128975965
}
{
  "native_pdb": "/tmp/rna_inf_9s4gy1aq/CR1108_TS147_4_solution_normalized.pdb",
  "native_index": null,
  "model_pdb": "/tmp/rna_inf_ldjmqmyx/CR1108_TS147_4_refined_normalized.pdb",
  "model_index": null,
  "rmsd": 16.334158191982777,
  "inf_all": 0.7421560439929402,
  "inf_wc": 0.7280252083092641,
  "inf_nwc": -1.0,
  "inf_stack": 0.7659416862050705
}
{
  "native_pdb": "/tmp/rna_inf_tsiux562/CR1108_TS147_5_solution_normalized.pdb",
  "native_index": null,
  "model_pdb": "/tmp/rna_inf_1sfej_fm/CR1108_TS147_5_refined_normalized.pdb",
  "model_index": null,
  "rmsd": 17.676342174368532,
  "inf_all": 0.7759705701987263,
  "inf_wc": 0.7142857142857143,
  "inf_nwc": -1.0,
  "inf_stack": 0.8114310003052224
}
{
  "native_pdb": "/tmp/rna_inf_241nrpnl/CR1108_TS163_1_solution_normalized.pdb",
  "native_index": null,
  "model_pdb": "/tmp/rna_inf_3z9pktc3/CR1108_TS163_1_refined_normalized.pdb",
  "model_index": null,
  "rmsd": 7.4955120361688055,
  "inf_all": 0.578243309582912,
  "inf_wc": 0.5520524474738834,
  "inf_nwc": -1.0,
  "inf_stack": 0.6124700949637298
}
{
  "native_pdb": "/tmp/rna_inf_5firln1p/CR1108_TS227_1_solution_normalized.pdb",
  "native_index": null,
  "model_pdb": "/tmp/rna_inf_0upzheqn/CR1108_TS227_1_refined_normalized.pdb",
  "model_index": null,
  "rmsd": 16.78758858688902,
  "inf_all": 0.7747723745106689,
  "inf_wc": 0.6978631577988531,
  "inf_nwc": -1.0,
  "inf_stack": 0.8154355063002008
}
{
  "native_pdb": "/tmp/rna_inf_58k4k8_f/CR1108_TS227_2_solution_normalized.pdb",
  "native_index": null,
  "model_pdb": "/tmp/rna_inf_lq3ex4an/CR1108_TS227_2_refined_normalized.pdb",
  "model_index": null,
  "rmsd": 25.04002206724671,
  "inf_all": 0.7093724287133959,
  "inf_wc": 0.7142857142857143,
  "inf_nwc": -1.0,
  "inf_stack": 0.7259195875914238
}
{
  "native_pdb": "/tmp/rna_inf_5o139025/CR1108_TS227_3_solution_normalized.pdb",
  "native_index": null,
  "model_pdb": "/tmp/rna_inf_79momn2g/CR1108_TS227_3_refined_normalized.pdb",
  "model_index": null,
  "rmsd": 18.50674521276275,
  "inf_all": 0.7634549158406823,
  "inf_wc": 0.7443873683187767,
  "inf_nwc": -1.0,
  "inf_stack": 0.7833494518006403
}
{
  "native_pdb": "/tmp/rna_inf_bmf33z9g/CR1108_TS227_4_solution_normalized.pdb",
  "native_index": null,
  "model_pdb": "/tmp/rna_inf_zid5q7_3/CR1108_TS227_4_refined_normalized.pdb",
  "model_index": null,
  "rmsd": 17.1975910177889,
  "inf_all": 0.7538585937829861,
  "inf_wc": 0.7280252083092641,
  "inf_nwc": -1.0,
  "inf_stack": 0.7814590268710258
}
{
  "native_pdb": "/tmp/rna_inf_4syrtwe0/CR1108_TS227_5_solution_normalized.pdb",
  "native_index": null,
  "model_pdb": "/tmp/rna_inf_uraum4ag/CR1108_TS227_5_refined_normalized.pdb",
  "model_index": null,
  "rmsd": 17.858559282427795,
  "inf_all": 0.7634549158406823,
  "inf_wc": 0.6978631577988531,
  "inf_nwc": -1.0,
  "inf_stack": 0.8007572173962101
}
{
  "native_pdb": "/tmp/rna_inf_it6bub5f/CR1108_TS229_1_solution_normalized.pdb",
  "native_index": null,
  "model_pdb": "/tmp/rna_inf_cls_gs2r/CR1108_TS229_1_refined_normalized.pdb",
  "model_index": null,
  "rmsd": 8.615319050909005,
  "inf_all": 0.5972844604167666,
  "inf_wc": 0.7324670207647144,
  "inf_nwc": -1.0,
  "inf_stack": 0.5691809397272192
}
{
  "native_pdb": "/tmp/rna_inf_riyo1b59/CR1108_TS229_2_solution_normalized.pdb",
  "native_index": null,
  "model_pdb": "/tmp/rna_inf_06d8tt0a/CR1108_TS229_2_refined_normalized.pdb",
  "model_index": null,
  "rmsd": 8.615319050909005,
  "inf_all": 0.5972844604167666,
  "inf_wc": 0.7324670207647144,
  "inf_nwc": -1.0,
  "inf_stack": 0.5691809397272192
}
{
  "native_pdb": "/tmp/rna_inf_fvd63pbh/CR1108_TS229_3_solution_normalized.pdb",
  "native_index": null,
  "model_pdb": "/tmp/rna_inf_0u2cowtq/CR1108_TS229_3_refined_normalized.pdb",
  "model_index": null,
  "rmsd": 8.615319050909005,
  "inf_all": 0.5972844604167666,
  "inf_wc": 0.7324670207647144,
  "inf_nwc": -1.0,
  "inf_stack": 0.5691809397272192
}
{
  "native_pdb": "/tmp/rna_inf_ytga9m62/CR1108_TS229_4_solution_normalized.pdb",
  "native_index": null,
  "model_pdb": "/tmp/rna_inf_z12krdyw/CR1108_TS229_4_refined_normalized.pdb",
  "model_index": null,
  "rmsd": 8.615319050909005,
  "inf_all": 0.5972844604167666,
  "inf_wc": 0.7324670207647144,
  "inf_nwc": -1.0,
  "inf_stack": 0.5691809397272192
}
{
  "native_pdb": "/tmp/rna_inf_sykwelnt/CR1108_TS229_5_solution_normalized.pdb",
  "native_index": null,
  "model_pdb": "/tmp/rna_inf_dz5aqvik/CR1108_TS229_5_refined_normalized.pdb",
  "model_index": null,
  "rmsd": 8.615319050909005,
  "inf_all": 0.5972844604167666,
  "inf_wc": 0.7324670207647144,
  "inf_nwc": -1.0,
  "inf_stack": 0.5691809397272192
}
{
  "native_pdb": "/tmp/rna_inf_2xilw5fu/CR1108_TS232_1_solution_normalized.pdb",
  "native_index": null,
  "model_pdb": "/tmp/rna_inf__nf1v8o_/CR1108_TS232_1_refined_normalized.pdb",
  "model_index": null,
  "rmsd": 5.322644448200832,
  "inf_all": 0.848373180310638,
  "inf_wc": 0.938083151964686,
  "inf_nwc": 0.7071067811865476,
  "inf_stack": 0.8160751633094973
}
{
  "native_pdb": "/tmp/rna_inf_hfmpezrg/CR1108_TS232_2_solution_normalized.pdb",
  "native_index": null,
  "model_pdb": "/tmp/rna_inf_ypnmev4o/CR1108_TS232_2_refined_normalized.pdb",
  "model_index": null,
  "rmsd": 4.631138841618282,
  "inf_all": 0.8250644606790842,
  "inf_wc": 0.938083151964686,
  "inf_nwc": 0.7071067811865476,
  "inf_stack": 0.7823355995993853
}
{
  "native_pdb": "/tmp/rna_inf_f_9rdb3f/CR1108_TS232_3_solution_normalized.pdb",
  "native_index": null,
  "model_pdb": "/tmp/rna_inf_ldksp_a3/CR1108_TS232_3_refined_normalized.pdb",
  "model_index": null,
  "rmsd": 6.225225530909061,
  "inf_all": 0.8323141916249217,
  "inf_wc": 0.938083151964686,
  "inf_nwc": 0.7071067811865476,
  "inf_stack": 0.7930825033059502
}
{
  "native_pdb": "/tmp/rna_inf_i1hklcru/CR1108_TS232_4_solution_normalized.pdb",
  "native_index": null,
  "model_pdb": "/tmp/rna_inf_yek70gg7/CR1108_TS232_4_refined_normalized.pdb",
  "model_index": null,
  "rmsd": 4.492553434258138,
  "inf_all": 0.8343715303432849,
  "inf_wc": 0.938083151964686,
  "inf_nwc": 0.7071067811865476,
  "inf_stack": 0.7964913660803873
}
{
  "native_pdb": "/tmp/rna_inf_5np0rcas/CR1108_TS232_5_solution_normalized.pdb",
  "native_index": null,
  "model_pdb": "/tmp/rna_inf_ahybts8o/CR1108_TS232_5_refined_normalized.pdb",
  "model_index": null,
  "rmsd": 4.939729435881119,
  "inf_all": 0.8198915917499229,
  "inf_wc": 0.938083151964686,
  "inf_nwc": 0.7071067811865476,
  "inf_stack": 0.7750579009580877
}
{
  "native_pdb": "/tmp/rna_inf_63hqxbex/CR1108_TS235_1_solution_normalized.pdb",
  "native_index": null,
  "model_pdb": "/tmp/rna_inf_72gkiqsz/CR1108_TS235_1_refined_normalized.pdb",
  "model_index": null,
  "rmsd": 33.20021199661703,
  "inf_all": 0.7312626517124157,
  "inf_wc": 0.6579516949597689,
  "inf_nwc": -1.0,
  "inf_stack": 0.7666565318069349
}
{
  "native_pdb": "/tmp/rna_inf_wdmrhayz/CR1108_TS235_2_solution_normalized.pdb",
  "native_index": null,
  "model_pdb": "/tmp/rna_inf_gzhow1h2/CR1108_TS235_2_refined_normalized.pdb",
  "model_index": null,
  "rmsd": 19.308046074086658,
  "inf_all": 0.60324934681779,
  "inf_wc": 0.4236592728681617,
  "inf_nwc": -1.0,
  "inf_stack": 0.6727272727272727
}
{
  "native_pdb": "/tmp/rna_inf_z6lq3yz8/CR1108_TS235_3_solution_normalized.pdb",
  "native_index": null,
  "model_pdb": "/tmp/rna_inf_avw7ea_4/CR1108_TS235_3_refined_normalized.pdb",
  "model_index": null,
  "rmsd": 19.160168786526043,
  "inf_all": 0.658702969519582,
  "inf_wc": 0.5855400437691198,
  "inf_nwc": -1.0,
  "inf_stack": 0.7021867670200858
}
{
  "native_pdb": "/tmp/rna_inf_r_489lty/CR1108_TS235_4_solution_normalized.pdb",
  "native_index": null,
  "model_pdb": "/tmp/rna_inf_gnk1nrnp/CR1108_TS235_4_refined_normalized.pdb",
  "model_index": null,
  "rmsd": 23.020283696104162,
  "inf_all": 0.6372240236233775,
  "inf_wc": 0.5869391856534222,
  "inf_nwc": 0.0,
  "inf_stack": 0.6731724926785407
}
{
  "native_pdb": "/tmp/rna_inf_f_ha7poz/CR1108_TS235_5_solution_normalized.pdb",
  "native_index": null,
  "model_pdb": "/tmp/rna_inf_lo5__s1b/CR1108_TS235_5_refined_normalized.pdb",
  "model_index": null,
  "rmsd": 20.11990805380466,
  "inf_all": 0.6581878094725758,
  "inf_wc": 0.5855400437691198,
  "inf_nwc": -1.0,
  "inf_stack": 0.6905088760015983
}
{
  "native_pdb": "/tmp/rna_inf_yd5rsdni/CR1108_TS238_1_solution_normalized.pdb",
  "native_index": null,
  "model_pdb": "/tmp/rna_inf_800yznx3/CR1108_TS238_1_refined_normalized.pdb",
  "model_index": null,
  "rmsd": 9.414485069934214,
  "inf_all": 0.7398435111918139,
  "inf_wc": 0.7200822998230956,
  "inf_nwc": -1.0,
  "inf_stack": 0.7906378596476551
}
{
  "native_pdb": "/tmp/rna_inf_azdzex2m/CR1108_TS245_1_solution_normalized.pdb",
  "native_index": null,
  "model_pdb": "/tmp/rna_inf__ny_rf1g/CR1108_TS245_1_refined_normalized.pdb",
  "model_index": null,
  "rmsd": 22.100002714572526,
  "inf_all": 0.5252257314388902,
  "inf_wc": 0.35478743759344955,
  "inf_nwc": 0.0,
  "inf_stack": 0.6205716028380909
}
{
  "native_pdb": "/tmp/rna_inf_p5_v6y2j/CR1108_TS248_1_solution_normalized.pdb",
  "native_index": null,
  "model_pdb": "/tmp/rna_inf_d5qmxw41/CR1108_TS248_1_refined_normalized.pdb",
  "model_index": null,
  "rmsd": 28.448264350511497,
  "inf_all": 0.6534393241407961,
  "inf_wc": 0.408248290463863,
  "inf_nwc": -1.0,
  "inf_stack": 0.7322596170283204
}
{
  "native_pdb": "/tmp/rna_inf_zsr5u7jo/CR1108_TS248_2_solution_normalized.pdb",
  "native_index": null,
  "model_pdb": "/tmp/rna_inf_p5ev9466/CR1108_TS248_2_refined_normalized.pdb",
  "model_index": null,
  "rmsd": 32.74490278246856,
  "inf_all": 0.6806659626466626,
  "inf_wc": 0.408248290463863,
  "inf_nwc": -1.0,
  "inf_stack": 0.7679795983467752
}
{
  "native_pdb": "/tmp/rna_inf_v7j50o3x/CR1108_TS248_3_solution_normalized.pdb",
  "native_index": null,
  "model_pdb": "/tmp/rna_inf_jvkff00q/CR1108_TS248_3_refined_normalized.pdb",
  "model_index": null,
  "rmsd": 32.04514565162438,
  "inf_all": 0.6490326075826763,
  "inf_wc": 0.4236592728681617,
  "inf_nwc": -1.0,
  "inf_stack": 0.7207499701564473
}
{
  "native_pdb": "/tmp/rna_inf_ob_omuiy/CR1108_TS248_4_solution_normalized.pdb",
  "native_index": null,
  "model_pdb": "/tmp/rna_inf_3ru0nbkc/CR1108_TS248_4_refined_normalized.pdb",
  "model_index": null,
  "rmsd": 30.491390487848374,
  "inf_all": 0.6580901965284981,
  "inf_wc": 0.408248290463863,
  "inf_nwc": -1.0,
  "inf_stack": 0.7387687194103584
}
{
  "native_pdb": "/tmp/rna_inf_7d5_eacc/CR1108_TS248_5_solution_normalized.pdb",
  "native_index": null,
  "model_pdb": "/tmp/rna_inf_6_6m1myj/CR1108_TS248_5_refined_normalized.pdb",
  "model_index": null,
  "rmsd": 18.163142851954746,
  "inf_all": 0.6625891564490792,
  "inf_wc": 0.5454545454545454,
  "inf_nwc": 0.0,
  "inf_stack": 0.7242455855256795
}
{
  "native_pdb": "/tmp/rna_inf_ijdv_6tw/CR1108_TS285_1_solution_normalized.pdb",
  "native_index": null,
  "model_pdb": "/tmp/rna_inf_h8y7uabr/CR1108_TS285_1_refined_normalized.pdb",
  "model_index": null,
  "rmsd": 21.18969885462056,
  "inf_all": 0.4866642633922876,
  "inf_wc": 0.6415330278717848,
  "inf_nwc": -1.0,
  "inf_stack": 0.4865618401009519
}
{
  "native_pdb": "/tmp/rna_inf_xak7yaj5/CR1108_TS285_2_solution_normalized.pdb",
  "native_index": null,
  "model_pdb": "/tmp/rna_inf_5ait1yhp/CR1108_TS285_2_refined_normalized.pdb",
  "model_index": null,
  "rmsd": 22.08593949649806,
  "inf_all": 0.5109405634161495,
  "inf_wc": 0.5657789498610037,
  "inf_nwc": -1.0,
  "inf_stack": 0.5285251583181321
}
{
  "native_pdb": "/tmp/rna_inf_m7o2dcuf/CR1108_TS285_3_solution_normalized.pdb",
  "native_index": null,
  "model_pdb": "/tmp/rna_inf_4yeacsf3/CR1108_TS285_3_refined_normalized.pdb",
  "model_index": null,
  "rmsd": 20.369569531505363,
  "inf_all": 0.510688230856951,
  "inf_wc": 0.5244044240850758,
  "inf_nwc": 0.0,
  "inf_stack": 0.5468165968051548
}
{
  "native_pdb": "/tmp/rna_inf_t8ymhcvd/CR1108_TS285_4_solution_normalized.pdb",
  "native_index": null,
  "model_pdb": "/tmp/rna_inf_acpgwxu5/CR1108_TS285_4_refined_normalized.pdb",
  "model_index": null,
  "rmsd": 20.562179916434797,
  "inf_all": 0.4908233635850147,
  "inf_wc": 0.6055300708194983,
  "inf_nwc": 0.0,
  "inf_stack": 0.516185401208764
}
{
  "native_pdb": "/tmp/rna_inf_8bagyccx/CR1108_TS285_5_solution_normalized.pdb",
  "native_index": null,
  "model_pdb": "/tmp/rna_inf_lemf3io_/CR1108_TS285_5_refined_normalized.pdb",
  "model_index": null,
  "rmsd": 20.942130017011504,
  "inf_all": 0.4949196182414956,
  "inf_wc": 0.6055300708194983,
  "inf_nwc": 0.0,
  "inf_stack": 0.5077582684619295
}
{
  "native_pdb": "/tmp/rna_inf_xjdj8niq/CR1108_TS287_1_solution_normalized.pdb",
  "native_index": null,
  "model_pdb": "/tmp/rna_inf_27nlqond/CR1108_TS287_1_refined_normalized.pdb",
  "model_index": null,
  "rmsd": 6.022793644743172,
  "inf_all": 0.8366191769856034,
  "inf_wc": 0.8645299348672512,
  "inf_nwc": -1.0,
  "inf_stack": 0.8257228238447705
}
{
  "native_pdb": "/tmp/rna_inf_74dv6sk3/CR1108_TS287_2_solution_normalized.pdb",
  "native_index": null,
  "model_pdb": "/tmp/rna_inf_ex5al95c/CR1108_TS287_2_refined_normalized.pdb",
  "model_index": null,
  "rmsd": 5.879253832292355,
  "inf_all": 0.8157894736842105,
  "inf_wc": 0.8645299348672512,
  "inf_nwc": -1.0,
  "inf_stack": 0.8040544114072732
}
{
  "native_pdb": "/tmp/rna_inf_mok4o3g3/CR1108_TS287_3_solution_normalized.pdb",
  "native_index": null,
  "model_pdb": "/tmp/rna_inf_myxz9nfr/CR1108_TS287_3_refined_normalized.pdb",
  "model_index": null,
  "rmsd": 16.226870718914306,
  "inf_all": 0.8089025332329456,
  "inf_wc": 0.7938841860374447,
  "inf_nwc": -1.0,
  "inf_stack": 0.8227533512074423
}
{
  "native_pdb": "/tmp/rna_inf_sm65ks_0/CR1108_TS287_4_solution_normalized.pdb",
  "native_index": null,
  "model_pdb": "/tmp/rna_inf_b9o0jiu4/CR1108_TS287_4_refined_normalized.pdb",
  "model_index": null,
  "rmsd": 5.944761407626628,
  "inf_all": 0.8207826816681233,
  "inf_wc": 0.8463272660560106,
  "inf_nwc": -1.0,
  "inf_stack": 0.8108437164260031
}
{
  "native_pdb": "/tmp/rna_inf_gh8xqyfc/CR1108_TS287_5_solution_normalized.pdb",
  "native_index": null,
  "model_pdb": "/tmp/rna_inf_mbwmwg83/CR1108_TS287_5_refined_normalized.pdb",
  "model_index": null,
  "rmsd": 15.34068416881324,
  "inf_all": 0.8304124744289284,
  "inf_wc": 0.7938841860374447,
  "inf_nwc": -1.0,
  "inf_stack": 0.8519979545631314
}
{
  "native_pdb": "/tmp/rna_inf_qn1aav11/CR1108_TS385_1_solution_normalized.pdb",
  "native_index": null,
  "model_pdb": "/tmp/rna_inf_fboa48z5/CR1108_TS385_1_refined_normalized.pdb",
  "model_index": null,
  "rmsd": 22.1125658919528,
  "inf_all": 0.5374838498865699,
  "inf_wc": 0.23652495839563306,
  "inf_nwc": 0.0,
  "inf_stack": 0.6622661785325219
}
{
  "native_pdb": "/tmp/rna_inf_mdxlccm9/CR1108_TS385_2_solution_normalized.pdb",
  "native_index": null,
  "model_pdb": "/tmp/rna_inf_5b9curer/CR1108_TS385_2_refined_normalized.pdb",
  "model_index": null,
  "rmsd": 20.99797519445798,
  "inf_all": 0.5659164584181102,
  "inf_wc": 0.3553345272593507,
  "inf_nwc": 0.0,
  "inf_stack": 0.6669102868709127
}
{
  "native_pdb": "/tmp/rna_inf_97kd79fk/CR1108_TS385_3_solution_normalized.pdb",
  "native_index": null,
  "model_pdb": "/tmp/rna_inf_t3_nwypy/CR1108_TS385_3_refined_normalized.pdb",
  "model_index": null,
  "rmsd": 20.222150425481814,
  "inf_all": 0.45962735987049386,
  "inf_wc": 0.0,
  "inf_nwc": -1.0,
  "inf_stack": 0.6357639532057509
}
{
  "native_pdb": "/tmp/rna_inf_9yzkz6ez/CR1108_TS385_4_solution_normalized.pdb",
  "native_index": null,
  "model_pdb": "/tmp/rna_inf_fvdlsocd/CR1108_TS385_4_refined_normalized.pdb",
  "model_index": null,
  "rmsd": 20.167817419163903,
  "inf_all": 0.5564148840746572,
  "inf_wc": 0.39477101697586137,
  "inf_nwc": -1.0,
  "inf_stack": 0.6419666752419568
}
{
  "native_pdb": "/tmp/rna_inf_l1w7ti84/CR1108_TS385_5_solution_normalized.pdb",
  "native_index": null,
  "model_pdb": "/tmp/rna_inf__6yg57la/CR1108_TS385_5_refined_normalized.pdb",
  "model_index": null,
  "rmsd": 22.337821944227713,
  "inf_all": 0.4861111111111111,
  "inf_wc": 0.0,
  "inf_nwc": 0.0,
  "inf_stack": 0.6367847903715926
}
{
  "native_pdb": "/tmp/rna_inf_8as5ki1h/CR1108_TS416_1_solution_normalized.pdb",
  "native_index": null,
  "model_pdb": "/tmp/rna_inf_hk9tgw8l/CR1108_TS416_1_refined_normalized.pdb",
  "model_index": null,
  "rmsd": 5.43498732923912,
  "inf_all": 0.819288030372914,
  "inf_wc": 0.9770084209183945,
  "inf_nwc": 0.0,
  "inf_stack": 0.7789808377045201
}
{
  "native_pdb": "/tmp/rna_inf_p5crnmq2/CR1108_TS416_2_solution_normalized.pdb",
  "native_index": null,
  "model_pdb": "/tmp/rna_inf_az_zsca5/CR1108_TS416_2_refined_normalized.pdb",
  "model_index": null,
  "rmsd": 4.924106039113972,
  "inf_all": 0.7734020832408642,
  "inf_wc": 0.8839599998785473,
  "inf_nwc": -1.0,
  "inf_stack": 0.736373539248127
}
{
  "native_pdb": "/tmp/rna_inf_rztcshtg/CR1108_TS416_3_solution_normalized.pdb",
  "native_index": null,
  "model_pdb": "/tmp/rna_inf_qcqxsmc5/CR1108_TS416_3_refined_normalized.pdb",
  "model_index": null,
  "rmsd": 4.801993556423852,
  "inf_all": 0.8100993907710891,
  "inf_wc": 0.9770084209183945,
  "inf_nwc": 0.0,
  "inf_stack": 0.7647191129018726
}
{
  "native_pdb": "/tmp/rna_inf_z17n1tfu/CR1108_TS416_4_solution_normalized.pdb",
  "native_index": null,
  "model_pdb": "/tmp/rna_inf_l56iiqar/CR1108_TS416_4_refined_normalized.pdb",
  "model_index": null,
  "rmsd": 4.90967607775883,
  "inf_all": 0.8411910241920598,
  "inf_wc": 1.0,
  "inf_nwc": 0.0,
  "inf_stack": 0.8005294507528593
}
{
  "native_pdb": "/tmp/rna_inf_ppwfo_i4/CR1108_TS416_5_solution_normalized.pdb",
  "native_index": null,
  "model_pdb": "/tmp/rna_inf_6d63b3b1/CR1108_TS416_5_refined_normalized.pdb",
  "model_index": null,
  "rmsd": 6.591747064636956,
  "inf_all": 0.772579631296413,
  "inf_wc": 0.9304842103984708,
  "inf_nwc": -1.0,
  "inf_stack": 0.7233393492970543
}
{
  "native_pdb": "/tmp/rna_inf_omtdkoex/CR1108_TS434_1_solution_normalized.pdb",
  "native_index": null,
  "model_pdb": "/tmp/rna_inf_notgcnpl/CR1108_TS434_1_refined_normalized.pdb",
  "model_index": null,
  "rmsd": 24.107966548132087,
  "inf_all": 0.7509392614826383,
  "inf_wc": 0.7142857142857143,
  "inf_nwc": -1.0,
  "inf_stack": 0.7833494518006403
}
{
  "native_pdb": "/tmp/rna_inf_rglbcf56/CR1108_TS434_2_solution_normalized.pdb",
  "native_index": null,
  "model_pdb": "/tmp/rna_inf__cmvgznj/CR1108_TS434_2_refined_normalized.pdb",
  "model_index": null,
  "rmsd": 24.643517977643633,
  "inf_all": 0.7392284758051435,
  "inf_wc": 0.7142857142857143,
  "inf_nwc": -1.0,
  "inf_stack": 0.7613302991812494
}
{
  "native_pdb": "/tmp/rna_inf_04w_noo7/CR1108_TS434_3_solution_normalized.pdb",
  "native_index": null,
  "model_pdb": "/tmp/rna_inf_k4bekeg1/CR1108_TS434_3_refined_normalized.pdb",
  "model_index": null,
  "rmsd": 17.767168925993005,
  "inf_all": 0.719565704376859,
  "inf_wc": 0.6818181818181818,
  "inf_nwc": 0.0,
  "inf_stack": 0.7587334705507119
}
{
  "native_pdb": "/tmp/rna_inf_bvomxe6d/CR1108_TS434_4_solution_normalized.pdb",
  "native_index": null,
  "model_pdb": "/tmp/rna_inf_nax4hw3i/CR1108_TS434_4_refined_normalized.pdb",
  "model_index": null,
  "rmsd": 24.609363654268044,
  "inf_all": 0.7347071583103029,
  "inf_wc": 0.7142857142857143,
  "inf_nwc": -1.0,
  "inf_stack": 0.7613302991812494
}
{
  "native_pdb": "/tmp/rna_inf_bba3vlt8/CR1108_TS434_5_solution_normalized.pdb",
  "native_index": null,
  "model_pdb": "/tmp/rna_inf_j9yk4ass/CR1108_TS434_5_refined_normalized.pdb",
  "model_index": null,
  "rmsd": 22.942739662557894,
  "inf_all": 0.7545253113928225,
  "inf_wc": 0.6978631577988531,
  "inf_nwc": -1.0,
  "inf_stack": 0.7941665109370261
}
{
  "native_pdb": "/tmp/rna_inf_7syvkzh1/CR1108_TS439_1_solution_normalized.pdb",
  "native_index": null,
  "model_pdb": "/tmp/rna_inf_vxf3mzgb/CR1108_TS439_1_refined_normalized.pdb",
  "model_index": null,
  "rmsd": 14.63822324158859,
  "inf_all": 0.7180786296659397,
  "inf_wc": 0.6761234037828132,
  "inf_nwc": -1.0,
  "inf_stack": 0.7408677865766361
}
{
  "native_pdb": "/tmp/rna_inf_fqd_e1gz/CR1108_TS439_2_solution_normalized.pdb",
  "native_index": null,
  "model_pdb": "/tmp/rna_inf_af9k27o4/CR1108_TS439_2_refined_normalized.pdb",
  "model_index": null,
  "rmsd": 17.821627835868316,
  "inf_all": 0.7442084075352507,
  "inf_wc": 0.7156264473321344,
  "inf_nwc": -1.0,
  "inf_stack": 0.768000365496989
}
{
  "native_pdb": "/tmp/rna_inf_nzgossj3/CR1108_TS439_3_solution_normalized.pdb",
  "native_index": null,
  "model_pdb": "/tmp/rna_inf_qkrxlu5c/CR1108_TS439_3_refined_normalized.pdb",
  "model_index": null,
  "rmsd": 15.653452784170533,
  "inf_all": 0.7225916412701,
  "inf_wc": 0.6415330278717848,
  "inf_nwc": -1.0,
  "inf_stack": 0.7512512753161841
}
{
  "native_pdb": "/tmp/rna_inf_jg7ure8q/CR1108_TS439_4_solution_normalized.pdb",
  "native_index": null,
  "model_pdb": "/tmp/rna_inf_sx_qmf5o/CR1108_TS439_4_refined_normalized.pdb",
  "model_index": null,
  "rmsd": 25.434746154795743,
  "inf_all": 0.6652935103855545,
  "inf_wc": 0.5640760748177662,
  "inf_nwc": 0.0,
  "inf_stack": 0.7305636159028805
}
{
  "native_pdb": "/tmp/rna_inf_l31rj6zb/CR1108_TS439_5_solution_normalized.pdb",
  "native_index": null,
  "model_pdb": "/tmp/rna_inf_27ezas_v/CR1108_TS439_5_refined_normalized.pdb",
  "model_index": null,
  "rmsd": 22.096311783608034,
  "inf_all": 0.6544107196570238,
  "inf_wc": 0.4351941398892446,
  "inf_nwc": 0.0,
  "inf_stack": 0.7459478972924372
}
{
  "native_pdb": "/tmp/rna_inf_n3c9jr8o/CR1108_TS470_1_solution_normalized.pdb",
  "native_index": null,
  "model_pdb": "/tmp/rna_inf_8626_61w/CR1108_TS470_1_refined_normalized.pdb",
  "model_index": null,
  "rmsd": 5.231515644510568,
  "inf_all": 0.7180786296659397,
  "inf_wc": 0.9047619047619048,
  "inf_nwc": -1.0,
  "inf_stack": 0.6560752873022239
}
{
  "native_pdb": "/tmp/rna_inf_6w47gnb4/CR1108_TS470_2_solution_normalized.pdb",
  "native_index": null,
  "model_pdb": "/tmp/rna_inf_8vlq01jb/CR1108_TS470_2_refined_normalized.pdb",
  "model_index": null,
  "rmsd": 5.250511792954749,
  "inf_all": 0.7287174110725736,
  "inf_wc": 0.8645299348672512,
  "inf_nwc": -1.0,
  "inf_stack": 0.6785757999509485
}
{
  "native_pdb": "/tmp/rna_inf_h32ef87t/CR1108_TS470_3_solution_normalized.pdb",
  "native_index": null,
  "model_pdb": "/tmp/rna_inf_g40yvzjf/CR1108_TS470_3_refined_normalized.pdb",
  "model_index": null,
  "rmsd": 5.628683426006593,
  "inf_all": 0.7947194142390264,
  "inf_wc": 0.9523809523809523,
  "inf_nwc": -1.0,
  "inf_stack": 0.778498944161523
}
{
  "native_pdb": "/tmp/rna_inf_gbveuft7/CR1108_TS470_4_solution_normalized.pdb",
  "native_index": null,
  "model_pdb": "/tmp/rna_inf_ul2c2wmv/CR1108_TS470_4_refined_normalized.pdb",
  "model_index": null,
  "rmsd": 4.952898176256938,
  "inf_all": 0.7789808377045201,
  "inf_wc": 0.9047619047619048,
  "inf_nwc": -1.0,
  "inf_stack": 0.7355995645509783
}
{
  "native_pdb": "/tmp/rna_inf_o76o768q/CR1108_TS470_5_solution_normalized.pdb",
  "native_index": null,
  "model_pdb": "/tmp/rna_inf_b92iecs9/CR1108_TS470_5_refined_normalized.pdb",
  "model_index": null,
  "rmsd": 9.350937932786298,
  "inf_all": 0.7073696754891156,
  "inf_wc": 0.7385489458759964,
  "inf_nwc": 0.0,
  "inf_stack": 0.7568756326085965
}
{
  "native_pdb": "/tmp/rna_inf_fbw1k72i/CR1108_TS489_1_solution_normalized.pdb",
  "native_index": null,
  "model_pdb": "/tmp/rna_inf_g3yj3k6k/CR1108_TS489_1_refined_normalized.pdb",
  "model_index": null,
  "rmsd": 5.231515644510568,
  "inf_all": 0.7180786296659397,
  "inf_wc": 0.9047619047619048,
  "inf_nwc": -1.0,
  "inf_stack": 0.6560752873022239
}
{
  "native_pdb": "/tmp/rna_inf_csdew_3j/CR1108_TS489_2_solution_normalized.pdb",
  "native_index": null,
  "model_pdb": "/tmp/rna_inf_qbeewfv2/CR1108_TS489_2_refined_normalized.pdb",
  "model_index": null,
  "rmsd": 5.250511792954749,
  "inf_all": 0.7287174110725736,
  "inf_wc": 0.8645299348672512,
  "inf_nwc": -1.0,
  "inf_stack": 0.6785757999509485
}
{
  "native_pdb": "/tmp/rna_inf_63k4wydw/CR1108_TS489_3_solution_normalized.pdb",
  "native_index": null,
  "model_pdb": "/tmp/rna_inf_0ry_sgsl/CR1108_TS489_3_refined_normalized.pdb",
  "model_index": null,
  "rmsd": 5.628683426006593,
  "inf_all": 0.7947194142390264,
  "inf_wc": 0.9523809523809523,
  "inf_nwc": -1.0,
  "inf_stack": 0.778498944161523
}
{
  "native_pdb": "/tmp/rna_inf_z9k637oa/CR1108_TS489_4_solution_normalized.pdb",
  "native_index": null,
  "model_pdb": "/tmp/rna_inf_6d_w4ldv/CR1108_TS489_4_refined_normalized.pdb",
  "model_index": null,
  "rmsd": 4.952898176256938,
  "inf_all": 0.7789808377045201,
  "inf_wc": 0.9047619047619048,
  "inf_nwc": -1.0,
  "inf_stack": 0.7355995645509783
}
{
  "native_pdb": "/tmp/rna_inf_t4rxgk81/CR1108_TS489_5_solution_normalized.pdb",
  "native_index": null,
  "model_pdb": "/tmp/rna_inf_pgbt9duj/CR1108_TS489_5_refined_normalized.pdb",
  "model_index": null,
  "rmsd": 9.350937932786298,
  "inf_all": 0.7073696754891156,
  "inf_wc": 0.7385489458759964,
  "inf_nwc": 0.0,
  "inf_stack": 0.7568756326085965
}
{
  "native_pdb": "/tmp/rna_inf_da8ut6s4/CR1108_TSR01_1_solution_normalized.pdb",
  "native_index": null,
  "model_pdb": "/tmp/rna_inf_ptdrl456/CR1108_TSR01_1_refined_normalized.pdb",
  "model_index": null,
  "rmsd": 6.127418905249046,
  "inf_all": 0.8312389335458098,
  "inf_wc": 0.8645299348672512,
  "inf_nwc": -1.0,
  "inf_stack": 0.8181818181818182
}
{
  "native_pdb": "/tmp/rna_inf_y3ewi83l/CR1108_TSR01_10_solution_normalized.pdb",
  "native_index": null,
  "model_pdb": "/tmp/rna_inf_ckkm9icv/CR1108_TSR01_10_refined_normalized.pdb",
  "model_index": null,
  "rmsd": 15.780533594133857,
  "inf_all": 0.8147430605825084,
  "inf_wc": 0.7938841860374447,
  "inf_nwc": -1.0,
  "inf_stack": 0.8307804032542971
}
{
  "native_pdb": "/tmp/rna_inf_x17fchsx/CR1108_TSR01_2_solution_normalized.pdb",
  "native_index": null,
  "model_pdb": "/tmp/rna_inf_g1p18gsl/CR1108_TSR01_2_refined_normalized.pdb",
  "model_index": null,
  "rmsd": 5.980936248837662,
  "inf_all": 0.8442270418824631,
  "inf_wc": 0.8908708063747479,
  "inf_nwc": -1.0,
  "inf_stack": 0.8257228238447705
}
{
  "native_pdb": "/tmp/rna_inf_tedz0zr9/CR1108_TSR01_3_solution_normalized.pdb",
  "native_index": null,
  "model_pdb": "/tmp/rna_inf_268_v077/CR1108_TSR01_3_refined_normalized.pdb",
  "model_index": null,
  "rmsd": 16.829979654177777,
  "inf_all": 0.8009338561658559,
  "inf_wc": 0.7715167498104596,
  "inf_nwc": -1.0,
  "inf_stack": 0.8118990304530631
}
{
  "native_pdb": "/tmp/rna_inf_ytnvvwdo/CR1108_TSR01_4_solution_normalized.pdb",
  "native_index": null,
  "model_pdb": "/tmp/rna_inf_36g2nkte/CR1108_TSR01_4_refined_normalized.pdb",
  "model_index": null,
  "rmsd": 6.014120815510128,
  "inf_all": 0.8388668159944594,
  "inf_wc": 0.8908708063747479,
  "inf_nwc": -1.0,
  "inf_stack": 0.8181818181818182
}
{
  "native_pdb": "/tmp/rna_inf_mhq53mn0/CR1108_TSR01_5_solution_normalized.pdb",
  "native_index": null,
  "model_pdb": "/tmp/rna_inf_pfd2bhdn/CR1108_TSR01_5_refined_normalized.pdb",
  "model_index": null,
  "rmsd": 5.871373237732709,
  "inf_all": 0.8182508252091566,
  "inf_wc": 0.8463272660560106,
  "inf_nwc": -1.0,
  "inf_stack": 0.8073734277593312
}
{
  "native_pdb": "/tmp/rna_inf_pp_tx1yj/CR1108_TSR01_6_solution_normalized.pdb",
  "native_index": null,
  "model_pdb": "/tmp/rna_inf_iju47_ez/CR1108_TSR01_6_refined_normalized.pdb",
  "model_index": null,
  "rmsd": 16.221950013200125,
  "inf_all": 0.7951923208052687,
  "inf_wc": 0.7938841860374447,
  "inf_nwc": -1.0,
  "inf_stack": 0.8118990304530631
}
{
  "native_pdb": "/tmp/rna_inf_f2vn6afh/CR1108_TSR01_7_solution_normalized.pdb",
  "native_index": null,
  "model_pdb": "/tmp/rna_inf_zzffv1fk/CR1108_TSR01_7_refined_normalized.pdb",
  "model_index": null,
  "rmsd": 5.937388514455366,
  "inf_all": 0.813055529348476,
  "inf_wc": 0.8463272660560106,
  "inf_nwc": -1.0,
  "inf_stack": 0.8073734277593312
}
{
  "native_pdb": "/tmp/rna_inf_vp485g63/CR1108_TSR01_8_solution_normalized.pdb",
  "native_index": null,
  "model_pdb": "/tmp/rna_inf_75kwzs4t/CR1108_TSR01_8_refined_normalized.pdb",
  "model_index": null,
  "rmsd": 14.865370414791924,
  "inf_all": 0.8048150549829897,
  "inf_wc": 0.7938841860374447,
  "inf_nwc": -1.0,
  "inf_stack": 0.8174238913695991
}
{
  "native_pdb": "/tmp/rna_inf_hcag2trg/CR1108_TSR01_9_solution_normalized.pdb",
  "native_index": null,
  "model_pdb": "/tmp/rna_inf_uwlaypir/CR1108_TSR01_9_refined_normalized.pdb",
  "model_index": null,
  "rmsd": 6.018769290313116,
  "inf_all": 0.8052627168725032,
  "inf_wc": 0.8645299348672512,
  "inf_nwc": -1.0,
  "inf_stack": 0.7964328705698838
}
{
  "native_pdb": "/tmp/rna_inf_unx54_cz/CR1108_TSR02_1_solution_normalized.pdb",
  "native_index": null,
  "model_pdb": "/tmp/rna_inf_bvja3pe1/CR1108_TSR02_1_refined_normalized.pdb",
  "model_index": null,
  "rmsd": 29.903612747198615,
  "inf_all": 0.48449909081300474,
  "inf_wc": 0.0,
  "inf_nwc": 0.0,
  "inf_stack": 0.7001099601629517
}
{
  "native_pdb": "/tmp/rna_inf_mtmsnan5/CR1108_TSR02_10_solution_normalized.pdb",
  "native_index": null,
  "model_pdb": "/tmp/rna_inf_0qab7hbn/CR1108_TSR02_10_refined_normalized.pdb",
  "model_index": null,
  "rmsd": 24.390013484566065,
  "inf_all": 0.48148148148148145,
  "inf_wc": 0.0,
  "inf_nwc": -1.0,
  "inf_stack": 0.6965396357098658
}
{
  "native_pdb": "/tmp/rna_inf_yezs6hi3/CR1108_TSR02_2_solution_normalized.pdb",
  "native_index": null,
  "model_pdb": "/tmp/rna_inf_5l2mf6ie/CR1108_TSR02_2_refined_normalized.pdb",
  "model_index": null,
  "rmsd": 24.42581411585156,
  "inf_all": 0.4552939313034066,
  "inf_wc": 0.0,
  "inf_nwc": -1.0,
  "inf_stack": 0.6497862896539309
}
{
  "native_pdb": "/tmp/rna_inf_d5_xgf7g/CR1108_TSR02_3_solution_normalized.pdb",
  "native_index": null,
  "model_pdb": "/tmp/rna_inf_fcf1mres/CR1108_TSR02_3_refined_normalized.pdb",
  "model_index": null,
  "rmsd": 28.94181245413841,
  "inf_all": 0.4868421052631579,
  "inf_wc": 0.0,
  "inf_nwc": -1.0,
  "inf_stack": 0.6789276551612557
}
{
  "native_pdb": "/tmp/rna_inf_ex08lcvc/CR1108_TSR02_4_solution_normalized.pdb",
  "native_index": null,
  "model_pdb": "/tmp/rna_inf_bw_wwn73/CR1108_TSR02_4_refined_normalized.pdb",
  "model_index": null,
  "rmsd": 28.924816860749004,
  "inf_all": 0.49007949310559706,
  "inf_wc": 0.0,
  "inf_nwc": -1.0,
  "inf_stack": 0.6934627156764775
}
{
  "native_pdb": "/tmp/rna_inf_fq546uy4/CR1108_TSR02_5_solution_normalized.pdb",
  "native_index": null,
  "model_pdb": "/tmp/rna_inf_3n9n7z4u/CR1108_TSR02_5_refined_normalized.pdb",
  "model_index": null,
  "rmsd": 21.798443078382387,
  "inf_all": 0.528814613424173,
  "inf_wc": 0.28867513459481287,
  "inf_nwc": -1.0,
  "inf_stack": 0.6544628930059201
}
{
  "native_pdb": "/tmp/rna_inf_i_4n207q/CR1108_TSR02_6_solution_normalized.pdb",
  "native_index": null,
  "model_pdb": "/tmp/rna_inf_hirp3_a1/CR1108_TSR02_6_refined_normalized.pdb",
  "model_index": null,
  "rmsd": 19.746468338637857,
  "inf_all": 0.5444930331412238,
  "inf_wc": 0.3256694736394648,
  "inf_nwc": 0.0,
  "inf_stack": 0.6500112459665917
}
{
  "native_pdb": "/tmp/rna_inf_8ct9e6uk/CR1108_TSR02_7_solution_normalized.pdb",
  "native_index": null,
  "model_pdb": "/tmp/rna_inf_xbvtgohz/CR1108_TSR02_7_refined_normalized.pdb",
  "model_index": null,
  "rmsd": 29.88188717331947,
  "inf_all": 0.4618802153517006,
  "inf_wc": 0.0,
  "inf_nwc": 0.0,
  "inf_stack": 0.6676978608895887
}
{
  "native_pdb": "/tmp/rna_inf_flv_bd4y/CR1108_TSR02_8_solution_normalized.pdb",
  "native_index": null,
  "model_pdb": "/tmp/rna_inf_6eiky8q_/CR1108_TSR02_8_refined_normalized.pdb",
  "model_index": null,
  "rmsd": 11.323277929587224,
  "inf_all": 0.7730206825239258,
  "inf_wc": 0.9780192938436515,
  "inf_nwc": 0.0,
  "inf_stack": 0.7322596170283204
}
{
  "native_pdb": "/tmp/rna_inf_jmzmktuq/CR1108_TSR02_9_solution_normalized.pdb",
  "native_index": null,
  "model_pdb": "/tmp/rna_inf_mgzvc7m9/CR1108_TSR02_9_refined_normalized.pdb",
  "model_index": null,
  "rmsd": 25.82546029386311,
  "inf_all": 0.5225562318831115,
  "inf_wc": 0.21821789023599236,
  "inf_nwc": -1.0,
  "inf_stack": 0.6550981644117727
}
ERROR      >> Different number of residues!
{
  "native_pdb": "/tmp/rna_inf_g0hd93vs/CR1108_TSR03_1_solution_normalized.pdb",
  "native_index": null,
  "model_pdb": "/tmp/rna_inf_23cce4rp/CR1108_TSR03_1_refined_normalized.pdb",
  "model_index": null,
  "rmsd": null,
  "inf_all": 0.6315340076045002,
  "inf_wc": 0.7200822998230956,
  "inf_nwc": -1.0,
  "inf_stack": 0.6033815244679472
}
ERROR      >> Different number of residues!
{
  "native_pdb": "/tmp/rna_inf_3f0yjeit/CR1108_TSR03_2_solution_normalized.pdb",
  "native_index": null,
  "model_pdb": "/tmp/rna_inf_9b7ay_ga/CR1108_TSR03_2_refined_normalized.pdb",
  "model_index": null,
  "rmsd": null,
  "inf_all": 0.6462208449906514,
  "inf_wc": 0.7092081432669752,
  "inf_nwc": -1.0,
  "inf_stack": 0.652812438471125
}
ERROR      >> Different number of residues!
{
  "native_pdb": "/tmp/rna_inf_tiaw9ys0/CR1108_TSR03_3_solution_normalized.pdb",
  "native_index": null,
  "model_pdb": "/tmp/rna_inf_hj62no8h/CR1108_TSR03_3_refined_normalized.pdb",
  "model_index": null,
  "rmsd": null,
  "inf_all": 0.6381239817359021,
  "inf_wc": 0.7092081432669752,
  "inf_nwc": -1.0,
  "inf_stack": 0.6343440269267203
}
ERROR      >> Different number of residues!
{
  "native_pdb": "/tmp/rna_inf_g9cjfm0e/CR1108_TSR03_4_solution_normalized.pdb",
  "native_index": null,
  "model_pdb": "/tmp/rna_inf_6pg4b5qb/CR1108_TSR03_4_refined_normalized.pdb",
  "model_index": null,
  "rmsd": null,
  "inf_all": 0.6476608756134363,
  "inf_wc": 0.7200822998230956,
  "inf_nwc": -1.0,
  "inf_stack": 0.6428590928561353
}
ERROR      >> Different number of residues!
{
  "native_pdb": "/tmp/rna_inf_3cnvl6ti/CR1108_TSR03_5_solution_normalized.pdb",
  "native_index": null,
  "model_pdb": "/tmp/rna_inf_wg3cuig0/CR1108_TSR03_5_refined_normalized.pdb",
  "model_index": null,
  "rmsd": null,
  "inf_all": 0.7025856849785954,
  "inf_wc": 0.7715167498104596,
  "inf_nwc": -1.0,
  "inf_stack": 0.6911482839544805
}
{
  "native_pdb": "/tmp/rna_inf_u487g635/CR1108_TSR04_1_solution_normalized.pdb",
  "native_index": null,
  "model_pdb": "/tmp/rna_inf_sgl_onxt/CR1108_TSR04_1_refined_normalized.pdb",
  "model_index": null,
  "rmsd": 15.94032217082725,
  "inf_all": 0.75,
  "inf_wc": 0.753778361444409,
  "inf_nwc": 0.7071067811865476,
  "inf_stack": 0.7503085784948502
}
{
  "native_pdb": "/tmp/rna_inf_lu3j23ks/CR1108_TSR04_2_solution_normalized.pdb",
  "native_index": null,
  "model_pdb": "/tmp/rna_inf_rdmbzuyf/CR1108_TSR04_2_refined_normalized.pdb",
  "model_index": null,
  "rmsd": 17.56370326007316,
  "inf_all": 0.7248721135449594,
  "inf_wc": 0.7756315349925287,
  "inf_nwc": 0.0,
  "inf_stack": 0.7503085784948502
}
{
  "native_pdb": "/tmp/rna_inf_q717o3rn/CR1108_TSR04_3_solution_normalized.pdb",
  "native_index": null,
  "model_pdb": "/tmp/rna_inf_wfszjbt3/CR1108_TSR04_3_refined_normalized.pdb",
  "model_index": null,
  "rmsd": 5.480146532233908,
  "inf_all": 0.7856742013183862,
  "inf_wc": 0.938083151964686,
  "inf_nwc": 0.7071067811865476,
  "inf_stack": 0.722579074349669
}
{
  "native_pdb": "/tmp/rna_inf_8g1r_xi9/CR1108_TSR04_4_solution_normalized.pdb",
  "native_index": null,
  "model_pdb": "/tmp/rna_inf_veeelbcf/CR1108_TSR04_4_refined_normalized.pdb",
  "model_index": null,
  "rmsd": 19.801976514472624,
  "inf_all": 0.6904602208326344,
  "inf_wc": 0.7008766440504623,
  "inf_nwc": -1.0,
  "inf_stack": 0.6934627156764775
}
{
  "native_pdb": "/tmp/rna_inf_tweao942/CR1108_TSR04_5_solution_normalized.pdb",
  "native_index": null,
  "model_pdb": "/tmp/rna_inf_o8c6d12q/CR1108_TSR04_5_refined_normalized.pdb",
  "model_index": null,
  "rmsd": 14.162715210839579,
  "inf_all": 0.6452317515109549,
  "inf_wc": 0.7409585736349483,
  "inf_nwc": -1.0,
  "inf_stack": 0.6231234454607114
}
{
  "native_pdb": "/tmp/rna_inf_quqzt0t_/CR1108_TSR05_1_solution_normalized.pdb",
  "native_index": null,
  "model_pdb": "/tmp/rna_inf_srucl_9l/CR1108_TSR05_1_refined_normalized.pdb",
  "model_index": null,
  "rmsd": 17.665350475743583,
  "inf_all": 0.5727866580598955,
  "inf_wc": 0.5506887917539348,
  "inf_nwc": -1.0,
  "inf_stack": 0.5896370411997258
}
{
  "native_pdb": "/tmp/rna_inf_ldmjzpi1/CR1108_TSR05_2_solution_normalized.pdb",
  "native_index": null,
  "model_pdb": "/tmp/rna_inf_huh0m8uh/CR1108_TSR05_2_refined_normalized.pdb",
  "model_index": null,
  "rmsd": 19.574595269189906,
  "inf_all": 0.5567491676038056,
  "inf_wc": 0.6172133998483676,
  "inf_nwc": -1.0,
  "inf_stack": 0.5318718835723123
}
{
  "native_pdb": "/tmp/rna_inf_0u8ala7w/CR1108_TSR05_3_solution_normalized.pdb",
  "native_index": null,
  "model_pdb": "/tmp/rna_inf_90o5wps4/CR1108_TSR05_3_refined_normalized.pdb",
  "model_index": null,
  "rmsd": 15.998999678808513,
  "inf_all": 0.5773502691896257,
  "inf_wc": 0.5506887917539348,
  "inf_nwc": -1.0,
  "inf_stack": 0.5985239830039881
}
{
  "native_pdb": "/tmp/rna_inf_9iwr550c/CR1108_TSR05_4_solution_normalized.pdb",
  "native_index": null,
  "model_pdb": "/tmp/rna_inf_293cg_kh/CR1108_TSR05_4_refined_normalized.pdb",
  "model_index": null,
  "rmsd": 18.51521513976046,
  "inf_all": 0.6023470332692291,
  "inf_wc": 0.5821817364274595,
  "inf_nwc": -1.0,
  "inf_stack": 0.6154574548966637
}
{
  "native_pdb": "/tmp/rna_inf_ocf_liwg/CR1108_TSR06_1_solution_normalized.pdb",
  "native_index": null,
  "model_pdb": "/tmp/rna_inf_3szh319n/CR1108_TSR06_1_refined_normalized.pdb",
  "model_index": null,
  "rmsd": 8.372206538720896,
  "inf_all": 0.7911877721292355,
  "inf_wc": 0.9574271077563381,
  "inf_nwc": 0.0,
  "inf_stack": 0.7421082385212816
}
{
  "native_pdb": "/tmp/rna_inf__qv8rgch/CR1108_TSR06_2_solution_normalized.pdb",
  "native_index": null,
  "model_pdb": "/tmp/rna_inf_6yuif5cl/CR1108_TSR06_2_refined_normalized.pdb",
  "model_index": null,
  "rmsd": 8.038352433235886,
  "inf_all": 0.7654320987654321,
  "inf_wc": 0.9574271077563381,
  "inf_nwc": 0.0,
  "inf_stack": 0.727754046138963
}
{
  "native_pdb": "/tmp/rna_inf_2_j86it9/CR1108_TSR06_3_solution_normalized.pdb",
  "native_index": null,
  "model_pdb": "/tmp/rna_inf_mmyy6iau/CR1108_TSR06_3_refined_normalized.pdb",
  "model_index": null,
  "rmsd": 9.120662659751309,
  "inf_all": 0.7774644314502371,
  "inf_wc": 0.9100315103865801,
  "inf_nwc": -1.0,
  "inf_stack": 0.7523252395030131
}
{
  "native_pdb": "/tmp/rna_inf_iub89gt7/CR1108_TSR06_4_solution_normalized.pdb",
  "native_index": null,
  "model_pdb": "/tmp/rna_inf_9ji4g70o/CR1108_TSR06_4_refined_normalized.pdb",
  "model_index": null,
  "rmsd": 6.778045737850965,
  "inf_all": 0.836046076697931,
  "inf_wc": 0.8728715609439694,
  "inf_nwc": -1.0,
  "inf_stack": 0.821559570324457
}
{
  "native_pdb": "/tmp/rna_inf_yx0eg7u2/CR1108_TSR06_5_solution_normalized.pdb",
  "native_index": null,
  "model_pdb": "/tmp/rna_inf_procqrn6/CR1108_TSR06_5_refined_normalized.pdb",
  "model_index": null,
  "rmsd": 7.474820676873363,
  "inf_all": 0.7749842582921286,
  "inf_wc": 0.9545454545454546,
  "inf_nwc": 0.0,
  "inf_stack": 0.7305369330337214
}
{
  "native_pdb": "/tmp/rna_inf_vffc4m2n/CR1108_TSR07_1_solution_normalized.pdb",
  "native_index": null,
  "model_pdb": "/tmp/rna_inf_2vxjvv4f/CR1108_TSR07_1_refined_normalized.pdb",
  "model_index": null,
  "rmsd": 18.873619762151,
  "inf_all": 0.7158203583477499,
  "inf_wc": 0.8183170883849714,
  "inf_nwc": -1.0,
  "inf_stack": 0.674199862463242
}
{
  "native_pdb": "/tmp/rna_inf_74vr45jn/CR1108_TSR07_2_solution_normalized.pdb",
  "native_index": null,
  "model_pdb": "/tmp/rna_inf_ifeesf7i/CR1108_TSR07_2_refined_normalized.pdb",
  "model_index": null,
  "rmsd": 20.868919557566283,
  "inf_all": 0.7765519984163486,
  "inf_wc": 0.7888106377466155,
  "inf_nwc": -1.0,
  "inf_stack": 0.7813903150950317
}
{
  "native_pdb": "/tmp/rna_inf_6p37i6yj/CR1108_TSR07_3_solution_normalized.pdb",
  "native_index": null,
  "model_pdb": "/tmp/rna_inf_dxq5fnzs/CR1108_TSR07_3_refined_normalized.pdb",
  "model_index": null,
  "rmsd": 18.319283186899987,
  "inf_all": 0.7444779786918858,
  "inf_wc": 0.846809798439941,
  "inf_nwc": -1.0,
  "inf_stack": 0.7125253031944253
}
{
  "native_pdb": "/tmp/rna_inf_ukk3qfgu/CR1108_TSR07_4_solution_normalized.pdb",
  "native_index": null,
  "model_pdb": "/tmp/rna_inf_uic8f3qo/CR1108_TSR07_4_refined_normalized.pdb",
  "model_index": null,
  "rmsd": 19.05983028770774,
  "inf_all": 0.7204387238948349,
  "inf_wc": 0.8183170883849714,
  "inf_nwc": -1.0,
  "inf_stack": 0.6999658228156913
}
{
  "native_pdb": "/tmp/rna_inf_2nklr0ol/CR1108_TSR07_5_solution_normalized.pdb",
  "native_index": null,
  "model_pdb": "/tmp/rna_inf_s18alis0/CR1108_TSR07_5_refined_normalized.pdb",
  "model_index": null,
  "rmsd": 20.18137860673935,
  "inf_all": 0.7681559222391918,
  "inf_wc": 0.7888106377466155,
  "inf_nwc": -1.0,
  "inf_stack": 0.769831600183243
}
{
  "native_pdb": "/tmp/rna_inf_u63g3cx_/CR1108_TSR08_1_solution_normalized.pdb",
  "native_index": null,
  "model_pdb": "/tmp/rna_inf_pcu89fow/CR1108_TSR08_1_refined_normalized.pdb",
  "model_index": null,
  "rmsd": 13.198371056106694,
  "inf_all": 0.7700535410868201,
  "inf_wc": 0.8183170883849714,
  "inf_nwc": -1.0,
  "inf_stack": 0.7608274120662151
}
{
  "native_pdb": "/tmp/rna_inf_km6vsnpj/CR1108_TSR08_2_solution_normalized.pdb",
  "native_index": null,
  "model_pdb": "/tmp/rna_inf_r16xcytn/CR1108_TSR08_2_refined_normalized.pdb",
  "model_index": null,
  "rmsd": 12.442017974231716,
  "inf_all": 0.7784023814660118,
  "inf_wc": 0.8183170883849714,
  "inf_nwc": -1.0,
  "inf_stack": 0.7724598467726546
}
{
  "native_pdb": "/tmp/rna_inf_rwty8mn0/CR1108_TSR08_3_solution_normalized.pdb",
  "native_index": null,
  "model_pdb": "/tmp/rna_inf_7z3524kz/CR1108_TSR08_3_refined_normalized.pdb",
  "model_index": null,
  "rmsd": 12.0980158619041,
  "inf_all": 0.7637155440798606,
  "inf_wc": 0.8183170883849714,
  "inf_nwc": -1.0,
  "inf_stack": 0.7521319560681111
}
{
  "native_pdb": "/tmp/rna_inf_xw855_yi/CR1108_TSR08_4_solution_normalized.pdb",
  "native_index": null,
  "model_pdb": "/tmp/rna_inf_rz72rgyd/CR1108_TSR08_4_refined_normalized.pdb",
  "model_index": null,
  "rmsd": 7.9181878007745015,
  "inf_all": 0.6960242530009643,
  "inf_wc": 0.7938841860374447,
  "inf_nwc": -1.0,
  "inf_stack": 0.674199862463242
}
