{
  "native_pdb": "/tmp/rna_inf_5cmyoqbh/CR1136_TS029_1_solution_normalized.pdb",
  "native_index": null,
  "model_pdb": "/tmp/rna_inf_fivn64vu/CR1136_TS029_1_refined_normalized.pdb",
  "model_index": null,
  "rmsd": 48.05532686482693,
  "inf_all": 0.3880958455772084,
  "inf_wc": 0.17305798512036913,
  "inf_nwc": 0.0,
  "inf_stack": 0.5058944104843337
}
{
  "native_pdb": "/tmp/rna_inf_nndf2pmr/CR1136_TS029_2_solution_normalized.pdb",
  "native_index": null,
  "model_pdb": "/tmp/rna_inf_4bsca2et/CR1136_TS029_2_refined_normalized.pdb",
  "model_index": null,
  "rmsd": 56.35420569405676,
  "inf_all": 0.37299294578813247,
  "inf_wc": 0.151719206570472,
  "inf_nwc": 0.0,
  "inf_stack": 0.49767308723272846
}
{
  "native_pdb": "/tmp/rna_inf_dwtb8i6x/CR1136_TS029_3_solution_normalized.pdb",
  "native_index": null,
  "model_pdb": "/tmp/rna_inf_nw5elqvk/CR1136_TS029_3_refined_normalized.pdb",
  "model_index": null,
  "rmsd": 67.07038735180615,
  "inf_all": 0.3268683200855782,
  "inf_wc": 0.037099111660813464,
  "inf_nwc": 0.0,
  "inf_stack": 0.474884355938529
}
{
  "native_pdb": "/tmp/rna_inf_5spylze_/CR1136_TS029_4_solution_normalized.pdb",
  "native_index": null,
  "model_pdb": "/tmp/rna_inf_as_4ukp3/CR1136_TS029_4_refined_normalized.pdb",
  "model_index": null,
  "rmsd": 55.677811506939776,
  "inf_all": 0.348310827502523,
  "inf_wc": 0.008420026430504449,
  "inf_nwc": 0.0,
  "inf_stack": 0.5240431395612504
}
{
  "native_pdb": "/tmp/rna_inf_nv7dnzcx/CR1136_TS029_5_solution_normalized.pdb",
  "native_index": null,
  "model_pdb": "/tmp/rna_inf_9vym_uph/CR1136_TS029_5_refined_normalized.pdb",
  "model_index": null,
  "rmsd": 56.33648323425846,
  "inf_all": 0.2805805069798273,
  "inf_wc": 0.06124489966057262,
  "inf_nwc": 0.0,
  "inf_stack": 0.3992236332928067
}
{
  "native_pdb": "/tmp/rna_inf_ms1120nq/CR1136_TS035_1_solution_normalized.pdb",
  "native_index": null,
  "model_pdb": "/tmp/rna_inf_1ry04ie6/CR1136_TS035_1_refined_normalized.pdb",
  "model_index": null,
  "rmsd": 53.880173882715575,
  "inf_all": 0.7662383978323,
  "inf_wc": 0.9022689089516058,
  "inf_nwc": 0.06063390625908324,
  "inf_stack": 0.7395518885499915
}
{
  "native_pdb": "/tmp/rna_inf_6b2vq7e5/CR1136_TS035_2_solution_normalized.pdb",
  "native_index": null,
  "model_pdb": "/tmp/rna_inf_j31h5cog/CR1136_TS035_2_refined_normalized.pdb",
  "model_index": null,
  "rmsd": 53.06624983823232,
  "inf_all": 0.7654481177726596,
  "inf_wc": 0.8892859456257912,
  "inf_nwc": 0.0,
  "inf_stack": 0.7486598113087364
}
{
  "native_pdb": "/tmp/rna_inf_k9ze_yxw/CR1136_TS035_3_solution_normalized.pdb",
  "native_index": null,
  "model_pdb": "/tmp/rna_inf_9kyfrvg_/CR1136_TS035_3_refined_normalized.pdb",
  "model_index": null,
  "rmsd": 52.36735889116203,
  "inf_all": 0.7768016475010716,
  "inf_wc": 0.9056044800645714,
  "inf_nwc": 0.0,
  "inf_stack": 0.7473767601322108
}
{
  "native_pdb": "/tmp/rna_inf_yyoqh1jt/CR1136_TS035_4_solution_normalized.pdb",
  "native_index": null,
  "model_pdb": "/tmp/rna_inf_qiw2qo_v/CR1136_TS035_4_refined_normalized.pdb",
  "model_index": null,
  "rmsd": 47.72667388902768,
  "inf_all": 0.4932263621866837,
  "inf_wc": 0.3097981256809361,
  "inf_nwc": 0.0,
  "inf_stack": 0.6134520355943506
}
{
  "native_pdb": "/tmp/rna_inf_q5z_j_v1/CR1136_TS035_5_solution_normalized.pdb",
  "native_index": null,
  "model_pdb": "/tmp/rna_inf_7x1eoli0/CR1136_TS035_5_refined_normalized.pdb",
  "model_index": null,
  "rmsd": 76.96540014879612,
  "inf_all": 0.4962224326588236,
  "inf_wc": 0.4009913274187017,
  "inf_nwc": 0.0,
  "inf_stack": 0.5802884574739972
}
{
  "native_pdb": "/tmp/rna_inf_p8u2c__z/CR1136_TS054_1_solution_normalized.pdb",
  "native_index": null,
  "model_pdb": "/tmp/rna_inf_0x2is2fa/CR1136_TS054_1_refined_normalized.pdb",
  "model_index": null,
  "rmsd": 43.60307527240965,
  "inf_all": 0.8680655023409806,
  "inf_wc": 0.9708788705680327,
  "inf_nwc": 0.7701540462154054,
  "inf_stack": 0.8237228726485833
}
{
  "native_pdb": "/tmp/rna_inf_8seckp32/CR1136_TS054_2_solution_normalized.pdb",
  "native_index": null,
  "model_pdb": "/tmp/rna_inf_5ui60goh/CR1136_TS054_2_refined_normalized.pdb",
  "model_index": null,
  "rmsd": 29.403992104370637,
  "inf_all": 0.8786577344785766,
  "inf_wc": 0.9773513963718197,
  "inf_nwc": 0.6669729688499157,
  "inf_stack": 0.8423030878211077
}
{
  "native_pdb": "/tmp/rna_inf_1ulz1d71/CR1136_TS054_3_solution_normalized.pdb",
  "native_index": null,
  "model_pdb": "/tmp/rna_inf_a_uubler/CR1136_TS054_3_refined_normalized.pdb",
  "model_index": null,
  "rmsd": 38.709570248416476,
  "inf_all": 0.8355289451353216,
  "inf_wc": 0.9608664109924713,
  "inf_nwc": 0.6288281455225324,
  "inf_stack": 0.7867238667180844
}
{
  "native_pdb": "/tmp/rna_inf_kwsf0ghw/CR1136_TS054_4_solution_normalized.pdb",
  "native_index": null,
  "model_pdb": "/tmp/rna_inf_10bch7m6/CR1136_TS054_4_refined_normalized.pdb",
  "model_index": null,
  "rmsd": 28.324382689234874,
  "inf_all": 0.8641990559978081,
  "inf_wc": 0.9675528664839363,
  "inf_nwc": 0.6669729688499157,
  "inf_stack": 0.8244866123205524
}
{
  "native_pdb": "/tmp/rna_inf_22v_5mgy/CR1136_TS054_5_solution_normalized.pdb",
  "native_index": null,
  "model_pdb": "/tmp/rna_inf_zelt0pe0/CR1136_TS054_5_refined_normalized.pdb",
  "model_index": null,
  "rmsd": 27.867492592460387,
  "inf_all": 0.8671664182029543,
  "inf_wc": 0.9740465098831573,
  "inf_nwc": 0.7130240959073808,
  "inf_stack": 0.8237228726485833
}
{
  "native_pdb": "/tmp/rna_inf_69wed36g/CR1136_TS076_1_solution_normalized.pdb",
  "native_index": null,
  "model_pdb": "/tmp/rna_inf_shid1nyc/CR1136_TS076_1_refined_normalized.pdb",
  "model_index": null,
  "rmsd": 44.26579009300666,
  "inf_all": 0.7964285591095382,
  "inf_wc": 0.8664908837448339,
  "inf_nwc": 0.0,
  "inf_stack": 0.7942702143942383
}
{
  "native_pdb": "/tmp/rna_inf_etu5apqz/CR1136_TS076_2_solution_normalized.pdb",
  "native_index": null,
  "model_pdb": "/tmp/rna_inf_4a0vp9tz/CR1136_TS076_2_refined_normalized.pdb",
  "model_index": null,
  "rmsd": 46.068239456308376,
  "inf_all": 0.8088189393598386,
  "inf_wc": 0.8889648428229666,
  "inf_nwc": 0.0,
  "inf_stack": 0.7989151090459063
}
{
  "native_pdb": "/tmp/rna_inf_pspw3o7r/CR1136_TS076_3_solution_normalized.pdb",
  "native_index": null,
  "model_pdb": "/tmp/rna_inf_p92l683_/CR1136_TS076_3_refined_normalized.pdb",
  "model_index": null,
  "rmsd": 39.838818890150904,
  "inf_all": 0.7917390469446965,
  "inf_wc": 0.8673184577074424,
  "inf_nwc": 0.0,
  "inf_stack": 0.7845140632661185
}
{
  "native_pdb": "/tmp/rna_inf_r248hi0h/CR1136_TS076_4_solution_normalized.pdb",
  "native_index": null,
  "model_pdb": "/tmp/rna_inf_kc2orz2t/CR1136_TS076_4_refined_normalized.pdb",
  "model_index": null,
  "rmsd": 41.74752452651838,
  "inf_all": 0.7558098138164078,
  "inf_wc": 0.7777563843335717,
  "inf_nwc": 0.0,
  "inf_stack": 0.7755047174532094
}
{
  "native_pdb": "/tmp/rna_inf_6qaq4d4g/CR1136_TS076_5_solution_normalized.pdb",
  "native_index": null,
  "model_pdb": "/tmp/rna_inf_z04v4fav/CR1136_TS076_5_refined_normalized.pdb",
  "model_index": null,
  "rmsd": 33.4343911129334,
  "inf_all": 0.8128229935150854,
  "inf_wc": 0.8949111622441402,
  "inf_nwc": 0.0,
  "inf_stack": 0.8025271507701762
}
{
  "native_pdb": "/tmp/rna_inf_0t92q6nh/CR1136_TS081_1_solution_normalized.pdb",
  "native_index": null,
  "model_pdb": "/tmp/rna_inf_gaq1hs6u/CR1136_TS081_1_refined_normalized.pdb",
  "model_index": null,
  "rmsd": 13.358942277060162,
  "inf_all": 0.8836721643369245,
  "inf_wc": 0.9903588174304302,
  "inf_nwc": 0.5457051563317492,
  "inf_stack": 0.8485037292738743
}
{
  "native_pdb": "/tmp/rna_inf_vk3r4pzn/CR1136_TS081_2_solution_normalized.pdb",
  "native_index": null,
  "model_pdb": "/tmp/rna_inf_9jp0jgl5/CR1136_TS081_2_refined_normalized.pdb",
  "model_index": null,
  "rmsd": 11.668531666045043,
  "inf_all": 0.8939946422949642,
  "inf_wc": 0.9871997700918732,
  "inf_nwc": 0.6669729688499157,
  "inf_stack": 0.8598558845008637
}
{
  "native_pdb": "/tmp/rna_inf_9ur0zc3i/CR1136_TS081_3_solution_normalized.pdb",
  "native_index": null,
  "model_pdb": "/tmp/rna_inf_0dsa2mau/CR1136_TS081_3_refined_normalized.pdb",
  "model_index": null,
  "rmsd": 12.572775037620353,
  "inf_all": 0.8903798421839875,
  "inf_wc": 0.9903588174304302,
  "inf_nwc": 0.7399400733959437,
  "inf_stack": 0.848091262772172
}
{
  "native_pdb": "/tmp/rna_inf_ubskcuun/CR1136_TS081_4_solution_normalized.pdb",
  "native_index": null,
  "model_pdb": "/tmp/rna_inf_fbqm222t/CR1136_TS081_4_refined_normalized.pdb",
  "model_index": null,
  "rmsd": 12.85570198702446,
  "inf_all": 0.8876168821422467,
  "inf_wc": 0.9903588174304302,
  "inf_nwc": 0.6482037235521644,
  "inf_stack": 0.848696251612921
}
{
  "native_pdb": "/tmp/rna_inf_i_isijkq/CR1136_TS081_5_solution_normalized.pdb",
  "native_index": null,
  "model_pdb": "/tmp/rna_inf_h2z0bwr9/CR1136_TS081_5_refined_normalized.pdb",
  "model_index": null,
  "rmsd": 18.5270808485661,
  "inf_all": 0.888505869842339,
  "inf_wc": 0.9903588174304302,
  "inf_nwc": 0.6888467201936644,
  "inf_stack": 0.8477978183623525
}
{
  "native_pdb": "/tmp/rna_inf_7icmzvtn/CR1136_TS097_1_solution_normalized.pdb",
  "native_index": null,
  "model_pdb": "/tmp/rna_inf_yxg63z8d/CR1136_TS097_1_refined_normalized.pdb",
  "model_index": null,
  "rmsd": 70.09940257851163,
  "inf_all": 0.27891926971985753,
  "inf_wc": 0.19227263456099014,
  "inf_nwc": 0.0,
  "inf_stack": 0.3889460425384178
}
{
  "native_pdb": "/tmp/rna_inf_un95ivcw/CR1136_TS097_2_solution_normalized.pdb",
  "native_index": null,
  "model_pdb": "/tmp/rna_inf_wi9o_aom/CR1136_TS097_2_refined_normalized.pdb",
  "model_index": null,
  "rmsd": 70.09940257851163,
  "inf_all": 0.27891926971985753,
  "inf_wc": 0.19227263456099014,
  "inf_nwc": 0.0,
  "inf_stack": 0.3889460425384178
}
{
  "native_pdb": "/tmp/rna_inf_0qbdnkaa/CR1136_TS097_3_solution_normalized.pdb",
  "native_index": null,
  "model_pdb": "/tmp/rna_inf_lvhaqcv7/CR1136_TS097_3_refined_normalized.pdb",
  "model_index": null,
  "rmsd": 70.09940257851163,
  "inf_all": 0.27891926971985753,
  "inf_wc": 0.19227263456099014,
  "inf_nwc": 0.0,
  "inf_stack": 0.3889460425384178
}
{
  "native_pdb": "/tmp/rna_inf_xl1ke67f/CR1136_TS097_4_solution_normalized.pdb",
  "native_index": null,
  "model_pdb": "/tmp/rna_inf__on8bbyq/CR1136_TS097_4_refined_normalized.pdb",
  "model_index": null,
  "rmsd": 70.09940257851163,
  "inf_all": 0.27891926971985753,
  "inf_wc": 0.19227263456099014,
  "inf_nwc": 0.0,
  "inf_stack": 0.3889460425384178
}
{
  "native_pdb": "/tmp/rna_inf_ouke4q4w/CR1136_TS097_5_solution_normalized.pdb",
  "native_index": null,
  "model_pdb": "/tmp/rna_inf_t45xfl8x/CR1136_TS097_5_refined_normalized.pdb",
  "model_index": null,
  "rmsd": 70.09940257851163,
  "inf_all": 0.27891926971985753,
  "inf_wc": 0.19227263456099014,
  "inf_nwc": 0.0,
  "inf_stack": 0.3889460425384178
}
{
  "native_pdb": "/tmp/rna_inf_g9f38fkk/CR1136_TS110_1_solution_normalized.pdb",
  "native_index": null,
  "model_pdb": "/tmp/rna_inf_iythjtlx/CR1136_TS110_1_refined_normalized.pdb",
  "model_index": null,
  "rmsd": 50.35494445973221,
  "inf_all": 0.7716970838284796,
  "inf_wc": 0.8379765437424924,
  "inf_nwc": 0.0,
  "inf_stack": 0.7760784835071214
}
{
  "native_pdb": "/tmp/rna_inf_qx3sjuoc/CR1136_TS110_2_solution_normalized.pdb",
  "native_index": null,
  "model_pdb": "/tmp/rna_inf_rth4a_cr/CR1136_TS110_2_refined_normalized.pdb",
  "model_index": null,
  "rmsd": 47.471186584260586,
  "inf_all": 0.7835622185183893,
  "inf_wc": 0.8751944951806866,
  "inf_nwc": 0.0,
  "inf_stack": 0.7686119295670805
}
{
  "native_pdb": "/tmp/rna_inf_jc8c69i8/CR1136_TS110_3_solution_normalized.pdb",
  "native_index": null,
  "model_pdb": "/tmp/rna_inf_2hsthc14/CR1136_TS110_3_refined_normalized.pdb",
  "model_index": null,
  "rmsd": 52.43090910721334,
  "inf_all": 0.7668177150734916,
  "inf_wc": 0.848162860988665,
  "inf_nwc": 0.0,
  "inf_stack": 0.750609508430543
}
{
  "native_pdb": "/tmp/rna_inf_vgsiycyl/CR1136_TS110_4_solution_normalized.pdb",
  "native_index": null,
  "model_pdb": "/tmp/rna_inf_3c6gw3im/CR1136_TS110_4_refined_normalized.pdb",
  "model_index": null,
  "rmsd": 44.34217172902217,
  "inf_all": 0.7858335491924222,
  "inf_wc": 0.8509333647477199,
  "inf_nwc": 0.0,
  "inf_stack": 0.7837124311061366
}
{
  "native_pdb": "/tmp/rna_inf_c5_05di2/CR1136_TS110_5_solution_normalized.pdb",
  "native_index": null,
  "model_pdb": "/tmp/rna_inf_kkv080kx/CR1136_TS110_5_refined_normalized.pdb",
  "model_index": null,
  "rmsd": 43.15027602007618,
  "inf_all": 0.7744987220580314,
  "inf_wc": 0.8290086974287304,
  "inf_nwc": 0.0,
  "inf_stack": 0.7747967675481747
}
{
  "native_pdb": "/tmp/rna_inf_mvqpeek7/CR1136_TS119_1_solution_normalized.pdb",
  "native_index": null,
  "model_pdb": "/tmp/rna_inf_93j7zcj5/CR1136_TS119_1_refined_normalized.pdb",
  "model_index": null,
  "rmsd": 18.498678963100666,
  "inf_all": 0.8828939412319031,
  "inf_wc": 0.9548387096774194,
  "inf_nwc": 0.8488746876271654,
  "inf_stack": 0.8506255694801503
}
{
  "native_pdb": "/tmp/rna_inf_yjr0tlux/CR1136_TS119_2_solution_normalized.pdb",
  "native_index": null,
  "model_pdb": "/tmp/rna_inf_kckg2c1e/CR1136_TS119_2_refined_normalized.pdb",
  "model_index": null,
  "rmsd": 22.666201231960667,
  "inf_all": 0.8877915956091771,
  "inf_wc": 0.9740465098831573,
  "inf_nwc": 0.8488746876271654,
  "inf_stack": 0.8493239228576349
}
{
  "native_pdb": "/tmp/rna_inf_jpzrr9yl/CR1136_TS119_3_solution_normalized.pdb",
  "native_index": null,
  "model_pdb": "/tmp/rna_inf_9na6r64e/CR1136_TS119_3_refined_normalized.pdb",
  "model_index": null,
  "rmsd": 28.60004772542907,
  "inf_all": 0.8862293103019371,
  "inf_wc": 0.9806451612903225,
  "inf_nwc": 0.8488746876271654,
  "inf_stack": 0.8437035510464845
}
{
  "native_pdb": "/tmp/rna_inf_yianc6ld/CR1136_TS119_4_solution_normalized.pdb",
  "native_index": null,
  "model_pdb": "/tmp/rna_inf_quwftsdf/CR1136_TS119_4_refined_normalized.pdb",
  "model_index": null,
  "rmsd": 23.93308967719118,
  "inf_all": 0.8895526791677926,
  "inf_wc": 0.9521204119696954,
  "inf_nwc": 0.9074852129730301,
  "inf_stack": 0.859305068085031
}
{
  "native_pdb": "/tmp/rna_inf_v_5ck0i1/CR1136_TS119_5_solution_normalized.pdb",
  "native_index": null,
  "model_pdb": "/tmp/rna_inf_9ou3tp4x/CR1136_TS119_5_refined_normalized.pdb",
  "model_index": null,
  "rmsd": 48.88104733884334,
  "inf_all": 0.8585968898501394,
  "inf_wc": 0.9372961554789198,
  "inf_nwc": 0.7789808377045201,
  "inf_stack": 0.8272727272727273
}
{
  "native_pdb": "/tmp/rna_inf_yz5zvqeo/CR1136_TS125_1_solution_normalized.pdb",
  "native_index": null,
  "model_pdb": "/tmp/rna_inf_0htomd9i/CR1136_TS125_1_refined_normalized.pdb",
  "model_index": null,
  "rmsd": 33.4343911129334,
  "inf_all": 0.8128229935150854,
  "inf_wc": 0.8949111622441402,
  "inf_nwc": 0.0,
  "inf_stack": 0.8025271507701762
}
{
  "native_pdb": "/tmp/rna_inf_2qo6_jr7/CR1136_TS125_2_solution_normalized.pdb",
  "native_index": null,
  "model_pdb": "/tmp/rna_inf_o3vk58oj/CR1136_TS125_2_refined_normalized.pdb",
  "model_index": null,
  "rmsd": 35.44509208502824,
  "inf_all": 0.7984148648606436,
  "inf_wc": 0.8831355022940627,
  "inf_nwc": 0.0,
  "inf_stack": 0.7915443978523564
}
{
  "native_pdb": "/tmp/rna_inf_p15aduif/CR1136_TS125_3_solution_normalized.pdb",
  "native_index": null,
  "model_pdb": "/tmp/rna_inf_hzgp0qps/CR1136_TS125_3_refined_normalized.pdb",
  "model_index": null,
  "rmsd": 43.9926990603394,
  "inf_all": 0.7533955464558616,
  "inf_wc": 0.8730058527955469,
  "inf_nwc": 0.0,
  "inf_stack": 0.7285634743128078
}
{
  "native_pdb": "/tmp/rna_inf_xw_gx8yu/CR1136_TS125_4_solution_normalized.pdb",
  "native_index": null,
  "model_pdb": "/tmp/rna_inf_cnvhpjqf/CR1136_TS125_4_refined_normalized.pdb",
  "model_index": null,
  "rmsd": 41.96367214033325,
  "inf_all": 0.792006336076033,
  "inf_wc": 0.8824283366257388,
  "inf_nwc": 0.0,
  "inf_stack": 0.7757762457445037
}
{
  "native_pdb": "/tmp/rna_inf_ee_8f3bl/CR1136_TS125_5_solution_normalized.pdb",
  "native_index": null,
  "model_pdb": "/tmp/rna_inf_5hhs2gjg/CR1136_TS125_5_refined_normalized.pdb",
  "model_index": null,
  "rmsd": 38.720805710387104,
  "inf_all": 0.7847946144283583,
  "inf_wc": 0.8562823118368281,
  "inf_nwc": 0.0,
  "inf_stack": 0.7769095936763888
}
{
  "native_pdb": "/tmp/rna_inf_0wjt_rhu/CR1136_TS128_1_solution_normalized.pdb",
  "native_index": null,
  "model_pdb": "/tmp/rna_inf_98887by7/CR1136_TS128_1_refined_normalized.pdb",
  "model_index": null,
  "rmsd": 13.232476669837864,
  "inf_all": 0.8743827921494304,
  "inf_wc": 0.9871997700918732,
  "inf_nwc": 0.7882407813680822,
  "inf_stack": 0.8228803960505507
}
{
  "native_pdb": "/tmp/rna_inf_tvukum0k/CR1136_TS128_2_solution_normalized.pdb",
  "native_index": null,
  "model_pdb": "/tmp/rna_inf_futt9goa/CR1136_TS128_2_refined_normalized.pdb",
  "model_index": null,
  "rmsd": 15.642511549148681,
  "inf_all": 0.856883945694304,
  "inf_wc": 0.9642154195055295,
  "inf_nwc": 0.7647058823529411,
  "inf_stack": 0.8095015705931601
}
{
  "native_pdb": "/tmp/rna_inf_nx06_mqj/CR1136_TS128_3_solution_normalized.pdb",
  "native_index": null,
  "model_pdb": "/tmp/rna_inf_ph374cdp/CR1136_TS128_3_refined_normalized.pdb",
  "model_index": null,
  "rmsd": 24.538548982406013,
  "inf_all": 0.858259354204333,
  "inf_wc": 0.9509474618867317,
  "inf_nwc": 0.7431605356175383,
  "inf_stack": 0.8199778267512094
}
{
  "native_pdb": "/tmp/rna_inf_k_twd5f4/CR1136_TS128_4_solution_normalized.pdb",
  "native_index": null,
  "model_pdb": "/tmp/rna_inf_oui6b5vr/CR1136_TS128_4_refined_normalized.pdb",
  "model_index": null,
  "rmsd": 24.653457263391374,
  "inf_all": 0.8001342079633174,
  "inf_wc": 0.8443662884574806,
  "inf_nwc": 0.7514691493021795,
  "inf_stack": 0.7820289149621527
}
{
  "native_pdb": "/tmp/rna_inf_qcnt5n_f/CR1136_TS128_5_solution_normalized.pdb",
  "native_index": null,
  "model_pdb": "/tmp/rna_inf_yjjx7wr7/CR1136_TS128_5_refined_normalized.pdb",
  "model_index": null,
  "rmsd": 25.024039618296065,
  "inf_all": 0.7730645865902078,
  "inf_wc": 0.819653184989046,
  "inf_nwc": 0.7050239879106326,
  "inf_stack": 0.7560494992360327
}
{
  "native_pdb": "/tmp/rna_inf_oca3p8vj/CR1136_TS131_1_solution_normalized.pdb",
  "native_index": null,
  "model_pdb": "/tmp/rna_inf_coj2ap8w/CR1136_TS131_1_refined_normalized.pdb",
  "model_index": null,
  "rmsd": 123.83953077825848,
  "inf_all": 0.5528071984188403,
  "inf_wc": 0.0,
  "inf_nwc": 0.0,
  "inf_stack": 0.7023366853891224
}
{
  "native_pdb": "/tmp/rna_inf_gyjlol6r/CR1136_TS131_2_solution_normalized.pdb",
  "native_index": null,
  "model_pdb": "/tmp/rna_inf_a8hl40et/CR1136_TS131_2_refined_normalized.pdb",
  "model_index": null,
  "rmsd": 153.8786600600619,
  "inf_all": 0.5653410007247722,
  "inf_wc": 0.0,
  "inf_nwc": 0.0,
  "inf_stack": 0.7027203582979308
}
{
  "native_pdb": "/tmp/rna_inf_9y2hvgvb/CR1136_TS131_3_solution_normalized.pdb",
  "native_index": null,
  "model_pdb": "/tmp/rna_inf_ip0lw4z1/CR1136_TS131_3_refined_normalized.pdb",
  "model_index": null,
  "rmsd": 147.16671422555422,
  "inf_all": 0.5679766373934676,
  "inf_wc": 0.0,
  "inf_nwc": 0.0,
  "inf_stack": 0.7094237249295262
}
{
  "native_pdb": "/tmp/rna_inf_t_o4qynb/CR1136_TS131_4_solution_normalized.pdb",
  "native_index": null,
  "model_pdb": "/tmp/rna_inf_g53ootrg/CR1136_TS131_4_refined_normalized.pdb",
  "model_index": null,
  "rmsd": 114.83015953257409,
  "inf_all": 0.5659499533647896,
  "inf_wc": 0.0,
  "inf_nwc": 0.0,
  "inf_stack": 0.7111172848089399
}
{
  "native_pdb": "/tmp/rna_inf__tsapmhx/CR1136_TS131_5_solution_normalized.pdb",
  "native_index": null,
  "model_pdb": "/tmp/rna_inf_3vkunwf0/CR1136_TS131_5_refined_normalized.pdb",
  "model_index": null,
  "rmsd": 133.04170432775436,
  "inf_all": 0.5680749627880228,
  "inf_wc": 0.0,
  "inf_nwc": 0.0,
  "inf_stack": 0.7145246353663773
}
{
  "native_pdb": "/tmp/rna_inf_7__uo7_f/CR1136_TS147_1_solution_normalized.pdb",
  "native_index": null,
  "model_pdb": "/tmp/rna_inf_5set0p6h/CR1136_TS147_1_refined_normalized.pdb",
  "model_index": null,
  "rmsd": 40.94914194712095,
  "inf_all": 0.8256012028389436,
  "inf_wc": 0.8955013490201943,
  "inf_nwc": 0.5965587590013045,
  "inf_stack": 0.8056052395193184
}
{
  "native_pdb": "/tmp/rna_inf_dz1ghfvm/CR1136_TS147_2_solution_normalized.pdb",
  "native_index": null,
  "model_pdb": "/tmp/rna_inf_cfo0wpho/CR1136_TS147_2_refined_normalized.pdb",
  "model_index": null,
  "rmsd": 42.65982425017162,
  "inf_all": 0.8335055174702624,
  "inf_wc": 0.9085743614146496,
  "inf_nwc": 0.612056372482123,
  "inf_stack": 0.8102873913406629
}
{
  "native_pdb": "/tmp/rna_inf_asx3x_qz/CR1136_TS147_3_solution_normalized.pdb",
  "native_index": null,
  "model_pdb": "/tmp/rna_inf_r7rzh0sj/CR1136_TS147_3_refined_normalized.pdb",
  "model_index": null,
  "rmsd": 43.22849172225136,
  "inf_all": 0.8401911516327403,
  "inf_wc": 0.9050396533818551,
  "inf_nwc": 0.6470588235294118,
  "inf_stack": 0.8198404180142526
}
{
  "native_pdb": "/tmp/rna_inf_2qncj3oo/CR1136_TS147_4_solution_normalized.pdb",
  "native_index": null,
  "model_pdb": "/tmp/rna_inf_5qh6utl2/CR1136_TS147_4_refined_normalized.pdb",
  "model_index": null,
  "rmsd": 45.106810414787844,
  "inf_all": 0.8390302389654296,
  "inf_wc": 0.9173536840857514,
  "inf_nwc": 0.6288281455225324,
  "inf_stack": 0.8142099171012432
}
{
  "native_pdb": "/tmp/rna_inf_98e5msbd/CR1136_TS147_5_solution_normalized.pdb",
  "native_index": null,
  "model_pdb": "/tmp/rna_inf_gx2u34qo/CR1136_TS147_5_refined_normalized.pdb",
  "model_index": null,
  "rmsd": 29.356546878140616,
  "inf_all": 0.8204816073567921,
  "inf_wc": 0.9085743614146496,
  "inf_nwc": 0.5965587590013045,
  "inf_stack": 0.7920822643547982
}
{
  "native_pdb": "/tmp/rna_inf_1k3v8zmb/CR1136_TS177_1_solution_normalized.pdb",
  "native_index": null,
  "model_pdb": "/tmp/rna_inf_0tc6a1wr/CR1136_TS177_1_refined_normalized.pdb",
  "model_index": null,
  "rmsd": 71.59620084708787,
  "inf_all": 0.36945688902978957,
  "inf_wc": 0.16867605906952476,
  "inf_nwc": 0.0,
  "inf_stack": 0.5209375407627304
}
{
  "native_pdb": "/tmp/rna_inf_ajrr3yhy/CR1136_TS185_1_solution_normalized.pdb",
  "native_index": null,
  "model_pdb": "/tmp/rna_inf_35nji51s/CR1136_TS185_1_refined_normalized.pdb",
  "model_index": null,
  "rmsd": 43.48051415140755,
  "inf_all": 0.6060218753216384,
  "inf_wc": 0.6215298736462493,
  "inf_nwc": 0.0,
  "inf_stack": 0.6410771631884475
}
{
  "native_pdb": "/tmp/rna_inf_hoaqh1f3/CR1136_TS185_2_solution_normalized.pdb",
  "native_index": null,
  "model_pdb": "/tmp/rna_inf_4emizl28/CR1136_TS185_2_refined_normalized.pdb",
  "model_index": null,
  "rmsd": 52.9935683363394,
  "inf_all": 0.5322705078170904,
  "inf_wc": 0.4485231549517363,
  "inf_nwc": 0.0,
  "inf_stack": 0.605913167979346
}
{
  "native_pdb": "/tmp/rna_inf_jbx2wapo/CR1136_TS185_3_solution_normalized.pdb",
  "native_index": null,
  "model_pdb": "/tmp/rna_inf_sqxg4rgf/CR1136_TS185_3_refined_normalized.pdb",
  "model_index": null,
  "rmsd": 38.600586310986365,
  "inf_all": 0.512956923865516,
  "inf_wc": 0.5624151205584744,
  "inf_nwc": 0.0,
  "inf_stack": 0.5365583111164662
}
{
  "native_pdb": "/tmp/rna_inf_myy3oy0f/CR1136_TS185_4_solution_normalized.pdb",
  "native_index": null,
  "model_pdb": "/tmp/rna_inf_efyayg4v/CR1136_TS185_4_refined_normalized.pdb",
  "model_index": null,
  "rmsd": 64.86651461024333,
  "inf_all": 0.5909635934301546,
  "inf_wc": 0.5508968672320328,
  "inf_nwc": 0.0,
  "inf_stack": 0.6388395276037524
}
{
  "native_pdb": "/tmp/rna_inf_ksdhkexf/CR1136_TS185_5_solution_normalized.pdb",
  "native_index": null,
  "model_pdb": "/tmp/rna_inf_bcde5ulu/CR1136_TS185_5_refined_normalized.pdb",
  "model_index": null,
  "rmsd": 46.0993848132885,
  "inf_all": 0.5833453300405773,
  "inf_wc": 0.5467819376156062,
  "inf_nwc": 0.0,
  "inf_stack": 0.6338333534349057
}
{
  "native_pdb": "/tmp/rna_inf_u7iox4qu/CR1136_TS227_1_solution_normalized.pdb",
  "native_index": null,
  "model_pdb": "/tmp/rna_inf_vsckmg5s/CR1136_TS227_1_refined_normalized.pdb",
  "model_index": null,
  "rmsd": 50.00761070056799,
  "inf_all": 0.767473203809124,
  "inf_wc": 0.8804892966738925,
  "inf_nwc": 0.0,
  "inf_stack": 0.7500572368731994
}
{
  "native_pdb": "/tmp/rna_inf_qq_cjyfu/CR1136_TS227_2_solution_normalized.pdb",
  "native_index": null,
  "model_pdb": "/tmp/rna_inf_7klayq7n/CR1136_TS227_2_refined_normalized.pdb",
  "model_index": null,
  "rmsd": 49.61744646671326,
  "inf_all": 0.7847665891845191,
  "inf_wc": 0.8928911651523593,
  "inf_nwc": 0.0,
  "inf_stack": 0.7791224916737143
}
{
  "native_pdb": "/tmp/rna_inf_4u58906d/CR1136_TS227_3_solution_normalized.pdb",
  "native_index": null,
  "model_pdb": "/tmp/rna_inf_1k6zjnsu/CR1136_TS227_3_refined_normalized.pdb",
  "model_index": null,
  "rmsd": 39.060337013378685,
  "inf_all": 0.7720459253124883,
  "inf_wc": 0.8671485497545911,
  "inf_nwc": 0.0,
  "inf_stack": 0.7724120931893722
}
{
  "native_pdb": "/tmp/rna_inf_zv672prx/CR1136_TS227_4_solution_normalized.pdb",
  "native_index": null,
  "model_pdb": "/tmp/rna_inf_91pdfywa/CR1136_TS227_4_refined_normalized.pdb",
  "model_index": null,
  "rmsd": 47.087164784694494,
  "inf_all": 0.8001403062504573,
  "inf_wc": 0.8799083273621435,
  "inf_nwc": 0.0,
  "inf_stack": 0.8029853781438303
}
{
  "native_pdb": "/tmp/rna_inf_wkuplaqa/CR1136_TS227_5_solution_normalized.pdb",
  "native_index": null,
  "model_pdb": "/tmp/rna_inf_sayigb5c/CR1136_TS227_5_refined_normalized.pdb",
  "model_index": null,
  "rmsd": 39.032634291066756,
  "inf_all": 0.7980225959710475,
  "inf_wc": 0.87952082184626,
  "inf_nwc": 0.058823529411764705,
  "inf_stack": 0.7981987297166114
}
{
  "native_pdb": "/tmp/rna_inf_kp61iagm/CR1136_TS229_1_solution_normalized.pdb",
  "native_index": null,
  "model_pdb": "/tmp/rna_inf_kbh7u__b/CR1136_TS229_1_refined_normalized.pdb",
  "model_index": null,
  "rmsd": 46.184056493685404,
  "inf_all": 0.6930411593355333,
  "inf_wc": 0.7290425834874751,
  "inf_nwc": 0.0,
  "inf_stack": 0.7131630099104772
}
{
  "native_pdb": "/tmp/rna_inf_20exsg9j/CR1136_TS229_2_solution_normalized.pdb",
  "native_index": null,
  "model_pdb": "/tmp/rna_inf_r2k1sk_e/CR1136_TS229_2_refined_normalized.pdb",
  "model_index": null,
  "rmsd": 51.12242876184743,
  "inf_all": 0.6974582923832268,
  "inf_wc": 0.7416770790872962,
  "inf_nwc": 0.0,
  "inf_stack": 0.714109342544997
}
{
  "native_pdb": "/tmp/rna_inf_k6ip3p7t/CR1136_TS229_3_solution_normalized.pdb",
  "native_index": null,
  "model_pdb": "/tmp/rna_inf_5iul9h9x/CR1136_TS229_3_refined_normalized.pdb",
  "model_index": null,
  "rmsd": 42.86367634519963,
  "inf_all": 0.6259457849235307,
  "inf_wc": 0.6730054316280272,
  "inf_nwc": 0.0,
  "inf_stack": 0.6405906945489022
}
{
  "native_pdb": "/tmp/rna_inf_pz0ebu3v/CR1136_TS229_4_solution_normalized.pdb",
  "native_index": null,
  "model_pdb": "/tmp/rna_inf_9loycec7/CR1136_TS229_4_refined_normalized.pdb",
  "model_index": null,
  "rmsd": 41.62798964647496,
  "inf_all": 0.6758102847207977,
  "inf_wc": 0.7102296153545216,
  "inf_nwc": 0.0,
  "inf_stack": 0.6999330373776707
}
{
  "native_pdb": "/tmp/rna_inf_lga4_v31/CR1136_TS229_5_solution_normalized.pdb",
  "native_index": null,
  "model_pdb": "/tmp/rna_inf_bajp0unz/CR1136_TS229_5_refined_normalized.pdb",
  "model_index": null,
  "rmsd": 46.30316055314818,
  "inf_all": 0.707420120643761,
  "inf_wc": 0.7584574687869866,
  "inf_nwc": 0.0,
  "inf_stack": 0.716712853015288
}
{
  "native_pdb": "/tmp/rna_inf_r33bdjje/CR1136_TS232_1_solution_normalized.pdb",
  "native_index": null,
  "model_pdb": "/tmp/rna_inf_vs3u7jov/CR1136_TS232_1_refined_normalized.pdb",
  "model_index": null,
  "rmsd": 8.441313908063218,
  "inf_all": 0.9186305449843041,
  "inf_wc": 0.9903588174304302,
  "inf_nwc": 0.7276068751089989,
  "inf_stack": 0.8936211492096949
}
{
  "native_pdb": "/tmp/rna_inf_xvkvytlc/CR1136_TS232_2_solution_normalized.pdb",
  "native_index": null,
  "model_pdb": "/tmp/rna_inf_legg0eqp/CR1136_TS232_2_refined_normalized.pdb",
  "model_index": null,
  "rmsd": 17.338802254815914,
  "inf_all": 0.9087243080712374,
  "inf_wc": 0.9903588174304302,
  "inf_nwc": 0.7276068751089989,
  "inf_stack": 0.8780752560249517
}
{
  "native_pdb": "/tmp/rna_inf_97dwg7tj/CR1136_TS232_3_solution_normalized.pdb",
  "native_index": null,
  "model_pdb": "/tmp/rna_inf_g539hiby/CR1136_TS232_3_refined_normalized.pdb",
  "model_index": null,
  "rmsd": 7.4060413784145895,
  "inf_all": 0.9161822273815443,
  "inf_wc": 0.9871997700918732,
  "inf_nwc": 0.6902684899626335,
  "inf_stack": 0.8924133096001623
}
{
  "native_pdb": "/tmp/rna_inf_isnygbp7/CR1136_TS232_4_solution_normalized.pdb",
  "native_index": null,
  "model_pdb": "/tmp/rna_inf_10xbczfg/CR1136_TS232_4_refined_normalized.pdb",
  "model_index": null,
  "rmsd": 13.858185618422612,
  "inf_all": 0.913527115926536,
  "inf_wc": 0.9871997700918732,
  "inf_nwc": 0.6902684899626335,
  "inf_stack": 0.8885755080838282
}
{
  "native_pdb": "/tmp/rna_inf_8th6p733/CR1136_TS232_5_solution_normalized.pdb",
  "native_index": null,
  "model_pdb": "/tmp/rna_inf_ad0zaoe1/CR1136_TS232_5_refined_normalized.pdb",
  "model_index": null,
  "rmsd": 8.084385643943953,
  "inf_all": 0.9126526869290592,
  "inf_wc": 0.9903588174304302,
  "inf_nwc": 0.6902684899626335,
  "inf_stack": 0.8853664605927646
}
{
  "native_pdb": "/tmp/rna_inf_wgvuajzi/CR1136_TS235_1_solution_normalized.pdb",
  "native_index": null,
  "model_pdb": "/tmp/rna_inf_sa67sc53/CR1136_TS235_1_refined_normalized.pdb",
  "model_index": null,
  "rmsd": 41.59024881903411,
  "inf_all": 0.7849083577242334,
  "inf_wc": 0.8619080082034191,
  "inf_nwc": 0.0,
  "inf_stack": 0.7711062391816267
}
{
  "native_pdb": "/tmp/rna_inf_5sem4igf/CR1136_TS235_2_solution_normalized.pdb",
  "native_index": null,
  "model_pdb": "/tmp/rna_inf_gbmscd40/CR1136_TS235_2_refined_normalized.pdb",
  "model_index": null,
  "rmsd": 37.850964183794254,
  "inf_all": 0.7551031818240044,
  "inf_wc": 0.811538874631888,
  "inf_nwc": 0.0,
  "inf_stack": 0.7533399715712783
}
{
  "native_pdb": "/tmp/rna_inf_d12e45n2/CR1136_TS235_3_solution_normalized.pdb",
  "native_index": null,
  "model_pdb": "/tmp/rna_inf_y3nqn8_4/CR1136_TS235_3_refined_normalized.pdb",
  "model_index": null,
  "rmsd": 36.849258590531676,
  "inf_all": 0.7679059705160026,
  "inf_wc": 0.8790522202025146,
  "inf_nwc": 0.0,
  "inf_stack": 0.7431724096890655
}
{
  "native_pdb": "/tmp/rna_inf_3rtzfcn0/CR1136_TS235_4_solution_normalized.pdb",
  "native_index": null,
  "model_pdb": "/tmp/rna_inf_h4gavlwy/CR1136_TS235_4_refined_normalized.pdb",
  "model_index": null,
  "rmsd": 30.27035741657321,
  "inf_all": 0.8181339378484888,
  "inf_wc": 0.9739394233869267,
  "inf_nwc": 0.6470588235294118,
  "inf_stack": 0.7463076825111457
}
{
  "native_pdb": "/tmp/rna_inf_lnm9f9xo/CR1136_TS235_5_solution_normalized.pdb",
  "native_index": null,
  "model_pdb": "/tmp/rna_inf_c0v13bfb/CR1136_TS235_5_refined_normalized.pdb",
  "model_index": null,
  "rmsd": 40.91647448886475,
  "inf_all": 0.8202398201940372,
  "inf_wc": 0.9804759295841543,
  "inf_nwc": 0.6470588235294118,
  "inf_stack": 0.7459809671203316
}
{
  "native_pdb": "/tmp/rna_inf_pu1irgwr/CR1136_TS238_1_solution_normalized.pdb",
  "native_index": null,
  "model_pdb": "/tmp/rna_inf_xanfkt2u/CR1136_TS238_1_refined_normalized.pdb",
  "model_index": null,
  "rmsd": 36.69199493597314,
  "inf_all": 0.07361130355738185,
  "inf_wc": 0.03091592638401122,
  "inf_nwc": 0.0,
  "inf_stack": 0.1510580911931978
}
{
  "native_pdb": "/tmp/rna_inf_olw79lec/CR1136_TS238_2_solution_normalized.pdb",
  "native_index": null,
  "model_pdb": "/tmp/rna_inf_7g_x36vl/CR1136_TS238_2_refined_normalized.pdb",
  "model_index": null,
  "rmsd": 46.70998403563384,
  "inf_all": 0.0653105352678494,
  "inf_wc": 0.01674828077254214,
  "inf_nwc": 0.0,
  "inf_stack": 0.14523258583128246
}
{
  "native_pdb": "/tmp/rna_inf_drtrg3hs/CR1136_TS238_3_solution_normalized.pdb",
  "native_index": null,
  "model_pdb": "/tmp/rna_inf_z3svx2dk/CR1136_TS238_3_refined_normalized.pdb",
  "model_index": null,
  "rmsd": 49.19099552596188,
  "inf_all": 0.26801259166686303,
  "inf_wc": 0.3349886929955232,
  "inf_nwc": 0.0,
  "inf_stack": 0.37234783910032665
}
{
  "native_pdb": "/tmp/rna_inf_ajay7fs_/CR1136_TS239_1_solution_normalized.pdb",
  "native_index": null,
  "model_pdb": "/tmp/rna_inf_bhqzrmne/CR1136_TS239_1_refined_normalized.pdb",
  "model_index": null,
  "rmsd": 46.184056493685404,
  "inf_all": 0.6930411593355333,
  "inf_wc": 0.7290425834874751,
  "inf_nwc": 0.0,
  "inf_stack": 0.7131630099104772
}
{
  "native_pdb": "/tmp/rna_inf_4r8a7ufd/CR1136_TS239_2_solution_normalized.pdb",
  "native_index": null,
  "model_pdb": "/tmp/rna_inf_4e4p72p1/CR1136_TS239_2_refined_normalized.pdb",
  "model_index": null,
  "rmsd": 43.785213561557654,
  "inf_all": 0.6998510252982078,
  "inf_wc": 0.7324878576047944,
  "inf_nwc": 0.0,
  "inf_stack": 0.719369941648703
}
{
  "native_pdb": "/tmp/rna_inf__7avi7fm/CR1136_TS239_3_solution_normalized.pdb",
  "native_index": null,
  "model_pdb": "/tmp/rna_inf_yg6z85_c/CR1136_TS239_3_refined_normalized.pdb",
  "model_index": null,
  "rmsd": 56.07607393093119,
  "inf_all": 0.696647811416374,
  "inf_wc": 0.7416770790872962,
  "inf_nwc": 0.0,
  "inf_stack": 0.7168677777487358
}
{
  "native_pdb": "/tmp/rna_inf__460pyb9/CR1136_TS239_4_solution_normalized.pdb",
  "native_index": null,
  "model_pdb": "/tmp/rna_inf_al5w9h2k/CR1136_TS239_4_refined_normalized.pdb",
  "model_index": null,
  "rmsd": 42.86367634519963,
  "inf_all": 0.6259457849235307,
  "inf_wc": 0.6730054316280272,
  "inf_nwc": 0.0,
  "inf_stack": 0.6405906945489022
}
{
  "native_pdb": "/tmp/rna_inf_hcpmhfn8/CR1136_TS239_5_solution_normalized.pdb",
  "native_index": null,
  "model_pdb": "/tmp/rna_inf_hyt46xvl/CR1136_TS239_5_refined_normalized.pdb",
  "model_index": null,
  "rmsd": 46.502564586816874,
  "inf_all": 0.6248838740380391,
  "inf_wc": 0.6342240482425557,
  "inf_nwc": 0.0,
  "inf_stack": 0.6691359702694692
}
{
  "native_pdb": "/tmp/rna_inf_wrctlvwy/CR1136_TS245_1_solution_normalized.pdb",
  "native_index": null,
  "model_pdb": "/tmp/rna_inf_oin88hra/CR1136_TS245_1_refined_normalized.pdb",
  "model_index": null,
  "rmsd": 50.38455581854631,
  "inf_all": 0.5123744037644941,
  "inf_wc": 0.3442368552439281,
  "inf_nwc": 0.0,
  "inf_stack": 0.6164632921377446
}
{
  "native_pdb": "/tmp/rna_inf_spofw35t/CR1136_TS245_2_solution_normalized.pdb",
  "native_index": null,
  "model_pdb": "/tmp/rna_inf_sg8ie03p/CR1136_TS245_2_refined_normalized.pdb",
  "model_index": null,
  "rmsd": 41.69901876698244,
  "inf_all": 0.5025278516970971,
  "inf_wc": 0.25618890362861496,
  "inf_nwc": 0.0,
  "inf_stack": 0.6281656426390054
}
{
  "native_pdb": "/tmp/rna_inf_gc2twln3/CR1136_TS245_3_solution_normalized.pdb",
  "native_index": null,
  "model_pdb": "/tmp/rna_inf_vm4w1_1f/CR1136_TS245_3_refined_normalized.pdb",
  "model_index": null,
  "rmsd": 42.834491527539875,
  "inf_all": 0.47377990656171914,
  "inf_wc": 0.21369908558001743,
  "inf_nwc": 0.0,
  "inf_stack": 0.6032689716608557
}
{
  "native_pdb": "/tmp/rna_inf_463lysmg/CR1136_TS245_4_solution_normalized.pdb",
  "native_index": null,
  "model_pdb": "/tmp/rna_inf_x9o9od1v/CR1136_TS245_4_refined_normalized.pdb",
  "model_index": null,
  "rmsd": 35.48411883032043,
  "inf_all": 0.5128545380307269,
  "inf_wc": 0.27824333745610097,
  "inf_nwc": 0.0,
  "inf_stack": 0.6325652476268394
}
{
  "native_pdb": "/tmp/rna_inf_rtfl1vs7/CR1136_TS245_5_solution_normalized.pdb",
  "native_index": null,
  "model_pdb": "/tmp/rna_inf_tks48q0y/CR1136_TS245_5_refined_normalized.pdb",
  "model_index": null,
  "rmsd": 36.66213739514149,
  "inf_all": 0.5120885114074425,
  "inf_wc": 0.176499500658554,
  "inf_nwc": 0.0,
  "inf_stack": 0.6551397864517781
}
{
  "native_pdb": "/tmp/rna_inf_h2ctv9ur/CR1136_TS248_1_solution_normalized.pdb",
  "native_index": null,
  "model_pdb": "/tmp/rna_inf_9h725pca/CR1136_TS248_1_refined_normalized.pdb",
  "model_index": null,
  "rmsd": 53.837061235585416,
  "inf_all": 0.7602857793948644,
  "inf_wc": 0.9054233341475788,
  "inf_nwc": 0.0,
  "inf_stack": 0.7277319633250104
}
{
  "native_pdb": "/tmp/rna_inf_9ckolhw5/CR1136_TS248_2_solution_normalized.pdb",
  "native_index": null,
  "model_pdb": "/tmp/rna_inf_56aksrzi/CR1136_TS248_2_refined_normalized.pdb",
  "model_index": null,
  "rmsd": 53.83060142076795,
  "inf_all": 0.7613338469828376,
  "inf_wc": 0.9020385621721739,
  "inf_nwc": 0.0,
  "inf_stack": 0.7316281879156913
}
{
  "native_pdb": "/tmp/rna_inf_h_z3jbad/CR1136_TS248_3_solution_normalized.pdb",
  "native_index": null,
  "model_pdb": "/tmp/rna_inf_fywihqbn/CR1136_TS248_3_refined_normalized.pdb",
  "model_index": null,
  "rmsd": 53.87639763688676,
  "inf_all": 0.7633400469212839,
  "inf_wc": 0.9054233341475788,
  "inf_nwc": 0.0,
  "inf_stack": 0.7362503176189649
}
{
  "native_pdb": "/tmp/rna_inf_nmr3580h/CR1136_TS248_4_solution_normalized.pdb",
  "native_index": null,
  "model_pdb": "/tmp/rna_inf_zsjvpjnd/CR1136_TS248_4_refined_normalized.pdb",
  "model_index": null,
  "rmsd": 53.838801704399934,
  "inf_all": 0.7721589221800707,
  "inf_wc": 0.9054233341475788,
  "inf_nwc": 0.0,
  "inf_stack": 0.7499778483349283
}
{
  "native_pdb": "/tmp/rna_inf_08xptnrx/CR1136_TS248_5_solution_normalized.pdb",
  "native_index": null,
  "model_pdb": "/tmp/rna_inf_pqu0nqqx/CR1136_TS248_5_refined_normalized.pdb",
  "model_index": null,
  "rmsd": 53.89659808848149,
  "inf_all": 0.7720041886896256,
  "inf_wc": 0.8953813600283111,
  "inf_nwc": 0.0,
  "inf_stack": 0.7525489793561388
}
{
  "native_pdb": "/tmp/rna_inf_i7klr44s/CR1136_TS287_1_solution_normalized.pdb",
  "native_index": null,
  "model_pdb": "/tmp/rna_inf_iu1xkkwa/CR1136_TS287_1_refined_normalized.pdb",
  "model_index": null,
  "rmsd": 14.873834747489619,
  "inf_all": 0.9203617358575585,
  "inf_wc": 0.993610158209353,
  "inf_nwc": 0.9074852129730301,
  "inf_stack": 0.8859543947812273
}
{
  "native_pdb": "/tmp/rna_inf_hrgockkp/CR1136_TS287_2_solution_normalized.pdb",
  "native_index": null,
  "model_pdb": "/tmp/rna_inf_0sdo_yo2/CR1136_TS287_2_refined_normalized.pdb",
  "model_index": null,
  "rmsd": 14.986311093648219,
  "inf_all": 0.9049769753730962,
  "inf_wc": 0.9837603266576685,
  "inf_nwc": 0.7882407813680822,
  "inf_stack": 0.8736065983382834
}
{
  "native_pdb": "/tmp/rna_inf_77ejm4jx/CR1136_TS287_3_solution_normalized.pdb",
  "native_index": null,
  "model_pdb": "/tmp/rna_inf_bsxngs8_/CR1136_TS287_3_refined_normalized.pdb",
  "model_index": null,
  "rmsd": 19.383895998349622,
  "inf_all": 0.9240297898883939,
  "inf_wc": 0.993610158209353,
  "inf_nwc": 0.9074852129730301,
  "inf_stack": 0.8913161304747291
}
{
  "native_pdb": "/tmp/rna_inf_w5_vazl_/CR1136_TS287_4_solution_normalized.pdb",
  "native_index": null,
  "model_pdb": "/tmp/rna_inf_c5nvvxqy/CR1136_TS287_4_refined_normalized.pdb",
  "model_index": null,
  "rmsd": 11.259992941456003,
  "inf_all": 0.9200959625369687,
  "inf_wc": 0.993610158209353,
  "inf_nwc": 0.9074852129730301,
  "inf_stack": 0.8853664605927646
}
{
  "native_pdb": "/tmp/rna_inf_891eak93/CR1136_TS287_5_solution_normalized.pdb",
  "native_index": null,
  "model_pdb": "/tmp/rna_inf_zkmm35qg/CR1136_TS287_5_refined_normalized.pdb",
  "model_index": null,
  "rmsd": 12.694471962613003,
  "inf_all": 0.9186428663330354,
  "inf_wc": 0.993610158209353,
  "inf_nwc": 0.9074852129730301,
  "inf_stack": 0.8828362599090985
}
{
  "native_pdb": "/tmp/rna_inf_7ihmydf2/CR1136_TS325_1_solution_normalized.pdb",
  "native_index": null,
  "model_pdb": "/tmp/rna_inf_akd2pz46/CR1136_TS325_1_refined_normalized.pdb",
  "model_index": null,
  "rmsd": 8.488049489986706,
  "inf_all": 0.9186305449843041,
  "inf_wc": 0.9903588174304302,
  "inf_nwc": 0.7276068751089989,
  "inf_stack": 0.8936211492096949
}
{
  "native_pdb": "/tmp/rna_inf_udwy3i9s/CR1136_TS325_2_solution_normalized.pdb",
  "native_index": null,
  "model_pdb": "/tmp/rna_inf_r9f4havp/CR1136_TS325_2_refined_normalized.pdb",
  "model_index": null,
  "rmsd": 8.488049489986706,
  "inf_all": 0.9186305449843041,
  "inf_wc": 0.9903588174304302,
  "inf_nwc": 0.7276068751089989,
  "inf_stack": 0.8936211492096949
}
{
  "native_pdb": "/tmp/rna_inf_txjxbj65/CR1136_TS325_3_solution_normalized.pdb",
  "native_index": null,
  "model_pdb": "/tmp/rna_inf_no4czmb4/CR1136_TS325_3_refined_normalized.pdb",
  "model_index": null,
  "rmsd": 8.488049489986706,
  "inf_all": 0.9186305449843041,
  "inf_wc": 0.9903588174304302,
  "inf_nwc": 0.7276068751089989,
  "inf_stack": 0.8936211492096949
}
{
  "native_pdb": "/tmp/rna_inf_bgpia9sj/CR1136_TS325_4_solution_normalized.pdb",
  "native_index": null,
  "model_pdb": "/tmp/rna_inf_vdky682z/CR1136_TS325_4_refined_normalized.pdb",
  "model_index": null,
  "rmsd": 8.488049489986706,
  "inf_all": 0.9186305449843041,
  "inf_wc": 0.9903588174304302,
  "inf_nwc": 0.7276068751089989,
  "inf_stack": 0.8936211492096949
}
{
  "native_pdb": "/tmp/rna_inf_06esjoqu/CR1136_TS325_5_solution_normalized.pdb",
  "native_index": null,
  "model_pdb": "/tmp/rna_inf_z_29tslp/CR1136_TS325_5_refined_normalized.pdb",
  "model_index": null,
  "rmsd": 8.488049489986706,
  "inf_all": 0.9186305449843041,
  "inf_wc": 0.9903588174304302,
  "inf_nwc": 0.7276068751089989,
  "inf_stack": 0.8936211492096949
}
{
  "native_pdb": "/tmp/rna_inf_jn2xrdbt/CR1136_TS347_1_solution_normalized.pdb",
  "native_index": null,
  "model_pdb": "/tmp/rna_inf_3i55uqaz/CR1136_TS347_1_refined_normalized.pdb",
  "model_index": null,
  "rmsd": 8.488049489986706,
  "inf_all": 0.9186305449843041,
  "inf_wc": 0.9903588174304302,
  "inf_nwc": 0.7276068751089989,
  "inf_stack": 0.8936211492096949
}
{
  "native_pdb": "/tmp/rna_inf_x73kvvuo/CR1136_TS347_2_solution_normalized.pdb",
  "native_index": null,
  "model_pdb": "/tmp/rna_inf_yo_z9uv7/CR1136_TS347_2_refined_normalized.pdb",
  "model_index": null,
  "rmsd": 8.488049489986706,
  "inf_all": 0.9186305449843041,
  "inf_wc": 0.9903588174304302,
  "inf_nwc": 0.7276068751089989,
  "inf_stack": 0.8936211492096949
}
{
  "native_pdb": "/tmp/rna_inf_ryf0lejf/CR1136_TS347_3_solution_normalized.pdb",
  "native_index": null,
  "model_pdb": "/tmp/rna_inf_bknb5o19/CR1136_TS347_3_refined_normalized.pdb",
  "model_index": null,
  "rmsd": 8.488049489986706,
  "inf_all": 0.9186305449843041,
  "inf_wc": 0.9903588174304302,
  "inf_nwc": 0.7276068751089989,
  "inf_stack": 0.8936211492096949
}
{
  "native_pdb": "/tmp/rna_inf_xg3cqrb4/CR1136_TS347_4_solution_normalized.pdb",
  "native_index": null,
  "model_pdb": "/tmp/rna_inf_8vopns1q/CR1136_TS347_4_refined_normalized.pdb",
  "model_index": null,
  "rmsd": 8.488049489986706,
  "inf_all": 0.9186305449843041,
  "inf_wc": 0.9903588174304302,
  "inf_nwc": 0.7276068751089989,
  "inf_stack": 0.8936211492096949
}
{
  "native_pdb": "/tmp/rna_inf_q1s38f5s/CR1136_TS347_5_solution_normalized.pdb",
  "native_index": null,
  "model_pdb": "/tmp/rna_inf_mp8_ll7o/CR1136_TS347_5_refined_normalized.pdb",
  "model_index": null,
  "rmsd": 8.488049489986706,
  "inf_all": 0.9186305449843041,
  "inf_wc": 0.9903588174304302,
  "inf_nwc": 0.7276068751089989,
  "inf_stack": 0.8936211492096949
}
{
  "native_pdb": "/tmp/rna_inf_45prkq1j/CR1136_TS385_1_solution_normalized.pdb",
  "native_index": null,
  "model_pdb": "/tmp/rna_inf_9ic550rf/CR1136_TS385_1_refined_normalized.pdb",
  "model_index": null,
  "rmsd": 50.38455581854631,
  "inf_all": 0.5123744037644941,
  "inf_wc": 0.3442368552439281,
  "inf_nwc": 0.0,
  "inf_stack": 0.6164632921377446
}
{
  "native_pdb": "/tmp/rna_inf_5ror7bfk/CR1136_TS392_1_solution_normalized.pdb",
  "native_index": null,
  "model_pdb": "/tmp/rna_inf_h5ugvqqp/CR1136_TS392_1_refined_normalized.pdb",
  "model_index": null,
  "rmsd": 41.26928163867511,
  "inf_all": 0.7913093098087952,
  "inf_wc": 0.8782231720947185,
  "inf_nwc": 0.0,
  "inf_stack": 0.7723018946307308
}
{
  "native_pdb": "/tmp/rna_inf_ql1c7x_4/CR1136_TS392_2_solution_normalized.pdb",
  "native_index": null,
  "model_pdb": "/tmp/rna_inf_1o3w2o3m/CR1136_TS392_2_refined_normalized.pdb",
  "model_index": null,
  "rmsd": 39.276195226071586,
  "inf_all": 0.775325155697369,
  "inf_wc": 0.8589920077422794,
  "inf_nwc": 0.0,
  "inf_stack": 0.7623193535426926
}
{
  "native_pdb": "/tmp/rna_inf_lk_oixve/CR1136_TS392_3_solution_normalized.pdb",
  "native_index": null,
  "model_pdb": "/tmp/rna_inf_4ach0td4/CR1136_TS392_3_refined_normalized.pdb",
  "model_index": null,
  "rmsd": 41.95562513991317,
  "inf_all": 0.7762078979556822,
  "inf_wc": 0.8589920077422794,
  "inf_nwc": 0.0,
  "inf_stack": 0.7621365662512503
}
{
  "native_pdb": "/tmp/rna_inf_esm69mdw/CR1136_TS416_1_solution_normalized.pdb",
  "native_index": null,
  "model_pdb": "/tmp/rna_inf_fnzni2d0/CR1136_TS416_1_refined_normalized.pdb",
  "model_index": null,
  "rmsd": 46.184056493685404,
  "inf_all": 0.6930411593355333,
  "inf_wc": 0.7290425834874751,
  "inf_nwc": 0.0,
  "inf_stack": 0.7131630099104772
}
{
  "native_pdb": "/tmp/rna_inf_u35ow2_8/CR1136_TS416_2_solution_normalized.pdb",
  "native_index": null,
  "model_pdb": "/tmp/rna_inf_ghfpir59/CR1136_TS416_2_refined_normalized.pdb",
  "model_index": null,
  "rmsd": 35.44509208502824,
  "inf_all": 0.7984148648606436,
  "inf_wc": 0.8831355022940627,
  "inf_nwc": 0.0,
  "inf_stack": 0.7915443978523564
}
{
  "native_pdb": "/tmp/rna_inf_7ol0lkzz/CR1136_TS416_3_solution_normalized.pdb",
  "native_index": null,
  "model_pdb": "/tmp/rna_inf_0z0lqfgs/CR1136_TS416_3_refined_normalized.pdb",
  "model_index": null,
  "rmsd": 56.07607393093119,
  "inf_all": 0.696647811416374,
  "inf_wc": 0.7416770790872962,
  "inf_nwc": 0.0,
  "inf_stack": 0.7168677777487358
}
{
  "native_pdb": "/tmp/rna_inf_zsg7pnv_/CR1136_TS416_4_solution_normalized.pdb",
  "native_index": null,
  "model_pdb": "/tmp/rna_inf_95jygfiv/CR1136_TS416_4_refined_normalized.pdb",
  "model_index": null,
  "rmsd": 41.96367214033325,
  "inf_all": 0.792006336076033,
  "inf_wc": 0.8824283366257388,
  "inf_nwc": 0.0,
  "inf_stack": 0.7757762457445037
}
{
  "native_pdb": "/tmp/rna_inf__i2bih22/CR1136_TS416_5_solution_normalized.pdb",
  "native_index": null,
  "model_pdb": "/tmp/rna_inf_kpyc3hvv/CR1136_TS416_5_refined_normalized.pdb",
  "model_index": null,
  "rmsd": 38.720805710387104,
  "inf_all": 0.7847946144283583,
  "inf_wc": 0.8562823118368281,
  "inf_nwc": 0.0,
  "inf_stack": 0.7769095936763888
}
{
  "native_pdb": "/tmp/rna_inf_fitl9q1v/CR1136_TS434_1_solution_normalized.pdb",
  "native_index": null,
  "model_pdb": "/tmp/rna_inf_r8kd30_c/CR1136_TS434_1_refined_normalized.pdb",
  "model_index": null,
  "rmsd": 34.880443108486,
  "inf_all": 0.7938254029938927,
  "inf_wc": 0.881750703975844,
  "inf_nwc": 0.0,
  "inf_stack": 0.7866170876358172
}
{
  "native_pdb": "/tmp/rna_inf_18ysdoij/CR1136_TS434_2_solution_normalized.pdb",
  "native_index": null,
  "model_pdb": "/tmp/rna_inf_1wobp08x/CR1136_TS434_2_refined_normalized.pdb",
  "model_index": null,
  "rmsd": 47.48834862450057,
  "inf_all": 0.7889565099899698,
  "inf_wc": 0.8871596701335431,
  "inf_nwc": 0.0,
  "inf_stack": 0.7785052223534994
}
{
  "native_pdb": "/tmp/rna_inf_do9ae2kd/CR1136_TS434_3_solution_normalized.pdb",
  "native_index": null,
  "model_pdb": "/tmp/rna_inf_b8gkr5lh/CR1136_TS434_3_refined_normalized.pdb",
  "model_index": null,
  "rmsd": 42.752850026397255,
  "inf_all": 0.7908605581650276,
  "inf_wc": 0.8847245765129187,
  "inf_nwc": 0.0,
  "inf_stack": 0.7761320457119087
}
{
  "native_pdb": "/tmp/rna_inf_29t8kd0_/CR1136_TS434_4_solution_normalized.pdb",
  "native_index": null,
  "model_pdb": "/tmp/rna_inf_sc60w9ud/CR1136_TS434_4_refined_normalized.pdb",
  "model_index": null,
  "rmsd": 40.61642112863039,
  "inf_all": 0.7978279966278995,
  "inf_wc": 0.8730058527955469,
  "inf_nwc": 0.0,
  "inf_stack": 0.7902589723484118
}
{
  "native_pdb": "/tmp/rna_inf_mdh1ye8l/CR1136_TS434_5_solution_normalized.pdb",
  "native_index": null,
  "model_pdb": "/tmp/rna_inf_lgzygb_9/CR1136_TS434_5_refined_normalized.pdb",
  "model_index": null,
  "rmsd": 45.52371380388283,
  "inf_all": 0.7757344163000702,
  "inf_wc": 0.8744790605763173,
  "inf_nwc": 0.0,
  "inf_stack": 0.7641060119186541
}
{
  "native_pdb": "/tmp/rna_inf_ccakds4v/CR1136_TS439_1_solution_normalized.pdb",
  "native_index": null,
  "model_pdb": "/tmp/rna_inf__g7djog_/CR1136_TS439_1_refined_normalized.pdb",
  "model_index": null,
  "rmsd": 46.184056493685404,
  "inf_all": 0.6930411593355333,
  "inf_wc": 0.7290425834874751,
  "inf_nwc": 0.0,
  "inf_stack": 0.7131630099104772
}
{
  "native_pdb": "/tmp/rna_inf_8svrklp2/CR1136_TS439_2_solution_normalized.pdb",
  "native_index": null,
  "model_pdb": "/tmp/rna_inf_5au2wjn3/CR1136_TS439_2_refined_normalized.pdb",
  "model_index": null,
  "rmsd": 51.12242876184743,
  "inf_all": 0.6974582923832268,
  "inf_wc": 0.7416770790872962,
  "inf_nwc": 0.0,
  "inf_stack": 0.714109342544997
}
{
  "native_pdb": "/tmp/rna_inf_q1vzr93z/CR1136_TS439_3_solution_normalized.pdb",
  "native_index": null,
  "model_pdb": "/tmp/rna_inf_fq6r2mix/CR1136_TS439_3_refined_normalized.pdb",
  "model_index": null,
  "rmsd": 42.86367634519963,
  "inf_all": 0.6259457849235307,
  "inf_wc": 0.6730054316280272,
  "inf_nwc": 0.0,
  "inf_stack": 0.6405906945489022
}
{
  "native_pdb": "/tmp/rna_inf_3fdg8o1j/CR1136_TS439_4_solution_normalized.pdb",
  "native_index": null,
  "model_pdb": "/tmp/rna_inf_lgz75cm4/CR1136_TS439_4_refined_normalized.pdb",
  "model_index": null,
  "rmsd": 41.96367214033325,
  "inf_all": 0.792006336076033,
  "inf_wc": 0.8824283366257388,
  "inf_nwc": 0.0,
  "inf_stack": 0.7757762457445037
}
{
  "native_pdb": "/tmp/rna_inf_t1einpie/CR1136_TS439_5_solution_normalized.pdb",
  "native_index": null,
  "model_pdb": "/tmp/rna_inf_nj4acway/CR1136_TS439_5_refined_normalized.pdb",
  "model_index": null,
  "rmsd": 46.30316055314818,
  "inf_all": 0.707420120643761,
  "inf_wc": 0.7584574687869866,
  "inf_nwc": 0.0,
  "inf_stack": 0.716712853015288
}
{
  "native_pdb": "/tmp/rna_inf_g75bllp2/CR1136_TS444_1_solution_normalized.pdb",
  "native_index": null,
  "model_pdb": "/tmp/rna_inf_6jvstray/CR1136_TS444_1_refined_normalized.pdb",
  "model_index": null,
  "rmsd": 33.4343911129334,
  "inf_all": 0.8128229935150854,
  "inf_wc": 0.8949111622441402,
  "inf_nwc": 0.0,
  "inf_stack": 0.8025271507701762
}
{
  "native_pdb": "/tmp/rna_inf_8uphh9pv/CR1136_TS444_2_solution_normalized.pdb",
  "native_index": null,
  "model_pdb": "/tmp/rna_inf_dunvfd76/CR1136_TS444_2_refined_normalized.pdb",
  "model_index": null,
  "rmsd": 50.38455581854631,
  "inf_all": 0.5123744037644941,
  "inf_wc": 0.3442368552439281,
  "inf_nwc": 0.0,
  "inf_stack": 0.6164632921377446
}
{
  "native_pdb": "/tmp/rna_inf_6gq5ga1k/CR1136_TS444_3_solution_normalized.pdb",
  "native_index": null,
  "model_pdb": "/tmp/rna_inf_v5siso9j/CR1136_TS444_3_refined_normalized.pdb",
  "model_index": null,
  "rmsd": 43.01342034938844,
  "inf_all": 0.5543377954880934,
  "inf_wc": 0.6236162476283604,
  "inf_nwc": 0.0,
  "inf_stack": 0.602218575491667
}
{
  "native_pdb": "/tmp/rna_inf_oeo9rlnk/CR1136_TS444_4_solution_normalized.pdb",
  "native_index": null,
  "model_pdb": "/tmp/rna_inf_4wklut9i/CR1136_TS444_4_refined_normalized.pdb",
  "model_index": null,
  "rmsd": 46.502564586816874,
  "inf_all": 0.6248838740380391,
  "inf_wc": 0.6342240482425557,
  "inf_nwc": 0.0,
  "inf_stack": 0.6691359702694692
}
{
  "native_pdb": "/tmp/rna_inf_yulbwc1g/CR1136_TS444_5_solution_normalized.pdb",
  "native_index": null,
  "model_pdb": "/tmp/rna_inf_611r_rdc/CR1136_TS444_5_refined_normalized.pdb",
  "model_index": null,
  "rmsd": 42.834491527539875,
  "inf_all": 0.47377990656171914,
  "inf_wc": 0.21369908558001743,
  "inf_nwc": 0.0,
  "inf_stack": 0.6032689716608557
}
{
  "native_pdb": "/tmp/rna_inf_fjjtlo40/CR1136_TS456_1_solution_normalized.pdb",
  "native_index": null,
  "model_pdb": "/tmp/rna_inf_44hy6iew/CR1136_TS456_1_refined_normalized.pdb",
  "model_index": null,
  "rmsd": 8.488049489986706,
  "inf_all": 0.9186305449843041,
  "inf_wc": 0.9903588174304302,
  "inf_nwc": 0.7276068751089989,
  "inf_stack": 0.8936211492096949
}
{
  "native_pdb": "/tmp/rna_inf_pbrojqom/CR1136_TS456_2_solution_normalized.pdb",
  "native_index": null,
  "model_pdb": "/tmp/rna_inf_ax_kel3y/CR1136_TS456_2_refined_normalized.pdb",
  "model_index": null,
  "rmsd": 8.488049489986706,
  "inf_all": 0.9186305449843041,
  "inf_wc": 0.9903588174304302,
  "inf_nwc": 0.7276068751089989,
  "inf_stack": 0.8936211492096949
}
{
  "native_pdb": "/tmp/rna_inf_aeq9dwm1/CR1136_TS456_3_solution_normalized.pdb",
  "native_index": null,
  "model_pdb": "/tmp/rna_inf_xsnsrtc1/CR1136_TS456_3_refined_normalized.pdb",
  "model_index": null,
  "rmsd": 8.488049489986706,
  "inf_all": 0.9186305449843041,
  "inf_wc": 0.9903588174304302,
  "inf_nwc": 0.7276068751089989,
  "inf_stack": 0.8936211492096949
}
{
  "native_pdb": "/tmp/rna_inf_9n3qr9ho/CR1136_TS456_4_solution_normalized.pdb",
  "native_index": null,
  "model_pdb": "/tmp/rna_inf_0sxiyp9s/CR1136_TS456_4_refined_normalized.pdb",
  "model_index": null,
  "rmsd": 8.488049489986706,
  "inf_all": 0.9186305449843041,
  "inf_wc": 0.9903588174304302,
  "inf_nwc": 0.7276068751089989,
  "inf_stack": 0.8936211492096949
}
{
  "native_pdb": "/tmp/rna_inf_9dccs87d/CR1136_TS456_5_solution_normalized.pdb",
  "native_index": null,
  "model_pdb": "/tmp/rna_inf_7umsdnq6/CR1136_TS456_5_refined_normalized.pdb",
  "model_index": null,
  "rmsd": 8.488049489986706,
  "inf_all": 0.9186305449843041,
  "inf_wc": 0.9903588174304302,
  "inf_nwc": 0.7276068751089989,
  "inf_stack": 0.8936211492096949
}
{
  "native_pdb": "/tmp/rna_inf_9f7uhg7_/CR1136_TS470_1_solution_normalized.pdb",
  "native_index": null,
  "model_pdb": "/tmp/rna_inf_xj5i7jyv/CR1136_TS470_1_refined_normalized.pdb",
  "model_index": null,
  "rmsd": 43.01342034938844,
  "inf_all": 0.5543377954880934,
  "inf_wc": 0.6236162476283604,
  "inf_nwc": 0.0,
  "inf_stack": 0.602218575491667
}
{
  "native_pdb": "/tmp/rna_inf_64g0dn9p/CR1136_TS470_2_solution_normalized.pdb",
  "native_index": null,
  "model_pdb": "/tmp/rna_inf_18dzxro6/CR1136_TS470_2_refined_normalized.pdb",
  "model_index": null,
  "rmsd": 41.35694995623266,
  "inf_all": 0.4959681060942977,
  "inf_wc": 0.5227282102428386,
  "inf_nwc": 0.0,
  "inf_stack": 0.5665591803270283
}
{
  "native_pdb": "/tmp/rna_inf_8kgctttz/CR1136_TS470_3_solution_normalized.pdb",
  "native_index": null,
  "model_pdb": "/tmp/rna_inf_pkx5izex/CR1136_TS470_3_refined_normalized.pdb",
  "model_index": null,
  "rmsd": 39.28975406513634,
  "inf_all": 0.5446645901681344,
  "inf_wc": 0.5874000266797793,
  "inf_nwc": 0.0,
  "inf_stack": 0.5873994027135204
}
{
  "native_pdb": "/tmp/rna_inf_rxesn_cn/CR1136_TS470_4_solution_normalized.pdb",
  "native_index": null,
  "model_pdb": "/tmp/rna_inf_chj355gp/CR1136_TS470_4_refined_normalized.pdb",
  "model_index": null,
  "rmsd": 41.20264537324914,
  "inf_all": 0.5116932486272747,
  "inf_wc": 0.5466216065276707,
  "inf_nwc": 0.0,
  "inf_stack": 0.5644117345171041
}
{
  "native_pdb": "/tmp/rna_inf_a9tavew5/CR1136_TS470_5_solution_normalized.pdb",
  "native_index": null,
  "model_pdb": "/tmp/rna_inf_qiaf0qid/CR1136_TS470_5_refined_normalized.pdb",
  "model_index": null,
  "rmsd": 40.93087293624583,
  "inf_all": 0.45564997620737513,
  "inf_wc": 0.5141212168457437,
  "inf_nwc": 0.0,
  "inf_stack": 0.5031955302134492
}
{
  "native_pdb": "/tmp/rna_inf_t8xgmjyj/CR1136_TS489_1_solution_normalized.pdb",
  "native_index": null,
  "model_pdb": "/tmp/rna_inf_77gwlgy3/CR1136_TS489_1_refined_normalized.pdb",
  "model_index": null,
  "rmsd": 43.01342034938844,
  "inf_all": 0.5543377954880934,
  "inf_wc": 0.6236162476283604,
  "inf_nwc": 0.0,
  "inf_stack": 0.602218575491667
}
{
  "native_pdb": "/tmp/rna_inf_44u37l92/CR1136_TS489_2_solution_normalized.pdb",
  "native_index": null,
  "model_pdb": "/tmp/rna_inf_qo9rc5rm/CR1136_TS489_2_refined_normalized.pdb",
  "model_index": null,
  "rmsd": 41.35694995623266,
  "inf_all": 0.4959681060942977,
  "inf_wc": 0.5227282102428386,
  "inf_nwc": 0.0,
  "inf_stack": 0.5665591803270283
}
{
  "native_pdb": "/tmp/rna_inf_1a8ulorm/CR1136_TS489_3_solution_normalized.pdb",
  "native_index": null,
  "model_pdb": "/tmp/rna_inf_yxww3jh7/CR1136_TS489_3_refined_normalized.pdb",
  "model_index": null,
  "rmsd": 39.28975406513634,
  "inf_all": 0.5446645901681344,
  "inf_wc": 0.5874000266797793,
  "inf_nwc": 0.0,
  "inf_stack": 0.5873994027135204
}
{
  "native_pdb": "/tmp/rna_inf_qczky_o6/CR1136_TS489_4_solution_normalized.pdb",
  "native_index": null,
  "model_pdb": "/tmp/rna_inf_yqodc719/CR1136_TS489_4_refined_normalized.pdb",
  "model_index": null,
  "rmsd": 41.20264537324914,
  "inf_all": 0.5116932486272747,
  "inf_wc": 0.5466216065276707,
  "inf_nwc": 0.0,
  "inf_stack": 0.5644117345171041
}
{
  "native_pdb": "/tmp/rna_inf_eaz5tnqk/CR1136_TS489_5_solution_normalized.pdb",
  "native_index": null,
  "model_pdb": "/tmp/rna_inf_r7jqe1gh/CR1136_TS489_5_refined_normalized.pdb",
  "model_index": null,
  "rmsd": 40.93087293624583,
  "inf_all": 0.45564997620737513,
  "inf_wc": 0.5141212168457437,
  "inf_nwc": 0.0,
  "inf_stack": 0.5031955302134492
}
