2026-03-10 00:20:41 	 START case: PZ1
2026-03-10 00:20:41 	 caseDir: D:\Studia\Projekty\gsp-lab\data\finished\PZ1
2026-03-10 00:20:41 	 pdbDir: D:\Studia\Projekty\gsp-lab\data\finished\PZ1\pdb
2026-03-10 00:20:41 	 Found pdb count: 16
2026-03-10 00:20:41 	 Global solution: 1_solution_0.pdb
2026-03-10 00:20:41 	 RUN refined_pair target=1_santalucia_1_solution.pdb model=1_santalucia_1_refined.pdb -> id=santalucia_1
2026-03-10 00:20:41 	 Docker cmd: docker run --rm -v D:\Studia\Projekty\gsp-lab:/work -v D:\Studia\Projekty\RNA_assessment:/rna_assessment -e RNA_ASSESSMENT_ROOT=/rna_assessment -e PYTHONPATH=/rna_assessment mcannotate-runtime python3 /work/src/utils/INF.py /work/data/finished/PZ1/pdb/1_santalucia_1_solution.pdb /work/data/finished/PZ1/pdb/1_santalucia_1_refined.pdb
2026-03-10 00:20:43 	 Docker exit code: 0
2026-03-10 00:20:43 	 Docker output length: 339
2026-03-10 00:20:43 	 Saved CSV: PZ1,santalucia_1,santalucia,1,refined_pair,0.717149971964479,0.8,-1,1_santalucia_1_solution.pdb,1_santalucia_1_refined.pdb
2026-03-10 00:20:43 	 RUN fallback_pair: model=1_bujnicki_1.pdb against global=1_solution_0.pdb -> id=bujnicki_1
2026-03-10 00:20:43 	 Docker cmd: docker run --rm -v D:\Studia\Projekty\gsp-lab:/work -v D:\Studia\Projekty\RNA_assessment:/rna_assessment -e RNA_ASSESSMENT_ROOT=/rna_assessment -e PYTHONPATH=/rna_assessment mcannotate-runtime python3 /work/src/utils/INF.py /work/data/finished/PZ1/pdb/1_solution_0.pdb /work/data/finished/PZ1/pdb/1_bujnicki_1.pdb
2026-03-10 00:20:46 	 Docker exit code: 0
2026-03-10 00:20:46 	 Docker output length: 334
2026-03-10 00:20:46 	 Saved CSV: PZ1,bujnicki_1,bujnicki,1,fallback_pair,0.8825740252717905,0.9759000729485332,-1,1_solution_0.pdb,1_bujnicki_1.pdb
2026-03-10 00:20:46 	 RUN fallback_pair: model=1_bujnicki_2.pdb against global=1_solution_0.pdb -> id=bujnicki_2
2026-03-10 00:20:46 	 Docker cmd: docker run --rm -v D:\Studia\Projekty\gsp-lab:/work -v D:\Studia\Projekty\RNA_assessment:/rna_assessment -e RNA_ASSESSMENT_ROOT=/rna_assessment -e PYTHONPATH=/rna_assessment mcannotate-runtime python3 /work/src/utils/INF.py /work/data/finished/PZ1/pdb/1_solution_0.pdb /work/data/finished/PZ1/pdb/1_bujnicki_2.pdb
2026-03-10 00:20:48 	 Docker exit code: 0
2026-03-10 00:20:48 	 Docker output length: 320
2026-03-10 00:20:48 	 Saved CSV: PZ1,bujnicki_2,bujnicki,2,fallback_pair,0.7699341496827993,0.85,-1,1_solution_0.pdb,1_bujnicki_2.pdb
2026-03-10 00:20:48 	 RUN fallback_pair: model=1_bujnicki_3.pdb against global=1_solution_0.pdb -> id=bujnicki_3
2026-03-10 00:20:48 	 Docker cmd: docker run --rm -v D:\Studia\Projekty\gsp-lab:/work -v D:\Studia\Projekty\RNA_assessment:/rna_assessment -e RNA_ASSESSMENT_ROOT=/rna_assessment -e PYTHONPATH=/rna_assessment mcannotate-runtime python3 /work/src/utils/INF.py /work/data/finished/PZ1/pdb/1_solution_0.pdb /work/data/finished/PZ1/pdb/1_bujnicki_3.pdb
2026-03-10 00:20:51 	 Docker exit code: 0
2026-03-10 00:20:51 	 Docker output length: 317
2026-03-10 00:20:51 	 Saved CSV: PZ1,bujnicki_3,bujnicki,3,fallback_pair,0.8099450160114257,0.9,-1,1_solution_0.pdb,1_bujnicki_3.pdb
2026-03-10 00:20:51 	 RUN fallback_pair: model=1_bujnicki_4.pdb against global=1_solution_0.pdb -> id=bujnicki_4
2026-03-10 00:20:51 	 Docker cmd: docker run --rm -v D:\Studia\Projekty\gsp-lab:/work -v D:\Studia\Projekty\RNA_assessment:/rna_assessment -e RNA_ASSESSMENT_ROOT=/rna_assessment -e PYTHONPATH=/rna_assessment mcannotate-runtime python3 /work/src/utils/INF.py /work/data/finished/PZ1/pdb/1_solution_0.pdb /work/data/finished/PZ1/pdb/1_bujnicki_4.pdb
2026-03-10 00:20:53 	 Docker exit code: 0
2026-03-10 00:20:53 	 Docker output length: 333
2026-03-10 00:20:53 	 Saved CSV: PZ1,bujnicki_4,bujnicki,4,fallback_pair,0.7186052063706126,0.6507913734559685,-1,1_solution_0.pdb,1_bujnicki_4.pdb
2026-03-10 00:20:53 	 RUN fallback_pair: model=1_bujnicki_5.pdb against global=1_solution_0.pdb -> id=bujnicki_5
2026-03-10 00:20:53 	 Docker cmd: docker run --rm -v D:\Studia\Projekty\gsp-lab:/work -v D:\Studia\Projekty\RNA_assessment:/rna_assessment -e RNA_ASSESSMENT_ROOT=/rna_assessment -e PYTHONPATH=/rna_assessment mcannotate-runtime python3 /work/src/utils/INF.py /work/data/finished/PZ1/pdb/1_solution_0.pdb /work/data/finished/PZ1/pdb/1_bujnicki_5.pdb
2026-03-10 00:20:56 	 Docker exit code: 0
2026-03-10 00:20:56 	 Docker output length: 331
2026-03-10 00:20:56 	 Saved CSV: PZ1,bujnicki_5,bujnicki,5,fallback_pair,0.7812429066512785,0.7768985960673559,-1,1_solution_0.pdb,1_bujnicki_5.pdb
2026-03-10 00:20:56 	 RUN fallback_pair: model=1_chen_1.pdb against global=1_solution_0.pdb -> id=chen_1
2026-03-10 00:20:56 	 Docker cmd: docker run --rm -v D:\Studia\Projekty\gsp-lab:/work -v D:\Studia\Projekty\RNA_assessment:/rna_assessment -e RNA_ASSESSMENT_ROOT=/rna_assessment -e PYTHONPATH=/rna_assessment mcannotate-runtime python3 /work/src/utils/INF.py /work/data/finished/PZ1/pdb/1_solution_0.pdb /work/data/finished/PZ1/pdb/1_chen_1.pdb
2026-03-10 00:20:59 	 Docker exit code: 0
2026-03-10 00:20:59 	 Docker output length: 326
2026-03-10 00:20:59 	 Saved CSV: PZ1,chen_1,chen,1,fallback_pair,0.8212630929949859,0.872081599272381,-1,1_solution_0.pdb,1_chen_1.pdb
2026-03-10 00:20:59 	 RUN fallback_pair: model=1_das_1.pdb against global=1_solution_0.pdb -> id=das_1
2026-03-10 00:20:59 	 Docker cmd: docker run --rm -v D:\Studia\Projekty\gsp-lab:/work -v D:\Studia\Projekty\RNA_assessment:/rna_assessment -e RNA_ASSESSMENT_ROOT=/rna_assessment -e PYTHONPATH=/rna_assessment mcannotate-runtime python3 /work/src/utils/INF.py /work/data/finished/PZ1/pdb/1_solution_0.pdb /work/data/finished/PZ1/pdb/1_das_1.pdb
2026-03-10 00:21:03 	 Docker exit code: 0
2026-03-10 00:21:03 	 Docker output length: 329
2026-03-10 00:21:03 	 Saved CSV: PZ1,das_1,das,1,fallback_pair,0.9182000516742599,0.9534625892455924,-1,1_solution_0.pdb,1_das_1.pdb
2026-03-10 00:21:03 	 RUN fallback_pair: model=1_das_2.pdb against global=1_solution_0.pdb -> id=das_2
2026-03-10 00:21:03 	 Docker cmd: docker run --rm -v D:\Studia\Projekty\gsp-lab:/work -v D:\Studia\Projekty\RNA_assessment:/rna_assessment -e RNA_ASSESSMENT_ROOT=/rna_assessment -e PYTHONPATH=/rna_assessment mcannotate-runtime python3 /work/src/utils/INF.py /work/data/finished/PZ1/pdb/1_solution_0.pdb /work/data/finished/PZ1/pdb/1_das_2.pdb
2026-03-10 00:21:05 	 Docker exit code: 0
2026-03-10 00:21:05 	 Docker output length: 314
2026-03-10 00:21:05 	 Saved CSV: PZ1,das_2,das,2,fallback_pair,0.8759628907969446,0.9,-1,1_solution_0.pdb,1_das_2.pdb
2026-03-10 00:21:05 	 RUN fallback_pair: model=1_das_3.pdb against global=1_solution_0.pdb -> id=das_3
2026-03-10 00:21:05 	 Docker cmd: docker run --rm -v D:\Studia\Projekty\gsp-lab:/work -v D:\Studia\Projekty\RNA_assessment:/rna_assessment -e RNA_ASSESSMENT_ROOT=/rna_assessment -e PYTHONPATH=/rna_assessment mcannotate-runtime python3 /work/src/utils/INF.py /work/data/finished/PZ1/pdb/1_solution_0.pdb /work/data/finished/PZ1/pdb/1_das_3.pdb
2026-03-10 00:21:08 	 Docker exit code: 0
2026-03-10 00:21:08 	 Docker output length: 327
2026-03-10 00:21:08 	 Saved CSV: PZ1,das_3,das,3,fallback_pair,0.933503385868831,0.9534625892455924,-1,1_solution_0.pdb,1_das_3.pdb
2026-03-10 00:21:08 	 RUN fallback_pair: model=1_das_4.pdb against global=1_solution_0.pdb -> id=das_4
2026-03-10 00:21:08 	 Docker cmd: docker run --rm -v D:\Studia\Projekty\gsp-lab:/work -v D:\Studia\Projekty\RNA_assessment:/rna_assessment -e RNA_ASSESSMENT_ROOT=/rna_assessment -e PYTHONPATH=/rna_assessment mcannotate-runtime python3 /work/src/utils/INF.py /work/data/finished/PZ1/pdb/1_solution_0.pdb /work/data/finished/PZ1/pdb/1_das_4.pdb
2026-03-10 00:21:11 	 Docker exit code: 0
2026-03-10 00:21:11 	 Docker output length: 330
2026-03-10 00:21:11 	 Saved CSV: PZ1,das_4,das,4,fallback_pair,0.9072472797539782,0.9057894597833127,-1,1_solution_0.pdb,1_das_4.pdb
2026-03-10 00:21:11 	 RUN fallback_pair: model=1_das_5.pdb against global=1_solution_0.pdb -> id=das_5
2026-03-10 00:21:11 	 Docker cmd: docker run --rm -v D:\Studia\Projekty\gsp-lab:/work -v D:\Studia\Projekty\RNA_assessment:/rna_assessment -e RNA_ASSESSMENT_ROOT=/rna_assessment -e PYTHONPATH=/rna_assessment mcannotate-runtime python3 /work/src/utils/INF.py /work/data/finished/PZ1/pdb/1_solution_0.pdb /work/data/finished/PZ1/pdb/1_das_5.pdb
2026-03-10 00:21:13 	 Docker exit code: 0
2026-03-10 00:21:13 	 Docker output length: 329
2026-03-10 00:21:13 	 Saved CSV: PZ1,das_5,das,5,fallback_pair,0.8510535243692265,0.8783100656536799,-1,1_solution_0.pdb,1_das_5.pdb
2026-03-10 00:21:13 	 RUN fallback_pair: model=1_dokholyan_1.pdb against global=1_solution_0.pdb -> id=dokholyan_1
2026-03-10 00:21:13 	 Docker cmd: docker run --rm -v D:\Studia\Projekty\gsp-lab:/work -v D:\Studia\Projekty\RNA_assessment:/rna_assessment -e RNA_ASSESSMENT_ROOT=/rna_assessment -e PYTHONPATH=/rna_assessment mcannotate-runtime python3 /work/src/utils/INF.py /work/data/finished/PZ1/pdb/1_solution_0.pdb /work/data/finished/PZ1/pdb/1_dokholyan_1.pdb
2026-03-10 00:21:15 	 Docker exit code: 0
2026-03-10 00:21:15 	 Docker output length: 335
2026-03-10 00:21:15 	 Saved CSV: PZ1,dokholyan_1,dokholyan,1,fallback_pair,0.8114310003052224,0.8581163303210332,-1,1_solution_0.pdb,1_dokholyan_1.pdb
2026-03-10 00:21:15 	 RUN fallback_pair: model=1_major_1.pdb against global=1_solution_0.pdb -> id=major_1
2026-03-10 00:21:15 	 Docker cmd: docker run --rm -v D:\Studia\Projekty\gsp-lab:/work -v D:\Studia\Projekty\RNA_assessment:/rna_assessment -e RNA_ASSESSMENT_ROOT=/rna_assessment -e PYTHONPATH=/rna_assessment mcannotate-runtime python3 /work/src/utils/INF.py /work/data/finished/PZ1/pdb/1_solution_0.pdb /work/data/finished/PZ1/pdb/1_major_1.pdb
2026-03-10 00:21:18 	 Docker exit code: 0
2026-03-10 00:21:18 	 Docker output length: 331
2026-03-10 00:21:18 	 Saved CSV: PZ1,major_1,major,1,fallback_pair,0.8725920363071725,0.9486832980505138,-1,1_solution_0.pdb,1_major_1.pdb
2026-03-10 00:21:18 	 SKIP (model is a solution file): 1_santalucia_1_solution.pdb
2026-03-10 00:21:18 	 SKIP (model is a solution file): 1_solution_0.pdb
2026-03-10 00:21:18 	 DONE case: PZ1
2026-03-10 01:12:35 	 START case: PZ1
2026-03-10 01:12:35 	 caseDir: D:\Studia\Projekty\gsp-lab\data\finished\PZ1
2026-03-10 01:12:35 	 pdbDir: D:\Studia\Projekty\gsp-lab\data\finished\PZ1\pdb
2026-03-10 01:12:35 	 Found pdb count: 16
2026-03-10 01:12:35 	 Global solution: 1_solution_0.pdb
2026-03-10 01:12:35 	 SKIP already recorded (refined): santalucia_1
2026-03-10 01:12:35 	 SKIP already recorded (fallback): bujnicki_1
2026-03-10 01:12:35 	 SKIP already recorded (fallback): bujnicki_2
2026-03-10 01:12:35 	 SKIP already recorded (fallback): bujnicki_3
2026-03-10 01:12:35 	 SKIP already recorded (fallback): bujnicki_4
2026-03-10 01:12:35 	 SKIP already recorded (fallback): bujnicki_5
2026-03-10 01:12:35 	 SKIP already recorded (fallback): chen_1
2026-03-10 01:12:35 	 SKIP already recorded (fallback): das_1
2026-03-10 01:12:35 	 SKIP already recorded (fallback): das_2
2026-03-10 01:12:35 	 SKIP already recorded (fallback): das_3
2026-03-10 01:12:35 	 SKIP already recorded (fallback): das_4
2026-03-10 01:12:35 	 SKIP already recorded (fallback): das_5
2026-03-10 01:12:35 	 SKIP already recorded (fallback): dokholyan_1
2026-03-10 01:12:35 	 SKIP already recorded (fallback): major_1
2026-03-10 01:12:35 	 SKIP (model is a solution file): 1_santalucia_1_solution.pdb
2026-03-10 01:12:35 	 SKIP (model is a solution file): 1_solution_0.pdb
2026-03-10 01:12:35 	 DONE case: PZ1
2026-03-10 01:17:19 	 START case: PZ1
2026-03-10 01:17:19 	 caseDir: D:\Studia\Projekty\gsp-lab\data\finished\PZ1
2026-03-10 01:17:19 	 pdbDir: D:\Studia\Projekty\gsp-lab\data\finished\PZ1\pdb
2026-03-10 01:17:19 	 Found pdb count: 16
2026-03-10 01:17:19 	 Global solution: 1_solution_0.pdb
2026-03-10 01:17:19 	 SKIP already recorded (refined): santalucia_1
2026-03-10 01:17:19 	 SKIP already recorded (fallback): bujnicki_1
2026-03-10 01:17:19 	 SKIP already recorded (fallback): bujnicki_2
2026-03-10 01:17:19 	 SKIP already recorded (fallback): bujnicki_3
2026-03-10 01:17:19 	 SKIP already recorded (fallback): bujnicki_4
2026-03-10 01:17:20 	 SKIP already recorded (fallback): bujnicki_5
2026-03-10 01:17:20 	 SKIP already recorded (fallback): chen_1
2026-03-10 01:17:20 	 SKIP already recorded (fallback): das_1
2026-03-10 01:17:20 	 SKIP already recorded (fallback): das_2
2026-03-10 01:17:20 	 SKIP already recorded (fallback): das_3
2026-03-10 01:17:20 	 SKIP already recorded (fallback): das_4
2026-03-10 01:17:20 	 SKIP already recorded (fallback): das_5
2026-03-10 01:17:20 	 SKIP already recorded (fallback): dokholyan_1
2026-03-10 01:17:20 	 SKIP already recorded (fallback): major_1
2026-03-10 01:17:20 	 SKIP (model is a solution file): 1_santalucia_1_solution.pdb
2026-03-10 01:17:20 	 SKIP (model is a solution file): 1_solution_0.pdb
2026-03-10 01:17:20 	 DONE case: PZ1
2026-03-10 01:21:46 	 START case: PZ1
2026-03-10 01:21:46 	 caseDir: D:\Studia\Projekty\gsp-lab\data\finished\PZ1
2026-03-10 01:21:46 	 pdbDir: D:\Studia\Projekty\gsp-lab\data\finished\PZ1\pdb
2026-03-10 01:21:46 	 Found pdb count: 16
2026-03-10 01:21:46 	 Global solution: 1_solution_0.pdb
2026-03-10 01:21:46 	 SKIP already recorded (refined): santalucia_1
2026-03-10 01:21:46 	 SKIP already recorded (fallback): bujnicki_1
2026-03-10 01:21:46 	 SKIP already recorded (fallback): bujnicki_2
2026-03-10 01:21:46 	 SKIP already recorded (fallback): bujnicki_3
2026-03-10 01:21:46 	 SKIP already recorded (fallback): bujnicki_4
2026-03-10 01:21:46 	 SKIP already recorded (fallback): bujnicki_5
2026-03-10 01:21:46 	 SKIP already recorded (fallback): chen_1
2026-03-10 01:21:46 	 SKIP already recorded (fallback): das_1
2026-03-10 01:21:46 	 SKIP already recorded (fallback): das_2
2026-03-10 01:21:46 	 SKIP already recorded (fallback): das_3
2026-03-10 01:21:46 	 SKIP already recorded (fallback): das_4
2026-03-10 01:21:46 	 SKIP already recorded (fallback): das_5
2026-03-10 01:21:46 	 SKIP already recorded (fallback): dokholyan_1
2026-03-10 01:21:46 	 SKIP already recorded (fallback): major_1
2026-03-10 01:21:46 	 SKIP (model is a solution file): 1_santalucia_1_solution.pdb
2026-03-10 01:21:46 	 SKIP (model is a solution file): 1_solution_0.pdb
2026-03-10 01:21:46 	 DONE case: PZ1
