{
  "native_pdb": "/tmp/rna_inf_kpqq4xyt/1_santalucia_1_solution_normalized.pdb",
  "native_index": null,
  "model_pdb": "/tmp/rna_inf_ugz3bw2g/1_santalucia_1_refined_normalized.pdb",
  "model_index": null,
  "rmsd": 6.537950535348872,
  "inf_all": 0.717149971964479,
  "inf_wc": 0.8,
  "inf_nwc": -1.0,
  "inf_stack": 0.6731912561438572
}
{
  "native_pdb": "/tmp/rna_inf_s3p2q44z/1_solution_0_normalized.pdb",
  "native_index": null,
  "model_pdb": "/tmp/rna_inf_12lgvagy/1_bujnicki_1_normalized.pdb",
  "model_index": null,
  "rmsd": 5.709522687816935,
  "inf_all": 0.8825740252717905,
  "inf_wc": 0.9759000729485332,
  "inf_nwc": -1.0,
  "inf_stack": 0.8381163549234939
}
{
  "native_pdb": "/tmp/rna_inf_y5equmlo/1_solution_0_normalized.pdb",
  "native_index": null,
  "model_pdb": "/tmp/rna_inf_b6gp7ico/1_bujnicki_2_normalized.pdb",
  "model_index": null,
  "rmsd": 6.160136407392196,
  "inf_all": 0.7699341496827993,
  "inf_wc": 0.85,
  "inf_nwc": -1.0,
  "inf_stack": 0.7391491482878365
}
{
  "native_pdb": "/tmp/rna_inf_k4nd06sn/1_solution_0_normalized.pdb",
  "native_index": null,
  "model_pdb": "/tmp/rna_inf_6gtgr3r0/1_bujnicki_3_normalized.pdb",
  "model_index": null,
  "rmsd": 5.30375596602386,
  "inf_all": 0.8099450160114257,
  "inf_wc": 0.9,
  "inf_nwc": -1.0,
  "inf_stack": 0.765490437403432
}
{
  "native_pdb": "/tmp/rna_inf_aygzro3j/1_solution_0_normalized.pdb",
  "native_index": null,
  "model_pdb": "/tmp/rna_inf_kw7ghjw3/1_bujnicki_4_normalized.pdb",
  "model_index": null,
  "rmsd": 4.947564155393807,
  "inf_all": 0.7186052063706126,
  "inf_wc": 0.6507913734559685,
  "inf_nwc": -1.0,
  "inf_stack": 0.750234484920533
}
{
  "native_pdb": "/tmp/rna_inf_mp51e72a/1_solution_0_normalized.pdb",
  "native_index": null,
  "model_pdb": "/tmp/rna_inf_iy_quzbs/1_bujnicki_5_normalized.pdb",
  "model_index": null,
  "rmsd": 5.104553643950059,
  "inf_all": 0.7812429066512785,
  "inf_wc": 0.7768985960673559,
  "inf_nwc": -1.0,
  "inf_stack": 0.7959190572428
}
{
  "native_pdb": "/tmp/rna_inf_po77m29j/1_solution_0_normalized.pdb",
  "native_index": null,
  "model_pdb": "/tmp/rna_inf_cki651vb/1_chen_1_normalized.pdb",
  "model_index": null,
  "rmsd": 4.353024896564293,
  "inf_all": 0.8212630929949859,
  "inf_wc": 0.872081599272381,
  "inf_nwc": -1.0,
  "inf_stack": 0.7959190572428
}
{
  "native_pdb": "/tmp/rna_inf_e358btna/1_solution_0_normalized.pdb",
  "native_index": null,
  "model_pdb": "/tmp/rna_inf_i3331k2_/1_das_1_normalized.pdb",
  "model_index": null,
  "rmsd": 3.974976843765913,
  "inf_all": 0.9182000516742599,
  "inf_wc": 0.9534625892455924,
  "inf_nwc": -1.0,
  "inf_stack": 0.9112113780030293
}
{
  "native_pdb": "/tmp/rna_inf_3l27gvmt/1_solution_0_normalized.pdb",
  "native_index": null,
  "model_pdb": "/tmp/rna_inf_i1pk0uky/1_das_2_normalized.pdb",
  "model_index": null,
  "rmsd": 4.476752693172425,
  "inf_all": 0.8759628907969446,
  "inf_wc": 0.9,
  "inf_nwc": -1.0,
  "inf_stack": 0.8656508091028778
}
{
  "native_pdb": "/tmp/rna_inf_5oluin4h/1_solution_0_normalized.pdb",
  "native_index": null,
  "model_pdb": "/tmp/rna_inf_uv4ancxs/1_das_3_normalized.pdb",
  "model_index": null,
  "rmsd": 3.433048649986794,
  "inf_all": 0.933503385868831,
  "inf_wc": 0.9534625892455924,
  "inf_nwc": -1.0,
  "inf_stack": 0.924211375534118
}
{
  "native_pdb": "/tmp/rna_inf_9vzqbxvr/1_solution_0_normalized.pdb",
  "native_index": null,
  "model_pdb": "/tmp/rna_inf_ko2di8bn/1_das_4_normalized.pdb",
  "model_index": null,
  "rmsd": 3.9198616278155005,
  "inf_all": 0.9072472797539782,
  "inf_wc": 0.9057894597833127,
  "inf_nwc": -1.0,
  "inf_stack": 0.9079593845004517
}
{
  "native_pdb": "/tmp/rna_inf_d0yx_xzy/1_solution_0_normalized.pdb",
  "native_index": null,
  "model_pdb": "/tmp/rna_inf_07a7m0iz/1_das_5_normalized.pdb",
  "model_index": null,
  "rmsd": 4.566948111998335,
  "inf_all": 0.8510535243692265,
  "inf_wc": 0.8783100656536799,
  "inf_nwc": -1.0,
  "inf_stack": 0.8381163549234939
}
{
  "native_pdb": "/tmp/rna_inf_m__sx0dt/1_solution_0_normalized.pdb",
  "native_index": null,
  "model_pdb": "/tmp/rna_inf_nkav1og2/1_dokholyan_1_normalized.pdb",
  "model_index": null,
  "rmsd": 7.247722027620655,
  "inf_all": 0.8114310003052224,
  "inf_wc": 0.8581163303210332,
  "inf_nwc": -1.0,
  "inf_stack": 0.7884045093492034
}
{
  "native_pdb": "/tmp/rna_inf_zli50bm3/1_solution_0_normalized.pdb",
  "native_index": null,
  "model_pdb": "/tmp/rna_inf_6d0u2ze8/1_major_1_normalized.pdb",
  "model_index": null,
  "rmsd": 4.337187611467254,
  "inf_all": 0.8725920363071725,
  "inf_wc": 0.9486832980505138,
  "inf_nwc": -1.0,
  "inf_stack": 0.8472686738391098
}
