2026-03-10 00:21:18 	 START case: PZ10
2026-03-10 00:21:18 	 caseDir: D:\Studia\Projekty\gsp-lab\data\finished\PZ10
2026-03-10 00:21:18 	 pdbDir: D:\Studia\Projekty\gsp-lab\data\finished\PZ10\pdb
2026-03-10 00:21:18 	 Found pdb count: 52
2026-03-10 00:21:18 	 Global solution: 10_Bujnicki_1_solution.pdb
2026-03-10 00:21:18 	 RUN refined_pair target=10_Bujnicki_1_solution.pdb model=10_Bujnicki_1_refined.pdb -> id=Bujnicki_1
2026-03-10 00:21:18 	 Docker cmd: docker run --rm -v D:\Studia\Projekty\gsp-lab:/work -v D:\Studia\Projekty\RNA_assessment:/rna_assessment -e RNA_ASSESSMENT_ROOT=/rna_assessment -e PYTHONPATH=/rna_assessment mcannotate-runtime python3 /work/src/utils/INF.py /work/data/finished/PZ10/pdb/10_Bujnicki_1_solution.pdb /work/data/finished/PZ10/pdb/10_Bujnicki_1_refined.pdb
2026-03-10 00:21:22 	 Docker exit code: 0
2026-03-10 00:21:22 	 Docker output length: 367
2026-03-10 00:21:22 	 Saved CSV: PZ10,Bujnicki_1,Bujnicki,1,refined_pair,0.8425150953030567,0.9167630803291249,0.6761234037828132,10_Bujnicki_1_solution.pdb,10_Bujnicki_1_refined.pdb
2026-03-10 00:21:22 	 RUN refined_pair target=10_Bujnicki_10_solution.pdb model=10_Bujnicki_10_refined.pdb -> id=Bujnicki_10
2026-03-10 00:21:22 	 Docker cmd: docker run --rm -v D:\Studia\Projekty\gsp-lab:/work -v D:\Studia\Projekty\RNA_assessment:/rna_assessment -e RNA_ASSESSMENT_ROOT=/rna_assessment -e PYTHONPATH=/rna_assessment mcannotate-runtime python3 /work/src/utils/INF.py /work/data/finished/PZ10/pdb/10_Bujnicki_10_solution.pdb /work/data/finished/PZ10/pdb/10_Bujnicki_10_refined.pdb
2026-03-10 00:21:25 	 Docker exit code: 0
2026-03-10 00:21:25 	 Docker output length: 370
2026-03-10 00:21:25 	 Saved CSV: PZ10,Bujnicki_10,Bujnicki,10,refined_pair,0.8170494022151804,0.9090909090909091,0.6929348671835832,10_Bujnicki_10_solution.pdb,10_Bujnicki_10_refined.pdb
2026-03-10 00:21:25 	 RUN refined_pair target=10_Bujnicki_2_solution.pdb model=10_Bujnicki_2_refined.pdb -> id=Bujnicki_2
2026-03-10 00:21:25 	 Docker cmd: docker run --rm -v D:\Studia\Projekty\gsp-lab:/work -v D:\Studia\Projekty\RNA_assessment:/rna_assessment -e RNA_ASSESSMENT_ROOT=/rna_assessment -e PYTHONPATH=/rna_assessment mcannotate-runtime python3 /work/src/utils/INF.py /work/data/finished/PZ10/pdb/10_Bujnicki_2_solution.pdb /work/data/finished/PZ10/pdb/10_Bujnicki_2_refined.pdb
2026-03-10 00:21:29 	 Docker exit code: 0
2026-03-10 00:21:29 	 Docker output length: 367
2026-03-10 00:21:29 	 Saved CSV: PZ10,Bujnicki_2,Bujnicki,2,refined_pair,0.8196856415646934,0.9015889691237621,0.667124384994991,10_Bujnicki_2_solution.pdb,10_Bujnicki_2_refined.pdb
2026-03-10 00:21:29 	 RUN refined_pair target=10_Bujnicki_3_solution.pdb model=10_Bujnicki_3_refined.pdb -> id=Bujnicki_3
2026-03-10 00:21:29 	 Docker cmd: docker run --rm -v D:\Studia\Projekty\gsp-lab:/work -v D:\Studia\Projekty\RNA_assessment:/rna_assessment -e RNA_ASSESSMENT_ROOT=/rna_assessment -e PYTHONPATH=/rna_assessment mcannotate-runtime python3 /work/src/utils/INF.py /work/data/finished/PZ10/pdb/10_Bujnicki_3_solution.pdb /work/data/finished/PZ10/pdb/10_Bujnicki_3_refined.pdb
2026-03-10 00:21:32 	 Docker exit code: 0
2026-03-10 00:21:32 	 Docker output length: 368
2026-03-10 00:21:32 	 Saved CSV: PZ10,Bujnicki_3,Bujnicki,3,refined_pair,0.8231958467137355,0.9139076937674137,0.5640760748177662,10_Bujnicki_3_solution.pdb,10_Bujnicki_3_refined.pdb
2026-03-10 00:21:32 	 RUN refined_pair target=10_Bujnicki_4_solution.pdb model=10_Bujnicki_4_refined.pdb -> id=Bujnicki_4
2026-03-10 00:21:32 	 Docker cmd: docker run --rm -v D:\Studia\Projekty\gsp-lab:/work -v D:\Studia\Projekty\RNA_assessment:/rna_assessment -e RNA_ASSESSMENT_ROOT=/rna_assessment -e PYTHONPATH=/rna_assessment mcannotate-runtime python3 /work/src/utils/INF.py /work/data/finished/PZ10/pdb/10_Bujnicki_4_solution.pdb /work/data/finished/PZ10/pdb/10_Bujnicki_4_refined.pdb
2026-03-10 00:21:35 	 Docker exit code: 0
2026-03-10 00:21:35 	 Docker output length: 368
2026-03-10 00:21:35 	 Saved CSV: PZ10,Bujnicki_4,Bujnicki,4,refined_pair,0.7493694900518852,0.8740993002953723,0.40291148201269017,10_Bujnicki_4_solution.pdb,10_Bujnicki_4_refined.pdb
2026-03-10 00:21:35 	 RUN refined_pair target=10_Bujnicki_5_solution.pdb model=10_Bujnicki_5_refined.pdb -> id=Bujnicki_5
2026-03-10 00:21:35 	 Docker cmd: docker run --rm -v D:\Studia\Projekty\gsp-lab:/work -v D:\Studia\Projekty\RNA_assessment:/rna_assessment -e RNA_ASSESSMENT_ROOT=/rna_assessment -e PYTHONPATH=/rna_assessment mcannotate-runtime python3 /work/src/utils/INF.py /work/data/finished/PZ10/pdb/10_Bujnicki_5_solution.pdb /work/data/finished/PZ10/pdb/10_Bujnicki_5_refined.pdb
2026-03-10 00:21:38 	 Docker exit code: 0
2026-03-10 00:21:38 	 Docker output length: 368
2026-03-10 00:21:38 	 Saved CSV: PZ10,Bujnicki_5,Bujnicki,5,refined_pair,0.8188287291853963,0.8655106783875356,0.5640760748177662,10_Bujnicki_5_solution.pdb,10_Bujnicki_5_refined.pdb
2026-03-10 00:21:38 	 RUN refined_pair target=10_Bujnicki_6_solution.pdb model=10_Bujnicki_6_refined.pdb -> id=Bujnicki_6
2026-03-10 00:21:38 	 Docker cmd: docker run --rm -v D:\Studia\Projekty\gsp-lab:/work -v D:\Studia\Projekty\RNA_assessment:/rna_assessment -e RNA_ASSESSMENT_ROOT=/rna_assessment -e PYTHONPATH=/rna_assessment mcannotate-runtime python3 /work/src/utils/INF.py /work/data/finished/PZ10/pdb/10_Bujnicki_6_solution.pdb /work/data/finished/PZ10/pdb/10_Bujnicki_6_refined.pdb
2026-03-10 00:21:42 	 Docker exit code: 0
2026-03-10 00:21:42 	 Docker output length: 364
2026-03-10 00:21:42 	 Saved CSV: PZ10,Bujnicki_6,Bujnicki,6,refined_pair,0.811502269709079,0.861460984507896,0.50709255283711,10_Bujnicki_6_solution.pdb,10_Bujnicki_6_refined.pdb
2026-03-10 00:21:42 	 RUN refined_pair target=10_Bujnicki_7_solution.pdb model=10_Bujnicki_7_refined.pdb -> id=Bujnicki_7
2026-03-10 00:21:42 	 Docker cmd: docker run --rm -v D:\Studia\Projekty\gsp-lab:/work -v D:\Studia\Projekty\RNA_assessment:/rna_assessment -e RNA_ASSESSMENT_ROOT=/rna_assessment -e PYTHONPATH=/rna_assessment mcannotate-runtime python3 /work/src/utils/INF.py /work/data/finished/PZ10/pdb/10_Bujnicki_7_solution.pdb /work/data/finished/PZ10/pdb/10_Bujnicki_7_refined.pdb
2026-03-10 00:21:45 	 Docker exit code: 0
2026-03-10 00:21:45 	 Docker output length: 368
2026-03-10 00:21:45 	 Saved CSV: PZ10,Bujnicki_7,Bujnicki,7,refined_pair,0.7992853365899456,0.8829975091205935,0.5400617248673217,10_Bujnicki_7_solution.pdb,10_Bujnicki_7_refined.pdb
2026-03-10 00:21:45 	 RUN refined_pair target=10_Bujnicki_8_solution.pdb model=10_Bujnicki_8_refined.pdb -> id=Bujnicki_8
2026-03-10 00:21:45 	 Docker cmd: docker run --rm -v D:\Studia\Projekty\gsp-lab:/work -v D:\Studia\Projekty\RNA_assessment:/rna_assessment -e RNA_ASSESSMENT_ROOT=/rna_assessment -e PYTHONPATH=/rna_assessment mcannotate-runtime python3 /work/src/utils/INF.py /work/data/finished/PZ10/pdb/10_Bujnicki_8_solution.pdb /work/data/finished/PZ10/pdb/10_Bujnicki_8_refined.pdb
2026-03-10 00:21:48 	 Docker exit code: 0
2026-03-10 00:21:48 	 Docker output length: 367
2026-03-10 00:21:48 	 Saved CSV: PZ10,Bujnicki_8,Bujnicki,8,refined_pair,0.8274111675126904,0.8954430086935639,0.6428571428571429,10_Bujnicki_8_solution.pdb,10_Bujnicki_8_refined.pdb
2026-03-10 00:21:48 	 RUN refined_pair target=10_Bujnicki_9_solution.pdb model=10_Bujnicki_9_refined.pdb -> id=Bujnicki_9
2026-03-10 00:21:48 	 Docker cmd: docker run --rm -v D:\Studia\Projekty\gsp-lab:/work -v D:\Studia\Projekty\RNA_assessment:/rna_assessment -e RNA_ASSESSMENT_ROOT=/rna_assessment -e PYTHONPATH=/rna_assessment mcannotate-runtime python3 /work/src/utils/INF.py /work/data/finished/PZ10/pdb/10_Bujnicki_9_solution.pdb /work/data/finished/PZ10/pdb/10_Bujnicki_9_refined.pdb
2026-03-10 00:21:51 	 Docker exit code: 0
2026-03-10 00:21:51 	 Docker output length: 367
2026-03-10 00:21:51 	 Saved CSV: PZ10,Bujnicki_9,Bujnicki,9,refined_pair,0.8158073517478158,0.8829975091205935,0.6900655593423543,10_Bujnicki_9_solution.pdb,10_Bujnicki_9_refined.pdb
2026-03-10 00:21:51 	 RUN refined_pair target=10_Chen_1_solution.pdb model=10_Chen_1_refined.pdb -> id=Chen_1
2026-03-10 00:21:51 	 Docker cmd: docker run --rm -v D:\Studia\Projekty\gsp-lab:/work -v D:\Studia\Projekty\RNA_assessment:/rna_assessment -e RNA_ASSESSMENT_ROOT=/rna_assessment -e PYTHONPATH=/rna_assessment mcannotate-runtime python3 /work/src/utils/INF.py /work/data/finished/PZ10/pdb/10_Chen_1_solution.pdb /work/data/finished/PZ10/pdb/10_Chen_1_refined.pdb
2026-03-10 00:21:55 	 Docker exit code: 0
2026-03-10 00:21:55 	 Docker output length: 361
2026-03-10 00:21:55 	 Saved CSV: PZ10,Chen_1,Chen,1,refined_pair,0.7339201539762369,0.8374357893586238,0.48304589153964794,10_Chen_1_solution.pdb,10_Chen_1_refined.pdb
2026-03-10 00:21:55 	 RUN refined_pair target=10_Das_1_solution.pdb model=10_Das_1_refined.pdb -> id=Das_1
2026-03-10 00:21:55 	 Docker cmd: docker run --rm -v D:\Studia\Projekty\gsp-lab:/work -v D:\Studia\Projekty\RNA_assessment:/rna_assessment -e RNA_ASSESSMENT_ROOT=/rna_assessment -e PYTHONPATH=/rna_assessment mcannotate-runtime python3 /work/src/utils/INF.py /work/data/finished/PZ10/pdb/10_Das_1_solution.pdb /work/data/finished/PZ10/pdb/10_Das_1_refined.pdb
2026-03-10 00:21:58 	 Docker exit code: 0
2026-03-10 00:21:58 	 Docker output length: 357
2026-03-10 00:21:58 	 Saved CSV: PZ10,Das_1,Das,1,refined_pair,0.8240111894966962,0.9198662110077999,0.6998542122237651,10_Das_1_solution.pdb,10_Das_1_refined.pdb
2026-03-10 00:21:58 	 RUN refined_pair target=10_Das_2_solution.pdb model=10_Das_2_refined.pdb -> id=Das_2
2026-03-10 00:21:58 	 Docker cmd: docker run --rm -v D:\Studia\Projekty\gsp-lab:/work -v D:\Studia\Projekty\RNA_assessment:/rna_assessment -e RNA_ASSESSMENT_ROOT=/rna_assessment -e PYTHONPATH=/rna_assessment mcannotate-runtime python3 /work/src/utils/INF.py /work/data/finished/PZ10/pdb/10_Das_2_solution.pdb /work/data/finished/PZ10/pdb/10_Das_2_refined.pdb
2026-03-10 00:22:01 	 Docker exit code: 0
2026-03-10 00:22:01 	 Docker output length: 356
2026-03-10 00:22:01 	 Saved CSV: PZ10,Das_2,Das,2,refined_pair,0.8298795492181679,0.928840728025648,0.7778444682625972,10_Das_2_solution.pdb,10_Das_2_refined.pdb
2026-03-10 00:22:01 	 RUN refined_pair target=10_Das_3_solution.pdb model=10_Das_3_refined.pdb -> id=Das_3
2026-03-10 00:22:01 	 Docker cmd: docker run --rm -v D:\Studia\Projekty\gsp-lab:/work -v D:\Studia\Projekty\RNA_assessment:/rna_assessment -e RNA_ASSESSMENT_ROOT=/rna_assessment -e PYTHONPATH=/rna_assessment mcannotate-runtime python3 /work/src/utils/INF.py /work/data/finished/PZ10/pdb/10_Das_3_solution.pdb /work/data/finished/PZ10/pdb/10_Das_3_refined.pdb
2026-03-10 00:22:04 	 Docker exit code: 0
2026-03-10 00:22:04 	 Docker output length: 356
2026-03-10 00:22:04 	 Saved CSV: PZ10,Das_3,Das,3,refined_pair,0.813302137611923,0.9455689188371164,0.6998542122237651,10_Das_3_solution.pdb,10_Das_3_refined.pdb
2026-03-10 00:22:04 	 RUN refined_pair target=10_Das_4_solution.pdb model=10_Das_4_refined.pdb -> id=Das_4
2026-03-10 00:22:04 	 Docker cmd: docker run --rm -v D:\Studia\Projekty\gsp-lab:/work -v D:\Studia\Projekty\RNA_assessment:/rna_assessment -e RNA_ASSESSMENT_ROOT=/rna_assessment -e PYTHONPATH=/rna_assessment mcannotate-runtime python3 /work/src/utils/INF.py /work/data/finished/PZ10/pdb/10_Das_4_solution.pdb /work/data/finished/PZ10/pdb/10_Das_4_refined.pdb
2026-03-10 00:22:07 	 Docker exit code: 0
2026-03-10 00:22:07 	 Docker output length: 355
2026-03-10 00:22:07 	 Saved CSV: PZ10,Das_4,Das,4,refined_pair,0.8270086825060678,0.9476070829586857,0.6837634587578276,10_Das_4_solution.pdb,10_Das_4_refined.pdb
2026-03-10 00:22:07 	 RUN refined_pair target=10_Das_5_solution.pdb model=10_Das_5_refined.pdb -> id=Das_5
2026-03-10 00:22:07 	 Docker cmd: docker run --rm -v D:\Studia\Projekty\gsp-lab:/work -v D:\Studia\Projekty\RNA_assessment:/rna_assessment -e RNA_ASSESSMENT_ROOT=/rna_assessment -e PYTHONPATH=/rna_assessment mcannotate-runtime python3 /work/src/utils/INF.py /work/data/finished/PZ10/pdb/10_Das_5_solution.pdb /work/data/finished/PZ10/pdb/10_Das_5_refined.pdb
2026-03-10 00:22:10 	 Docker exit code: 0
2026-03-10 00:22:10 	 Docker output length: 358
2026-03-10 00:22:10 	 Saved CSV: PZ10,Das_5,Das,5,refined_pair,0.8473202430942797,0.9476070829586857,0.7778444682625972,10_Das_5_solution.pdb,10_Das_5_refined.pdb
2026-03-10 00:22:10 	 RUN refined_pair target=10_Dokholyan_1_solution.pdb model=10_Dokholyan_1_refined.pdb -> id=Dokholyan_1
2026-03-10 00:22:10 	 Docker cmd: docker run --rm -v D:\Studia\Projekty\gsp-lab:/work -v D:\Studia\Projekty\RNA_assessment:/rna_assessment -e RNA_ASSESSMENT_ROOT=/rna_assessment -e PYTHONPATH=/rna_assessment mcannotate-runtime python3 /work/src/utils/INF.py /work/data/finished/PZ10/pdb/10_Dokholyan_1_solution.pdb /work/data/finished/PZ10/pdb/10_Dokholyan_1_refined.pdb
2026-03-10 00:22:12 	 Docker exit code: 0
2026-03-10 00:22:12 	 Docker output length: 368
2026-03-10 00:22:12 	 Saved CSV: PZ10,Dokholyan_1,Dokholyan,1,refined_pair,0.692446792898616,0.8576090194104078,0.10101525445522107,10_Dokholyan_1_solution.pdb,10_Dokholyan_1_refined.pdb
2026-03-10 00:22:12 	 RUN refined_pair target=10_Dokholyan_10_solution.pdb model=10_Dokholyan_10_refined.pdb -> id=Dokholyan_10
2026-03-10 00:22:12 	 Docker cmd: docker run --rm -v D:\Studia\Projekty\gsp-lab:/work -v D:\Studia\Projekty\RNA_assessment:/rna_assessment -e RNA_ASSESSMENT_ROOT=/rna_assessment -e PYTHONPATH=/rna_assessment mcannotate-runtime python3 /work/src/utils/INF.py /work/data/finished/PZ10/pdb/10_Dokholyan_10_solution.pdb /work/data/finished/PZ10/pdb/10_Dokholyan_10_refined.pdb
2026-03-10 00:22:14 	 Docker exit code: 0
2026-03-10 00:22:14 	 Docker output length: 357
2026-03-10 00:22:15 	 Saved CSV: PZ10,Dokholyan_10,Dokholyan,10,refined_pair,0.6827842290508007,0.8921479867729514,0,10_Dokholyan_10_solution.pdb,10_Dokholyan_10_refined.pdb
2026-03-10 00:22:15 	 RUN refined_pair target=10_Dokholyan_2_solution.pdb model=10_Dokholyan_2_refined.pdb -> id=Dokholyan_2
2026-03-10 00:22:15 	 Docker cmd: docker run --rm -v D:\Studia\Projekty\gsp-lab:/work -v D:\Studia\Projekty\RNA_assessment:/rna_assessment -e RNA_ASSESSMENT_ROOT=/rna_assessment -e PYTHONPATH=/rna_assessment mcannotate-runtime python3 /work/src/utils/INF.py /work/data/finished/PZ10/pdb/10_Dokholyan_2_solution.pdb /work/data/finished/PZ10/pdb/10_Dokholyan_2_refined.pdb
2026-03-10 00:22:17 	 Docker exit code: 0
2026-03-10 00:22:17 	 Docker output length: 370
2026-03-10 00:22:17 	 Saved CSV: PZ10,Dokholyan_2,Dokholyan,2,refined_pair,0.6756179168733932,0.848628572784027,0.11952286093343936,10_Dokholyan_2_solution.pdb,10_Dokholyan_2_refined.pdb
2026-03-10 00:22:17 	 RUN refined_pair target=10_Dokholyan_3_solution.pdb model=10_Dokholyan_3_refined.pdb -> id=Dokholyan_3
2026-03-10 00:22:17 	 Docker cmd: docker run --rm -v D:\Studia\Projekty\gsp-lab:/work -v D:\Studia\Projekty\RNA_assessment:/rna_assessment -e RNA_ASSESSMENT_ROOT=/rna_assessment -e PYTHONPATH=/rna_assessment mcannotate-runtime python3 /work/src/utils/INF.py /work/data/finished/PZ10/pdb/10_Dokholyan_3_solution.pdb /work/data/finished/PZ10/pdb/10_Dokholyan_3_refined.pdb
2026-03-10 00:22:21 	 Docker exit code: 0
2026-03-10 00:22:21 	 Docker output length: 371
2026-03-10 00:22:21 	 Saved CSV: PZ10,Dokholyan_3,Dokholyan,3,refined_pair,0.7155275644106746,0.8795989942670849,0.10101525445522107,10_Dokholyan_3_solution.pdb,10_Dokholyan_3_refined.pdb
2026-03-10 00:22:21 	 RUN refined_pair target=10_Dokholyan_4_solution.pdb model=10_Dokholyan_4_refined.pdb -> id=Dokholyan_4
2026-03-10 00:22:21 	 Docker cmd: docker run --rm -v D:\Studia\Projekty\gsp-lab:/work -v D:\Studia\Projekty\RNA_assessment:/rna_assessment -e RNA_ASSESSMENT_ROOT=/rna_assessment -e PYTHONPATH=/rna_assessment mcannotate-runtime python3 /work/src/utils/INF.py /work/data/finished/PZ10/pdb/10_Dokholyan_4_solution.pdb /work/data/finished/PZ10/pdb/10_Dokholyan_4_refined.pdb
2026-03-10 00:22:24 	 Docker exit code: 0
2026-03-10 00:22:24 	 Docker output length: 370
2026-03-10 00:22:24 	 Saved CSV: PZ10,Dokholyan_4,Dokholyan,4,refined_pair,0.6970833825808932,0.8703882797784892,0.1543033499620919,10_Dokholyan_4_solution.pdb,10_Dokholyan_4_refined.pdb
2026-03-10 00:22:24 	 RUN refined_pair target=10_Dokholyan_5_solution.pdb model=10_Dokholyan_5_refined.pdb -> id=Dokholyan_5
2026-03-10 00:22:24 	 Docker cmd: docker run --rm -v D:\Studia\Projekty\gsp-lab:/work -v D:\Studia\Projekty\RNA_assessment:/rna_assessment -e RNA_ASSESSMENT_ROOT=/rna_assessment -e PYTHONPATH=/rna_assessment mcannotate-runtime python3 /work/src/utils/INF.py /work/data/finished/PZ10/pdb/10_Dokholyan_5_solution.pdb /work/data/finished/PZ10/pdb/10_Dokholyan_5_refined.pdb
2026-03-10 00:22:26 	 Docker exit code: 0
2026-03-10 00:22:26 	 Docker output length: 355
2026-03-10 00:22:26 	 Saved CSV: PZ10,Dokholyan_5,Dokholyan,5,refined_pair,0.6315928826925974,0.8399244598951987,0,10_Dokholyan_5_solution.pdb,10_Dokholyan_5_refined.pdb
2026-03-10 00:22:26 	 RUN refined_pair target=10_Dokholyan_6_solution.pdb model=10_Dokholyan_6_refined.pdb -> id=Dokholyan_6
2026-03-10 00:22:26 	 Docker cmd: docker run --rm -v D:\Studia\Projekty\gsp-lab:/work -v D:\Studia\Projekty\RNA_assessment:/rna_assessment -e RNA_ASSESSMENT_ROOT=/rna_assessment -e PYTHONPATH=/rna_assessment mcannotate-runtime python3 /work/src/utils/INF.py /work/data/finished/PZ10/pdb/10_Dokholyan_6_solution.pdb /work/data/finished/PZ10/pdb/10_Dokholyan_6_refined.pdb
2026-03-10 00:22:29 	 Docker exit code: 0
2026-03-10 00:22:29 	 Docker output length: 370
2026-03-10 00:22:29 	 Saved CSV: PZ10,Dokholyan_6,Dokholyan,6,refined_pair,0.6676377433908712,0.8954430086935639,0.1336306209562122,10_Dokholyan_6_solution.pdb,10_Dokholyan_6_refined.pdb
2026-03-10 00:22:29 	 RUN refined_pair target=10_Dokholyan_7_solution.pdb model=10_Dokholyan_7_refined.pdb -> id=Dokholyan_7
2026-03-10 00:22:29 	 Docker cmd: docker run --rm -v D:\Studia\Projekty\gsp-lab:/work -v D:\Studia\Projekty\RNA_assessment:/rna_assessment -e RNA_ASSESSMENT_ROOT=/rna_assessment -e PYTHONPATH=/rna_assessment mcannotate-runtime python3 /work/src/utils/INF.py /work/data/finished/PZ10/pdb/10_Dokholyan_7_solution.pdb /work/data/finished/PZ10/pdb/10_Dokholyan_7_refined.pdb
2026-03-10 00:22:32 	 Docker exit code: 0
2026-03-10 00:22:32 	 Docker output length: 371
2026-03-10 00:22:32 	 Saved CSV: PZ10,Dokholyan_7,Dokholyan,7,refined_pair,0.6720094081975726,0.8268688657895648,0.20203050891044214,10_Dokholyan_7_solution.pdb,10_Dokholyan_7_refined.pdb
2026-03-10 00:22:32 	 RUN refined_pair target=10_Dokholyan_8_solution.pdb model=10_Dokholyan_8_refined.pdb -> id=Dokholyan_8
2026-03-10 00:22:32 	 Docker cmd: docker run --rm -v D:\Studia\Projekty\gsp-lab:/work -v D:\Studia\Projekty\RNA_assessment:/rna_assessment -e RNA_ASSESSMENT_ROOT=/rna_assessment -e PYTHONPATH=/rna_assessment mcannotate-runtime python3 /work/src/utils/INF.py /work/data/finished/PZ10/pdb/10_Dokholyan_8_solution.pdb /work/data/finished/PZ10/pdb/10_Dokholyan_8_refined.pdb
2026-03-10 00:22:35 	 Docker exit code: 0
2026-03-10 00:22:35 	 Docker output length: 369
2026-03-10 00:22:35 	 Saved CSV: PZ10,Dokholyan_8,Dokholyan,8,refined_pair,0.6720094081975726,0.848628572784027,0.1336306209562122,10_Dokholyan_8_solution.pdb,10_Dokholyan_8_refined.pdb
2026-03-10 00:22:35 	 RUN refined_pair target=10_Dokholyan_9_solution.pdb model=10_Dokholyan_9_refined.pdb -> id=Dokholyan_9
2026-03-10 00:22:35 	 Docker cmd: docker run --rm -v D:\Studia\Projekty\gsp-lab:/work -v D:\Studia\Projekty\RNA_assessment:/rna_assessment -e RNA_ASSESSMENT_ROOT=/rna_assessment -e PYTHONPATH=/rna_assessment mcannotate-runtime python3 /work/src/utils/INF.py /work/data/finished/PZ10/pdb/10_Dokholyan_9_solution.pdb /work/data/finished/PZ10/pdb/10_Dokholyan_9_refined.pdb
2026-03-10 00:22:38 	 Docker exit code: 0
2026-03-10 00:22:38 	 Docker output length: 355
2026-03-10 00:22:38 	 Saved CSV: PZ10,Dokholyan_9,Dokholyan,9,refined_pair,0.6613355168075141,0.8101627221513197,0,10_Dokholyan_9_solution.pdb,10_Dokholyan_9_refined.pdb
2026-03-10 00:22:38 	 SKIP (model is a solution file): 10_Bujnicki_1_solution.pdb
2026-03-10 00:22:38 	 SKIP (model is a solution file): 10_Bujnicki_10_solution.pdb
2026-03-10 00:22:38 	 SKIP (model is a solution file): 10_Bujnicki_2_solution.pdb
2026-03-10 00:22:38 	 SKIP (model is a solution file): 10_Bujnicki_3_solution.pdb
2026-03-10 00:22:38 	 SKIP (model is a solution file): 10_Bujnicki_4_solution.pdb
2026-03-10 00:22:38 	 SKIP (model is a solution file): 10_Bujnicki_5_solution.pdb
2026-03-10 00:22:38 	 SKIP (model is a solution file): 10_Bujnicki_6_solution.pdb
2026-03-10 00:22:38 	 SKIP (model is a solution file): 10_Bujnicki_7_solution.pdb
2026-03-10 00:22:38 	 SKIP (model is a solution file): 10_Bujnicki_8_solution.pdb
2026-03-10 00:22:38 	 SKIP (model is a solution file): 10_Bujnicki_9_solution.pdb
2026-03-10 00:22:39 	 SKIP (model is a solution file): 10_Chen_1_solution.pdb
2026-03-10 00:22:39 	 SKIP (model is a solution file): 10_Das_1_solution.pdb
2026-03-10 00:22:39 	 SKIP (model is a solution file): 10_Das_2_solution.pdb
2026-03-10 00:22:39 	 SKIP (model is a solution file): 10_Das_3_solution.pdb
2026-03-10 00:22:39 	 SKIP (model is a solution file): 10_Das_4_solution.pdb
2026-03-10 00:22:39 	 SKIP (model is a solution file): 10_Das_5_solution.pdb
2026-03-10 00:22:39 	 SKIP (model is a solution file): 10_Dokholyan_1_solution.pdb
2026-03-10 00:22:39 	 SKIP (model is a solution file): 10_Dokholyan_10_solution.pdb
2026-03-10 00:22:39 	 SKIP (model is a solution file): 10_Dokholyan_2_solution.pdb
2026-03-10 00:22:39 	 SKIP (model is a solution file): 10_Dokholyan_3_solution.pdb
2026-03-10 00:22:39 	 SKIP (model is a solution file): 10_Dokholyan_4_solution.pdb
2026-03-10 00:22:39 	 SKIP (model is a solution file): 10_Dokholyan_5_solution.pdb
2026-03-10 00:22:39 	 SKIP (model is a solution file): 10_Dokholyan_6_solution.pdb
2026-03-10 00:22:39 	 SKIP (model is a solution file): 10_Dokholyan_7_solution.pdb
2026-03-10 00:22:39 	 SKIP (model is a solution file): 10_Dokholyan_8_solution.pdb
2026-03-10 00:22:39 	 SKIP (model is a solution file): 10_Dokholyan_9_solution.pdb
2026-03-10 00:22:39 	 DONE case: PZ10
2026-03-10 01:12:35 	 START case: PZ10
2026-03-10 01:12:35 	 caseDir: D:\Studia\Projekty\gsp-lab\data\finished\PZ10
2026-03-10 01:12:36 	 pdbDir: D:\Studia\Projekty\gsp-lab\data\finished\PZ10\pdb
2026-03-10 01:12:36 	 Found pdb count: 52
2026-03-10 01:12:36 	 Global solution: 10_Bujnicki_1_solution.pdb
2026-03-10 01:12:36 	 SKIP already recorded (refined): Bujnicki_1
2026-03-10 01:12:36 	 SKIP already recorded (refined): Bujnicki_10
2026-03-10 01:12:36 	 SKIP already recorded (refined): Bujnicki_2
2026-03-10 01:12:36 	 SKIP already recorded (refined): Bujnicki_3
2026-03-10 01:12:36 	 SKIP already recorded (refined): Bujnicki_4
2026-03-10 01:12:36 	 SKIP already recorded (refined): Bujnicki_5
2026-03-10 01:12:36 	 SKIP already recorded (refined): Bujnicki_6
2026-03-10 01:12:36 	 SKIP already recorded (refined): Bujnicki_7
2026-03-10 01:12:36 	 SKIP already recorded (refined): Bujnicki_8
2026-03-10 01:12:36 	 SKIP already recorded (refined): Bujnicki_9
2026-03-10 01:12:36 	 SKIP already recorded (refined): Chen_1
2026-03-10 01:12:36 	 SKIP already recorded (refined): Das_1
2026-03-10 01:12:36 	 SKIP already recorded (refined): Das_2
2026-03-10 01:12:36 	 SKIP already recorded (refined): Das_3
2026-03-10 01:12:36 	 SKIP already recorded (refined): Das_4
2026-03-10 01:12:36 	 SKIP already recorded (refined): Das_5
2026-03-10 01:12:36 	 SKIP already recorded (refined): Dokholyan_1
2026-03-10 01:12:36 	 SKIP already recorded (refined): Dokholyan_10
2026-03-10 01:12:36 	 SKIP already recorded (refined): Dokholyan_2
2026-03-10 01:12:36 	 SKIP already recorded (refined): Dokholyan_3
2026-03-10 01:12:36 	 SKIP already recorded (refined): Dokholyan_4
2026-03-10 01:12:36 	 SKIP already recorded (refined): Dokholyan_5
2026-03-10 01:12:36 	 SKIP already recorded (refined): Dokholyan_6
2026-03-10 01:12:36 	 SKIP already recorded (refined): Dokholyan_7
2026-03-10 01:12:36 	 SKIP already recorded (refined): Dokholyan_8
2026-03-10 01:12:36 	 SKIP already recorded (refined): Dokholyan_9
2026-03-10 01:12:36 	 SKIP (model is a solution file): 10_Bujnicki_1_solution.pdb
2026-03-10 01:12:36 	 SKIP (model is a solution file): 10_Bujnicki_10_solution.pdb
2026-03-10 01:12:36 	 SKIP (model is a solution file): 10_Bujnicki_2_solution.pdb
2026-03-10 01:12:36 	 SKIP (model is a solution file): 10_Bujnicki_3_solution.pdb
2026-03-10 01:12:36 	 SKIP (model is a solution file): 10_Bujnicki_4_solution.pdb
2026-03-10 01:12:36 	 SKIP (model is a solution file): 10_Bujnicki_5_solution.pdb
2026-03-10 01:12:36 	 SKIP (model is a solution file): 10_Bujnicki_6_solution.pdb
2026-03-10 01:12:36 	 SKIP (model is a solution file): 10_Bujnicki_7_solution.pdb
2026-03-10 01:12:36 	 SKIP (model is a solution file): 10_Bujnicki_8_solution.pdb
2026-03-10 01:12:36 	 SKIP (model is a solution file): 10_Bujnicki_9_solution.pdb
2026-03-10 01:12:36 	 SKIP (model is a solution file): 10_Chen_1_solution.pdb
2026-03-10 01:12:36 	 SKIP (model is a solution file): 10_Das_1_solution.pdb
2026-03-10 01:12:36 	 SKIP (model is a solution file): 10_Das_2_solution.pdb
2026-03-10 01:12:36 	 SKIP (model is a solution file): 10_Das_3_solution.pdb
2026-03-10 01:12:36 	 SKIP (model is a solution file): 10_Das_4_solution.pdb
2026-03-10 01:12:36 	 SKIP (model is a solution file): 10_Das_5_solution.pdb
2026-03-10 01:12:36 	 SKIP (model is a solution file): 10_Dokholyan_1_solution.pdb
2026-03-10 01:12:36 	 SKIP (model is a solution file): 10_Dokholyan_10_solution.pdb
2026-03-10 01:12:36 	 SKIP (model is a solution file): 10_Dokholyan_2_solution.pdb
2026-03-10 01:12:36 	 SKIP (model is a solution file): 10_Dokholyan_3_solution.pdb
2026-03-10 01:12:36 	 SKIP (model is a solution file): 10_Dokholyan_4_solution.pdb
2026-03-10 01:12:36 	 SKIP (model is a solution file): 10_Dokholyan_5_solution.pdb
2026-03-10 01:12:37 	 SKIP (model is a solution file): 10_Dokholyan_6_solution.pdb
2026-03-10 01:12:37 	 SKIP (model is a solution file): 10_Dokholyan_7_solution.pdb
2026-03-10 01:12:37 	 SKIP (model is a solution file): 10_Dokholyan_8_solution.pdb
2026-03-10 01:12:37 	 SKIP (model is a solution file): 10_Dokholyan_9_solution.pdb
2026-03-10 01:12:37 	 DONE case: PZ10
2026-03-10 01:17:20 	 START case: PZ10
2026-03-10 01:17:20 	 caseDir: D:\Studia\Projekty\gsp-lab\data\finished\PZ10
2026-03-10 01:17:20 	 pdbDir: D:\Studia\Projekty\gsp-lab\data\finished\PZ10\pdb
2026-03-10 01:17:20 	 Found pdb count: 52
2026-03-10 01:17:20 	 Global solution: 10_Bujnicki_1_solution.pdb
2026-03-10 01:17:20 	 SKIP already recorded (refined): Bujnicki_1
2026-03-10 01:17:20 	 SKIP already recorded (refined): Bujnicki_10
2026-03-10 01:17:20 	 SKIP already recorded (refined): Bujnicki_2
2026-03-10 01:17:20 	 SKIP already recorded (refined): Bujnicki_3
2026-03-10 01:17:20 	 SKIP already recorded (refined): Bujnicki_4
2026-03-10 01:17:20 	 SKIP already recorded (refined): Bujnicki_5
2026-03-10 01:17:20 	 SKIP already recorded (refined): Bujnicki_6
2026-03-10 01:17:20 	 SKIP already recorded (refined): Bujnicki_7
2026-03-10 01:17:20 	 SKIP already recorded (refined): Bujnicki_8
2026-03-10 01:17:20 	 SKIP already recorded (refined): Bujnicki_9
2026-03-10 01:17:20 	 SKIP already recorded (refined): Chen_1
2026-03-10 01:17:20 	 SKIP already recorded (refined): Das_1
2026-03-10 01:17:20 	 SKIP already recorded (refined): Das_2
2026-03-10 01:17:20 	 SKIP already recorded (refined): Das_3
2026-03-10 01:17:20 	 SKIP already recorded (refined): Das_4
2026-03-10 01:17:20 	 SKIP already recorded (refined): Das_5
2026-03-10 01:17:20 	 SKIP already recorded (refined): Dokholyan_1
2026-03-10 01:17:20 	 SKIP already recorded (refined): Dokholyan_10
2026-03-10 01:17:20 	 SKIP already recorded (refined): Dokholyan_2
2026-03-10 01:17:20 	 SKIP already recorded (refined): Dokholyan_3
2026-03-10 01:17:20 	 SKIP already recorded (refined): Dokholyan_4
2026-03-10 01:17:20 	 SKIP already recorded (refined): Dokholyan_5
2026-03-10 01:17:20 	 SKIP already recorded (refined): Dokholyan_6
2026-03-10 01:17:20 	 SKIP already recorded (refined): Dokholyan_7
2026-03-10 01:17:20 	 SKIP already recorded (refined): Dokholyan_8
2026-03-10 01:17:20 	 SKIP already recorded (refined): Dokholyan_9
2026-03-10 01:17:20 	 SKIP (model is a solution file): 10_Bujnicki_1_solution.pdb
2026-03-10 01:17:20 	 SKIP (model is a solution file): 10_Bujnicki_10_solution.pdb
2026-03-10 01:17:20 	 SKIP (model is a solution file): 10_Bujnicki_2_solution.pdb
2026-03-10 01:17:20 	 SKIP (model is a solution file): 10_Bujnicki_3_solution.pdb
2026-03-10 01:17:20 	 SKIP (model is a solution file): 10_Bujnicki_4_solution.pdb
2026-03-10 01:17:21 	 SKIP (model is a solution file): 10_Bujnicki_5_solution.pdb
2026-03-10 01:17:21 	 SKIP (model is a solution file): 10_Bujnicki_6_solution.pdb
2026-03-10 01:17:21 	 SKIP (model is a solution file): 10_Bujnicki_7_solution.pdb
2026-03-10 01:17:21 	 SKIP (model is a solution file): 10_Bujnicki_8_solution.pdb
2026-03-10 01:17:21 	 SKIP (model is a solution file): 10_Bujnicki_9_solution.pdb
2026-03-10 01:17:21 	 SKIP (model is a solution file): 10_Chen_1_solution.pdb
2026-03-10 01:17:21 	 SKIP (model is a solution file): 10_Das_1_solution.pdb
2026-03-10 01:17:21 	 SKIP (model is a solution file): 10_Das_2_solution.pdb
2026-03-10 01:17:21 	 SKIP (model is a solution file): 10_Das_3_solution.pdb
2026-03-10 01:17:21 	 SKIP (model is a solution file): 10_Das_4_solution.pdb
2026-03-10 01:17:21 	 SKIP (model is a solution file): 10_Das_5_solution.pdb
2026-03-10 01:17:21 	 SKIP (model is a solution file): 10_Dokholyan_1_solution.pdb
2026-03-10 01:17:21 	 SKIP (model is a solution file): 10_Dokholyan_10_solution.pdb
2026-03-10 01:17:21 	 SKIP (model is a solution file): 10_Dokholyan_2_solution.pdb
2026-03-10 01:17:21 	 SKIP (model is a solution file): 10_Dokholyan_3_solution.pdb
2026-03-10 01:17:21 	 SKIP (model is a solution file): 10_Dokholyan_4_solution.pdb
2026-03-10 01:17:21 	 SKIP (model is a solution file): 10_Dokholyan_5_solution.pdb
2026-03-10 01:17:21 	 SKIP (model is a solution file): 10_Dokholyan_6_solution.pdb
2026-03-10 01:17:21 	 SKIP (model is a solution file): 10_Dokholyan_7_solution.pdb
2026-03-10 01:17:21 	 SKIP (model is a solution file): 10_Dokholyan_8_solution.pdb
2026-03-10 01:17:21 	 SKIP (model is a solution file): 10_Dokholyan_9_solution.pdb
2026-03-10 01:17:21 	 DONE case: PZ10
2026-03-10 01:21:46 	 START case: PZ10
2026-03-10 01:21:46 	 caseDir: D:\Studia\Projekty\gsp-lab\data\finished\PZ10
2026-03-10 01:21:46 	 pdbDir: D:\Studia\Projekty\gsp-lab\data\finished\PZ10\pdb
2026-03-10 01:21:46 	 Found pdb count: 52
2026-03-10 01:21:47 	 Global solution: 10_Bujnicki_1_solution.pdb
2026-03-10 01:21:47 	 SKIP already recorded (refined): Bujnicki_1
2026-03-10 01:21:47 	 SKIP already recorded (refined): Bujnicki_10
2026-03-10 01:21:47 	 SKIP already recorded (refined): Bujnicki_2
2026-03-10 01:21:47 	 SKIP already recorded (refined): Bujnicki_3
2026-03-10 01:21:47 	 SKIP already recorded (refined): Bujnicki_4
2026-03-10 01:21:47 	 SKIP already recorded (refined): Bujnicki_5
2026-03-10 01:21:47 	 SKIP already recorded (refined): Bujnicki_6
2026-03-10 01:21:47 	 SKIP already recorded (refined): Bujnicki_7
2026-03-10 01:21:47 	 SKIP already recorded (refined): Bujnicki_8
2026-03-10 01:21:47 	 SKIP already recorded (refined): Bujnicki_9
2026-03-10 01:21:47 	 SKIP already recorded (refined): Chen_1
2026-03-10 01:21:47 	 SKIP already recorded (refined): Das_1
2026-03-10 01:21:47 	 SKIP already recorded (refined): Das_2
2026-03-10 01:21:47 	 SKIP already recorded (refined): Das_3
2026-03-10 01:21:47 	 SKIP already recorded (refined): Das_4
2026-03-10 01:21:47 	 SKIP already recorded (refined): Das_5
2026-03-10 01:21:47 	 SKIP already recorded (refined): Dokholyan_1
2026-03-10 01:21:47 	 SKIP already recorded (refined): Dokholyan_10
2026-03-10 01:21:47 	 SKIP already recorded (refined): Dokholyan_2
2026-03-10 01:21:47 	 SKIP already recorded (refined): Dokholyan_3
2026-03-10 01:21:47 	 SKIP already recorded (refined): Dokholyan_4
2026-03-10 01:21:47 	 SKIP already recorded (refined): Dokholyan_5
2026-03-10 01:21:47 	 SKIP already recorded (refined): Dokholyan_6
2026-03-10 01:21:47 	 SKIP already recorded (refined): Dokholyan_7
2026-03-10 01:21:47 	 SKIP already recorded (refined): Dokholyan_8
2026-03-10 01:21:47 	 SKIP already recorded (refined): Dokholyan_9
2026-03-10 01:21:47 	 SKIP (model is a solution file): 10_Bujnicki_1_solution.pdb
2026-03-10 01:21:47 	 SKIP (model is a solution file): 10_Bujnicki_10_solution.pdb
2026-03-10 01:21:47 	 SKIP (model is a solution file): 10_Bujnicki_2_solution.pdb
2026-03-10 01:21:47 	 SKIP (model is a solution file): 10_Bujnicki_3_solution.pdb
2026-03-10 01:21:47 	 SKIP (model is a solution file): 10_Bujnicki_4_solution.pdb
2026-03-10 01:21:47 	 SKIP (model is a solution file): 10_Bujnicki_5_solution.pdb
2026-03-10 01:21:47 	 SKIP (model is a solution file): 10_Bujnicki_6_solution.pdb
2026-03-10 01:21:47 	 SKIP (model is a solution file): 10_Bujnicki_7_solution.pdb
2026-03-10 01:21:47 	 SKIP (model is a solution file): 10_Bujnicki_8_solution.pdb
2026-03-10 01:21:47 	 SKIP (model is a solution file): 10_Bujnicki_9_solution.pdb
2026-03-10 01:21:47 	 SKIP (model is a solution file): 10_Chen_1_solution.pdb
2026-03-10 01:21:47 	 SKIP (model is a solution file): 10_Das_1_solution.pdb
2026-03-10 01:21:47 	 SKIP (model is a solution file): 10_Das_2_solution.pdb
2026-03-10 01:21:47 	 SKIP (model is a solution file): 10_Das_3_solution.pdb
2026-03-10 01:21:47 	 SKIP (model is a solution file): 10_Das_4_solution.pdb
2026-03-10 01:21:47 	 SKIP (model is a solution file): 10_Das_5_solution.pdb
2026-03-10 01:21:47 	 SKIP (model is a solution file): 10_Dokholyan_1_solution.pdb
2026-03-10 01:21:47 	 SKIP (model is a solution file): 10_Dokholyan_10_solution.pdb
2026-03-10 01:21:47 	 SKIP (model is a solution file): 10_Dokholyan_2_solution.pdb
2026-03-10 01:21:47 	 SKIP (model is a solution file): 10_Dokholyan_3_solution.pdb
2026-03-10 01:21:47 	 SKIP (model is a solution file): 10_Dokholyan_4_solution.pdb
2026-03-10 01:21:47 	 SKIP (model is a solution file): 10_Dokholyan_5_solution.pdb
2026-03-10 01:21:48 	 SKIP (model is a solution file): 10_Dokholyan_6_solution.pdb
2026-03-10 01:21:48 	 SKIP (model is a solution file): 10_Dokholyan_7_solution.pdb
2026-03-10 01:21:48 	 SKIP (model is a solution file): 10_Dokholyan_8_solution.pdb
2026-03-10 01:21:48 	 SKIP (model is a solution file): 10_Dokholyan_9_solution.pdb
2026-03-10 01:21:48 	 DONE case: PZ10
