2026-03-10 00:22:39 	 START case: PZ10tBox
2026-03-10 00:22:39 	 caseDir: D:\Studia\Projekty\gsp-lab\data\finished\PZ10tBox
2026-03-10 00:22:39 	 pdbDir: D:\Studia\Projekty\gsp-lab\data\finished\PZ10tBox\pdb
2026-03-10 00:22:39 	 Found pdb count: 52
2026-03-10 00:22:39 	 Global solution: PZ10tBox_Bujnicki_1_solution.pdb
2026-03-10 00:22:39 	 RUN refined_pair target=PZ10tBox_Bujnicki_1_solution.pdb model=PZ10tBox_Bujnicki_1_refined.pdb -> id=Bujnicki_1
2026-03-10 00:22:39 	 Docker cmd: docker run --rm -v D:\Studia\Projekty\gsp-lab:/work -v D:\Studia\Projekty\RNA_assessment:/rna_assessment -e RNA_ASSESSMENT_ROOT=/rna_assessment -e PYTHONPATH=/rna_assessment mcannotate-runtime python3 /work/src/utils/INF.py /work/data/finished/PZ10tBox/pdb/PZ10tBox_Bujnicki_1_solution.pdb /work/data/finished/PZ10tBox/pdb/PZ10tBox_Bujnicki_1_refined.pdb
2026-03-10 00:22:41 	 Docker exit code: 0
2026-03-10 00:22:41 	 Docker output length: 351
2026-03-10 00:22:41 	 Saved CSV: PZ10tBox,Bujnicki_1,Bujnicki,1,refined_pair,0.22619193331698287,0,0,PZ10tBox_Bujnicki_1_solution.pdb,PZ10tBox_Bujnicki_1_refined.pdb
2026-03-10 00:22:41 	 RUN refined_pair target=PZ10tBox_Bujnicki_10_solution.pdb model=PZ10tBox_Bujnicki_10_refined.pdb -> id=Bujnicki_10
2026-03-10 00:22:41 	 Docker cmd: docker run --rm -v D:\Studia\Projekty\gsp-lab:/work -v D:\Studia\Projekty\RNA_assessment:/rna_assessment -e RNA_ASSESSMENT_ROOT=/rna_assessment -e PYTHONPATH=/rna_assessment mcannotate-runtime python3 /work/src/utils/INF.py /work/data/finished/PZ10tBox/pdb/PZ10tBox_Bujnicki_10_solution.pdb /work/data/finished/PZ10tBox/pdb/PZ10tBox_Bujnicki_10_refined.pdb
2026-03-10 00:22:44 	 Docker exit code: 0
2026-03-10 00:22:44 	 Docker output length: 353
2026-03-10 00:22:44 	 Saved CSV: PZ10tBox,Bujnicki_10,Bujnicki,10,refined_pair,0.15018209124041412,0,0,PZ10tBox_Bujnicki_10_solution.pdb,PZ10tBox_Bujnicki_10_refined.pdb
2026-03-10 00:22:44 	 RUN refined_pair target=PZ10tBox_Bujnicki_2_solution.pdb model=PZ10tBox_Bujnicki_2_refined.pdb -> id=Bujnicki_2
2026-03-10 00:22:44 	 Docker cmd: docker run --rm -v D:\Studia\Projekty\gsp-lab:/work -v D:\Studia\Projekty\RNA_assessment:/rna_assessment -e RNA_ASSESSMENT_ROOT=/rna_assessment -e PYTHONPATH=/rna_assessment mcannotate-runtime python3 /work/src/utils/INF.py /work/data/finished/PZ10tBox/pdb/PZ10tBox_Bujnicki_2_solution.pdb /work/data/finished/PZ10tBox/pdb/PZ10tBox_Bujnicki_2_refined.pdb
2026-03-10 00:22:47 	 Docker exit code: 0
2026-03-10 00:22:47 	 Docker output length: 352
2026-03-10 00:22:47 	 Saved CSV: PZ10tBox,Bujnicki_2,Bujnicki,2,refined_pair,0.22360679774997896,0,0,PZ10tBox_Bujnicki_2_solution.pdb,PZ10tBox_Bujnicki_2_refined.pdb
2026-03-10 00:22:47 	 RUN refined_pair target=PZ10tBox_Bujnicki_3_solution.pdb model=PZ10tBox_Bujnicki_3_refined.pdb -> id=Bujnicki_3
2026-03-10 00:22:47 	 Docker cmd: docker run --rm -v D:\Studia\Projekty\gsp-lab:/work -v D:\Studia\Projekty\RNA_assessment:/rna_assessment -e RNA_ASSESSMENT_ROOT=/rna_assessment -e PYTHONPATH=/rna_assessment mcannotate-runtime python3 /work/src/utils/INF.py /work/data/finished/PZ10tBox/pdb/PZ10tBox_Bujnicki_3_solution.pdb /work/data/finished/PZ10tBox/pdb/PZ10tBox_Bujnicki_3_refined.pdb
2026-03-10 00:22:50 	 Docker exit code: 0
2026-03-10 00:22:50 	 Docker output length: 351
2026-03-10 00:22:50 	 Saved CSV: PZ10tBox,Bujnicki_3,Bujnicki,3,refined_pair,0.18838100796551374,0,0,PZ10tBox_Bujnicki_3_solution.pdb,PZ10tBox_Bujnicki_3_refined.pdb
2026-03-10 00:22:50 	 RUN refined_pair target=PZ10tBox_Bujnicki_4_solution.pdb model=PZ10tBox_Bujnicki_4_refined.pdb -> id=Bujnicki_4
2026-03-10 00:22:50 	 Docker cmd: docker run --rm -v D:\Studia\Projekty\gsp-lab:/work -v D:\Studia\Projekty\RNA_assessment:/rna_assessment -e RNA_ASSESSMENT_ROOT=/rna_assessment -e PYTHONPATH=/rna_assessment mcannotate-runtime python3 /work/src/utils/INF.py /work/data/finished/PZ10tBox/pdb/PZ10tBox_Bujnicki_4_solution.pdb /work/data/finished/PZ10tBox/pdb/PZ10tBox_Bujnicki_4_refined.pdb
2026-03-10 00:22:53 	 Docker exit code: 0
2026-03-10 00:22:53 	 Docker output length: 352
2026-03-10 00:22:53 	 Saved CSV: PZ10tBox,Bujnicki_4,Bujnicki,4,refined_pair,0.20651853013277321,0,0,PZ10tBox_Bujnicki_4_solution.pdb,PZ10tBox_Bujnicki_4_refined.pdb
2026-03-10 00:22:53 	 RUN refined_pair target=PZ10tBox_Bujnicki_5_solution.pdb model=PZ10tBox_Bujnicki_5_refined.pdb -> id=Bujnicki_5
2026-03-10 00:22:53 	 Docker cmd: docker run --rm -v D:\Studia\Projekty\gsp-lab:/work -v D:\Studia\Projekty\RNA_assessment:/rna_assessment -e RNA_ASSESSMENT_ROOT=/rna_assessment -e PYTHONPATH=/rna_assessment mcannotate-runtime python3 /work/src/utils/INF.py /work/data/finished/PZ10tBox/pdb/PZ10tBox_Bujnicki_5_solution.pdb /work/data/finished/PZ10tBox/pdb/PZ10tBox_Bujnicki_5_refined.pdb
2026-03-10 00:22:55 	 Docker exit code: 0
2026-03-10 00:22:55 	 Docker output length: 352
2026-03-10 00:22:55 	 Saved CSV: PZ10tBox,Bujnicki_5,Bujnicki,5,refined_pair,0.23377074310225074,0,0,PZ10tBox_Bujnicki_5_solution.pdb,PZ10tBox_Bujnicki_5_refined.pdb
2026-03-10 00:22:55 	 RUN refined_pair target=PZ10tBox_Bujnicki_6_solution.pdb model=PZ10tBox_Bujnicki_6_refined.pdb -> id=Bujnicki_6
2026-03-10 00:22:55 	 Docker cmd: docker run --rm -v D:\Studia\Projekty\gsp-lab:/work -v D:\Studia\Projekty\RNA_assessment:/rna_assessment -e RNA_ASSESSMENT_ROOT=/rna_assessment -e PYTHONPATH=/rna_assessment mcannotate-runtime python3 /work/src/utils/INF.py /work/data/finished/PZ10tBox/pdb/PZ10tBox_Bujnicki_6_solution.pdb /work/data/finished/PZ10tBox/pdb/PZ10tBox_Bujnicki_6_refined.pdb
2026-03-10 00:22:58 	 Docker exit code: 0
2026-03-10 00:22:58 	 Docker output length: 350
2026-03-10 00:22:58 	 Saved CSV: PZ10tBox,Bujnicki_6,Bujnicki,6,refined_pair,0.20100756305184242,0,0,PZ10tBox_Bujnicki_6_solution.pdb,PZ10tBox_Bujnicki_6_refined.pdb
2026-03-10 00:22:58 	 RUN refined_pair target=PZ10tBox_Bujnicki_7_solution.pdb model=PZ10tBox_Bujnicki_7_refined.pdb -> id=Bujnicki_7
2026-03-10 00:22:58 	 Docker cmd: docker run --rm -v D:\Studia\Projekty\gsp-lab:/work -v D:\Studia\Projekty\RNA_assessment:/rna_assessment -e RNA_ASSESSMENT_ROOT=/rna_assessment -e PYTHONPATH=/rna_assessment mcannotate-runtime python3 /work/src/utils/INF.py /work/data/finished/PZ10tBox/pdb/PZ10tBox_Bujnicki_7_solution.pdb /work/data/finished/PZ10tBox/pdb/PZ10tBox_Bujnicki_7_refined.pdb
2026-03-10 00:23:01 	 Docker exit code: 0
2026-03-10 00:23:01 	 Docker output length: 352
2026-03-10 00:23:01 	 Saved CSV: PZ10tBox,Bujnicki_7,Bujnicki,7,refined_pair,0.21591048180257455,0,0,PZ10tBox_Bujnicki_7_solution.pdb,PZ10tBox_Bujnicki_7_refined.pdb
2026-03-10 00:23:01 	 RUN refined_pair target=PZ10tBox_Bujnicki_8_solution.pdb model=PZ10tBox_Bujnicki_8_refined.pdb -> id=Bujnicki_8
2026-03-10 00:23:01 	 Docker cmd: docker run --rm -v D:\Studia\Projekty\gsp-lab:/work -v D:\Studia\Projekty\RNA_assessment:/rna_assessment -e RNA_ASSESSMENT_ROOT=/rna_assessment -e PYTHONPATH=/rna_assessment mcannotate-runtime python3 /work/src/utils/INF.py /work/data/finished/PZ10tBox/pdb/PZ10tBox_Bujnicki_8_solution.pdb /work/data/finished/PZ10tBox/pdb/PZ10tBox_Bujnicki_8_refined.pdb
2026-03-10 00:23:04 	 Docker exit code: 0
2026-03-10 00:23:04 	 Docker output length: 350
2026-03-10 00:23:04 	 Saved CSV: PZ10tBox,Bujnicki_8,Bujnicki,8,refined_pair,0.20762587603385801,0,0,PZ10tBox_Bujnicki_8_solution.pdb,PZ10tBox_Bujnicki_8_refined.pdb
2026-03-10 00:23:04 	 RUN refined_pair target=PZ10tBox_Bujnicki_9_solution.pdb model=PZ10tBox_Bujnicki_9_refined.pdb -> id=Bujnicki_9
2026-03-10 00:23:04 	 Docker cmd: docker run --rm -v D:\Studia\Projekty\gsp-lab:/work -v D:\Studia\Projekty\RNA_assessment:/rna_assessment -e RNA_ASSESSMENT_ROOT=/rna_assessment -e PYTHONPATH=/rna_assessment mcannotate-runtime python3 /work/src/utils/INF.py /work/data/finished/PZ10tBox/pdb/PZ10tBox_Bujnicki_9_solution.pdb /work/data/finished/PZ10tBox/pdb/PZ10tBox_Bujnicki_9_refined.pdb
2026-03-10 00:23:07 	 Docker exit code: 0
2026-03-10 00:23:07 	 Docker output length: 352
2026-03-10 00:23:07 	 Saved CSV: PZ10tBox,Bujnicki_9,Bujnicki,9,refined_pair,0.19422164675152884,0,0,PZ10tBox_Bujnicki_9_solution.pdb,PZ10tBox_Bujnicki_9_refined.pdb
2026-03-10 00:23:07 	 RUN refined_pair target=PZ10tBox_Chen_1_solution.pdb model=PZ10tBox_Chen_1_refined.pdb -> id=Chen_1
2026-03-10 00:23:07 	 Docker cmd: docker run --rm -v D:\Studia\Projekty\gsp-lab:/work -v D:\Studia\Projekty\RNA_assessment:/rna_assessment -e RNA_ASSESSMENT_ROOT=/rna_assessment -e PYTHONPATH=/rna_assessment mcannotate-runtime python3 /work/src/utils/INF.py /work/data/finished/PZ10tBox/pdb/PZ10tBox_Chen_1_solution.pdb /work/data/finished/PZ10tBox/pdb/PZ10tBox_Chen_1_refined.pdb
2026-03-10 00:23:10 	 Docker exit code: 0
2026-03-10 00:23:10 	 Docker output length: 343
2026-03-10 00:23:10 	 Saved CSV: PZ10tBox,Chen_1,Chen,1,refined_pair,0.18637439158825295,0,0,PZ10tBox_Chen_1_solution.pdb,PZ10tBox_Chen_1_refined.pdb
2026-03-10 00:23:10 	 RUN refined_pair target=PZ10tBox_Das_1_solution.pdb model=PZ10tBox_Das_1_refined.pdb -> id=Das_1
2026-03-10 00:23:10 	 Docker cmd: docker run --rm -v D:\Studia\Projekty\gsp-lab:/work -v D:\Studia\Projekty\RNA_assessment:/rna_assessment -e RNA_ASSESSMENT_ROOT=/rna_assessment -e PYTHONPATH=/rna_assessment mcannotate-runtime python3 /work/src/utils/INF.py /work/data/finished/PZ10tBox/pdb/PZ10tBox_Das_1_solution.pdb /work/data/finished/PZ10tBox/pdb/PZ10tBox_Das_1_refined.pdb
2026-03-10 00:23:13 	 Docker exit code: 0
2026-03-10 00:23:13 	 Docker output length: 4990
2026-03-10 00:23:13 	 Saved CSV: PZ10tBox,Das_1,Das,1,refined_pair,0.026444294267397254,0,-1,PZ10tBox_Das_1_solution.pdb,PZ10tBox_Das_1_refined.pdb
2026-03-10 00:23:13 	 RUN refined_pair target=PZ10tBox_Das_2_solution.pdb model=PZ10tBox_Das_2_refined.pdb -> id=Das_2
2026-03-10 00:23:13 	 Docker cmd: docker run --rm -v D:\Studia\Projekty\gsp-lab:/work -v D:\Studia\Projekty\RNA_assessment:/rna_assessment -e RNA_ASSESSMENT_ROOT=/rna_assessment -e PYTHONPATH=/rna_assessment mcannotate-runtime python3 /work/src/utils/INF.py /work/data/finished/PZ10tBox/pdb/PZ10tBox_Das_2_solution.pdb /work/data/finished/PZ10tBox/pdb/PZ10tBox_Das_2_refined.pdb
2026-03-10 00:23:16 	 Docker exit code: 0
2026-03-10 00:23:16 	 Docker output length: 4992
2026-03-10 00:23:16 	 Saved CSV: PZ10tBox,Das_2,Das,2,refined_pair,0.027524094128159014,0,-1,PZ10tBox_Das_2_solution.pdb,PZ10tBox_Das_2_refined.pdb
2026-03-10 00:23:16 	 RUN refined_pair target=PZ10tBox_Das_3_solution.pdb model=PZ10tBox_Das_3_refined.pdb -> id=Das_3
2026-03-10 00:23:16 	 Docker cmd: docker run --rm -v D:\Studia\Projekty\gsp-lab:/work -v D:\Studia\Projekty\RNA_assessment:/rna_assessment -e RNA_ASSESSMENT_ROOT=/rna_assessment -e PYTHONPATH=/rna_assessment mcannotate-runtime python3 /work/src/utils/INF.py /work/data/finished/PZ10tBox/pdb/PZ10tBox_Das_3_solution.pdb /work/data/finished/PZ10tBox/pdb/PZ10tBox_Das_3_refined.pdb
2026-03-10 00:23:19 	 Docker exit code: 0
2026-03-10 00:23:19 	 Docker output length: 4959
2026-03-10 00:23:19 	 Saved CSV: PZ10tBox,Das_3,Das,3,refined_pair,0,0,-1,PZ10tBox_Das_3_solution.pdb,PZ10tBox_Das_3_refined.pdb
2026-03-10 00:23:19 	 RUN refined_pair target=PZ10tBox_Das_4_solution.pdb model=PZ10tBox_Das_4_refined.pdb -> id=Das_4
2026-03-10 00:23:19 	 Docker cmd: docker run --rm -v D:\Studia\Projekty\gsp-lab:/work -v D:\Studia\Projekty\RNA_assessment:/rna_assessment -e RNA_ASSESSMENT_ROOT=/rna_assessment -e PYTHONPATH=/rna_assessment mcannotate-runtime python3 /work/src/utils/INF.py /work/data/finished/PZ10tBox/pdb/PZ10tBox_Das_4_solution.pdb /work/data/finished/PZ10tBox/pdb/PZ10tBox_Das_4_refined.pdb
2026-03-10 00:23:22 	 Docker exit code: 0
2026-03-10 00:23:22 	 Docker output length: 4992
2026-03-10 00:23:22 	 Saved CSV: PZ10tBox,Das_4,Das,4,refined_pair,0.027524094128159014,0,-1,PZ10tBox_Das_4_solution.pdb,PZ10tBox_Das_4_refined.pdb
2026-03-10 00:23:22 	 RUN refined_pair target=PZ10tBox_Das_5_solution.pdb model=PZ10tBox_Das_5_refined.pdb -> id=Das_5
2026-03-10 00:23:22 	 Docker cmd: docker run --rm -v D:\Studia\Projekty\gsp-lab:/work -v D:\Studia\Projekty\RNA_assessment:/rna_assessment -e RNA_ASSESSMENT_ROOT=/rna_assessment -e PYTHONPATH=/rna_assessment mcannotate-runtime python3 /work/src/utils/INF.py /work/data/finished/PZ10tBox/pdb/PZ10tBox_Das_5_solution.pdb /work/data/finished/PZ10tBox/pdb/PZ10tBox_Das_5_refined.pdb
2026-03-10 00:23:25 	 Docker exit code: 0
2026-03-10 00:23:25 	 Docker output length: 4959
2026-03-10 00:23:25 	 Saved CSV: PZ10tBox,Das_5,Das,5,refined_pair,0,0,-1,PZ10tBox_Das_5_solution.pdb,PZ10tBox_Das_5_refined.pdb
2026-03-10 00:23:25 	 RUN refined_pair target=PZ10tBox_Dokholyan_1_solution.pdb model=PZ10tBox_Dokholyan_1_refined.pdb -> id=Dokholyan_1
2026-03-10 00:23:25 	 Docker cmd: docker run --rm -v D:\Studia\Projekty\gsp-lab:/work -v D:\Studia\Projekty\RNA_assessment:/rna_assessment -e RNA_ASSESSMENT_ROOT=/rna_assessment -e PYTHONPATH=/rna_assessment mcannotate-runtime python3 /work/src/utils/INF.py /work/data/finished/PZ10tBox/pdb/PZ10tBox_Dokholyan_1_solution.pdb /work/data/finished/PZ10tBox/pdb/PZ10tBox_Dokholyan_1_refined.pdb
2026-03-10 00:23:28 	 Docker exit code: 0
2026-03-10 00:23:28 	 Docker output length: 5003
2026-03-10 00:23:28 	 Saved CSV: PZ10tBox,Dokholyan_1,Dokholyan,1,refined_pair,0.033709993123162106,0,-1,PZ10tBox_Dokholyan_1_solution.pdb,PZ10tBox_Dokholyan_1_refined.pdb
2026-03-10 00:23:28 	 RUN refined_pair target=PZ10tBox_Dokholyan_10_solution.pdb model=PZ10tBox_Dokholyan_10_refined.pdb -> id=Dokholyan_10
2026-03-10 00:23:28 	 Docker cmd: docker run --rm -v D:\Studia\Projekty\gsp-lab:/work -v D:\Studia\Projekty\RNA_assessment:/rna_assessment -e RNA_ASSESSMENT_ROOT=/rna_assessment -e PYTHONPATH=/rna_assessment mcannotate-runtime python3 /work/src/utils/INF.py /work/data/finished/PZ10tBox/pdb/PZ10tBox_Dokholyan_10_solution.pdb /work/data/finished/PZ10tBox/pdb/PZ10tBox_Dokholyan_10_refined.pdb
2026-03-10 00:23:31 	 Docker exit code: 0
2026-03-10 00:23:31 	 Docker output length: 5006
2026-03-10 00:23:31 	 Saved CSV: PZ10tBox,Dokholyan_10,Dokholyan,10,refined_pair,0.033709993123162106,0,-1,PZ10tBox_Dokholyan_10_solution.pdb,PZ10tBox_Dokholyan_10_refined.pdb
2026-03-10 00:23:31 	 RUN refined_pair target=PZ10tBox_Dokholyan_2_solution.pdb model=PZ10tBox_Dokholyan_2_refined.pdb -> id=Dokholyan_2
2026-03-10 00:23:31 	 Docker cmd: docker run --rm -v D:\Studia\Projekty\gsp-lab:/work -v D:\Studia\Projekty\RNA_assessment:/rna_assessment -e RNA_ASSESSMENT_ROOT=/rna_assessment -e PYTHONPATH=/rna_assessment mcannotate-runtime python3 /work/src/utils/INF.py /work/data/finished/PZ10tBox/pdb/PZ10tBox_Dokholyan_2_solution.pdb /work/data/finished/PZ10tBox/pdb/PZ10tBox_Dokholyan_2_refined.pdb
2026-03-10 00:23:34 	 Docker exit code: 0
2026-03-10 00:23:34 	 Docker output length: 4970
2026-03-10 00:23:34 	 Saved CSV: PZ10tBox,Dokholyan_2,Dokholyan,2,refined_pair,0,0,-1,PZ10tBox_Dokholyan_2_solution.pdb,PZ10tBox_Dokholyan_2_refined.pdb
2026-03-10 00:23:34 	 RUN refined_pair target=PZ10tBox_Dokholyan_3_solution.pdb model=PZ10tBox_Dokholyan_3_refined.pdb -> id=Dokholyan_3
2026-03-10 00:23:34 	 Docker cmd: docker run --rm -v D:\Studia\Projekty\gsp-lab:/work -v D:\Studia\Projekty\RNA_assessment:/rna_assessment -e RNA_ASSESSMENT_ROOT=/rna_assessment -e PYTHONPATH=/rna_assessment mcannotate-runtime python3 /work/src/utils/INF.py /work/data/finished/PZ10tBox/pdb/PZ10tBox_Dokholyan_3_solution.pdb /work/data/finished/PZ10tBox/pdb/PZ10tBox_Dokholyan_3_refined.pdb
2026-03-10 00:23:37 	 Docker exit code: 0
2026-03-10 00:23:37 	 Docker output length: 4970
2026-03-10 00:23:37 	 Saved CSV: PZ10tBox,Dokholyan_3,Dokholyan,3,refined_pair,0,0,-1,PZ10tBox_Dokholyan_3_solution.pdb,PZ10tBox_Dokholyan_3_refined.pdb
2026-03-10 00:23:37 	 RUN refined_pair target=PZ10tBox_Dokholyan_4_solution.pdb model=PZ10tBox_Dokholyan_4_refined.pdb -> id=Dokholyan_4
2026-03-10 00:23:37 	 Docker cmd: docker run --rm -v D:\Studia\Projekty\gsp-lab:/work -v D:\Studia\Projekty\RNA_assessment:/rna_assessment -e RNA_ASSESSMENT_ROOT=/rna_assessment -e PYTHONPATH=/rna_assessment mcannotate-runtime python3 /work/src/utils/INF.py /work/data/finished/PZ10tBox/pdb/PZ10tBox_Dokholyan_4_solution.pdb /work/data/finished/PZ10tBox/pdb/PZ10tBox_Dokholyan_4_refined.pdb
2026-03-10 00:23:40 	 Docker exit code: 0
2026-03-10 00:23:40 	 Docker output length: 5003
2026-03-10 00:23:40 	 Saved CSV: PZ10tBox,Dokholyan_4,Dokholyan,4,refined_pair,0.036037498507822355,0,-1,PZ10tBox_Dokholyan_4_solution.pdb,PZ10tBox_Dokholyan_4_refined.pdb
2026-03-10 00:23:40 	 RUN refined_pair target=PZ10tBox_Dokholyan_5_solution.pdb model=PZ10tBox_Dokholyan_5_refined.pdb -> id=Dokholyan_5
2026-03-10 00:23:40 	 Docker cmd: docker run --rm -v D:\Studia\Projekty\gsp-lab:/work -v D:\Studia\Projekty\RNA_assessment:/rna_assessment -e RNA_ASSESSMENT_ROOT=/rna_assessment -e PYTHONPATH=/rna_assessment mcannotate-runtime python3 /work/src/utils/INF.py /work/data/finished/PZ10tBox/pdb/PZ10tBox_Dokholyan_5_solution.pdb /work/data/finished/PZ10tBox/pdb/PZ10tBox_Dokholyan_5_refined.pdb
2026-03-10 00:23:43 	 Docker exit code: 0
2026-03-10 00:23:43 	 Docker output length: 4971
2026-03-10 00:23:43 	 Saved CSV: PZ10tBox,Dokholyan_5,Dokholyan,5,refined_pair,0,0,-1,PZ10tBox_Dokholyan_5_solution.pdb,PZ10tBox_Dokholyan_5_refined.pdb
2026-03-10 00:23:43 	 RUN refined_pair target=PZ10tBox_Dokholyan_6_solution.pdb model=PZ10tBox_Dokholyan_6_refined.pdb -> id=Dokholyan_6
2026-03-10 00:23:43 	 Docker cmd: docker run --rm -v D:\Studia\Projekty\gsp-lab:/work -v D:\Studia\Projekty\RNA_assessment:/rna_assessment -e RNA_ASSESSMENT_ROOT=/rna_assessment -e PYTHONPATH=/rna_assessment mcannotate-runtime python3 /work/src/utils/INF.py /work/data/finished/PZ10tBox/pdb/PZ10tBox_Dokholyan_6_solution.pdb /work/data/finished/PZ10tBox/pdb/PZ10tBox_Dokholyan_6_refined.pdb
2026-03-10 00:23:46 	 Docker exit code: 0
2026-03-10 00:23:46 	 Docker output length: 5003
2026-03-10 00:23:46 	 Saved CSV: PZ10tBox,Dokholyan_6,Dokholyan,6,refined_pair,0.036037498507822355,0,-1,PZ10tBox_Dokholyan_6_solution.pdb,PZ10tBox_Dokholyan_6_refined.pdb
2026-03-10 00:23:47 	 RUN refined_pair target=PZ10tBox_Dokholyan_7_solution.pdb model=PZ10tBox_Dokholyan_7_refined.pdb -> id=Dokholyan_7
2026-03-10 00:23:47 	 Docker cmd: docker run --rm -v D:\Studia\Projekty\gsp-lab:/work -v D:\Studia\Projekty\RNA_assessment:/rna_assessment -e RNA_ASSESSMENT_ROOT=/rna_assessment -e PYTHONPATH=/rna_assessment mcannotate-runtime python3 /work/src/utils/INF.py /work/data/finished/PZ10tBox/pdb/PZ10tBox_Dokholyan_7_solution.pdb /work/data/finished/PZ10tBox/pdb/PZ10tBox_Dokholyan_7_refined.pdb
2026-03-10 00:23:50 	 Docker exit code: 0
2026-03-10 00:23:50 	 Docker output length: 5002
2026-03-10 00:23:50 	 Saved CSV: PZ10tBox,Dokholyan_7,Dokholyan,7,refined_pair,0.02874797872880345,0,0,PZ10tBox_Dokholyan_7_solution.pdb,PZ10tBox_Dokholyan_7_refined.pdb
2026-03-10 00:23:50 	 RUN refined_pair target=PZ10tBox_Dokholyan_8_solution.pdb model=PZ10tBox_Dokholyan_8_refined.pdb -> id=Dokholyan_8
2026-03-10 00:23:50 	 Docker cmd: docker run --rm -v D:\Studia\Projekty\gsp-lab:/work -v D:\Studia\Projekty\RNA_assessment:/rna_assessment -e RNA_ASSESSMENT_ROOT=/rna_assessment -e PYTHONPATH=/rna_assessment mcannotate-runtime python3 /work/src/utils/INF.py /work/data/finished/PZ10tBox/pdb/PZ10tBox_Dokholyan_8_solution.pdb /work/data/finished/PZ10tBox/pdb/PZ10tBox_Dokholyan_8_refined.pdb
2026-03-10 00:23:53 	 Docker exit code: 0
2026-03-10 00:23:53 	 Docker output length: 4971
2026-03-10 00:23:53 	 Saved CSV: PZ10tBox,Dokholyan_8,Dokholyan,8,refined_pair,0,0,-1,PZ10tBox_Dokholyan_8_solution.pdb,PZ10tBox_Dokholyan_8_refined.pdb
2026-03-10 00:23:53 	 RUN refined_pair target=PZ10tBox_Dokholyan_9_solution.pdb model=PZ10tBox_Dokholyan_9_refined.pdb -> id=Dokholyan_9
2026-03-10 00:23:53 	 Docker cmd: docker run --rm -v D:\Studia\Projekty\gsp-lab:/work -v D:\Studia\Projekty\RNA_assessment:/rna_assessment -e RNA_ASSESSMENT_ROOT=/rna_assessment -e PYTHONPATH=/rna_assessment mcannotate-runtime python3 /work/src/utils/INF.py /work/data/finished/PZ10tBox/pdb/PZ10tBox_Dokholyan_9_solution.pdb /work/data/finished/PZ10tBox/pdb/PZ10tBox_Dokholyan_9_refined.pdb
2026-03-10 00:23:56 	 Docker exit code: 0
2026-03-10 00:23:56 	 Docker output length: 5002
2026-03-10 00:23:56 	 Saved CSV: PZ10tBox,Dokholyan_9,Dokholyan,9,refined_pair,0.036037498507822355,0,-1,PZ10tBox_Dokholyan_9_solution.pdb,PZ10tBox_Dokholyan_9_refined.pdb
2026-03-10 00:23:56 	 SKIP (model is a solution file): PZ10tBox_Bujnicki_1_solution.pdb
2026-03-10 00:23:56 	 SKIP (model is a solution file): PZ10tBox_Bujnicki_10_solution.pdb
2026-03-10 00:23:56 	 SKIP (model is a solution file): PZ10tBox_Bujnicki_2_solution.pdb
2026-03-10 00:23:56 	 SKIP (model is a solution file): PZ10tBox_Bujnicki_3_solution.pdb
2026-03-10 00:23:56 	 SKIP (model is a solution file): PZ10tBox_Bujnicki_4_solution.pdb
2026-03-10 00:23:56 	 SKIP (model is a solution file): PZ10tBox_Bujnicki_5_solution.pdb
2026-03-10 00:23:56 	 SKIP (model is a solution file): PZ10tBox_Bujnicki_6_solution.pdb
2026-03-10 00:23:56 	 SKIP (model is a solution file): PZ10tBox_Bujnicki_7_solution.pdb
2026-03-10 00:23:56 	 SKIP (model is a solution file): PZ10tBox_Bujnicki_8_solution.pdb
2026-03-10 00:23:56 	 SKIP (model is a solution file): PZ10tBox_Bujnicki_9_solution.pdb
2026-03-10 00:23:56 	 SKIP (model is a solution file): PZ10tBox_Chen_1_solution.pdb
2026-03-10 00:23:56 	 SKIP (model is a solution file): PZ10tBox_Das_1_solution.pdb
2026-03-10 00:23:56 	 SKIP (model is a solution file): PZ10tBox_Das_2_solution.pdb
2026-03-10 00:23:56 	 SKIP (model is a solution file): PZ10tBox_Das_3_solution.pdb
2026-03-10 00:23:56 	 SKIP (model is a solution file): PZ10tBox_Das_4_solution.pdb
2026-03-10 00:23:56 	 SKIP (model is a solution file): PZ10tBox_Das_5_solution.pdb
2026-03-10 00:23:56 	 SKIP (model is a solution file): PZ10tBox_Dokholyan_1_solution.pdb
2026-03-10 00:23:56 	 SKIP (model is a solution file): PZ10tBox_Dokholyan_10_solution.pdb
2026-03-10 00:23:56 	 SKIP (model is a solution file): PZ10tBox_Dokholyan_2_solution.pdb
2026-03-10 00:23:56 	 SKIP (model is a solution file): PZ10tBox_Dokholyan_3_solution.pdb
2026-03-10 00:23:56 	 SKIP (model is a solution file): PZ10tBox_Dokholyan_4_solution.pdb
2026-03-10 00:23:56 	 SKIP (model is a solution file): PZ10tBox_Dokholyan_5_solution.pdb
2026-03-10 00:23:56 	 SKIP (model is a solution file): PZ10tBox_Dokholyan_6_solution.pdb
2026-03-10 00:23:56 	 SKIP (model is a solution file): PZ10tBox_Dokholyan_7_solution.pdb
2026-03-10 00:23:56 	 SKIP (model is a solution file): PZ10tBox_Dokholyan_8_solution.pdb
2026-03-10 00:23:56 	 SKIP (model is a solution file): PZ10tBox_Dokholyan_9_solution.pdb
2026-03-10 00:23:56 	 DONE case: PZ10tBox
2026-03-10 01:12:37 	 START case: PZ10tBox
2026-03-10 01:12:37 	 caseDir: D:\Studia\Projekty\gsp-lab\data\finished\PZ10tBox
2026-03-10 01:12:37 	 pdbDir: D:\Studia\Projekty\gsp-lab\data\finished\PZ10tBox\pdb
2026-03-10 01:12:37 	 Found pdb count: 52
2026-03-10 01:12:37 	 Global solution: PZ10tBox_Bujnicki_1_solution.pdb
2026-03-10 01:12:37 	 SKIP already recorded (refined): Bujnicki_1
2026-03-10 01:12:37 	 SKIP already recorded (refined): Bujnicki_10
2026-03-10 01:12:37 	 SKIP already recorded (refined): Bujnicki_2
2026-03-10 01:12:37 	 SKIP already recorded (refined): Bujnicki_3
2026-03-10 01:12:37 	 SKIP already recorded (refined): Bujnicki_4
2026-03-10 01:12:37 	 SKIP already recorded (refined): Bujnicki_5
2026-03-10 01:12:37 	 SKIP already recorded (refined): Bujnicki_6
2026-03-10 01:12:37 	 SKIP already recorded (refined): Bujnicki_7
2026-03-10 01:12:37 	 SKIP already recorded (refined): Bujnicki_8
2026-03-10 01:12:37 	 SKIP already recorded (refined): Bujnicki_9
2026-03-10 01:12:37 	 SKIP already recorded (refined): Chen_1
2026-03-10 01:12:37 	 SKIP already recorded (refined): Das_1
2026-03-10 01:12:37 	 SKIP already recorded (refined): Das_2
2026-03-10 01:12:37 	 SKIP already recorded (refined): Das_3
2026-03-10 01:12:37 	 SKIP already recorded (refined): Das_4
2026-03-10 01:12:37 	 SKIP already recorded (refined): Das_5
2026-03-10 01:12:37 	 SKIP already recorded (refined): Dokholyan_1
2026-03-10 01:12:37 	 SKIP already recorded (refined): Dokholyan_10
2026-03-10 01:12:37 	 SKIP already recorded (refined): Dokholyan_2
2026-03-10 01:12:37 	 SKIP already recorded (refined): Dokholyan_3
2026-03-10 01:12:37 	 SKIP already recorded (refined): Dokholyan_4
2026-03-10 01:12:37 	 SKIP already recorded (refined): Dokholyan_5
2026-03-10 01:12:37 	 SKIP already recorded (refined): Dokholyan_6
2026-03-10 01:12:37 	 SKIP already recorded (refined): Dokholyan_7
2026-03-10 01:12:38 	 SKIP already recorded (refined): Dokholyan_8
2026-03-10 01:12:38 	 SKIP already recorded (refined): Dokholyan_9
2026-03-10 01:12:38 	 SKIP (model is a solution file): PZ10tBox_Bujnicki_1_solution.pdb
2026-03-10 01:12:38 	 SKIP (model is a solution file): PZ10tBox_Bujnicki_10_solution.pdb
2026-03-10 01:12:38 	 SKIP (model is a solution file): PZ10tBox_Bujnicki_2_solution.pdb
2026-03-10 01:12:38 	 SKIP (model is a solution file): PZ10tBox_Bujnicki_3_solution.pdb
2026-03-10 01:12:38 	 SKIP (model is a solution file): PZ10tBox_Bujnicki_4_solution.pdb
2026-03-10 01:12:38 	 SKIP (model is a solution file): PZ10tBox_Bujnicki_5_solution.pdb
2026-03-10 01:12:38 	 SKIP (model is a solution file): PZ10tBox_Bujnicki_6_solution.pdb
2026-03-10 01:12:38 	 SKIP (model is a solution file): PZ10tBox_Bujnicki_7_solution.pdb
2026-03-10 01:12:38 	 SKIP (model is a solution file): PZ10tBox_Bujnicki_8_solution.pdb
2026-03-10 01:12:38 	 SKIP (model is a solution file): PZ10tBox_Bujnicki_9_solution.pdb
2026-03-10 01:12:38 	 SKIP (model is a solution file): PZ10tBox_Chen_1_solution.pdb
2026-03-10 01:12:38 	 SKIP (model is a solution file): PZ10tBox_Das_1_solution.pdb
2026-03-10 01:12:38 	 SKIP (model is a solution file): PZ10tBox_Das_2_solution.pdb
2026-03-10 01:12:38 	 SKIP (model is a solution file): PZ10tBox_Das_3_solution.pdb
2026-03-10 01:12:38 	 SKIP (model is a solution file): PZ10tBox_Das_4_solution.pdb
2026-03-10 01:12:38 	 SKIP (model is a solution file): PZ10tBox_Das_5_solution.pdb
2026-03-10 01:12:38 	 SKIP (model is a solution file): PZ10tBox_Dokholyan_1_solution.pdb
2026-03-10 01:12:38 	 SKIP (model is a solution file): PZ10tBox_Dokholyan_10_solution.pdb
2026-03-10 01:12:38 	 SKIP (model is a solution file): PZ10tBox_Dokholyan_2_solution.pdb
2026-03-10 01:12:38 	 SKIP (model is a solution file): PZ10tBox_Dokholyan_3_solution.pdb
2026-03-10 01:12:38 	 SKIP (model is a solution file): PZ10tBox_Dokholyan_4_solution.pdb
2026-03-10 01:12:38 	 SKIP (model is a solution file): PZ10tBox_Dokholyan_5_solution.pdb
2026-03-10 01:12:38 	 SKIP (model is a solution file): PZ10tBox_Dokholyan_6_solution.pdb
2026-03-10 01:12:38 	 SKIP (model is a solution file): PZ10tBox_Dokholyan_7_solution.pdb
2026-03-10 01:12:38 	 SKIP (model is a solution file): PZ10tBox_Dokholyan_8_solution.pdb
2026-03-10 01:12:38 	 SKIP (model is a solution file): PZ10tBox_Dokholyan_9_solution.pdb
2026-03-10 01:12:38 	 DONE case: PZ10tBox
2026-03-10 01:17:21 	 START case: PZ10tBox
2026-03-10 01:17:21 	 caseDir: D:\Studia\Projekty\gsp-lab\data\finished\PZ10tBox
2026-03-10 01:17:21 	 pdbDir: D:\Studia\Projekty\gsp-lab\data\finished\PZ10tBox\pdb
2026-03-10 01:17:21 	 Found pdb count: 52
2026-03-10 01:17:21 	 Global solution: PZ10tBox_Bujnicki_1_solution.pdb
2026-03-10 01:17:21 	 SKIP already recorded (refined): Bujnicki_1
2026-03-10 01:17:21 	 SKIP already recorded (refined): Bujnicki_10
2026-03-10 01:17:21 	 SKIP already recorded (refined): Bujnicki_2
2026-03-10 01:17:21 	 SKIP already recorded (refined): Bujnicki_3
2026-03-10 01:17:21 	 SKIP already recorded (refined): Bujnicki_4
2026-03-10 01:17:21 	 SKIP already recorded (refined): Bujnicki_5
2026-03-10 01:17:21 	 SKIP already recorded (refined): Bujnicki_6
2026-03-10 01:17:22 	 SKIP already recorded (refined): Bujnicki_7
2026-03-10 01:17:22 	 SKIP already recorded (refined): Bujnicki_8
2026-03-10 01:17:22 	 SKIP already recorded (refined): Bujnicki_9
2026-03-10 01:17:22 	 SKIP already recorded (refined): Chen_1
2026-03-10 01:17:22 	 SKIP already recorded (refined): Das_1
2026-03-10 01:17:22 	 SKIP already recorded (refined): Das_2
2026-03-10 01:17:22 	 SKIP already recorded (refined): Das_3
2026-03-10 01:17:22 	 SKIP already recorded (refined): Das_4
2026-03-10 01:17:22 	 SKIP already recorded (refined): Das_5
2026-03-10 01:17:22 	 SKIP already recorded (refined): Dokholyan_1
2026-03-10 01:17:22 	 SKIP already recorded (refined): Dokholyan_10
2026-03-10 01:17:22 	 SKIP already recorded (refined): Dokholyan_2
2026-03-10 01:17:22 	 SKIP already recorded (refined): Dokholyan_3
2026-03-10 01:17:22 	 SKIP already recorded (refined): Dokholyan_4
2026-03-10 01:17:22 	 SKIP already recorded (refined): Dokholyan_5
2026-03-10 01:17:22 	 SKIP already recorded (refined): Dokholyan_6
2026-03-10 01:17:22 	 SKIP already recorded (refined): Dokholyan_7
2026-03-10 01:17:22 	 SKIP already recorded (refined): Dokholyan_8
2026-03-10 01:17:22 	 SKIP already recorded (refined): Dokholyan_9
2026-03-10 01:17:22 	 SKIP (model is a solution file): PZ10tBox_Bujnicki_1_solution.pdb
2026-03-10 01:17:22 	 SKIP (model is a solution file): PZ10tBox_Bujnicki_10_solution.pdb
2026-03-10 01:17:22 	 SKIP (model is a solution file): PZ10tBox_Bujnicki_2_solution.pdb
2026-03-10 01:17:22 	 SKIP (model is a solution file): PZ10tBox_Bujnicki_3_solution.pdb
2026-03-10 01:17:22 	 SKIP (model is a solution file): PZ10tBox_Bujnicki_4_solution.pdb
2026-03-10 01:17:22 	 SKIP (model is a solution file): PZ10tBox_Bujnicki_5_solution.pdb
2026-03-10 01:17:22 	 SKIP (model is a solution file): PZ10tBox_Bujnicki_6_solution.pdb
2026-03-10 01:17:22 	 SKIP (model is a solution file): PZ10tBox_Bujnicki_7_solution.pdb
2026-03-10 01:17:22 	 SKIP (model is a solution file): PZ10tBox_Bujnicki_8_solution.pdb
2026-03-10 01:17:22 	 SKIP (model is a solution file): PZ10tBox_Bujnicki_9_solution.pdb
2026-03-10 01:17:22 	 SKIP (model is a solution file): PZ10tBox_Chen_1_solution.pdb
2026-03-10 01:17:22 	 SKIP (model is a solution file): PZ10tBox_Das_1_solution.pdb
2026-03-10 01:17:22 	 SKIP (model is a solution file): PZ10tBox_Das_2_solution.pdb
2026-03-10 01:17:22 	 SKIP (model is a solution file): PZ10tBox_Das_3_solution.pdb
2026-03-10 01:17:22 	 SKIP (model is a solution file): PZ10tBox_Das_4_solution.pdb
2026-03-10 01:17:22 	 SKIP (model is a solution file): PZ10tBox_Das_5_solution.pdb
2026-03-10 01:17:22 	 SKIP (model is a solution file): PZ10tBox_Dokholyan_1_solution.pdb
2026-03-10 01:17:22 	 SKIP (model is a solution file): PZ10tBox_Dokholyan_10_solution.pdb
2026-03-10 01:17:22 	 SKIP (model is a solution file): PZ10tBox_Dokholyan_2_solution.pdb
2026-03-10 01:17:22 	 SKIP (model is a solution file): PZ10tBox_Dokholyan_3_solution.pdb
2026-03-10 01:17:22 	 SKIP (model is a solution file): PZ10tBox_Dokholyan_4_solution.pdb
2026-03-10 01:17:22 	 SKIP (model is a solution file): PZ10tBox_Dokholyan_5_solution.pdb
2026-03-10 01:17:22 	 SKIP (model is a solution file): PZ10tBox_Dokholyan_6_solution.pdb
2026-03-10 01:17:22 	 SKIP (model is a solution file): PZ10tBox_Dokholyan_7_solution.pdb
2026-03-10 01:17:22 	 SKIP (model is a solution file): PZ10tBox_Dokholyan_8_solution.pdb
2026-03-10 01:17:22 	 SKIP (model is a solution file): PZ10tBox_Dokholyan_9_solution.pdb
2026-03-10 01:17:22 	 DONE case: PZ10tBox
2026-03-10 01:21:48 	 START case: PZ10tBox
2026-03-10 01:21:48 	 caseDir: D:\Studia\Projekty\gsp-lab\data\finished\PZ10tBox
2026-03-10 01:21:48 	 pdbDir: D:\Studia\Projekty\gsp-lab\data\finished\PZ10tBox\pdb
2026-03-10 01:21:48 	 Found pdb count: 52
2026-03-10 01:21:48 	 Global solution: PZ10tBox_Bujnicki_1_solution.pdb
2026-03-10 01:21:48 	 SKIP already recorded (refined): Bujnicki_1
2026-03-10 01:21:48 	 SKIP already recorded (refined): Bujnicki_10
2026-03-10 01:21:48 	 SKIP already recorded (refined): Bujnicki_2
2026-03-10 01:21:49 	 SKIP already recorded (refined): Bujnicki_3
2026-03-10 01:21:49 	 SKIP already recorded (refined): Bujnicki_4
2026-03-10 01:21:49 	 SKIP already recorded (refined): Bujnicki_5
2026-03-10 01:21:49 	 SKIP already recorded (refined): Bujnicki_6
2026-03-10 01:21:49 	 SKIP already recorded (refined): Bujnicki_7
2026-03-10 01:21:49 	 SKIP already recorded (refined): Bujnicki_8
2026-03-10 01:21:49 	 SKIP already recorded (refined): Bujnicki_9
2026-03-10 01:21:49 	 SKIP already recorded (refined): Chen_1
2026-03-10 01:21:49 	 SKIP already recorded (refined): Das_1
2026-03-10 01:21:49 	 SKIP already recorded (refined): Das_2
2026-03-10 01:21:49 	 SKIP already recorded (refined): Das_3
2026-03-10 01:21:49 	 SKIP already recorded (refined): Das_4
2026-03-10 01:21:49 	 SKIP already recorded (refined): Das_5
2026-03-10 01:21:49 	 SKIP already recorded (refined): Dokholyan_1
2026-03-10 01:21:49 	 SKIP already recorded (refined): Dokholyan_10
2026-03-10 01:21:49 	 SKIP already recorded (refined): Dokholyan_2
2026-03-10 01:21:49 	 SKIP already recorded (refined): Dokholyan_3
2026-03-10 01:21:49 	 SKIP already recorded (refined): Dokholyan_4
2026-03-10 01:21:49 	 SKIP already recorded (refined): Dokholyan_5
2026-03-10 01:21:49 	 SKIP already recorded (refined): Dokholyan_6
2026-03-10 01:21:49 	 SKIP already recorded (refined): Dokholyan_7
2026-03-10 01:21:49 	 SKIP already recorded (refined): Dokholyan_8
2026-03-10 01:21:49 	 SKIP already recorded (refined): Dokholyan_9
2026-03-10 01:21:49 	 SKIP (model is a solution file): PZ10tBox_Bujnicki_1_solution.pdb
2026-03-10 01:21:49 	 SKIP (model is a solution file): PZ10tBox_Bujnicki_10_solution.pdb
2026-03-10 01:21:49 	 SKIP (model is a solution file): PZ10tBox_Bujnicki_2_solution.pdb
2026-03-10 01:21:49 	 SKIP (model is a solution file): PZ10tBox_Bujnicki_3_solution.pdb
2026-03-10 01:21:49 	 SKIP (model is a solution file): PZ10tBox_Bujnicki_4_solution.pdb
2026-03-10 01:21:49 	 SKIP (model is a solution file): PZ10tBox_Bujnicki_5_solution.pdb
2026-03-10 01:21:49 	 SKIP (model is a solution file): PZ10tBox_Bujnicki_6_solution.pdb
2026-03-10 01:21:49 	 SKIP (model is a solution file): PZ10tBox_Bujnicki_7_solution.pdb
2026-03-10 01:21:49 	 SKIP (model is a solution file): PZ10tBox_Bujnicki_8_solution.pdb
2026-03-10 01:21:49 	 SKIP (model is a solution file): PZ10tBox_Bujnicki_9_solution.pdb
2026-03-10 01:21:49 	 SKIP (model is a solution file): PZ10tBox_Chen_1_solution.pdb
2026-03-10 01:21:49 	 SKIP (model is a solution file): PZ10tBox_Das_1_solution.pdb
2026-03-10 01:21:49 	 SKIP (model is a solution file): PZ10tBox_Das_2_solution.pdb
2026-03-10 01:21:49 	 SKIP (model is a solution file): PZ10tBox_Das_3_solution.pdb
2026-03-10 01:21:49 	 SKIP (model is a solution file): PZ10tBox_Das_4_solution.pdb
2026-03-10 01:21:49 	 SKIP (model is a solution file): PZ10tBox_Das_5_solution.pdb
2026-03-10 01:21:49 	 SKIP (model is a solution file): PZ10tBox_Dokholyan_1_solution.pdb
2026-03-10 01:21:49 	 SKIP (model is a solution file): PZ10tBox_Dokholyan_10_solution.pdb
2026-03-10 01:21:49 	 SKIP (model is a solution file): PZ10tBox_Dokholyan_2_solution.pdb
2026-03-10 01:21:49 	 SKIP (model is a solution file): PZ10tBox_Dokholyan_3_solution.pdb
2026-03-10 01:21:49 	 SKIP (model is a solution file): PZ10tBox_Dokholyan_4_solution.pdb
2026-03-10 01:21:49 	 SKIP (model is a solution file): PZ10tBox_Dokholyan_5_solution.pdb
2026-03-10 01:21:49 	 SKIP (model is a solution file): PZ10tBox_Dokholyan_6_solution.pdb
2026-03-10 01:21:49 	 SKIP (model is a solution file): PZ10tBox_Dokholyan_7_solution.pdb
2026-03-10 01:21:49 	 SKIP (model is a solution file): PZ10tBox_Dokholyan_8_solution.pdb
2026-03-10 01:21:49 	 SKIP (model is a solution file): PZ10tBox_Dokholyan_9_solution.pdb
2026-03-10 01:21:49 	 DONE case: PZ10tBox
