2026-03-10 00:23:56 	 START case: PZ10tRNA
2026-03-10 00:23:56 	 caseDir: D:\Studia\Projekty\gsp-lab\data\finished\PZ10tRNA
2026-03-10 00:23:56 	 pdbDir: D:\Studia\Projekty\gsp-lab\data\finished\PZ10tRNA\pdb
2026-03-10 00:23:56 	 Found pdb count: 52
2026-03-10 00:23:56 	 Global solution: PZ10tRNA_Bujnicki_1_solution.pdb
2026-03-10 00:23:56 	 RUN refined_pair target=PZ10tRNA_Bujnicki_1_solution.pdb model=PZ10tRNA_Bujnicki_1_refined.pdb -> id=Bujnicki_1
2026-03-10 00:23:56 	 Docker cmd: docker run --rm -v D:\Studia\Projekty\gsp-lab:/work -v D:\Studia\Projekty\RNA_assessment:/rna_assessment -e RNA_ASSESSMENT_ROOT=/rna_assessment -e PYTHONPATH=/rna_assessment mcannotate-runtime python3 /work/src/utils/INF.py /work/data/finished/PZ10tRNA/pdb/PZ10tRNA_Bujnicki_1_solution.pdb /work/data/finished/PZ10tRNA/pdb/PZ10tRNA_Bujnicki_1_refined.pdb
2026-03-10 00:23:59 	 Docker exit code: 0
2026-03-10 00:23:59 	 Docker output length: 353
2026-03-10 00:23:59 	 Saved CSV: PZ10tRNA,Bujnicki_1,Bujnicki,1,refined_pair,0.13740858372430334,0,-1,PZ10tRNA_Bujnicki_1_solution.pdb,PZ10tRNA_Bujnicki_1_refined.pdb
2026-03-10 00:23:59 	 RUN refined_pair target=PZ10tRNA_Bujnicki_10_solution.pdb model=PZ10tRNA_Bujnicki_10_refined.pdb -> id=Bujnicki_10
2026-03-10 00:23:59 	 Docker cmd: docker run --rm -v D:\Studia\Projekty\gsp-lab:/work -v D:\Studia\Projekty\RNA_assessment:/rna_assessment -e RNA_ASSESSMENT_ROOT=/rna_assessment -e PYTHONPATH=/rna_assessment mcannotate-runtime python3 /work/src/utils/INF.py /work/data/finished/PZ10tRNA/pdb/PZ10tRNA_Bujnicki_10_solution.pdb /work/data/finished/PZ10tRNA/pdb/PZ10tRNA_Bujnicki_10_refined.pdb
2026-03-10 00:24:02 	 Docker exit code: 0
2026-03-10 00:24:02 	 Docker output length: 354
2026-03-10 00:24:02 	 Saved CSV: PZ10tRNA,Bujnicki_10,Bujnicki,10,refined_pair,0.09811049102515929,0,-1,PZ10tRNA_Bujnicki_10_solution.pdb,PZ10tRNA_Bujnicki_10_refined.pdb
2026-03-10 00:24:02 	 RUN refined_pair target=PZ10tRNA_Bujnicki_2_solution.pdb model=PZ10tRNA_Bujnicki_2_refined.pdb -> id=Bujnicki_2
2026-03-10 00:24:02 	 Docker cmd: docker run --rm -v D:\Studia\Projekty\gsp-lab:/work -v D:\Studia\Projekty\RNA_assessment:/rna_assessment -e RNA_ASSESSMENT_ROOT=/rna_assessment -e PYTHONPATH=/rna_assessment mcannotate-runtime python3 /work/src/utils/INF.py /work/data/finished/PZ10tRNA/pdb/PZ10tRNA_Bujnicki_2_solution.pdb /work/data/finished/PZ10tRNA/pdb/PZ10tRNA_Bujnicki_2_refined.pdb
2026-03-10 00:24:05 	 Docker exit code: 0
2026-03-10 00:24:05 	 Docker output length: 352
2026-03-10 00:24:05 	 Saved CSV: PZ10tRNA,Bujnicki_2,Bujnicki,2,refined_pair,0.13740858372430334,0,0,PZ10tRNA_Bujnicki_2_solution.pdb,PZ10tRNA_Bujnicki_2_refined.pdb
2026-03-10 00:24:05 	 RUN refined_pair target=PZ10tRNA_Bujnicki_3_solution.pdb model=PZ10tRNA_Bujnicki_3_refined.pdb -> id=Bujnicki_3
2026-03-10 00:24:05 	 Docker cmd: docker run --rm -v D:\Studia\Projekty\gsp-lab:/work -v D:\Studia\Projekty\RNA_assessment:/rna_assessment -e RNA_ASSESSMENT_ROOT=/rna_assessment -e PYTHONPATH=/rna_assessment mcannotate-runtime python3 /work/src/utils/INF.py /work/data/finished/PZ10tRNA/pdb/PZ10tRNA_Bujnicki_3_solution.pdb /work/data/finished/PZ10tRNA/pdb/PZ10tRNA_Bujnicki_3_refined.pdb
2026-03-10 00:24:08 	 Docker exit code: 0
2026-03-10 00:24:08 	 Docker output length: 351
2026-03-10 00:24:08 	 Saved CSV: PZ10tRNA,Bujnicki_3,Bujnicki,3,refined_pair,0.1526762041381148,0,-1,PZ10tRNA_Bujnicki_3_solution.pdb,PZ10tRNA_Bujnicki_3_refined.pdb
2026-03-10 00:24:08 	 RUN refined_pair target=PZ10tRNA_Bujnicki_4_solution.pdb model=PZ10tRNA_Bujnicki_4_refined.pdb -> id=Bujnicki_4
2026-03-10 00:24:08 	 Docker cmd: docker run --rm -v D:\Studia\Projekty\gsp-lab:/work -v D:\Studia\Projekty\RNA_assessment:/rna_assessment -e RNA_ASSESSMENT_ROOT=/rna_assessment -e PYTHONPATH=/rna_assessment mcannotate-runtime python3 /work/src/utils/INF.py /work/data/finished/PZ10tRNA/pdb/PZ10tRNA_Bujnicki_4_solution.pdb /work/data/finished/PZ10tRNA/pdb/PZ10tRNA_Bujnicki_4_refined.pdb
2026-03-10 00:24:10 	 Docker exit code: 0
2026-03-10 00:24:10 	 Docker output length: 352
2026-03-10 00:24:10 	 Saved CSV: PZ10tRNA,Bujnicki_4,Bujnicki,4,refined_pair,0.10298573010888744,0,0,PZ10tRNA_Bujnicki_4_solution.pdb,PZ10tRNA_Bujnicki_4_refined.pdb
2026-03-10 00:24:10 	 RUN refined_pair target=PZ10tRNA_Bujnicki_5_solution.pdb model=PZ10tRNA_Bujnicki_5_refined.pdb -> id=Bujnicki_5
2026-03-10 00:24:10 	 Docker cmd: docker run --rm -v D:\Studia\Projekty\gsp-lab:/work -v D:\Studia\Projekty\RNA_assessment:/rna_assessment -e RNA_ASSESSMENT_ROOT=/rna_assessment -e PYTHONPATH=/rna_assessment mcannotate-runtime python3 /work/src/utils/INF.py /work/data/finished/PZ10tRNA/pdb/PZ10tRNA_Bujnicki_5_solution.pdb /work/data/finished/PZ10tRNA/pdb/PZ10tRNA_Bujnicki_5_refined.pdb
2026-03-10 00:24:13 	 Docker exit code: 0
2026-03-10 00:24:13 	 Docker output length: 353
2026-03-10 00:24:13 	 Saved CSV: PZ10tRNA,Bujnicki_5,Bujnicki,5,refined_pair,0.13740858372430334,0,-1,PZ10tRNA_Bujnicki_5_solution.pdb,PZ10tRNA_Bujnicki_5_refined.pdb
2026-03-10 00:24:13 	 RUN refined_pair target=PZ10tRNA_Bujnicki_6_solution.pdb model=PZ10tRNA_Bujnicki_6_refined.pdb -> id=Bujnicki_6
2026-03-10 00:24:13 	 Docker cmd: docker run --rm -v D:\Studia\Projekty\gsp-lab:/work -v D:\Studia\Projekty\RNA_assessment:/rna_assessment -e RNA_ASSESSMENT_ROOT=/rna_assessment -e PYTHONPATH=/rna_assessment mcannotate-runtime python3 /work/src/utils/INF.py /work/data/finished/PZ10tRNA/pdb/PZ10tRNA_Bujnicki_6_solution.pdb /work/data/finished/PZ10tRNA/pdb/PZ10tRNA_Bujnicki_6_refined.pdb
2026-03-10 00:24:16 	 Docker exit code: 0
2026-03-10 00:24:16 	 Docker output length: 351
2026-03-10 00:24:16 	 Saved CSV: PZ10tRNA,Bujnicki_6,Bujnicki,6,refined_pair,0.1308615135530187,0,-1,PZ10tRNA_Bujnicki_6_solution.pdb,PZ10tRNA_Bujnicki_6_refined.pdb
2026-03-10 00:24:16 	 RUN refined_pair target=PZ10tRNA_Bujnicki_7_solution.pdb model=PZ10tRNA_Bujnicki_7_refined.pdb -> id=Bujnicki_7
2026-03-10 00:24:16 	 Docker cmd: docker run --rm -v D:\Studia\Projekty\gsp-lab:/work -v D:\Studia\Projekty\RNA_assessment:/rna_assessment -e RNA_ASSESSMENT_ROOT=/rna_assessment -e PYTHONPATH=/rna_assessment mcannotate-runtime python3 /work/src/utils/INF.py /work/data/finished/PZ10tRNA/pdb/PZ10tRNA_Bujnicki_7_solution.pdb /work/data/finished/PZ10tRNA/pdb/PZ10tRNA_Bujnicki_7_refined.pdb
2026-03-10 00:24:19 	 Docker exit code: 0
2026-03-10 00:24:19 	 Docker output length: 353
2026-03-10 00:24:19 	 Saved CSV: PZ10tRNA,Bujnicki_7,Bujnicki,7,refined_pair,0.13740858372430334,0,-1,PZ10tRNA_Bujnicki_7_solution.pdb,PZ10tRNA_Bujnicki_7_refined.pdb
2026-03-10 00:24:19 	 RUN refined_pair target=PZ10tRNA_Bujnicki_8_solution.pdb model=PZ10tRNA_Bujnicki_8_refined.pdb -> id=Bujnicki_8
2026-03-10 00:24:19 	 Docker cmd: docker run --rm -v D:\Studia\Projekty\gsp-lab:/work -v D:\Studia\Projekty\RNA_assessment:/rna_assessment -e RNA_ASSESSMENT_ROOT=/rna_assessment -e PYTHONPATH=/rna_assessment mcannotate-runtime python3 /work/src/utils/INF.py /work/data/finished/PZ10tRNA/pdb/PZ10tRNA_Bujnicki_8_solution.pdb /work/data/finished/PZ10tRNA/pdb/PZ10tRNA_Bujnicki_8_refined.pdb
2026-03-10 00:24:22 	 Docker exit code: 0
2026-03-10 00:24:22 	 Docker output length: 352
2026-03-10 00:24:22 	 Saved CSV: PZ10tRNA,Bujnicki_8,Bujnicki,8,refined_pair,0.11632134538046104,0,0,PZ10tRNA_Bujnicki_8_solution.pdb,PZ10tRNA_Bujnicki_8_refined.pdb
2026-03-10 00:24:22 	 RUN refined_pair target=PZ10tRNA_Bujnicki_9_solution.pdb model=PZ10tRNA_Bujnicki_9_refined.pdb -> id=Bujnicki_9
2026-03-10 00:24:22 	 Docker cmd: docker run --rm -v D:\Studia\Projekty\gsp-lab:/work -v D:\Studia\Projekty\RNA_assessment:/rna_assessment -e RNA_ASSESSMENT_ROOT=/rna_assessment -e PYTHONPATH=/rna_assessment mcannotate-runtime python3 /work/src/utils/INF.py /work/data/finished/PZ10tRNA/pdb/PZ10tRNA_Bujnicki_9_solution.pdb /work/data/finished/PZ10tRNA/pdb/PZ10tRNA_Bujnicki_9_refined.pdb
2026-03-10 00:24:25 	 Docker exit code: 0
2026-03-10 00:24:25 	 Docker output length: 352
2026-03-10 00:24:25 	 Saved CSV: PZ10tRNA,Bujnicki_9,Bujnicki,9,refined_pair,0.13401525544428144,0,-1,PZ10tRNA_Bujnicki_9_solution.pdb,PZ10tRNA_Bujnicki_9_refined.pdb
2026-03-10 00:24:25 	 RUN refined_pair target=PZ10tRNA_Chen_1_solution.pdb model=PZ10tRNA_Chen_1_refined.pdb -> id=Chen_1
2026-03-10 00:24:25 	 Docker cmd: docker run --rm -v D:\Studia\Projekty\gsp-lab:/work -v D:\Studia\Projekty\RNA_assessment:/rna_assessment -e RNA_ASSESSMENT_ROOT=/rna_assessment -e PYTHONPATH=/rna_assessment mcannotate-runtime python3 /work/src/utils/INF.py /work/data/finished/PZ10tRNA/pdb/PZ10tRNA_Chen_1_solution.pdb /work/data/finished/PZ10tRNA/pdb/PZ10tRNA_Chen_1_refined.pdb
2026-03-10 00:24:28 	 Docker exit code: 0
2026-03-10 00:24:28 	 Docker output length: 344
2026-03-10 00:24:28 	 Saved CSV: PZ10tRNA,Chen_1,Chen,1,refined_pair,0.09009374626955591,0,0,PZ10tRNA_Chen_1_solution.pdb,PZ10tRNA_Chen_1_refined.pdb
2026-03-10 00:24:28 	 RUN refined_pair target=PZ10tRNA_Das_1_solution.pdb model=PZ10tRNA_Das_1_refined.pdb -> id=Das_1
2026-03-10 00:24:28 	 Docker cmd: docker run --rm -v D:\Studia\Projekty\gsp-lab:/work -v D:\Studia\Projekty\RNA_assessment:/rna_assessment -e RNA_ASSESSMENT_ROOT=/rna_assessment -e PYTHONPATH=/rna_assessment mcannotate-runtime python3 /work/src/utils/INF.py /work/data/finished/PZ10tRNA/pdb/PZ10tRNA_Das_1_solution.pdb /work/data/finished/PZ10tRNA/pdb/PZ10tRNA_Das_1_refined.pdb
2026-03-10 00:24:31 	 Docker exit code: 0
2026-03-10 00:24:31 	 Docker output length: 342
2026-03-10 00:24:31 	 Saved CSV: PZ10tRNA,Das_1,Das,1,refined_pair,0.15803327434500583,0,0,PZ10tRNA_Das_1_solution.pdb,PZ10tRNA_Das_1_refined.pdb
2026-03-10 00:24:31 	 RUN refined_pair target=PZ10tRNA_Das_2_solution.pdb model=PZ10tRNA_Das_2_refined.pdb -> id=Das_2
2026-03-10 00:24:31 	 Docker cmd: docker run --rm -v D:\Studia\Projekty\gsp-lab:/work -v D:\Studia\Projekty\RNA_assessment:/rna_assessment -e RNA_ASSESSMENT_ROOT=/rna_assessment -e PYTHONPATH=/rna_assessment mcannotate-runtime python3 /work/src/utils/INF.py /work/data/finished/PZ10tRNA/pdb/PZ10tRNA_Das_2_solution.pdb /work/data/finished/PZ10tRNA/pdb/PZ10tRNA_Das_2_refined.pdb
2026-03-10 00:24:34 	 Docker exit code: 0
2026-03-10 00:24:34 	 Docker output length: 340
2026-03-10 00:24:34 	 Saved CSV: PZ10tRNA,Das_2,Das,2,refined_pair,0.14042052606639838,0,0,PZ10tRNA_Das_2_solution.pdb,PZ10tRNA_Das_2_refined.pdb
2026-03-10 00:24:34 	 RUN refined_pair target=PZ10tRNA_Das_3_solution.pdb model=PZ10tRNA_Das_3_refined.pdb -> id=Das_3
2026-03-10 00:24:34 	 Docker cmd: docker run --rm -v D:\Studia\Projekty\gsp-lab:/work -v D:\Studia\Projekty\RNA_assessment:/rna_assessment -e RNA_ASSESSMENT_ROOT=/rna_assessment -e PYTHONPATH=/rna_assessment mcannotate-runtime python3 /work/src/utils/INF.py /work/data/finished/PZ10tRNA/pdb/PZ10tRNA_Das_3_solution.pdb /work/data/finished/PZ10tRNA/pdb/PZ10tRNA_Das_3_refined.pdb
2026-03-10 00:24:36 	 Docker exit code: 0
2026-03-10 00:24:36 	 Docker output length: 341
2026-03-10 00:24:36 	 Saved CSV: PZ10tRNA,Das_3,Das,3,refined_pair,0.1287188155608652,0,0,PZ10tRNA_Das_3_solution.pdb,PZ10tRNA_Das_3_refined.pdb
2026-03-10 00:24:36 	 RUN refined_pair target=PZ10tRNA_Das_4_solution.pdb model=PZ10tRNA_Das_4_refined.pdb -> id=Das_4
2026-03-10 00:24:36 	 Docker cmd: docker run --rm -v D:\Studia\Projekty\gsp-lab:/work -v D:\Studia\Projekty\RNA_assessment:/rna_assessment -e RNA_ASSESSMENT_ROOT=/rna_assessment -e PYTHONPATH=/rna_assessment mcannotate-runtime python3 /work/src/utils/INF.py /work/data/finished/PZ10tRNA/pdb/PZ10tRNA_Das_4_solution.pdb /work/data/finished/PZ10tRNA/pdb/PZ10tRNA_Das_4_refined.pdb
2026-03-10 00:24:39 	 Docker exit code: 0
2026-03-10 00:24:39 	 Docker output length: 340
2026-03-10 00:24:39 	 Saved CSV: PZ10tRNA,Das_4,Das,4,refined_pair,0.1602749930416327,0,0,PZ10tRNA_Das_4_solution.pdb,PZ10tRNA_Das_4_refined.pdb
2026-03-10 00:24:39 	 RUN refined_pair target=PZ10tRNA_Das_5_solution.pdb model=PZ10tRNA_Das_5_refined.pdb -> id=Das_5
2026-03-10 00:24:39 	 Docker cmd: docker run --rm -v D:\Studia\Projekty\gsp-lab:/work -v D:\Studia\Projekty\RNA_assessment:/rna_assessment -e RNA_ASSESSMENT_ROOT=/rna_assessment -e PYTHONPATH=/rna_assessment mcannotate-runtime python3 /work/src/utils/INF.py /work/data/finished/PZ10tRNA/pdb/PZ10tRNA_Das_5_solution.pdb /work/data/finished/PZ10tRNA/pdb/PZ10tRNA_Das_5_refined.pdb
2026-03-10 00:24:42 	 Docker exit code: 0
2026-03-10 00:24:42 	 Docker output length: 341
2026-03-10 00:24:42 	 Saved CSV: PZ10tRNA,Das_5,Das,5,refined_pair,0.1287188155608652,0,0,PZ10tRNA_Das_5_solution.pdb,PZ10tRNA_Das_5_refined.pdb
2026-03-10 00:24:42 	 RUN refined_pair target=PZ10tRNA_Dokholyan_1_solution.pdb model=PZ10tRNA_Dokholyan_1_refined.pdb -> id=Dokholyan_1
2026-03-10 00:24:42 	 Docker cmd: docker run --rm -v D:\Studia\Projekty\gsp-lab:/work -v D:\Studia\Projekty\RNA_assessment:/rna_assessment -e RNA_ASSESSMENT_ROOT=/rna_assessment -e PYTHONPATH=/rna_assessment mcannotate-runtime python3 /work/src/utils/INF.py /work/data/finished/PZ10tRNA/pdb/PZ10tRNA_Dokholyan_1_solution.pdb /work/data/finished/PZ10tRNA/pdb/PZ10tRNA_Dokholyan_1_refined.pdb
2026-03-10 00:24:45 	 Docker exit code: 0
2026-03-10 00:24:45 	 Docker output length: 354
2026-03-10 00:24:45 	 Saved CSV: PZ10tRNA,Dokholyan_1,Dokholyan,1,refined_pair,0.21452908258025827,0,0,PZ10tRNA_Dokholyan_1_solution.pdb,PZ10tRNA_Dokholyan_1_refined.pdb
2026-03-10 00:24:45 	 RUN refined_pair target=PZ10tRNA_Dokholyan_10_solution.pdb model=PZ10tRNA_Dokholyan_10_refined.pdb -> id=Dokholyan_10
2026-03-10 00:24:45 	 Docker cmd: docker run --rm -v D:\Studia\Projekty\gsp-lab:/work -v D:\Studia\Projekty\RNA_assessment:/rna_assessment -e RNA_ASSESSMENT_ROOT=/rna_assessment -e PYTHONPATH=/rna_assessment mcannotate-runtime python3 /work/src/utils/INF.py /work/data/finished/PZ10tRNA/pdb/PZ10tRNA_Dokholyan_10_solution.pdb /work/data/finished/PZ10tRNA/pdb/PZ10tRNA_Dokholyan_10_refined.pdb
2026-03-10 00:24:48 	 Docker exit code: 0
2026-03-10 00:24:48 	 Docker output length: 355
2026-03-10 00:24:48 	 Saved CSV: PZ10tRNA,Dokholyan_10,Dokholyan,10,refined_pair,0.16765598754029182,0,0,PZ10tRNA_Dokholyan_10_solution.pdb,PZ10tRNA_Dokholyan_10_refined.pdb
2026-03-10 00:24:48 	 RUN refined_pair target=PZ10tRNA_Dokholyan_2_solution.pdb model=PZ10tRNA_Dokholyan_2_refined.pdb -> id=Dokholyan_2
2026-03-10 00:24:48 	 Docker cmd: docker run --rm -v D:\Studia\Projekty\gsp-lab:/work -v D:\Studia\Projekty\RNA_assessment:/rna_assessment -e RNA_ASSESSMENT_ROOT=/rna_assessment -e PYTHONPATH=/rna_assessment mcannotate-runtime python3 /work/src/utils/INF.py /work/data/finished/PZ10tRNA/pdb/PZ10tRNA_Dokholyan_2_solution.pdb /work/data/finished/PZ10tRNA/pdb/PZ10tRNA_Dokholyan_2_refined.pdb
2026-03-10 00:24:51 	 Docker exit code: 0
2026-03-10 00:24:51 	 Docker output length: 353
2026-03-10 00:24:51 	 Saved CSV: PZ10tRNA,Dokholyan_2,Dokholyan,2,refined_pair,0.1295217536392745,0,-1,PZ10tRNA_Dokholyan_2_solution.pdb,PZ10tRNA_Dokholyan_2_refined.pdb
2026-03-10 00:24:51 	 RUN refined_pair target=PZ10tRNA_Dokholyan_3_solution.pdb model=PZ10tRNA_Dokholyan_3_refined.pdb -> id=Dokholyan_3
2026-03-10 00:24:51 	 Docker cmd: docker run --rm -v D:\Studia\Projekty\gsp-lab:/work -v D:\Studia\Projekty\RNA_assessment:/rna_assessment -e RNA_ASSESSMENT_ROOT=/rna_assessment -e PYTHONPATH=/rna_assessment mcannotate-runtime python3 /work/src/utils/INF.py /work/data/finished/PZ10tRNA/pdb/PZ10tRNA_Dokholyan_3_solution.pdb /work/data/finished/PZ10tRNA/pdb/PZ10tRNA_Dokholyan_3_refined.pdb
2026-03-10 00:24:53 	 Docker exit code: 0
2026-03-10 00:24:53 	 Docker output length: 354
2026-03-10 00:24:53 	 Saved CSV: PZ10tRNA,Dokholyan_3,Dokholyan,3,refined_pair,0.20206272811308865,0,-1,PZ10tRNA_Dokholyan_3_solution.pdb,PZ10tRNA_Dokholyan_3_refined.pdb
2026-03-10 00:24:53 	 RUN refined_pair target=PZ10tRNA_Dokholyan_4_solution.pdb model=PZ10tRNA_Dokholyan_4_refined.pdb -> id=Dokholyan_4
2026-03-10 00:24:53 	 Docker cmd: docker run --rm -v D:\Studia\Projekty\gsp-lab:/work -v D:\Studia\Projekty\RNA_assessment:/rna_assessment -e RNA_ASSESSMENT_ROOT=/rna_assessment -e PYTHONPATH=/rna_assessment mcannotate-runtime python3 /work/src/utils/INF.py /work/data/finished/PZ10tRNA/pdb/PZ10tRNA_Dokholyan_4_solution.pdb /work/data/finished/PZ10tRNA/pdb/PZ10tRNA_Dokholyan_4_refined.pdb
2026-03-10 00:24:56 	 Docker exit code: 0
2026-03-10 00:24:56 	 Docker output length: 353
2026-03-10 00:24:56 	 Saved CSV: PZ10tRNA,Dokholyan_4,Dokholyan,4,refined_pair,0.16067385303553675,0,0,PZ10tRNA_Dokholyan_4_solution.pdb,PZ10tRNA_Dokholyan_4_refined.pdb
2026-03-10 00:24:56 	 RUN refined_pair target=PZ10tRNA_Dokholyan_5_solution.pdb model=PZ10tRNA_Dokholyan_5_refined.pdb -> id=Dokholyan_5
2026-03-10 00:24:56 	 Docker cmd: docker run --rm -v D:\Studia\Projekty\gsp-lab:/work -v D:\Studia\Projekty\RNA_assessment:/rna_assessment -e RNA_ASSESSMENT_ROOT=/rna_assessment -e PYTHONPATH=/rna_assessment mcannotate-runtime python3 /work/src/utils/INF.py /work/data/finished/PZ10tRNA/pdb/PZ10tRNA_Dokholyan_5_solution.pdb /work/data/finished/PZ10tRNA/pdb/PZ10tRNA_Dokholyan_5_refined.pdb
2026-03-10 00:24:59 	 Docker exit code: 0
2026-03-10 00:24:59 	 Docker output length: 353
2026-03-10 00:24:59 	 Saved CSV: PZ10tRNA,Dokholyan_5,Dokholyan,5,refined_pair,0.15144563320384566,0,0,PZ10tRNA_Dokholyan_5_solution.pdb,PZ10tRNA_Dokholyan_5_refined.pdb
2026-03-10 00:24:59 	 RUN refined_pair target=PZ10tRNA_Dokholyan_6_solution.pdb model=PZ10tRNA_Dokholyan_6_refined.pdb -> id=Dokholyan_6
2026-03-10 00:24:59 	 Docker cmd: docker run --rm -v D:\Studia\Projekty\gsp-lab:/work -v D:\Studia\Projekty\RNA_assessment:/rna_assessment -e RNA_ASSESSMENT_ROOT=/rna_assessment -e PYTHONPATH=/rna_assessment mcannotate-runtime python3 /work/src/utils/INF.py /work/data/finished/PZ10tRNA/pdb/PZ10tRNA_Dokholyan_6_solution.pdb /work/data/finished/PZ10tRNA/pdb/PZ10tRNA_Dokholyan_6_refined.pdb
2026-03-10 00:25:02 	 Docker exit code: 0
2026-03-10 00:25:02 	 Docker output length: 354
2026-03-10 00:25:02 	 Saved CSV: PZ10tRNA,Dokholyan_6,Dokholyan,6,refined_pair,0.16257538494050677,0,-1,PZ10tRNA_Dokholyan_6_solution.pdb,PZ10tRNA_Dokholyan_6_refined.pdb
2026-03-10 00:25:02 	 RUN refined_pair target=PZ10tRNA_Dokholyan_7_solution.pdb model=PZ10tRNA_Dokholyan_7_refined.pdb -> id=Dokholyan_7
2026-03-10 00:25:02 	 Docker cmd: docker run --rm -v D:\Studia\Projekty\gsp-lab:/work -v D:\Studia\Projekty\RNA_assessment:/rna_assessment -e RNA_ASSESSMENT_ROOT=/rna_assessment -e PYTHONPATH=/rna_assessment mcannotate-runtime python3 /work/src/utils/INF.py /work/data/finished/PZ10tRNA/pdb/PZ10tRNA_Dokholyan_7_solution.pdb /work/data/finished/PZ10tRNA/pdb/PZ10tRNA_Dokholyan_7_refined.pdb
2026-03-10 00:25:05 	 Docker exit code: 0
2026-03-10 00:25:05 	 Docker output length: 352
2026-03-10 00:25:05 	 Saved CSV: PZ10tRNA,Dokholyan_7,Dokholyan,7,refined_pair,0.1911176967891096,0,0,PZ10tRNA_Dokholyan_7_solution.pdb,PZ10tRNA_Dokholyan_7_refined.pdb
2026-03-10 00:25:05 	 RUN refined_pair target=PZ10tRNA_Dokholyan_8_solution.pdb model=PZ10tRNA_Dokholyan_8_refined.pdb -> id=Dokholyan_8
2026-03-10 00:25:05 	 Docker cmd: docker run --rm -v D:\Studia\Projekty\gsp-lab:/work -v D:\Studia\Projekty\RNA_assessment:/rna_assessment -e RNA_ASSESSMENT_ROOT=/rna_assessment -e PYTHONPATH=/rna_assessment mcannotate-runtime python3 /work/src/utils/INF.py /work/data/finished/PZ10tRNA/pdb/PZ10tRNA_Dokholyan_8_solution.pdb /work/data/finished/PZ10tRNA/pdb/PZ10tRNA_Dokholyan_8_refined.pdb
2026-03-10 00:25:07 	 Docker exit code: 0
2026-03-10 00:25:07 	 Docker output length: 354
2026-03-10 00:25:07 	 Saved CSV: PZ10tRNA,Dokholyan_8,Dokholyan,8,refined_pair,0.1363010698834611,0,-1,PZ10tRNA_Dokholyan_8_solution.pdb,PZ10tRNA_Dokholyan_8_refined.pdb
2026-03-10 00:25:07 	 RUN refined_pair target=PZ10tRNA_Dokholyan_9_solution.pdb model=PZ10tRNA_Dokholyan_9_refined.pdb -> id=Dokholyan_9
2026-03-10 00:25:07 	 Docker cmd: docker run --rm -v D:\Studia\Projekty\gsp-lab:/work -v D:\Studia\Projekty\RNA_assessment:/rna_assessment -e RNA_ASSESSMENT_ROOT=/rna_assessment -e PYTHONPATH=/rna_assessment mcannotate-runtime python3 /work/src/utils/INF.py /work/data/finished/PZ10tRNA/pdb/PZ10tRNA_Dokholyan_9_solution.pdb /work/data/finished/PZ10tRNA/pdb/PZ10tRNA_Dokholyan_9_refined.pdb
2026-03-10 00:25:09 	 Docker exit code: 0
2026-03-10 00:25:09 	 Docker output length: 353
2026-03-10 00:25:10 	 Saved CSV: PZ10tRNA,Dokholyan_9,Dokholyan,9,refined_pair,0.17735496538964374,0,0,PZ10tRNA_Dokholyan_9_solution.pdb,PZ10tRNA_Dokholyan_9_refined.pdb
2026-03-10 00:25:10 	 SKIP (model is a solution file): PZ10tRNA_Bujnicki_1_solution.pdb
2026-03-10 00:25:10 	 SKIP (model is a solution file): PZ10tRNA_Bujnicki_10_solution.pdb
2026-03-10 00:25:10 	 SKIP (model is a solution file): PZ10tRNA_Bujnicki_2_solution.pdb
2026-03-10 00:25:10 	 SKIP (model is a solution file): PZ10tRNA_Bujnicki_3_solution.pdb
2026-03-10 00:25:10 	 SKIP (model is a solution file): PZ10tRNA_Bujnicki_4_solution.pdb
2026-03-10 00:25:10 	 SKIP (model is a solution file): PZ10tRNA_Bujnicki_5_solution.pdb
2026-03-10 00:25:10 	 SKIP (model is a solution file): PZ10tRNA_Bujnicki_6_solution.pdb
2026-03-10 00:25:10 	 SKIP (model is a solution file): PZ10tRNA_Bujnicki_7_solution.pdb
2026-03-10 00:25:10 	 SKIP (model is a solution file): PZ10tRNA_Bujnicki_8_solution.pdb
2026-03-10 00:25:10 	 SKIP (model is a solution file): PZ10tRNA_Bujnicki_9_solution.pdb
2026-03-10 00:25:10 	 SKIP (model is a solution file): PZ10tRNA_Chen_1_solution.pdb
2026-03-10 00:25:10 	 SKIP (model is a solution file): PZ10tRNA_Das_1_solution.pdb
2026-03-10 00:25:10 	 SKIP (model is a solution file): PZ10tRNA_Das_2_solution.pdb
2026-03-10 00:25:10 	 SKIP (model is a solution file): PZ10tRNA_Das_3_solution.pdb
2026-03-10 00:25:10 	 SKIP (model is a solution file): PZ10tRNA_Das_4_solution.pdb
2026-03-10 00:25:10 	 SKIP (model is a solution file): PZ10tRNA_Das_5_solution.pdb
2026-03-10 00:25:10 	 SKIP (model is a solution file): PZ10tRNA_Dokholyan_1_solution.pdb
2026-03-10 00:25:10 	 SKIP (model is a solution file): PZ10tRNA_Dokholyan_10_solution.pdb
2026-03-10 00:25:10 	 SKIP (model is a solution file): PZ10tRNA_Dokholyan_2_solution.pdb
2026-03-10 00:25:10 	 SKIP (model is a solution file): PZ10tRNA_Dokholyan_3_solution.pdb
2026-03-10 00:25:10 	 SKIP (model is a solution file): PZ10tRNA_Dokholyan_4_solution.pdb
2026-03-10 00:25:10 	 SKIP (model is a solution file): PZ10tRNA_Dokholyan_5_solution.pdb
2026-03-10 00:25:10 	 SKIP (model is a solution file): PZ10tRNA_Dokholyan_6_solution.pdb
2026-03-10 00:25:10 	 SKIP (model is a solution file): PZ10tRNA_Dokholyan_7_solution.pdb
2026-03-10 00:25:10 	 SKIP (model is a solution file): PZ10tRNA_Dokholyan_8_solution.pdb
2026-03-10 00:25:10 	 SKIP (model is a solution file): PZ10tRNA_Dokholyan_9_solution.pdb
2026-03-10 00:25:10 	 DONE case: PZ10tRNA
2026-03-10 01:12:38 	 START case: PZ10tRNA
2026-03-10 01:12:38 	 caseDir: D:\Studia\Projekty\gsp-lab\data\finished\PZ10tRNA
2026-03-10 01:12:38 	 pdbDir: D:\Studia\Projekty\gsp-lab\data\finished\PZ10tRNA\pdb
2026-03-10 01:12:38 	 Found pdb count: 52
2026-03-10 01:12:38 	 Global solution: PZ10tRNA_Bujnicki_1_solution.pdb
2026-03-10 01:12:38 	 SKIP already recorded (refined): Bujnicki_1
2026-03-10 01:12:38 	 SKIP already recorded (refined): Bujnicki_10
2026-03-10 01:12:38 	 SKIP already recorded (refined): Bujnicki_2
2026-03-10 01:12:38 	 SKIP already recorded (refined): Bujnicki_3
2026-03-10 01:12:38 	 SKIP already recorded (refined): Bujnicki_4
2026-03-10 01:12:38 	 SKIP already recorded (refined): Bujnicki_5
2026-03-10 01:12:38 	 SKIP already recorded (refined): Bujnicki_6
2026-03-10 01:12:38 	 SKIP already recorded (refined): Bujnicki_7
2026-03-10 01:12:38 	 SKIP already recorded (refined): Bujnicki_8
2026-03-10 01:12:38 	 SKIP already recorded (refined): Bujnicki_9
2026-03-10 01:12:38 	 SKIP already recorded (refined): Chen_1
2026-03-10 01:12:38 	 SKIP already recorded (refined): Das_1
2026-03-10 01:12:38 	 SKIP already recorded (refined): Das_2
2026-03-10 01:12:38 	 SKIP already recorded (refined): Das_3
2026-03-10 01:12:38 	 SKIP already recorded (refined): Das_4
2026-03-10 01:12:38 	 SKIP already recorded (refined): Das_5
2026-03-10 01:12:38 	 SKIP already recorded (refined): Dokholyan_1
2026-03-10 01:12:38 	 SKIP already recorded (refined): Dokholyan_10
2026-03-10 01:12:38 	 SKIP already recorded (refined): Dokholyan_2
2026-03-10 01:12:38 	 SKIP already recorded (refined): Dokholyan_3
2026-03-10 01:12:38 	 SKIP already recorded (refined): Dokholyan_4
2026-03-10 01:12:38 	 SKIP already recorded (refined): Dokholyan_5
2026-03-10 01:12:38 	 SKIP already recorded (refined): Dokholyan_6
2026-03-10 01:12:38 	 SKIP already recorded (refined): Dokholyan_7
2026-03-10 01:12:38 	 SKIP already recorded (refined): Dokholyan_8
2026-03-10 01:12:38 	 SKIP already recorded (refined): Dokholyan_9
2026-03-10 01:12:38 	 SKIP (model is a solution file): PZ10tRNA_Bujnicki_1_solution.pdb
2026-03-10 01:12:38 	 SKIP (model is a solution file): PZ10tRNA_Bujnicki_10_solution.pdb
2026-03-10 01:12:38 	 SKIP (model is a solution file): PZ10tRNA_Bujnicki_2_solution.pdb
2026-03-10 01:12:39 	 SKIP (model is a solution file): PZ10tRNA_Bujnicki_3_solution.pdb
2026-03-10 01:12:39 	 SKIP (model is a solution file): PZ10tRNA_Bujnicki_4_solution.pdb
2026-03-10 01:12:39 	 SKIP (model is a solution file): PZ10tRNA_Bujnicki_5_solution.pdb
2026-03-10 01:12:39 	 SKIP (model is a solution file): PZ10tRNA_Bujnicki_6_solution.pdb
2026-03-10 01:12:39 	 SKIP (model is a solution file): PZ10tRNA_Bujnicki_7_solution.pdb
2026-03-10 01:12:39 	 SKIP (model is a solution file): PZ10tRNA_Bujnicki_8_solution.pdb
2026-03-10 01:12:39 	 SKIP (model is a solution file): PZ10tRNA_Bujnicki_9_solution.pdb
2026-03-10 01:12:39 	 SKIP (model is a solution file): PZ10tRNA_Chen_1_solution.pdb
2026-03-10 01:12:39 	 SKIP (model is a solution file): PZ10tRNA_Das_1_solution.pdb
2026-03-10 01:12:39 	 SKIP (model is a solution file): PZ10tRNA_Das_2_solution.pdb
2026-03-10 01:12:39 	 SKIP (model is a solution file): PZ10tRNA_Das_3_solution.pdb
2026-03-10 01:12:39 	 SKIP (model is a solution file): PZ10tRNA_Das_4_solution.pdb
2026-03-10 01:12:39 	 SKIP (model is a solution file): PZ10tRNA_Das_5_solution.pdb
2026-03-10 01:12:39 	 SKIP (model is a solution file): PZ10tRNA_Dokholyan_1_solution.pdb
2026-03-10 01:12:39 	 SKIP (model is a solution file): PZ10tRNA_Dokholyan_10_solution.pdb
2026-03-10 01:12:39 	 SKIP (model is a solution file): PZ10tRNA_Dokholyan_2_solution.pdb
2026-03-10 01:12:39 	 SKIP (model is a solution file): PZ10tRNA_Dokholyan_3_solution.pdb
2026-03-10 01:12:39 	 SKIP (model is a solution file): PZ10tRNA_Dokholyan_4_solution.pdb
2026-03-10 01:12:39 	 SKIP (model is a solution file): PZ10tRNA_Dokholyan_5_solution.pdb
2026-03-10 01:12:39 	 SKIP (model is a solution file): PZ10tRNA_Dokholyan_6_solution.pdb
2026-03-10 01:12:39 	 SKIP (model is a solution file): PZ10tRNA_Dokholyan_7_solution.pdb
2026-03-10 01:12:39 	 SKIP (model is a solution file): PZ10tRNA_Dokholyan_8_solution.pdb
2026-03-10 01:12:39 	 SKIP (model is a solution file): PZ10tRNA_Dokholyan_9_solution.pdb
2026-03-10 01:12:39 	 DONE case: PZ10tRNA
2026-03-10 01:17:22 	 START case: PZ10tRNA
2026-03-10 01:17:22 	 caseDir: D:\Studia\Projekty\gsp-lab\data\finished\PZ10tRNA
2026-03-10 01:17:22 	 pdbDir: D:\Studia\Projekty\gsp-lab\data\finished\PZ10tRNA\pdb
2026-03-10 01:17:22 	 Found pdb count: 52
2026-03-10 01:17:22 	 Global solution: PZ10tRNA_Bujnicki_1_solution.pdb
2026-03-10 01:17:22 	 SKIP already recorded (refined): Bujnicki_1
2026-03-10 01:17:22 	 SKIP already recorded (refined): Bujnicki_10
2026-03-10 01:17:22 	 SKIP already recorded (refined): Bujnicki_2
2026-03-10 01:17:22 	 SKIP already recorded (refined): Bujnicki_3
2026-03-10 01:17:22 	 SKIP already recorded (refined): Bujnicki_4
2026-03-10 01:17:22 	 SKIP already recorded (refined): Bujnicki_5
2026-03-10 01:17:23 	 SKIP already recorded (refined): Bujnicki_6
2026-03-10 01:17:23 	 SKIP already recorded (refined): Bujnicki_7
2026-03-10 01:17:23 	 SKIP already recorded (refined): Bujnicki_8
2026-03-10 01:17:23 	 SKIP already recorded (refined): Bujnicki_9
2026-03-10 01:17:23 	 SKIP already recorded (refined): Chen_1
2026-03-10 01:17:23 	 SKIP already recorded (refined): Das_1
2026-03-10 01:17:23 	 SKIP already recorded (refined): Das_2
2026-03-10 01:17:23 	 SKIP already recorded (refined): Das_3
2026-03-10 01:17:23 	 SKIP already recorded (refined): Das_4
2026-03-10 01:17:23 	 SKIP already recorded (refined): Das_5
2026-03-10 01:17:23 	 SKIP already recorded (refined): Dokholyan_1
2026-03-10 01:17:23 	 SKIP already recorded (refined): Dokholyan_10
2026-03-10 01:17:23 	 SKIP already recorded (refined): Dokholyan_2
2026-03-10 01:17:23 	 SKIP already recorded (refined): Dokholyan_3
2026-03-10 01:17:23 	 SKIP already recorded (refined): Dokholyan_4
2026-03-10 01:17:23 	 SKIP already recorded (refined): Dokholyan_5
2026-03-10 01:17:23 	 SKIP already recorded (refined): Dokholyan_6
2026-03-10 01:17:23 	 SKIP already recorded (refined): Dokholyan_7
2026-03-10 01:17:23 	 SKIP already recorded (refined): Dokholyan_8
2026-03-10 01:17:23 	 SKIP already recorded (refined): Dokholyan_9
2026-03-10 01:17:23 	 SKIP (model is a solution file): PZ10tRNA_Bujnicki_1_solution.pdb
2026-03-10 01:17:23 	 SKIP (model is a solution file): PZ10tRNA_Bujnicki_10_solution.pdb
2026-03-10 01:17:23 	 SKIP (model is a solution file): PZ10tRNA_Bujnicki_2_solution.pdb
2026-03-10 01:17:23 	 SKIP (model is a solution file): PZ10tRNA_Bujnicki_3_solution.pdb
2026-03-10 01:17:23 	 SKIP (model is a solution file): PZ10tRNA_Bujnicki_4_solution.pdb
2026-03-10 01:17:23 	 SKIP (model is a solution file): PZ10tRNA_Bujnicki_5_solution.pdb
2026-03-10 01:17:23 	 SKIP (model is a solution file): PZ10tRNA_Bujnicki_6_solution.pdb
2026-03-10 01:17:23 	 SKIP (model is a solution file): PZ10tRNA_Bujnicki_7_solution.pdb
2026-03-10 01:17:23 	 SKIP (model is a solution file): PZ10tRNA_Bujnicki_8_solution.pdb
2026-03-10 01:17:23 	 SKIP (model is a solution file): PZ10tRNA_Bujnicki_9_solution.pdb
2026-03-10 01:17:23 	 SKIP (model is a solution file): PZ10tRNA_Chen_1_solution.pdb
2026-03-10 01:17:23 	 SKIP (model is a solution file): PZ10tRNA_Das_1_solution.pdb
2026-03-10 01:17:23 	 SKIP (model is a solution file): PZ10tRNA_Das_2_solution.pdb
2026-03-10 01:17:23 	 SKIP (model is a solution file): PZ10tRNA_Das_3_solution.pdb
2026-03-10 01:17:23 	 SKIP (model is a solution file): PZ10tRNA_Das_4_solution.pdb
2026-03-10 01:17:23 	 SKIP (model is a solution file): PZ10tRNA_Das_5_solution.pdb
2026-03-10 01:17:23 	 SKIP (model is a solution file): PZ10tRNA_Dokholyan_1_solution.pdb
2026-03-10 01:17:23 	 SKIP (model is a solution file): PZ10tRNA_Dokholyan_10_solution.pdb
2026-03-10 01:17:23 	 SKIP (model is a solution file): PZ10tRNA_Dokholyan_2_solution.pdb
2026-03-10 01:17:23 	 SKIP (model is a solution file): PZ10tRNA_Dokholyan_3_solution.pdb
2026-03-10 01:17:23 	 SKIP (model is a solution file): PZ10tRNA_Dokholyan_4_solution.pdb
2026-03-10 01:17:23 	 SKIP (model is a solution file): PZ10tRNA_Dokholyan_5_solution.pdb
2026-03-10 01:17:23 	 SKIP (model is a solution file): PZ10tRNA_Dokholyan_6_solution.pdb
2026-03-10 01:17:23 	 SKIP (model is a solution file): PZ10tRNA_Dokholyan_7_solution.pdb
2026-03-10 01:17:23 	 SKIP (model is a solution file): PZ10tRNA_Dokholyan_8_solution.pdb
2026-03-10 01:17:23 	 SKIP (model is a solution file): PZ10tRNA_Dokholyan_9_solution.pdb
2026-03-10 01:17:23 	 DONE case: PZ10tRNA
2026-03-10 01:21:48 	 START case: PZ10tRNA
2026-03-10 01:21:48 	 caseDir: D:\Studia\Projekty\gsp-lab\data\finished\PZ10tRNA
2026-03-10 01:21:48 	 pdbDir: D:\Studia\Projekty\gsp-lab\data\finished\PZ10tRNA\pdb
2026-03-10 01:21:48 	 Found pdb count: 52
2026-03-10 01:21:49 	 Global solution: PZ10tRNA_Bujnicki_1_solution.pdb
2026-03-10 01:21:49 	 SKIP already recorded (refined): Bujnicki_1
2026-03-10 01:21:49 	 SKIP already recorded (refined): Bujnicki_10
2026-03-10 01:21:49 	 SKIP already recorded (refined): Bujnicki_2
2026-03-10 01:21:49 	 SKIP already recorded (refined): Bujnicki_3
2026-03-10 01:21:49 	 SKIP already recorded (refined): Bujnicki_4
2026-03-10 01:21:49 	 SKIP already recorded (refined): Bujnicki_5
2026-03-10 01:21:49 	 SKIP already recorded (refined): Bujnicki_6
2026-03-10 01:21:49 	 SKIP already recorded (refined): Bujnicki_7
2026-03-10 01:21:49 	 SKIP already recorded (refined): Bujnicki_8
2026-03-10 01:21:49 	 SKIP already recorded (refined): Bujnicki_9
2026-03-10 01:21:49 	 SKIP already recorded (refined): Chen_1
2026-03-10 01:21:49 	 SKIP already recorded (refined): Das_1
2026-03-10 01:21:49 	 SKIP already recorded (refined): Das_2
2026-03-10 01:21:49 	 SKIP already recorded (refined): Das_3
2026-03-10 01:21:49 	 SKIP already recorded (refined): Das_4
2026-03-10 01:21:49 	 SKIP already recorded (refined): Das_5
2026-03-10 01:21:49 	 SKIP already recorded (refined): Dokholyan_1
2026-03-10 01:21:49 	 SKIP already recorded (refined): Dokholyan_10
2026-03-10 01:21:49 	 SKIP already recorded (refined): Dokholyan_2
2026-03-10 01:21:49 	 SKIP already recorded (refined): Dokholyan_3
2026-03-10 01:21:49 	 SKIP already recorded (refined): Dokholyan_4
2026-03-10 01:21:49 	 SKIP already recorded (refined): Dokholyan_5
2026-03-10 01:21:49 	 SKIP already recorded (refined): Dokholyan_6
2026-03-10 01:21:49 	 SKIP already recorded (refined): Dokholyan_7
2026-03-10 01:21:49 	 SKIP already recorded (refined): Dokholyan_8
2026-03-10 01:21:49 	 SKIP already recorded (refined): Dokholyan_9
2026-03-10 01:21:49 	 SKIP (model is a solution file): PZ10tRNA_Bujnicki_1_solution.pdb
2026-03-10 01:21:49 	 SKIP (model is a solution file): PZ10tRNA_Bujnicki_10_solution.pdb
2026-03-10 01:21:49 	 SKIP (model is a solution file): PZ10tRNA_Bujnicki_2_solution.pdb
2026-03-10 01:21:49 	 SKIP (model is a solution file): PZ10tRNA_Bujnicki_3_solution.pdb
2026-03-10 01:21:49 	 SKIP (model is a solution file): PZ10tRNA_Bujnicki_4_solution.pdb
2026-03-10 01:21:49 	 SKIP (model is a solution file): PZ10tRNA_Bujnicki_5_solution.pdb
2026-03-10 01:21:49 	 SKIP (model is a solution file): PZ10tRNA_Bujnicki_6_solution.pdb
2026-03-10 01:21:49 	 SKIP (model is a solution file): PZ10tRNA_Bujnicki_7_solution.pdb
2026-03-10 01:21:49 	 SKIP (model is a solution file): PZ10tRNA_Bujnicki_8_solution.pdb
2026-03-10 01:21:49 	 SKIP (model is a solution file): PZ10tRNA_Bujnicki_9_solution.pdb
2026-03-10 01:21:49 	 SKIP (model is a solution file): PZ10tRNA_Chen_1_solution.pdb
2026-03-10 01:21:49 	 SKIP (model is a solution file): PZ10tRNA_Das_1_solution.pdb
2026-03-10 01:21:49 	 SKIP (model is a solution file): PZ10tRNA_Das_2_solution.pdb
2026-03-10 01:21:49 	 SKIP (model is a solution file): PZ10tRNA_Das_3_solution.pdb
2026-03-10 01:21:49 	 SKIP (model is a solution file): PZ10tRNA_Das_4_solution.pdb
2026-03-10 01:21:49 	 SKIP (model is a solution file): PZ10tRNA_Das_5_solution.pdb
2026-03-10 01:21:49 	 SKIP (model is a solution file): PZ10tRNA_Dokholyan_1_solution.pdb
2026-03-10 01:21:49 	 SKIP (model is a solution file): PZ10tRNA_Dokholyan_10_solution.pdb
2026-03-10 01:21:49 	 SKIP (model is a solution file): PZ10tRNA_Dokholyan_2_solution.pdb
2026-03-10 01:21:49 	 SKIP (model is a solution file): PZ10tRNA_Dokholyan_3_solution.pdb
2026-03-10 01:21:49 	 SKIP (model is a solution file): PZ10tRNA_Dokholyan_4_solution.pdb
2026-03-10 01:21:49 	 SKIP (model is a solution file): PZ10tRNA_Dokholyan_5_solution.pdb
2026-03-10 01:21:49 	 SKIP (model is a solution file): PZ10tRNA_Dokholyan_6_solution.pdb
2026-03-10 01:21:49 	 SKIP (model is a solution file): PZ10tRNA_Dokholyan_7_solution.pdb
2026-03-10 01:21:49 	 SKIP (model is a solution file): PZ10tRNA_Dokholyan_8_solution.pdb
2026-03-10 01:21:49 	 SKIP (model is a solution file): PZ10tRNA_Dokholyan_9_solution.pdb
2026-03-10 01:21:49 	 DONE case: PZ10tRNA
