{
  "native_pdb": "/tmp/rna_inf_mqtmmj85/PZ10tRNA_Bujnicki_1_solution_normalized.pdb",
  "native_index": null,
  "model_pdb": "/tmp/rna_inf_8y6nk0_q/PZ10tRNA_Bujnicki_1_refined_normalized.pdb",
  "model_index": null,
  "rmsd": 18.264397478538438,
  "inf_all": 0.13740858372430334,
  "inf_wc": 0.0,
  "inf_nwc": -1.0,
  "inf_stack": 0.17115710875401685
}
{
  "native_pdb": "/tmp/rna_inf_iozenwj5/PZ10tRNA_Bujnicki_10_solution_normalized.pdb",
  "native_index": null,
  "model_pdb": "/tmp/rna_inf_pllgtjo0/PZ10tRNA_Bujnicki_10_refined_normalized.pdb",
  "model_index": null,
  "rmsd": 18.34864578871724,
  "inf_all": 0.09811049102515929,
  "inf_wc": 0.0,
  "inf_nwc": -1.0,
  "inf_stack": 0.12535414694482047
}
{
  "native_pdb": "/tmp/rna_inf_cdwjfx06/PZ10tRNA_Bujnicki_2_solution_normalized.pdb",
  "native_index": null,
  "model_pdb": "/tmp/rna_inf_lw85ta8j/PZ10tRNA_Bujnicki_2_refined_normalized.pdb",
  "model_index": null,
  "rmsd": 18.349205364298236,
  "inf_all": 0.13740858372430334,
  "inf_wc": 0.0,
  "inf_nwc": 0.0,
  "inf_stack": 0.17900038893953926
}
{
  "native_pdb": "/tmp/rna_inf_arjviuoi/PZ10tRNA_Bujnicki_3_solution_normalized.pdb",
  "native_index": null,
  "model_pdb": "/tmp/rna_inf_w1yi4aox/PZ10tRNA_Bujnicki_3_refined_normalized.pdb",
  "model_index": null,
  "rmsd": 18.31108015687297,
  "inf_all": 0.1526762041381148,
  "inf_wc": 0.0,
  "inf_nwc": -1.0,
  "inf_stack": 0.19295098316976828
}
{
  "native_pdb": "/tmp/rna_inf_jp17ina7/PZ10tRNA_Bujnicki_4_solution_normalized.pdb",
  "native_index": null,
  "model_pdb": "/tmp/rna_inf_9_2_at6j/PZ10tRNA_Bujnicki_4_refined_normalized.pdb",
  "model_index": null,
  "rmsd": 17.904336297313115,
  "inf_all": 0.10298573010888744,
  "inf_wc": 0.0,
  "inf_nwc": 0.0,
  "inf_stack": 0.12947431807922394
}
{
  "native_pdb": "/tmp/rna_inf_kxjbjosg/PZ10tRNA_Bujnicki_5_solution_normalized.pdb",
  "native_index": null,
  "model_pdb": "/tmp/rna_inf_v1f7mkkc/PZ10tRNA_Bujnicki_5_refined_normalized.pdb",
  "model_index": null,
  "rmsd": 18.337362299962397,
  "inf_all": 0.13740858372430334,
  "inf_wc": 0.0,
  "inf_nwc": -1.0,
  "inf_stack": 0.17115710875401685
}
{
  "native_pdb": "/tmp/rna_inf_xuzf3hq7/PZ10tRNA_Bujnicki_6_solution_normalized.pdb",
  "native_index": null,
  "model_pdb": "/tmp/rna_inf_zq104zkm/PZ10tRNA_Bujnicki_6_refined_normalized.pdb",
  "model_index": null,
  "rmsd": 18.363806549133724,
  "inf_all": 0.1308615135530187,
  "inf_wc": 0.0,
  "inf_nwc": -1.0,
  "inf_stack": 0.1621424235993525
}
{
  "native_pdb": "/tmp/rna_inf_dnkv2q6e/PZ10tRNA_Bujnicki_7_solution_normalized.pdb",
  "native_index": null,
  "model_pdb": "/tmp/rna_inf_8787nxd6/PZ10tRNA_Bujnicki_7_refined_normalized.pdb",
  "model_index": null,
  "rmsd": 18.296868840364017,
  "inf_all": 0.13740858372430334,
  "inf_wc": 0.0,
  "inf_nwc": -1.0,
  "inf_stack": 0.17115710875401685
}
{
  "native_pdb": "/tmp/rna_inf_ym8ydghd/PZ10tRNA_Bujnicki_8_solution_normalized.pdb",
  "native_index": null,
  "model_pdb": "/tmp/rna_inf_nrg3r4vd/PZ10tRNA_Bujnicki_8_refined_normalized.pdb",
  "model_index": null,
  "rmsd": 18.301331285234355,
  "inf_all": 0.11632134538046104,
  "inf_wc": 0.0,
  "inf_nwc": 0.0,
  "inf_stack": 0.14601068654819693
}
{
  "native_pdb": "/tmp/rna_inf_tgcj7ryl/PZ10tRNA_Bujnicki_9_solution_normalized.pdb",
  "native_index": null,
  "model_pdb": "/tmp/rna_inf_pr05g7mo/PZ10tRNA_Bujnicki_9_refined_normalized.pdb",
  "model_index": null,
  "rmsd": 18.333883084513367,
  "inf_all": 0.13401525544428144,
  "inf_wc": 0.0,
  "inf_nwc": -1.0,
  "inf_stack": 0.1687631851389036
}
{
  "native_pdb": "/tmp/rna_inf_ybhdby7o/PZ10tRNA_Chen_1_solution_normalized.pdb",
  "native_index": null,
  "model_pdb": "/tmp/rna_inf_smv899n3/PZ10tRNA_Chen_1_refined_normalized.pdb",
  "model_index": null,
  "rmsd": 18.381511879282638,
  "inf_all": 0.09009374626955591,
  "inf_wc": 0.0,
  "inf_nwc": 0.0,
  "inf_stack": 0.11482880304365635
}
{
  "native_pdb": "/tmp/rna_inf_nslgr12r/PZ10tRNA_Das_1_solution_normalized.pdb",
  "native_index": null,
  "model_pdb": "/tmp/rna_inf_51oqnih5/PZ10tRNA_Das_1_refined_normalized.pdb",
  "model_index": null,
  "rmsd": 17.317713004791923,
  "inf_all": 0.15803327434500583,
  "inf_wc": 0.0,
  "inf_nwc": 0.0,
  "inf_stack": 0.20637387960543488
}
{
  "native_pdb": "/tmp/rna_inf_0s_wf9u2/PZ10tRNA_Das_2_solution_normalized.pdb",
  "native_index": null,
  "model_pdb": "/tmp/rna_inf_zvq66re8/PZ10tRNA_Das_2_refined_normalized.pdb",
  "model_index": null,
  "rmsd": 18.71284461270852,
  "inf_all": 0.14042052606639838,
  "inf_wc": 0.0,
  "inf_nwc": 0.0,
  "inf_stack": 0.1832114449657378
}
{
  "native_pdb": "/tmp/rna_inf_8s0aatlh/PZ10tRNA_Das_3_solution_normalized.pdb",
  "native_index": null,
  "model_pdb": "/tmp/rna_inf_6qk19wie/PZ10tRNA_Das_3_refined_normalized.pdb",
  "model_index": null,
  "rmsd": 17.462141794684985,
  "inf_all": 0.1287188155608652,
  "inf_wc": 0.0,
  "inf_nwc": 0.0,
  "inf_stack": 0.16643757148392066
}
{
  "native_pdb": "/tmp/rna_inf_2ra552jh/PZ10tRNA_Das_4_solution_normalized.pdb",
  "native_index": null,
  "model_pdb": "/tmp/rna_inf_9kea4sxs/PZ10tRNA_Das_4_refined_normalized.pdb",
  "model_index": null,
  "rmsd": 17.817092685239963,
  "inf_all": 0.1602749930416327,
  "inf_wc": 0.0,
  "inf_nwc": 0.0,
  "inf_stack": 0.2081453617075184
}
{
  "native_pdb": "/tmp/rna_inf_plmpql6h/PZ10tRNA_Das_5_solution_normalized.pdb",
  "native_index": null,
  "model_pdb": "/tmp/rna_inf_d04b3ori/PZ10tRNA_Das_5_refined_normalized.pdb",
  "model_index": null,
  "rmsd": 18.374615519130312,
  "inf_all": 0.1287188155608652,
  "inf_wc": 0.0,
  "inf_nwc": 0.0,
  "inf_stack": 0.16643757148392066
}
{
  "native_pdb": "/tmp/rna_inf_mjkjhxl7/PZ10tRNA_Dokholyan_1_solution_normalized.pdb",
  "native_index": null,
  "model_pdb": "/tmp/rna_inf_qzuxh6tm/PZ10tRNA_Dokholyan_1_refined_normalized.pdb",
  "model_index": null,
  "rmsd": 19.291040394741298,
  "inf_all": 0.21452908258025827,
  "inf_wc": 0.0,
  "inf_nwc": 0.0,
  "inf_stack": 0.27307227890281793
}
{
  "native_pdb": "/tmp/rna_inf_4au8ag68/PZ10tRNA_Dokholyan_10_solution_normalized.pdb",
  "native_index": null,
  "model_pdb": "/tmp/rna_inf_mls4uicz/PZ10tRNA_Dokholyan_10_refined_normalized.pdb",
  "model_index": null,
  "rmsd": 19.13228784795433,
  "inf_all": 0.16765598754029182,
  "inf_wc": 0.0,
  "inf_nwc": 0.0,
  "inf_stack": 0.21219835670692222
}
{
  "native_pdb": "/tmp/rna_inf_89ce6275/PZ10tRNA_Dokholyan_2_solution_normalized.pdb",
  "native_index": null,
  "model_pdb": "/tmp/rna_inf_0av4i92c/PZ10tRNA_Dokholyan_2_refined_normalized.pdb",
  "model_index": null,
  "rmsd": 19.92634396399283,
  "inf_all": 0.1295217536392745,
  "inf_wc": 0.0,
  "inf_nwc": -1.0,
  "inf_stack": 0.16269036695641684
}
{
  "native_pdb": "/tmp/rna_inf_e27joyti/PZ10tRNA_Dokholyan_3_solution_normalized.pdb",
  "native_index": null,
  "model_pdb": "/tmp/rna_inf_s1jbd6kn/PZ10tRNA_Dokholyan_3_refined_normalized.pdb",
  "model_index": null,
  "rmsd": 18.60760580605394,
  "inf_all": 0.20206272811308865,
  "inf_wc": 0.0,
  "inf_nwc": -1.0,
  "inf_stack": 0.25207010887161435
}
{
  "native_pdb": "/tmp/rna_inf_jd8qv0b5/PZ10tRNA_Dokholyan_4_solution_normalized.pdb",
  "native_index": null,
  "model_pdb": "/tmp/rna_inf_ql462yio/PZ10tRNA_Dokholyan_4_refined_normalized.pdb",
  "model_index": null,
  "rmsd": 19.979018494095683,
  "inf_all": 0.16067385303553675,
  "inf_wc": 0.0,
  "inf_nwc": 0.0,
  "inf_stack": 0.2047597175387335
}
{
  "native_pdb": "/tmp/rna_inf_z4hv0mqb/PZ10tRNA_Dokholyan_5_solution_normalized.pdb",
  "native_index": null,
  "model_pdb": "/tmp/rna_inf_i60bpdoc/PZ10tRNA_Dokholyan_5_refined_normalized.pdb",
  "model_index": null,
  "rmsd": 20.93073473229705,
  "inf_all": 0.15144563320384566,
  "inf_wc": 0.0,
  "inf_nwc": 0.0,
  "inf_stack": 0.19418390934515434
}
{
  "native_pdb": "/tmp/rna_inf_o61i1x4_/PZ10tRNA_Dokholyan_6_solution_normalized.pdb",
  "native_index": null,
  "model_pdb": "/tmp/rna_inf_bu3pg_fw/PZ10tRNA_Dokholyan_6_refined_normalized.pdb",
  "model_index": null,
  "rmsd": 20.868309744866018,
  "inf_all": 0.16257538494050677,
  "inf_wc": 0.0,
  "inf_nwc": -1.0,
  "inf_stack": 0.2020475485519274
}
{
  "native_pdb": "/tmp/rna_inf__w9qkz94/PZ10tRNA_Dokholyan_7_solution_normalized.pdb",
  "native_index": null,
  "model_pdb": "/tmp/rna_inf_ofu8ds64/PZ10tRNA_Dokholyan_7_refined_normalized.pdb",
  "model_index": null,
  "rmsd": 20.322257373690697,
  "inf_all": 0.1911176967891096,
  "inf_wc": 0.0,
  "inf_nwc": 0.0,
  "inf_stack": 0.2461664056544378
}
{
  "native_pdb": "/tmp/rna_inf_cny1dds7/PZ10tRNA_Dokholyan_8_solution_normalized.pdb",
  "native_index": null,
  "model_pdb": "/tmp/rna_inf_qjsg9nfk/PZ10tRNA_Dokholyan_8_refined_normalized.pdb",
  "model_index": null,
  "rmsd": 20.423521075835843,
  "inf_all": 0.1363010698834611,
  "inf_wc": 0.0,
  "inf_nwc": -1.0,
  "inf_stack": 0.17225077552896437
}
{
  "native_pdb": "/tmp/rna_inf_5ovrr68v/PZ10tRNA_Dokholyan_9_solution_normalized.pdb",
  "native_index": null,
  "model_pdb": "/tmp/rna_inf_67cirf2a/PZ10tRNA_Dokholyan_9_refined_normalized.pdb",
  "model_index": null,
  "rmsd": 21.20476187583738,
  "inf_all": 0.17735496538964374,
  "inf_wc": 0.0,
  "inf_nwc": 0.0,
  "inf_stack": 0.22041550751119351
}
