{
  "native_pdb": "/tmp/rna_inf_zm5kc304/10_Bujnicki_1_solution_normalized.pdb",
  "native_index": null,
  "model_pdb": "/tmp/rna_inf_alift_d0/10_Bujnicki_1_refined_normalized.pdb",
  "model_index": null,
  "rmsd": 10.17018924738035,
  "inf_all": 0.8425150953030567,
  "inf_wc": 0.9167630803291249,
  "inf_nwc": 0.6761234037828132,
  "inf_stack": 0.8331802109828561
}
{
  "native_pdb": "/tmp/rna_inf_tti8of9a/10_Bujnicki_10_solution_normalized.pdb",
  "native_index": null,
  "model_pdb": "/tmp/rna_inf_tbn4smi6/10_Bujnicki_10_refined_normalized.pdb",
  "model_index": null,
  "rmsd": 10.389285024951018,
  "inf_all": 0.8170494022151804,
  "inf_wc": 0.9090909090909091,
  "inf_nwc": 0.6929348671835832,
  "inf_stack": 0.8032741236882647
}
{
  "native_pdb": "/tmp/rna_inf_41m3o8x7/10_Bujnicki_2_solution_normalized.pdb",
  "native_index": null,
  "model_pdb": "/tmp/rna_inf_kn7giwix/10_Bujnicki_2_refined_normalized.pdb",
  "model_index": null,
  "rmsd": 10.382640204515383,
  "inf_all": 0.8196856415646934,
  "inf_wc": 0.9015889691237621,
  "inf_nwc": 0.667124384994991,
  "inf_stack": 0.8077620584572482
}
{
  "native_pdb": "/tmp/rna_inf_o9wxvm9b/10_Bujnicki_3_solution_normalized.pdb",
  "native_index": null,
  "model_pdb": "/tmp/rna_inf_3jen73bw/10_Bujnicki_3_refined_normalized.pdb",
  "model_index": null,
  "rmsd": 10.367168657797631,
  "inf_all": 0.8231958467137355,
  "inf_wc": 0.9139076937674137,
  "inf_nwc": 0.5640760748177662,
  "inf_stack": 0.8171731960692915
}
{
  "native_pdb": "/tmp/rna_inf_yzorhlvu/10_Bujnicki_4_solution_normalized.pdb",
  "native_index": null,
  "model_pdb": "/tmp/rna_inf_a82v1w41/10_Bujnicki_4_refined_normalized.pdb",
  "model_index": null,
  "rmsd": 9.331257895476663,
  "inf_all": 0.7493694900518852,
  "inf_wc": 0.8740993002953723,
  "inf_nwc": 0.40291148201269017,
  "inf_stack": 0.7382537034313078
}
{
  "native_pdb": "/tmp/rna_inf_zmjcga98/10_Bujnicki_5_solution_normalized.pdb",
  "native_index": null,
  "model_pdb": "/tmp/rna_inf_4i5i8vzg/10_Bujnicki_5_refined_normalized.pdb",
  "model_index": null,
  "rmsd": 10.266547254192124,
  "inf_all": 0.8188287291853963,
  "inf_wc": 0.8655106783875356,
  "inf_nwc": 0.5640760748177662,
  "inf_stack": 0.8279105647628294
}
{
  "native_pdb": "/tmp/rna_inf_schnt6ad/10_Bujnicki_6_solution_normalized.pdb",
  "native_index": null,
  "model_pdb": "/tmp/rna_inf_8n8xt403/10_Bujnicki_6_refined_normalized.pdb",
  "model_index": null,
  "rmsd": 10.353481310597642,
  "inf_all": 0.811502269709079,
  "inf_wc": 0.861460984507896,
  "inf_nwc": 0.50709255283711,
  "inf_stack": 0.8225833806307756
}
{
  "native_pdb": "/tmp/rna_inf_axyw2rjz/10_Bujnicki_7_solution_normalized.pdb",
  "native_index": null,
  "model_pdb": "/tmp/rna_inf_wx49p3jg/10_Bujnicki_7_refined_normalized.pdb",
  "model_index": null,
  "rmsd": 10.240407561085739,
  "inf_all": 0.7992853365899456,
  "inf_wc": 0.8829975091205935,
  "inf_nwc": 0.5400617248673217,
  "inf_stack": 0.7965754039014257
}
{
  "native_pdb": "/tmp/rna_inf_1mhryn2t/10_Bujnicki_8_solution_normalized.pdb",
  "native_index": null,
  "model_pdb": "/tmp/rna_inf_f0u5u7_n/10_Bujnicki_8_refined_normalized.pdb",
  "model_index": null,
  "rmsd": 10.185112328526477,
  "inf_all": 0.8274111675126904,
  "inf_wc": 0.8954430086935639,
  "inf_nwc": 0.6428571428571429,
  "inf_stack": 0.823729846201355
}
{
  "native_pdb": "/tmp/rna_inf_40eue8jo/10_Bujnicki_9_solution_normalized.pdb",
  "native_index": null,
  "model_pdb": "/tmp/rna_inf_uylslfry/10_Bujnicki_9_refined_normalized.pdb",
  "model_index": null,
  "rmsd": 10.35016964164606,
  "inf_all": 0.8158073517478158,
  "inf_wc": 0.8829975091205935,
  "inf_nwc": 0.6900655593423543,
  "inf_stack": 0.8073979131219721
}
{
  "native_pdb": "/tmp/rna_inf_nkqizdhk/10_Chen_1_solution_normalized.pdb",
  "native_index": null,
  "model_pdb": "/tmp/rna_inf_lkh53uxb/10_Chen_1_refined_normalized.pdb",
  "model_index": null,
  "rmsd": 11.326833739605268,
  "inf_all": 0.7339201539762369,
  "inf_wc": 0.8374357893586238,
  "inf_nwc": 0.48304589153964794,
  "inf_stack": 0.7309877234771388
}
{
  "native_pdb": "/tmp/rna_inf_v6lys7mu/10_Das_1_solution_normalized.pdb",
  "native_index": null,
  "model_pdb": "/tmp/rna_inf_963yyq1b/10_Das_1_refined_normalized.pdb",
  "model_index": null,
  "rmsd": 7.611461901774847,
  "inf_all": 0.8240111894966962,
  "inf_wc": 0.9198662110077999,
  "inf_nwc": 0.6998542122237651,
  "inf_stack": 0.8111493601950124
}
{
  "native_pdb": "/tmp/rna_inf_17hvnmf7/10_Das_2_solution_normalized.pdb",
  "native_index": null,
  "model_pdb": "/tmp/rna_inf_j3ftchau/10_Das_2_refined_normalized.pdb",
  "model_index": null,
  "rmsd": 10.49833764046451,
  "inf_all": 0.8298795492181679,
  "inf_wc": 0.928840728025648,
  "inf_nwc": 0.7778444682625972,
  "inf_stack": 0.8032741236882647
}
{
  "native_pdb": "/tmp/rna_inf_esp7m7e4/10_Das_3_solution_normalized.pdb",
  "native_index": null,
  "model_pdb": "/tmp/rna_inf_kbk1i1uo/10_Das_3_refined_normalized.pdb",
  "model_index": null,
  "rmsd": 6.840011390761315,
  "inf_all": 0.813302137611923,
  "inf_wc": 0.9455689188371164,
  "inf_nwc": 0.6998542122237651,
  "inf_stack": 0.7864576999081347
}
{
  "native_pdb": "/tmp/rna_inf_v7_g15s1/10_Das_4_solution_normalized.pdb",
  "native_index": null,
  "model_pdb": "/tmp/rna_inf_5_dlhiwy/10_Das_4_refined_normalized.pdb",
  "model_index": null,
  "rmsd": 7.0783797605812,
  "inf_all": 0.8270086825060678,
  "inf_wc": 0.9476070829586857,
  "inf_nwc": 0.6837634587578276,
  "inf_stack": 0.8086348577149404
}
{
  "native_pdb": "/tmp/rna_inf_yg3qin0p/10_Das_5_solution_normalized.pdb",
  "native_index": null,
  "model_pdb": "/tmp/rna_inf_uu6zeizx/10_Das_5_refined_normalized.pdb",
  "model_index": null,
  "rmsd": 10.452931852011345,
  "inf_all": 0.8473202430942797,
  "inf_wc": 0.9476070829586857,
  "inf_nwc": 0.7778444682625972,
  "inf_stack": 0.8225778654316894
}
{
  "native_pdb": "/tmp/rna_inf_kx24et9z/10_Dokholyan_1_solution_normalized.pdb",
  "native_index": null,
  "model_pdb": "/tmp/rna_inf_pgzank11/10_Dokholyan_1_refined_normalized.pdb",
  "model_index": null,
  "rmsd": 13.1544337709298,
  "inf_all": 0.692446792898616,
  "inf_wc": 0.8576090194104078,
  "inf_nwc": 0.10101525445522107,
  "inf_stack": 0.6836234187783409
}
{
  "native_pdb": "/tmp/rna_inf_f1k24tb2/10_Dokholyan_10_solution_normalized.pdb",
  "native_index": null,
  "model_pdb": "/tmp/rna_inf_i_bardu0/10_Dokholyan_10_refined_normalized.pdb",
  "model_index": null,
  "rmsd": 13.194706337668714,
  "inf_all": 0.6827842290508007,
  "inf_wc": 0.8921479867729514,
  "inf_nwc": 0.0,
  "inf_stack": 0.6543805854230912
}
{
  "native_pdb": "/tmp/rna_inf_a9cfe2_f/10_Dokholyan_2_solution_normalized.pdb",
  "native_index": null,
  "model_pdb": "/tmp/rna_inf_rjzefdol/10_Dokholyan_2_refined_normalized.pdb",
  "model_index": null,
  "rmsd": 14.010492031565544,
  "inf_all": 0.6756179168733932,
  "inf_wc": 0.848628572784027,
  "inf_nwc": 0.11952286093343936,
  "inf_stack": 0.6563272811331119
}
{
  "native_pdb": "/tmp/rna_inf_pv7su4l8/10_Dokholyan_3_solution_normalized.pdb",
  "native_index": null,
  "model_pdb": "/tmp/rna_inf_ityoiart/10_Dokholyan_3_refined_normalized.pdb",
  "model_index": null,
  "rmsd": 12.500317667495313,
  "inf_all": 0.7155275644106746,
  "inf_wc": 0.8795989942670849,
  "inf_nwc": 0.10101525445522107,
  "inf_stack": 0.7098569450910548
}
{
  "native_pdb": "/tmp/rna_inf_51wh_a7e/10_Dokholyan_4_solution_normalized.pdb",
  "native_index": null,
  "model_pdb": "/tmp/rna_inf_uvnyy3ie/10_Dokholyan_4_refined_normalized.pdb",
  "model_index": null,
  "rmsd": 13.352328578379174,
  "inf_all": 0.6970833825808932,
  "inf_wc": 0.8703882797784892,
  "inf_nwc": 0.1543033499620919,
  "inf_stack": 0.6720665471912828
}
{
  "native_pdb": "/tmp/rna_inf_wqxx8_aj/10_Dokholyan_5_solution_normalized.pdb",
  "native_index": null,
  "model_pdb": "/tmp/rna_inf_qh8h5e7w/10_Dokholyan_5_refined_normalized.pdb",
  "model_index": null,
  "rmsd": 16.731483089183627,
  "inf_all": 0.6315928826925974,
  "inf_wc": 0.8399244598951987,
  "inf_nwc": 0.0,
  "inf_stack": 0.5922879960201208
}
{
  "native_pdb": "/tmp/rna_inf_u5xb9xbj/10_Dokholyan_6_solution_normalized.pdb",
  "native_index": null,
  "model_pdb": "/tmp/rna_inf_q16ce354/10_Dokholyan_6_refined_normalized.pdb",
  "model_index": null,
  "rmsd": 17.420665250638002,
  "inf_all": 0.6676377433908712,
  "inf_wc": 0.8954430086935639,
  "inf_nwc": 0.1336306209562122,
  "inf_stack": 0.6211364588685337
}
{
  "native_pdb": "/tmp/rna_inf_net_geb7/10_Dokholyan_7_solution_normalized.pdb",
  "native_index": null,
  "model_pdb": "/tmp/rna_inf_t5fx0as8/10_Dokholyan_7_refined_normalized.pdb",
  "model_index": null,
  "rmsd": 16.247839258864637,
  "inf_all": 0.6720094081975726,
  "inf_wc": 0.8268688657895648,
  "inf_nwc": 0.20203050891044214,
  "inf_stack": 0.6585304643125018
}
{
  "native_pdb": "/tmp/rna_inf_xt8ysp9s/10_Dokholyan_8_solution_normalized.pdb",
  "native_index": null,
  "model_pdb": "/tmp/rna_inf_0o0p0mpl/10_Dokholyan_8_refined_normalized.pdb",
  "model_index": null,
  "rmsd": 15.568964505686873,
  "inf_all": 0.6720094081975726,
  "inf_wc": 0.848628572784027,
  "inf_nwc": 0.1336306209562122,
  "inf_stack": 0.6473364964600555
}
{
  "native_pdb": "/tmp/rna_inf_cwatx1rf/10_Dokholyan_9_solution_normalized.pdb",
  "native_index": null,
  "model_pdb": "/tmp/rna_inf_1tbkcefd/10_Dokholyan_9_refined_normalized.pdb",
  "model_index": null,
  "rmsd": 16.659982716685402,
  "inf_all": 0.6613355168075141,
  "inf_wc": 0.8101627221513197,
  "inf_nwc": 0.0,
  "inf_stack": 0.6526708332894144
}
