2026-03-10 00:27:02 	 START case: PZ11NMR
2026-03-10 00:27:02 	 caseDir: D:\Studia\Projekty\gsp-lab\data\finished\PZ11NMR
2026-03-10 00:27:02 	 pdbDir: D:\Studia\Projekty\gsp-lab\data\finished\PZ11NMR\pdb
2026-03-10 00:27:02 	 Found pdb count: 94
2026-03-10 00:27:02 	 Global solution: PZ11NMR_solution_0.pdb
2026-03-10 00:27:02 	 RUN refined_pair target=PZ11NMR_Bujnicki_1_solution.pdb model=PZ11NMR_Bujnicki_1_refined.pdb -> id=Bujnicki_1
2026-03-10 00:27:02 	 Docker cmd: docker run --rm -v D:\Studia\Projekty\gsp-lab:/work -v D:\Studia\Projekty\RNA_assessment:/rna_assessment -e RNA_ASSESSMENT_ROOT=/rna_assessment -e PYTHONPATH=/rna_assessment mcannotate-runtime python3 /work/src/utils/INF.py /work/data/finished/PZ11NMR/pdb/PZ11NMR_Bujnicki_1_solution.pdb /work/data/finished/PZ11NMR/pdb/PZ11NMR_Bujnicki_1_refined.pdb
2026-03-10 00:27:04 	 Docker exit code: 0
2026-03-10 00:27:04 	 Docker output length: 362
2026-03-10 00:27:04 	 Saved CSV: PZ11NMR,Bujnicki_1,Bujnicki,1,refined_pair,0.7869759815918032,0.9139076937674137,0,PZ11NMR_Bujnicki_1_solution.pdb,PZ11NMR_Bujnicki_1_refined.pdb
2026-03-10 00:27:04 	 RUN refined_pair target=PZ11NMR_Bujnicki_10_solution.pdb model=PZ11NMR_Bujnicki_10_refined.pdb -> id=Bujnicki_10
2026-03-10 00:27:04 	 Docker cmd: docker run --rm -v D:\Studia\Projekty\gsp-lab:/work -v D:\Studia\Projekty\RNA_assessment:/rna_assessment -e RNA_ASSESSMENT_ROOT=/rna_assessment -e PYTHONPATH=/rna_assessment mcannotate-runtime python3 /work/src/utils/INF.py /work/data/finished/PZ11NMR/pdb/PZ11NMR_Bujnicki_10_solution.pdb /work/data/finished/PZ11NMR/pdb/PZ11NMR_Bujnicki_10_refined.pdb
2026-03-10 00:27:07 	 Docker exit code: 0
2026-03-10 00:27:07 	 Docker output length: 364
2026-03-10 00:27:07 	 Saved CSV: PZ11NMR,Bujnicki_10,Bujnicki,10,refined_pair,0.6507686001624525,0.6513389472789296,0,PZ11NMR_Bujnicki_10_solution.pdb,PZ11NMR_Bujnicki_10_refined.pdb
2026-03-10 00:27:07 	 RUN refined_pair target=PZ11NMR_Bujnicki_2_solution.pdb model=PZ11NMR_Bujnicki_2_refined.pdb -> id=Bujnicki_2
2026-03-10 00:27:07 	 Docker cmd: docker run --rm -v D:\Studia\Projekty\gsp-lab:/work -v D:\Studia\Projekty\RNA_assessment:/rna_assessment -e RNA_ASSESSMENT_ROOT=/rna_assessment -e PYTHONPATH=/rna_assessment mcannotate-runtime python3 /work/src/utils/INF.py /work/data/finished/PZ11NMR/pdb/PZ11NMR_Bujnicki_2_solution.pdb /work/data/finished/PZ11NMR/pdb/PZ11NMR_Bujnicki_2_refined.pdb
2026-03-10 00:27:09 	 Docker exit code: 0
2026-03-10 00:27:09 	 Docker output length: 363
2026-03-10 00:27:09 	 Saved CSV: PZ11NMR,Bujnicki_2,Bujnicki,2,refined_pair,0.6672181687767224,0.6197506830096351,0,PZ11NMR_Bujnicki_2_solution.pdb,PZ11NMR_Bujnicki_2_refined.pdb
2026-03-10 00:27:09 	 RUN refined_pair target=PZ11NMR_Bujnicki_3_solution.pdb model=PZ11NMR_Bujnicki_3_refined.pdb -> id=Bujnicki_3
2026-03-10 00:27:09 	 Docker cmd: docker run --rm -v D:\Studia\Projekty\gsp-lab:/work -v D:\Studia\Projekty\RNA_assessment:/rna_assessment -e RNA_ASSESSMENT_ROOT=/rna_assessment -e PYTHONPATH=/rna_assessment mcannotate-runtime python3 /work/src/utils/INF.py /work/data/finished/PZ11NMR/pdb/PZ11NMR_Bujnicki_3_solution.pdb /work/data/finished/PZ11NMR/pdb/PZ11NMR_Bujnicki_3_refined.pdb
2026-03-10 00:27:12 	 Docker exit code: 0
2026-03-10 00:27:12 	 Docker output length: 362
2026-03-10 00:27:12 	 Saved CSV: PZ11NMR,Bujnicki_3,Bujnicki,3,refined_pair,0.7671455149152694,0.9335638713962128,0,PZ11NMR_Bujnicki_3_solution.pdb,PZ11NMR_Bujnicki_3_refined.pdb
2026-03-10 00:27:12 	 RUN refined_pair target=PZ11NMR_Bujnicki_4_solution.pdb model=PZ11NMR_Bujnicki_4_refined.pdb -> id=Bujnicki_4
2026-03-10 00:27:12 	 Docker cmd: docker run --rm -v D:\Studia\Projekty\gsp-lab:/work -v D:\Studia\Projekty\RNA_assessment:/rna_assessment -e RNA_ASSESSMENT_ROOT=/rna_assessment -e PYTHONPATH=/rna_assessment mcannotate-runtime python3 /work/src/utils/INF.py /work/data/finished/PZ11NMR/pdb/PZ11NMR_Bujnicki_4_solution.pdb /work/data/finished/PZ11NMR/pdb/PZ11NMR_Bujnicki_4_refined.pdb
2026-03-10 00:27:14 	 Docker exit code: 0
2026-03-10 00:27:14 	 Docker output length: 362
2026-03-10 00:27:14 	 Saved CSV: PZ11NMR,Bujnicki_4,Bujnicki,4,refined_pair,0.7563292261344161,0.9545454545454546,0,PZ11NMR_Bujnicki_4_solution.pdb,PZ11NMR_Bujnicki_4_refined.pdb
2026-03-10 00:27:14 	 RUN refined_pair target=PZ11NMR_Bujnicki_5_solution.pdb model=PZ11NMR_Bujnicki_5_refined.pdb -> id=Bujnicki_5
2026-03-10 00:27:14 	 Docker cmd: docker run --rm -v D:\Studia\Projekty\gsp-lab:/work -v D:\Studia\Projekty\RNA_assessment:/rna_assessment -e RNA_ASSESSMENT_ROOT=/rna_assessment -e PYTHONPATH=/rna_assessment mcannotate-runtime python3 /work/src/utils/INF.py /work/data/finished/PZ11NMR/pdb/PZ11NMR_Bujnicki_5_solution.pdb /work/data/finished/PZ11NMR/pdb/PZ11NMR_Bujnicki_5_refined.pdb
2026-03-10 00:27:16 	 Docker exit code: 0
2026-03-10 00:27:16 	 Docker output length: 364
2026-03-10 00:27:16 	 Saved CSV: PZ11NMR,Bujnicki_5,Bujnicki,5,refined_pair,0.7121473605133045,0.7557421816064579,-1,PZ11NMR_Bujnicki_5_solution.pdb,PZ11NMR_Bujnicki_5_refined.pdb
2026-03-10 00:27:16 	 RUN refined_pair target=PZ11NMR_Bujnicki_6_solution.pdb model=PZ11NMR_Bujnicki_6_refined.pdb -> id=Bujnicki_6
2026-03-10 00:27:16 	 Docker cmd: docker run --rm -v D:\Studia\Projekty\gsp-lab:/work -v D:\Studia\Projekty\RNA_assessment:/rna_assessment -e RNA_ASSESSMENT_ROOT=/rna_assessment -e PYTHONPATH=/rna_assessment mcannotate-runtime python3 /work/src/utils/INF.py /work/data/finished/PZ11NMR/pdb/PZ11NMR_Bujnicki_6_solution.pdb /work/data/finished/PZ11NMR/pdb/PZ11NMR_Bujnicki_6_refined.pdb
2026-03-10 00:27:18 	 Docker exit code: 0
2026-03-10 00:27:18 	 Docker output length: 363
2026-03-10 00:27:18 	 Saved CSV: PZ11NMR,Bujnicki_6,Bujnicki,6,refined_pair,0.6961710606389028,0.7248824356090755,0,PZ11NMR_Bujnicki_6_solution.pdb,PZ11NMR_Bujnicki_6_refined.pdb
2026-03-10 00:27:18 	 RUN refined_pair target=PZ11NMR_Bujnicki_7_solution.pdb model=PZ11NMR_Bujnicki_7_refined.pdb -> id=Bujnicki_7
2026-03-10 00:27:18 	 Docker cmd: docker run --rm -v D:\Studia\Projekty\gsp-lab:/work -v D:\Studia\Projekty\RNA_assessment:/rna_assessment -e RNA_ASSESSMENT_ROOT=/rna_assessment -e PYTHONPATH=/rna_assessment mcannotate-runtime python3 /work/src/utils/INF.py /work/data/finished/PZ11NMR/pdb/PZ11NMR_Bujnicki_7_solution.pdb /work/data/finished/PZ11NMR/pdb/PZ11NMR_Bujnicki_7_refined.pdb
2026-03-10 00:27:20 	 Docker exit code: 0
2026-03-10 00:27:20 	 Docker output length: 364
2026-03-10 00:27:20 	 Saved CSV: PZ11NMR,Bujnicki_7,Bujnicki,7,refined_pair,0.7121473605133045,0.7557421816064579,-1,PZ11NMR_Bujnicki_7_solution.pdb,PZ11NMR_Bujnicki_7_refined.pdb
2026-03-10 00:27:20 	 RUN refined_pair target=PZ11NMR_Bujnicki_8_solution.pdb model=PZ11NMR_Bujnicki_8_refined.pdb -> id=Bujnicki_8
2026-03-10 00:27:20 	 Docker cmd: docker run --rm -v D:\Studia\Projekty\gsp-lab:/work -v D:\Studia\Projekty\RNA_assessment:/rna_assessment -e RNA_ASSESSMENT_ROOT=/rna_assessment -e PYTHONPATH=/rna_assessment mcannotate-runtime python3 /work/src/utils/INF.py /work/data/finished/PZ11NMR/pdb/PZ11NMR_Bujnicki_8_solution.pdb /work/data/finished/PZ11NMR/pdb/PZ11NMR_Bujnicki_8_refined.pdb
2026-03-10 00:27:23 	 Docker exit code: 0
2026-03-10 00:27:23 	 Docker output length: 364
2026-03-10 00:27:23 	 Saved CSV: PZ11NMR,Bujnicki_8,Bujnicki,8,refined_pair,0.6824745538252501,0.6963106238227914,-1,PZ11NMR_Bujnicki_8_solution.pdb,PZ11NMR_Bujnicki_8_refined.pdb
2026-03-10 00:27:23 	 RUN refined_pair target=PZ11NMR_Bujnicki_9_solution.pdb model=PZ11NMR_Bujnicki_9_refined.pdb -> id=Bujnicki_9
2026-03-10 00:27:23 	 Docker cmd: docker run --rm -v D:\Studia\Projekty\gsp-lab:/work -v D:\Studia\Projekty\RNA_assessment:/rna_assessment -e RNA_ASSESSMENT_ROOT=/rna_assessment -e PYTHONPATH=/rna_assessment mcannotate-runtime python3 /work/src/utils/INF.py /work/data/finished/PZ11NMR/pdb/PZ11NMR_Bujnicki_9_solution.pdb /work/data/finished/PZ11NMR/pdb/PZ11NMR_Bujnicki_9_refined.pdb
2026-03-10 00:27:25 	 Docker exit code: 0
2026-03-10 00:27:25 	 Docker output length: 363
2026-03-10 00:27:25 	 Saved CSV: PZ11NMR,Bujnicki_9,Bujnicki,9,refined_pair,0.7935881062140834,0.9139076937674137,-1,PZ11NMR_Bujnicki_9_solution.pdb,PZ11NMR_Bujnicki_9_refined.pdb
2026-03-10 00:27:25 	 RUN refined_pair target=PZ11NMR_Chen_1_solution.pdb model=PZ11NMR_Chen_1_refined.pdb -> id=Chen_1
2026-03-10 00:27:25 	 Docker cmd: docker run --rm -v D:\Studia\Projekty\gsp-lab:/work -v D:\Studia\Projekty\RNA_assessment:/rna_assessment -e RNA_ASSESSMENT_ROOT=/rna_assessment -e PYTHONPATH=/rna_assessment mcannotate-runtime python3 /work/src/utils/INF.py /work/data/finished/PZ11NMR/pdb/PZ11NMR_Chen_1_solution.pdb /work/data/finished/PZ11NMR/pdb/PZ11NMR_Chen_1_refined.pdb
2026-03-10 00:27:27 	 Docker exit code: 0
2026-03-10 00:27:27 	 Docker output length: 353
2026-03-10 00:27:27 	 Saved CSV: PZ11NMR,Chen_1,Chen,1,refined_pair,0.800111134264619,0.9534625892455924,0,PZ11NMR_Chen_1_solution.pdb,PZ11NMR_Chen_1_refined.pdb
2026-03-10 00:27:27 	 RUN refined_pair target=PZ11NMR_Chen_10_solution.pdb model=PZ11NMR_Chen_10_refined.pdb -> id=Chen_10
2026-03-10 00:27:27 	 Docker cmd: docker run --rm -v D:\Studia\Projekty\gsp-lab:/work -v D:\Studia\Projekty\RNA_assessment:/rna_assessment -e RNA_ASSESSMENT_ROOT=/rna_assessment -e PYTHONPATH=/rna_assessment mcannotate-runtime python3 /work/src/utils/INF.py /work/data/finished/PZ11NMR/pdb/PZ11NMR_Chen_10_solution.pdb /work/data/finished/PZ11NMR/pdb/PZ11NMR_Chen_10_refined.pdb
2026-03-10 00:27:30 	 Docker exit code: 0
2026-03-10 00:27:30 	 Docker output length: 356
2026-03-10 00:27:30 	 Saved CSV: PZ11NMR,Chen_10,Chen,10,refined_pair,0.7952553457939867,0.9139076937674137,0,PZ11NMR_Chen_10_solution.pdb,PZ11NMR_Chen_10_refined.pdb
2026-03-10 00:27:30 	 RUN refined_pair target=PZ11NMR_Chen_2_solution.pdb model=PZ11NMR_Chen_2_refined.pdb -> id=Chen_2
2026-03-10 00:27:30 	 Docker cmd: docker run --rm -v D:\Studia\Projekty\gsp-lab:/work -v D:\Studia\Projekty\RNA_assessment:/rna_assessment -e RNA_ASSESSMENT_ROOT=/rna_assessment -e PYTHONPATH=/rna_assessment mcannotate-runtime python3 /work/src/utils/INF.py /work/data/finished/PZ11NMR/pdb/PZ11NMR_Chen_2_solution.pdb /work/data/finished/PZ11NMR/pdb/PZ11NMR_Chen_2_refined.pdb
2026-03-10 00:27:32 	 Docker exit code: 0
2026-03-10 00:27:32 	 Docker output length: 355
2026-03-10 00:27:32 	 Saved CSV: PZ11NMR,Chen_2,Chen,2,refined_pair,0.7966101694915254,0.9304842103984708,0,PZ11NMR_Chen_2_solution.pdb,PZ11NMR_Chen_2_refined.pdb
2026-03-10 00:27:32 	 RUN refined_pair target=PZ11NMR_Chen_3_solution.pdb model=PZ11NMR_Chen_3_refined.pdb -> id=Chen_3
2026-03-10 00:27:32 	 Docker cmd: docker run --rm -v D:\Studia\Projekty\gsp-lab:/work -v D:\Studia\Projekty\RNA_assessment:/rna_assessment -e RNA_ASSESSMENT_ROOT=/rna_assessment -e PYTHONPATH=/rna_assessment mcannotate-runtime python3 /work/src/utils/INF.py /work/data/finished/PZ11NMR/pdb/PZ11NMR_Chen_3_solution.pdb /work/data/finished/PZ11NMR/pdb/PZ11NMR_Chen_3_refined.pdb
2026-03-10 00:27:35 	 Docker exit code: 0
2026-03-10 00:27:35 	 Docker output length: 354
2026-03-10 00:27:35 	 Saved CSV: PZ11NMR,Chen_3,Chen,3,refined_pair,0.7932213555757442,0.9293203772845852,0,PZ11NMR_Chen_3_solution.pdb,PZ11NMR_Chen_3_refined.pdb
2026-03-10 00:27:35 	 RUN refined_pair target=PZ11NMR_Chen_4_solution.pdb model=PZ11NMR_Chen_4_refined.pdb -> id=Chen_4
2026-03-10 00:27:35 	 Docker cmd: docker run --rm -v D:\Studia\Projekty\gsp-lab:/work -v D:\Studia\Projekty\RNA_assessment:/rna_assessment -e RNA_ASSESSMENT_ROOT=/rna_assessment -e PYTHONPATH=/rna_assessment mcannotate-runtime python3 /work/src/utils/INF.py /work/data/finished/PZ11NMR/pdb/PZ11NMR_Chen_4_solution.pdb /work/data/finished/PZ11NMR/pdb/PZ11NMR_Chen_4_refined.pdb
2026-03-10 00:27:37 	 Docker exit code: 0
2026-03-10 00:27:37 	 Docker output length: 355
2026-03-10 00:27:37 	 Saved CSV: PZ11NMR,Chen_4,Chen,4,refined_pair,0.8167801162284651,0.9090909090909091,-1,PZ11NMR_Chen_4_solution.pdb,PZ11NMR_Chen_4_refined.pdb
2026-03-10 00:27:37 	 RUN refined_pair target=PZ11NMR_Chen_5_solution.pdb model=PZ11NMR_Chen_5_refined.pdb -> id=Chen_5
2026-03-10 00:27:37 	 Docker cmd: docker run --rm -v D:\Studia\Projekty\gsp-lab:/work -v D:\Studia\Projekty\RNA_assessment:/rna_assessment -e RNA_ASSESSMENT_ROOT=/rna_assessment -e PYTHONPATH=/rna_assessment mcannotate-runtime python3 /work/src/utils/INF.py /work/data/finished/PZ11NMR/pdb/PZ11NMR_Chen_5_solution.pdb /work/data/finished/PZ11NMR/pdb/PZ11NMR_Chen_5_refined.pdb
2026-03-10 00:27:40 	 Docker exit code: 0
2026-03-10 00:27:40 	 Docker output length: 354
2026-03-10 00:27:40 	 Saved CSV: PZ11NMR,Chen_5,Chen,5,refined_pair,0.7834421523007726,0.9057894597833127,0,PZ11NMR_Chen_5_solution.pdb,PZ11NMR_Chen_5_refined.pdb
2026-03-10 00:27:40 	 RUN refined_pair target=PZ11NMR_Chen_6_solution.pdb model=PZ11NMR_Chen_6_refined.pdb -> id=Chen_6
2026-03-10 00:27:40 	 Docker cmd: docker run --rm -v D:\Studia\Projekty\gsp-lab:/work -v D:\Studia\Projekty\RNA_assessment:/rna_assessment -e RNA_ASSESSMENT_ROOT=/rna_assessment -e PYTHONPATH=/rna_assessment mcannotate-runtime python3 /work/src/utils/INF.py /work/data/finished/PZ11NMR/pdb/PZ11NMR_Chen_6_solution.pdb /work/data/finished/PZ11NMR/pdb/PZ11NMR_Chen_6_refined.pdb
2026-03-10 00:27:42 	 Docker exit code: 0
2026-03-10 00:27:42 	 Docker output length: 354
2026-03-10 00:27:42 	 Saved CSV: PZ11NMR,Chen_6,Chen,6,refined_pair,0.8073973509982287,0.9139076937674137,0,PZ11NMR_Chen_6_solution.pdb,PZ11NMR_Chen_6_refined.pdb
2026-03-10 00:27:42 	 RUN refined_pair target=PZ11NMR_Chen_7_solution.pdb model=PZ11NMR_Chen_7_refined.pdb -> id=Chen_7
2026-03-10 00:27:42 	 Docker cmd: docker run --rm -v D:\Studia\Projekty\gsp-lab:/work -v D:\Studia\Projekty\RNA_assessment:/rna_assessment -e RNA_ASSESSMENT_ROOT=/rna_assessment -e PYTHONPATH=/rna_assessment mcannotate-runtime python3 /work/src/utils/INF.py /work/data/finished/PZ11NMR/pdb/PZ11NMR_Chen_7_solution.pdb /work/data/finished/PZ11NMR/pdb/PZ11NMR_Chen_7_refined.pdb
2026-03-10 00:27:45 	 Docker exit code: 0
2026-03-10 00:27:45 	 Docker output length: 352
2026-03-10 00:27:45 	 Saved CSV: PZ11NMR,Chen_7,Chen,7,refined_pair,0.787979639426598,0.9139076937674137,0,PZ11NMR_Chen_7_solution.pdb,PZ11NMR_Chen_7_refined.pdb
2026-03-10 00:27:45 	 RUN refined_pair target=PZ11NMR_Chen_8_solution.pdb model=PZ11NMR_Chen_8_refined.pdb -> id=Chen_8
2026-03-10 00:27:45 	 Docker cmd: docker run --rm -v D:\Studia\Projekty\gsp-lab:/work -v D:\Studia\Projekty\RNA_assessment:/rna_assessment -e RNA_ASSESSMENT_ROOT=/rna_assessment -e PYTHONPATH=/rna_assessment mcannotate-runtime python3 /work/src/utils/INF.py /work/data/finished/PZ11NMR/pdb/PZ11NMR_Chen_8_solution.pdb /work/data/finished/PZ11NMR/pdb/PZ11NMR_Chen_8_refined.pdb
2026-03-10 00:27:47 	 Docker exit code: 0
2026-03-10 00:27:47 	 Docker output length: 354
2026-03-10 00:27:47 	 Saved CSV: PZ11NMR,Chen_8,Chen,8,refined_pair,0.8051739468871076,0.9335638713962128,0,PZ11NMR_Chen_8_solution.pdb,PZ11NMR_Chen_8_refined.pdb
2026-03-10 00:27:47 	 RUN refined_pair target=PZ11NMR_Chen_9_solution.pdb model=PZ11NMR_Chen_9_refined.pdb -> id=Chen_9
2026-03-10 00:27:47 	 Docker cmd: docker run --rm -v D:\Studia\Projekty\gsp-lab:/work -v D:\Studia\Projekty\RNA_assessment:/rna_assessment -e RNA_ASSESSMENT_ROOT=/rna_assessment -e PYTHONPATH=/rna_assessment mcannotate-runtime python3 /work/src/utils/INF.py /work/data/finished/PZ11NMR/pdb/PZ11NMR_Chen_9_solution.pdb /work/data/finished/PZ11NMR/pdb/PZ11NMR_Chen_9_refined.pdb
2026-03-10 00:27:50 	 Docker exit code: 0
2026-03-10 00:27:50 	 Docker output length: 354
2026-03-10 00:27:50 	 Saved CSV: PZ11NMR,Chen_9,Chen,9,refined_pair,0.8051739468871076,0.9335638713962128,0,PZ11NMR_Chen_9_solution.pdb,PZ11NMR_Chen_9_refined.pdb
2026-03-10 00:27:50 	 RUN refined_pair target=PZ11NMR_Das_1_solution.pdb model=PZ11NMR_Das_1_refined.pdb -> id=Das_1
2026-03-10 00:27:50 	 Docker cmd: docker run --rm -v D:\Studia\Projekty\gsp-lab:/work -v D:\Studia\Projekty\RNA_assessment:/rna_assessment -e RNA_ASSESSMENT_ROOT=/rna_assessment -e PYTHONPATH=/rna_assessment mcannotate-runtime python3 /work/src/utils/INF.py /work/data/finished/PZ11NMR/pdb/PZ11NMR_Das_1_solution.pdb /work/data/finished/PZ11NMR/pdb/PZ11NMR_Das_1_refined.pdb
2026-03-10 00:27:52 	 Docker exit code: 0
2026-03-10 00:27:52 	 Docker output length: 352
2026-03-10 00:27:53 	 Saved CSV: PZ11NMR,Das_1,Das,1,refined_pair,0.7793502388781071,0.9335638713962128,0,PZ11NMR_Das_1_solution.pdb,PZ11NMR_Das_1_refined.pdb
2026-03-10 00:27:53 	 RUN refined_pair target=PZ11NMR_Das_10_solution.pdb model=PZ11NMR_Das_10_refined.pdb -> id=Das_10
2026-03-10 00:27:53 	 Docker cmd: docker run --rm -v D:\Studia\Projekty\gsp-lab:/work -v D:\Studia\Projekty\RNA_assessment:/rna_assessment -e RNA_ASSESSMENT_ROOT=/rna_assessment -e PYTHONPATH=/rna_assessment mcannotate-runtime python3 /work/src/utils/INF.py /work/data/finished/PZ11NMR/pdb/PZ11NMR_Das_10_solution.pdb /work/data/finished/PZ11NMR/pdb/PZ11NMR_Das_10_refined.pdb
2026-03-10 00:27:55 	 Docker exit code: 0
2026-03-10 00:27:55 	 Docker output length: 353
2026-03-10 00:27:55 	 Saved CSV: PZ11NMR,Das_10,Das,10,refined_pair,0.777098386743313,0.9770084209183945,0,PZ11NMR_Das_10_solution.pdb,PZ11NMR_Das_10_refined.pdb
2026-03-10 00:27:55 	 RUN refined_pair target=PZ11NMR_Das_2_solution.pdb model=PZ11NMR_Das_2_refined.pdb -> id=Das_2
2026-03-10 00:27:55 	 Docker cmd: docker run --rm -v D:\Studia\Projekty\gsp-lab:/work -v D:\Studia\Projekty\RNA_assessment:/rna_assessment -e RNA_ASSESSMENT_ROOT=/rna_assessment -e PYTHONPATH=/rna_assessment mcannotate-runtime python3 /work/src/utils/INF.py /work/data/finished/PZ11NMR/pdb/PZ11NMR_Das_2_solution.pdb /work/data/finished/PZ11NMR/pdb/PZ11NMR_Das_2_refined.pdb
2026-03-10 00:27:57 	 Docker exit code: 0
2026-03-10 00:27:57 	 Docker output length: 351
2026-03-10 00:27:57 	 Saved CSV: PZ11NMR,Das_2,Das,2,refined_pair,0.787979639426598,0.9545454545454546,0,PZ11NMR_Das_2_solution.pdb,PZ11NMR_Das_2_refined.pdb
2026-03-10 00:27:57 	 RUN refined_pair target=PZ11NMR_Das_3_solution.pdb model=PZ11NMR_Das_3_refined.pdb -> id=Das_3
2026-03-10 00:27:57 	 Docker cmd: docker run --rm -v D:\Studia\Projekty\gsp-lab:/work -v D:\Studia\Projekty\RNA_assessment:/rna_assessment -e RNA_ASSESSMENT_ROOT=/rna_assessment -e PYTHONPATH=/rna_assessment mcannotate-runtime python3 /work/src/utils/INF.py /work/data/finished/PZ11NMR/pdb/PZ11NMR_Das_3_solution.pdb /work/data/finished/PZ11NMR/pdb/PZ11NMR_Das_3_refined.pdb
2026-03-10 00:28:01 	 Docker exit code: 0
2026-03-10 00:28:01 	 Docker output length: 353
2026-03-10 00:28:01 	 Saved CSV: PZ11NMR,Das_3,Das,3,refined_pair,0.8051739468871076,0.9545454545454546,0,PZ11NMR_Das_3_solution.pdb,PZ11NMR_Das_3_refined.pdb
2026-03-10 00:28:01 	 RUN refined_pair target=PZ11NMR_Das_4_solution.pdb model=PZ11NMR_Das_4_refined.pdb -> id=Das_4
2026-03-10 00:28:01 	 Docker cmd: docker run --rm -v D:\Studia\Projekty\gsp-lab:/work -v D:\Studia\Projekty\RNA_assessment:/rna_assessment -e RNA_ASSESSMENT_ROOT=/rna_assessment -e PYTHONPATH=/rna_assessment mcannotate-runtime python3 /work/src/utils/INF.py /work/data/finished/PZ11NMR/pdb/PZ11NMR_Das_4_solution.pdb /work/data/finished/PZ11NMR/pdb/PZ11NMR_Das_4_refined.pdb
2026-03-10 00:28:03 	 Docker exit code: 0
2026-03-10 00:28:03 	 Docker output length: 351
2026-03-10 00:28:03 	 Saved CSV: PZ11NMR,Das_4,Das,4,refined_pair,0.8073973509982287,0.9545454545454546,0,PZ11NMR_Das_4_solution.pdb,PZ11NMR_Das_4_refined.pdb
2026-03-10 00:28:03 	 RUN refined_pair target=PZ11NMR_Das_5_solution.pdb model=PZ11NMR_Das_5_refined.pdb -> id=Das_5
2026-03-10 00:28:03 	 Docker cmd: docker run --rm -v D:\Studia\Projekty\gsp-lab:/work -v D:\Studia\Projekty\RNA_assessment:/rna_assessment -e RNA_ASSESSMENT_ROOT=/rna_assessment -e PYTHONPATH=/rna_assessment mcannotate-runtime python3 /work/src/utils/INF.py /work/data/finished/PZ11NMR/pdb/PZ11NMR_Das_5_solution.pdb /work/data/finished/PZ11NMR/pdb/PZ11NMR_Das_5_refined.pdb
2026-03-10 00:28:05 	 Docker exit code: 0
2026-03-10 00:28:05 	 Docker output length: 352
2026-03-10 00:28:05 	 Saved CSV: PZ11NMR,Das_5,Das,5,refined_pair,0.7316349181304678,0.7727272727272727,0,PZ11NMR_Das_5_solution.pdb,PZ11NMR_Das_5_refined.pdb
2026-03-10 00:28:05 	 RUN refined_pair target=PZ11NMR_Das_6_solution.pdb model=PZ11NMR_Das_6_refined.pdb -> id=Das_6
2026-03-10 00:28:05 	 Docker cmd: docker run --rm -v D:\Studia\Projekty\gsp-lab:/work -v D:\Studia\Projekty\RNA_assessment:/rna_assessment -e RNA_ASSESSMENT_ROOT=/rna_assessment -e PYTHONPATH=/rna_assessment mcannotate-runtime python3 /work/src/utils/INF.py /work/data/finished/PZ11NMR/pdb/PZ11NMR_Das_6_solution.pdb /work/data/finished/PZ11NMR/pdb/PZ11NMR_Das_6_refined.pdb
2026-03-10 00:28:08 	 Docker exit code: 0
2026-03-10 00:28:08 	 Docker output length: 351
2026-03-10 00:28:08 	 Saved CSV: PZ11NMR,Das_6,Das,6,refined_pair,0.7735984979895739,0.889108448948774,0,PZ11NMR_Das_6_solution.pdb,PZ11NMR_Das_6_refined.pdb
2026-03-10 00:28:08 	 RUN refined_pair target=PZ11NMR_Das_7_solution.pdb model=PZ11NMR_Das_7_refined.pdb -> id=Das_7
2026-03-10 00:28:08 	 Docker cmd: docker run --rm -v D:\Studia\Projekty\gsp-lab:/work -v D:\Studia\Projekty\RNA_assessment:/rna_assessment -e RNA_ASSESSMENT_ROOT=/rna_assessment -e PYTHONPATH=/rna_assessment mcannotate-runtime python3 /work/src/utils/INF.py /work/data/finished/PZ11NMR/pdb/PZ11NMR_Das_7_solution.pdb /work/data/finished/PZ11NMR/pdb/PZ11NMR_Das_7_refined.pdb
2026-03-10 00:28:10 	 Docker exit code: 0
2026-03-10 00:28:10 	 Docker output length: 352
2026-03-10 00:28:10 	 Saved CSV: PZ11NMR,Das_7,Das,7,refined_pair,0.7416278959309157,0.8703882797784892,0,PZ11NMR_Das_7_solution.pdb,PZ11NMR_Das_7_refined.pdb
2026-03-10 00:28:10 	 RUN refined_pair target=PZ11NMR_Das_8_solution.pdb model=PZ11NMR_Das_8_refined.pdb -> id=Das_8
2026-03-10 00:28:10 	 Docker cmd: docker run --rm -v D:\Studia\Projekty\gsp-lab:/work -v D:\Studia\Projekty\RNA_assessment:/rna_assessment -e RNA_ASSESSMENT_ROOT=/rna_assessment -e PYTHONPATH=/rna_assessment mcannotate-runtime python3 /work/src/utils/INF.py /work/data/finished/PZ11NMR/pdb/PZ11NMR_Das_8_solution.pdb /work/data/finished/PZ11NMR/pdb/PZ11NMR_Das_8_refined.pdb
2026-03-10 00:28:12 	 Docker exit code: 0
2026-03-10 00:28:12 	 Docker output length: 352
2026-03-10 00:28:12 	 Saved CSV: PZ11NMR,Das_8,Das,8,refined_pair,0.8037107911317007,0.9335638713962128,0,PZ11NMR_Das_8_solution.pdb,PZ11NMR_Das_8_refined.pdb
2026-03-10 00:28:12 	 RUN refined_pair target=PZ11NMR_Das_9_solution.pdb model=PZ11NMR_Das_9_refined.pdb -> id=Das_9
2026-03-10 00:28:12 	 Docker cmd: docker run --rm -v D:\Studia\Projekty\gsp-lab:/work -v D:\Studia\Projekty\RNA_assessment:/rna_assessment -e RNA_ASSESSMENT_ROOT=/rna_assessment -e PYTHONPATH=/rna_assessment mcannotate-runtime python3 /work/src/utils/INF.py /work/data/finished/PZ11NMR/pdb/PZ11NMR_Das_9_solution.pdb /work/data/finished/PZ11NMR/pdb/PZ11NMR_Das_9_refined.pdb
2026-03-10 00:28:14 	 Docker exit code: 0
2026-03-10 00:28:14 	 Docker output length: 352
2026-03-10 00:28:14 	 Saved CSV: PZ11NMR,Das_9,Das,9,refined_pair,0.6837856599513579,0.8636363636363636,0,PZ11NMR_Das_9_solution.pdb,PZ11NMR_Das_9_refined.pdb
2026-03-10 00:28:14 	 RUN refined_pair target=PZ11NMR_Ding_1_solution.pdb model=PZ11NMR_Ding_1_refined.pdb -> id=Ding_1
2026-03-10 00:28:14 	 Docker cmd: docker run --rm -v D:\Studia\Projekty\gsp-lab:/work -v D:\Studia\Projekty\RNA_assessment:/rna_assessment -e RNA_ASSESSMENT_ROOT=/rna_assessment -e PYTHONPATH=/rna_assessment mcannotate-runtime python3 /work/src/utils/INF.py /work/data/finished/PZ11NMR/pdb/PZ11NMR_Ding_1_solution.pdb /work/data/finished/PZ11NMR/pdb/PZ11NMR_Ding_1_refined.pdb
2026-03-10 00:28:17 	 Docker exit code: 0
2026-03-10 00:28:17 	 Docker output length: 356
2026-03-10 00:28:17 	 Saved CSV: PZ11NMR,Ding_1,Ding,1,refined_pair,0.7364596943186587,0.8273403039920306,-1,PZ11NMR_Ding_1_solution.pdb,PZ11NMR_Ding_1_refined.pdb
2026-03-10 00:28:17 	 RUN refined_pair target=PZ11NMR_Ding_10_solution.pdb model=PZ11NMR_Ding_10_refined.pdb -> id=Ding_10
2026-03-10 00:28:17 	 Docker cmd: docker run --rm -v D:\Studia\Projekty\gsp-lab:/work -v D:\Studia\Projekty\RNA_assessment:/rna_assessment -e RNA_ASSESSMENT_ROOT=/rna_assessment -e PYTHONPATH=/rna_assessment mcannotate-runtime python3 /work/src/utils/INF.py /work/data/finished/PZ11NMR/pdb/PZ11NMR_Ding_10_solution.pdb /work/data/finished/PZ11NMR/pdb/PZ11NMR_Ding_10_refined.pdb
2026-03-10 00:28:20 	 Docker exit code: 0
2026-03-10 00:28:20 	 Docker output length: 357
2026-03-10 00:28:20 	 Saved CSV: PZ11NMR,Ding_10,Ding,10,refined_pair,0.7041041910572658,0.7706746355884525,0,PZ11NMR_Ding_10_solution.pdb,PZ11NMR_Ding_10_refined.pdb
2026-03-10 00:28:20 	 RUN refined_pair target=PZ11NMR_Ding_2_solution.pdb model=PZ11NMR_Ding_2_refined.pdb -> id=Ding_2
2026-03-10 00:28:20 	 Docker cmd: docker run --rm -v D:\Studia\Projekty\gsp-lab:/work -v D:\Studia\Projekty\RNA_assessment:/rna_assessment -e RNA_ASSESSMENT_ROOT=/rna_assessment -e PYTHONPATH=/rna_assessment mcannotate-runtime python3 /work/src/utils/INF.py /work/data/finished/PZ11NMR/pdb/PZ11NMR_Ding_2_solution.pdb /work/data/finished/PZ11NMR/pdb/PZ11NMR_Ding_2_refined.pdb
2026-03-10 00:28:22 	 Docker exit code: 0
2026-03-10 00:28:22 	 Docker output length: 354
2026-03-10 00:28:22 	 Saved CSV: PZ11NMR,Ding_2,Ding,2,refined_pair,0.8021241325140698,0.8542821429703302,0,PZ11NMR_Ding_2_solution.pdb,PZ11NMR_Ding_2_refined.pdb
2026-03-10 00:28:22 	 RUN refined_pair target=PZ11NMR_Ding_3_solution.pdb model=PZ11NMR_Ding_3_refined.pdb -> id=Ding_3
2026-03-10 00:28:22 	 Docker cmd: docker run --rm -v D:\Studia\Projekty\gsp-lab:/work -v D:\Studia\Projekty\RNA_assessment:/rna_assessment -e RNA_ASSESSMENT_ROOT=/rna_assessment -e PYTHONPATH=/rna_assessment mcannotate-runtime python3 /work/src/utils/INF.py /work/data/finished/PZ11NMR/pdb/PZ11NMR_Ding_3_solution.pdb /work/data/finished/PZ11NMR/pdb/PZ11NMR_Ding_3_refined.pdb
2026-03-10 00:28:25 	 Docker exit code: 0
2026-03-10 00:28:25 	 Docker output length: 354
2026-03-10 00:28:25 	 Saved CSV: PZ11NMR,Ding_3,Ding,3,refined_pair,0.791694171392558,0.9293203772845852,-1,PZ11NMR_Ding_3_solution.pdb,PZ11NMR_Ding_3_refined.pdb
2026-03-10 00:28:25 	 RUN refined_pair target=PZ11NMR_Ding_4_solution.pdb model=PZ11NMR_Ding_4_refined.pdb -> id=Ding_4
2026-03-10 00:28:25 	 Docker cmd: docker run --rm -v D:\Studia\Projekty\gsp-lab:/work -v D:\Studia\Projekty\RNA_assessment:/rna_assessment -e RNA_ASSESSMENT_ROOT=/rna_assessment -e PYTHONPATH=/rna_assessment mcannotate-runtime python3 /work/src/utils/INF.py /work/data/finished/PZ11NMR/pdb/PZ11NMR_Ding_4_solution.pdb /work/data/finished/PZ11NMR/pdb/PZ11NMR_Ding_4_refined.pdb
2026-03-10 00:28:28 	 Docker exit code: 0
2026-03-10 00:28:28 	 Docker output length: 353
2026-03-10 00:28:28 	 Saved CSV: PZ11NMR,Ding_4,Ding,4,refined_pair,0.7474338507517468,0.7995026863335392,0,PZ11NMR_Ding_4_solution.pdb,PZ11NMR_Ding_4_refined.pdb
2026-03-10 00:28:28 	 RUN refined_pair target=PZ11NMR_Ding_5_solution.pdb model=PZ11NMR_Ding_5_refined.pdb -> id=Ding_5
2026-03-10 00:28:28 	 Docker cmd: docker run --rm -v D:\Studia\Projekty\gsp-lab:/work -v D:\Studia\Projekty\RNA_assessment:/rna_assessment -e RNA_ASSESSMENT_ROOT=/rna_assessment -e PYTHONPATH=/rna_assessment mcannotate-runtime python3 /work/src/utils/INF.py /work/data/finished/PZ11NMR/pdb/PZ11NMR_Ding_5_solution.pdb /work/data/finished/PZ11NMR/pdb/PZ11NMR_Ding_5_refined.pdb
2026-03-10 00:28:30 	 Docker exit code: 0
2026-03-10 00:28:30 	 Docker output length: 355
2026-03-10 00:28:30 	 Saved CSV: PZ11NMR,Ding_5,Ding,5,refined_pair,0.7140637266026874,0.7977240352174656,-1,PZ11NMR_Ding_5_solution.pdb,PZ11NMR_Ding_5_refined.pdb
2026-03-10 00:28:30 	 RUN refined_pair target=PZ11NMR_Ding_6_solution.pdb model=PZ11NMR_Ding_6_refined.pdb -> id=Ding_6
2026-03-10 00:28:30 	 Docker cmd: docker run --rm -v D:\Studia\Projekty\gsp-lab:/work -v D:\Studia\Projekty\RNA_assessment:/rna_assessment -e RNA_ASSESSMENT_ROOT=/rna_assessment -e PYTHONPATH=/rna_assessment mcannotate-runtime python3 /work/src/utils/INF.py /work/data/finished/PZ11NMR/pdb/PZ11NMR_Ding_6_solution.pdb /work/data/finished/PZ11NMR/pdb/PZ11NMR_Ding_6_refined.pdb
2026-03-10 00:28:33 	 Docker exit code: 0
2026-03-10 00:28:33 	 Docker output length: 353
2026-03-10 00:28:33 	 Saved CSV: PZ11NMR,Ding_6,Ding,6,refined_pair,0.7863535089440615,0.8040302522073697,0,PZ11NMR_Ding_6_solution.pdb,PZ11NMR_Ding_6_refined.pdb
2026-03-10 00:28:33 	 RUN refined_pair target=PZ11NMR_Ding_7_solution.pdb model=PZ11NMR_Ding_7_refined.pdb -> id=Ding_7
2026-03-10 00:28:33 	 Docker cmd: docker run --rm -v D:\Studia\Projekty\gsp-lab:/work -v D:\Studia\Projekty\RNA_assessment:/rna_assessment -e RNA_ASSESSMENT_ROOT=/rna_assessment -e PYTHONPATH=/rna_assessment mcannotate-runtime python3 /work/src/utils/INF.py /work/data/finished/PZ11NMR/pdb/PZ11NMR_Ding_7_solution.pdb /work/data/finished/PZ11NMR/pdb/PZ11NMR_Ding_7_refined.pdb
2026-03-10 00:28:36 	 Docker exit code: 0
2026-03-10 00:28:36 	 Docker output length: 354
2026-03-10 00:28:36 	 Saved CSV: PZ11NMR,Ding_7,Ding,7,refined_pair,0.8149574719608587,0.8790490729915326,0,PZ11NMR_Ding_7_solution.pdb,PZ11NMR_Ding_7_refined.pdb
2026-03-10 00:28:36 	 RUN refined_pair target=PZ11NMR_Ding_8_solution.pdb model=PZ11NMR_Ding_8_refined.pdb -> id=Ding_8
2026-03-10 00:28:36 	 Docker cmd: docker run --rm -v D:\Studia\Projekty\gsp-lab:/work -v D:\Studia\Projekty\RNA_assessment:/rna_assessment -e RNA_ASSESSMENT_ROOT=/rna_assessment -e PYTHONPATH=/rna_assessment mcannotate-runtime python3 /work/src/utils/INF.py /work/data/finished/PZ11NMR/pdb/PZ11NMR_Ding_8_solution.pdb /work/data/finished/PZ11NMR/pdb/PZ11NMR_Ding_8_refined.pdb
2026-03-10 00:28:39 	 Docker exit code: 0
2026-03-10 00:28:39 	 Docker output length: 354
2026-03-10 00:28:39 	 Saved CSV: PZ11NMR,Ding_8,Ding,8,refined_pair,0.7654779007031431,0.8528028654224418,0,PZ11NMR_Ding_8_solution.pdb,PZ11NMR_Ding_8_refined.pdb
2026-03-10 00:28:39 	 RUN refined_pair target=PZ11NMR_Ding_9_solution.pdb model=PZ11NMR_Ding_9_refined.pdb -> id=Ding_9
2026-03-10 00:28:39 	 Docker cmd: docker run --rm -v D:\Studia\Projekty\gsp-lab:/work -v D:\Studia\Projekty\RNA_assessment:/rna_assessment -e RNA_ASSESSMENT_ROOT=/rna_assessment -e PYTHONPATH=/rna_assessment mcannotate-runtime python3 /work/src/utils/INF.py /work/data/finished/PZ11NMR/pdb/PZ11NMR_Ding_9_solution.pdb /work/data/finished/PZ11NMR/pdb/PZ11NMR_Ding_9_refined.pdb
2026-03-10 00:28:42 	 Docker exit code: 0
2026-03-10 00:28:42 	 Docker output length: 355
2026-03-10 00:28:42 	 Saved CSV: PZ11NMR,Ding_9,Ding,9,refined_pair,0.7132862256552015,0.8273403039920306,0,PZ11NMR_Ding_9_solution.pdb,PZ11NMR_Ding_9_refined.pdb
2026-03-10 00:28:42 	 RUN fallback_pair: model=PZ11NMR_Adamiak_1.pdb against global=PZ11NMR_solution_0.pdb -> id=Adamiak_1
2026-03-10 00:28:42 	 Docker cmd: docker run --rm -v D:\Studia\Projekty\gsp-lab:/work -v D:\Studia\Projekty\RNA_assessment:/rna_assessment -e RNA_ASSESSMENT_ROOT=/rna_assessment -e PYTHONPATH=/rna_assessment mcannotate-runtime python3 /work/src/utils/INF.py /work/data/finished/PZ11NMR/pdb/PZ11NMR_solution_0.pdb /work/data/finished/PZ11NMR/pdb/PZ11NMR_Adamiak_1.pdb
2026-03-10 00:28:45 	 Docker exit code: 0
2026-03-10 00:28:45 	 Docker output length: 344
2026-03-10 00:28:45 	 Saved CSV: PZ11NMR,Adamiak_1,Adamiak,1,fallback_pair,0.711864406779661,0.7627700713964739,0,PZ11NMR_solution_0.pdb,PZ11NMR_Adamiak_1.pdb
2026-03-10 00:28:45 	 RUN fallback_pair: model=PZ11NMR_Adamiak_10.pdb against global=PZ11NMR_solution_0.pdb -> id=Adamiak_10
2026-03-10 00:28:45 	 Docker cmd: docker run --rm -v D:\Studia\Projekty\gsp-lab:/work -v D:\Studia\Projekty\RNA_assessment:/rna_assessment -e RNA_ASSESSMENT_ROOT=/rna_assessment -e PYTHONPATH=/rna_assessment mcannotate-runtime python3 /work/src/utils/INF.py /work/data/finished/PZ11NMR/pdb/PZ11NMR_solution_0.pdb /work/data/finished/PZ11NMR/pdb/PZ11NMR_Adamiak_10.pdb
2026-03-10 00:28:47 	 Docker exit code: 0
2026-03-10 00:28:47 	 Docker output length: 346
2026-03-10 00:28:47 	 Saved CSV: PZ11NMR,Adamiak_10,Adamiak,10,fallback_pair,0.6897577005006471,0.7557421816064579,0,PZ11NMR_solution_0.pdb,PZ11NMR_Adamiak_10.pdb
2026-03-10 00:28:47 	 RUN fallback_pair: model=PZ11NMR_Adamiak_2.pdb against global=PZ11NMR_solution_0.pdb -> id=Adamiak_2
2026-03-10 00:28:48 	 Docker cmd: docker run --rm -v D:\Studia\Projekty\gsp-lab:/work -v D:\Studia\Projekty\RNA_assessment:/rna_assessment -e RNA_ASSESSMENT_ROOT=/rna_assessment -e PYTHONPATH=/rna_assessment mcannotate-runtime python3 /work/src/utils/INF.py /work/data/finished/PZ11NMR/pdb/PZ11NMR_solution_0.pdb /work/data/finished/PZ11NMR/pdb/PZ11NMR_Adamiak_2.pdb
2026-03-10 00:28:50 	 Docker exit code: 0
2026-03-10 00:28:50 	 Docker output length: 345
2026-03-10 00:28:50 	 Saved CSV: PZ11NMR,Adamiak_2,Adamiak,2,fallback_pair,0.7179749429489257,0.8104432008587534,0,PZ11NMR_solution_0.pdb,PZ11NMR_Adamiak_2.pdb
2026-03-10 00:28:50 	 RUN fallback_pair: model=PZ11NMR_Adamiak_3.pdb against global=PZ11NMR_solution_0.pdb -> id=Adamiak_3
2026-03-10 00:28:50 	 Docker cmd: docker run --rm -v D:\Studia\Projekty\gsp-lab:/work -v D:\Studia\Projekty\RNA_assessment:/rna_assessment -e RNA_ASSESSMENT_ROOT=/rna_assessment -e PYTHONPATH=/rna_assessment mcannotate-runtime python3 /work/src/utils/INF.py /work/data/finished/PZ11NMR/pdb/PZ11NMR_solution_0.pdb /work/data/finished/PZ11NMR/pdb/PZ11NMR_Adamiak_3.pdb
2026-03-10 00:28:53 	 Docker exit code: 0
2026-03-10 00:28:53 	 Docker output length: 342
2026-03-10 00:28:53 	 Saved CSV: PZ11NMR,Adamiak_3,Adamiak,3,fallback_pair,0.672492702783668,0.7272727272727273,0,PZ11NMR_solution_0.pdb,PZ11NMR_Adamiak_3.pdb
2026-03-10 00:28:53 	 RUN fallback_pair: model=PZ11NMR_Adamiak_4.pdb against global=PZ11NMR_solution_0.pdb -> id=Adamiak_4
2026-03-10 00:28:53 	 Docker cmd: docker run --rm -v D:\Studia\Projekty\gsp-lab:/work -v D:\Studia\Projekty\RNA_assessment:/rna_assessment -e RNA_ASSESSMENT_ROOT=/rna_assessment -e PYTHONPATH=/rna_assessment mcannotate-runtime python3 /work/src/utils/INF.py /work/data/finished/PZ11NMR/pdb/PZ11NMR_solution_0.pdb /work/data/finished/PZ11NMR/pdb/PZ11NMR_Adamiak_4.pdb
2026-03-10 00:28:56 	 Docker exit code: 0
2026-03-10 00:28:56 	 Docker output length: 345
2026-03-10 00:28:56 	 Saved CSV: PZ11NMR,Adamiak_4,Adamiak,4,fallback_pair,0.7263751380520697,0.8314971796756814,-1,PZ11NMR_solution_0.pdb,PZ11NMR_Adamiak_4.pdb
2026-03-10 00:28:56 	 RUN fallback_pair: model=PZ11NMR_Adamiak_5.pdb against global=PZ11NMR_solution_0.pdb -> id=Adamiak_5
2026-03-10 00:28:56 	 Docker cmd: docker run --rm -v D:\Studia\Projekty\gsp-lab:/work -v D:\Studia\Projekty\RNA_assessment:/rna_assessment -e RNA_ASSESSMENT_ROOT=/rna_assessment -e PYTHONPATH=/rna_assessment mcannotate-runtime python3 /work/src/utils/INF.py /work/data/finished/PZ11NMR/pdb/PZ11NMR_solution_0.pdb /work/data/finished/PZ11NMR/pdb/PZ11NMR_Adamiak_5.pdb
2026-03-10 00:28:59 	 Docker exit code: 0
2026-03-10 00:28:59 	 Docker output length: 345
2026-03-10 00:28:59 	 Saved CSV: PZ11NMR,Adamiak_5,Adamiak,5,fallback_pair,0.8104652980882605,0.9770084209183945,0,PZ11NMR_solution_0.pdb,PZ11NMR_Adamiak_5.pdb
2026-03-10 00:28:59 	 RUN fallback_pair: model=PZ11NMR_Adamiak_6.pdb against global=PZ11NMR_solution_0.pdb -> id=Adamiak_6
2026-03-10 00:28:59 	 Docker cmd: docker run --rm -v D:\Studia\Projekty\gsp-lab:/work -v D:\Studia\Projekty\RNA_assessment:/rna_assessment -e RNA_ASSESSMENT_ROOT=/rna_assessment -e PYTHONPATH=/rna_assessment mcannotate-runtime python3 /work/src/utils/INF.py /work/data/finished/PZ11NMR/pdb/PZ11NMR_solution_0.pdb /work/data/finished/PZ11NMR/pdb/PZ11NMR_Adamiak_6.pdb
2026-03-10 00:29:02 	 Docker exit code: 0
2026-03-10 00:29:02 	 Docker output length: 344
2026-03-10 00:29:02 	 Saved CSV: PZ11NMR,Adamiak_6,Adamiak,6,fallback_pair,0.7227145938617754,0.9057894597833127,0,PZ11NMR_solution_0.pdb,PZ11NMR_Adamiak_6.pdb
2026-03-10 00:29:02 	 RUN fallback_pair: model=PZ11NMR_Adamiak_7.pdb against global=PZ11NMR_solution_0.pdb -> id=Adamiak_7
2026-03-10 00:29:02 	 Docker cmd: docker run --rm -v D:\Studia\Projekty\gsp-lab:/work -v D:\Studia\Projekty\RNA_assessment:/rna_assessment -e RNA_ASSESSMENT_ROOT=/rna_assessment -e PYTHONPATH=/rna_assessment mcannotate-runtime python3 /work/src/utils/INF.py /work/data/finished/PZ11NMR/pdb/PZ11NMR_solution_0.pdb /work/data/finished/PZ11NMR/pdb/PZ11NMR_Adamiak_7.pdb
2026-03-10 00:29:05 	 Docker exit code: 0
2026-03-10 00:29:05 	 Docker output length: 342
2026-03-10 00:29:05 	 Saved CSV: PZ11NMR,Adamiak_7,Adamiak,7,fallback_pair,0.7654779007031431,0.9545454545454546,0,PZ11NMR_solution_0.pdb,PZ11NMR_Adamiak_7.pdb
2026-03-10 00:29:05 	 RUN fallback_pair: model=PZ11NMR_Adamiak_8.pdb against global=PZ11NMR_solution_0.pdb -> id=Adamiak_8
2026-03-10 00:29:05 	 Docker cmd: docker run --rm -v D:\Studia\Projekty\gsp-lab:/work -v D:\Studia\Projekty\RNA_assessment:/rna_assessment -e RNA_ASSESSMENT_ROOT=/rna_assessment -e PYTHONPATH=/rna_assessment mcannotate-runtime python3 /work/src/utils/INF.py /work/data/finished/PZ11NMR/pdb/PZ11NMR_solution_0.pdb /work/data/finished/PZ11NMR/pdb/PZ11NMR_Adamiak_8.pdb
2026-03-10 00:29:09 	 Docker exit code: 0
2026-03-10 00:29:09 	 Docker output length: 345
2026-03-10 00:29:09 	 Saved CSV: PZ11NMR,Adamiak_8,Adamiak,8,fallback_pair,0.7480806756871626,0.8104432008587534,0,PZ11NMR_solution_0.pdb,PZ11NMR_Adamiak_8.pdb
2026-03-10 00:29:09 	 RUN fallback_pair: model=PZ11NMR_Adamiak_9.pdb against global=PZ11NMR_solution_0.pdb -> id=Adamiak_9
2026-03-10 00:29:09 	 Docker cmd: docker run --rm -v D:\Studia\Projekty\gsp-lab:/work -v D:\Studia\Projekty\RNA_assessment:/rna_assessment -e RNA_ASSESSMENT_ROOT=/rna_assessment -e PYTHONPATH=/rna_assessment mcannotate-runtime python3 /work/src/utils/INF.py /work/data/finished/PZ11NMR/pdb/PZ11NMR_solution_0.pdb /work/data/finished/PZ11NMR/pdb/PZ11NMR_Adamiak_9.pdb
2026-03-10 00:29:11 	 Docker exit code: 0
2026-03-10 00:29:11 	 Docker output length: 344
2026-03-10 00:29:11 	 Saved CSV: PZ11NMR,Adamiak_9,Adamiak,9,fallback_pair,0.7605643785147319,0.7727272727272727,0,PZ11NMR_solution_0.pdb,PZ11NMR_Adamiak_9.pdb
2026-03-10 00:29:11 	 SKIP (model is a solution file): PZ11NMR_Bujnicki_1_solution.pdb
2026-03-10 00:29:11 	 SKIP (model is a solution file): PZ11NMR_Bujnicki_10_solution.pdb
2026-03-10 00:29:11 	 SKIP (model is a solution file): PZ11NMR_Bujnicki_2_solution.pdb
2026-03-10 00:29:11 	 SKIP (model is a solution file): PZ11NMR_Bujnicki_3_solution.pdb
2026-03-10 00:29:11 	 SKIP (model is a solution file): PZ11NMR_Bujnicki_4_solution.pdb
2026-03-10 00:29:11 	 SKIP (model is a solution file): PZ11NMR_Bujnicki_5_solution.pdb
2026-03-10 00:29:11 	 SKIP (model is a solution file): PZ11NMR_Bujnicki_6_solution.pdb
2026-03-10 00:29:11 	 SKIP (model is a solution file): PZ11NMR_Bujnicki_7_solution.pdb
2026-03-10 00:29:11 	 SKIP (model is a solution file): PZ11NMR_Bujnicki_8_solution.pdb
2026-03-10 00:29:11 	 SKIP (model is a solution file): PZ11NMR_Bujnicki_9_solution.pdb
2026-03-10 00:29:11 	 SKIP (model is a solution file): PZ11NMR_Chen_1_solution.pdb
2026-03-10 00:29:11 	 SKIP (model is a solution file): PZ11NMR_Chen_10_solution.pdb
2026-03-10 00:29:11 	 SKIP (model is a solution file): PZ11NMR_Chen_2_solution.pdb
2026-03-10 00:29:11 	 SKIP (model is a solution file): PZ11NMR_Chen_3_solution.pdb
2026-03-10 00:29:11 	 SKIP (model is a solution file): PZ11NMR_Chen_4_solution.pdb
2026-03-10 00:29:11 	 SKIP (model is a solution file): PZ11NMR_Chen_5_solution.pdb
2026-03-10 00:29:11 	 SKIP (model is a solution file): PZ11NMR_Chen_6_solution.pdb
2026-03-10 00:29:11 	 SKIP (model is a solution file): PZ11NMR_Chen_7_solution.pdb
2026-03-10 00:29:11 	 SKIP (model is a solution file): PZ11NMR_Chen_8_solution.pdb
2026-03-10 00:29:11 	 SKIP (model is a solution file): PZ11NMR_Chen_9_solution.pdb
2026-03-10 00:29:11 	 SKIP (model is a solution file): PZ11NMR_Das_1_solution.pdb
2026-03-10 00:29:11 	 SKIP (model is a solution file): PZ11NMR_Das_10_solution.pdb
2026-03-10 00:29:11 	 SKIP (model is a solution file): PZ11NMR_Das_2_solution.pdb
2026-03-10 00:29:11 	 SKIP (model is a solution file): PZ11NMR_Das_3_solution.pdb
2026-03-10 00:29:11 	 SKIP (model is a solution file): PZ11NMR_Das_4_solution.pdb
2026-03-10 00:29:11 	 SKIP (model is a solution file): PZ11NMR_Das_5_solution.pdb
2026-03-10 00:29:11 	 SKIP (model is a solution file): PZ11NMR_Das_6_solution.pdb
2026-03-10 00:29:11 	 SKIP (model is a solution file): PZ11NMR_Das_7_solution.pdb
2026-03-10 00:29:11 	 SKIP (model is a solution file): PZ11NMR_Das_8_solution.pdb
2026-03-10 00:29:11 	 SKIP (model is a solution file): PZ11NMR_Das_9_solution.pdb
2026-03-10 00:29:11 	 SKIP (model is a solution file): PZ11NMR_Ding_1_solution.pdb
2026-03-10 00:29:11 	 SKIP (model is a solution file): PZ11NMR_Ding_10_solution.pdb
2026-03-10 00:29:11 	 SKIP (model is a solution file): PZ11NMR_Ding_2_solution.pdb
2026-03-10 00:29:11 	 SKIP (model is a solution file): PZ11NMR_Ding_3_solution.pdb
2026-03-10 00:29:11 	 SKIP (model is a solution file): PZ11NMR_Ding_4_solution.pdb
2026-03-10 00:29:11 	 SKIP (model is a solution file): PZ11NMR_Ding_5_solution.pdb
2026-03-10 00:29:11 	 SKIP (model is a solution file): PZ11NMR_Ding_6_solution.pdb
2026-03-10 00:29:11 	 SKIP (model is a solution file): PZ11NMR_Ding_7_solution.pdb
2026-03-10 00:29:11 	 SKIP (model is a solution file): PZ11NMR_Ding_8_solution.pdb
2026-03-10 00:29:11 	 SKIP (model is a solution file): PZ11NMR_Ding_9_solution.pdb
2026-03-10 00:29:11 	 SKIP (model is a solution file): PZ11NMR_solution_0.pdb
2026-03-10 00:29:11 	 RUN fallback_pair: model=PZ11NMR_Xiao_1.pdb against global=PZ11NMR_solution_0.pdb -> id=Xiao_1
2026-03-10 00:29:11 	 Docker cmd: docker run --rm -v D:\Studia\Projekty\gsp-lab:/work -v D:\Studia\Projekty\RNA_assessment:/rna_assessment -e RNA_ASSESSMENT_ROOT=/rna_assessment -e PYTHONPATH=/rna_assessment mcannotate-runtime python3 /work/src/utils/INF.py /work/data/finished/PZ11NMR/pdb/PZ11NMR_solution_0.pdb /work/data/finished/PZ11NMR/pdb/PZ11NMR_Xiao_1.pdb
2026-03-10 00:29:14 	 Docker exit code: 0
2026-03-10 00:29:14 	 Docker output length: 341
2026-03-10 00:29:14 	 Saved CSV: PZ11NMR,Xiao_1,Xiao,1,fallback_pair,0.6946598757457398,0.7909115788387002,0,PZ11NMR_solution_0.pdb,PZ11NMR_Xiao_1.pdb
2026-03-10 00:29:14 	 RUN fallback_pair: model=PZ11NMR_Xiao_2.pdb against global=PZ11NMR_solution_0.pdb -> id=Xiao_2
2026-03-10 00:29:14 	 Docker cmd: docker run --rm -v D:\Studia\Projekty\gsp-lab:/work -v D:\Studia\Projekty\RNA_assessment:/rna_assessment -e RNA_ASSESSMENT_ROOT=/rna_assessment -e PYTHONPATH=/rna_assessment mcannotate-runtime python3 /work/src/utils/INF.py /work/data/finished/PZ11NMR/pdb/PZ11NMR_solution_0.pdb /work/data/finished/PZ11NMR/pdb/PZ11NMR_Xiao_2.pdb
2026-03-10 00:29:16 	 Docker exit code: 0
2026-03-10 00:29:16 	 Docker output length: 343
2026-03-10 00:29:16 	 Saved CSV: PZ11NMR,Xiao_2,Xiao,2,fallback_pair,0.7160390103945312,0.8636363636363636,-1,PZ11NMR_solution_0.pdb,PZ11NMR_Xiao_2.pdb
2026-03-10 00:29:16 	 RUN fallback_pair: model=PZ11NMR_Xiao_3.pdb against global=PZ11NMR_solution_0.pdb -> id=Xiao_3
2026-03-10 00:29:16 	 Docker cmd: docker run --rm -v D:\Studia\Projekty\gsp-lab:/work -v D:\Studia\Projekty\RNA_assessment:/rna_assessment -e RNA_ASSESSMENT_ROOT=/rna_assessment -e PYTHONPATH=/rna_assessment mcannotate-runtime python3 /work/src/utils/INF.py /work/data/finished/PZ11NMR/pdb/PZ11NMR_solution_0.pdb /work/data/finished/PZ11NMR/pdb/PZ11NMR_Xiao_3.pdb
2026-03-10 00:29:19 	 Docker exit code: 0
2026-03-10 00:29:19 	 Docker output length: 341
2026-03-10 00:29:19 	 Saved CSV: PZ11NMR,Xiao_3,Xiao,3,fallback_pair,0.7266576158984058,0.8636363636363636,0,PZ11NMR_solution_0.pdb,PZ11NMR_Xiao_3.pdb
2026-03-10 00:29:19 	 DONE case: PZ11NMR
2026-03-10 01:12:38 	 START case: PZ11NMR
2026-03-10 01:12:38 	 caseDir: D:\Studia\Projekty\gsp-lab\data\finished\PZ11NMR
2026-03-10 01:12:38 	 pdbDir: D:\Studia\Projekty\gsp-lab\data\finished\PZ11NMR\pdb
2026-03-10 01:12:38 	 Found pdb count: 94
2026-03-10 01:12:38 	 Global solution: PZ11NMR_solution_0.pdb
2026-03-10 01:12:38 	 SKIP already recorded (refined): Bujnicki_1
2026-03-10 01:12:38 	 SKIP already recorded (refined): Bujnicki_10
2026-03-10 01:12:38 	 SKIP already recorded (refined): Bujnicki_2
2026-03-10 01:12:38 	 SKIP already recorded (refined): Bujnicki_3
2026-03-10 01:12:38 	 SKIP already recorded (refined): Bujnicki_4
2026-03-10 01:12:38 	 SKIP already recorded (refined): Bujnicki_5
2026-03-10 01:12:38 	 SKIP already recorded (refined): Bujnicki_6
2026-03-10 01:12:38 	 SKIP already recorded (refined): Bujnicki_7
2026-03-10 01:12:38 	 SKIP already recorded (refined): Bujnicki_8
2026-03-10 01:12:38 	 SKIP already recorded (refined): Bujnicki_9
2026-03-10 01:12:38 	 SKIP already recorded (refined): Chen_1
2026-03-10 01:12:38 	 SKIP already recorded (refined): Chen_10
2026-03-10 01:12:38 	 SKIP already recorded (refined): Chen_2
2026-03-10 01:12:38 	 SKIP already recorded (refined): Chen_3
2026-03-10 01:12:38 	 SKIP already recorded (refined): Chen_4
2026-03-10 01:12:38 	 SKIP already recorded (refined): Chen_5
2026-03-10 01:12:38 	 SKIP already recorded (refined): Chen_6
2026-03-10 01:12:38 	 SKIP already recorded (refined): Chen_7
2026-03-10 01:12:38 	 SKIP already recorded (refined): Chen_8
2026-03-10 01:12:38 	 SKIP already recorded (refined): Chen_9
2026-03-10 01:12:38 	 SKIP already recorded (refined): Das_1
2026-03-10 01:12:38 	 SKIP already recorded (refined): Das_10
2026-03-10 01:12:38 	 SKIP already recorded (refined): Das_2
2026-03-10 01:12:38 	 SKIP already recorded (refined): Das_3
2026-03-10 01:12:38 	 SKIP already recorded (refined): Das_4
2026-03-10 01:12:38 	 SKIP already recorded (refined): Das_5
2026-03-10 01:12:39 	 SKIP already recorded (refined): Das_6
2026-03-10 01:12:39 	 SKIP already recorded (refined): Das_7
2026-03-10 01:12:39 	 SKIP already recorded (refined): Das_8
2026-03-10 01:12:39 	 SKIP already recorded (refined): Das_9
2026-03-10 01:12:39 	 SKIP already recorded (refined): Ding_1
2026-03-10 01:12:39 	 SKIP already recorded (refined): Ding_10
2026-03-10 01:12:39 	 SKIP already recorded (refined): Ding_2
2026-03-10 01:12:39 	 SKIP already recorded (refined): Ding_3
2026-03-10 01:12:39 	 SKIP already recorded (refined): Ding_4
2026-03-10 01:12:39 	 SKIP already recorded (refined): Ding_5
2026-03-10 01:12:39 	 SKIP already recorded (refined): Ding_6
2026-03-10 01:12:39 	 SKIP already recorded (refined): Ding_7
2026-03-10 01:12:39 	 SKIP already recorded (refined): Ding_8
2026-03-10 01:12:39 	 SKIP already recorded (refined): Ding_9
2026-03-10 01:12:39 	 SKIP already recorded (fallback): Adamiak_1
2026-03-10 01:12:39 	 SKIP already recorded (fallback): Adamiak_10
2026-03-10 01:12:39 	 SKIP already recorded (fallback): Adamiak_2
2026-03-10 01:12:39 	 SKIP already recorded (fallback): Adamiak_3
2026-03-10 01:12:39 	 SKIP already recorded (fallback): Adamiak_4
2026-03-10 01:12:39 	 SKIP already recorded (fallback): Adamiak_5
2026-03-10 01:12:39 	 SKIP already recorded (fallback): Adamiak_6
2026-03-10 01:12:39 	 SKIP already recorded (fallback): Adamiak_7
2026-03-10 01:12:39 	 SKIP already recorded (fallback): Adamiak_8
2026-03-10 01:12:39 	 SKIP already recorded (fallback): Adamiak_9
2026-03-10 01:12:39 	 SKIP (model is a solution file): PZ11NMR_Bujnicki_1_solution.pdb
2026-03-10 01:12:39 	 SKIP (model is a solution file): PZ11NMR_Bujnicki_10_solution.pdb
2026-03-10 01:12:39 	 SKIP (model is a solution file): PZ11NMR_Bujnicki_2_solution.pdb
2026-03-10 01:12:39 	 SKIP (model is a solution file): PZ11NMR_Bujnicki_3_solution.pdb
2026-03-10 01:12:39 	 SKIP (model is a solution file): PZ11NMR_Bujnicki_4_solution.pdb
2026-03-10 01:12:39 	 SKIP (model is a solution file): PZ11NMR_Bujnicki_5_solution.pdb
2026-03-10 01:12:39 	 SKIP (model is a solution file): PZ11NMR_Bujnicki_6_solution.pdb
2026-03-10 01:12:39 	 SKIP (model is a solution file): PZ11NMR_Bujnicki_7_solution.pdb
2026-03-10 01:12:39 	 SKIP (model is a solution file): PZ11NMR_Bujnicki_8_solution.pdb
2026-03-10 01:12:39 	 SKIP (model is a solution file): PZ11NMR_Bujnicki_9_solution.pdb
2026-03-10 01:12:39 	 SKIP (model is a solution file): PZ11NMR_Chen_1_solution.pdb
2026-03-10 01:12:39 	 SKIP (model is a solution file): PZ11NMR_Chen_10_solution.pdb
2026-03-10 01:12:39 	 SKIP (model is a solution file): PZ11NMR_Chen_2_solution.pdb
2026-03-10 01:12:39 	 SKIP (model is a solution file): PZ11NMR_Chen_3_solution.pdb
2026-03-10 01:12:39 	 SKIP (model is a solution file): PZ11NMR_Chen_4_solution.pdb
2026-03-10 01:12:39 	 SKIP (model is a solution file): PZ11NMR_Chen_5_solution.pdb
2026-03-10 01:12:39 	 SKIP (model is a solution file): PZ11NMR_Chen_6_solution.pdb
2026-03-10 01:12:39 	 SKIP (model is a solution file): PZ11NMR_Chen_7_solution.pdb
2026-03-10 01:12:39 	 SKIP (model is a solution file): PZ11NMR_Chen_8_solution.pdb
2026-03-10 01:12:39 	 SKIP (model is a solution file): PZ11NMR_Chen_9_solution.pdb
2026-03-10 01:12:39 	 SKIP (model is a solution file): PZ11NMR_Das_1_solution.pdb
2026-03-10 01:12:39 	 SKIP (model is a solution file): PZ11NMR_Das_10_solution.pdb
2026-03-10 01:12:39 	 SKIP (model is a solution file): PZ11NMR_Das_2_solution.pdb
2026-03-10 01:12:39 	 SKIP (model is a solution file): PZ11NMR_Das_3_solution.pdb
2026-03-10 01:12:39 	 SKIP (model is a solution file): PZ11NMR_Das_4_solution.pdb
2026-03-10 01:12:39 	 SKIP (model is a solution file): PZ11NMR_Das_5_solution.pdb
2026-03-10 01:12:39 	 SKIP (model is a solution file): PZ11NMR_Das_6_solution.pdb
2026-03-10 01:12:39 	 SKIP (model is a solution file): PZ11NMR_Das_7_solution.pdb
2026-03-10 01:12:39 	 SKIP (model is a solution file): PZ11NMR_Das_8_solution.pdb
2026-03-10 01:12:39 	 SKIP (model is a solution file): PZ11NMR_Das_9_solution.pdb
2026-03-10 01:12:39 	 SKIP (model is a solution file): PZ11NMR_Ding_1_solution.pdb
2026-03-10 01:12:39 	 SKIP (model is a solution file): PZ11NMR_Ding_10_solution.pdb
2026-03-10 01:12:39 	 SKIP (model is a solution file): PZ11NMR_Ding_2_solution.pdb
2026-03-10 01:12:39 	 SKIP (model is a solution file): PZ11NMR_Ding_3_solution.pdb
2026-03-10 01:12:39 	 SKIP (model is a solution file): PZ11NMR_Ding_4_solution.pdb
2026-03-10 01:12:39 	 SKIP (model is a solution file): PZ11NMR_Ding_5_solution.pdb
2026-03-10 01:12:39 	 SKIP (model is a solution file): PZ11NMR_Ding_6_solution.pdb
2026-03-10 01:12:39 	 SKIP (model is a solution file): PZ11NMR_Ding_7_solution.pdb
2026-03-10 01:12:39 	 SKIP (model is a solution file): PZ11NMR_Ding_8_solution.pdb
2026-03-10 01:12:39 	 SKIP (model is a solution file): PZ11NMR_Ding_9_solution.pdb
2026-03-10 01:12:39 	 SKIP (model is a solution file): PZ11NMR_solution_0.pdb
2026-03-10 01:12:39 	 SKIP already recorded (fallback): Xiao_1
2026-03-10 01:12:39 	 SKIP already recorded (fallback): Xiao_2
2026-03-10 01:12:39 	 SKIP already recorded (fallback): Xiao_3
2026-03-10 01:12:39 	 DONE case: PZ11NMR
2026-03-10 01:17:22 	 START case: PZ11NMR
2026-03-10 01:17:22 	 caseDir: D:\Studia\Projekty\gsp-lab\data\finished\PZ11NMR
2026-03-10 01:17:22 	 pdbDir: D:\Studia\Projekty\gsp-lab\data\finished\PZ11NMR\pdb
2026-03-10 01:17:22 	 Found pdb count: 94
2026-03-10 01:17:22 	 Global solution: PZ11NMR_solution_0.pdb
2026-03-10 01:17:23 	 SKIP already recorded (refined): Bujnicki_1
2026-03-10 01:17:23 	 SKIP already recorded (refined): Bujnicki_10
2026-03-10 01:17:23 	 SKIP already recorded (refined): Bujnicki_2
2026-03-10 01:17:23 	 SKIP already recorded (refined): Bujnicki_3
2026-03-10 01:17:23 	 SKIP already recorded (refined): Bujnicki_4
2026-03-10 01:17:23 	 SKIP already recorded (refined): Bujnicki_5
2026-03-10 01:17:23 	 SKIP already recorded (refined): Bujnicki_6
2026-03-10 01:17:23 	 SKIP already recorded (refined): Bujnicki_7
2026-03-10 01:17:23 	 SKIP already recorded (refined): Bujnicki_8
2026-03-10 01:17:23 	 SKIP already recorded (refined): Bujnicki_9
2026-03-10 01:17:23 	 SKIP already recorded (refined): Chen_1
2026-03-10 01:17:23 	 SKIP already recorded (refined): Chen_10
2026-03-10 01:17:23 	 SKIP already recorded (refined): Chen_2
2026-03-10 01:17:23 	 SKIP already recorded (refined): Chen_3
2026-03-10 01:17:23 	 SKIP already recorded (refined): Chen_4
2026-03-10 01:17:23 	 SKIP already recorded (refined): Chen_5
2026-03-10 01:17:23 	 SKIP already recorded (refined): Chen_6
2026-03-10 01:17:23 	 SKIP already recorded (refined): Chen_7
2026-03-10 01:17:23 	 SKIP already recorded (refined): Chen_8
2026-03-10 01:17:23 	 SKIP already recorded (refined): Chen_9
2026-03-10 01:17:23 	 SKIP already recorded (refined): Das_1
2026-03-10 01:17:23 	 SKIP already recorded (refined): Das_10
2026-03-10 01:17:23 	 SKIP already recorded (refined): Das_2
2026-03-10 01:17:23 	 SKIP already recorded (refined): Das_3
2026-03-10 01:17:23 	 SKIP already recorded (refined): Das_4
2026-03-10 01:17:23 	 SKIP already recorded (refined): Das_5
2026-03-10 01:17:23 	 SKIP already recorded (refined): Das_6
2026-03-10 01:17:23 	 SKIP already recorded (refined): Das_7
2026-03-10 01:17:23 	 SKIP already recorded (refined): Das_8
2026-03-10 01:17:23 	 SKIP already recorded (refined): Das_9
2026-03-10 01:17:23 	 SKIP already recorded (refined): Ding_1
2026-03-10 01:17:23 	 SKIP already recorded (refined): Ding_10
2026-03-10 01:17:23 	 SKIP already recorded (refined): Ding_2
2026-03-10 01:17:23 	 SKIP already recorded (refined): Ding_3
2026-03-10 01:17:23 	 SKIP already recorded (refined): Ding_4
2026-03-10 01:17:23 	 SKIP already recorded (refined): Ding_5
2026-03-10 01:17:23 	 SKIP already recorded (refined): Ding_6
2026-03-10 01:17:23 	 SKIP already recorded (refined): Ding_7
2026-03-10 01:17:23 	 SKIP already recorded (refined): Ding_8
2026-03-10 01:17:23 	 SKIP already recorded (refined): Ding_9
2026-03-10 01:17:23 	 SKIP already recorded (fallback): Adamiak_1
2026-03-10 01:17:23 	 SKIP already recorded (fallback): Adamiak_10
2026-03-10 01:17:23 	 SKIP already recorded (fallback): Adamiak_2
2026-03-10 01:17:23 	 SKIP already recorded (fallback): Adamiak_3
2026-03-10 01:17:23 	 SKIP already recorded (fallback): Adamiak_4
2026-03-10 01:17:23 	 SKIP already recorded (fallback): Adamiak_5
2026-03-10 01:17:23 	 SKIP already recorded (fallback): Adamiak_6
2026-03-10 01:17:23 	 SKIP already recorded (fallback): Adamiak_7
2026-03-10 01:17:23 	 SKIP already recorded (fallback): Adamiak_8
2026-03-10 01:17:23 	 SKIP already recorded (fallback): Adamiak_9
2026-03-10 01:17:23 	 SKIP (model is a solution file): PZ11NMR_Bujnicki_1_solution.pdb
2026-03-10 01:17:23 	 SKIP (model is a solution file): PZ11NMR_Bujnicki_10_solution.pdb
2026-03-10 01:17:23 	 SKIP (model is a solution file): PZ11NMR_Bujnicki_2_solution.pdb
2026-03-10 01:17:23 	 SKIP (model is a solution file): PZ11NMR_Bujnicki_3_solution.pdb
2026-03-10 01:17:23 	 SKIP (model is a solution file): PZ11NMR_Bujnicki_4_solution.pdb
2026-03-10 01:17:23 	 SKIP (model is a solution file): PZ11NMR_Bujnicki_5_solution.pdb
2026-03-10 01:17:23 	 SKIP (model is a solution file): PZ11NMR_Bujnicki_6_solution.pdb
2026-03-10 01:17:23 	 SKIP (model is a solution file): PZ11NMR_Bujnicki_7_solution.pdb
2026-03-10 01:17:23 	 SKIP (model is a solution file): PZ11NMR_Bujnicki_8_solution.pdb
2026-03-10 01:17:23 	 SKIP (model is a solution file): PZ11NMR_Bujnicki_9_solution.pdb
2026-03-10 01:17:24 	 SKIP (model is a solution file): PZ11NMR_Chen_1_solution.pdb
2026-03-10 01:17:24 	 SKIP (model is a solution file): PZ11NMR_Chen_10_solution.pdb
2026-03-10 01:17:24 	 SKIP (model is a solution file): PZ11NMR_Chen_2_solution.pdb
2026-03-10 01:17:24 	 SKIP (model is a solution file): PZ11NMR_Chen_3_solution.pdb
2026-03-10 01:17:24 	 SKIP (model is a solution file): PZ11NMR_Chen_4_solution.pdb
2026-03-10 01:17:24 	 SKIP (model is a solution file): PZ11NMR_Chen_5_solution.pdb
2026-03-10 01:17:24 	 SKIP (model is a solution file): PZ11NMR_Chen_6_solution.pdb
2026-03-10 01:17:24 	 SKIP (model is a solution file): PZ11NMR_Chen_7_solution.pdb
2026-03-10 01:17:24 	 SKIP (model is a solution file): PZ11NMR_Chen_8_solution.pdb
2026-03-10 01:17:24 	 SKIP (model is a solution file): PZ11NMR_Chen_9_solution.pdb
2026-03-10 01:17:24 	 SKIP (model is a solution file): PZ11NMR_Das_1_solution.pdb
2026-03-10 01:17:24 	 SKIP (model is a solution file): PZ11NMR_Das_10_solution.pdb
2026-03-10 01:17:24 	 SKIP (model is a solution file): PZ11NMR_Das_2_solution.pdb
2026-03-10 01:17:24 	 SKIP (model is a solution file): PZ11NMR_Das_3_solution.pdb
2026-03-10 01:17:24 	 SKIP (model is a solution file): PZ11NMR_Das_4_solution.pdb
2026-03-10 01:17:24 	 SKIP (model is a solution file): PZ11NMR_Das_5_solution.pdb
2026-03-10 01:17:24 	 SKIP (model is a solution file): PZ11NMR_Das_6_solution.pdb
2026-03-10 01:17:24 	 SKIP (model is a solution file): PZ11NMR_Das_7_solution.pdb
2026-03-10 01:17:24 	 SKIP (model is a solution file): PZ11NMR_Das_8_solution.pdb
2026-03-10 01:17:24 	 SKIP (model is a solution file): PZ11NMR_Das_9_solution.pdb
2026-03-10 01:17:24 	 SKIP (model is a solution file): PZ11NMR_Ding_1_solution.pdb
2026-03-10 01:17:24 	 SKIP (model is a solution file): PZ11NMR_Ding_10_solution.pdb
2026-03-10 01:17:24 	 SKIP (model is a solution file): PZ11NMR_Ding_2_solution.pdb
2026-03-10 01:17:24 	 SKIP (model is a solution file): PZ11NMR_Ding_3_solution.pdb
2026-03-10 01:17:24 	 SKIP (model is a solution file): PZ11NMR_Ding_4_solution.pdb
2026-03-10 01:17:24 	 SKIP (model is a solution file): PZ11NMR_Ding_5_solution.pdb
2026-03-10 01:17:24 	 SKIP (model is a solution file): PZ11NMR_Ding_6_solution.pdb
2026-03-10 01:17:24 	 SKIP (model is a solution file): PZ11NMR_Ding_7_solution.pdb
2026-03-10 01:17:24 	 SKIP (model is a solution file): PZ11NMR_Ding_8_solution.pdb
2026-03-10 01:17:24 	 SKIP (model is a solution file): PZ11NMR_Ding_9_solution.pdb
2026-03-10 01:17:24 	 SKIP (model is a solution file): PZ11NMR_solution_0.pdb
2026-03-10 01:17:24 	 SKIP already recorded (fallback): Xiao_1
2026-03-10 01:17:24 	 SKIP already recorded (fallback): Xiao_2
2026-03-10 01:17:24 	 SKIP already recorded (fallback): Xiao_3
2026-03-10 01:17:24 	 DONE case: PZ11NMR
2026-03-10 01:21:49 	 START case: PZ11NMR
2026-03-10 01:21:49 	 caseDir: D:\Studia\Projekty\gsp-lab\data\finished\PZ11NMR
2026-03-10 01:21:49 	 pdbDir: D:\Studia\Projekty\gsp-lab\data\finished\PZ11NMR\pdb
2026-03-10 01:21:49 	 Found pdb count: 94
2026-03-10 01:21:49 	 Global solution: PZ11NMR_solution_0.pdb
2026-03-10 01:21:49 	 SKIP already recorded (refined): Bujnicki_1
2026-03-10 01:21:49 	 SKIP already recorded (refined): Bujnicki_10
2026-03-10 01:21:49 	 SKIP already recorded (refined): Bujnicki_2
2026-03-10 01:21:49 	 SKIP already recorded (refined): Bujnicki_3
2026-03-10 01:21:49 	 SKIP already recorded (refined): Bujnicki_4
2026-03-10 01:21:49 	 SKIP already recorded (refined): Bujnicki_5
2026-03-10 01:21:49 	 SKIP already recorded (refined): Bujnicki_6
2026-03-10 01:21:49 	 SKIP already recorded (refined): Bujnicki_7
2026-03-10 01:21:49 	 SKIP already recorded (refined): Bujnicki_8
2026-03-10 01:21:50 	 SKIP already recorded (refined): Bujnicki_9
2026-03-10 01:21:50 	 SKIP already recorded (refined): Chen_1
2026-03-10 01:21:50 	 SKIP already recorded (refined): Chen_10
2026-03-10 01:21:50 	 SKIP already recorded (refined): Chen_2
2026-03-10 01:21:50 	 SKIP already recorded (refined): Chen_3
2026-03-10 01:21:50 	 SKIP already recorded (refined): Chen_4
2026-03-10 01:21:50 	 SKIP already recorded (refined): Chen_5
2026-03-10 01:21:50 	 SKIP already recorded (refined): Chen_6
2026-03-10 01:21:50 	 SKIP already recorded (refined): Chen_7
2026-03-10 01:21:50 	 SKIP already recorded (refined): Chen_8
2026-03-10 01:21:50 	 SKIP already recorded (refined): Chen_9
2026-03-10 01:21:50 	 SKIP already recorded (refined): Das_1
2026-03-10 01:21:50 	 SKIP already recorded (refined): Das_10
2026-03-10 01:21:50 	 SKIP already recorded (refined): Das_2
2026-03-10 01:21:50 	 SKIP already recorded (refined): Das_3
2026-03-10 01:21:50 	 SKIP already recorded (refined): Das_4
2026-03-10 01:21:50 	 SKIP already recorded (refined): Das_5
2026-03-10 01:21:50 	 SKIP already recorded (refined): Das_6
2026-03-10 01:21:50 	 SKIP already recorded (refined): Das_7
2026-03-10 01:21:50 	 SKIP already recorded (refined): Das_8
2026-03-10 01:21:50 	 SKIP already recorded (refined): Das_9
2026-03-10 01:21:50 	 SKIP already recorded (refined): Ding_1
2026-03-10 01:21:50 	 SKIP already recorded (refined): Ding_10
2026-03-10 01:21:50 	 SKIP already recorded (refined): Ding_2
2026-03-10 01:21:50 	 SKIP already recorded (refined): Ding_3
2026-03-10 01:21:50 	 SKIP already recorded (refined): Ding_4
2026-03-10 01:21:50 	 SKIP already recorded (refined): Ding_5
2026-03-10 01:21:50 	 SKIP already recorded (refined): Ding_6
2026-03-10 01:21:50 	 SKIP already recorded (refined): Ding_7
2026-03-10 01:21:50 	 SKIP already recorded (refined): Ding_8
2026-03-10 01:21:50 	 SKIP already recorded (refined): Ding_9
2026-03-10 01:21:50 	 SKIP already recorded (fallback): Adamiak_1
2026-03-10 01:21:50 	 SKIP already recorded (fallback): Adamiak_10
2026-03-10 01:21:50 	 SKIP already recorded (fallback): Adamiak_2
2026-03-10 01:21:50 	 SKIP already recorded (fallback): Adamiak_3
2026-03-10 01:21:50 	 SKIP already recorded (fallback): Adamiak_4
2026-03-10 01:21:50 	 SKIP already recorded (fallback): Adamiak_5
2026-03-10 01:21:50 	 SKIP already recorded (fallback): Adamiak_6
2026-03-10 01:21:50 	 SKIP already recorded (fallback): Adamiak_7
2026-03-10 01:21:50 	 SKIP already recorded (fallback): Adamiak_8
2026-03-10 01:21:50 	 SKIP already recorded (fallback): Adamiak_9
2026-03-10 01:21:50 	 SKIP (model is a solution file): PZ11NMR_Bujnicki_1_solution.pdb
2026-03-10 01:21:50 	 SKIP (model is a solution file): PZ11NMR_Bujnicki_10_solution.pdb
2026-03-10 01:21:50 	 SKIP (model is a solution file): PZ11NMR_Bujnicki_2_solution.pdb
2026-03-10 01:21:50 	 SKIP (model is a solution file): PZ11NMR_Bujnicki_3_solution.pdb
2026-03-10 01:21:50 	 SKIP (model is a solution file): PZ11NMR_Bujnicki_4_solution.pdb
2026-03-10 01:21:50 	 SKIP (model is a solution file): PZ11NMR_Bujnicki_5_solution.pdb
2026-03-10 01:21:50 	 SKIP (model is a solution file): PZ11NMR_Bujnicki_6_solution.pdb
2026-03-10 01:21:50 	 SKIP (model is a solution file): PZ11NMR_Bujnicki_7_solution.pdb
2026-03-10 01:21:50 	 SKIP (model is a solution file): PZ11NMR_Bujnicki_8_solution.pdb
2026-03-10 01:21:50 	 SKIP (model is a solution file): PZ11NMR_Bujnicki_9_solution.pdb
2026-03-10 01:21:51 	 SKIP (model is a solution file): PZ11NMR_Chen_1_solution.pdb
2026-03-10 01:21:51 	 SKIP (model is a solution file): PZ11NMR_Chen_10_solution.pdb
2026-03-10 01:21:51 	 SKIP (model is a solution file): PZ11NMR_Chen_2_solution.pdb
2026-03-10 01:21:51 	 SKIP (model is a solution file): PZ11NMR_Chen_3_solution.pdb
2026-03-10 01:21:51 	 SKIP (model is a solution file): PZ11NMR_Chen_4_solution.pdb
2026-03-10 01:21:51 	 SKIP (model is a solution file): PZ11NMR_Chen_5_solution.pdb
2026-03-10 01:21:51 	 SKIP (model is a solution file): PZ11NMR_Chen_6_solution.pdb
2026-03-10 01:21:51 	 SKIP (model is a solution file): PZ11NMR_Chen_7_solution.pdb
2026-03-10 01:21:51 	 SKIP (model is a solution file): PZ11NMR_Chen_8_solution.pdb
2026-03-10 01:21:51 	 SKIP (model is a solution file): PZ11NMR_Chen_9_solution.pdb
2026-03-10 01:21:51 	 SKIP (model is a solution file): PZ11NMR_Das_1_solution.pdb
2026-03-10 01:21:51 	 SKIP (model is a solution file): PZ11NMR_Das_10_solution.pdb
2026-03-10 01:21:51 	 SKIP (model is a solution file): PZ11NMR_Das_2_solution.pdb
2026-03-10 01:21:51 	 SKIP (model is a solution file): PZ11NMR_Das_3_solution.pdb
2026-03-10 01:21:51 	 SKIP (model is a solution file): PZ11NMR_Das_4_solution.pdb
2026-03-10 01:21:51 	 SKIP (model is a solution file): PZ11NMR_Das_5_solution.pdb
2026-03-10 01:21:51 	 SKIP (model is a solution file): PZ11NMR_Das_6_solution.pdb
2026-03-10 01:21:51 	 SKIP (model is a solution file): PZ11NMR_Das_7_solution.pdb
2026-03-10 01:21:51 	 SKIP (model is a solution file): PZ11NMR_Das_8_solution.pdb
2026-03-10 01:21:51 	 SKIP (model is a solution file): PZ11NMR_Das_9_solution.pdb
2026-03-10 01:21:51 	 SKIP (model is a solution file): PZ11NMR_Ding_1_solution.pdb
2026-03-10 01:21:51 	 SKIP (model is a solution file): PZ11NMR_Ding_10_solution.pdb
2026-03-10 01:21:51 	 SKIP (model is a solution file): PZ11NMR_Ding_2_solution.pdb
2026-03-10 01:21:51 	 SKIP (model is a solution file): PZ11NMR_Ding_3_solution.pdb
2026-03-10 01:21:51 	 SKIP (model is a solution file): PZ11NMR_Ding_4_solution.pdb
2026-03-10 01:21:51 	 SKIP (model is a solution file): PZ11NMR_Ding_5_solution.pdb
2026-03-10 01:21:51 	 SKIP (model is a solution file): PZ11NMR_Ding_6_solution.pdb
2026-03-10 01:21:51 	 SKIP (model is a solution file): PZ11NMR_Ding_7_solution.pdb
2026-03-10 01:21:51 	 SKIP (model is a solution file): PZ11NMR_Ding_8_solution.pdb
2026-03-10 01:21:51 	 SKIP (model is a solution file): PZ11NMR_Ding_9_solution.pdb
2026-03-10 01:21:51 	 SKIP (model is a solution file): PZ11NMR_solution_0.pdb
2026-03-10 01:21:51 	 SKIP already recorded (fallback): Xiao_1
2026-03-10 01:21:51 	 SKIP already recorded (fallback): Xiao_2
2026-03-10 01:21:51 	 SKIP already recorded (fallback): Xiao_3
2026-03-10 01:21:51 	 DONE case: PZ11NMR
