{
  "native_pdb": "/tmp/rna_inf_0odzi3f5/PZ11_NMR_1_solution_normalized.pdb",
  "native_index": null,
  "model_pdb": "/tmp/rna_inf_bvbjfhz1/PZ11_NMR_1_refined_normalized.pdb",
  "model_index": null,
  "rmsd": 6.770618264902337,
  "inf_all": 0.8350668007670653,
  "inf_wc": 0.9770084209183945,
  "inf_nwc": -1.0,
  "inf_stack": 0.760638829255665
}
WARNING    >> Atom P from residue (' ', 1, ' ') not found in target atom list
WARNING    >> Atom OP1 from residue (' ', 1, ' ') not found in target atom list
WARNING    >> Atom OP2 from residue (' ', 1, ' ') not found in target atom list
{
  "native_pdb": "/tmp/rna_inf_2vimoaml/PZ11_NMR_1_solution_normalized.pdb",
  "native_index": null,
  "model_pdb": "/tmp/rna_inf_zkj_e4vl/11_Adamiak_1_normalized.pdb",
  "model_index": null,
  "rmsd": 8.635096054334674,
  "inf_all": 0.7306834506711821,
  "inf_wc": 0.7807200583588266,
  "inf_nwc": -1.0,
  "inf_stack": 0.7129310462392063
}
WARNING    >> Atom P from residue (' ', 1, ' ') not found in target atom list
WARNING    >> Atom OP1 from residue (' ', 1, ' ') not found in target atom list
WARNING    >> Atom OP2 from residue (' ', 1, ' ') not found in target atom list
{
  "native_pdb": "/tmp/rna_inf_6ci1r08r/PZ11_NMR_1_solution_normalized.pdb",
  "native_index": null,
  "model_pdb": "/tmp/rna_inf_e4gwgyhb/11_Adamiak_10_normalized.pdb",
  "model_index": null,
  "rmsd": 9.928537100912948,
  "inf_all": 0.7433919416750281,
  "inf_wc": 0.7735267838285931,
  "inf_nwc": -1.0,
  "inf_stack": 0.7356123579206246
}
WARNING    >> Atom P from residue (' ', 1, ' ') not found in target atom list
WARNING    >> Atom OP1 from residue (' ', 1, ' ') not found in target atom list
WARNING    >> Atom OP2 from residue (' ', 1, ' ') not found in target atom list
{
  "native_pdb": "/tmp/rna_inf_2djzg3rf/PZ11_NMR_1_solution_normalized.pdb",
  "native_index": null,
  "model_pdb": "/tmp/rna_inf_fiq4cdxk/11_Adamiak_2_normalized.pdb",
  "model_index": null,
  "rmsd": 10.337662754875911,
  "inf_all": 0.7369555266607762,
  "inf_wc": 0.8295150620062532,
  "inf_nwc": -1.0,
  "inf_stack": 0.7042952122737638
}
WARNING    >> Atom P from residue (' ', 1, ' ') not found in target atom list
WARNING    >> Atom OP1 from residue (' ', 1, ' ') not found in target atom list
WARNING    >> Atom OP2 from residue (' ', 1, ' ') not found in target atom list
{
  "native_pdb": "/tmp/rna_inf_3wz5kgbu/PZ11_NMR_1_solution_normalized.pdb",
  "native_index": null,
  "model_pdb": "/tmp/rna_inf_lt9dy9xk/11_Adamiak_3_normalized.pdb",
  "model_index": null,
  "rmsd": 9.615903099548582,
  "inf_all": 0.6734350297014738,
  "inf_wc": 0.7443873683187767,
  "inf_nwc": -1.0,
  "inf_stack": 0.6580901965284981
}
WARNING    >> Atom P from residue (' ', 1, ' ') not found in target atom list
WARNING    >> Atom OP1 from residue (' ', 1, ' ') not found in target atom list
WARNING    >> Atom OP2 from residue (' ', 1, ' ') not found in target atom list
{
  "native_pdb": "/tmp/rna_inf_tq56oieh/PZ11_NMR_1_solution_normalized.pdb",
  "native_index": null,
  "model_pdb": "/tmp/rna_inf_gzd1udlp/11_Adamiak_4_normalized.pdb",
  "model_index": null,
  "rmsd": 8.651360809634916,
  "inf_all": 0.7637626158259734,
  "inf_wc": 0.8510644963469901,
  "inf_nwc": -1.0,
  "inf_stack": 0.7142857142857143
}
WARNING    >> Atom P from residue (' ', 1, ' ') not found in target atom list
WARNING    >> Atom OP1 from residue (' ', 1, ' ') not found in target atom list
WARNING    >> Atom OP2 from residue (' ', 1, ' ') not found in target atom list
{
  "native_pdb": "/tmp/rna_inf_258y83qg/PZ11_NMR_1_solution_normalized.pdb",
  "native_index": null,
  "model_pdb": "/tmp/rna_inf_xcwut06v/11_Adamiak_5_normalized.pdb",
  "model_index": null,
  "rmsd": 9.06482864101559,
  "inf_all": 0.789595207136546,
  "inf_wc": 1.0,
  "inf_nwc": -1.0,
  "inf_stack": 0.6857142857142857
}
WARNING    >> Atom P from residue (' ', 1, ' ') not found in target atom list
WARNING    >> Atom OP1 from residue (' ', 1, ' ') not found in target atom list
WARNING    >> Atom OP2 from residue (' ', 1, ' ') not found in target atom list
{
  "native_pdb": "/tmp/rna_inf_ojx6okf7/PZ11_NMR_1_solution_normalized.pdb",
  "native_index": null,
  "model_pdb": "/tmp/rna_inf_6_ktwssd/11_Adamiak_6_normalized.pdb",
  "model_index": null,
  "rmsd": 6.371308298933946,
  "inf_all": 0.7418204762930308,
  "inf_wc": 0.9271050693011065,
  "inf_nwc": -1.0,
  "inf_stack": 0.6669240172520741
}
WARNING    >> Atom P from residue (' ', 1, ' ') not found in target atom list
WARNING    >> Atom OP1 from residue (' ', 1, ' ') not found in target atom list
WARNING    >> Atom OP2 from residue (' ', 1, ' ') not found in target atom list
{
  "native_pdb": "/tmp/rna_inf_bzkavpti/PZ11_NMR_1_solution_normalized.pdb",
  "native_index": null,
  "model_pdb": "/tmp/rna_inf_mt722fiw/11_Adamiak_7_normalized.pdb",
  "model_index": null,
  "rmsd": 7.290415007169105,
  "inf_all": 0.7857142857142857,
  "inf_wc": 0.9770084209183945,
  "inf_nwc": -1.0,
  "inf_stack": 0.6872564503672763
}
WARNING    >> Atom P from residue (' ', 1, ' ') not found in target atom list
WARNING    >> Atom OP1 from residue (' ', 1, ' ') not found in target atom list
WARNING    >> Atom OP2 from residue (' ', 1, ' ') not found in target atom list
{
  "native_pdb": "/tmp/rna_inf_821qtf_c/PZ11_NMR_1_solution_normalized.pdb",
  "native_index": null,
  "model_pdb": "/tmp/rna_inf_8hp55ca5/11_Adamiak_8_normalized.pdb",
  "model_index": null,
  "rmsd": 10.48336499584739,
  "inf_all": 0.6964285714285714,
  "inf_wc": 0.8295150620062532,
  "inf_nwc": -1.0,
  "inf_stack": 0.6473388749701496
}
WARNING    >> Atom P from residue (' ', 1, ' ') not found in target atom list
WARNING    >> Atom OP1 from residue (' ', 1, ' ') not found in target atom list
WARNING    >> Atom OP2 from residue (' ', 1, ' ') not found in target atom list
{
  "native_pdb": "/tmp/rna_inf_xrwrm2y4/PZ11_NMR_1_solution_normalized.pdb",
  "native_index": null,
  "model_pdb": "/tmp/rna_inf_raxnx0gk/11_Adamiak_9_normalized.pdb",
  "model_index": null,
  "rmsd": 8.432599891869097,
  "inf_all": 0.7467286566323438,
  "inf_wc": 0.7909115788387002,
  "inf_nwc": -1.0,
  "inf_stack": 0.7502895194085833
}
WARNING    >> Atom P from residue (' ', 1, ' ') not found in target atom list
WARNING    >> Atom OP1 from residue (' ', 1, ' ') not found in target atom list
WARNING    >> Atom OP2 from residue (' ', 1, ' ') not found in target atom list
{
  "native_pdb": "/tmp/rna_inf_ntq9x1tz/PZ11_NMR_1_solution_normalized.pdb",
  "native_index": null,
  "model_pdb": "/tmp/rna_inf__uaj97nl/11_Bujnicki_1_normalized.pdb",
  "model_index": null,
  "rmsd": 6.173648489896177,
  "inf_all": 0.8233149399515901,
  "inf_wc": 0.9354143466934853,
  "inf_nwc": -1.0,
  "inf_stack": 0.7727124614660722
}
WARNING    >> Atom P from residue (' ', 1, ' ') not found in target atom list
WARNING    >> Atom OP1 from residue (' ', 1, ' ') not found in target atom list
WARNING    >> Atom OP2 from residue (' ', 1, ' ') not found in target atom list
{
  "native_pdb": "/tmp/rna_inf_oxm9ni02/PZ11_NMR_1_solution_normalized.pdb",
  "native_index": null,
  "model_pdb": "/tmp/rna_inf_k054nm6i/11_Bujnicki_10_normalized.pdb",
  "model_index": null,
  "rmsd": 7.723073498695186,
  "inf_all": 0.71457523090138,
  "inf_wc": 0.6666666666666666,
  "inf_nwc": -1.0,
  "inf_stack": 0.7500915695015927
}
WARNING    >> Atom P from residue (' ', 1, ' ') not found in target atom list
WARNING    >> Atom OP1 from residue (' ', 1, ' ') not found in target atom list
WARNING    >> Atom OP2 from residue (' ', 1, ' ') not found in target atom list
{
  "native_pdb": "/tmp/rna_inf_29ulewku/PZ11_NMR_1_solution_normalized.pdb",
  "native_index": null,
  "model_pdb": "/tmp/rna_inf_c4pbg7k5/11_Bujnicki_2_normalized.pdb",
  "model_index": null,
  "rmsd": 18.376583684156788,
  "inf_all": 0.701560760020114,
  "inf_wc": 0.6343350474165466,
  "inf_nwc": -1.0,
  "inf_stack": 0.7750576015460308
}
WARNING    >> Atom P from residue (' ', 1, ' ') not found in target atom list
WARNING    >> Atom OP1 from residue (' ', 1, ' ') not found in target atom list
WARNING    >> Atom OP2 from residue (' ', 1, ' ') not found in target atom list
{
  "native_pdb": "/tmp/rna_inf_ca0jcegy/PZ11_NMR_1_solution_normalized.pdb",
  "native_index": null,
  "model_pdb": "/tmp/rna_inf_s4z_yk3b/11_Bujnicki_3_normalized.pdb",
  "model_index": null,
  "rmsd": 6.733496393459079,
  "inf_all": 0.8031745051446079,
  "inf_wc": 0.9555330859059091,
  "inf_nwc": -1.0,
  "inf_stack": 0.7476671794188402
}
WARNING    >> Atom P from residue (' ', 1, ' ') not found in target atom list
WARNING    >> Atom OP1 from residue (' ', 1, ' ') not found in target atom list
WARNING    >> Atom OP2 from residue (' ', 1, ' ') not found in target atom list
{
  "native_pdb": "/tmp/rna_inf_4suji7oo/PZ11_NMR_1_solution_normalized.pdb",
  "native_index": null,
  "model_pdb": "/tmp/rna_inf_y_8e49qz/11_Bujnicki_4_normalized.pdb",
  "model_index": null,
  "rmsd": 6.518114711231752,
  "inf_all": 0.7763237542601484,
  "inf_wc": 0.9770084209183945,
  "inf_nwc": -1.0,
  "inf_stack": 0.6761234037828132
}
WARNING    >> Atom P from residue (' ', 1, ' ') not found in target atom list
WARNING    >> Atom OP1 from residue (' ', 1, ' ') not found in target atom list
WARNING    >> Atom OP2 from residue (' ', 1, ' ') not found in target atom list
{
  "native_pdb": "/tmp/rna_inf_ul0kn7v3/PZ11_NMR_1_solution_normalized.pdb",
  "native_index": null,
  "model_pdb": "/tmp/rna_inf_5e3felfn/11_Bujnicki_5_normalized.pdb",
  "model_index": null,
  "rmsd": 9.402413416244995,
  "inf_all": 0.7309738846478072,
  "inf_wc": 0.7735267838285931,
  "inf_nwc": -1.0,
  "inf_stack": 0.713067744653766
}
WARNING    >> Atom P from residue (' ', 1, ' ') not found in target atom list
WARNING    >> Atom OP1 from residue (' ', 1, ' ') not found in target atom list
WARNING    >> Atom OP2 from residue (' ', 1, ' ') not found in target atom list
{
  "native_pdb": "/tmp/rna_inf_6fv9ydrp/PZ11_NMR_1_solution_normalized.pdb",
  "native_index": null,
  "model_pdb": "/tmp/rna_inf_ehflolye/11_Bujnicki_6_normalized.pdb",
  "model_index": null,
  "rmsd": 12.377868383020004,
  "inf_all": 0.71457523090138,
  "inf_wc": 0.7419408268023742,
  "inf_nwc": -1.0,
  "inf_stack": 0.7075275528876865
}
WARNING    >> Atom P from residue (' ', 1, ' ') not found in target atom list
WARNING    >> Atom OP1 from residue (' ', 1, ' ') not found in target atom list
WARNING    >> Atom OP2 from residue (' ', 1, ' ') not found in target atom list
{
  "native_pdb": "/tmp/rna_inf_kawwuj9v/PZ11_NMR_1_solution_normalized.pdb",
  "native_index": null,
  "model_pdb": "/tmp/rna_inf_y50g8d7m/11_Bujnicki_7_normalized.pdb",
  "model_index": null,
  "rmsd": 7.367752239877324,
  "inf_all": 0.7462025072446364,
  "inf_wc": 0.7735267838285931,
  "inf_nwc": -1.0,
  "inf_stack": 0.7360699299651777
}
WARNING    >> Atom P from residue (' ', 1, ' ') not found in target atom list
WARNING    >> Atom OP1 from residue (' ', 1, ' ') not found in target atom list
WARNING    >> Atom OP2 from residue (' ', 1, ' ') not found in target atom list
{
  "native_pdb": "/tmp/rna_inf_fp1jy8to/PZ11_NMR_1_solution_normalized.pdb",
  "native_index": null,
  "model_pdb": "/tmp/rna_inf__rom0sk6/11_Bujnicki_8_normalized.pdb",
  "model_index": null,
  "rmsd": 11.550012600840125,
  "inf_all": 0.7005166394541485,
  "inf_wc": 0.7126966450997984,
  "inf_nwc": -1.0,
  "inf_stack": 0.6965451903188581
}
WARNING    >> Atom P from residue (' ', 1, ' ') not found in target atom list
WARNING    >> Atom OP1 from residue (' ', 1, ' ') not found in target atom list
WARNING    >> Atom OP2 from residue (' ', 1, ' ') not found in target atom list
{
  "native_pdb": "/tmp/rna_inf_t8vqn139/PZ11_NMR_1_solution_normalized.pdb",
  "native_index": null,
  "model_pdb": "/tmp/rna_inf_kiok0ifn/11_Bujnicki_9_normalized.pdb",
  "model_index": null,
  "rmsd": 5.236726115894328,
  "inf_all": 0.8465114486249203,
  "inf_wc": 0.9354143466934853,
  "inf_nwc": -1.0,
  "inf_stack": 0.7975116580467628
}
WARNING    >> Atom P from residue (' ', 1, ' ') not found in target atom list
WARNING    >> Atom OP1 from residue (' ', 1, ' ') not found in target atom list
WARNING    >> Atom OP2 from residue (' ', 1, ' ') not found in target atom list
{
  "native_pdb": "/tmp/rna_inf_7dr9vg9a/PZ11_NMR_1_solution_normalized.pdb",
  "native_index": null,
  "model_pdb": "/tmp/rna_inf_92p4p94g/11_Chen_1_normalized.pdb",
  "model_index": null,
  "rmsd": 5.474278294632855,
  "inf_all": 0.8383727407657148,
  "inf_wc": 0.9759000729485332,
  "inf_nwc": -1.0,
  "inf_stack": 0.7750576015460308
}
WARNING    >> Atom P from residue (' ', 1, ' ') not found in target atom list
WARNING    >> Atom OP1 from residue (' ', 1, ' ') not found in target atom list
WARNING    >> Atom OP2 from residue (' ', 1, ' ') not found in target atom list
{
  "native_pdb": "/tmp/rna_inf_hqvb8_k3/PZ11_NMR_1_solution_normalized.pdb",
  "native_index": null,
  "model_pdb": "/tmp/rna_inf_tx3jnrrq/11_Chen_10_normalized.pdb",
  "model_index": null,
  "rmsd": 7.998902856823158,
  "inf_all": 0.8162789355604241,
  "inf_wc": 0.9354143466934853,
  "inf_nwc": -1.0,
  "inf_stack": 0.7655473321552593
}
WARNING    >> Atom P from residue (' ', 1, ' ') not found in target atom list
WARNING    >> Atom OP1 from residue (' ', 1, ' ') not found in target atom list
WARNING    >> Atom OP2 from residue (' ', 1, ' ') not found in target atom list
{
  "native_pdb": "/tmp/rna_inf_94i34bc4/PZ11_NMR_1_solution_normalized.pdb",
  "native_index": null,
  "model_pdb": "/tmp/rna_inf_qi938ern/11_Chen_2_normalized.pdb",
  "model_index": null,
  "rmsd": 7.088757029121379,
  "inf_all": 0.8350668007670653,
  "inf_wc": 0.9523809523809523,
  "inf_nwc": -1.0,
  "inf_stack": 0.7780780201274198
}
WARNING    >> Atom P from residue (' ', 1, ' ') not found in target atom list
WARNING    >> Atom OP1 from residue (' ', 1, ' ') not found in target atom list
WARNING    >> Atom OP2 from residue (' ', 1, ' ') not found in target atom list
{
  "native_pdb": "/tmp/rna_inf_lsirypr7/PZ11_NMR_1_solution_normalized.pdb",
  "native_index": null,
  "model_pdb": "/tmp/rna_inf_t9nwbr14/11_Chen_3_normalized.pdb",
  "model_index": null,
  "rmsd": 4.794913342712086,
  "inf_all": 0.8495907904857464,
  "inf_wc": 0.9511897312113419,
  "inf_nwc": -1.0,
  "inf_stack": 0.8058665208462562
}
WARNING    >> Atom P from residue (' ', 1, ' ') not found in target atom list
WARNING    >> Atom OP1 from residue (' ', 1, ' ') not found in target atom list
WARNING    >> Atom OP2 from residue (' ', 1, ' ') not found in target atom list
{
  "native_pdb": "/tmp/rna_inf_2pif60te/PZ11_NMR_1_solution_normalized.pdb",
  "native_index": null,
  "model_pdb": "/tmp/rna_inf_py0rgrga/11_Chen_4_normalized.pdb",
  "model_index": null,
  "rmsd": 6.408479000453239,
  "inf_all": 0.804153445224257,
  "inf_wc": 0.9304842103984708,
  "inf_nwc": -1.0,
  "inf_stack": 0.7307981486470352
}
WARNING    >> Atom P from residue (' ', 1, ' ') not found in target atom list
WARNING    >> Atom OP1 from residue (' ', 1, ' ') not found in target atom list
WARNING    >> Atom OP2 from residue (' ', 1, ' ') not found in target atom list
{
  "native_pdb": "/tmp/rna_inf_i74w86j3/PZ11_NMR_1_solution_normalized.pdb",
  "native_index": null,
  "model_pdb": "/tmp/rna_inf__dy52kea/11_Chen_5_normalized.pdb",
  "model_index": null,
  "rmsd": 8.441176400780002,
  "inf_all": 0.804153445224257,
  "inf_wc": 0.9271050693011065,
  "inf_nwc": -1.0,
  "inf_stack": 0.7578647467450735
}
WARNING    >> Atom P from residue (' ', 1, ' ') not found in target atom list
WARNING    >> Atom OP1 from residue (' ', 1, ' ') not found in target atom list
WARNING    >> Atom OP2 from residue (' ', 1, ' ') not found in target atom list
{
  "native_pdb": "/tmp/rna_inf_iz4_xjgi/PZ11_NMR_1_solution_normalized.pdb",
  "native_index": null,
  "model_pdb": "/tmp/rna_inf_1hlp6ynm/11_Chen_6_normalized.pdb",
  "model_index": null,
  "rmsd": 6.585007501268624,
  "inf_all": 0.828741930164745,
  "inf_wc": 0.9354143466934853,
  "inf_nwc": -1.0,
  "inf_stack": 0.7849313448431119
}
WARNING    >> Atom P from residue (' ', 1, ' ') not found in target atom list
WARNING    >> Atom OP1 from residue (' ', 1, ' ') not found in target atom list
WARNING    >> Atom OP2 from residue (' ', 1, ' ') not found in target atom list
{
  "native_pdb": "/tmp/rna_inf_b3dycmdm/PZ11_NMR_1_solution_normalized.pdb",
  "native_index": null,
  "model_pdb": "/tmp/rna_inf_818c2jnw/11_Chen_7_normalized.pdb",
  "model_index": null,
  "rmsd": 6.607668465976908,
  "inf_all": 0.8088108866118278,
  "inf_wc": 0.9354143466934853,
  "inf_nwc": -1.0,
  "inf_stack": 0.7644707871564383
}
WARNING    >> Atom P from residue (' ', 1, ' ') not found in target atom list
WARNING    >> Atom OP1 from residue (' ', 1, ' ') not found in target atom list
WARNING    >> Atom OP2 from residue (' ', 1, ' ') not found in target atom list
{
  "native_pdb": "/tmp/rna_inf_9fjn5b0p/PZ11_NMR_1_solution_normalized.pdb",
  "native_index": null,
  "model_pdb": "/tmp/rna_inf_b72tbg_b/11_Chen_8_normalized.pdb",
  "model_index": null,
  "rmsd": 7.739006779445768,
  "inf_all": 0.8426648406178138,
  "inf_wc": 0.9555330859059091,
  "inf_nwc": -1.0,
  "inf_stack": 0.8085428229838166
}
WARNING    >> Atom P from residue (' ', 1, ' ') not found in target atom list
WARNING    >> Atom OP1 from residue (' ', 1, ' ') not found in target atom list
WARNING    >> Atom OP2 from residue (' ', 1, ' ') not found in target atom list
{
  "native_pdb": "/tmp/rna_inf_ah8kccfn/PZ11_NMR_1_solution_normalized.pdb",
  "native_index": null,
  "model_pdb": "/tmp/rna_inf_1nx2vv1k/11_Chen_9_normalized.pdb",
  "model_index": null,
  "rmsd": 7.292593283243124,
  "inf_all": 0.8426648406178138,
  "inf_wc": 0.9555330859059091,
  "inf_nwc": -1.0,
  "inf_stack": 0.7990858564510239
}
WARNING    >> Atom P from residue (' ', 1, ' ') not found in target atom list
WARNING    >> Atom OP1 from residue (' ', 1, ' ') not found in target atom list
WARNING    >> Atom OP2 from residue (' ', 1, ' ') not found in target atom list
{
  "native_pdb": "/tmp/rna_inf_ykxx3zel/PZ11_NMR_1_solution_normalized.pdb",
  "native_index": null,
  "model_pdb": "/tmp/rna_inf_qo05xeg8/11_Das_1_normalized.pdb",
  "model_index": null,
  "rmsd": 5.469392245263319,
  "inf_all": 0.8489300929828411,
  "inf_wc": 0.9555330859059091,
  "inf_nwc": -1.0,
  "inf_stack": 0.8285098499285156
}
WARNING    >> Atom P from residue (' ', 1, ' ') not found in target atom list
WARNING    >> Atom OP1 from residue (' ', 1, ' ') not found in target atom list
WARNING    >> Atom OP2 from residue (' ', 1, ' ') not found in target atom list
{
  "native_pdb": "/tmp/rna_inf_pfpm_a_n/PZ11_NMR_1_solution_normalized.pdb",
  "native_index": null,
  "model_pdb": "/tmp/rna_inf_m6qj067z/11_Das_10_normalized.pdb",
  "model_index": null,
  "rmsd": 9.403857948171128,
  "inf_all": 0.7806708682974502,
  "inf_wc": 1.0,
  "inf_nwc": -1.0,
  "inf_stack": 0.7042952122737638
}
WARNING    >> Atom P from residue (' ', 1, ' ') not found in target atom list
WARNING    >> Atom OP1 from residue (' ', 1, ' ') not found in target atom list
WARNING    >> Atom OP2 from residue (' ', 1, ' ') not found in target atom list
{
  "native_pdb": "/tmp/rna_inf_75st2tdb/PZ11_NMR_1_solution_normalized.pdb",
  "native_index": null,
  "model_pdb": "/tmp/rna_inf_02tnhjqm/11_Das_2_normalized.pdb",
  "model_index": null,
  "rmsd": 8.333135603376922,
  "inf_all": 0.8246699236042165,
  "inf_wc": 0.9770084209183945,
  "inf_nwc": -1.0,
  "inf_stack": 0.7990858564510239
}
WARNING    >> Atom P from residue (' ', 1, ' ') not found in target atom list
WARNING    >> Atom OP1 from residue (' ', 1, ' ') not found in target atom list
WARNING    >> Atom OP2 from residue (' ', 1, ' ') not found in target atom list
{
  "native_pdb": "/tmp/rna_inf_eetcvtfw/PZ11_NMR_1_solution_normalized.pdb",
  "native_index": null,
  "model_pdb": "/tmp/rna_inf_9g4xabc3/11_Das_3_normalized.pdb",
  "model_index": null,
  "rmsd": 7.474899479541218,
  "inf_all": 0.7778444682625972,
  "inf_wc": 0.9770084209183945,
  "inf_nwc": -1.0,
  "inf_stack": 0.7307981486470352
}
WARNING    >> Atom P from residue (' ', 1, ' ') not found in target atom list
WARNING    >> Atom OP1 from residue (' ', 1, ' ') not found in target atom list
WARNING    >> Atom OP2 from residue (' ', 1, ' ') not found in target atom list
{
  "native_pdb": "/tmp/rna_inf_cel2rjqq/PZ11_NMR_1_solution_normalized.pdb",
  "native_index": null,
  "model_pdb": "/tmp/rna_inf_i4dxsect/11_Das_4_normalized.pdb",
  "model_index": null,
  "rmsd": 6.379336113320013,
  "inf_all": 0.795592252958155,
  "inf_wc": 0.9770084209183945,
  "inf_nwc": -1.0,
  "inf_stack": 0.7403514710945603
}
WARNING    >> Atom P from residue (' ', 1, ' ') not found in target atom list
WARNING    >> Atom OP1 from residue (' ', 1, ' ') not found in target atom list
WARNING    >> Atom OP2 from residue (' ', 1, ' ') not found in target atom list
{
  "native_pdb": "/tmp/rna_inf_nzulc8d0/PZ11_NMR_1_solution_normalized.pdb",
  "native_index": null,
  "model_pdb": "/tmp/rna_inf_fg5zsoib/11_Das_5_normalized.pdb",
  "model_index": null,
  "rmsd": 7.342212282446584,
  "inf_all": 0.7183254632931731,
  "inf_wc": 0.7909115788387002,
  "inf_nwc": -1.0,
  "inf_stack": 0.7127509644204139
}
WARNING    >> Atom P from residue (' ', 1, ' ') not found in target atom list
WARNING    >> Atom OP1 from residue (' ', 1, ' ') not found in target atom list
WARNING    >> Atom OP2 from residue (' ', 1, ' ') not found in target atom list
{
  "native_pdb": "/tmp/rna_inf_2o8r4kg9/PZ11_NMR_1_solution_normalized.pdb",
  "native_index": null,
  "model_pdb": "/tmp/rna_inf_vprx583g/11_Das_6_normalized.pdb",
  "model_index": null,
  "rmsd": 6.3063435394623255,
  "inf_all": 0.7940495613514014,
  "inf_wc": 0.9100315103865801,
  "inf_nwc": -1.0,
  "inf_stack": 0.7750576015460308
}
WARNING    >> Atom P from residue (' ', 1, ' ') not found in target atom list
WARNING    >> Atom OP1 from residue (' ', 1, ' ') not found in target atom list
WARNING    >> Atom OP2 from residue (' ', 1, ' ') not found in target atom list
{
  "native_pdb": "/tmp/rna_inf_d31d3xak/PZ11_NMR_1_solution_normalized.pdb",
  "native_index": null,
  "model_pdb": "/tmp/rna_inf_ew4y2xn6/11_Das_7_normalized.pdb",
  "model_index": null,
  "rmsd": 7.591849003300758,
  "inf_all": 0.7929518496194389,
  "inf_wc": 0.8908708063747479,
  "inf_nwc": -1.0,
  "inf_stack": 0.7733088933397007
}
WARNING    >> Atom P from residue (' ', 1, ' ') not found in target atom list
WARNING    >> Atom OP1 from residue (' ', 1, ' ') not found in target atom list
WARNING    >> Atom OP2 from residue (' ', 1, ' ') not found in target atom list
{
  "native_pdb": "/tmp/rna_inf_czl7bi5s/PZ11_NMR_1_solution_normalized.pdb",
  "native_index": null,
  "model_pdb": "/tmp/rna_inf_nw4gi5i0/11_Das_8_normalized.pdb",
  "model_index": null,
  "rmsd": 9.409382543924162,
  "inf_all": 0.8586296628693791,
  "inf_wc": 0.9555330859059091,
  "inf_nwc": -1.0,
  "inf_stack": 0.8226127456606226
}
WARNING    >> Atom P from residue (' ', 1, ' ') not found in target atom list
WARNING    >> Atom OP1 from residue (' ', 1, ' ') not found in target atom list
WARNING    >> Atom OP2 from residue (' ', 1, ' ') not found in target atom list
{
  "native_pdb": "/tmp/rna_inf_zi4l5ce9/PZ11_NMR_1_solution_normalized.pdb",
  "native_index": null,
  "model_pdb": "/tmp/rna_inf_dz6vd5e0/11_Das_9_normalized.pdb",
  "model_index": null,
  "rmsd": 18.608310159244372,
  "inf_all": 0.7545020868193661,
  "inf_wc": 0.8839599998785473,
  "inf_nwc": -1.0,
  "inf_stack": 0.6957252427829381
}
WARNING    >> Atom P from residue (' ', 1, ' ') not found in target atom list
WARNING    >> Atom OP1 from residue (' ', 1, ' ') not found in target atom list
WARNING    >> Atom OP2 from residue (' ', 1, ' ') not found in target atom list
{
  "native_pdb": "/tmp/rna_inf_sgtxofwm/PZ11_NMR_1_solution_normalized.pdb",
  "native_index": null,
  "model_pdb": "/tmp/rna_inf_j0vqhoja/11_Ding_1_normalized.pdb",
  "model_index": null,
  "rmsd": 5.40532906261744,
  "inf_all": 0.8315218406202999,
  "inf_wc": 0.846809798439941,
  "inf_nwc": -1.0,
  "inf_stack": 0.8238858408710996
}
WARNING    >> Atom P from residue (' ', 1, ' ') not found in target atom list
WARNING    >> Atom OP1 from residue (' ', 1, ' ') not found in target atom list
WARNING    >> Atom OP2 from residue (' ', 1, ' ') not found in target atom list
{
  "native_pdb": "/tmp/rna_inf_r8q2da78/PZ11_NMR_1_solution_normalized.pdb",
  "native_index": null,
  "model_pdb": "/tmp/rna_inf_7uopahh7/11_Ding_10_normalized.pdb",
  "model_index": null,
  "rmsd": 10.866250181558902,
  "inf_all": 0.7227180837445737,
  "inf_wc": 0.7888106377466155,
  "inf_nwc": -1.0,
  "inf_stack": 0.7247137945655605
}
WARNING    >> Atom P from residue (' ', 1, ' ') not found in target atom list
WARNING    >> Atom OP1 from residue (' ', 1, ' ') not found in target atom list
WARNING    >> Atom OP2 from residue (' ', 1, ' ') not found in target atom list
{
  "native_pdb": "/tmp/rna_inf_wffimf73/PZ11_NMR_1_solution_normalized.pdb",
  "native_index": null,
  "model_pdb": "/tmp/rna_inf_c5ro5ehs/11_Ding_2_normalized.pdb",
  "model_index": null,
  "rmsd": 10.774606220186897,
  "inf_all": 0.8233293074216318,
  "inf_wc": 0.8743856497851875,
  "inf_nwc": -1.0,
  "inf_stack": 0.8067793113007157
}
WARNING    >> Atom P from residue (' ', 1, ' ') not found in target atom list
WARNING    >> Atom OP1 from residue (' ', 1, ' ') not found in target atom list
WARNING    >> Atom OP2 from residue (' ', 1, ' ') not found in target atom list
{
  "native_pdb": "/tmp/rna_inf_66baesp4/PZ11_NMR_1_solution_normalized.pdb",
  "native_index": null,
  "model_pdb": "/tmp/rna_inf_hy8591tg/11_Ding_3_normalized.pdb",
  "model_index": null,
  "rmsd": 10.134717929168813,
  "inf_all": 0.7937253933193772,
  "inf_wc": 0.9511897312113419,
  "inf_nwc": -1.0,
  "inf_stack": 0.6982532518267537
}
WARNING    >> Atom P from residue (' ', 1, ' ') not found in target atom list
WARNING    >> Atom OP1 from residue (' ', 1, ' ') not found in target atom list
WARNING    >> Atom OP2 from residue (' ', 1, ' ') not found in target atom list
{
  "native_pdb": "/tmp/rna_inf_u0hax76n/PZ11_NMR_1_solution_normalized.pdb",
  "native_index": null,
  "model_pdb": "/tmp/rna_inf_ggnc9qgx/11_Ding_4_normalized.pdb",
  "model_index": null,
  "rmsd": 6.413485708393483,
  "inf_all": 0.7297691588509917,
  "inf_wc": 0.8183170883849714,
  "inf_nwc": -1.0,
  "inf_stack": 0.7061878636037996
}
WARNING    >> Atom P from residue (' ', 1, ' ') not found in target atom list
WARNING    >> Atom OP1 from residue (' ', 1, ' ') not found in target atom list
WARNING    >> Atom OP2 from residue (' ', 1, ' ') not found in target atom list
{
  "native_pdb": "/tmp/rna_inf_d1ng06q8/PZ11_NMR_1_solution_normalized.pdb",
  "native_index": null,
  "model_pdb": "/tmp/rna_inf_lkrtvjp5/11_Ding_5_normalized.pdb",
  "model_index": null,
  "rmsd": 6.515253627799136,
  "inf_all": 0.7522288310651981,
  "inf_wc": 0.816496580927726,
  "inf_nwc": -1.0,
  "inf_stack": 0.7247137945655605
}
WARNING    >> Atom P from residue (' ', 1, ' ') not found in target atom list
WARNING    >> Atom OP1 from residue (' ', 1, ' ') not found in target atom list
WARNING    >> Atom OP2 from residue (' ', 1, ' ') not found in target atom list
{
  "native_pdb": "/tmp/rna_inf_aizc0sxx/PZ11_NMR_1_solution_normalized.pdb",
  "native_index": null,
  "model_pdb": "/tmp/rna_inf__kfqsk1x/11_Ding_6_normalized.pdb",
  "model_index": null,
  "rmsd": 6.702174433467584,
  "inf_all": 0.8071417672951359,
  "inf_wc": 0.8229511997978235,
  "inf_nwc": -1.0,
  "inf_stack": 0.8119979429411501
}
WARNING    >> Atom P from residue (' ', 1, ' ') not found in target atom list
WARNING    >> Atom OP1 from residue (' ', 1, ' ') not found in target atom list
WARNING    >> Atom OP2 from residue (' ', 1, ' ') not found in target atom list
{
  "native_pdb": "/tmp/rna_inf_ph0ff5z8/PZ11_NMR_1_solution_normalized.pdb",
  "native_index": null,
  "model_pdb": "/tmp/rna_inf_rc8z6aop/11_Ding_7_normalized.pdb",
  "model_index": null,
  "rmsd": 5.541172487843341,
  "inf_all": 0.8365019125713041,
  "inf_wc": 0.8997354108424374,
  "inf_nwc": -1.0,
  "inf_stack": 0.8169824462375661
}
WARNING    >> Atom P from residue (' ', 1, ' ') not found in target atom list
WARNING    >> Atom OP1 from residue (' ', 1, ' ') not found in target atom list
WARNING    >> Atom OP2 from residue (' ', 1, ' ') not found in target atom list
{
  "native_pdb": "/tmp/rna_inf_9dj_g_6p/PZ11_NMR_1_solution_normalized.pdb",
  "native_index": null,
  "model_pdb": "/tmp/rna_inf_lyexh61_/11_Ding_8_normalized.pdb",
  "model_index": null,
  "rmsd": 6.208079560470082,
  "inf_all": 0.7678571428571429,
  "inf_wc": 0.8728715609439694,
  "inf_nwc": -1.0,
  "inf_stack": 0.7307981486470352
}
WARNING    >> Atom P from residue (' ', 1, ' ') not found in target atom list
WARNING    >> Atom OP1 from residue (' ', 1, ' ') not found in target atom list
WARNING    >> Atom OP2 from residue (' ', 1, ' ') not found in target atom list
{
  "native_pdb": "/tmp/rna_inf_90wc_ixu/PZ11_NMR_1_solution_normalized.pdb",
  "native_index": null,
  "model_pdb": "/tmp/rna_inf_7l2_1_0x/11_Ding_9_normalized.pdb",
  "model_index": null,
  "rmsd": 8.134354113183317,
  "inf_all": 0.75,
  "inf_wc": 0.846809798439941,
  "inf_nwc": -1.0,
  "inf_stack": 0.7225010186897469
}
WARNING    >> Atom P from residue (' ', 1, ' ') not found in target atom list
WARNING    >> Atom OP1 from residue (' ', 1, ' ') not found in target atom list
WARNING    >> Atom OP2 from residue (' ', 1, ' ') not found in target atom list
{
  "native_pdb": "/tmp/rna_inf_ev3xuqai/PZ11_NMR_1_solution_normalized.pdb",
  "native_index": null,
  "model_pdb": "/tmp/rna_inf_m1ddaru5/11_Xiao_1_normalized.pdb",
  "model_index": null,
  "rmsd": 8.931440233750871,
  "inf_all": 0.7130240959073808,
  "inf_wc": 0.8095238095238095,
  "inf_nwc": -1.0,
  "inf_stack": 0.680336051416609
}
WARNING    >> Atom P from residue (' ', 1, ' ') not found in target atom list
WARNING    >> Atom OP1 from residue (' ', 1, ' ') not found in target atom list
WARNING    >> Atom OP2 from residue (' ', 1, ' ') not found in target atom list
{
  "native_pdb": "/tmp/rna_inf_2s6_un81/PZ11_NMR_1_solution_normalized.pdb",
  "native_index": null,
  "model_pdb": "/tmp/rna_inf_v37s0dd9/11_Xiao_2_normalized.pdb",
  "model_index": null,
  "rmsd": 12.730882089902206,
  "inf_all": 0.7683760704982201,
  "inf_wc": 0.8839599998785473,
  "inf_nwc": -1.0,
  "inf_stack": 0.7042147167923565
}
WARNING    >> Atom P from residue (' ', 1, ' ') not found in target atom list
WARNING    >> Atom OP1 from residue (' ', 1, ' ') not found in target atom list
WARNING    >> Atom OP2 from residue (' ', 1, ' ') not found in target atom list
{
  "native_pdb": "/tmp/rna_inf_jldhmimu/PZ11_NMR_1_solution_normalized.pdb",
  "native_index": null,
  "model_pdb": "/tmp/rna_inf_nv_mle59/11_Xiao_3_normalized.pdb",
  "model_index": null,
  "rmsd": 10.91868779511412,
  "inf_all": 0.7790174143548602,
  "inf_wc": 0.8839599998785473,
  "inf_nwc": -1.0,
  "inf_stack": 0.7483314773547882
}
