2026-03-10 00:25:10 	 START case: PZ11
2026-03-10 00:25:10 	 caseDir: D:\Studia\Projekty\gsp-lab\data\finished\PZ11
2026-03-10 00:25:10 	 pdbDir: D:\Studia\Projekty\gsp-lab\data\finished\PZ11\pdb
2026-03-10 00:25:10 	 Found pdb count: 56
2026-03-10 00:25:10 	 Global solution: PZ11_NMR_1_solution.pdb
2026-03-10 00:25:10 	 RUN refined_pair target=PZ11_NMR_1_solution.pdb model=PZ11_NMR_1_refined.pdb -> id=NMR_1
2026-03-10 00:25:10 	 Docker cmd: docker run --rm -v D:\Studia\Projekty\gsp-lab:/work -v D:\Studia\Projekty\RNA_assessment:/rna_assessment -e RNA_ASSESSMENT_ROOT=/rna_assessment -e PYTHONPATH=/rna_assessment mcannotate-runtime python3 /work/src/utils/INF.py /work/data/finished/PZ11/pdb/PZ11_NMR_1_solution.pdb /work/data/finished/PZ11/pdb/PZ11_NMR_1_refined.pdb
2026-03-10 00:25:12 	 Docker exit code: 0
2026-03-10 00:25:12 	 Docker output length: 346
2026-03-10 00:25:12 	 Saved CSV: PZ11,NMR_1,NMR,1,refined_pair,0.8350668007670653,0.9770084209183945,-1,PZ11_NMR_1_solution.pdb,PZ11_NMR_1_refined.pdb
2026-03-10 00:25:12 	 RUN fallback_pair: model=11_Adamiak_1.pdb against global=PZ11_NMR_1_solution.pdb -> id=Adamiak_1
2026-03-10 00:25:12 	 Docker cmd: docker run --rm -v D:\Studia\Projekty\gsp-lab:/work -v D:\Studia\Projekty\RNA_assessment:/rna_assessment -e RNA_ASSESSMENT_ROOT=/rna_assessment -e PYTHONPATH=/rna_assessment mcannotate-runtime python3 /work/src/utils/INF.py /work/data/finished/PZ11/pdb/PZ11_NMR_1_solution.pdb /work/data/finished/PZ11/pdb/11_Adamiak_1.pdb
2026-03-10 00:25:14 	 Docker exit code: 0
2026-03-10 00:25:14 	 Docker output length: 579
2026-03-10 00:25:14 	 Saved CSV: PZ11,Adamiak_1,Adamiak,1,fallback_pair,0.7306834506711821,0.7807200583588266,-1,PZ11_NMR_1_solution.pdb,11_Adamiak_1.pdb
2026-03-10 00:25:14 	 RUN fallback_pair: model=11_Adamiak_10.pdb against global=PZ11_NMR_1_solution.pdb -> id=Adamiak_10
2026-03-10 00:25:14 	 Docker cmd: docker run --rm -v D:\Studia\Projekty\gsp-lab:/work -v D:\Studia\Projekty\RNA_assessment:/rna_assessment -e RNA_ASSESSMENT_ROOT=/rna_assessment -e PYTHONPATH=/rna_assessment mcannotate-runtime python3 /work/src/utils/INF.py /work/data/finished/PZ11/pdb/PZ11_NMR_1_solution.pdb /work/data/finished/PZ11/pdb/11_Adamiak_10.pdb
2026-03-10 00:25:16 	 Docker exit code: 0
2026-03-10 00:25:16 	 Docker output length: 580
2026-03-10 00:25:16 	 Saved CSV: PZ11,Adamiak_10,Adamiak,10,fallback_pair,0.7433919416750281,0.7735267838285931,-1,PZ11_NMR_1_solution.pdb,11_Adamiak_10.pdb
2026-03-10 00:25:16 	 RUN fallback_pair: model=11_Adamiak_2.pdb against global=PZ11_NMR_1_solution.pdb -> id=Adamiak_2
2026-03-10 00:25:16 	 Docker cmd: docker run --rm -v D:\Studia\Projekty\gsp-lab:/work -v D:\Studia\Projekty\RNA_assessment:/rna_assessment -e RNA_ASSESSMENT_ROOT=/rna_assessment -e PYTHONPATH=/rna_assessment mcannotate-runtime python3 /work/src/utils/INF.py /work/data/finished/PZ11/pdb/PZ11_NMR_1_solution.pdb /work/data/finished/PZ11/pdb/11_Adamiak_2.pdb
2026-03-10 00:25:18 	 Docker exit code: 0
2026-03-10 00:25:18 	 Docker output length: 580
2026-03-10 00:25:18 	 Saved CSV: PZ11,Adamiak_2,Adamiak,2,fallback_pair,0.7369555266607762,0.8295150620062532,-1,PZ11_NMR_1_solution.pdb,11_Adamiak_2.pdb
2026-03-10 00:25:18 	 RUN fallback_pair: model=11_Adamiak_3.pdb against global=PZ11_NMR_1_solution.pdb -> id=Adamiak_3
2026-03-10 00:25:18 	 Docker cmd: docker run --rm -v D:\Studia\Projekty\gsp-lab:/work -v D:\Studia\Projekty\RNA_assessment:/rna_assessment -e RNA_ASSESSMENT_ROOT=/rna_assessment -e PYTHONPATH=/rna_assessment mcannotate-runtime python3 /work/src/utils/INF.py /work/data/finished/PZ11/pdb/PZ11_NMR_1_solution.pdb /work/data/finished/PZ11/pdb/11_Adamiak_3.pdb
2026-03-10 00:25:20 	 Docker exit code: 0
2026-03-10 00:25:20 	 Docker output length: 579
2026-03-10 00:25:20 	 Saved CSV: PZ11,Adamiak_3,Adamiak,3,fallback_pair,0.6734350297014738,0.7443873683187767,-1,PZ11_NMR_1_solution.pdb,11_Adamiak_3.pdb
2026-03-10 00:25:20 	 RUN fallback_pair: model=11_Adamiak_4.pdb against global=PZ11_NMR_1_solution.pdb -> id=Adamiak_4
2026-03-10 00:25:20 	 Docker cmd: docker run --rm -v D:\Studia\Projekty\gsp-lab:/work -v D:\Studia\Projekty\RNA_assessment:/rna_assessment -e RNA_ASSESSMENT_ROOT=/rna_assessment -e PYTHONPATH=/rna_assessment mcannotate-runtime python3 /work/src/utils/INF.py /work/data/finished/PZ11/pdb/PZ11_NMR_1_solution.pdb /work/data/finished/PZ11/pdb/11_Adamiak_4.pdb
2026-03-10 00:25:22 	 Docker exit code: 0
2026-03-10 00:25:22 	 Docker output length: 579
2026-03-10 00:25:22 	 Saved CSV: PZ11,Adamiak_4,Adamiak,4,fallback_pair,0.7637626158259734,0.8510644963469901,-1,PZ11_NMR_1_solution.pdb,11_Adamiak_4.pdb
2026-03-10 00:25:22 	 RUN fallback_pair: model=11_Adamiak_5.pdb against global=PZ11_NMR_1_solution.pdb -> id=Adamiak_5
2026-03-10 00:25:22 	 Docker cmd: docker run --rm -v D:\Studia\Projekty\gsp-lab:/work -v D:\Studia\Projekty\RNA_assessment:/rna_assessment -e RNA_ASSESSMENT_ROOT=/rna_assessment -e PYTHONPATH=/rna_assessment mcannotate-runtime python3 /work/src/utils/INF.py /work/data/finished/PZ11/pdb/PZ11_NMR_1_solution.pdb /work/data/finished/PZ11/pdb/11_Adamiak_5.pdb
2026-03-10 00:25:24 	 Docker exit code: 0
2026-03-10 00:25:24 	 Docker output length: 562
2026-03-10 00:25:24 	 Saved CSV: PZ11,Adamiak_5,Adamiak,5,fallback_pair,0.789595207136546,1,-1,PZ11_NMR_1_solution.pdb,11_Adamiak_5.pdb
2026-03-10 00:25:24 	 RUN fallback_pair: model=11_Adamiak_6.pdb against global=PZ11_NMR_1_solution.pdb -> id=Adamiak_6
2026-03-10 00:25:24 	 Docker cmd: docker run --rm -v D:\Studia\Projekty\gsp-lab:/work -v D:\Studia\Projekty\RNA_assessment:/rna_assessment -e RNA_ASSESSMENT_ROOT=/rna_assessment -e PYTHONPATH=/rna_assessment mcannotate-runtime python3 /work/src/utils/INF.py /work/data/finished/PZ11/pdb/PZ11_NMR_1_solution.pdb /work/data/finished/PZ11/pdb/11_Adamiak_6.pdb
2026-03-10 00:25:26 	 Docker exit code: 0
2026-03-10 00:25:26 	 Docker output length: 579
2026-03-10 00:25:26 	 Saved CSV: PZ11,Adamiak_6,Adamiak,6,fallback_pair,0.7418204762930308,0.9271050693011065,-1,PZ11_NMR_1_solution.pdb,11_Adamiak_6.pdb
2026-03-10 00:25:27 	 RUN fallback_pair: model=11_Adamiak_7.pdb against global=PZ11_NMR_1_solution.pdb -> id=Adamiak_7
2026-03-10 00:25:27 	 Docker cmd: docker run --rm -v D:\Studia\Projekty\gsp-lab:/work -v D:\Studia\Projekty\RNA_assessment:/rna_assessment -e RNA_ASSESSMENT_ROOT=/rna_assessment -e PYTHONPATH=/rna_assessment mcannotate-runtime python3 /work/src/utils/INF.py /work/data/finished/PZ11/pdb/PZ11_NMR_1_solution.pdb /work/data/finished/PZ11/pdb/11_Adamiak_7.pdb
2026-03-10 00:25:29 	 Docker exit code: 0
2026-03-10 00:25:29 	 Docker output length: 579
2026-03-10 00:25:29 	 Saved CSV: PZ11,Adamiak_7,Adamiak,7,fallback_pair,0.7857142857142857,0.9770084209183945,-1,PZ11_NMR_1_solution.pdb,11_Adamiak_7.pdb
2026-03-10 00:25:29 	 RUN fallback_pair: model=11_Adamiak_8.pdb against global=PZ11_NMR_1_solution.pdb -> id=Adamiak_8
2026-03-10 00:25:29 	 Docker cmd: docker run --rm -v D:\Studia\Projekty\gsp-lab:/work -v D:\Studia\Projekty\RNA_assessment:/rna_assessment -e RNA_ASSESSMENT_ROOT=/rna_assessment -e PYTHONPATH=/rna_assessment mcannotate-runtime python3 /work/src/utils/INF.py /work/data/finished/PZ11/pdb/PZ11_NMR_1_solution.pdb /work/data/finished/PZ11/pdb/11_Adamiak_8.pdb
2026-03-10 00:25:31 	 Docker exit code: 0
2026-03-10 00:25:31 	 Docker output length: 579
2026-03-10 00:25:31 	 Saved CSV: PZ11,Adamiak_8,Adamiak,8,fallback_pair,0.6964285714285714,0.8295150620062532,-1,PZ11_NMR_1_solution.pdb,11_Adamiak_8.pdb
2026-03-10 00:25:31 	 RUN fallback_pair: model=11_Adamiak_9.pdb against global=PZ11_NMR_1_solution.pdb -> id=Adamiak_9
2026-03-10 00:25:31 	 Docker cmd: docker run --rm -v D:\Studia\Projekty\gsp-lab:/work -v D:\Studia\Projekty\RNA_assessment:/rna_assessment -e RNA_ASSESSMENT_ROOT=/rna_assessment -e PYTHONPATH=/rna_assessment mcannotate-runtime python3 /work/src/utils/INF.py /work/data/finished/PZ11/pdb/PZ11_NMR_1_solution.pdb /work/data/finished/PZ11/pdb/11_Adamiak_9.pdb
2026-03-10 00:25:34 	 Docker exit code: 0
2026-03-10 00:25:34 	 Docker output length: 579
2026-03-10 00:25:34 	 Saved CSV: PZ11,Adamiak_9,Adamiak,9,fallback_pair,0.7467286566323438,0.7909115788387002,-1,PZ11_NMR_1_solution.pdb,11_Adamiak_9.pdb
2026-03-10 00:25:34 	 RUN fallback_pair: model=11_Bujnicki_1.pdb against global=PZ11_NMR_1_solution.pdb -> id=Bujnicki_1
2026-03-10 00:25:34 	 Docker cmd: docker run --rm -v D:\Studia\Projekty\gsp-lab:/work -v D:\Studia\Projekty\RNA_assessment:/rna_assessment -e RNA_ASSESSMENT_ROOT=/rna_assessment -e PYTHONPATH=/rna_assessment mcannotate-runtime python3 /work/src/utils/INF.py /work/data/finished/PZ11/pdb/PZ11_NMR_1_solution.pdb /work/data/finished/PZ11/pdb/11_Bujnicki_1.pdb
2026-03-10 00:25:36 	 Docker exit code: 0
2026-03-10 00:25:36 	 Docker output length: 580
2026-03-10 00:25:36 	 Saved CSV: PZ11,Bujnicki_1,Bujnicki,1,fallback_pair,0.8233149399515901,0.9354143466934853,-1,PZ11_NMR_1_solution.pdb,11_Bujnicki_1.pdb
2026-03-10 00:25:36 	 RUN fallback_pair: model=11_Bujnicki_10.pdb against global=PZ11_NMR_1_solution.pdb -> id=Bujnicki_10
2026-03-10 00:25:36 	 Docker cmd: docker run --rm -v D:\Studia\Projekty\gsp-lab:/work -v D:\Studia\Projekty\RNA_assessment:/rna_assessment -e RNA_ASSESSMENT_ROOT=/rna_assessment -e PYTHONPATH=/rna_assessment mcannotate-runtime python3 /work/src/utils/INF.py /work/data/finished/PZ11/pdb/PZ11_NMR_1_solution.pdb /work/data/finished/PZ11/pdb/11_Bujnicki_10.pdb
2026-03-10 00:25:38 	 Docker exit code: 0
2026-03-10 00:25:38 	 Docker output length: 579
2026-03-10 00:25:38 	 Saved CSV: PZ11,Bujnicki_10,Bujnicki,10,fallback_pair,0.71457523090138,0.6666666666666666,-1,PZ11_NMR_1_solution.pdb,11_Bujnicki_10.pdb
2026-03-10 00:25:38 	 RUN fallback_pair: model=11_Bujnicki_2.pdb against global=PZ11_NMR_1_solution.pdb -> id=Bujnicki_2
2026-03-10 00:25:38 	 Docker cmd: docker run --rm -v D:\Studia\Projekty\gsp-lab:/work -v D:\Studia\Projekty\RNA_assessment:/rna_assessment -e RNA_ASSESSMENT_ROOT=/rna_assessment -e PYTHONPATH=/rna_assessment mcannotate-runtime python3 /work/src/utils/INF.py /work/data/finished/PZ11/pdb/PZ11_NMR_1_solution.pdb /work/data/finished/PZ11/pdb/11_Bujnicki_2.pdb
2026-03-10 00:25:40 	 Docker exit code: 0
2026-03-10 00:25:40 	 Docker output length: 580
2026-03-10 00:25:40 	 Saved CSV: PZ11,Bujnicki_2,Bujnicki,2,fallback_pair,0.701560760020114,0.6343350474165466,-1,PZ11_NMR_1_solution.pdb,11_Bujnicki_2.pdb
2026-03-10 00:25:40 	 RUN fallback_pair: model=11_Bujnicki_3.pdb against global=PZ11_NMR_1_solution.pdb -> id=Bujnicki_3
2026-03-10 00:25:40 	 Docker cmd: docker run --rm -v D:\Studia\Projekty\gsp-lab:/work -v D:\Studia\Projekty\RNA_assessment:/rna_assessment -e RNA_ASSESSMENT_ROOT=/rna_assessment -e PYTHONPATH=/rna_assessment mcannotate-runtime python3 /work/src/utils/INF.py /work/data/finished/PZ11/pdb/PZ11_NMR_1_solution.pdb /work/data/finished/PZ11/pdb/11_Bujnicki_3.pdb
2026-03-10 00:25:42 	 Docker exit code: 0
2026-03-10 00:25:42 	 Docker output length: 580
2026-03-10 00:25:42 	 Saved CSV: PZ11,Bujnicki_3,Bujnicki,3,fallback_pair,0.8031745051446079,0.9555330859059091,-1,PZ11_NMR_1_solution.pdb,11_Bujnicki_3.pdb
2026-03-10 00:25:42 	 RUN fallback_pair: model=11_Bujnicki_4.pdb against global=PZ11_NMR_1_solution.pdb -> id=Bujnicki_4
2026-03-10 00:25:42 	 Docker cmd: docker run --rm -v D:\Studia\Projekty\gsp-lab:/work -v D:\Studia\Projekty\RNA_assessment:/rna_assessment -e RNA_ASSESSMENT_ROOT=/rna_assessment -e PYTHONPATH=/rna_assessment mcannotate-runtime python3 /work/src/utils/INF.py /work/data/finished/PZ11/pdb/PZ11_NMR_1_solution.pdb /work/data/finished/PZ11/pdb/11_Bujnicki_4.pdb
2026-03-10 00:25:44 	 Docker exit code: 0
2026-03-10 00:25:44 	 Docker output length: 580
2026-03-10 00:25:44 	 Saved CSV: PZ11,Bujnicki_4,Bujnicki,4,fallback_pair,0.7763237542601484,0.9770084209183945,-1,PZ11_NMR_1_solution.pdb,11_Bujnicki_4.pdb
2026-03-10 00:25:44 	 RUN fallback_pair: model=11_Bujnicki_5.pdb against global=PZ11_NMR_1_solution.pdb -> id=Bujnicki_5
2026-03-10 00:25:44 	 Docker cmd: docker run --rm -v D:\Studia\Projekty\gsp-lab:/work -v D:\Studia\Projekty\RNA_assessment:/rna_assessment -e RNA_ASSESSMENT_ROOT=/rna_assessment -e PYTHONPATH=/rna_assessment mcannotate-runtime python3 /work/src/utils/INF.py /work/data/finished/PZ11/pdb/PZ11_NMR_1_solution.pdb /work/data/finished/PZ11/pdb/11_Bujnicki_5.pdb
2026-03-10 00:25:47 	 Docker exit code: 0
2026-03-10 00:25:47 	 Docker output length: 579
2026-03-10 00:25:47 	 Saved CSV: PZ11,Bujnicki_5,Bujnicki,5,fallback_pair,0.7309738846478072,0.7735267838285931,-1,PZ11_NMR_1_solution.pdb,11_Bujnicki_5.pdb
2026-03-10 00:25:47 	 RUN fallback_pair: model=11_Bujnicki_6.pdb against global=PZ11_NMR_1_solution.pdb -> id=Bujnicki_6
2026-03-10 00:25:47 	 Docker cmd: docker run --rm -v D:\Studia\Projekty\gsp-lab:/work -v D:\Studia\Projekty\RNA_assessment:/rna_assessment -e RNA_ASSESSMENT_ROOT=/rna_assessment -e PYTHONPATH=/rna_assessment mcannotate-runtime python3 /work/src/utils/INF.py /work/data/finished/PZ11/pdb/PZ11_NMR_1_solution.pdb /work/data/finished/PZ11/pdb/11_Bujnicki_6.pdb
2026-03-10 00:25:50 	 Docker exit code: 0
2026-03-10 00:25:50 	 Docker output length: 579
2026-03-10 00:25:50 	 Saved CSV: PZ11,Bujnicki_6,Bujnicki,6,fallback_pair,0.71457523090138,0.7419408268023742,-1,PZ11_NMR_1_solution.pdb,11_Bujnicki_6.pdb
2026-03-10 00:25:50 	 RUN fallback_pair: model=11_Bujnicki_7.pdb against global=PZ11_NMR_1_solution.pdb -> id=Bujnicki_7
2026-03-10 00:25:50 	 Docker cmd: docker run --rm -v D:\Studia\Projekty\gsp-lab:/work -v D:\Studia\Projekty\RNA_assessment:/rna_assessment -e RNA_ASSESSMENT_ROOT=/rna_assessment -e PYTHONPATH=/rna_assessment mcannotate-runtime python3 /work/src/utils/INF.py /work/data/finished/PZ11/pdb/PZ11_NMR_1_solution.pdb /work/data/finished/PZ11/pdb/11_Bujnicki_7.pdb
2026-03-10 00:25:53 	 Docker exit code: 0
2026-03-10 00:25:53 	 Docker output length: 580
2026-03-10 00:25:53 	 Saved CSV: PZ11,Bujnicki_7,Bujnicki,7,fallback_pair,0.7462025072446364,0.7735267838285931,-1,PZ11_NMR_1_solution.pdb,11_Bujnicki_7.pdb
2026-03-10 00:25:53 	 RUN fallback_pair: model=11_Bujnicki_8.pdb against global=PZ11_NMR_1_solution.pdb -> id=Bujnicki_8
2026-03-10 00:25:53 	 Docker cmd: docker run --rm -v D:\Studia\Projekty\gsp-lab:/work -v D:\Studia\Projekty\RNA_assessment:/rna_assessment -e RNA_ASSESSMENT_ROOT=/rna_assessment -e PYTHONPATH=/rna_assessment mcannotate-runtime python3 /work/src/utils/INF.py /work/data/finished/PZ11/pdb/PZ11_NMR_1_solution.pdb /work/data/finished/PZ11/pdb/11_Bujnicki_8.pdb
2026-03-10 00:25:55 	 Docker exit code: 0
2026-03-10 00:25:55 	 Docker output length: 581
2026-03-10 00:25:55 	 Saved CSV: PZ11,Bujnicki_8,Bujnicki,8,fallback_pair,0.7005166394541485,0.7126966450997984,-1,PZ11_NMR_1_solution.pdb,11_Bujnicki_8.pdb
2026-03-10 00:25:55 	 RUN fallback_pair: model=11_Bujnicki_9.pdb against global=PZ11_NMR_1_solution.pdb -> id=Bujnicki_9
2026-03-10 00:25:55 	 Docker cmd: docker run --rm -v D:\Studia\Projekty\gsp-lab:/work -v D:\Studia\Projekty\RNA_assessment:/rna_assessment -e RNA_ASSESSMENT_ROOT=/rna_assessment -e PYTHONPATH=/rna_assessment mcannotate-runtime python3 /work/src/utils/INF.py /work/data/finished/PZ11/pdb/PZ11_NMR_1_solution.pdb /work/data/finished/PZ11/pdb/11_Bujnicki_9.pdb
2026-03-10 00:25:57 	 Docker exit code: 0
2026-03-10 00:25:57 	 Docker output length: 580
2026-03-10 00:25:57 	 Saved CSV: PZ11,Bujnicki_9,Bujnicki,9,fallback_pair,0.8465114486249203,0.9354143466934853,-1,PZ11_NMR_1_solution.pdb,11_Bujnicki_9.pdb
2026-03-10 00:25:57 	 RUN fallback_pair: model=11_Chen_1.pdb against global=PZ11_NMR_1_solution.pdb -> id=Chen_1
2026-03-10 00:25:57 	 Docker cmd: docker run --rm -v D:\Studia\Projekty\gsp-lab:/work -v D:\Studia\Projekty\RNA_assessment:/rna_assessment -e RNA_ASSESSMENT_ROOT=/rna_assessment -e PYTHONPATH=/rna_assessment mcannotate-runtime python3 /work/src/utils/INF.py /work/data/finished/PZ11/pdb/PZ11_NMR_1_solution.pdb /work/data/finished/PZ11/pdb/11_Chen_1.pdb
2026-03-10 00:25:59 	 Docker exit code: 0
2026-03-10 00:25:59 	 Docker output length: 576
2026-03-10 00:25:59 	 Saved CSV: PZ11,Chen_1,Chen,1,fallback_pair,0.8383727407657148,0.9759000729485332,-1,PZ11_NMR_1_solution.pdb,11_Chen_1.pdb
2026-03-10 00:25:59 	 RUN fallback_pair: model=11_Chen_10.pdb against global=PZ11_NMR_1_solution.pdb -> id=Chen_10
2026-03-10 00:25:59 	 Docker cmd: docker run --rm -v D:\Studia\Projekty\gsp-lab:/work -v D:\Studia\Projekty\RNA_assessment:/rna_assessment -e RNA_ASSESSMENT_ROOT=/rna_assessment -e PYTHONPATH=/rna_assessment mcannotate-runtime python3 /work/src/utils/INF.py /work/data/finished/PZ11/pdb/PZ11_NMR_1_solution.pdb /work/data/finished/PZ11/pdb/11_Chen_10.pdb
2026-03-10 00:26:02 	 Docker exit code: 0
2026-03-10 00:26:02 	 Docker output length: 577
2026-03-10 00:26:02 	 Saved CSV: PZ11,Chen_10,Chen,10,fallback_pair,0.8162789355604241,0.9354143466934853,-1,PZ11_NMR_1_solution.pdb,11_Chen_10.pdb
2026-03-10 00:26:02 	 RUN fallback_pair: model=11_Chen_2.pdb against global=PZ11_NMR_1_solution.pdb -> id=Chen_2
2026-03-10 00:26:02 	 Docker cmd: docker run --rm -v D:\Studia\Projekty\gsp-lab:/work -v D:\Studia\Projekty\RNA_assessment:/rna_assessment -e RNA_ASSESSMENT_ROOT=/rna_assessment -e PYTHONPATH=/rna_assessment mcannotate-runtime python3 /work/src/utils/INF.py /work/data/finished/PZ11/pdb/PZ11_NMR_1_solution.pdb /work/data/finished/PZ11/pdb/11_Chen_2.pdb
2026-03-10 00:26:05 	 Docker exit code: 0
2026-03-10 00:26:05 	 Docker output length: 576
2026-03-10 00:26:05 	 Saved CSV: PZ11,Chen_2,Chen,2,fallback_pair,0.8350668007670653,0.9523809523809523,-1,PZ11_NMR_1_solution.pdb,11_Chen_2.pdb
2026-03-10 00:26:05 	 RUN fallback_pair: model=11_Chen_3.pdb against global=PZ11_NMR_1_solution.pdb -> id=Chen_3
2026-03-10 00:26:05 	 Docker cmd: docker run --rm -v D:\Studia\Projekty\gsp-lab:/work -v D:\Studia\Projekty\RNA_assessment:/rna_assessment -e RNA_ASSESSMENT_ROOT=/rna_assessment -e PYTHONPATH=/rna_assessment mcannotate-runtime python3 /work/src/utils/INF.py /work/data/finished/PZ11/pdb/PZ11_NMR_1_solution.pdb /work/data/finished/PZ11/pdb/11_Chen_3.pdb
2026-03-10 00:26:08 	 Docker exit code: 0
2026-03-10 00:26:08 	 Docker output length: 576
2026-03-10 00:26:08 	 Saved CSV: PZ11,Chen_3,Chen,3,fallback_pair,0.8495907904857464,0.9511897312113419,-1,PZ11_NMR_1_solution.pdb,11_Chen_3.pdb
2026-03-10 00:26:08 	 RUN fallback_pair: model=11_Chen_4.pdb against global=PZ11_NMR_1_solution.pdb -> id=Chen_4
2026-03-10 00:26:08 	 Docker cmd: docker run --rm -v D:\Studia\Projekty\gsp-lab:/work -v D:\Studia\Projekty\RNA_assessment:/rna_assessment -e RNA_ASSESSMENT_ROOT=/rna_assessment -e PYTHONPATH=/rna_assessment mcannotate-runtime python3 /work/src/utils/INF.py /work/data/finished/PZ11/pdb/PZ11_NMR_1_solution.pdb /work/data/finished/PZ11/pdb/11_Chen_4.pdb
2026-03-10 00:26:11 	 Docker exit code: 0
2026-03-10 00:26:11 	 Docker output length: 575
2026-03-10 00:26:11 	 Saved CSV: PZ11,Chen_4,Chen,4,fallback_pair,0.804153445224257,0.9304842103984708,-1,PZ11_NMR_1_solution.pdb,11_Chen_4.pdb
2026-03-10 00:26:11 	 RUN fallback_pair: model=11_Chen_5.pdb against global=PZ11_NMR_1_solution.pdb -> id=Chen_5
2026-03-10 00:26:11 	 Docker cmd: docker run --rm -v D:\Studia\Projekty\gsp-lab:/work -v D:\Studia\Projekty\RNA_assessment:/rna_assessment -e RNA_ASSESSMENT_ROOT=/rna_assessment -e PYTHONPATH=/rna_assessment mcannotate-runtime python3 /work/src/utils/INF.py /work/data/finished/PZ11/pdb/PZ11_NMR_1_solution.pdb /work/data/finished/PZ11/pdb/11_Chen_5.pdb
2026-03-10 00:26:13 	 Docker exit code: 0
2026-03-10 00:26:13 	 Docker output length: 575
2026-03-10 00:26:13 	 Saved CSV: PZ11,Chen_5,Chen,5,fallback_pair,0.804153445224257,0.9271050693011065,-1,PZ11_NMR_1_solution.pdb,11_Chen_5.pdb
2026-03-10 00:26:13 	 RUN fallback_pair: model=11_Chen_6.pdb against global=PZ11_NMR_1_solution.pdb -> id=Chen_6
2026-03-10 00:26:13 	 Docker cmd: docker run --rm -v D:\Studia\Projekty\gsp-lab:/work -v D:\Studia\Projekty\RNA_assessment:/rna_assessment -e RNA_ASSESSMENT_ROOT=/rna_assessment -e PYTHONPATH=/rna_assessment mcannotate-runtime python3 /work/src/utils/INF.py /work/data/finished/PZ11/pdb/PZ11_NMR_1_solution.pdb /work/data/finished/PZ11/pdb/11_Chen_6.pdb
2026-03-10 00:26:15 	 Docker exit code: 0
2026-03-10 00:26:15 	 Docker output length: 575
2026-03-10 00:26:15 	 Saved CSV: PZ11,Chen_6,Chen,6,fallback_pair,0.828741930164745,0.9354143466934853,-1,PZ11_NMR_1_solution.pdb,11_Chen_6.pdb
2026-03-10 00:26:15 	 RUN fallback_pair: model=11_Chen_7.pdb against global=PZ11_NMR_1_solution.pdb -> id=Chen_7
2026-03-10 00:26:15 	 Docker cmd: docker run --rm -v D:\Studia\Projekty\gsp-lab:/work -v D:\Studia\Projekty\RNA_assessment:/rna_assessment -e RNA_ASSESSMENT_ROOT=/rna_assessment -e PYTHONPATH=/rna_assessment mcannotate-runtime python3 /work/src/utils/INF.py /work/data/finished/PZ11/pdb/PZ11_NMR_1_solution.pdb /work/data/finished/PZ11/pdb/11_Chen_7.pdb
2026-03-10 00:26:18 	 Docker exit code: 0
2026-03-10 00:26:18 	 Docker output length: 576
2026-03-10 00:26:18 	 Saved CSV: PZ11,Chen_7,Chen,7,fallback_pair,0.8088108866118278,0.9354143466934853,-1,PZ11_NMR_1_solution.pdb,11_Chen_7.pdb
2026-03-10 00:26:18 	 RUN fallback_pair: model=11_Chen_8.pdb against global=PZ11_NMR_1_solution.pdb -> id=Chen_8
2026-03-10 00:26:18 	 Docker cmd: docker run --rm -v D:\Studia\Projekty\gsp-lab:/work -v D:\Studia\Projekty\RNA_assessment:/rna_assessment -e RNA_ASSESSMENT_ROOT=/rna_assessment -e PYTHONPATH=/rna_assessment mcannotate-runtime python3 /work/src/utils/INF.py /work/data/finished/PZ11/pdb/PZ11_NMR_1_solution.pdb /work/data/finished/PZ11/pdb/11_Chen_8.pdb
2026-03-10 00:26:20 	 Docker exit code: 0
2026-03-10 00:26:20 	 Docker output length: 576
2026-03-10 00:26:20 	 Saved CSV: PZ11,Chen_8,Chen,8,fallback_pair,0.8426648406178138,0.9555330859059091,-1,PZ11_NMR_1_solution.pdb,11_Chen_8.pdb
2026-03-10 00:26:20 	 RUN fallback_pair: model=11_Chen_9.pdb against global=PZ11_NMR_1_solution.pdb -> id=Chen_9
2026-03-10 00:26:20 	 Docker cmd: docker run --rm -v D:\Studia\Projekty\gsp-lab:/work -v D:\Studia\Projekty\RNA_assessment:/rna_assessment -e RNA_ASSESSMENT_ROOT=/rna_assessment -e PYTHONPATH=/rna_assessment mcannotate-runtime python3 /work/src/utils/INF.py /work/data/finished/PZ11/pdb/PZ11_NMR_1_solution.pdb /work/data/finished/PZ11/pdb/11_Chen_9.pdb
2026-03-10 00:26:22 	 Docker exit code: 0
2026-03-10 00:26:22 	 Docker output length: 576
2026-03-10 00:26:22 	 Saved CSV: PZ11,Chen_9,Chen,9,fallback_pair,0.8426648406178138,0.9555330859059091,-1,PZ11_NMR_1_solution.pdb,11_Chen_9.pdb
2026-03-10 00:26:22 	 RUN fallback_pair: model=11_Das_1.pdb against global=PZ11_NMR_1_solution.pdb -> id=Das_1
2026-03-10 00:26:22 	 Docker cmd: docker run --rm -v D:\Studia\Projekty\gsp-lab:/work -v D:\Studia\Projekty\RNA_assessment:/rna_assessment -e RNA_ASSESSMENT_ROOT=/rna_assessment -e PYTHONPATH=/rna_assessment mcannotate-runtime python3 /work/src/utils/INF.py /work/data/finished/PZ11/pdb/PZ11_NMR_1_solution.pdb /work/data/finished/PZ11/pdb/11_Das_1.pdb
2026-03-10 00:26:24 	 Docker exit code: 0
2026-03-10 00:26:24 	 Docker output length: 575
2026-03-10 00:26:24 	 Saved CSV: PZ11,Das_1,Das,1,fallback_pair,0.8489300929828411,0.9555330859059091,-1,PZ11_NMR_1_solution.pdb,11_Das_1.pdb
2026-03-10 00:26:24 	 RUN fallback_pair: model=11_Das_10.pdb against global=PZ11_NMR_1_solution.pdb -> id=Das_10
2026-03-10 00:26:24 	 Docker cmd: docker run --rm -v D:\Studia\Projekty\gsp-lab:/work -v D:\Studia\Projekty\RNA_assessment:/rna_assessment -e RNA_ASSESSMENT_ROOT=/rna_assessment -e PYTHONPATH=/rna_assessment mcannotate-runtime python3 /work/src/utils/INF.py /work/data/finished/PZ11/pdb/PZ11_NMR_1_solution.pdb /work/data/finished/PZ11/pdb/11_Das_10.pdb
2026-03-10 00:26:27 	 Docker exit code: 0
2026-03-10 00:26:27 	 Docker output length: 561
2026-03-10 00:26:27 	 Saved CSV: PZ11,Das_10,Das,10,fallback_pair,0.7806708682974502,1,-1,PZ11_NMR_1_solution.pdb,11_Das_10.pdb
2026-03-10 00:26:27 	 RUN fallback_pair: model=11_Das_2.pdb against global=PZ11_NMR_1_solution.pdb -> id=Das_2
2026-03-10 00:26:27 	 Docker cmd: docker run --rm -v D:\Studia\Projekty\gsp-lab:/work -v D:\Studia\Projekty\RNA_assessment:/rna_assessment -e RNA_ASSESSMENT_ROOT=/rna_assessment -e PYTHONPATH=/rna_assessment mcannotate-runtime python3 /work/src/utils/INF.py /work/data/finished/PZ11/pdb/PZ11_NMR_1_solution.pdb /work/data/finished/PZ11/pdb/11_Das_2.pdb
2026-03-10 00:26:29 	 Docker exit code: 0
2026-03-10 00:26:29 	 Docker output length: 575
2026-03-10 00:26:29 	 Saved CSV: PZ11,Das_2,Das,2,fallback_pair,0.8246699236042165,0.9770084209183945,-1,PZ11_NMR_1_solution.pdb,11_Das_2.pdb
2026-03-10 00:26:29 	 RUN fallback_pair: model=11_Das_3.pdb against global=PZ11_NMR_1_solution.pdb -> id=Das_3
2026-03-10 00:26:29 	 Docker cmd: docker run --rm -v D:\Studia\Projekty\gsp-lab:/work -v D:\Studia\Projekty\RNA_assessment:/rna_assessment -e RNA_ASSESSMENT_ROOT=/rna_assessment -e PYTHONPATH=/rna_assessment mcannotate-runtime python3 /work/src/utils/INF.py /work/data/finished/PZ11/pdb/PZ11_NMR_1_solution.pdb /work/data/finished/PZ11/pdb/11_Das_3.pdb
2026-03-10 00:26:32 	 Docker exit code: 0
2026-03-10 00:26:32 	 Docker output length: 575
2026-03-10 00:26:32 	 Saved CSV: PZ11,Das_3,Das,3,fallback_pair,0.7778444682625972,0.9770084209183945,-1,PZ11_NMR_1_solution.pdb,11_Das_3.pdb
2026-03-10 00:26:32 	 RUN fallback_pair: model=11_Das_4.pdb against global=PZ11_NMR_1_solution.pdb -> id=Das_4
2026-03-10 00:26:32 	 Docker cmd: docker run --rm -v D:\Studia\Projekty\gsp-lab:/work -v D:\Studia\Projekty\RNA_assessment:/rna_assessment -e RNA_ASSESSMENT_ROOT=/rna_assessment -e PYTHONPATH=/rna_assessment mcannotate-runtime python3 /work/src/utils/INF.py /work/data/finished/PZ11/pdb/PZ11_NMR_1_solution.pdb /work/data/finished/PZ11/pdb/11_Das_4.pdb
2026-03-10 00:26:35 	 Docker exit code: 0
2026-03-10 00:26:35 	 Docker output length: 574
2026-03-10 00:26:35 	 Saved CSV: PZ11,Das_4,Das,4,fallback_pair,0.795592252958155,0.9770084209183945,-1,PZ11_NMR_1_solution.pdb,11_Das_4.pdb
2026-03-10 00:26:35 	 RUN fallback_pair: model=11_Das_5.pdb against global=PZ11_NMR_1_solution.pdb -> id=Das_5
2026-03-10 00:26:35 	 Docker cmd: docker run --rm -v D:\Studia\Projekty\gsp-lab:/work -v D:\Studia\Projekty\RNA_assessment:/rna_assessment -e RNA_ASSESSMENT_ROOT=/rna_assessment -e PYTHONPATH=/rna_assessment mcannotate-runtime python3 /work/src/utils/INF.py /work/data/finished/PZ11/pdb/PZ11_NMR_1_solution.pdb /work/data/finished/PZ11/pdb/11_Das_5.pdb
2026-03-10 00:26:38 	 Docker exit code: 0
2026-03-10 00:26:38 	 Docker output length: 575
2026-03-10 00:26:38 	 Saved CSV: PZ11,Das_5,Das,5,fallback_pair,0.7183254632931731,0.7909115788387002,-1,PZ11_NMR_1_solution.pdb,11_Das_5.pdb
2026-03-10 00:26:38 	 RUN fallback_pair: model=11_Das_6.pdb against global=PZ11_NMR_1_solution.pdb -> id=Das_6
2026-03-10 00:26:38 	 Docker cmd: docker run --rm -v D:\Studia\Projekty\gsp-lab:/work -v D:\Studia\Projekty\RNA_assessment:/rna_assessment -e RNA_ASSESSMENT_ROOT=/rna_assessment -e PYTHONPATH=/rna_assessment mcannotate-runtime python3 /work/src/utils/INF.py /work/data/finished/PZ11/pdb/PZ11_NMR_1_solution.pdb /work/data/finished/PZ11/pdb/11_Das_6.pdb
2026-03-10 00:26:40 	 Docker exit code: 0
2026-03-10 00:26:40 	 Docker output length: 576
2026-03-10 00:26:40 	 Saved CSV: PZ11,Das_6,Das,6,fallback_pair,0.7940495613514014,0.9100315103865801,-1,PZ11_NMR_1_solution.pdb,11_Das_6.pdb
2026-03-10 00:26:41 	 RUN fallback_pair: model=11_Das_7.pdb against global=PZ11_NMR_1_solution.pdb -> id=Das_7
2026-03-10 00:26:41 	 Docker cmd: docker run --rm -v D:\Studia\Projekty\gsp-lab:/work -v D:\Studia\Projekty\RNA_assessment:/rna_assessment -e RNA_ASSESSMENT_ROOT=/rna_assessment -e PYTHONPATH=/rna_assessment mcannotate-runtime python3 /work/src/utils/INF.py /work/data/finished/PZ11/pdb/PZ11_NMR_1_solution.pdb /work/data/finished/PZ11/pdb/11_Das_7.pdb
2026-03-10 00:26:43 	 Docker exit code: 0
2026-03-10 00:26:43 	 Docker output length: 575
2026-03-10 00:26:43 	 Saved CSV: PZ11,Das_7,Das,7,fallback_pair,0.7929518496194389,0.8908708063747479,-1,PZ11_NMR_1_solution.pdb,11_Das_7.pdb
2026-03-10 00:26:43 	 RUN fallback_pair: model=11_Das_8.pdb against global=PZ11_NMR_1_solution.pdb -> id=Das_8
2026-03-10 00:26:43 	 Docker cmd: docker run --rm -v D:\Studia\Projekty\gsp-lab:/work -v D:\Studia\Projekty\RNA_assessment:/rna_assessment -e RNA_ASSESSMENT_ROOT=/rna_assessment -e PYTHONPATH=/rna_assessment mcannotate-runtime python3 /work/src/utils/INF.py /work/data/finished/PZ11/pdb/PZ11_NMR_1_solution.pdb /work/data/finished/PZ11/pdb/11_Das_8.pdb
2026-03-10 00:26:45 	 Docker exit code: 0
2026-03-10 00:26:45 	 Docker output length: 575
2026-03-10 00:26:45 	 Saved CSV: PZ11,Das_8,Das,8,fallback_pair,0.8586296628693791,0.9555330859059091,-1,PZ11_NMR_1_solution.pdb,11_Das_8.pdb
2026-03-10 00:26:45 	 RUN fallback_pair: model=11_Das_9.pdb against global=PZ11_NMR_1_solution.pdb -> id=Das_9
2026-03-10 00:26:45 	 Docker cmd: docker run --rm -v D:\Studia\Projekty\gsp-lab:/work -v D:\Studia\Projekty\RNA_assessment:/rna_assessment -e RNA_ASSESSMENT_ROOT=/rna_assessment -e PYTHONPATH=/rna_assessment mcannotate-runtime python3 /work/src/utils/INF.py /work/data/finished/PZ11/pdb/PZ11_NMR_1_solution.pdb /work/data/finished/PZ11/pdb/11_Das_9.pdb
2026-03-10 00:26:47 	 Docker exit code: 0
2026-03-10 00:26:47 	 Docker output length: 576
2026-03-10 00:26:47 	 Saved CSV: PZ11,Das_9,Das,9,fallback_pair,0.7545020868193661,0.8839599998785473,-1,PZ11_NMR_1_solution.pdb,11_Das_9.pdb
2026-03-10 00:26:47 	 RUN fallback_pair: model=11_Ding_1.pdb against global=PZ11_NMR_1_solution.pdb -> id=Ding_1
2026-03-10 00:26:47 	 Docker cmd: docker run --rm -v D:\Studia\Projekty\gsp-lab:/work -v D:\Studia\Projekty\RNA_assessment:/rna_assessment -e RNA_ASSESSMENT_ROOT=/rna_assessment -e PYTHONPATH=/rna_assessment mcannotate-runtime python3 /work/src/utils/INF.py /work/data/finished/PZ11/pdb/PZ11_NMR_1_solution.pdb /work/data/finished/PZ11/pdb/11_Ding_1.pdb
2026-03-10 00:26:49 	 Docker exit code: 0
2026-03-10 00:26:49 	 Docker output length: 574
2026-03-10 00:26:49 	 Saved CSV: PZ11,Ding_1,Ding,1,fallback_pair,0.8315218406202999,0.846809798439941,-1,PZ11_NMR_1_solution.pdb,11_Ding_1.pdb
2026-03-10 00:26:49 	 RUN fallback_pair: model=11_Ding_10.pdb against global=PZ11_NMR_1_solution.pdb -> id=Ding_10
2026-03-10 00:26:49 	 Docker cmd: docker run --rm -v D:\Studia\Projekty\gsp-lab:/work -v D:\Studia\Projekty\RNA_assessment:/rna_assessment -e RNA_ASSESSMENT_ROOT=/rna_assessment -e PYTHONPATH=/rna_assessment mcannotate-runtime python3 /work/src/utils/INF.py /work/data/finished/PZ11/pdb/PZ11_NMR_1_solution.pdb /work/data/finished/PZ11/pdb/11_Ding_10.pdb
2026-03-10 00:26:51 	 Docker exit code: 0
2026-03-10 00:26:51 	 Docker output length: 578
2026-03-10 00:26:51 	 Saved CSV: PZ11,Ding_10,Ding,10,fallback_pair,0.7227180837445737,0.7888106377466155,-1,PZ11_NMR_1_solution.pdb,11_Ding_10.pdb
2026-03-10 00:26:51 	 RUN fallback_pair: model=11_Ding_2.pdb against global=PZ11_NMR_1_solution.pdb -> id=Ding_2
2026-03-10 00:26:51 	 Docker cmd: docker run --rm -v D:\Studia\Projekty\gsp-lab:/work -v D:\Studia\Projekty\RNA_assessment:/rna_assessment -e RNA_ASSESSMENT_ROOT=/rna_assessment -e PYTHONPATH=/rna_assessment mcannotate-runtime python3 /work/src/utils/INF.py /work/data/finished/PZ11/pdb/PZ11_NMR_1_solution.pdb /work/data/finished/PZ11/pdb/11_Ding_2.pdb
2026-03-10 00:26:53 	 Docker exit code: 0
2026-03-10 00:26:53 	 Docker output length: 577
2026-03-10 00:26:53 	 Saved CSV: PZ11,Ding_2,Ding,2,fallback_pair,0.8233293074216318,0.8743856497851875,-1,PZ11_NMR_1_solution.pdb,11_Ding_2.pdb
2026-03-10 00:26:53 	 RUN fallback_pair: model=11_Ding_3.pdb against global=PZ11_NMR_1_solution.pdb -> id=Ding_3
2026-03-10 00:26:53 	 Docker cmd: docker run --rm -v D:\Studia\Projekty\gsp-lab:/work -v D:\Studia\Projekty\RNA_assessment:/rna_assessment -e RNA_ASSESSMENT_ROOT=/rna_assessment -e PYTHONPATH=/rna_assessment mcannotate-runtime python3 /work/src/utils/INF.py /work/data/finished/PZ11/pdb/PZ11_NMR_1_solution.pdb /work/data/finished/PZ11/pdb/11_Ding_3.pdb
2026-03-10 00:26:55 	 Docker exit code: 0
2026-03-10 00:26:55 	 Docker output length: 577
2026-03-10 00:26:55 	 Saved CSV: PZ11,Ding_3,Ding,3,fallback_pair,0.7937253933193772,0.9511897312113419,-1,PZ11_NMR_1_solution.pdb,11_Ding_3.pdb
2026-03-10 00:26:55 	 RUN fallback_pair: model=11_Ding_4.pdb against global=PZ11_NMR_1_solution.pdb -> id=Ding_4
2026-03-10 00:26:55 	 Docker cmd: docker run --rm -v D:\Studia\Projekty\gsp-lab:/work -v D:\Studia\Projekty\RNA_assessment:/rna_assessment -e RNA_ASSESSMENT_ROOT=/rna_assessment -e PYTHONPATH=/rna_assessment mcannotate-runtime python3 /work/src/utils/INF.py /work/data/finished/PZ11/pdb/PZ11_NMR_1_solution.pdb /work/data/finished/PZ11/pdb/11_Ding_4.pdb
2026-03-10 00:26:58 	 Docker exit code: 0
2026-03-10 00:26:58 	 Docker output length: 576
2026-03-10 00:26:58 	 Saved CSV: PZ11,Ding_4,Ding,4,fallback_pair,0.7297691588509917,0.8183170883849714,-1,PZ11_NMR_1_solution.pdb,11_Ding_4.pdb
2026-03-10 00:26:58 	 RUN fallback_pair: model=11_Ding_5.pdb against global=PZ11_NMR_1_solution.pdb -> id=Ding_5
2026-03-10 00:26:58 	 Docker cmd: docker run --rm -v D:\Studia\Projekty\gsp-lab:/work -v D:\Studia\Projekty\RNA_assessment:/rna_assessment -e RNA_ASSESSMENT_ROOT=/rna_assessment -e PYTHONPATH=/rna_assessment mcannotate-runtime python3 /work/src/utils/INF.py /work/data/finished/PZ11/pdb/PZ11_NMR_1_solution.pdb /work/data/finished/PZ11/pdb/11_Ding_5.pdb
2026-03-10 00:27:00 	 Docker exit code: 0
2026-03-10 00:27:00 	 Docker output length: 575
2026-03-10 00:27:00 	 Saved CSV: PZ11,Ding_5,Ding,5,fallback_pair,0.7522288310651981,0.816496580927726,-1,PZ11_NMR_1_solution.pdb,11_Ding_5.pdb
2026-03-10 00:27:00 	 RUN fallback_pair: model=11_Ding_6.pdb against global=PZ11_NMR_1_solution.pdb -> id=Ding_6
2026-03-10 00:27:00 	 Docker cmd: docker run --rm -v D:\Studia\Projekty\gsp-lab:/work -v D:\Studia\Projekty\RNA_assessment:/rna_assessment -e RNA_ASSESSMENT_ROOT=/rna_assessment -e PYTHONPATH=/rna_assessment mcannotate-runtime python3 /work/src/utils/INF.py /work/data/finished/PZ11/pdb/PZ11_NMR_1_solution.pdb /work/data/finished/PZ11/pdb/11_Ding_6.pdb
2026-03-10 00:27:02 	 Docker exit code: 0
2026-03-10 00:27:02 	 Docker output length: 576
2026-03-10 00:27:02 	 Saved CSV: PZ11,Ding_6,Ding,6,fallback_pair,0.8071417672951359,0.8229511997978235,-1,PZ11_NMR_1_solution.pdb,11_Ding_6.pdb
2026-03-10 00:27:02 	 RUN fallback_pair: model=11_Ding_7.pdb against global=PZ11_NMR_1_solution.pdb -> id=Ding_7
2026-03-10 00:27:02 	 Docker cmd: docker run --rm -v D:\Studia\Projekty\gsp-lab:/work -v D:\Studia\Projekty\RNA_assessment:/rna_assessment -e RNA_ASSESSMENT_ROOT=/rna_assessment -e PYTHONPATH=/rna_assessment mcannotate-runtime python3 /work/src/utils/INF.py /work/data/finished/PZ11/pdb/PZ11_NMR_1_solution.pdb /work/data/finished/PZ11/pdb/11_Ding_7.pdb
2026-03-10 00:27:04 	 Docker exit code: 0
2026-03-10 00:27:04 	 Docker output length: 576
2026-03-10 00:27:04 	 Saved CSV: PZ11,Ding_7,Ding,7,fallback_pair,0.8365019125713041,0.8997354108424374,-1,PZ11_NMR_1_solution.pdb,11_Ding_7.pdb
2026-03-10 00:27:04 	 RUN fallback_pair: model=11_Ding_8.pdb against global=PZ11_NMR_1_solution.pdb -> id=Ding_8
2026-03-10 00:27:04 	 Docker cmd: docker run --rm -v D:\Studia\Projekty\gsp-lab:/work -v D:\Studia\Projekty\RNA_assessment:/rna_assessment -e RNA_ASSESSMENT_ROOT=/rna_assessment -e PYTHONPATH=/rna_assessment mcannotate-runtime python3 /work/src/utils/INF.py /work/data/finished/PZ11/pdb/PZ11_NMR_1_solution.pdb /work/data/finished/PZ11/pdb/11_Ding_8.pdb
2026-03-10 00:27:06 	 Docker exit code: 0
2026-03-10 00:27:06 	 Docker output length: 576
2026-03-10 00:27:06 	 Saved CSV: PZ11,Ding_8,Ding,8,fallback_pair,0.7678571428571429,0.8728715609439694,-1,PZ11_NMR_1_solution.pdb,11_Ding_8.pdb
2026-03-10 00:27:06 	 RUN fallback_pair: model=11_Ding_9.pdb against global=PZ11_NMR_1_solution.pdb -> id=Ding_9
2026-03-10 00:27:07 	 Docker cmd: docker run --rm -v D:\Studia\Projekty\gsp-lab:/work -v D:\Studia\Projekty\RNA_assessment:/rna_assessment -e RNA_ASSESSMENT_ROOT=/rna_assessment -e PYTHONPATH=/rna_assessment mcannotate-runtime python3 /work/src/utils/INF.py /work/data/finished/PZ11/pdb/PZ11_NMR_1_solution.pdb /work/data/finished/PZ11/pdb/11_Ding_9.pdb
2026-03-10 00:27:09 	 Docker exit code: 0
2026-03-10 00:27:09 	 Docker output length: 561
2026-03-10 00:27:09 	 Saved CSV: PZ11,Ding_9,Ding,9,fallback_pair,0.75,0.846809798439941,-1,PZ11_NMR_1_solution.pdb,11_Ding_9.pdb
2026-03-10 00:27:09 	 RUN fallback_pair: model=11_Xiao_1.pdb against global=PZ11_NMR_1_solution.pdb -> id=Xiao_1
2026-03-10 00:27:09 	 Docker cmd: docker run --rm -v D:\Studia\Projekty\gsp-lab:/work -v D:\Studia\Projekty\RNA_assessment:/rna_assessment -e RNA_ASSESSMENT_ROOT=/rna_assessment -e PYTHONPATH=/rna_assessment mcannotate-runtime python3 /work/src/utils/INF.py /work/data/finished/PZ11/pdb/PZ11_NMR_1_solution.pdb /work/data/finished/PZ11/pdb/11_Xiao_1.pdb
2026-03-10 00:27:12 	 Docker exit code: 0
2026-03-10 00:27:12 	 Docker output length: 575
2026-03-10 00:27:12 	 Saved CSV: PZ11,Xiao_1,Xiao,1,fallback_pair,0.7130240959073808,0.8095238095238095,-1,PZ11_NMR_1_solution.pdb,11_Xiao_1.pdb
2026-03-10 00:27:12 	 RUN fallback_pair: model=11_Xiao_2.pdb against global=PZ11_NMR_1_solution.pdb -> id=Xiao_2
2026-03-10 00:27:12 	 Docker cmd: docker run --rm -v D:\Studia\Projekty\gsp-lab:/work -v D:\Studia\Projekty\RNA_assessment:/rna_assessment -e RNA_ASSESSMENT_ROOT=/rna_assessment -e PYTHONPATH=/rna_assessment mcannotate-runtime python3 /work/src/utils/INF.py /work/data/finished/PZ11/pdb/PZ11_NMR_1_solution.pdb /work/data/finished/PZ11/pdb/11_Xiao_2.pdb
2026-03-10 00:27:14 	 Docker exit code: 0
2026-03-10 00:27:14 	 Docker output length: 577
2026-03-10 00:27:14 	 Saved CSV: PZ11,Xiao_2,Xiao,2,fallback_pair,0.7683760704982201,0.8839599998785473,-1,PZ11_NMR_1_solution.pdb,11_Xiao_2.pdb
2026-03-10 00:27:14 	 RUN fallback_pair: model=11_Xiao_3.pdb against global=PZ11_NMR_1_solution.pdb -> id=Xiao_3
2026-03-10 00:27:14 	 Docker cmd: docker run --rm -v D:\Studia\Projekty\gsp-lab:/work -v D:\Studia\Projekty\RNA_assessment:/rna_assessment -e RNA_ASSESSMENT_ROOT=/rna_assessment -e PYTHONPATH=/rna_assessment mcannotate-runtime python3 /work/src/utils/INF.py /work/data/finished/PZ11/pdb/PZ11_NMR_1_solution.pdb /work/data/finished/PZ11/pdb/11_Xiao_3.pdb
2026-03-10 00:27:16 	 Docker exit code: 0
2026-03-10 00:27:16 	 Docker output length: 576
2026-03-10 00:27:16 	 Saved CSV: PZ11,Xiao_3,Xiao,3,fallback_pair,0.7790174143548602,0.8839599998785473,-1,PZ11_NMR_1_solution.pdb,11_Xiao_3.pdb
2026-03-10 00:27:16 	 SKIP (model is a solution file): PZ11_NMR_1_solution.pdb
2026-03-10 00:27:16 	 SKIP (cannot extract lab/num): PZ11_solution_.pdb
2026-03-10 00:27:16 	 DONE case: PZ11
2026-03-10 01:12:38 	 START case: PZ11
2026-03-10 01:12:38 	 caseDir: D:\Studia\Projekty\gsp-lab\data\finished\PZ11
2026-03-10 01:12:38 	 pdbDir: D:\Studia\Projekty\gsp-lab\data\finished\PZ11\pdb
2026-03-10 01:12:38 	 Found pdb count: 56
2026-03-10 01:12:38 	 Global solution: PZ11_NMR_1_solution.pdb
2026-03-10 01:12:38 	 SKIP already recorded (refined): NMR_1
2026-03-10 01:12:38 	 SKIP already recorded (fallback): Adamiak_1
2026-03-10 01:12:38 	 SKIP already recorded (fallback): Adamiak_10
2026-03-10 01:12:38 	 SKIP already recorded (fallback): Adamiak_2
2026-03-10 01:12:38 	 SKIP already recorded (fallback): Adamiak_3
2026-03-10 01:12:38 	 SKIP already recorded (fallback): Adamiak_4
2026-03-10 01:12:38 	 SKIP already recorded (fallback): Adamiak_5
2026-03-10 01:12:38 	 SKIP already recorded (fallback): Adamiak_6
2026-03-10 01:12:38 	 SKIP already recorded (fallback): Adamiak_7
2026-03-10 01:12:38 	 SKIP already recorded (fallback): Adamiak_8
2026-03-10 01:12:38 	 SKIP already recorded (fallback): Adamiak_9
2026-03-10 01:12:38 	 SKIP already recorded (fallback): Bujnicki_1
2026-03-10 01:12:38 	 SKIP already recorded (fallback): Bujnicki_10
2026-03-10 01:12:38 	 SKIP already recorded (fallback): Bujnicki_2
2026-03-10 01:12:38 	 SKIP already recorded (fallback): Bujnicki_3
2026-03-10 01:12:38 	 SKIP already recorded (fallback): Bujnicki_4
2026-03-10 01:12:38 	 SKIP already recorded (fallback): Bujnicki_5
2026-03-10 01:12:38 	 SKIP already recorded (fallback): Bujnicki_6
2026-03-10 01:12:38 	 SKIP already recorded (fallback): Bujnicki_7
2026-03-10 01:12:38 	 SKIP already recorded (fallback): Bujnicki_8
2026-03-10 01:12:38 	 SKIP already recorded (fallback): Bujnicki_9
2026-03-10 01:12:38 	 SKIP already recorded (fallback): Chen_1
2026-03-10 01:12:38 	 SKIP already recorded (fallback): Chen_10
2026-03-10 01:12:38 	 SKIP already recorded (fallback): Chen_2
2026-03-10 01:12:38 	 SKIP already recorded (fallback): Chen_3
2026-03-10 01:12:38 	 SKIP already recorded (fallback): Chen_4
2026-03-10 01:12:38 	 SKIP already recorded (fallback): Chen_5
2026-03-10 01:12:39 	 SKIP already recorded (fallback): Chen_6
2026-03-10 01:12:39 	 SKIP already recorded (fallback): Chen_7
2026-03-10 01:12:39 	 SKIP already recorded (fallback): Chen_8
2026-03-10 01:12:39 	 SKIP already recorded (fallback): Chen_9
2026-03-10 01:12:39 	 SKIP already recorded (fallback): Das_1
2026-03-10 01:12:39 	 SKIP already recorded (fallback): Das_10
2026-03-10 01:12:39 	 SKIP already recorded (fallback): Das_2
2026-03-10 01:12:39 	 SKIP already recorded (fallback): Das_3
2026-03-10 01:12:39 	 SKIP already recorded (fallback): Das_4
2026-03-10 01:12:39 	 SKIP already recorded (fallback): Das_5
2026-03-10 01:12:39 	 SKIP already recorded (fallback): Das_6
2026-03-10 01:12:39 	 SKIP already recorded (fallback): Das_7
2026-03-10 01:12:39 	 SKIP already recorded (fallback): Das_8
2026-03-10 01:12:39 	 SKIP already recorded (fallback): Das_9
2026-03-10 01:12:39 	 SKIP already recorded (fallback): Ding_1
2026-03-10 01:12:39 	 SKIP already recorded (fallback): Ding_10
2026-03-10 01:12:39 	 SKIP already recorded (fallback): Ding_2
2026-03-10 01:12:39 	 SKIP already recorded (fallback): Ding_3
2026-03-10 01:12:39 	 SKIP already recorded (fallback): Ding_4
2026-03-10 01:12:39 	 SKIP already recorded (fallback): Ding_5
2026-03-10 01:12:39 	 SKIP already recorded (fallback): Ding_6
2026-03-10 01:12:39 	 SKIP already recorded (fallback): Ding_7
2026-03-10 01:12:39 	 SKIP already recorded (fallback): Ding_8
2026-03-10 01:12:39 	 SKIP already recorded (fallback): Ding_9
2026-03-10 01:12:39 	 SKIP already recorded (fallback): Xiao_1
2026-03-10 01:12:39 	 SKIP already recorded (fallback): Xiao_2
2026-03-10 01:12:39 	 SKIP already recorded (fallback): Xiao_3
2026-03-10 01:12:39 	 SKIP (model is a solution file): PZ11_NMR_1_solution.pdb
2026-03-10 01:12:39 	 SKIP (cannot extract lab/num): PZ11_solution_.pdb
2026-03-10 01:12:39 	 DONE case: PZ11
2026-03-10 01:17:22 	 START case: PZ11
2026-03-10 01:17:22 	 caseDir: D:\Studia\Projekty\gsp-lab\data\finished\PZ11
2026-03-10 01:17:22 	 pdbDir: D:\Studia\Projekty\gsp-lab\data\finished\PZ11\pdb
2026-03-10 01:17:22 	 Found pdb count: 56
2026-03-10 01:17:22 	 Global solution: PZ11_NMR_1_solution.pdb
2026-03-10 01:17:22 	 SKIP already recorded (refined): NMR_1
2026-03-10 01:17:22 	 SKIP already recorded (fallback): Adamiak_1
2026-03-10 01:17:22 	 SKIP already recorded (fallback): Adamiak_10
2026-03-10 01:17:22 	 SKIP already recorded (fallback): Adamiak_2
2026-03-10 01:17:22 	 SKIP already recorded (fallback): Adamiak_3
2026-03-10 01:17:23 	 SKIP already recorded (fallback): Adamiak_4
2026-03-10 01:17:23 	 SKIP already recorded (fallback): Adamiak_5
2026-03-10 01:17:23 	 SKIP already recorded (fallback): Adamiak_6
2026-03-10 01:17:23 	 SKIP already recorded (fallback): Adamiak_7
2026-03-10 01:17:23 	 SKIP already recorded (fallback): Adamiak_8
2026-03-10 01:17:23 	 SKIP already recorded (fallback): Adamiak_9
2026-03-10 01:17:23 	 SKIP already recorded (fallback): Bujnicki_1
2026-03-10 01:17:23 	 SKIP already recorded (fallback): Bujnicki_10
2026-03-10 01:17:23 	 SKIP already recorded (fallback): Bujnicki_2
2026-03-10 01:17:23 	 SKIP already recorded (fallback): Bujnicki_3
2026-03-10 01:17:23 	 SKIP already recorded (fallback): Bujnicki_4
2026-03-10 01:17:23 	 SKIP already recorded (fallback): Bujnicki_5
2026-03-10 01:17:23 	 SKIP already recorded (fallback): Bujnicki_6
2026-03-10 01:17:23 	 SKIP already recorded (fallback): Bujnicki_7
2026-03-10 01:17:23 	 SKIP already recorded (fallback): Bujnicki_8
2026-03-10 01:17:23 	 SKIP already recorded (fallback): Bujnicki_9
2026-03-10 01:17:23 	 SKIP already recorded (fallback): Chen_1
2026-03-10 01:17:23 	 SKIP already recorded (fallback): Chen_10
2026-03-10 01:17:23 	 SKIP already recorded (fallback): Chen_2
2026-03-10 01:17:23 	 SKIP already recorded (fallback): Chen_3
2026-03-10 01:17:23 	 SKIP already recorded (fallback): Chen_4
2026-03-10 01:17:23 	 SKIP already recorded (fallback): Chen_5
2026-03-10 01:17:23 	 SKIP already recorded (fallback): Chen_6
2026-03-10 01:17:23 	 SKIP already recorded (fallback): Chen_7
2026-03-10 01:17:23 	 SKIP already recorded (fallback): Chen_8
2026-03-10 01:17:23 	 SKIP already recorded (fallback): Chen_9
2026-03-10 01:17:23 	 SKIP already recorded (fallback): Das_1
2026-03-10 01:17:23 	 SKIP already recorded (fallback): Das_10
2026-03-10 01:17:23 	 SKIP already recorded (fallback): Das_2
2026-03-10 01:17:23 	 SKIP already recorded (fallback): Das_3
2026-03-10 01:17:23 	 SKIP already recorded (fallback): Das_4
2026-03-10 01:17:23 	 SKIP already recorded (fallback): Das_5
2026-03-10 01:17:23 	 SKIP already recorded (fallback): Das_6
2026-03-10 01:17:23 	 SKIP already recorded (fallback): Das_7
2026-03-10 01:17:23 	 SKIP already recorded (fallback): Das_8
2026-03-10 01:17:23 	 SKIP already recorded (fallback): Das_9
2026-03-10 01:17:23 	 SKIP already recorded (fallback): Ding_1
2026-03-10 01:17:23 	 SKIP already recorded (fallback): Ding_10
2026-03-10 01:17:23 	 SKIP already recorded (fallback): Ding_2
2026-03-10 01:17:23 	 SKIP already recorded (fallback): Ding_3
2026-03-10 01:17:23 	 SKIP already recorded (fallback): Ding_4
2026-03-10 01:17:23 	 SKIP already recorded (fallback): Ding_5
2026-03-10 01:17:23 	 SKIP already recorded (fallback): Ding_6
2026-03-10 01:17:23 	 SKIP already recorded (fallback): Ding_7
2026-03-10 01:17:23 	 SKIP already recorded (fallback): Ding_8
2026-03-10 01:17:23 	 SKIP already recorded (fallback): Ding_9
2026-03-10 01:17:23 	 SKIP already recorded (fallback): Xiao_1
2026-03-10 01:17:23 	 SKIP already recorded (fallback): Xiao_2
2026-03-10 01:17:23 	 SKIP already recorded (fallback): Xiao_3
2026-03-10 01:17:23 	 SKIP (model is a solution file): PZ11_NMR_1_solution.pdb
2026-03-10 01:17:23 	 SKIP (cannot extract lab/num): PZ11_solution_.pdb
2026-03-10 01:17:23 	 DONE case: PZ11
2026-03-10 01:21:49 	 START case: PZ11
2026-03-10 01:21:49 	 caseDir: D:\Studia\Projekty\gsp-lab\data\finished\PZ11
2026-03-10 01:21:49 	 pdbDir: D:\Studia\Projekty\gsp-lab\data\finished\PZ11\pdb
2026-03-10 01:21:49 	 Found pdb count: 56
2026-03-10 01:21:49 	 Global solution: PZ11_NMR_1_solution.pdb
2026-03-10 01:21:49 	 SKIP already recorded (refined): NMR_1
2026-03-10 01:21:49 	 SKIP already recorded (fallback): Adamiak_1
2026-03-10 01:21:49 	 SKIP already recorded (fallback): Adamiak_10
2026-03-10 01:21:49 	 SKIP already recorded (fallback): Adamiak_2
2026-03-10 01:21:49 	 SKIP already recorded (fallback): Adamiak_3
2026-03-10 01:21:49 	 SKIP already recorded (fallback): Adamiak_4
2026-03-10 01:21:49 	 SKIP already recorded (fallback): Adamiak_5
2026-03-10 01:21:49 	 SKIP already recorded (fallback): Adamiak_6
2026-03-10 01:21:49 	 SKIP already recorded (fallback): Adamiak_7
2026-03-10 01:21:49 	 SKIP already recorded (fallback): Adamiak_8
2026-03-10 01:21:49 	 SKIP already recorded (fallback): Adamiak_9
2026-03-10 01:21:49 	 SKIP already recorded (fallback): Bujnicki_1
2026-03-10 01:21:49 	 SKIP already recorded (fallback): Bujnicki_10
2026-03-10 01:21:49 	 SKIP already recorded (fallback): Bujnicki_2
2026-03-10 01:21:49 	 SKIP already recorded (fallback): Bujnicki_3
2026-03-10 01:21:49 	 SKIP already recorded (fallback): Bujnicki_4
2026-03-10 01:21:49 	 SKIP already recorded (fallback): Bujnicki_5
2026-03-10 01:21:49 	 SKIP already recorded (fallback): Bujnicki_6
2026-03-10 01:21:49 	 SKIP already recorded (fallback): Bujnicki_7
2026-03-10 01:21:49 	 SKIP already recorded (fallback): Bujnicki_8
2026-03-10 01:21:49 	 SKIP already recorded (fallback): Bujnicki_9
2026-03-10 01:21:49 	 SKIP already recorded (fallback): Chen_1
2026-03-10 01:21:49 	 SKIP already recorded (fallback): Chen_10
2026-03-10 01:21:49 	 SKIP already recorded (fallback): Chen_2
2026-03-10 01:21:49 	 SKIP already recorded (fallback): Chen_3
2026-03-10 01:21:49 	 SKIP already recorded (fallback): Chen_4
2026-03-10 01:21:49 	 SKIP already recorded (fallback): Chen_5
2026-03-10 01:21:49 	 SKIP already recorded (fallback): Chen_6
2026-03-10 01:21:50 	 SKIP already recorded (fallback): Chen_7
2026-03-10 01:21:50 	 SKIP already recorded (fallback): Chen_8
2026-03-10 01:21:50 	 SKIP already recorded (fallback): Chen_9
2026-03-10 01:21:50 	 SKIP already recorded (fallback): Das_1
2026-03-10 01:21:50 	 SKIP already recorded (fallback): Das_10
2026-03-10 01:21:50 	 SKIP already recorded (fallback): Das_2
2026-03-10 01:21:50 	 SKIP already recorded (fallback): Das_3
2026-03-10 01:21:50 	 SKIP already recorded (fallback): Das_4
2026-03-10 01:21:50 	 SKIP already recorded (fallback): Das_5
2026-03-10 01:21:50 	 SKIP already recorded (fallback): Das_6
2026-03-10 01:21:50 	 SKIP already recorded (fallback): Das_7
2026-03-10 01:21:50 	 SKIP already recorded (fallback): Das_8
2026-03-10 01:21:50 	 SKIP already recorded (fallback): Das_9
2026-03-10 01:21:50 	 SKIP already recorded (fallback): Ding_1
2026-03-10 01:21:50 	 SKIP already recorded (fallback): Ding_10
2026-03-10 01:21:50 	 SKIP already recorded (fallback): Ding_2
2026-03-10 01:21:50 	 SKIP already recorded (fallback): Ding_3
2026-03-10 01:21:50 	 SKIP already recorded (fallback): Ding_4
2026-03-10 01:21:50 	 SKIP already recorded (fallback): Ding_5
2026-03-10 01:21:50 	 SKIP already recorded (fallback): Ding_6
2026-03-10 01:21:50 	 SKIP already recorded (fallback): Ding_7
2026-03-10 01:21:50 	 SKIP already recorded (fallback): Ding_8
2026-03-10 01:21:50 	 SKIP already recorded (fallback): Ding_9
2026-03-10 01:21:50 	 SKIP already recorded (fallback): Xiao_1
2026-03-10 01:21:50 	 SKIP already recorded (fallback): Xiao_2
2026-03-10 01:21:50 	 SKIP already recorded (fallback): Xiao_3
2026-03-10 01:21:50 	 SKIP (model is a solution file): PZ11_NMR_1_solution.pdb
2026-03-10 01:21:50 	 SKIP (cannot extract lab/num): PZ11_solution_.pdb
2026-03-10 01:21:50 	 DONE case: PZ11
