{
  "native_pdb": "/tmp/rna_inf_7asa3pxa/12_Adamiak_1_solution_normalized.pdb",
  "native_index": null,
  "model_pdb": "/tmp/rna_inf_tjfsmdjt/12_Adamiak_1_refined_normalized.pdb",
  "model_index": null,
  "rmsd": 16.289962071492557,
  "inf_all": 0.6856622662527316,
  "inf_wc": 0.883191366892423,
  "inf_nwc": 0.0,
  "inf_stack": 0.6379986312846814
}
{
  "native_pdb": "/tmp/rna_inf_nny0r1hf/12_Adamiak_2_solution_normalized.pdb",
  "native_index": null,
  "model_pdb": "/tmp/rna_inf_kt4g6qdr/12_Adamiak_2_refined_normalized.pdb",
  "model_index": null,
  "rmsd": 14.99203910212698,
  "inf_all": 0.6353446734100326,
  "inf_wc": 0.8950468150375158,
  "inf_nwc": 0.0,
  "inf_stack": 0.5496582420072821
}
{
  "native_pdb": "/tmp/rna_inf_0fmlze24/12_Adamiak_3_solution_normalized.pdb",
  "native_index": null,
  "model_pdb": "/tmp/rna_inf__5q_l3zq/12_Adamiak_3_refined_normalized.pdb",
  "model_index": null,
  "rmsd": 15.15742835083195,
  "inf_all": 0.6424925662032355,
  "inf_wc": 0.8974358974358975,
  "inf_nwc": 0.0,
  "inf_stack": 0.5669467095138409
}
{
  "native_pdb": "/tmp/rna_inf_lhtqnym6/12_Bujnicki_1_solution_normalized.pdb",
  "native_index": null,
  "model_pdb": "/tmp/rna_inf_ngep7vdo/12_Bujnicki_1_refined_normalized.pdb",
  "model_index": null,
  "rmsd": 21.60945915532144,
  "inf_all": 0.6994260737055672,
  "inf_wc": 0.8119979429411501,
  "inf_nwc": 0.1690308509457033,
  "inf_stack": 0.6888888888888889
}
{
  "native_pdb": "/tmp/rna_inf_by9w__pp/12_Bujnicki_10_solution_normalized.pdb",
  "native_index": null,
  "model_pdb": "/tmp/rna_inf_22u1ye6c/12_Bujnicki_10_refined_normalized.pdb",
  "model_index": null,
  "rmsd": 13.14174168542124,
  "inf_all": 0.7247137945655605,
  "inf_wc": 0.854016820293798,
  "inf_nwc": 0.0,
  "inf_stack": 0.7203939563188919
}
{
  "native_pdb": "/tmp/rna_inf_5in36cos/12_Bujnicki_2_solution_normalized.pdb",
  "native_index": null,
  "model_pdb": "/tmp/rna_inf_3p9d1ak4/12_Bujnicki_2_refined_normalized.pdb",
  "model_index": null,
  "rmsd": 18.28034452387371,
  "inf_all": 0.6630844268482062,
  "inf_wc": 0.8461538461538461,
  "inf_nwc": 0.0,
  "inf_stack": 0.6249324287797365
}
{
  "native_pdb": "/tmp/rna_inf_42g9kuxz/12_Bujnicki_3_solution_normalized.pdb",
  "native_index": null,
  "model_pdb": "/tmp/rna_inf_25l5wuz6/12_Bujnicki_3_refined_normalized.pdb",
  "model_index": null,
  "rmsd": 11.745158335021737,
  "inf_all": 0.7399317039956663,
  "inf_wc": 0.868721908712883,
  "inf_nwc": 0.2672612419124244,
  "inf_stack": 0.7253185207353656
}
{
  "native_pdb": "/tmp/rna_inf_t77vo3mh/12_Bujnicki_4_solution_normalized.pdb",
  "native_index": null,
  "model_pdb": "/tmp/rna_inf_ea9zu_8q/12_Bujnicki_4_refined_normalized.pdb",
  "model_index": null,
  "rmsd": 15.136082413536133,
  "inf_all": 0.7111306211351518,
  "inf_wc": 0.8312389335458098,
  "inf_nwc": 0.1889822365046136,
  "inf_stack": 0.6923494970655764
}
{
  "native_pdb": "/tmp/rna_inf_1vtsnjzp/12_Bujnicki_5_solution_normalized.pdb",
  "native_index": null,
  "model_pdb": "/tmp/rna_inf_rtg9841a/12_Bujnicki_5_refined_normalized.pdb",
  "model_index": null,
  "rmsd": 12.367715536017112,
  "inf_all": 0.7080480594994628,
  "inf_wc": 0.8752735657406219,
  "inf_nwc": 0.0,
  "inf_stack": 0.6813598225089799
}
{
  "native_pdb": "/tmp/rna_inf_ppnthjsc/12_Bujnicki_6_solution_normalized.pdb",
  "native_index": null,
  "model_pdb": "/tmp/rna_inf_psh3b2qo/12_Bujnicki_6_refined_normalized.pdb",
  "model_index": null,
  "rmsd": 15.363063898266056,
  "inf_all": 0.6672595402972122,
  "inf_wc": 0.8006407690254357,
  "inf_nwc": 0.0,
  "inf_stack": 0.6717514421272202
}
{
  "native_pdb": "/tmp/rna_inf_tqwofwa1/12_Bujnicki_7_solution_normalized.pdb",
  "native_index": null,
  "model_pdb": "/tmp/rna_inf_q1lkg69g/12_Bujnicki_7_refined_normalized.pdb",
  "model_index": null,
  "rmsd": 15.873727269789656,
  "inf_all": 0.686643649130512,
  "inf_wc": 0.7848730094898416,
  "inf_nwc": 0.0,
  "inf_stack": 0.6933609117949814
}
{
  "native_pdb": "/tmp/rna_inf_d_efztqe/12_Bujnicki_8_solution_normalized.pdb",
  "native_index": null,
  "model_pdb": "/tmp/rna_inf_htrgsbqg/12_Bujnicki_8_refined_normalized.pdb",
  "model_index": null,
  "rmsd": 10.89041966113852,
  "inf_all": 0.6838235294117647,
  "inf_wc": 0.8502657495766041,
  "inf_nwc": 0.0,
  "inf_stack": 0.6629631980888547
}
{
  "native_pdb": "/tmp/rna_inf_02atg9q6/12_Bujnicki_9_solution_normalized.pdb",
  "native_index": null,
  "model_pdb": "/tmp/rna_inf_hev8loef/12_Bujnicki_9_refined_normalized.pdb",
  "model_index": null,
  "rmsd": 13.306122485759659,
  "inf_all": 0.6985294117647058,
  "inf_wc": 0.7948717948717948,
  "inf_nwc": 0.0,
  "inf_stack": 0.7071931137405824
}
{
  "native_pdb": "/tmp/rna_inf_h4fegqwh/12_Chen_1_solution_normalized.pdb",
  "native_index": null,
  "model_pdb": "/tmp/rna_inf_syr0bt5j/12_Chen_1_refined_normalized.pdb",
  "model_index": null,
  "rmsd": 22.740730065629503,
  "inf_all": 0.698703855800104,
  "inf_wc": 0.8572151502191163,
  "inf_nwc": 0.3779644730092272,
  "inf_stack": 0.6479294588672484
}
{
  "native_pdb": "/tmp/rna_inf__glg1_cr/12_Chen_10_solution_normalized.pdb",
  "native_index": null,
  "model_pdb": "/tmp/rna_inf_imh2ycga/12_Chen_10_refined_normalized.pdb",
  "model_index": null,
  "rmsd": 19.436177554115467,
  "inf_all": 0.657535505639407,
  "inf_wc": 0.8355099778440249,
  "inf_nwc": 0.0,
  "inf_stack": 0.6207522318391883
}
{
  "native_pdb": "/tmp/rna_inf_x577m51o/12_Chen_2_solution_normalized.pdb",
  "native_index": null,
  "model_pdb": "/tmp/rna_inf_mlkjvjs6/12_Chen_2_refined_normalized.pdb",
  "model_index": null,
  "rmsd": 18.6636315719435,
  "inf_all": 0.6545436726108035,
  "inf_wc": 0.8355099778440249,
  "inf_nwc": 0.0,
  "inf_stack": 0.6090312530694656
}
{
  "native_pdb": "/tmp/rna_inf_y5ki88i_/12_Chen_3_solution_normalized.pdb",
  "native_index": null,
  "model_pdb": "/tmp/rna_inf_6yq3t6u0/12_Chen_3_refined_normalized.pdb",
  "model_index": null,
  "rmsd": 18.84251548606562,
  "inf_all": 0.6626081698687841,
  "inf_wc": 0.8355099778440249,
  "inf_nwc": 0.0,
  "inf_stack": 0.6246499741355875
}
{
  "native_pdb": "/tmp/rna_inf_dgnca13n/12_Chen_4_solution_normalized.pdb",
  "native_index": null,
  "model_pdb": "/tmp/rna_inf_utwzbb75/12_Chen_4_refined_normalized.pdb",
  "model_index": null,
  "rmsd": 16.010764573695866,
  "inf_all": 0.6653633092779714,
  "inf_wc": 0.868721908712883,
  "inf_nwc": 0.14285714285714285,
  "inf_stack": 0.6166548125935098
}
{
  "native_pdb": "/tmp/rna_inf_fjc8skhs/12_Chen_5_solution_normalized.pdb",
  "native_index": null,
  "model_pdb": "/tmp/rna_inf_6stjxcky/12_Chen_5_refined_normalized.pdb",
  "model_index": null,
  "rmsd": 20.22296859823133,
  "inf_all": 0.6738396167188666,
  "inf_wc": 0.8572151502191163,
  "inf_nwc": 0.14285714285714285,
  "inf_stack": 0.6335525936249404
}
{
  "native_pdb": "/tmp/rna_inf_r6ro7at8/12_Chen_6_solution_normalized.pdb",
  "native_index": null,
  "model_pdb": "/tmp/rna_inf_6lrvmu3u/12_Chen_6_refined_normalized.pdb",
  "model_index": null,
  "rmsd": 19.7593705416221,
  "inf_all": 0.678872151296973,
  "inf_wc": 0.8572151502191163,
  "inf_nwc": 0.0,
  "inf_stack": 0.6408373542638436
}
{
  "native_pdb": "/tmp/rna_inf_a79g51hu/12_Chen_7_solution_normalized.pdb",
  "native_index": null,
  "model_pdb": "/tmp/rna_inf_08e0n3h3/12_Chen_7_refined_normalized.pdb",
  "model_index": null,
  "rmsd": 20.118910365898678,
  "inf_all": 0.6846994869458681,
  "inf_wc": 0.868721908712883,
  "inf_nwc": 0.1889822365046136,
  "inf_stack": 0.6329238442281919
}
{
  "native_pdb": "/tmp/rna_inf_c1qa2kjs/12_Chen_8_solution_normalized.pdb",
  "native_index": null,
  "model_pdb": "/tmp/rna_inf_af5u07_g/12_Chen_8_refined_normalized.pdb",
  "model_index": null,
  "rmsd": 17.900767141893443,
  "inf_all": 0.678198950336285,
  "inf_wc": 0.8355099778440249,
  "inf_nwc": 0.1889822365046136,
  "inf_stack": 0.636662473638195
}
{
  "native_pdb": "/tmp/rna_inf_80s1s7za/12_Chen_9_solution_normalized.pdb",
  "native_index": null,
  "model_pdb": "/tmp/rna_inf_8wzvybnb/12_Chen_9_refined_normalized.pdb",
  "model_index": null,
  "rmsd": 18.055985920554722,
  "inf_all": 0.6817671416214415,
  "inf_wc": 0.8807048459279792,
  "inf_nwc": 0.14285714285714285,
  "inf_stack": 0.6371860058146334
}
{
  "native_pdb": "/tmp/rna_inf_jleernpr/12_Das_1_solution_normalized.pdb",
  "native_index": null,
  "model_pdb": "/tmp/rna_inf_2jczuvs1/12_Das_1_refined_normalized.pdb",
  "model_index": null,
  "rmsd": 13.832786190524535,
  "inf_all": 0.7436431369208716,
  "inf_wc": 0.9091675835657295,
  "inf_nwc": 0.1336306209562122,
  "inf_stack": 0.723317638245537
}
{
  "native_pdb": "/tmp/rna_inf_81gq65ba/12_Das_10_solution_normalized.pdb",
  "native_index": null,
  "model_pdb": "/tmp/rna_inf_j65bs22i/12_Das_10_refined_normalized.pdb",
  "model_index": null,
  "rmsd": 16.770726195059122,
  "inf_all": 0.7153168533538418,
  "inf_wc": 0.8861469461982083,
  "inf_nwc": 0.1889822365046136,
  "inf_stack": 0.669438681395203
}
{
  "native_pdb": "/tmp/rna_inf_f96lk0d8/12_Das_2_solution_normalized.pdb",
  "native_index": null,
  "model_pdb": "/tmp/rna_inf_vj8a7jt2/12_Das_2_refined_normalized.pdb",
  "model_index": null,
  "rmsd": 13.248246970782072,
  "inf_all": 0.7546503519512793,
  "inf_wc": 0.935143800239036,
  "inf_nwc": 0.2672612419124244,
  "inf_stack": 0.7161148740394329
}
{
  "native_pdb": "/tmp/rna_inf_kivyuaoq/12_Das_3_solution_normalized.pdb",
  "native_index": null,
  "model_pdb": "/tmp/rna_inf_l6e66zp0/12_Das_3_refined_normalized.pdb",
  "model_index": null,
  "rmsd": 13.53091862726191,
  "inf_all": 0.717175901505037,
  "inf_wc": 0.8861469461982083,
  "inf_nwc": 0.2279211529192759,
  "inf_stack": 0.6929348671835832
}
{
  "native_pdb": "/tmp/rna_inf_n448zbak/12_Das_4_solution_normalized.pdb",
  "native_index": null,
  "model_pdb": "/tmp/rna_inf_17qlo11e/12_Das_4_refined_normalized.pdb",
  "model_index": null,
  "rmsd": 17.752435909271416,
  "inf_all": 0.731038102878102,
  "inf_wc": 0.9091675835657295,
  "inf_nwc": 0.1336306209562122,
  "inf_stack": 0.703221549687725
}
{
  "native_pdb": "/tmp/rna_inf_ggt5uc_y/12_Das_5_solution_normalized.pdb",
  "native_index": null,
  "model_pdb": "/tmp/rna_inf_0v8wgx60/12_Das_5_refined_normalized.pdb",
  "model_index": null,
  "rmsd": 14.069833357908342,
  "inf_all": 0.7123301311093575,
  "inf_wc": 0.9091675835657295,
  "inf_nwc": 0.1336306209562122,
  "inf_stack": 0.6739467369193237
}
{
  "native_pdb": "/tmp/rna_inf_oqp1gjyg/12_Das_6_solution_normalized.pdb",
  "native_index": null,
  "model_pdb": "/tmp/rna_inf_bguanr8s/12_Das_6_refined_normalized.pdb",
  "model_index": null,
  "rmsd": 13.517543178048737,
  "inf_all": 0.7036623231079214,
  "inf_wc": 0.8861469461982083,
  "inf_nwc": 0.12598815766974242,
  "inf_stack": 0.6746990849399865
}
{
  "native_pdb": "/tmp/rna_inf_7pbuf_zs/12_Das_7_solution_normalized.pdb",
  "native_index": null,
  "model_pdb": "/tmp/rna_inf_8fiyqh5j/12_Das_7_refined_normalized.pdb",
  "model_index": null,
  "rmsd": 12.66718785567477,
  "inf_all": 0.7015851210375361,
  "inf_wc": 0.9091675835657295,
  "inf_nwc": 0.2672612419124244,
  "inf_stack": 0.6450954566171957
}
{
  "native_pdb": "/tmp/rna_inf_8u_r66vj/12_Das_8_solution_normalized.pdb",
  "native_index": null,
  "model_pdb": "/tmp/rna_inf_bumwt8nh/12_Das_8_refined_normalized.pdb",
  "model_index": null,
  "rmsd": 13.042228865107658,
  "inf_all": 0.7345165664042804,
  "inf_wc": 0.8861469461982083,
  "inf_nwc": 0.1336306209562122,
  "inf_stack": 0.7181251309512178
}
{
  "native_pdb": "/tmp/rna_inf_vaaiksyv/12_Das_9_solution_normalized.pdb",
  "native_index": null,
  "model_pdb": "/tmp/rna_inf_d2yn2wd8/12_Das_9_refined_normalized.pdb",
  "model_index": null,
  "rmsd": 13.30758776015178,
  "inf_all": 0.7153168533538418,
  "inf_wc": 0.8647908694379514,
  "inf_nwc": 0.0,
  "inf_stack": 0.6908843295177649
}
{
  "native_pdb": "/tmp/rna_inf_k8b0bxzk/12_Ding_1_solution_normalized.pdb",
  "native_index": null,
  "model_pdb": "/tmp/rna_inf_5am2liyl/12_Ding_1_refined_normalized.pdb",
  "model_index": null,
  "rmsd": 13.409287010851246,
  "inf_all": 0.7031251856803082,
  "inf_wc": 0.868721908712883,
  "inf_nwc": 0.0,
  "inf_stack": 0.6677372356496347
}
{
  "native_pdb": "/tmp/rna_inf_0eap_cdx/12_Ding_10_solution_normalized.pdb",
  "native_index": null,
  "model_pdb": "/tmp/rna_inf_pqem8bm0/12_Ding_10_refined_normalized.pdb",
  "model_index": null,
  "rmsd": 18.665286148808867,
  "inf_all": 0.6931032800836721,
  "inf_wc": 0.883191366892423,
  "inf_nwc": 0.0,
  "inf_stack": 0.6487491201346025
}
{
  "native_pdb": "/tmp/rna_inf_m26b2gwx/12_Ding_11_solution_normalized.pdb",
  "native_index": null,
  "model_pdb": "/tmp/rna_inf_xb2945eh/12_Ding_11_refined_normalized.pdb",
  "model_index": null,
  "rmsd": 10.436582924599167,
  "inf_all": 0.7211266424517829,
  "inf_wc": 0.8608284620211166,
  "inf_nwc": 0.0,
  "inf_stack": 0.6929348671835832
}
{
  "native_pdb": "/tmp/rna_inf_vgfskd44/12_Ding_12_solution_normalized.pdb",
  "native_index": null,
  "model_pdb": "/tmp/rna_inf_6m_21rze/12_Ding_12_refined_normalized.pdb",
  "model_index": null,
  "rmsd": 10.180134095424357,
  "inf_all": 0.7297573605023308,
  "inf_wc": 0.8717948717948718,
  "inf_nwc": 0.0,
  "inf_stack": 0.7027283689263065
}
{
  "native_pdb": "/tmp/rna_inf_jku2hlmk/12_Ding_2_solution_normalized.pdb",
  "native_index": null,
  "model_pdb": "/tmp/rna_inf_o5qs68rr/12_Ding_2_refined_normalized.pdb",
  "model_index": null,
  "rmsd": 20.592197322561976,
  "inf_all": 0.7017954960469135,
  "inf_wc": 0.8572151502191163,
  "inf_nwc": 0.1889822365046136,
  "inf_stack": 0.6630181854527081
}
{
  "native_pdb": "/tmp/rna_inf_utepuxr4/12_Ding_3_solution_normalized.pdb",
  "native_index": null,
  "model_pdb": "/tmp/rna_inf_eikgu703/12_Ding_3_refined_normalized.pdb",
  "model_index": null,
  "rmsd": 17.54222639782559,
  "inf_all": 0.6987106657460186,
  "inf_wc": 0.8608284620211166,
  "inf_nwc": 0.0,
  "inf_stack": 0.6583977933749381
}
{
  "native_pdb": "/tmp/rna_inf_wb5wbwh2/12_Ding_4_solution_normalized.pdb",
  "native_index": null,
  "model_pdb": "/tmp/rna_inf__xwxzz7f/12_Ding_4_refined_normalized.pdb",
  "model_index": null,
  "rmsd": 13.672195730287633,
  "inf_all": 0.6968190028185767,
  "inf_wc": 0.8717948717948718,
  "inf_nwc": 0.0,
  "inf_stack": 0.6551384198826605
}
{
  "native_pdb": "/tmp/rna_inf_ep54ygmp/12_Ding_5_solution_normalized.pdb",
  "native_index": null,
  "model_pdb": "/tmp/rna_inf_mj00m5bi/12_Ding_5_refined_normalized.pdb",
  "model_index": null,
  "rmsd": 20.886288330924163,
  "inf_all": 0.7130240959073808,
  "inf_wc": 0.883191366892423,
  "inf_nwc": 0.0,
  "inf_stack": 0.6708203932499369
}
{
  "native_pdb": "/tmp/rna_inf_boi26g0n/12_Ding_6_solution_normalized.pdb",
  "native_index": null,
  "model_pdb": "/tmp/rna_inf_114i9d5j/12_Ding_6_refined_normalized.pdb",
  "model_index": null,
  "rmsd": 15.125180398806718,
  "inf_all": 0.6836728640626626,
  "inf_wc": 0.883191366892423,
  "inf_nwc": 0.0,
  "inf_stack": 0.6254888542006679
}
{
  "native_pdb": "/tmp/rna_inf_bhmwdlw1/12_Ding_7_solution_normalized.pdb",
  "native_index": null,
  "model_pdb": "/tmp/rna_inf_vhi2ufuz/12_Ding_7_refined_normalized.pdb",
  "model_index": null,
  "rmsd": 18.132865717071347,
  "inf_all": 0.7249712917387874,
  "inf_wc": 0.8717948717948718,
  "inf_nwc": 0.0,
  "inf_stack": 0.7087374706538397
}
{
  "native_pdb": "/tmp/rna_inf_ehla4q7h/12_Ding_8_solution_normalized.pdb",
  "native_index": null,
  "model_pdb": "/tmp/rna_inf_cxl9bc44/12_Ding_8_refined_normalized.pdb",
  "model_index": null,
  "rmsd": 13.039849900979272,
  "inf_all": 0.6810812039212664,
  "inf_wc": 0.868721908712883,
  "inf_nwc": 0.0,
  "inf_stack": 0.6374552583116766
}
{
  "native_pdb": "/tmp/rna_inf_dvo1pgk3/12_Ding_9_solution_normalized.pdb",
  "native_index": null,
  "model_pdb": "/tmp/rna_inf__0zq8d5x/12_Ding_9_refined_normalized.pdb",
  "model_index": null,
  "rmsd": 14.562652495762332,
  "inf_all": 0.6755339013952499,
  "inf_wc": 0.8572151502191163,
  "inf_nwc": 0.0,
  "inf_stack": 0.629940788348712
}
{
  "native_pdb": "/tmp/rna_inf_28ulhfjp/12_Kevin_1_solution_normalized.pdb",
  "native_index": null,
  "model_pdb": "/tmp/rna_inf_ur5ydx87/12_Kevin_1_refined_normalized.pdb",
  "model_index": null,
  "rmsd": 20.29214790309493,
  "inf_all": 0.6288499809704103,
  "inf_wc": 0.8002501172485685,
  "inf_nwc": 0.0,
  "inf_stack": 0.5881716976750462
}
{
  "native_pdb": "/tmp/rna_inf_0ujzmy14/12_Kevin_2_solution_normalized.pdb",
  "native_index": null,
  "model_pdb": "/tmp/rna_inf_gg0045xu/12_Kevin_2_refined_normalized.pdb",
  "model_index": null,
  "rmsd": 19.965647447198897,
  "inf_all": 0.6494672797679955,
  "inf_wc": 0.7906659377718412,
  "inf_nwc": 0.0,
  "inf_stack": 0.6329238442281919
}
{
  "native_pdb": "/tmp/rna_inf_qqg81172/12_Kevin_3_solution_normalized.pdb",
  "native_index": null,
  "model_pdb": "/tmp/rna_inf_xy93zdef/12_Kevin_3_refined_normalized.pdb",
  "model_index": null,
  "rmsd": 19.57020360240333,
  "inf_all": 0.6359888306543495,
  "inf_wc": 0.868721908712883,
  "inf_nwc": 0.0,
  "inf_stack": 0.5710536689042103
}
{
  "native_pdb": "/tmp/rna_inf_ns2sro0m/12_Xiao_1_solution_normalized.pdb",
  "native_index": null,
  "model_pdb": "/tmp/rna_inf_j9nhvb20/12_Xiao_1_refined_normalized.pdb",
  "model_index": null,
  "rmsd": 29.618916185208818,
  "inf_all": 0.3905604762165116,
  "inf_wc": 0.29235267310234303,
  "inf_nwc": 0.0,
  "inf_stack": 0.46709936649691375
}
{
  "native_pdb": "/tmp/rna_inf_kpdgrn83/12_Xiao_2_solution_normalized.pdb",
  "native_index": null,
  "model_pdb": "/tmp/rna_inf_1hklja45/12_Xiao_2_refined_normalized.pdb",
  "model_index": null,
  "rmsd": 29.054187809317664,
  "inf_all": 0.400130434141638,
  "inf_wc": 0.29235267310234303,
  "inf_nwc": 0.0,
  "inf_stack": 0.480309065595694
}
{
  "native_pdb": "/tmp/rna_inf_3iqkm4lz/12_Xiao_3_solution_normalized.pdb",
  "native_index": null,
  "model_pdb": "/tmp/rna_inf_5fbyni_f/12_Xiao_3_refined_normalized.pdb",
  "model_index": null,
  "rmsd": 35.58417817956875,
  "inf_all": 0.48387304836597844,
  "inf_wc": 0.4841820261350419,
  "inf_nwc": 0.0,
  "inf_stack": 0.5179323973782373
}
