2026-03-10 00:27:16 	 START case: PZ12
2026-03-10 00:27:16 	 caseDir: D:\Studia\Projekty\gsp-lab\data\finished\PZ12
2026-03-10 00:27:16 	 pdbDir: D:\Studia\Projekty\gsp-lab\data\finished\PZ12\pdb
2026-03-10 00:27:16 	 Found pdb count: 102
2026-03-10 00:27:16 	 Global solution: 12_Adamiak_1_solution.pdb
2026-03-10 00:27:16 	 RUN refined_pair target=12_Adamiak_1_solution.pdb model=12_Adamiak_1_refined.pdb -> id=Adamiak_1
2026-03-10 00:27:16 	 Docker cmd: docker run --rm -v D:\Studia\Projekty\gsp-lab:/work -v D:\Studia\Projekty\RNA_assessment:/rna_assessment -e RNA_ASSESSMENT_ROOT=/rna_assessment -e PYTHONPATH=/rna_assessment mcannotate-runtime python3 /work/src/utils/INF.py /work/data/finished/PZ12/pdb/12_Adamiak_1_solution.pdb /work/data/finished/PZ12/pdb/12_Adamiak_1_refined.pdb
2026-03-10 00:27:19 	 Docker exit code: 0
2026-03-10 00:27:19 	 Docker output length: 350
2026-03-10 00:27:19 	 Saved CSV: PZ12,Adamiak_1,Adamiak,1,refined_pair,0.6856622662527316,0.883191366892423,0,12_Adamiak_1_solution.pdb,12_Adamiak_1_refined.pdb
2026-03-10 00:27:19 	 RUN refined_pair target=12_Adamiak_2_solution.pdb model=12_Adamiak_2_refined.pdb -> id=Adamiak_2
2026-03-10 00:27:19 	 Docker cmd: docker run --rm -v D:\Studia\Projekty\gsp-lab:/work -v D:\Studia\Projekty\RNA_assessment:/rna_assessment -e RNA_ASSESSMENT_ROOT=/rna_assessment -e PYTHONPATH=/rna_assessment mcannotate-runtime python3 /work/src/utils/INF.py /work/data/finished/PZ12/pdb/12_Adamiak_2_solution.pdb /work/data/finished/PZ12/pdb/12_Adamiak_2_refined.pdb
2026-03-10 00:27:22 	 Docker exit code: 0
2026-03-10 00:27:22 	 Docker output length: 350
2026-03-10 00:27:22 	 Saved CSV: PZ12,Adamiak_2,Adamiak,2,refined_pair,0.6353446734100326,0.8950468150375158,0,12_Adamiak_2_solution.pdb,12_Adamiak_2_refined.pdb
2026-03-10 00:27:22 	 RUN refined_pair target=12_Adamiak_3_solution.pdb model=12_Adamiak_3_refined.pdb -> id=Adamiak_3
2026-03-10 00:27:22 	 Docker cmd: docker run --rm -v D:\Studia\Projekty\gsp-lab:/work -v D:\Studia\Projekty\RNA_assessment:/rna_assessment -e RNA_ASSESSMENT_ROOT=/rna_assessment -e PYTHONPATH=/rna_assessment mcannotate-runtime python3 /work/src/utils/INF.py /work/data/finished/PZ12/pdb/12_Adamiak_3_solution.pdb /work/data/finished/PZ12/pdb/12_Adamiak_3_refined.pdb
2026-03-10 00:27:25 	 Docker exit code: 0
2026-03-10 00:27:25 	 Docker output length: 350
2026-03-10 00:27:25 	 Saved CSV: PZ12,Adamiak_3,Adamiak,3,refined_pair,0.6424925662032355,0.8974358974358975,0,12_Adamiak_3_solution.pdb,12_Adamiak_3_refined.pdb
2026-03-10 00:27:25 	 RUN refined_pair target=12_Bujnicki_1_solution.pdb model=12_Bujnicki_1_refined.pdb -> id=Bujnicki_1
2026-03-10 00:27:25 	 Docker cmd: docker run --rm -v D:\Studia\Projekty\gsp-lab:/work -v D:\Studia\Projekty\RNA_assessment:/rna_assessment -e RNA_ASSESSMENT_ROOT=/rna_assessment -e PYTHONPATH=/rna_assessment mcannotate-runtime python3 /work/src/utils/INF.py /work/data/finished/PZ12/pdb/12_Bujnicki_1_solution.pdb /work/data/finished/PZ12/pdb/12_Bujnicki_1_refined.pdb
2026-03-10 00:27:28 	 Docker exit code: 0
2026-03-10 00:27:28 	 Docker output length: 367
2026-03-10 00:27:28 	 Saved CSV: PZ12,Bujnicki_1,Bujnicki,1,refined_pair,0.6994260737055672,0.8119979429411501,0.1690308509457033,12_Bujnicki_1_solution.pdb,12_Bujnicki_1_refined.pdb
2026-03-10 00:27:28 	 RUN refined_pair target=12_Bujnicki_10_solution.pdb model=12_Bujnicki_10_refined.pdb -> id=Bujnicki_10
2026-03-10 00:27:28 	 Docker cmd: docker run --rm -v D:\Studia\Projekty\gsp-lab:/work -v D:\Studia\Projekty\RNA_assessment:/rna_assessment -e RNA_ASSESSMENT_ROOT=/rna_assessment -e PYTHONPATH=/rna_assessment mcannotate-runtime python3 /work/src/utils/INF.py /work/data/finished/PZ12/pdb/12_Bujnicki_10_solution.pdb /work/data/finished/PZ12/pdb/12_Bujnicki_10_refined.pdb
2026-03-10 00:27:31 	 Docker exit code: 0
2026-03-10 00:27:31 	 Docker output length: 353
2026-03-10 00:27:31 	 Saved CSV: PZ12,Bujnicki_10,Bujnicki,10,refined_pair,0.7247137945655605,0.854016820293798,0,12_Bujnicki_10_solution.pdb,12_Bujnicki_10_refined.pdb
2026-03-10 00:27:31 	 RUN refined_pair target=12_Bujnicki_2_solution.pdb model=12_Bujnicki_2_refined.pdb -> id=Bujnicki_2
2026-03-10 00:27:31 	 Docker cmd: docker run --rm -v D:\Studia\Projekty\gsp-lab:/work -v D:\Studia\Projekty\RNA_assessment:/rna_assessment -e RNA_ASSESSMENT_ROOT=/rna_assessment -e PYTHONPATH=/rna_assessment mcannotate-runtime python3 /work/src/utils/INF.py /work/data/finished/PZ12/pdb/12_Bujnicki_2_solution.pdb /work/data/finished/PZ12/pdb/12_Bujnicki_2_refined.pdb
2026-03-10 00:27:34 	 Docker exit code: 0
2026-03-10 00:27:34 	 Docker output length: 352
2026-03-10 00:27:34 	 Saved CSV: PZ12,Bujnicki_2,Bujnicki,2,refined_pair,0.6630844268482062,0.8461538461538461,0,12_Bujnicki_2_solution.pdb,12_Bujnicki_2_refined.pdb
2026-03-10 00:27:34 	 RUN refined_pair target=12_Bujnicki_3_solution.pdb model=12_Bujnicki_3_refined.pdb -> id=Bujnicki_3
2026-03-10 00:27:34 	 Docker cmd: docker run --rm -v D:\Studia\Projekty\gsp-lab:/work -v D:\Studia\Projekty\RNA_assessment:/rna_assessment -e RNA_ASSESSMENT_ROOT=/rna_assessment -e PYTHONPATH=/rna_assessment mcannotate-runtime python3 /work/src/utils/INF.py /work/data/finished/PZ12/pdb/12_Bujnicki_3_solution.pdb /work/data/finished/PZ12/pdb/12_Bujnicki_3_refined.pdb
2026-03-10 00:27:37 	 Docker exit code: 0
2026-03-10 00:27:37 	 Docker output length: 367
2026-03-10 00:27:37 	 Saved CSV: PZ12,Bujnicki_3,Bujnicki,3,refined_pair,0.7399317039956663,0.868721908712883,0.2672612419124244,12_Bujnicki_3_solution.pdb,12_Bujnicki_3_refined.pdb
2026-03-10 00:27:37 	 RUN refined_pair target=12_Bujnicki_4_solution.pdb model=12_Bujnicki_4_refined.pdb -> id=Bujnicki_4
2026-03-10 00:27:37 	 Docker cmd: docker run --rm -v D:\Studia\Projekty\gsp-lab:/work -v D:\Studia\Projekty\RNA_assessment:/rna_assessment -e RNA_ASSESSMENT_ROOT=/rna_assessment -e PYTHONPATH=/rna_assessment mcannotate-runtime python3 /work/src/utils/INF.py /work/data/finished/PZ12/pdb/12_Bujnicki_4_solution.pdb /work/data/finished/PZ12/pdb/12_Bujnicki_4_refined.pdb
2026-03-10 00:27:41 	 Docker exit code: 0
2026-03-10 00:27:41 	 Docker output length: 368
2026-03-10 00:27:41 	 Saved CSV: PZ12,Bujnicki_4,Bujnicki,4,refined_pair,0.7111306211351518,0.8312389335458098,0.1889822365046136,12_Bujnicki_4_solution.pdb,12_Bujnicki_4_refined.pdb
2026-03-10 00:27:41 	 RUN refined_pair target=12_Bujnicki_5_solution.pdb model=12_Bujnicki_5_refined.pdb -> id=Bujnicki_5
2026-03-10 00:27:41 	 Docker cmd: docker run --rm -v D:\Studia\Projekty\gsp-lab:/work -v D:\Studia\Projekty\RNA_assessment:/rna_assessment -e RNA_ASSESSMENT_ROOT=/rna_assessment -e PYTHONPATH=/rna_assessment mcannotate-runtime python3 /work/src/utils/INF.py /work/data/finished/PZ12/pdb/12_Bujnicki_5_solution.pdb /work/data/finished/PZ12/pdb/12_Bujnicki_5_refined.pdb
2026-03-10 00:27:44 	 Docker exit code: 0
2026-03-10 00:27:44 	 Docker output length: 353
2026-03-10 00:27:44 	 Saved CSV: PZ12,Bujnicki_5,Bujnicki,5,refined_pair,0.7080480594994628,0.8752735657406219,0,12_Bujnicki_5_solution.pdb,12_Bujnicki_5_refined.pdb
2026-03-10 00:27:44 	 RUN refined_pair target=12_Bujnicki_6_solution.pdb model=12_Bujnicki_6_refined.pdb -> id=Bujnicki_6
2026-03-10 00:27:44 	 Docker cmd: docker run --rm -v D:\Studia\Projekty\gsp-lab:/work -v D:\Studia\Projekty\RNA_assessment:/rna_assessment -e RNA_ASSESSMENT_ROOT=/rna_assessment -e PYTHONPATH=/rna_assessment mcannotate-runtime python3 /work/src/utils/INF.py /work/data/finished/PZ12/pdb/12_Bujnicki_6_solution.pdb /work/data/finished/PZ12/pdb/12_Bujnicki_6_refined.pdb
2026-03-10 00:27:46 	 Docker exit code: 0
2026-03-10 00:27:46 	 Docker output length: 353
2026-03-10 00:27:46 	 Saved CSV: PZ12,Bujnicki_6,Bujnicki,6,refined_pair,0.6672595402972122,0.8006407690254357,0,12_Bujnicki_6_solution.pdb,12_Bujnicki_6_refined.pdb
2026-03-10 00:27:47 	 RUN refined_pair target=12_Bujnicki_7_solution.pdb model=12_Bujnicki_7_refined.pdb -> id=Bujnicki_7
2026-03-10 00:27:47 	 Docker cmd: docker run --rm -v D:\Studia\Projekty\gsp-lab:/work -v D:\Studia\Projekty\RNA_assessment:/rna_assessment -e RNA_ASSESSMENT_ROOT=/rna_assessment -e PYTHONPATH=/rna_assessment mcannotate-runtime python3 /work/src/utils/INF.py /work/data/finished/PZ12/pdb/12_Bujnicki_7_solution.pdb /work/data/finished/PZ12/pdb/12_Bujnicki_7_refined.pdb
2026-03-10 00:27:50 	 Docker exit code: 0
2026-03-10 00:27:50 	 Docker output length: 352
2026-03-10 00:27:50 	 Saved CSV: PZ12,Bujnicki_7,Bujnicki,7,refined_pair,0.686643649130512,0.7848730094898416,0,12_Bujnicki_7_solution.pdb,12_Bujnicki_7_refined.pdb
2026-03-10 00:27:50 	 RUN refined_pair target=12_Bujnicki_8_solution.pdb model=12_Bujnicki_8_refined.pdb -> id=Bujnicki_8
2026-03-10 00:27:50 	 Docker cmd: docker run --rm -v D:\Studia\Projekty\gsp-lab:/work -v D:\Studia\Projekty\RNA_assessment:/rna_assessment -e RNA_ASSESSMENT_ROOT=/rna_assessment -e PYTHONPATH=/rna_assessment mcannotate-runtime python3 /work/src/utils/INF.py /work/data/finished/PZ12/pdb/12_Bujnicki_8_solution.pdb /work/data/finished/PZ12/pdb/12_Bujnicki_8_refined.pdb
2026-03-10 00:27:53 	 Docker exit code: 0
2026-03-10 00:27:53 	 Docker output length: 352
2026-03-10 00:27:53 	 Saved CSV: PZ12,Bujnicki_8,Bujnicki,8,refined_pair,0.6838235294117647,0.8502657495766041,0,12_Bujnicki_8_solution.pdb,12_Bujnicki_8_refined.pdb
2026-03-10 00:27:53 	 RUN refined_pair target=12_Bujnicki_9_solution.pdb model=12_Bujnicki_9_refined.pdb -> id=Bujnicki_9
2026-03-10 00:27:53 	 Docker cmd: docker run --rm -v D:\Studia\Projekty\gsp-lab:/work -v D:\Studia\Projekty\RNA_assessment:/rna_assessment -e RNA_ASSESSMENT_ROOT=/rna_assessment -e PYTHONPATH=/rna_assessment mcannotate-runtime python3 /work/src/utils/INF.py /work/data/finished/PZ12/pdb/12_Bujnicki_9_solution.pdb /work/data/finished/PZ12/pdb/12_Bujnicki_9_refined.pdb
2026-03-10 00:27:57 	 Docker exit code: 0
2026-03-10 00:27:57 	 Docker output length: 353
2026-03-10 00:27:57 	 Saved CSV: PZ12,Bujnicki_9,Bujnicki,9,refined_pair,0.6985294117647058,0.7948717948717948,0,12_Bujnicki_9_solution.pdb,12_Bujnicki_9_refined.pdb
2026-03-10 00:27:57 	 RUN refined_pair target=12_Chen_1_solution.pdb model=12_Chen_1_refined.pdb -> id=Chen_1
2026-03-10 00:27:57 	 Docker cmd: docker run --rm -v D:\Studia\Projekty\gsp-lab:/work -v D:\Studia\Projekty\RNA_assessment:/rna_assessment -e RNA_ASSESSMENT_ROOT=/rna_assessment -e PYTHONPATH=/rna_assessment mcannotate-runtime python3 /work/src/utils/INF.py /work/data/finished/PZ12/pdb/12_Chen_1_solution.pdb /work/data/finished/PZ12/pdb/12_Chen_1_refined.pdb
2026-03-10 00:27:59 	 Docker exit code: 0
2026-03-10 00:27:59 	 Docker output length: 359
2026-03-10 00:27:59 	 Saved CSV: PZ12,Chen_1,Chen,1,refined_pair,0.698703855800104,0.8572151502191163,0.3779644730092272,12_Chen_1_solution.pdb,12_Chen_1_refined.pdb
2026-03-10 00:27:59 	 RUN refined_pair target=12_Chen_10_solution.pdb model=12_Chen_10_refined.pdb -> id=Chen_10
2026-03-10 00:27:59 	 Docker cmd: docker run --rm -v D:\Studia\Projekty\gsp-lab:/work -v D:\Studia\Projekty\RNA_assessment:/rna_assessment -e RNA_ASSESSMENT_ROOT=/rna_assessment -e PYTHONPATH=/rna_assessment mcannotate-runtime python3 /work/src/utils/INF.py /work/data/finished/PZ12/pdb/12_Chen_10_solution.pdb /work/data/finished/PZ12/pdb/12_Chen_10_refined.pdb
2026-03-10 00:28:02 	 Docker exit code: 0
2026-03-10 00:28:02 	 Docker output length: 346
2026-03-10 00:28:02 	 Saved CSV: PZ12,Chen_10,Chen,10,refined_pair,0.657535505639407,0.8355099778440249,0,12_Chen_10_solution.pdb,12_Chen_10_refined.pdb
2026-03-10 00:28:02 	 RUN refined_pair target=12_Chen_2_solution.pdb model=12_Chen_2_refined.pdb -> id=Chen_2
2026-03-10 00:28:02 	 Docker cmd: docker run --rm -v D:\Studia\Projekty\gsp-lab:/work -v D:\Studia\Projekty\RNA_assessment:/rna_assessment -e RNA_ASSESSMENT_ROOT=/rna_assessment -e PYTHONPATH=/rna_assessment mcannotate-runtime python3 /work/src/utils/INF.py /work/data/finished/PZ12/pdb/12_Chen_2_solution.pdb /work/data/finished/PZ12/pdb/12_Chen_2_refined.pdb
2026-03-10 00:28:06 	 Docker exit code: 0
2026-03-10 00:28:06 	 Docker output length: 343
2026-03-10 00:28:06 	 Saved CSV: PZ12,Chen_2,Chen,2,refined_pair,0.6545436726108035,0.8355099778440249,0,12_Chen_2_solution.pdb,12_Chen_2_refined.pdb
2026-03-10 00:28:06 	 RUN refined_pair target=12_Chen_3_solution.pdb model=12_Chen_3_refined.pdb -> id=Chen_3
2026-03-10 00:28:06 	 Docker cmd: docker run --rm -v D:\Studia\Projekty\gsp-lab:/work -v D:\Studia\Projekty\RNA_assessment:/rna_assessment -e RNA_ASSESSMENT_ROOT=/rna_assessment -e PYTHONPATH=/rna_assessment mcannotate-runtime python3 /work/src/utils/INF.py /work/data/finished/PZ12/pdb/12_Chen_3_solution.pdb /work/data/finished/PZ12/pdb/12_Chen_3_refined.pdb
2026-03-10 00:28:09 	 Docker exit code: 0
2026-03-10 00:28:09 	 Docker output length: 344
2026-03-10 00:28:09 	 Saved CSV: PZ12,Chen_3,Chen,3,refined_pair,0.6626081698687841,0.8355099778440249,0,12_Chen_3_solution.pdb,12_Chen_3_refined.pdb
2026-03-10 00:28:09 	 RUN refined_pair target=12_Chen_4_solution.pdb model=12_Chen_4_refined.pdb -> id=Chen_4
2026-03-10 00:28:09 	 Docker cmd: docker run --rm -v D:\Studia\Projekty\gsp-lab:/work -v D:\Studia\Projekty\RNA_assessment:/rna_assessment -e RNA_ASSESSMENT_ROOT=/rna_assessment -e PYTHONPATH=/rna_assessment mcannotate-runtime python3 /work/src/utils/INF.py /work/data/finished/PZ12/pdb/12_Chen_4_solution.pdb /work/data/finished/PZ12/pdb/12_Chen_4_refined.pdb
2026-03-10 00:28:12 	 Docker exit code: 0
2026-03-10 00:28:12 	 Docker output length: 360
2026-03-10 00:28:12 	 Saved CSV: PZ12,Chen_4,Chen,4,refined_pair,0.6653633092779714,0.868721908712883,0.14285714285714285,12_Chen_4_solution.pdb,12_Chen_4_refined.pdb
2026-03-10 00:28:12 	 RUN refined_pair target=12_Chen_5_solution.pdb model=12_Chen_5_refined.pdb -> id=Chen_5
2026-03-10 00:28:12 	 Docker cmd: docker run --rm -v D:\Studia\Projekty\gsp-lab:/work -v D:\Studia\Projekty\RNA_assessment:/rna_assessment -e RNA_ASSESSMENT_ROOT=/rna_assessment -e PYTHONPATH=/rna_assessment mcannotate-runtime python3 /work/src/utils/INF.py /work/data/finished/PZ12/pdb/12_Chen_5_solution.pdb /work/data/finished/PZ12/pdb/12_Chen_5_refined.pdb
2026-03-10 00:28:14 	 Docker exit code: 0
2026-03-10 00:28:14 	 Docker output length: 360
2026-03-10 00:28:14 	 Saved CSV: PZ12,Chen_5,Chen,5,refined_pair,0.6738396167188666,0.8572151502191163,0.14285714285714285,12_Chen_5_solution.pdb,12_Chen_5_refined.pdb
2026-03-10 00:28:14 	 RUN refined_pair target=12_Chen_6_solution.pdb model=12_Chen_6_refined.pdb -> id=Chen_6
2026-03-10 00:28:14 	 Docker cmd: docker run --rm -v D:\Studia\Projekty\gsp-lab:/work -v D:\Studia\Projekty\RNA_assessment:/rna_assessment -e RNA_ASSESSMENT_ROOT=/rna_assessment -e PYTHONPATH=/rna_assessment mcannotate-runtime python3 /work/src/utils/INF.py /work/data/finished/PZ12/pdb/12_Chen_6_solution.pdb /work/data/finished/PZ12/pdb/12_Chen_6_refined.pdb
2026-03-10 00:28:18 	 Docker exit code: 0
2026-03-10 00:28:18 	 Docker output length: 342
2026-03-10 00:28:18 	 Saved CSV: PZ12,Chen_6,Chen,6,refined_pair,0.678872151296973,0.8572151502191163,0,12_Chen_6_solution.pdb,12_Chen_6_refined.pdb
2026-03-10 00:28:18 	 RUN refined_pair target=12_Chen_7_solution.pdb model=12_Chen_7_refined.pdb -> id=Chen_7
2026-03-10 00:28:18 	 Docker cmd: docker run --rm -v D:\Studia\Projekty\gsp-lab:/work -v D:\Studia\Projekty\RNA_assessment:/rna_assessment -e RNA_ASSESSMENT_ROOT=/rna_assessment -e PYTHONPATH=/rna_assessment mcannotate-runtime python3 /work/src/utils/INF.py /work/data/finished/PZ12/pdb/12_Chen_7_solution.pdb /work/data/finished/PZ12/pdb/12_Chen_7_refined.pdb
2026-03-10 00:28:21 	 Docker exit code: 0
2026-03-10 00:28:21 	 Docker output length: 359
2026-03-10 00:28:21 	 Saved CSV: PZ12,Chen_7,Chen,7,refined_pair,0.6846994869458681,0.868721908712883,0.1889822365046136,12_Chen_7_solution.pdb,12_Chen_7_refined.pdb
2026-03-10 00:28:21 	 RUN refined_pair target=12_Chen_8_solution.pdb model=12_Chen_8_refined.pdb -> id=Chen_8
2026-03-10 00:28:21 	 Docker cmd: docker run --rm -v D:\Studia\Projekty\gsp-lab:/work -v D:\Studia\Projekty\RNA_assessment:/rna_assessment -e RNA_ASSESSMENT_ROOT=/rna_assessment -e PYTHONPATH=/rna_assessment mcannotate-runtime python3 /work/src/utils/INF.py /work/data/finished/PZ12/pdb/12_Chen_8_solution.pdb /work/data/finished/PZ12/pdb/12_Chen_8_refined.pdb
2026-03-10 00:28:23 	 Docker exit code: 0
2026-03-10 00:28:23 	 Docker output length: 358
2026-03-10 00:28:23 	 Saved CSV: PZ12,Chen_8,Chen,8,refined_pair,0.678198950336285,0.8355099778440249,0.1889822365046136,12_Chen_8_solution.pdb,12_Chen_8_refined.pdb
2026-03-10 00:28:23 	 RUN refined_pair target=12_Chen_9_solution.pdb model=12_Chen_9_refined.pdb -> id=Chen_9
2026-03-10 00:28:23 	 Docker cmd: docker run --rm -v D:\Studia\Projekty\gsp-lab:/work -v D:\Studia\Projekty\RNA_assessment:/rna_assessment -e RNA_ASSESSMENT_ROOT=/rna_assessment -e PYTHONPATH=/rna_assessment mcannotate-runtime python3 /work/src/utils/INF.py /work/data/finished/PZ12/pdb/12_Chen_9_solution.pdb /work/data/finished/PZ12/pdb/12_Chen_9_refined.pdb
2026-03-10 00:28:26 	 Docker exit code: 0
2026-03-10 00:28:26 	 Docker output length: 361
2026-03-10 00:28:26 	 Saved CSV: PZ12,Chen_9,Chen,9,refined_pair,0.6817671416214415,0.8807048459279792,0.14285714285714285,12_Chen_9_solution.pdb,12_Chen_9_refined.pdb
2026-03-10 00:28:26 	 RUN refined_pair target=12_Das_1_solution.pdb model=12_Das_1_refined.pdb -> id=Das_1
2026-03-10 00:28:26 	 Docker cmd: docker run --rm -v D:\Studia\Projekty\gsp-lab:/work -v D:\Studia\Projekty\RNA_assessment:/rna_assessment -e RNA_ASSESSMENT_ROOT=/rna_assessment -e PYTHONPATH=/rna_assessment mcannotate-runtime python3 /work/src/utils/INF.py /work/data/finished/PZ12/pdb/12_Das_1_solution.pdb /work/data/finished/PZ12/pdb/12_Das_1_refined.pdb
2026-03-10 00:28:29 	 Docker exit code: 0
2026-03-10 00:28:29 	 Docker output length: 357
2026-03-10 00:28:29 	 Saved CSV: PZ12,Das_1,Das,1,refined_pair,0.7436431369208716,0.9091675835657295,0.1336306209562122,12_Das_1_solution.pdb,12_Das_1_refined.pdb
2026-03-10 00:28:29 	 RUN refined_pair target=12_Das_10_solution.pdb model=12_Das_10_refined.pdb -> id=Das_10
2026-03-10 00:28:29 	 Docker cmd: docker run --rm -v D:\Studia\Projekty\gsp-lab:/work -v D:\Studia\Projekty\RNA_assessment:/rna_assessment -e RNA_ASSESSMENT_ROOT=/rna_assessment -e PYTHONPATH=/rna_assessment mcannotate-runtime python3 /work/src/utils/INF.py /work/data/finished/PZ12/pdb/12_Das_10_solution.pdb /work/data/finished/PZ12/pdb/12_Das_10_refined.pdb
2026-03-10 00:28:32 	 Docker exit code: 0
2026-03-10 00:28:32 	 Docker output length: 359
2026-03-10 00:28:32 	 Saved CSV: PZ12,Das_10,Das,10,refined_pair,0.7153168533538418,0.8861469461982083,0.1889822365046136,12_Das_10_solution.pdb,12_Das_10_refined.pdb
2026-03-10 00:28:32 	 RUN refined_pair target=12_Das_2_solution.pdb model=12_Das_2_refined.pdb -> id=Das_2
2026-03-10 00:28:32 	 Docker cmd: docker run --rm -v D:\Studia\Projekty\gsp-lab:/work -v D:\Studia\Projekty\RNA_assessment:/rna_assessment -e RNA_ASSESSMENT_ROOT=/rna_assessment -e PYTHONPATH=/rna_assessment mcannotate-runtime python3 /work/src/utils/INF.py /work/data/finished/PZ12/pdb/12_Das_2_solution.pdb /work/data/finished/PZ12/pdb/12_Das_2_refined.pdb
2026-03-10 00:28:35 	 Docker exit code: 0
2026-03-10 00:28:35 	 Docker output length: 357
2026-03-10 00:28:35 	 Saved CSV: PZ12,Das_2,Das,2,refined_pair,0.7546503519512793,0.935143800239036,0.2672612419124244,12_Das_2_solution.pdb,12_Das_2_refined.pdb
2026-03-10 00:28:35 	 RUN refined_pair target=12_Das_3_solution.pdb model=12_Das_3_refined.pdb -> id=Das_3
2026-03-10 00:28:35 	 Docker cmd: docker run --rm -v D:\Studia\Projekty\gsp-lab:/work -v D:\Studia\Projekty\RNA_assessment:/rna_assessment -e RNA_ASSESSMENT_ROOT=/rna_assessment -e PYTHONPATH=/rna_assessment mcannotate-runtime python3 /work/src/utils/INF.py /work/data/finished/PZ12/pdb/12_Das_3_solution.pdb /work/data/finished/PZ12/pdb/12_Das_3_refined.pdb
2026-03-10 00:28:37 	 Docker exit code: 0
2026-03-10 00:28:37 	 Docker output length: 356
2026-03-10 00:28:37 	 Saved CSV: PZ12,Das_3,Das,3,refined_pair,0.717175901505037,0.8861469461982083,0.2279211529192759,12_Das_3_solution.pdb,12_Das_3_refined.pdb
2026-03-10 00:28:37 	 RUN refined_pair target=12_Das_4_solution.pdb model=12_Das_4_refined.pdb -> id=Das_4
2026-03-10 00:28:37 	 Docker cmd: docker run --rm -v D:\Studia\Projekty\gsp-lab:/work -v D:\Studia\Projekty\RNA_assessment:/rna_assessment -e RNA_ASSESSMENT_ROOT=/rna_assessment -e PYTHONPATH=/rna_assessment mcannotate-runtime python3 /work/src/utils/INF.py /work/data/finished/PZ12/pdb/12_Das_4_solution.pdb /work/data/finished/PZ12/pdb/12_Das_4_refined.pdb
2026-03-10 00:28:40 	 Docker exit code: 0
2026-03-10 00:28:40 	 Docker output length: 356
2026-03-10 00:28:40 	 Saved CSV: PZ12,Das_4,Das,4,refined_pair,0.731038102878102,0.9091675835657295,0.1336306209562122,12_Das_4_solution.pdb,12_Das_4_refined.pdb
2026-03-10 00:28:40 	 RUN refined_pair target=12_Das_5_solution.pdb model=12_Das_5_refined.pdb -> id=Das_5
2026-03-10 00:28:40 	 Docker cmd: docker run --rm -v D:\Studia\Projekty\gsp-lab:/work -v D:\Studia\Projekty\RNA_assessment:/rna_assessment -e RNA_ASSESSMENT_ROOT=/rna_assessment -e PYTHONPATH=/rna_assessment mcannotate-runtime python3 /work/src/utils/INF.py /work/data/finished/PZ12/pdb/12_Das_5_solution.pdb /work/data/finished/PZ12/pdb/12_Das_5_refined.pdb
2026-03-10 00:28:43 	 Docker exit code: 0
2026-03-10 00:28:43 	 Docker output length: 358
2026-03-10 00:28:43 	 Saved CSV: PZ12,Das_5,Das,5,refined_pair,0.7123301311093575,0.9091675835657295,0.1336306209562122,12_Das_5_solution.pdb,12_Das_5_refined.pdb
2026-03-10 00:28:43 	 RUN refined_pair target=12_Das_6_solution.pdb model=12_Das_6_refined.pdb -> id=Das_6
2026-03-10 00:28:43 	 Docker cmd: docker run --rm -v D:\Studia\Projekty\gsp-lab:/work -v D:\Studia\Projekty\RNA_assessment:/rna_assessment -e RNA_ASSESSMENT_ROOT=/rna_assessment -e PYTHONPATH=/rna_assessment mcannotate-runtime python3 /work/src/utils/INF.py /work/data/finished/PZ12/pdb/12_Das_6_solution.pdb /work/data/finished/PZ12/pdb/12_Das_6_refined.pdb
2026-03-10 00:28:46 	 Docker exit code: 0
2026-03-10 00:28:46 	 Docker output length: 359
2026-03-10 00:28:46 	 Saved CSV: PZ12,Das_6,Das,6,refined_pair,0.7036623231079214,0.8861469461982083,0.12598815766974242,12_Das_6_solution.pdb,12_Das_6_refined.pdb
2026-03-10 00:28:46 	 RUN refined_pair target=12_Das_7_solution.pdb model=12_Das_7_refined.pdb -> id=Das_7
2026-03-10 00:28:46 	 Docker cmd: docker run --rm -v D:\Studia\Projekty\gsp-lab:/work -v D:\Studia\Projekty\RNA_assessment:/rna_assessment -e RNA_ASSESSMENT_ROOT=/rna_assessment -e PYTHONPATH=/rna_assessment mcannotate-runtime python3 /work/src/utils/INF.py /work/data/finished/PZ12/pdb/12_Das_7_solution.pdb /work/data/finished/PZ12/pdb/12_Das_7_refined.pdb
2026-03-10 00:28:49 	 Docker exit code: 0
2026-03-10 00:28:49 	 Docker output length: 357
2026-03-10 00:28:49 	 Saved CSV: PZ12,Das_7,Das,7,refined_pair,0.7015851210375361,0.9091675835657295,0.2672612419124244,12_Das_7_solution.pdb,12_Das_7_refined.pdb
2026-03-10 00:28:49 	 RUN refined_pair target=12_Das_8_solution.pdb model=12_Das_8_refined.pdb -> id=Das_8
2026-03-10 00:28:49 	 Docker cmd: docker run --rm -v D:\Studia\Projekty\gsp-lab:/work -v D:\Studia\Projekty\RNA_assessment:/rna_assessment -e RNA_ASSESSMENT_ROOT=/rna_assessment -e PYTHONPATH=/rna_assessment mcannotate-runtime python3 /work/src/utils/INF.py /work/data/finished/PZ12/pdb/12_Das_8_solution.pdb /work/data/finished/PZ12/pdb/12_Das_8_refined.pdb
2026-03-10 00:28:52 	 Docker exit code: 0
2026-03-10 00:28:52 	 Docker output length: 358
2026-03-10 00:28:52 	 Saved CSV: PZ12,Das_8,Das,8,refined_pair,0.7345165664042804,0.8861469461982083,0.1336306209562122,12_Das_8_solution.pdb,12_Das_8_refined.pdb
2026-03-10 00:28:52 	 RUN refined_pair target=12_Das_9_solution.pdb model=12_Das_9_refined.pdb -> id=Das_9
2026-03-10 00:28:52 	 Docker cmd: docker run --rm -v D:\Studia\Projekty\gsp-lab:/work -v D:\Studia\Projekty\RNA_assessment:/rna_assessment -e RNA_ASSESSMENT_ROOT=/rna_assessment -e PYTHONPATH=/rna_assessment mcannotate-runtime python3 /work/src/utils/INF.py /work/data/finished/PZ12/pdb/12_Das_9_solution.pdb /work/data/finished/PZ12/pdb/12_Das_9_refined.pdb
2026-03-10 00:28:55 	 Docker exit code: 0
2026-03-10 00:28:55 	 Docker output length: 342
2026-03-10 00:28:55 	 Saved CSV: PZ12,Das_9,Das,9,refined_pair,0.7153168533538418,0.8647908694379514,0,12_Das_9_solution.pdb,12_Das_9_refined.pdb
2026-03-10 00:28:55 	 RUN refined_pair target=12_Ding_1_solution.pdb model=12_Ding_1_refined.pdb -> id=Ding_1
2026-03-10 00:28:55 	 Docker cmd: docker run --rm -v D:\Studia\Projekty\gsp-lab:/work -v D:\Studia\Projekty\RNA_assessment:/rna_assessment -e RNA_ASSESSMENT_ROOT=/rna_assessment -e PYTHONPATH=/rna_assessment mcannotate-runtime python3 /work/src/utils/INF.py /work/data/finished/PZ12/pdb/12_Ding_1_solution.pdb /work/data/finished/PZ12/pdb/12_Ding_1_refined.pdb
2026-03-10 00:28:58 	 Docker exit code: 0
2026-03-10 00:28:58 	 Docker output length: 344
2026-03-10 00:28:58 	 Saved CSV: PZ12,Ding_1,Ding,1,refined_pair,0.7031251856803082,0.868721908712883,0,12_Ding_1_solution.pdb,12_Ding_1_refined.pdb
2026-03-10 00:28:58 	 RUN refined_pair target=12_Ding_10_solution.pdb model=12_Ding_10_refined.pdb -> id=Ding_10
2026-03-10 00:28:58 	 Docker cmd: docker run --rm -v D:\Studia\Projekty\gsp-lab:/work -v D:\Studia\Projekty\RNA_assessment:/rna_assessment -e RNA_ASSESSMENT_ROOT=/rna_assessment -e PYTHONPATH=/rna_assessment mcannotate-runtime python3 /work/src/utils/INF.py /work/data/finished/PZ12/pdb/12_Ding_10_solution.pdb /work/data/finished/PZ12/pdb/12_Ding_10_refined.pdb
2026-03-10 00:29:01 	 Docker exit code: 0
2026-03-10 00:29:01 	 Docker output length: 346
2026-03-10 00:29:01 	 Saved CSV: PZ12,Ding_10,Ding,10,refined_pair,0.6931032800836721,0.883191366892423,0,12_Ding_10_solution.pdb,12_Ding_10_refined.pdb
2026-03-10 00:29:01 	 RUN refined_pair target=12_Ding_11_solution.pdb model=12_Ding_11_refined.pdb -> id=Ding_11
2026-03-10 00:29:01 	 Docker cmd: docker run --rm -v D:\Studia\Projekty\gsp-lab:/work -v D:\Studia\Projekty\RNA_assessment:/rna_assessment -e RNA_ASSESSMENT_ROOT=/rna_assessment -e PYTHONPATH=/rna_assessment mcannotate-runtime python3 /work/src/utils/INF.py /work/data/finished/PZ12/pdb/12_Ding_11_solution.pdb /work/data/finished/PZ12/pdb/12_Ding_11_refined.pdb
2026-03-10 00:29:04 	 Docker exit code: 0
2026-03-10 00:29:04 	 Docker output length: 347
2026-03-10 00:29:04 	 Saved CSV: PZ12,Ding_11,Ding,11,refined_pair,0.7211266424517829,0.8608284620211166,0,12_Ding_11_solution.pdb,12_Ding_11_refined.pdb
2026-03-10 00:29:04 	 RUN refined_pair target=12_Ding_12_solution.pdb model=12_Ding_12_refined.pdb -> id=Ding_12
2026-03-10 00:29:04 	 Docker cmd: docker run --rm -v D:\Studia\Projekty\gsp-lab:/work -v D:\Studia\Projekty\RNA_assessment:/rna_assessment -e RNA_ASSESSMENT_ROOT=/rna_assessment -e PYTHONPATH=/rna_assessment mcannotate-runtime python3 /work/src/utils/INF.py /work/data/finished/PZ12/pdb/12_Ding_12_solution.pdb /work/data/finished/PZ12/pdb/12_Ding_12_refined.pdb
2026-03-10 00:29:06 	 Docker exit code: 0
2026-03-10 00:29:06 	 Docker output length: 347
2026-03-10 00:29:06 	 Saved CSV: PZ12,Ding_12,Ding,12,refined_pair,0.7297573605023308,0.8717948717948718,0,12_Ding_12_solution.pdb,12_Ding_12_refined.pdb
2026-03-10 00:29:06 	 RUN refined_pair target=12_Ding_2_solution.pdb model=12_Ding_2_refined.pdb -> id=Ding_2
2026-03-10 00:29:06 	 Docker cmd: docker run --rm -v D:\Studia\Projekty\gsp-lab:/work -v D:\Studia\Projekty\RNA_assessment:/rna_assessment -e RNA_ASSESSMENT_ROOT=/rna_assessment -e PYTHONPATH=/rna_assessment mcannotate-runtime python3 /work/src/utils/INF.py /work/data/finished/PZ12/pdb/12_Ding_2_solution.pdb /work/data/finished/PZ12/pdb/12_Ding_2_refined.pdb
2026-03-10 00:29:09 	 Docker exit code: 0
2026-03-10 00:29:09 	 Docker output length: 360
2026-03-10 00:29:09 	 Saved CSV: PZ12,Ding_2,Ding,2,refined_pair,0.7017954960469135,0.8572151502191163,0.1889822365046136,12_Ding_2_solution.pdb,12_Ding_2_refined.pdb
2026-03-10 00:29:09 	 RUN refined_pair target=12_Ding_3_solution.pdb model=12_Ding_3_refined.pdb -> id=Ding_3
2026-03-10 00:29:09 	 Docker cmd: docker run --rm -v D:\Studia\Projekty\gsp-lab:/work -v D:\Studia\Projekty\RNA_assessment:/rna_assessment -e RNA_ASSESSMENT_ROOT=/rna_assessment -e PYTHONPATH=/rna_assessment mcannotate-runtime python3 /work/src/utils/INF.py /work/data/finished/PZ12/pdb/12_Ding_3_solution.pdb /work/data/finished/PZ12/pdb/12_Ding_3_refined.pdb
2026-03-10 00:29:12 	 Docker exit code: 0
2026-03-10 00:29:12 	 Docker output length: 344
2026-03-10 00:29:12 	 Saved CSV: PZ12,Ding_3,Ding,3,refined_pair,0.6987106657460186,0.8608284620211166,0,12_Ding_3_solution.pdb,12_Ding_3_refined.pdb
2026-03-10 00:29:12 	 RUN refined_pair target=12_Ding_4_solution.pdb model=12_Ding_4_refined.pdb -> id=Ding_4
2026-03-10 00:29:12 	 Docker cmd: docker run --rm -v D:\Studia\Projekty\gsp-lab:/work -v D:\Studia\Projekty\RNA_assessment:/rna_assessment -e RNA_ASSESSMENT_ROOT=/rna_assessment -e PYTHONPATH=/rna_assessment mcannotate-runtime python3 /work/src/utils/INF.py /work/data/finished/PZ12/pdb/12_Ding_4_solution.pdb /work/data/finished/PZ12/pdb/12_Ding_4_refined.pdb
2026-03-10 00:29:14 	 Docker exit code: 0
2026-03-10 00:29:14 	 Docker output length: 345
2026-03-10 00:29:14 	 Saved CSV: PZ12,Ding_4,Ding,4,refined_pair,0.6968190028185767,0.8717948717948718,0,12_Ding_4_solution.pdb,12_Ding_4_refined.pdb
2026-03-10 00:29:14 	 RUN refined_pair target=12_Ding_5_solution.pdb model=12_Ding_5_refined.pdb -> id=Ding_5
2026-03-10 00:29:14 	 Docker cmd: docker run --rm -v D:\Studia\Projekty\gsp-lab:/work -v D:\Studia\Projekty\RNA_assessment:/rna_assessment -e RNA_ASSESSMENT_ROOT=/rna_assessment -e PYTHONPATH=/rna_assessment mcannotate-runtime python3 /work/src/utils/INF.py /work/data/finished/PZ12/pdb/12_Ding_5_solution.pdb /work/data/finished/PZ12/pdb/12_Ding_5_refined.pdb
2026-03-10 00:29:17 	 Docker exit code: 0
2026-03-10 00:29:17 	 Docker output length: 344
2026-03-10 00:29:17 	 Saved CSV: PZ12,Ding_5,Ding,5,refined_pair,0.7130240959073808,0.883191366892423,0,12_Ding_5_solution.pdb,12_Ding_5_refined.pdb
2026-03-10 00:29:17 	 RUN refined_pair target=12_Ding_6_solution.pdb model=12_Ding_6_refined.pdb -> id=Ding_6
2026-03-10 00:29:17 	 Docker cmd: docker run --rm -v D:\Studia\Projekty\gsp-lab:/work -v D:\Studia\Projekty\RNA_assessment:/rna_assessment -e RNA_ASSESSMENT_ROOT=/rna_assessment -e PYTHONPATH=/rna_assessment mcannotate-runtime python3 /work/src/utils/INF.py /work/data/finished/PZ12/pdb/12_Ding_6_solution.pdb /work/data/finished/PZ12/pdb/12_Ding_6_refined.pdb
2026-03-10 00:29:20 	 Docker exit code: 0
2026-03-10 00:29:20 	 Docker output length: 344
2026-03-10 00:29:20 	 Saved CSV: PZ12,Ding_6,Ding,6,refined_pair,0.6836728640626626,0.883191366892423,0,12_Ding_6_solution.pdb,12_Ding_6_refined.pdb
2026-03-10 00:29:20 	 RUN refined_pair target=12_Ding_7_solution.pdb model=12_Ding_7_refined.pdb -> id=Ding_7
2026-03-10 00:29:20 	 Docker cmd: docker run --rm -v D:\Studia\Projekty\gsp-lab:/work -v D:\Studia\Projekty\RNA_assessment:/rna_assessment -e RNA_ASSESSMENT_ROOT=/rna_assessment -e PYTHONPATH=/rna_assessment mcannotate-runtime python3 /work/src/utils/INF.py /work/data/finished/PZ12/pdb/12_Ding_7_solution.pdb /work/data/finished/PZ12/pdb/12_Ding_7_refined.pdb
2026-03-10 00:29:24 	 Docker exit code: 0
2026-03-10 00:29:24 	 Docker output length: 345
2026-03-10 00:29:24 	 Saved CSV: PZ12,Ding_7,Ding,7,refined_pair,0.7249712917387874,0.8717948717948718,0,12_Ding_7_solution.pdb,12_Ding_7_refined.pdb
2026-03-10 00:29:24 	 RUN refined_pair target=12_Ding_8_solution.pdb model=12_Ding_8_refined.pdb -> id=Ding_8
2026-03-10 00:29:24 	 Docker cmd: docker run --rm -v D:\Studia\Projekty\gsp-lab:/work -v D:\Studia\Projekty\RNA_assessment:/rna_assessment -e RNA_ASSESSMENT_ROOT=/rna_assessment -e PYTHONPATH=/rna_assessment mcannotate-runtime python3 /work/src/utils/INF.py /work/data/finished/PZ12/pdb/12_Ding_8_solution.pdb /work/data/finished/PZ12/pdb/12_Ding_8_refined.pdb
2026-03-10 00:29:27 	 Docker exit code: 0
2026-03-10 00:29:27 	 Docker output length: 344
2026-03-10 00:29:27 	 Saved CSV: PZ12,Ding_8,Ding,8,refined_pair,0.6810812039212664,0.868721908712883,0,12_Ding_8_solution.pdb,12_Ding_8_refined.pdb
2026-03-10 00:29:27 	 RUN refined_pair target=12_Ding_9_solution.pdb model=12_Ding_9_refined.pdb -> id=Ding_9
2026-03-10 00:29:27 	 Docker cmd: docker run --rm -v D:\Studia\Projekty\gsp-lab:/work -v D:\Studia\Projekty\RNA_assessment:/rna_assessment -e RNA_ASSESSMENT_ROOT=/rna_assessment -e PYTHONPATH=/rna_assessment mcannotate-runtime python3 /work/src/utils/INF.py /work/data/finished/PZ12/pdb/12_Ding_9_solution.pdb /work/data/finished/PZ12/pdb/12_Ding_9_refined.pdb
2026-03-10 00:29:30 	 Docker exit code: 0
2026-03-10 00:29:30 	 Docker output length: 344
2026-03-10 00:29:30 	 Saved CSV: PZ12,Ding_9,Ding,9,refined_pair,0.6755339013952499,0.8572151502191163,0,12_Ding_9_solution.pdb,12_Ding_9_refined.pdb
2026-03-10 00:29:30 	 RUN refined_pair target=12_Kevin_1_solution.pdb model=12_Kevin_1_refined.pdb -> id=Kevin_1
2026-03-10 00:29:30 	 Docker cmd: docker run --rm -v D:\Studia\Projekty\gsp-lab:/work -v D:\Studia\Projekty\RNA_assessment:/rna_assessment -e RNA_ASSESSMENT_ROOT=/rna_assessment -e PYTHONPATH=/rna_assessment mcannotate-runtime python3 /work/src/utils/INF.py /work/data/finished/PZ12/pdb/12_Kevin_1_solution.pdb /work/data/finished/PZ12/pdb/12_Kevin_1_refined.pdb
2026-03-10 00:29:33 	 Docker exit code: 0
2026-03-10 00:29:33 	 Docker output length: 346
2026-03-10 00:29:33 	 Saved CSV: PZ12,Kevin_1,Kevin,1,refined_pair,0.6288499809704103,0.8002501172485685,0,12_Kevin_1_solution.pdb,12_Kevin_1_refined.pdb
2026-03-10 00:29:33 	 RUN refined_pair target=12_Kevin_2_solution.pdb model=12_Kevin_2_refined.pdb -> id=Kevin_2
2026-03-10 00:29:33 	 Docker cmd: docker run --rm -v D:\Studia\Projekty\gsp-lab:/work -v D:\Studia\Projekty\RNA_assessment:/rna_assessment -e RNA_ASSESSMENT_ROOT=/rna_assessment -e PYTHONPATH=/rna_assessment mcannotate-runtime python3 /work/src/utils/INF.py /work/data/finished/PZ12/pdb/12_Kevin_2_solution.pdb /work/data/finished/PZ12/pdb/12_Kevin_2_refined.pdb
2026-03-10 00:29:36 	 Docker exit code: 0
2026-03-10 00:29:36 	 Docker output length: 347
2026-03-10 00:29:36 	 Saved CSV: PZ12,Kevin_2,Kevin,2,refined_pair,0.6494672797679955,0.7906659377718412,0,12_Kevin_2_solution.pdb,12_Kevin_2_refined.pdb
2026-03-10 00:29:36 	 RUN refined_pair target=12_Kevin_3_solution.pdb model=12_Kevin_3_refined.pdb -> id=Kevin_3
2026-03-10 00:29:36 	 Docker cmd: docker run --rm -v D:\Studia\Projekty\gsp-lab:/work -v D:\Studia\Projekty\RNA_assessment:/rna_assessment -e RNA_ASSESSMENT_ROOT=/rna_assessment -e PYTHONPATH=/rna_assessment mcannotate-runtime python3 /work/src/utils/INF.py /work/data/finished/PZ12/pdb/12_Kevin_3_solution.pdb /work/data/finished/PZ12/pdb/12_Kevin_3_refined.pdb
2026-03-10 00:29:39 	 Docker exit code: 0
2026-03-10 00:29:39 	 Docker output length: 345
2026-03-10 00:29:39 	 Saved CSV: PZ12,Kevin_3,Kevin,3,refined_pair,0.6359888306543495,0.868721908712883,0,12_Kevin_3_solution.pdb,12_Kevin_3_refined.pdb
2026-03-10 00:29:39 	 RUN refined_pair target=12_Xiao_1_solution.pdb model=12_Xiao_1_refined.pdb -> id=Xiao_1
2026-03-10 00:29:39 	 Docker cmd: docker run --rm -v D:\Studia\Projekty\gsp-lab:/work -v D:\Studia\Projekty\RNA_assessment:/rna_assessment -e RNA_ASSESSMENT_ROOT=/rna_assessment -e PYTHONPATH=/rna_assessment mcannotate-runtime python3 /work/src/utils/INF.py /work/data/finished/PZ12/pdb/12_Xiao_1_solution.pdb /work/data/finished/PZ12/pdb/12_Xiao_1_refined.pdb
2026-03-10 00:29:41 	 Docker exit code: 0
2026-03-10 00:29:41 	 Docker output length: 347
2026-03-10 00:29:41 	 Saved CSV: PZ12,Xiao_1,Xiao,1,refined_pair,0.3905604762165116,0.29235267310234303,0,12_Xiao_1_solution.pdb,12_Xiao_1_refined.pdb
2026-03-10 00:29:41 	 RUN refined_pair target=12_Xiao_2_solution.pdb model=12_Xiao_2_refined.pdb -> id=Xiao_2
2026-03-10 00:29:42 	 Docker cmd: docker run --rm -v D:\Studia\Projekty\gsp-lab:/work -v D:\Studia\Projekty\RNA_assessment:/rna_assessment -e RNA_ASSESSMENT_ROOT=/rna_assessment -e PYTHONPATH=/rna_assessment mcannotate-runtime python3 /work/src/utils/INF.py /work/data/finished/PZ12/pdb/12_Xiao_2_solution.pdb /work/data/finished/PZ12/pdb/12_Xiao_2_refined.pdb
2026-03-10 00:29:45 	 Docker exit code: 0
2026-03-10 00:29:45 	 Docker output length: 344
2026-03-10 00:29:45 	 Saved CSV: PZ12,Xiao_2,Xiao,2,refined_pair,0.400130434141638,0.29235267310234303,0,12_Xiao_2_solution.pdb,12_Xiao_2_refined.pdb
2026-03-10 00:29:45 	 RUN refined_pair target=12_Xiao_3_solution.pdb model=12_Xiao_3_refined.pdb -> id=Xiao_3
2026-03-10 00:29:45 	 Docker cmd: docker run --rm -v D:\Studia\Projekty\gsp-lab:/work -v D:\Studia\Projekty\RNA_assessment:/rna_assessment -e RNA_ASSESSMENT_ROOT=/rna_assessment -e PYTHONPATH=/rna_assessment mcannotate-runtime python3 /work/src/utils/INF.py /work/data/finished/PZ12/pdb/12_Xiao_3_solution.pdb /work/data/finished/PZ12/pdb/12_Xiao_3_refined.pdb
2026-03-10 00:29:50 	 Docker exit code: 0
2026-03-10 00:29:50 	 Docker output length: 345
2026-03-10 00:29:50 	 Saved CSV: PZ12,Xiao_3,Xiao,3,refined_pair,0.48387304836597844,0.4841820261350419,0,12_Xiao_3_solution.pdb,12_Xiao_3_refined.pdb
2026-03-10 00:29:50 	 SKIP (model is a solution file): 12_Adamiak_1_solution.pdb
2026-03-10 00:29:50 	 SKIP (model is a solution file): 12_Adamiak_2_solution.pdb
2026-03-10 00:29:50 	 SKIP (model is a solution file): 12_Adamiak_3_solution.pdb
2026-03-10 00:29:50 	 SKIP (model is a solution file): 12_Bujnicki_1_solution.pdb
2026-03-10 00:29:50 	 SKIP (model is a solution file): 12_Bujnicki_10_solution.pdb
2026-03-10 00:29:50 	 SKIP (model is a solution file): 12_Bujnicki_2_solution.pdb
2026-03-10 00:29:50 	 SKIP (model is a solution file): 12_Bujnicki_3_solution.pdb
2026-03-10 00:29:50 	 SKIP (model is a solution file): 12_Bujnicki_4_solution.pdb
2026-03-10 00:29:50 	 SKIP (model is a solution file): 12_Bujnicki_5_solution.pdb
2026-03-10 00:29:50 	 SKIP (model is a solution file): 12_Bujnicki_6_solution.pdb
2026-03-10 00:29:50 	 SKIP (model is a solution file): 12_Bujnicki_7_solution.pdb
2026-03-10 00:29:50 	 SKIP (model is a solution file): 12_Bujnicki_8_solution.pdb
2026-03-10 00:29:50 	 SKIP (model is a solution file): 12_Bujnicki_9_solution.pdb
2026-03-10 00:29:50 	 SKIP (model is a solution file): 12_Chen_1_solution.pdb
2026-03-10 00:29:50 	 SKIP (model is a solution file): 12_Chen_10_solution.pdb
2026-03-10 00:29:50 	 SKIP (model is a solution file): 12_Chen_2_solution.pdb
2026-03-10 00:29:50 	 SKIP (model is a solution file): 12_Chen_3_solution.pdb
2026-03-10 00:29:50 	 SKIP (model is a solution file): 12_Chen_4_solution.pdb
2026-03-10 00:29:50 	 SKIP (model is a solution file): 12_Chen_5_solution.pdb
2026-03-10 00:29:50 	 SKIP (model is a solution file): 12_Chen_6_solution.pdb
2026-03-10 00:29:50 	 SKIP (model is a solution file): 12_Chen_7_solution.pdb
2026-03-10 00:29:50 	 SKIP (model is a solution file): 12_Chen_8_solution.pdb
2026-03-10 00:29:50 	 SKIP (model is a solution file): 12_Chen_9_solution.pdb
2026-03-10 00:29:50 	 SKIP (model is a solution file): 12_Das_1_solution.pdb
2026-03-10 00:29:50 	 SKIP (model is a solution file): 12_Das_10_solution.pdb
2026-03-10 00:29:50 	 SKIP (model is a solution file): 12_Das_2_solution.pdb
2026-03-10 00:29:50 	 SKIP (model is a solution file): 12_Das_3_solution.pdb
2026-03-10 00:29:50 	 SKIP (model is a solution file): 12_Das_4_solution.pdb
2026-03-10 00:29:50 	 SKIP (model is a solution file): 12_Das_5_solution.pdb
2026-03-10 00:29:50 	 SKIP (model is a solution file): 12_Das_6_solution.pdb
2026-03-10 00:29:50 	 SKIP (model is a solution file): 12_Das_7_solution.pdb
2026-03-10 00:29:50 	 SKIP (model is a solution file): 12_Das_8_solution.pdb
2026-03-10 00:29:50 	 SKIP (model is a solution file): 12_Das_9_solution.pdb
2026-03-10 00:29:50 	 SKIP (model is a solution file): 12_Ding_1_solution.pdb
2026-03-10 00:29:50 	 SKIP (model is a solution file): 12_Ding_10_solution.pdb
2026-03-10 00:29:50 	 SKIP (model is a solution file): 12_Ding_11_solution.pdb
2026-03-10 00:29:50 	 SKIP (model is a solution file): 12_Ding_12_solution.pdb
2026-03-10 00:29:50 	 SKIP (model is a solution file): 12_Ding_2_solution.pdb
2026-03-10 00:29:50 	 SKIP (model is a solution file): 12_Ding_3_solution.pdb
2026-03-10 00:29:50 	 SKIP (model is a solution file): 12_Ding_4_solution.pdb
2026-03-10 00:29:50 	 SKIP (model is a solution file): 12_Ding_5_solution.pdb
2026-03-10 00:29:50 	 SKIP (model is a solution file): 12_Ding_6_solution.pdb
2026-03-10 00:29:50 	 SKIP (model is a solution file): 12_Ding_7_solution.pdb
2026-03-10 00:29:51 	 SKIP (model is a solution file): 12_Ding_8_solution.pdb
2026-03-10 00:29:51 	 SKIP (model is a solution file): 12_Ding_9_solution.pdb
2026-03-10 00:29:51 	 SKIP (model is a solution file): 12_Kevin_1_solution.pdb
2026-03-10 00:29:51 	 SKIP (model is a solution file): 12_Kevin_2_solution.pdb
2026-03-10 00:29:51 	 SKIP (model is a solution file): 12_Kevin_3_solution.pdb
2026-03-10 00:29:51 	 SKIP (model is a solution file): 12_Xiao_1_solution.pdb
2026-03-10 00:29:51 	 SKIP (model is a solution file): 12_Xiao_2_solution.pdb
2026-03-10 00:29:51 	 SKIP (model is a solution file): 12_Xiao_3_solution.pdb
2026-03-10 00:29:51 	 DONE case: PZ12
2026-03-10 01:12:38 	 START case: PZ12
2026-03-10 01:12:38 	 caseDir: D:\Studia\Projekty\gsp-lab\data\finished\PZ12
2026-03-10 01:12:38 	 pdbDir: D:\Studia\Projekty\gsp-lab\data\finished\PZ12\pdb
2026-03-10 01:12:38 	 Found pdb count: 102
2026-03-10 01:12:38 	 Global solution: 12_Adamiak_1_solution.pdb
2026-03-10 01:12:38 	 SKIP already recorded (refined): Adamiak_1
2026-03-10 01:12:38 	 SKIP already recorded (refined): Adamiak_2
2026-03-10 01:12:38 	 SKIP already recorded (refined): Adamiak_3
2026-03-10 01:12:38 	 SKIP already recorded (refined): Bujnicki_1
2026-03-10 01:12:38 	 SKIP already recorded (refined): Bujnicki_10
2026-03-10 01:12:38 	 SKIP already recorded (refined): Bujnicki_2
2026-03-10 01:12:38 	 SKIP already recorded (refined): Bujnicki_3
2026-03-10 01:12:38 	 SKIP already recorded (refined): Bujnicki_4
2026-03-10 01:12:38 	 SKIP already recorded (refined): Bujnicki_5
2026-03-10 01:12:38 	 SKIP already recorded (refined): Bujnicki_6
2026-03-10 01:12:38 	 SKIP already recorded (refined): Bujnicki_7
2026-03-10 01:12:38 	 SKIP already recorded (refined): Bujnicki_8
2026-03-10 01:12:38 	 SKIP already recorded (refined): Bujnicki_9
2026-03-10 01:12:38 	 SKIP already recorded (refined): Chen_1
2026-03-10 01:12:38 	 SKIP already recorded (refined): Chen_10
2026-03-10 01:12:38 	 SKIP already recorded (refined): Chen_2
2026-03-10 01:12:38 	 SKIP already recorded (refined): Chen_3
2026-03-10 01:12:38 	 SKIP already recorded (refined): Chen_4
2026-03-10 01:12:38 	 SKIP already recorded (refined): Chen_5
2026-03-10 01:12:38 	 SKIP already recorded (refined): Chen_6
2026-03-10 01:12:38 	 SKIP already recorded (refined): Chen_7
2026-03-10 01:12:38 	 SKIP already recorded (refined): Chen_8
2026-03-10 01:12:39 	 SKIP already recorded (refined): Chen_9
2026-03-10 01:12:39 	 SKIP already recorded (refined): Das_1
2026-03-10 01:12:39 	 SKIP already recorded (refined): Das_10
2026-03-10 01:12:39 	 SKIP already recorded (refined): Das_2
2026-03-10 01:12:39 	 SKIP already recorded (refined): Das_3
2026-03-10 01:12:39 	 SKIP already recorded (refined): Das_4
2026-03-10 01:12:39 	 SKIP already recorded (refined): Das_5
2026-03-10 01:12:39 	 SKIP already recorded (refined): Das_6
2026-03-10 01:12:39 	 SKIP already recorded (refined): Das_7
2026-03-10 01:12:39 	 SKIP already recorded (refined): Das_8
2026-03-10 01:12:39 	 SKIP already recorded (refined): Das_9
2026-03-10 01:12:39 	 SKIP already recorded (refined): Ding_1
2026-03-10 01:12:39 	 SKIP already recorded (refined): Ding_10
2026-03-10 01:12:39 	 SKIP already recorded (refined): Ding_11
2026-03-10 01:12:39 	 SKIP already recorded (refined): Ding_12
2026-03-10 01:12:39 	 SKIP already recorded (refined): Ding_2
2026-03-10 01:12:39 	 SKIP already recorded (refined): Ding_3
2026-03-10 01:12:39 	 SKIP already recorded (refined): Ding_4
2026-03-10 01:12:39 	 SKIP already recorded (refined): Ding_5
2026-03-10 01:12:39 	 SKIP already recorded (refined): Ding_6
2026-03-10 01:12:39 	 SKIP already recorded (refined): Ding_7
2026-03-10 01:12:39 	 SKIP already recorded (refined): Ding_8
2026-03-10 01:12:39 	 SKIP already recorded (refined): Ding_9
2026-03-10 01:12:39 	 SKIP already recorded (refined): Kevin_1
2026-03-10 01:12:39 	 SKIP already recorded (refined): Kevin_2
2026-03-10 01:12:39 	 SKIP already recorded (refined): Kevin_3
2026-03-10 01:12:39 	 SKIP already recorded (refined): Xiao_1
2026-03-10 01:12:39 	 SKIP already recorded (refined): Xiao_2
2026-03-10 01:12:39 	 SKIP already recorded (refined): Xiao_3
2026-03-10 01:12:39 	 SKIP (model is a solution file): 12_Adamiak_1_solution.pdb
2026-03-10 01:12:39 	 SKIP (model is a solution file): 12_Adamiak_2_solution.pdb
2026-03-10 01:12:39 	 SKIP (model is a solution file): 12_Adamiak_3_solution.pdb
2026-03-10 01:12:39 	 SKIP (model is a solution file): 12_Bujnicki_1_solution.pdb
2026-03-10 01:12:39 	 SKIP (model is a solution file): 12_Bujnicki_10_solution.pdb
2026-03-10 01:12:39 	 SKIP (model is a solution file): 12_Bujnicki_2_solution.pdb
2026-03-10 01:12:39 	 SKIP (model is a solution file): 12_Bujnicki_3_solution.pdb
2026-03-10 01:12:39 	 SKIP (model is a solution file): 12_Bujnicki_4_solution.pdb
2026-03-10 01:12:39 	 SKIP (model is a solution file): 12_Bujnicki_5_solution.pdb
2026-03-10 01:12:39 	 SKIP (model is a solution file): 12_Bujnicki_6_solution.pdb
2026-03-10 01:12:39 	 SKIP (model is a solution file): 12_Bujnicki_7_solution.pdb
2026-03-10 01:12:39 	 SKIP (model is a solution file): 12_Bujnicki_8_solution.pdb
2026-03-10 01:12:39 	 SKIP (model is a solution file): 12_Bujnicki_9_solution.pdb
2026-03-10 01:12:39 	 SKIP (model is a solution file): 12_Chen_1_solution.pdb
2026-03-10 01:12:39 	 SKIP (model is a solution file): 12_Chen_10_solution.pdb
2026-03-10 01:12:39 	 SKIP (model is a solution file): 12_Chen_2_solution.pdb
2026-03-10 01:12:39 	 SKIP (model is a solution file): 12_Chen_3_solution.pdb
2026-03-10 01:12:39 	 SKIP (model is a solution file): 12_Chen_4_solution.pdb
2026-03-10 01:12:39 	 SKIP (model is a solution file): 12_Chen_5_solution.pdb
2026-03-10 01:12:39 	 SKIP (model is a solution file): 12_Chen_6_solution.pdb
2026-03-10 01:12:39 	 SKIP (model is a solution file): 12_Chen_7_solution.pdb
2026-03-10 01:12:39 	 SKIP (model is a solution file): 12_Chen_8_solution.pdb
2026-03-10 01:12:39 	 SKIP (model is a solution file): 12_Chen_9_solution.pdb
2026-03-10 01:12:39 	 SKIP (model is a solution file): 12_Das_1_solution.pdb
2026-03-10 01:12:39 	 SKIP (model is a solution file): 12_Das_10_solution.pdb
2026-03-10 01:12:39 	 SKIP (model is a solution file): 12_Das_2_solution.pdb
2026-03-10 01:12:39 	 SKIP (model is a solution file): 12_Das_3_solution.pdb
2026-03-10 01:12:39 	 SKIP (model is a solution file): 12_Das_4_solution.pdb
2026-03-10 01:12:39 	 SKIP (model is a solution file): 12_Das_5_solution.pdb
2026-03-10 01:12:39 	 SKIP (model is a solution file): 12_Das_6_solution.pdb
2026-03-10 01:12:39 	 SKIP (model is a solution file): 12_Das_7_solution.pdb
2026-03-10 01:12:39 	 SKIP (model is a solution file): 12_Das_8_solution.pdb
2026-03-10 01:12:39 	 SKIP (model is a solution file): 12_Das_9_solution.pdb
2026-03-10 01:12:39 	 SKIP (model is a solution file): 12_Ding_1_solution.pdb
2026-03-10 01:12:39 	 SKIP (model is a solution file): 12_Ding_10_solution.pdb
2026-03-10 01:12:39 	 SKIP (model is a solution file): 12_Ding_11_solution.pdb
2026-03-10 01:12:39 	 SKIP (model is a solution file): 12_Ding_12_solution.pdb
2026-03-10 01:12:39 	 SKIP (model is a solution file): 12_Ding_2_solution.pdb
2026-03-10 01:12:39 	 SKIP (model is a solution file): 12_Ding_3_solution.pdb
2026-03-10 01:12:39 	 SKIP (model is a solution file): 12_Ding_4_solution.pdb
2026-03-10 01:12:39 	 SKIP (model is a solution file): 12_Ding_5_solution.pdb
2026-03-10 01:12:39 	 SKIP (model is a solution file): 12_Ding_6_solution.pdb
2026-03-10 01:12:39 	 SKIP (model is a solution file): 12_Ding_7_solution.pdb
2026-03-10 01:12:39 	 SKIP (model is a solution file): 12_Ding_8_solution.pdb
2026-03-10 01:12:39 	 SKIP (model is a solution file): 12_Ding_9_solution.pdb
2026-03-10 01:12:39 	 SKIP (model is a solution file): 12_Kevin_1_solution.pdb
2026-03-10 01:12:39 	 SKIP (model is a solution file): 12_Kevin_2_solution.pdb
2026-03-10 01:12:40 	 SKIP (model is a solution file): 12_Kevin_3_solution.pdb
2026-03-10 01:12:40 	 SKIP (model is a solution file): 12_Xiao_1_solution.pdb
2026-03-10 01:12:40 	 SKIP (model is a solution file): 12_Xiao_2_solution.pdb
2026-03-10 01:12:40 	 SKIP (model is a solution file): 12_Xiao_3_solution.pdb
2026-03-10 01:12:40 	 DONE case: PZ12
2026-03-10 01:17:22 	 START case: PZ12
2026-03-10 01:17:22 	 caseDir: D:\Studia\Projekty\gsp-lab\data\finished\PZ12
2026-03-10 01:17:23 	 pdbDir: D:\Studia\Projekty\gsp-lab\data\finished\PZ12\pdb
2026-03-10 01:17:23 	 Found pdb count: 102
2026-03-10 01:17:23 	 Global solution: 12_Adamiak_1_solution.pdb
2026-03-10 01:17:23 	 SKIP already recorded (refined): Adamiak_1
2026-03-10 01:17:23 	 SKIP already recorded (refined): Adamiak_2
2026-03-10 01:17:23 	 SKIP already recorded (refined): Adamiak_3
2026-03-10 01:17:23 	 SKIP already recorded (refined): Bujnicki_1
2026-03-10 01:17:23 	 SKIP already recorded (refined): Bujnicki_10
2026-03-10 01:17:23 	 SKIP already recorded (refined): Bujnicki_2
2026-03-10 01:17:23 	 SKIP already recorded (refined): Bujnicki_3
2026-03-10 01:17:23 	 SKIP already recorded (refined): Bujnicki_4
2026-03-10 01:17:23 	 SKIP already recorded (refined): Bujnicki_5
2026-03-10 01:17:23 	 SKIP already recorded (refined): Bujnicki_6
2026-03-10 01:17:23 	 SKIP already recorded (refined): Bujnicki_7
2026-03-10 01:17:23 	 SKIP already recorded (refined): Bujnicki_8
2026-03-10 01:17:23 	 SKIP already recorded (refined): Bujnicki_9
2026-03-10 01:17:23 	 SKIP already recorded (refined): Chen_1
2026-03-10 01:17:23 	 SKIP already recorded (refined): Chen_10
2026-03-10 01:17:23 	 SKIP already recorded (refined): Chen_2
2026-03-10 01:17:23 	 SKIP already recorded (refined): Chen_3
2026-03-10 01:17:23 	 SKIP already recorded (refined): Chen_4
2026-03-10 01:17:23 	 SKIP already recorded (refined): Chen_5
2026-03-10 01:17:23 	 SKIP already recorded (refined): Chen_6
2026-03-10 01:17:23 	 SKIP already recorded (refined): Chen_7
2026-03-10 01:17:23 	 SKIP already recorded (refined): Chen_8
2026-03-10 01:17:23 	 SKIP already recorded (refined): Chen_9
2026-03-10 01:17:23 	 SKIP already recorded (refined): Das_1
2026-03-10 01:17:23 	 SKIP already recorded (refined): Das_10
2026-03-10 01:17:23 	 SKIP already recorded (refined): Das_2
2026-03-10 01:17:23 	 SKIP already recorded (refined): Das_3
2026-03-10 01:17:23 	 SKIP already recorded (refined): Das_4
2026-03-10 01:17:23 	 SKIP already recorded (refined): Das_5
2026-03-10 01:17:23 	 SKIP already recorded (refined): Das_6
2026-03-10 01:17:23 	 SKIP already recorded (refined): Das_7
2026-03-10 01:17:23 	 SKIP already recorded (refined): Das_8
2026-03-10 01:17:23 	 SKIP already recorded (refined): Das_9
2026-03-10 01:17:23 	 SKIP already recorded (refined): Ding_1
2026-03-10 01:17:23 	 SKIP already recorded (refined): Ding_10
2026-03-10 01:17:23 	 SKIP already recorded (refined): Ding_11
2026-03-10 01:17:23 	 SKIP already recorded (refined): Ding_12
2026-03-10 01:17:23 	 SKIP already recorded (refined): Ding_2
2026-03-10 01:17:23 	 SKIP already recorded (refined): Ding_3
2026-03-10 01:17:23 	 SKIP already recorded (refined): Ding_4
2026-03-10 01:17:23 	 SKIP already recorded (refined): Ding_5
2026-03-10 01:17:23 	 SKIP already recorded (refined): Ding_6
2026-03-10 01:17:23 	 SKIP already recorded (refined): Ding_7
2026-03-10 01:17:23 	 SKIP already recorded (refined): Ding_8
2026-03-10 01:17:23 	 SKIP already recorded (refined): Ding_9
2026-03-10 01:17:23 	 SKIP already recorded (refined): Kevin_1
2026-03-10 01:17:23 	 SKIP already recorded (refined): Kevin_2
2026-03-10 01:17:23 	 SKIP already recorded (refined): Kevin_3
2026-03-10 01:17:23 	 SKIP already recorded (refined): Xiao_1
2026-03-10 01:17:23 	 SKIP already recorded (refined): Xiao_2
2026-03-10 01:17:23 	 SKIP already recorded (refined): Xiao_3
2026-03-10 01:17:23 	 SKIP (model is a solution file): 12_Adamiak_1_solution.pdb
2026-03-10 01:17:24 	 SKIP (model is a solution file): 12_Adamiak_2_solution.pdb
2026-03-10 01:17:24 	 SKIP (model is a solution file): 12_Adamiak_3_solution.pdb
2026-03-10 01:17:24 	 SKIP (model is a solution file): 12_Bujnicki_1_solution.pdb
2026-03-10 01:17:24 	 SKIP (model is a solution file): 12_Bujnicki_10_solution.pdb
2026-03-10 01:17:24 	 SKIP (model is a solution file): 12_Bujnicki_2_solution.pdb
2026-03-10 01:17:24 	 SKIP (model is a solution file): 12_Bujnicki_3_solution.pdb
2026-03-10 01:17:24 	 SKIP (model is a solution file): 12_Bujnicki_4_solution.pdb
2026-03-10 01:17:24 	 SKIP (model is a solution file): 12_Bujnicki_5_solution.pdb
2026-03-10 01:17:24 	 SKIP (model is a solution file): 12_Bujnicki_6_solution.pdb
2026-03-10 01:17:24 	 SKIP (model is a solution file): 12_Bujnicki_7_solution.pdb
2026-03-10 01:17:24 	 SKIP (model is a solution file): 12_Bujnicki_8_solution.pdb
2026-03-10 01:17:24 	 SKIP (model is a solution file): 12_Bujnicki_9_solution.pdb
2026-03-10 01:17:24 	 SKIP (model is a solution file): 12_Chen_1_solution.pdb
2026-03-10 01:17:24 	 SKIP (model is a solution file): 12_Chen_10_solution.pdb
2026-03-10 01:17:24 	 SKIP (model is a solution file): 12_Chen_2_solution.pdb
2026-03-10 01:17:24 	 SKIP (model is a solution file): 12_Chen_3_solution.pdb
2026-03-10 01:17:24 	 SKIP (model is a solution file): 12_Chen_4_solution.pdb
2026-03-10 01:17:24 	 SKIP (model is a solution file): 12_Chen_5_solution.pdb
2026-03-10 01:17:24 	 SKIP (model is a solution file): 12_Chen_6_solution.pdb
2026-03-10 01:17:24 	 SKIP (model is a solution file): 12_Chen_7_solution.pdb
2026-03-10 01:17:24 	 SKIP (model is a solution file): 12_Chen_8_solution.pdb
2026-03-10 01:17:24 	 SKIP (model is a solution file): 12_Chen_9_solution.pdb
2026-03-10 01:17:24 	 SKIP (model is a solution file): 12_Das_1_solution.pdb
2026-03-10 01:17:24 	 SKIP (model is a solution file): 12_Das_10_solution.pdb
2026-03-10 01:17:24 	 SKIP (model is a solution file): 12_Das_2_solution.pdb
2026-03-10 01:17:24 	 SKIP (model is a solution file): 12_Das_3_solution.pdb
2026-03-10 01:17:24 	 SKIP (model is a solution file): 12_Das_4_solution.pdb
2026-03-10 01:17:24 	 SKIP (model is a solution file): 12_Das_5_solution.pdb
2026-03-10 01:17:24 	 SKIP (model is a solution file): 12_Das_6_solution.pdb
2026-03-10 01:17:24 	 SKIP (model is a solution file): 12_Das_7_solution.pdb
2026-03-10 01:17:24 	 SKIP (model is a solution file): 12_Das_8_solution.pdb
2026-03-10 01:17:24 	 SKIP (model is a solution file): 12_Das_9_solution.pdb
2026-03-10 01:17:24 	 SKIP (model is a solution file): 12_Ding_1_solution.pdb
2026-03-10 01:17:24 	 SKIP (model is a solution file): 12_Ding_10_solution.pdb
2026-03-10 01:17:24 	 SKIP (model is a solution file): 12_Ding_11_solution.pdb
2026-03-10 01:17:24 	 SKIP (model is a solution file): 12_Ding_12_solution.pdb
2026-03-10 01:17:24 	 SKIP (model is a solution file): 12_Ding_2_solution.pdb
2026-03-10 01:17:24 	 SKIP (model is a solution file): 12_Ding_3_solution.pdb
2026-03-10 01:17:24 	 SKIP (model is a solution file): 12_Ding_4_solution.pdb
2026-03-10 01:17:24 	 SKIP (model is a solution file): 12_Ding_5_solution.pdb
2026-03-10 01:17:24 	 SKIP (model is a solution file): 12_Ding_6_solution.pdb
2026-03-10 01:17:24 	 SKIP (model is a solution file): 12_Ding_7_solution.pdb
2026-03-10 01:17:24 	 SKIP (model is a solution file): 12_Ding_8_solution.pdb
2026-03-10 01:17:24 	 SKIP (model is a solution file): 12_Ding_9_solution.pdb
2026-03-10 01:17:24 	 SKIP (model is a solution file): 12_Kevin_1_solution.pdb
2026-03-10 01:17:24 	 SKIP (model is a solution file): 12_Kevin_2_solution.pdb
2026-03-10 01:17:24 	 SKIP (model is a solution file): 12_Kevin_3_solution.pdb
2026-03-10 01:17:24 	 SKIP (model is a solution file): 12_Xiao_1_solution.pdb
2026-03-10 01:17:24 	 SKIP (model is a solution file): 12_Xiao_2_solution.pdb
2026-03-10 01:17:24 	 SKIP (model is a solution file): 12_Xiao_3_solution.pdb
2026-03-10 01:17:24 	 DONE case: PZ12
2026-03-10 01:21:49 	 START case: PZ12
2026-03-10 01:21:49 	 caseDir: D:\Studia\Projekty\gsp-lab\data\finished\PZ12
2026-03-10 01:21:49 	 pdbDir: D:\Studia\Projekty\gsp-lab\data\finished\PZ12\pdb
2026-03-10 01:21:49 	 Found pdb count: 102
2026-03-10 01:21:49 	 Global solution: 12_Adamiak_1_solution.pdb
2026-03-10 01:21:49 	 SKIP already recorded (refined): Adamiak_1
2026-03-10 01:21:49 	 SKIP already recorded (refined): Adamiak_2
2026-03-10 01:21:49 	 SKIP already recorded (refined): Adamiak_3
2026-03-10 01:21:49 	 SKIP already recorded (refined): Bujnicki_1
2026-03-10 01:21:49 	 SKIP already recorded (refined): Bujnicki_10
2026-03-10 01:21:49 	 SKIP already recorded (refined): Bujnicki_2
2026-03-10 01:21:49 	 SKIP already recorded (refined): Bujnicki_3
2026-03-10 01:21:49 	 SKIP already recorded (refined): Bujnicki_4
2026-03-10 01:21:50 	 SKIP already recorded (refined): Bujnicki_5
2026-03-10 01:21:50 	 SKIP already recorded (refined): Bujnicki_6
2026-03-10 01:21:50 	 SKIP already recorded (refined): Bujnicki_7
2026-03-10 01:21:50 	 SKIP already recorded (refined): Bujnicki_8
2026-03-10 01:21:50 	 SKIP already recorded (refined): Bujnicki_9
2026-03-10 01:21:50 	 SKIP already recorded (refined): Chen_1
2026-03-10 01:21:50 	 SKIP already recorded (refined): Chen_10
2026-03-10 01:21:50 	 SKIP already recorded (refined): Chen_2
2026-03-10 01:21:50 	 SKIP already recorded (refined): Chen_3
2026-03-10 01:21:50 	 SKIP already recorded (refined): Chen_4
2026-03-10 01:21:50 	 SKIP already recorded (refined): Chen_5
2026-03-10 01:21:50 	 SKIP already recorded (refined): Chen_6
2026-03-10 01:21:50 	 SKIP already recorded (refined): Chen_7
2026-03-10 01:21:50 	 SKIP already recorded (refined): Chen_8
2026-03-10 01:21:50 	 SKIP already recorded (refined): Chen_9
2026-03-10 01:21:50 	 SKIP already recorded (refined): Das_1
2026-03-10 01:21:50 	 SKIP already recorded (refined): Das_10
2026-03-10 01:21:50 	 SKIP already recorded (refined): Das_2
2026-03-10 01:21:50 	 SKIP already recorded (refined): Das_3
2026-03-10 01:21:50 	 SKIP already recorded (refined): Das_4
2026-03-10 01:21:50 	 SKIP already recorded (refined): Das_5
2026-03-10 01:21:50 	 SKIP already recorded (refined): Das_6
2026-03-10 01:21:50 	 SKIP already recorded (refined): Das_7
2026-03-10 01:21:50 	 SKIP already recorded (refined): Das_8
2026-03-10 01:21:50 	 SKIP already recorded (refined): Das_9
2026-03-10 01:21:50 	 SKIP already recorded (refined): Ding_1
2026-03-10 01:21:50 	 SKIP already recorded (refined): Ding_10
2026-03-10 01:21:50 	 SKIP already recorded (refined): Ding_11
2026-03-10 01:21:50 	 SKIP already recorded (refined): Ding_12
2026-03-10 01:21:50 	 SKIP already recorded (refined): Ding_2
2026-03-10 01:21:50 	 SKIP already recorded (refined): Ding_3
2026-03-10 01:21:50 	 SKIP already recorded (refined): Ding_4
2026-03-10 01:21:50 	 SKIP already recorded (refined): Ding_5
2026-03-10 01:21:50 	 SKIP already recorded (refined): Ding_6
2026-03-10 01:21:50 	 SKIP already recorded (refined): Ding_7
2026-03-10 01:21:50 	 SKIP already recorded (refined): Ding_8
2026-03-10 01:21:50 	 SKIP already recorded (refined): Ding_9
2026-03-10 01:21:50 	 SKIP already recorded (refined): Kevin_1
2026-03-10 01:21:50 	 SKIP already recorded (refined): Kevin_2
2026-03-10 01:21:50 	 SKIP already recorded (refined): Kevin_3
2026-03-10 01:21:50 	 SKIP already recorded (refined): Xiao_1
2026-03-10 01:21:50 	 SKIP already recorded (refined): Xiao_2
2026-03-10 01:21:50 	 SKIP already recorded (refined): Xiao_3
2026-03-10 01:21:50 	 SKIP (model is a solution file): 12_Adamiak_1_solution.pdb
2026-03-10 01:21:51 	 SKIP (model is a solution file): 12_Adamiak_2_solution.pdb
2026-03-10 01:21:51 	 SKIP (model is a solution file): 12_Adamiak_3_solution.pdb
2026-03-10 01:21:51 	 SKIP (model is a solution file): 12_Bujnicki_1_solution.pdb
2026-03-10 01:21:51 	 SKIP (model is a solution file): 12_Bujnicki_10_solution.pdb
2026-03-10 01:21:51 	 SKIP (model is a solution file): 12_Bujnicki_2_solution.pdb
2026-03-10 01:21:51 	 SKIP (model is a solution file): 12_Bujnicki_3_solution.pdb
2026-03-10 01:21:51 	 SKIP (model is a solution file): 12_Bujnicki_4_solution.pdb
2026-03-10 01:21:51 	 SKIP (model is a solution file): 12_Bujnicki_5_solution.pdb
2026-03-10 01:21:51 	 SKIP (model is a solution file): 12_Bujnicki_6_solution.pdb
2026-03-10 01:21:51 	 SKIP (model is a solution file): 12_Bujnicki_7_solution.pdb
2026-03-10 01:21:51 	 SKIP (model is a solution file): 12_Bujnicki_8_solution.pdb
2026-03-10 01:21:51 	 SKIP (model is a solution file): 12_Bujnicki_9_solution.pdb
2026-03-10 01:21:51 	 SKIP (model is a solution file): 12_Chen_1_solution.pdb
2026-03-10 01:21:51 	 SKIP (model is a solution file): 12_Chen_10_solution.pdb
2026-03-10 01:21:51 	 SKIP (model is a solution file): 12_Chen_2_solution.pdb
2026-03-10 01:21:51 	 SKIP (model is a solution file): 12_Chen_3_solution.pdb
2026-03-10 01:21:51 	 SKIP (model is a solution file): 12_Chen_4_solution.pdb
2026-03-10 01:21:51 	 SKIP (model is a solution file): 12_Chen_5_solution.pdb
2026-03-10 01:21:51 	 SKIP (model is a solution file): 12_Chen_6_solution.pdb
2026-03-10 01:21:51 	 SKIP (model is a solution file): 12_Chen_7_solution.pdb
2026-03-10 01:21:51 	 SKIP (model is a solution file): 12_Chen_8_solution.pdb
2026-03-10 01:21:51 	 SKIP (model is a solution file): 12_Chen_9_solution.pdb
2026-03-10 01:21:51 	 SKIP (model is a solution file): 12_Das_1_solution.pdb
2026-03-10 01:21:51 	 SKIP (model is a solution file): 12_Das_10_solution.pdb
2026-03-10 01:21:51 	 SKIP (model is a solution file): 12_Das_2_solution.pdb
2026-03-10 01:21:51 	 SKIP (model is a solution file): 12_Das_3_solution.pdb
2026-03-10 01:21:51 	 SKIP (model is a solution file): 12_Das_4_solution.pdb
2026-03-10 01:21:51 	 SKIP (model is a solution file): 12_Das_5_solution.pdb
2026-03-10 01:21:51 	 SKIP (model is a solution file): 12_Das_6_solution.pdb
2026-03-10 01:21:51 	 SKIP (model is a solution file): 12_Das_7_solution.pdb
2026-03-10 01:21:51 	 SKIP (model is a solution file): 12_Das_8_solution.pdb
2026-03-10 01:21:51 	 SKIP (model is a solution file): 12_Das_9_solution.pdb
2026-03-10 01:21:51 	 SKIP (model is a solution file): 12_Ding_1_solution.pdb
2026-03-10 01:21:51 	 SKIP (model is a solution file): 12_Ding_10_solution.pdb
2026-03-10 01:21:51 	 SKIP (model is a solution file): 12_Ding_11_solution.pdb
2026-03-10 01:21:51 	 SKIP (model is a solution file): 12_Ding_12_solution.pdb
2026-03-10 01:21:51 	 SKIP (model is a solution file): 12_Ding_2_solution.pdb
2026-03-10 01:21:51 	 SKIP (model is a solution file): 12_Ding_3_solution.pdb
2026-03-10 01:21:51 	 SKIP (model is a solution file): 12_Ding_4_solution.pdb
2026-03-10 01:21:51 	 SKIP (model is a solution file): 12_Ding_5_solution.pdb
2026-03-10 01:21:51 	 SKIP (model is a solution file): 12_Ding_6_solution.pdb
2026-03-10 01:21:51 	 SKIP (model is a solution file): 12_Ding_7_solution.pdb
2026-03-10 01:21:51 	 SKIP (model is a solution file): 12_Ding_8_solution.pdb
2026-03-10 01:21:51 	 SKIP (model is a solution file): 12_Ding_9_solution.pdb
2026-03-10 01:21:51 	 SKIP (model is a solution file): 12_Kevin_1_solution.pdb
2026-03-10 01:21:51 	 SKIP (model is a solution file): 12_Kevin_2_solution.pdb
2026-03-10 01:21:51 	 SKIP (model is a solution file): 12_Kevin_3_solution.pdb
2026-03-10 01:21:51 	 SKIP (model is a solution file): 12_Xiao_1_solution.pdb
2026-03-10 01:21:51 	 SKIP (model is a solution file): 12_Xiao_2_solution.pdb
2026-03-10 01:21:51 	 SKIP (model is a solution file): 12_Xiao_3_solution.pdb
2026-03-10 01:21:51 	 DONE case: PZ12
