2026-03-10 00:27:23 	 START case: PZ13
2026-03-10 00:27:23 	 caseDir: D:\Studia\Projekty\gsp-lab\data\finished\PZ13
2026-03-10 00:27:23 	 pdbDir: D:\Studia\Projekty\gsp-lab\data\finished\PZ13\pdb
2026-03-10 00:27:23 	 Found pdb count: 110
2026-03-10 00:27:23 	 Global solution: 13_Adamiak_1_solution.pdb
2026-03-10 00:27:23 	 RUN refined_pair target=13_Adamiak_1_solution.pdb model=13_Adamiak_1_refined.pdb -> id=Adamiak_1
2026-03-10 00:27:23 	 Docker cmd: docker run --rm -v D:\Studia\Projekty\gsp-lab:/work -v D:\Studia\Projekty\RNA_assessment:/rna_assessment -e RNA_ASSESSMENT_ROOT=/rna_assessment -e PYTHONPATH=/rna_assessment mcannotate-runtime python3 /work/src/utils/INF.py /work/data/finished/PZ13/pdb/13_Adamiak_1_solution.pdb /work/data/finished/PZ13/pdb/13_Adamiak_1_refined.pdb
2026-03-10 00:27:25 	 Docker exit code: 0
2026-03-10 00:27:25 	 Docker output length: 350
2026-03-10 00:27:25 	 Saved CSV: PZ13,Adamiak_1,Adamiak,1,refined_pair,0.7618729746705273,0.9511897312113419,0,13_Adamiak_1_solution.pdb,13_Adamiak_1_refined.pdb
2026-03-10 00:27:25 	 RUN refined_pair target=13_Bujnicki_1_solution.pdb model=13_Bujnicki_1_refined.pdb -> id=Bujnicki_1
2026-03-10 00:27:25 	 Docker cmd: docker run --rm -v D:\Studia\Projekty\gsp-lab:/work -v D:\Studia\Projekty\RNA_assessment:/rna_assessment -e RNA_ASSESSMENT_ROOT=/rna_assessment -e PYTHONPATH=/rna_assessment mcannotate-runtime python3 /work/src/utils/INF.py /work/data/finished/PZ13/pdb/13_Bujnicki_1_solution.pdb /work/data/finished/PZ13/pdb/13_Bujnicki_1_refined.pdb
2026-03-10 00:27:28 	 Docker exit code: 0
2026-03-10 00:27:28 	 Docker output length: 352
2026-03-10 00:27:28 	 Saved CSV: PZ13,Bujnicki_1,Bujnicki,1,refined_pair,0.8056332631287413,0.8645299348672512,0,13_Bujnicki_1_solution.pdb,13_Bujnicki_1_refined.pdb
2026-03-10 00:27:28 	 RUN refined_pair target=13_Bujnicki_10_solution.pdb model=13_Bujnicki_10_refined.pdb -> id=Bujnicki_10
2026-03-10 00:27:28 	 Docker cmd: docker run --rm -v D:\Studia\Projekty\gsp-lab:/work -v D:\Studia\Projekty\RNA_assessment:/rna_assessment -e RNA_ASSESSMENT_ROOT=/rna_assessment -e PYTHONPATH=/rna_assessment mcannotate-runtime python3 /work/src/utils/INF.py /work/data/finished/PZ13/pdb/13_Bujnicki_10_solution.pdb /work/data/finished/PZ13/pdb/13_Bujnicki_10_refined.pdb
2026-03-10 00:27:30 	 Docker exit code: 0
2026-03-10 00:27:30 	 Docker output length: 356
2026-03-10 00:27:30 	 Saved CSV: PZ13,Bujnicki_10,Bujnicki,10,refined_pair,0.5595637103925328,0.3927922024247863,-1,13_Bujnicki_10_solution.pdb,13_Bujnicki_10_refined.pdb
2026-03-10 00:27:30 	 RUN refined_pair target=13_Bujnicki_2_solution.pdb model=13_Bujnicki_2_refined.pdb -> id=Bujnicki_2
2026-03-10 00:27:30 	 Docker cmd: docker run --rm -v D:\Studia\Projekty\gsp-lab:/work -v D:\Studia\Projekty\RNA_assessment:/rna_assessment -e RNA_ASSESSMENT_ROOT=/rna_assessment -e PYTHONPATH=/rna_assessment mcannotate-runtime python3 /work/src/utils/INF.py /work/data/finished/PZ13/pdb/13_Bujnicki_2_solution.pdb /work/data/finished/PZ13/pdb/13_Bujnicki_2_refined.pdb
2026-03-10 00:27:33 	 Docker exit code: 0
2026-03-10 00:27:33 	 Docker output length: 353
2026-03-10 00:27:33 	 Saved CSV: PZ13,Bujnicki_2,Bujnicki,2,refined_pair,0.7749554093238794,0.8645299348672512,0,13_Bujnicki_2_solution.pdb,13_Bujnicki_2_refined.pdb
2026-03-10 00:27:33 	 RUN refined_pair target=13_Bujnicki_3_solution.pdb model=13_Bujnicki_3_refined.pdb -> id=Bujnicki_3
2026-03-10 00:27:33 	 Docker cmd: docker run --rm -v D:\Studia\Projekty\gsp-lab:/work -v D:\Studia\Projekty\RNA_assessment:/rna_assessment -e RNA_ASSESSMENT_ROOT=/rna_assessment -e PYTHONPATH=/rna_assessment mcannotate-runtime python3 /work/src/utils/INF.py /work/data/finished/PZ13/pdb/13_Bujnicki_3_solution.pdb /work/data/finished/PZ13/pdb/13_Bujnicki_3_refined.pdb
2026-03-10 00:27:35 	 Docker exit code: 0
2026-03-10 00:27:35 	 Docker output length: 352
2026-03-10 00:27:35 	 Saved CSV: PZ13,Bujnicki_3,Bujnicki,3,refined_pair,0.7578391517481174,0.8190283593479222,0,13_Bujnicki_3_solution.pdb,13_Bujnicki_3_refined.pdb
2026-03-10 00:27:35 	 RUN refined_pair target=13_Bujnicki_4_solution.pdb model=13_Bujnicki_4_refined.pdb -> id=Bujnicki_4
2026-03-10 00:27:35 	 Docker cmd: docker run --rm -v D:\Studia\Projekty\gsp-lab:/work -v D:\Studia\Projekty\RNA_assessment:/rna_assessment -e RNA_ASSESSMENT_ROOT=/rna_assessment -e PYTHONPATH=/rna_assessment mcannotate-runtime python3 /work/src/utils/INF.py /work/data/finished/PZ13/pdb/13_Bujnicki_4_solution.pdb /work/data/finished/PZ13/pdb/13_Bujnicki_4_refined.pdb
2026-03-10 00:27:38 	 Docker exit code: 0
2026-03-10 00:27:38 	 Docker output length: 352
2026-03-10 00:27:38 	 Saved CSV: PZ13,Bujnicki_4,Bujnicki,4,refined_pair,0.7724321626955434,0.8839599998785473,0,13_Bujnicki_4_solution.pdb,13_Bujnicki_4_refined.pdb
2026-03-10 00:27:38 	 RUN refined_pair target=13_Bujnicki_5_solution.pdb model=13_Bujnicki_5_refined.pdb -> id=Bujnicki_5
2026-03-10 00:27:38 	 Docker cmd: docker run --rm -v D:\Studia\Projekty\gsp-lab:/work -v D:\Studia\Projekty\RNA_assessment:/rna_assessment -e RNA_ASSESSMENT_ROOT=/rna_assessment -e PYTHONPATH=/rna_assessment mcannotate-runtime python3 /work/src/utils/INF.py /work/data/finished/PZ13/pdb/13_Bujnicki_5_solution.pdb /work/data/finished/PZ13/pdb/13_Bujnicki_5_refined.pdb
2026-03-10 00:27:40 	 Docker exit code: 0
2026-03-10 00:27:40 	 Docker output length: 353
2026-03-10 00:27:40 	 Saved CSV: PZ13,Bujnicki_5,Bujnicki,5,refined_pair,0.7238595186496659,0.8839599998785473,0,13_Bujnicki_5_solution.pdb,13_Bujnicki_5_refined.pdb
2026-03-10 00:27:40 	 RUN refined_pair target=13_Bujnicki_6_solution.pdb model=13_Bujnicki_6_refined.pdb -> id=Bujnicki_6
2026-03-10 00:27:41 	 Docker cmd: docker run --rm -v D:\Studia\Projekty\gsp-lab:/work -v D:\Studia\Projekty\RNA_assessment:/rna_assessment -e RNA_ASSESSMENT_ROOT=/rna_assessment -e PYTHONPATH=/rna_assessment mcannotate-runtime python3 /work/src/utils/INF.py /work/data/finished/PZ13/pdb/13_Bujnicki_6_solution.pdb /work/data/finished/PZ13/pdb/13_Bujnicki_6_refined.pdb
2026-03-10 00:27:43 	 Docker exit code: 0
2026-03-10 00:27:43 	 Docker output length: 353
2026-03-10 00:27:43 	 Saved CSV: PZ13,Bujnicki_6,Bujnicki,6,refined_pair,0.7435402998283417,0.8374357893586238,-1,13_Bujnicki_6_solution.pdb,13_Bujnicki_6_refined.pdb
2026-03-10 00:27:43 	 RUN refined_pair target=13_Bujnicki_7_solution.pdb model=13_Bujnicki_7_refined.pdb -> id=Bujnicki_7
2026-03-10 00:27:43 	 Docker cmd: docker run --rm -v D:\Studia\Projekty\gsp-lab:/work -v D:\Studia\Projekty\RNA_assessment:/rna_assessment -e RNA_ASSESSMENT_ROOT=/rna_assessment -e PYTHONPATH=/rna_assessment mcannotate-runtime python3 /work/src/utils/INF.py /work/data/finished/PZ13/pdb/13_Bujnicki_7_solution.pdb /work/data/finished/PZ13/pdb/13_Bujnicki_7_refined.pdb
2026-03-10 00:27:45 	 Docker exit code: 0
2026-03-10 00:27:45 	 Docker output length: 353
2026-03-10 00:27:46 	 Saved CSV: PZ13,Bujnicki_7,Bujnicki,7,refined_pair,0.775397600174365,0.8839599998785473,-1,13_Bujnicki_7_solution.pdb,13_Bujnicki_7_refined.pdb
2026-03-10 00:27:46 	 RUN refined_pair target=13_Bujnicki_8_solution.pdb model=13_Bujnicki_8_refined.pdb -> id=Bujnicki_8
2026-03-10 00:27:46 	 Docker cmd: docker run --rm -v D:\Studia\Projekty\gsp-lab:/work -v D:\Studia\Projekty\RNA_assessment:/rna_assessment -e RNA_ASSESSMENT_ROOT=/rna_assessment -e PYTHONPATH=/rna_assessment mcannotate-runtime python3 /work/src/utils/INF.py /work/data/finished/PZ13/pdb/13_Bujnicki_8_solution.pdb /work/data/finished/PZ13/pdb/13_Bujnicki_8_refined.pdb
2026-03-10 00:27:48 	 Docker exit code: 0
2026-03-10 00:27:48 	 Docker output length: 353
2026-03-10 00:27:48 	 Saved CSV: PZ13,Bujnicki_8,Bujnicki,8,refined_pair,0.7778528057794742,0.8190283593479222,-1,13_Bujnicki_8_solution.pdb,13_Bujnicki_8_refined.pdb
2026-03-10 00:27:48 	 RUN refined_pair target=13_Bujnicki_9_solution.pdb model=13_Bujnicki_9_refined.pdb -> id=Bujnicki_9
2026-03-10 00:27:48 	 Docker cmd: docker run --rm -v D:\Studia\Projekty\gsp-lab:/work -v D:\Studia\Projekty\RNA_assessment:/rna_assessment -e RNA_ASSESSMENT_ROOT=/rna_assessment -e PYTHONPATH=/rna_assessment mcannotate-runtime python3 /work/src/utils/INF.py /work/data/finished/PZ13/pdb/13_Bujnicki_9_solution.pdb /work/data/finished/PZ13/pdb/13_Bujnicki_9_refined.pdb
2026-03-10 00:27:50 	 Docker exit code: 0
2026-03-10 00:27:50 	 Docker output length: 354
2026-03-10 00:27:50 	 Saved CSV: PZ13,Bujnicki_9,Bujnicki,9,refined_pair,0.5394809991873374,0.3333333333333333,-1,13_Bujnicki_9_solution.pdb,13_Bujnicki_9_refined.pdb
2026-03-10 00:27:51 	 RUN refined_pair target=13_Chen_1_solution.pdb model=13_Chen_1_refined.pdb -> id=Chen_1
2026-03-10 00:27:51 	 Docker cmd: docker run --rm -v D:\Studia\Projekty\gsp-lab:/work -v D:\Studia\Projekty\RNA_assessment:/rna_assessment -e RNA_ASSESSMENT_ROOT=/rna_assessment -e PYTHONPATH=/rna_assessment mcannotate-runtime python3 /work/src/utils/INF.py /work/data/finished/PZ13/pdb/13_Chen_1_solution.pdb /work/data/finished/PZ13/pdb/13_Chen_1_refined.pdb
2026-03-10 00:27:53 	 Docker exit code: 0
2026-03-10 00:27:53 	 Docker output length: 345
2026-03-10 00:27:53 	 Saved CSV: PZ13,Chen_1,Chen,1,refined_pair,0.7467752126211928,0.9271050693011065,0,13_Chen_1_solution.pdb,13_Chen_1_refined.pdb
2026-03-10 00:27:53 	 RUN refined_pair target=13_Chen_2_solution.pdb model=13_Chen_2_refined.pdb -> id=Chen_2
2026-03-10 00:27:53 	 Docker cmd: docker run --rm -v D:\Studia\Projekty\gsp-lab:/work -v D:\Studia\Projekty\RNA_assessment:/rna_assessment -e RNA_ASSESSMENT_ROOT=/rna_assessment -e PYTHONPATH=/rna_assessment mcannotate-runtime python3 /work/src/utils/INF.py /work/data/finished/PZ13/pdb/13_Chen_2_solution.pdb /work/data/finished/PZ13/pdb/13_Chen_2_refined.pdb
2026-03-10 00:27:55 	 Docker exit code: 0
2026-03-10 00:27:55 	 Docker output length: 344
2026-03-10 00:27:55 	 Saved CSV: PZ13,Chen_2,Chen,2,refined_pair,0.7792503321594874,0.9271050693011065,0,13_Chen_2_solution.pdb,13_Chen_2_refined.pdb
2026-03-10 00:27:55 	 RUN refined_pair target=13_Chen_3_solution.pdb model=13_Chen_3_refined.pdb -> id=Chen_3
2026-03-10 00:27:55 	 Docker cmd: docker run --rm -v D:\Studia\Projekty\gsp-lab:/work -v D:\Studia\Projekty\RNA_assessment:/rna_assessment -e RNA_ASSESSMENT_ROOT=/rna_assessment -e PYTHONPATH=/rna_assessment mcannotate-runtime python3 /work/src/utils/INF.py /work/data/finished/PZ13/pdb/13_Chen_3_solution.pdb /work/data/finished/PZ13/pdb/13_Chen_3_refined.pdb
2026-03-10 00:27:58 	 Docker exit code: 0
2026-03-10 00:27:58 	 Docker output length: 344
2026-03-10 00:27:58 	 Saved CSV: PZ13,Chen_3,Chen,3,refined_pair,0.8061288901602953,0.9511897312113419,0,13_Chen_3_solution.pdb,13_Chen_3_refined.pdb
2026-03-10 00:27:58 	 RUN refined_pair target=13_Chen_4_solution.pdb model=13_Chen_4_refined.pdb -> id=Chen_4
2026-03-10 00:27:58 	 Docker cmd: docker run --rm -v D:\Studia\Projekty\gsp-lab:/work -v D:\Studia\Projekty\RNA_assessment:/rna_assessment -e RNA_ASSESSMENT_ROOT=/rna_assessment -e PYTHONPATH=/rna_assessment mcannotate-runtime python3 /work/src/utils/INF.py /work/data/finished/PZ13/pdb/13_Chen_4_solution.pdb /work/data/finished/PZ13/pdb/13_Chen_4_refined.pdb
2026-03-10 00:28:01 	 Docker exit code: 0
2026-03-10 00:28:01 	 Docker output length: 345
2026-03-10 00:28:01 	 Saved CSV: PZ13,Chen_4,Chen,4,refined_pair,0.6945114337316735,0.7807200583588266,0,13_Chen_4_solution.pdb,13_Chen_4_refined.pdb
2026-03-10 00:28:01 	 RUN refined_pair target=13_Chen_5_solution.pdb model=13_Chen_5_refined.pdb -> id=Chen_5
2026-03-10 00:28:01 	 Docker cmd: docker run --rm -v D:\Studia\Projekty\gsp-lab:/work -v D:\Studia\Projekty\RNA_assessment:/rna_assessment -e RNA_ASSESSMENT_ROOT=/rna_assessment -e PYTHONPATH=/rna_assessment mcannotate-runtime python3 /work/src/utils/INF.py /work/data/finished/PZ13/pdb/13_Chen_5_solution.pdb /work/data/finished/PZ13/pdb/13_Chen_5_refined.pdb
2026-03-10 00:28:03 	 Docker exit code: 0
2026-03-10 00:28:03 	 Docker output length: 344
2026-03-10 00:28:03 	 Saved CSV: PZ13,Chen_5,Chen,5,refined_pair,0.8075853531507589,0.9511897312113419,0,13_Chen_5_solution.pdb,13_Chen_5_refined.pdb
2026-03-10 00:28:03 	 RUN refined_pair target=13_Chen_6_solution.pdb model=13_Chen_6_refined.pdb -> id=Chen_6
2026-03-10 00:28:03 	 Docker cmd: docker run --rm -v D:\Studia\Projekty\gsp-lab:/work -v D:\Studia\Projekty\RNA_assessment:/rna_assessment -e RNA_ASSESSMENT_ROOT=/rna_assessment -e PYTHONPATH=/rna_assessment mcannotate-runtime python3 /work/src/utils/INF.py /work/data/finished/PZ13/pdb/13_Chen_6_solution.pdb /work/data/finished/PZ13/pdb/13_Chen_6_refined.pdb
2026-03-10 00:28:06 	 Docker exit code: 0
2026-03-10 00:28:06 	 Docker output length: 359
2026-03-10 00:28:06 	 Saved CSV: PZ13,Chen_6,Chen,6,refined_pair,0.8232127859153063,0.9271050693011065,0.3333333333333333,13_Chen_6_solution.pdb,13_Chen_6_refined.pdb
2026-03-10 00:28:06 	 RUN refined_pair target=13_Chen_7_solution.pdb model=13_Chen_7_refined.pdb -> id=Chen_7
2026-03-10 00:28:06 	 Docker cmd: docker run --rm -v D:\Studia\Projekty\gsp-lab:/work -v D:\Studia\Projekty\RNA_assessment:/rna_assessment -e RNA_ASSESSMENT_ROOT=/rna_assessment -e PYTHONPATH=/rna_assessment mcannotate-runtime python3 /work/src/utils/INF.py /work/data/finished/PZ13/pdb/13_Chen_7_solution.pdb /work/data/finished/PZ13/pdb/13_Chen_7_refined.pdb
2026-03-10 00:28:08 	 Docker exit code: 0
2026-03-10 00:28:08 	 Docker output length: 345
2026-03-10 00:28:08 	 Saved CSV: PZ13,Chen_7,Chen,7,refined_pair,0.7645095721079945,0.9258200997725514,0,13_Chen_7_solution.pdb,13_Chen_7_refined.pdb
2026-03-10 00:28:08 	 RUN refined_pair target=13_Chen_8_solution.pdb model=13_Chen_8_refined.pdb -> id=Chen_8
2026-03-10 00:28:08 	 Docker cmd: docker run --rm -v D:\Studia\Projekty\gsp-lab:/work -v D:\Studia\Projekty\RNA_assessment:/rna_assessment -e RNA_ASSESSMENT_ROOT=/rna_assessment -e PYTHONPATH=/rna_assessment mcannotate-runtime python3 /work/src/utils/INF.py /work/data/finished/PZ13/pdb/13_Chen_8_solution.pdb /work/data/finished/PZ13/pdb/13_Chen_8_refined.pdb
2026-03-10 00:28:11 	 Docker exit code: 0
2026-03-10 00:28:11 	 Docker output length: 345
2026-03-10 00:28:11 	 Saved CSV: PZ13,Chen_8,Chen,8,refined_pair,0.8048730784901472,0.8997354108424374,0,13_Chen_8_solution.pdb,13_Chen_8_refined.pdb
2026-03-10 00:28:11 	 RUN refined_pair target=13_Chen_9_solution.pdb model=13_Chen_9_refined.pdb -> id=Chen_9
2026-03-10 00:28:11 	 Docker cmd: docker run --rm -v D:\Studia\Projekty\gsp-lab:/work -v D:\Studia\Projekty\RNA_assessment:/rna_assessment -e RNA_ASSESSMENT_ROOT=/rna_assessment -e PYTHONPATH=/rna_assessment mcannotate-runtime python3 /work/src/utils/INF.py /work/data/finished/PZ13/pdb/13_Chen_9_solution.pdb /work/data/finished/PZ13/pdb/13_Chen_9_refined.pdb
2026-03-10 00:28:13 	 Docker exit code: 0
2026-03-10 00:28:13 	 Docker output length: 345
2026-03-10 00:28:13 	 Saved CSV: PZ13,Chen_9,Chen,9,refined_pair,0.7857172507801492,0.8743856497851875,0,13_Chen_9_solution.pdb,13_Chen_9_refined.pdb
2026-03-10 00:28:13 	 RUN refined_pair target=13_Das_1_solution.pdb model=13_Das_1_refined.pdb -> id=Das_1
2026-03-10 00:28:13 	 Docker cmd: docker run --rm -v D:\Studia\Projekty\gsp-lab:/work -v D:\Studia\Projekty\RNA_assessment:/rna_assessment -e RNA_ASSESSMENT_ROOT=/rna_assessment -e PYTHONPATH=/rna_assessment mcannotate-runtime python3 /work/src/utils/INF.py /work/data/finished/PZ13/pdb/13_Das_1_solution.pdb /work/data/finished/PZ13/pdb/13_Das_1_refined.pdb
2026-03-10 00:28:15 	 Docker exit code: 0
2026-03-10 00:28:15 	 Docker output length: 342
2026-03-10 00:28:15 	 Saved CSV: PZ13,Das_1,Das,1,refined_pair,0.7414219162701059,0.8645299348672512,0,13_Das_1_solution.pdb,13_Das_1_refined.pdb
2026-03-10 00:28:15 	 RUN refined_pair target=13_Das_10_solution.pdb model=13_Das_10_refined.pdb -> id=Das_10
2026-03-10 00:28:15 	 Docker cmd: docker run --rm -v D:\Studia\Projekty\gsp-lab:/work -v D:\Studia\Projekty\RNA_assessment:/rna_assessment -e RNA_ASSESSMENT_ROOT=/rna_assessment -e PYTHONPATH=/rna_assessment mcannotate-runtime python3 /work/src/utils/INF.py /work/data/finished/PZ13/pdb/13_Das_10_solution.pdb /work/data/finished/PZ13/pdb/13_Das_10_refined.pdb
2026-03-10 00:28:18 	 Docker exit code: 0
2026-03-10 00:28:18 	 Docker output length: 345
2026-03-10 00:28:18 	 Saved CSV: PZ13,Das_10,Das,10,refined_pair,0.7664394903349403,0.9047619047619048,0,13_Das_10_solution.pdb,13_Das_10_refined.pdb
2026-03-10 00:28:18 	 RUN refined_pair target=13_Das_2_solution.pdb model=13_Das_2_refined.pdb -> id=Das_2
2026-03-10 00:28:18 	 Docker cmd: docker run --rm -v D:\Studia\Projekty\gsp-lab:/work -v D:\Studia\Projekty\RNA_assessment:/rna_assessment -e RNA_ASSESSMENT_ROOT=/rna_assessment -e PYTHONPATH=/rna_assessment mcannotate-runtime python3 /work/src/utils/INF.py /work/data/finished/PZ13/pdb/13_Das_2_solution.pdb /work/data/finished/PZ13/pdb/13_Das_2_refined.pdb
2026-03-10 00:28:20 	 Docker exit code: 0
2026-03-10 00:28:20 	 Docker output length: 358
2026-03-10 00:28:20 	 Saved CSV: PZ13,Das_2,Das,2,refined_pair,0.7808219178082192,0.9271050693011065,0.21821789023599236,13_Das_2_solution.pdb,13_Das_2_refined.pdb
2026-03-10 00:28:20 	 RUN refined_pair target=13_Das_3_solution.pdb model=13_Das_3_refined.pdb -> id=Das_3
2026-03-10 00:28:20 	 Docker cmd: docker run --rm -v D:\Studia\Projekty\gsp-lab:/work -v D:\Studia\Projekty\RNA_assessment:/rna_assessment -e RNA_ASSESSMENT_ROOT=/rna_assessment -e PYTHONPATH=/rna_assessment mcannotate-runtime python3 /work/src/utils/INF.py /work/data/finished/PZ13/pdb/13_Das_3_solution.pdb /work/data/finished/PZ13/pdb/13_Das_3_refined.pdb
2026-03-10 00:28:23 	 Docker exit code: 0
2026-03-10 00:28:23 	 Docker output length: 357
2026-03-10 00:28:23 	 Saved CSV: PZ13,Das_3,Das,3,refined_pair,0.7492791655379687,0.9271050693011065,0.2581988897471611,13_Das_3_solution.pdb,13_Das_3_refined.pdb
2026-03-10 00:28:23 	 RUN refined_pair target=13_Das_4_solution.pdb model=13_Das_4_refined.pdb -> id=Das_4
2026-03-10 00:28:23 	 Docker cmd: docker run --rm -v D:\Studia\Projekty\gsp-lab:/work -v D:\Studia\Projekty\RNA_assessment:/rna_assessment -e RNA_ASSESSMENT_ROOT=/rna_assessment -e PYTHONPATH=/rna_assessment mcannotate-runtime python3 /work/src/utils/INF.py /work/data/finished/PZ13/pdb/13_Das_4_solution.pdb /work/data/finished/PZ13/pdb/13_Das_4_refined.pdb
2026-03-10 00:28:26 	 Docker exit code: 0
2026-03-10 00:28:26 	 Docker output length: 342
2026-03-10 00:28:26 	 Saved CSV: PZ13,Das_4,Das,4,refined_pair,0.720338465715163,0.8839599998785473,0,13_Das_4_solution.pdb,13_Das_4_refined.pdb
2026-03-10 00:28:26 	 RUN refined_pair target=13_Das_5_solution.pdb model=13_Das_5_refined.pdb -> id=Das_5
2026-03-10 00:28:26 	 Docker cmd: docker run --rm -v D:\Studia\Projekty\gsp-lab:/work -v D:\Studia\Projekty\RNA_assessment:/rna_assessment -e RNA_ASSESSMENT_ROOT=/rna_assessment -e PYTHONPATH=/rna_assessment mcannotate-runtime python3 /work/src/utils/INF.py /work/data/finished/PZ13/pdb/13_Das_5_solution.pdb /work/data/finished/PZ13/pdb/13_Das_5_refined.pdb
2026-03-10 00:28:28 	 Docker exit code: 0
2026-03-10 00:28:28 	 Docker output length: 358
2026-03-10 00:28:28 	 Saved CSV: PZ13,Das_5,Das,5,refined_pair,0.7384047186189503,0.9047619047619048,0.17407765595569785,13_Das_5_solution.pdb,13_Das_5_refined.pdb
2026-03-10 00:28:28 	 RUN refined_pair target=13_Das_6_solution.pdb model=13_Das_6_refined.pdb -> id=Das_6
2026-03-10 00:28:28 	 Docker cmd: docker run --rm -v D:\Studia\Projekty\gsp-lab:/work -v D:\Studia\Projekty\RNA_assessment:/rna_assessment -e RNA_ASSESSMENT_ROOT=/rna_assessment -e PYTHONPATH=/rna_assessment mcannotate-runtime python3 /work/src/utils/INF.py /work/data/finished/PZ13/pdb/13_Das_6_solution.pdb /work/data/finished/PZ13/pdb/13_Das_6_refined.pdb
2026-03-10 00:28:31 	 Docker exit code: 0
2026-03-10 00:28:31 	 Docker output length: 342
2026-03-10 00:28:31 	 Saved CSV: PZ13,Das_6,Das,6,refined_pair,0.7134835467915154,0.9304842103984708,0,13_Das_6_solution.pdb,13_Das_6_refined.pdb
2026-03-10 00:28:31 	 RUN refined_pair target=13_Das_7_solution.pdb model=13_Das_7_refined.pdb -> id=Das_7
2026-03-10 00:28:31 	 Docker cmd: docker run --rm -v D:\Studia\Projekty\gsp-lab:/work -v D:\Studia\Projekty\RNA_assessment:/rna_assessment -e RNA_ASSESSMENT_ROOT=/rna_assessment -e PYTHONPATH=/rna_assessment mcannotate-runtime python3 /work/src/utils/INF.py /work/data/finished/PZ13/pdb/13_Das_7_solution.pdb /work/data/finished/PZ13/pdb/13_Das_7_refined.pdb
2026-03-10 00:28:34 	 Docker exit code: 0
2026-03-10 00:28:34 	 Docker output length: 357
2026-03-10 00:28:34 	 Saved CSV: PZ13,Das_7,Das,7,refined_pair,0.7694098843098923,0.9047619047619048,0.2581988897471611,13_Das_7_solution.pdb,13_Das_7_refined.pdb
2026-03-10 00:28:34 	 RUN refined_pair target=13_Das_8_solution.pdb model=13_Das_8_refined.pdb -> id=Das_8
2026-03-10 00:28:34 	 Docker cmd: docker run --rm -v D:\Studia\Projekty\gsp-lab:/work -v D:\Studia\Projekty\RNA_assessment:/rna_assessment -e RNA_ASSESSMENT_ROOT=/rna_assessment -e PYTHONPATH=/rna_assessment mcannotate-runtime python3 /work/src/utils/INF.py /work/data/finished/PZ13/pdb/13_Das_8_solution.pdb /work/data/finished/PZ13/pdb/13_Das_8_refined.pdb
2026-03-10 00:28:37 	 Docker exit code: 0
2026-03-10 00:28:37 	 Docker output length: 357
2026-03-10 00:28:37 	 Saved CSV: PZ13,Das_8,Das,8,refined_pair,0.7635587736580727,0.8645299348672512,0.408248290463863,13_Das_8_solution.pdb,13_Das_8_refined.pdb
2026-03-10 00:28:37 	 RUN refined_pair target=13_Das_9_solution.pdb model=13_Das_9_refined.pdb -> id=Das_9
2026-03-10 00:28:37 	 Docker cmd: docker run --rm -v D:\Studia\Projekty\gsp-lab:/work -v D:\Studia\Projekty\RNA_assessment:/rna_assessment -e RNA_ASSESSMENT_ROOT=/rna_assessment -e PYTHONPATH=/rna_assessment mcannotate-runtime python3 /work/src/utils/INF.py /work/data/finished/PZ13/pdb/13_Das_9_solution.pdb /work/data/finished/PZ13/pdb/13_Das_9_refined.pdb
2026-03-10 00:28:40 	 Docker exit code: 0
2026-03-10 00:28:40 	 Docker output length: 343
2026-03-10 00:28:40 	 Saved CSV: PZ13,Das_9,Das,9,refined_pair,0.7069397546621466,0.9047619047619048,0,13_Das_9_solution.pdb,13_Das_9_refined.pdb
2026-03-10 00:28:40 	 RUN refined_pair target=13_Ding_1_solution.pdb model=13_Ding_1_refined.pdb -> id=Ding_1
2026-03-10 00:28:40 	 Docker cmd: docker run --rm -v D:\Studia\Projekty\gsp-lab:/work -v D:\Studia\Projekty\RNA_assessment:/rna_assessment -e RNA_ASSESSMENT_ROOT=/rna_assessment -e PYTHONPATH=/rna_assessment mcannotate-runtime python3 /work/src/utils/INF.py /work/data/finished/PZ13/pdb/13_Ding_1_solution.pdb /work/data/finished/PZ13/pdb/13_Ding_1_refined.pdb
2026-03-10 00:28:43 	 Docker exit code: 0
2026-03-10 00:28:43 	 Docker output length: 343
2026-03-10 00:28:43 	 Saved CSV: PZ13,Ding_1,Ding,1,refined_pair,0.835592620229589,0.9271050693011065,0,13_Ding_1_solution.pdb,13_Ding_1_refined.pdb
2026-03-10 00:28:43 	 RUN refined_pair target=13_Ding_10_solution.pdb model=13_Ding_10_refined.pdb -> id=Ding_10
2026-03-10 00:28:43 	 Docker cmd: docker run --rm -v D:\Studia\Projekty\gsp-lab:/work -v D:\Studia\Projekty\RNA_assessment:/rna_assessment -e RNA_ASSESSMENT_ROOT=/rna_assessment -e PYTHONPATH=/rna_assessment mcannotate-runtime python3 /work/src/utils/INF.py /work/data/finished/PZ13/pdb/13_Ding_10_solution.pdb /work/data/finished/PZ13/pdb/13_Ding_10_refined.pdb
2026-03-10 00:28:46 	 Docker exit code: 0
2026-03-10 00:28:46 	 Docker output length: 344
2026-03-10 00:28:46 	 Saved CSV: PZ13,Ding_10,Ding,10,refined_pair,0.7286164968756516,0.901127113779166,0,13_Ding_10_solution.pdb,13_Ding_10_refined.pdb
2026-03-10 00:28:46 	 RUN refined_pair target=13_Ding_2_solution.pdb model=13_Ding_2_refined.pdb -> id=Ding_2
2026-03-10 00:28:46 	 Docker cmd: docker run --rm -v D:\Studia\Projekty\gsp-lab:/work -v D:\Studia\Projekty\RNA_assessment:/rna_assessment -e RNA_ASSESSMENT_ROOT=/rna_assessment -e PYTHONPATH=/rna_assessment mcannotate-runtime python3 /work/src/utils/INF.py /work/data/finished/PZ13/pdb/13_Ding_2_solution.pdb /work/data/finished/PZ13/pdb/13_Ding_2_refined.pdb
2026-03-10 00:28:48 	 Docker exit code: 0
2026-03-10 00:28:48 	 Docker output length: 343
2026-03-10 00:28:48 	 Saved CSV: PZ13,Ding_2,Ding,2,refined_pair,0.775397600174365,0.8783100656536799,0,13_Ding_2_solution.pdb,13_Ding_2_refined.pdb
2026-03-10 00:28:48 	 RUN refined_pair target=13_Ding_3_solution.pdb model=13_Ding_3_refined.pdb -> id=Ding_3
2026-03-10 00:28:48 	 Docker cmd: docker run --rm -v D:\Studia\Projekty\gsp-lab:/work -v D:\Studia\Projekty\RNA_assessment:/rna_assessment -e RNA_ASSESSMENT_ROOT=/rna_assessment -e PYTHONPATH=/rna_assessment mcannotate-runtime python3 /work/src/utils/INF.py /work/data/finished/PZ13/pdb/13_Ding_3_solution.pdb /work/data/finished/PZ13/pdb/13_Ding_3_refined.pdb
2026-03-10 00:28:51 	 Docker exit code: 0
2026-03-10 00:28:51 	 Docker output length: 345
2026-03-10 00:28:51 	 Saved CSV: PZ13,Ding_3,Ding,3,refined_pair,0.7467752126211928,0.9047619047619048,0,13_Ding_3_solution.pdb,13_Ding_3_refined.pdb
2026-03-10 00:28:51 	 RUN refined_pair target=13_Ding_4_solution.pdb model=13_Ding_4_refined.pdb -> id=Ding_4
2026-03-10 00:28:51 	 Docker cmd: docker run --rm -v D:\Studia\Projekty\gsp-lab:/work -v D:\Studia\Projekty\RNA_assessment:/rna_assessment -e RNA_ASSESSMENT_ROOT=/rna_assessment -e PYTHONPATH=/rna_assessment mcannotate-runtime python3 /work/src/utils/INF.py /work/data/finished/PZ13/pdb/13_Ding_4_solution.pdb /work/data/finished/PZ13/pdb/13_Ding_4_refined.pdb
2026-03-10 00:28:54 	 Docker exit code: 0
2026-03-10 00:28:54 	 Docker output length: 345
2026-03-10 00:28:54 	 Saved CSV: PZ13,Ding_4,Ding,4,refined_pair,0.7607674567748487,0.9271050693011065,0,13_Ding_4_solution.pdb,13_Ding_4_refined.pdb
2026-03-10 00:28:54 	 RUN refined_pair target=13_Ding_5_solution.pdb model=13_Ding_5_refined.pdb -> id=Ding_5
2026-03-10 00:28:54 	 Docker cmd: docker run --rm -v D:\Studia\Projekty\gsp-lab:/work -v D:\Studia\Projekty\RNA_assessment:/rna_assessment -e RNA_ASSESSMENT_ROOT=/rna_assessment -e PYTHONPATH=/rna_assessment mcannotate-runtime python3 /work/src/utils/INF.py /work/data/finished/PZ13/pdb/13_Ding_5_solution.pdb /work/data/finished/PZ13/pdb/13_Ding_5_refined.pdb
2026-03-10 00:28:57 	 Docker exit code: 0
2026-03-10 00:28:57 	 Docker output length: 345
2026-03-10 00:28:57 	 Saved CSV: PZ13,Ding_5,Ding,5,refined_pair,0.7492791655379687,0.9271050693011065,0,13_Ding_5_solution.pdb,13_Ding_5_refined.pdb
2026-03-10 00:28:57 	 RUN refined_pair target=13_Ding_6_solution.pdb model=13_Ding_6_refined.pdb -> id=Ding_6
2026-03-10 00:28:57 	 Docker cmd: docker run --rm -v D:\Studia\Projekty\gsp-lab:/work -v D:\Studia\Projekty\RNA_assessment:/rna_assessment -e RNA_ASSESSMENT_ROOT=/rna_assessment -e PYTHONPATH=/rna_assessment mcannotate-runtime python3 /work/src/utils/INF.py /work/data/finished/PZ13/pdb/13_Ding_6_solution.pdb /work/data/finished/PZ13/pdb/13_Ding_6_refined.pdb
2026-03-10 00:29:00 	 Docker exit code: 0
2026-03-10 00:29:00 	 Docker output length: 343
2026-03-10 00:29:00 	 Saved CSV: PZ13,Ding_6,Ding,6,refined_pair,0.752035723846475,0.8783100656536799,0,13_Ding_6_solution.pdb,13_Ding_6_refined.pdb
2026-03-10 00:29:00 	 RUN refined_pair target=13_Ding_7_solution.pdb model=13_Ding_7_refined.pdb -> id=Ding_7
2026-03-10 00:29:00 	 Docker cmd: docker run --rm -v D:\Studia\Projekty\gsp-lab:/work -v D:\Studia\Projekty\RNA_assessment:/rna_assessment -e RNA_ASSESSMENT_ROOT=/rna_assessment -e PYTHONPATH=/rna_assessment mcannotate-runtime python3 /work/src/utils/INF.py /work/data/finished/PZ13/pdb/13_Ding_7_solution.pdb /work/data/finished/PZ13/pdb/13_Ding_7_refined.pdb
2026-03-10 00:29:03 	 Docker exit code: 0
2026-03-10 00:29:03 	 Docker output length: 344
2026-03-10 00:29:03 	 Saved CSV: PZ13,Ding_7,Ding,7,refined_pair,0.7878047495822983,0.9271050693011065,0,13_Ding_7_solution.pdb,13_Ding_7_refined.pdb
2026-03-10 00:29:03 	 RUN refined_pair target=13_Ding_8_solution.pdb model=13_Ding_8_refined.pdb -> id=Ding_8
2026-03-10 00:29:03 	 Docker cmd: docker run --rm -v D:\Studia\Projekty\gsp-lab:/work -v D:\Studia\Projekty\RNA_assessment:/rna_assessment -e RNA_ASSESSMENT_ROOT=/rna_assessment -e PYTHONPATH=/rna_assessment mcannotate-runtime python3 /work/src/utils/INF.py /work/data/finished/PZ13/pdb/13_Ding_8_solution.pdb /work/data/finished/PZ13/pdb/13_Ding_8_refined.pdb
2026-03-10 00:29:06 	 Docker exit code: 0
2026-03-10 00:29:06 	 Docker output length: 343
2026-03-10 00:29:06 	 Saved CSV: PZ13,Ding_8,Ding,8,refined_pair,0.7580762684659852,0.9271050693011065,0,13_Ding_8_solution.pdb,13_Ding_8_refined.pdb
2026-03-10 00:29:06 	 RUN refined_pair target=13_Ding_9_solution.pdb model=13_Ding_9_refined.pdb -> id=Ding_9
2026-03-10 00:29:06 	 Docker cmd: docker run --rm -v D:\Studia\Projekty\gsp-lab:/work -v D:\Studia\Projekty\RNA_assessment:/rna_assessment -e RNA_ASSESSMENT_ROOT=/rna_assessment -e PYTHONPATH=/rna_assessment mcannotate-runtime python3 /work/src/utils/INF.py /work/data/finished/PZ13/pdb/13_Ding_9_solution.pdb /work/data/finished/PZ13/pdb/13_Ding_9_refined.pdb
2026-03-10 00:29:09 	 Docker exit code: 0
2026-03-10 00:29:09 	 Docker output length: 344
2026-03-10 00:29:09 	 Saved CSV: PZ13,Ding_9,Ding,9,refined_pair,0.752035723846475,0.8839599998785473,-1,13_Ding_9_solution.pdb,13_Ding_9_refined.pdb
2026-03-10 00:29:09 	 RUN refined_pair target=13_Dokholyan_1_solution.pdb model=13_Dokholyan_1_refined.pdb -> id=Dokholyan_1
2026-03-10 00:29:09 	 Docker cmd: docker run --rm -v D:\Studia\Projekty\gsp-lab:/work -v D:\Studia\Projekty\RNA_assessment:/rna_assessment -e RNA_ASSESSMENT_ROOT=/rna_assessment -e PYTHONPATH=/rna_assessment mcannotate-runtime python3 /work/src/utils/INF.py /work/data/finished/PZ13/pdb/13_Dokholyan_1_solution.pdb /work/data/finished/PZ13/pdb/13_Dokholyan_1_refined.pdb
2026-03-10 00:29:11 	 Docker exit code: 0
2026-03-10 00:29:11 	 Docker output length: 354
2026-03-10 00:29:11 	 Saved CSV: PZ13,Dokholyan_1,Dokholyan,1,refined_pair,0.6250570750195245,0.7200822998230956,0,13_Dokholyan_1_solution.pdb,13_Dokholyan_1_refined.pdb
2026-03-10 00:29:11 	 RUN refined_pair target=13_Dokholyan_2_solution.pdb model=13_Dokholyan_2_refined.pdb -> id=Dokholyan_2
2026-03-10 00:29:11 	 Docker cmd: docker run --rm -v D:\Studia\Projekty\gsp-lab:/work -v D:\Studia\Projekty\RNA_assessment:/rna_assessment -e RNA_ASSESSMENT_ROOT=/rna_assessment -e PYTHONPATH=/rna_assessment mcannotate-runtime python3 /work/src/utils/INF.py /work/data/finished/PZ13/pdb/13_Dokholyan_2_solution.pdb /work/data/finished/PZ13/pdb/13_Dokholyan_2_refined.pdb
2026-03-10 00:29:14 	 Docker exit code: 0
2026-03-10 00:29:14 	 Docker output length: 355
2026-03-10 00:29:14 	 Saved CSV: PZ13,Dokholyan_2,Dokholyan,2,refined_pair,0.6391725109790762,0.6880329612324521,0,13_Dokholyan_2_solution.pdb,13_Dokholyan_2_refined.pdb
2026-03-10 00:29:14 	 RUN refined_pair target=13_Dokholyan_3_solution.pdb model=13_Dokholyan_3_refined.pdb -> id=Dokholyan_3
2026-03-10 00:29:14 	 Docker cmd: docker run --rm -v D:\Studia\Projekty\gsp-lab:/work -v D:\Studia\Projekty\RNA_assessment:/rna_assessment -e RNA_ASSESSMENT_ROOT=/rna_assessment -e PYTHONPATH=/rna_assessment mcannotate-runtime python3 /work/src/utils/INF.py /work/data/finished/PZ13/pdb/13_Dokholyan_3_solution.pdb /work/data/finished/PZ13/pdb/13_Dokholyan_3_refined.pdb
2026-03-10 00:29:17 	 Docker exit code: 0
2026-03-10 00:29:17 	 Docker output length: 354
2026-03-10 00:29:17 	 Saved CSV: PZ13,Dokholyan_3,Dokholyan,3,refined_pair,0.4823051395218605,0.3026137663344012,0,13_Dokholyan_3_solution.pdb,13_Dokholyan_3_refined.pdb
2026-03-10 00:29:17 	 RUN refined_pair target=13_Dokholyan_4_solution.pdb model=13_Dokholyan_4_refined.pdb -> id=Dokholyan_4
2026-03-10 00:29:17 	 Docker cmd: docker run --rm -v D:\Studia\Projekty\gsp-lab:/work -v D:\Studia\Projekty\RNA_assessment:/rna_assessment -e RNA_ASSESSMENT_ROOT=/rna_assessment -e PYTHONPATH=/rna_assessment mcannotate-runtime python3 /work/src/utils/INF.py /work/data/finished/PZ13/pdb/13_Dokholyan_4_solution.pdb /work/data/finished/PZ13/pdb/13_Dokholyan_4_refined.pdb
2026-03-10 00:29:20 	 Docker exit code: 0
2026-03-10 00:29:20 	 Docker output length: 355
2026-03-10 00:29:20 	 Saved CSV: PZ13,Dokholyan_4,Dokholyan,4,refined_pair,0.48001141538937336,0.3026137663344012,0,13_Dokholyan_4_solution.pdb,13_Dokholyan_4_refined.pdb
2026-03-10 00:29:20 	 RUN refined_pair target=13_Dokholyan_5_solution.pdb model=13_Dokholyan_5_refined.pdb -> id=Dokholyan_5
2026-03-10 00:29:20 	 Docker cmd: docker run --rm -v D:\Studia\Projekty\gsp-lab:/work -v D:\Studia\Projekty\RNA_assessment:/rna_assessment -e RNA_ASSESSMENT_ROOT=/rna_assessment -e PYTHONPATH=/rna_assessment mcannotate-runtime python3 /work/src/utils/INF.py /work/data/finished/PZ13/pdb/13_Dokholyan_5_solution.pdb /work/data/finished/PZ13/pdb/13_Dokholyan_5_refined.pdb
2026-03-10 00:29:24 	 Docker exit code: 0
2026-03-10 00:29:24 	 Docker output length: 355
2026-03-10 00:29:24 	 Saved CSV: PZ13,Dokholyan_5,Dokholyan,5,refined_pair,0.5975272079233593,0.6880329612324521,0,13_Dokholyan_5_solution.pdb,13_Dokholyan_5_refined.pdb
2026-03-10 00:29:24 	 RUN refined_pair target=13_Xiao_1_solution.pdb model=13_Xiao_1_refined.pdb -> id=Xiao_1
2026-03-10 00:29:24 	 Docker cmd: docker run --rm -v D:\Studia\Projekty\gsp-lab:/work -v D:\Studia\Projekty\RNA_assessment:/rna_assessment -e RNA_ASSESSMENT_ROOT=/rna_assessment -e PYTHONPATH=/rna_assessment mcannotate-runtime python3 /work/src/utils/INF.py /work/data/finished/PZ13/pdb/13_Xiao_1_solution.pdb /work/data/finished/PZ13/pdb/13_Xiao_1_refined.pdb
2026-03-10 00:29:27 	 Docker exit code: 0
2026-03-10 00:29:27 	 Docker output length: 345
2026-03-10 00:29:27 	 Saved CSV: PZ13,Xiao_1,Xiao,1,refined_pair,0.4303550620732313,0.3450327796711771,0,13_Xiao_1_solution.pdb,13_Xiao_1_refined.pdb
2026-03-10 00:29:27 	 RUN refined_pair target=13_Xiao_10_solution.pdb model=13_Xiao_10_refined.pdb -> id=Xiao_10
2026-03-10 00:29:27 	 Docker cmd: docker run --rm -v D:\Studia\Projekty\gsp-lab:/work -v D:\Studia\Projekty\RNA_assessment:/rna_assessment -e RNA_ASSESSMENT_ROOT=/rna_assessment -e PYTHONPATH=/rna_assessment mcannotate-runtime python3 /work/src/utils/INF.py /work/data/finished/PZ13/pdb/13_Xiao_10_solution.pdb /work/data/finished/PZ13/pdb/13_Xiao_10_refined.pdb
2026-03-10 00:29:30 	 Docker exit code: 0
2026-03-10 00:29:30 	 Docker output length: 347
2026-03-10 00:29:30 	 Saved CSV: PZ13,Xiao_10,Xiao,10,refined_pair,0.4960793170217202,0.26462806201248157,0,13_Xiao_10_solution.pdb,13_Xiao_10_refined.pdb
2026-03-10 00:29:30 	 RUN refined_pair target=13_Xiao_2_solution.pdb model=13_Xiao_2_refined.pdb -> id=Xiao_2
2026-03-10 00:29:30 	 Docker cmd: docker run --rm -v D:\Studia\Projekty\gsp-lab:/work -v D:\Studia\Projekty\RNA_assessment:/rna_assessment -e RNA_ASSESSMENT_ROOT=/rna_assessment -e PYTHONPATH=/rna_assessment mcannotate-runtime python3 /work/src/utils/INF.py /work/data/finished/PZ13/pdb/13_Xiao_2_solution.pdb /work/data/finished/PZ13/pdb/13_Xiao_2_refined.pdb
2026-03-10 00:29:32 	 Docker exit code: 0
2026-03-10 00:29:32 	 Docker output length: 331
2026-03-10 00:29:32 	 Saved CSV: PZ13,Xiao_2,Xiao,2,refined_pair,0.22759161936565117,0,0,13_Xiao_2_solution.pdb,13_Xiao_2_refined.pdb
2026-03-10 00:29:32 	 RUN refined_pair target=13_Xiao_3_solution.pdb model=13_Xiao_3_refined.pdb -> id=Xiao_3
2026-03-10 00:29:33 	 Docker cmd: docker run --rm -v D:\Studia\Projekty\gsp-lab:/work -v D:\Studia\Projekty\RNA_assessment:/rna_assessment -e RNA_ASSESSMENT_ROOT=/rna_assessment -e PYTHONPATH=/rna_assessment mcannotate-runtime python3 /work/src/utils/INF.py /work/data/finished/PZ13/pdb/13_Xiao_3_solution.pdb /work/data/finished/PZ13/pdb/13_Xiao_3_refined.pdb
2026-03-10 00:29:35 	 Docker exit code: 0
2026-03-10 00:29:35 	 Docker output length: 329
2026-03-10 00:29:35 	 Saved CSV: PZ13,Xiao_3,Xiao,3,refined_pair,0.160675602081711,0,0,13_Xiao_3_solution.pdb,13_Xiao_3_refined.pdb
2026-03-10 00:29:36 	 RUN refined_pair target=13_Xiao_4_solution.pdb model=13_Xiao_4_refined.pdb -> id=Xiao_4
2026-03-10 00:29:36 	 Docker cmd: docker run --rm -v D:\Studia\Projekty\gsp-lab:/work -v D:\Studia\Projekty\RNA_assessment:/rna_assessment -e RNA_ASSESSMENT_ROOT=/rna_assessment -e PYTHONPATH=/rna_assessment mcannotate-runtime python3 /work/src/utils/INF.py /work/data/finished/PZ13/pdb/13_Xiao_4_solution.pdb /work/data/finished/PZ13/pdb/13_Xiao_4_refined.pdb
2026-03-10 00:29:39 	 Docker exit code: 0
2026-03-10 00:29:39 	 Docker output length: 346
2026-03-10 00:29:39 	 Saved CSV: PZ13,Xiao_4,Xiao,4,refined_pair,0.43406940239400515,0.26462806201248157,0,13_Xiao_4_solution.pdb,13_Xiao_4_refined.pdb
2026-03-10 00:29:39 	 RUN refined_pair target=13_Xiao_5_solution.pdb model=13_Xiao_5_refined.pdb -> id=Xiao_5
2026-03-10 00:29:39 	 Docker cmd: docker run --rm -v D:\Studia\Projekty\gsp-lab:/work -v D:\Studia\Projekty\RNA_assessment:/rna_assessment -e RNA_ASSESSMENT_ROOT=/rna_assessment -e PYTHONPATH=/rna_assessment mcannotate-runtime python3 /work/src/utils/INF.py /work/data/finished/PZ13/pdb/13_Xiao_5_solution.pdb /work/data/finished/PZ13/pdb/13_Xiao_5_refined.pdb
2026-03-10 00:29:41 	 Docker exit code: 0
2026-03-10 00:29:41 	 Docker output length: 359
2026-03-10 00:29:41 	 Saved CSV: PZ13,Xiao_5,Xiao,5,refined_pair,0.7168770265762997,0.7200822998230956,0.6666666666666666,13_Xiao_5_solution.pdb,13_Xiao_5_refined.pdb
2026-03-10 00:29:41 	 RUN refined_pair target=13_Xiao_6_solution.pdb model=13_Xiao_6_refined.pdb -> id=Xiao_6
2026-03-10 00:29:41 	 Docker cmd: docker run --rm -v D:\Studia\Projekty\gsp-lab:/work -v D:\Studia\Projekty\RNA_assessment:/rna_assessment -e RNA_ASSESSMENT_ROOT=/rna_assessment -e PYTHONPATH=/rna_assessment mcannotate-runtime python3 /work/src/utils/INF.py /work/data/finished/PZ13/pdb/13_Xiao_6_solution.pdb /work/data/finished/PZ13/pdb/13_Xiao_6_refined.pdb
2026-03-10 00:29:44 	 Docker exit code: 0
2026-03-10 00:29:44 	 Docker output length: 344
2026-03-10 00:29:44 	 Saved CSV: PZ13,Xiao_6,Xiao,6,refined_pair,0.481912405672442,0.3026137663344012,0,13_Xiao_6_solution.pdb,13_Xiao_6_refined.pdb
2026-03-10 00:29:44 	 RUN refined_pair target=13_Xiao_7_solution.pdb model=13_Xiao_7_refined.pdb -> id=Xiao_7
2026-03-10 00:29:44 	 Docker cmd: docker run --rm -v D:\Studia\Projekty\gsp-lab:/work -v D:\Studia\Projekty\RNA_assessment:/rna_assessment -e RNA_ASSESSMENT_ROOT=/rna_assessment -e PYTHONPATH=/rna_assessment mcannotate-runtime python3 /work/src/utils/INF.py /work/data/finished/PZ13/pdb/13_Xiao_7_solution.pdb /work/data/finished/PZ13/pdb/13_Xiao_7_refined.pdb
2026-03-10 00:29:47 	 Docker exit code: 0
2026-03-10 00:29:47 	 Docker output length: 345
2026-03-10 00:29:47 	 Saved CSV: PZ13,Xiao_7,Xiao,7,refined_pair,0.44387735445735266,0.2817180849095055,0,13_Xiao_7_solution.pdb,13_Xiao_7_refined.pdb
2026-03-10 00:29:47 	 RUN refined_pair target=13_Xiao_8_solution.pdb model=13_Xiao_8_refined.pdb -> id=Xiao_8
2026-03-10 00:29:47 	 Docker cmd: docker run --rm -v D:\Studia\Projekty\gsp-lab:/work -v D:\Studia\Projekty\RNA_assessment:/rna_assessment -e RNA_ASSESSMENT_ROOT=/rna_assessment -e PYTHONPATH=/rna_assessment mcannotate-runtime python3 /work/src/utils/INF.py /work/data/finished/PZ13/pdb/13_Xiao_8_solution.pdb /work/data/finished/PZ13/pdb/13_Xiao_8_refined.pdb
2026-03-10 00:29:50 	 Docker exit code: 0
2026-03-10 00:29:50 	 Docker output length: 345
2026-03-10 00:29:50 	 Saved CSV: PZ13,Xiao_8,Xiao,8,refined_pair,0.4723612442957269,0.25717224993681986,0,13_Xiao_8_solution.pdb,13_Xiao_8_refined.pdb
2026-03-10 00:29:50 	 RUN refined_pair target=13_Xiao_9_solution.pdb model=13_Xiao_9_refined.pdb -> id=Xiao_9
2026-03-10 00:29:51 	 Docker cmd: docker run --rm -v D:\Studia\Projekty\gsp-lab:/work -v D:\Studia\Projekty\RNA_assessment:/rna_assessment -e RNA_ASSESSMENT_ROOT=/rna_assessment -e PYTHONPATH=/rna_assessment mcannotate-runtime python3 /work/src/utils/INF.py /work/data/finished/PZ13/pdb/13_Xiao_9_solution.pdb /work/data/finished/PZ13/pdb/13_Xiao_9_refined.pdb
2026-03-10 00:29:53 	 Docker exit code: 0
2026-03-10 00:29:53 	 Docker output length: 346
2026-03-10 00:29:53 	 Saved CSV: PZ13,Xiao_9,Xiao,9,refined_pair,0.4848847526696838,0.29160592175990213,0,13_Xiao_9_solution.pdb,13_Xiao_9_refined.pdb
2026-03-10 00:29:53 	 SKIP (model is a solution file): 13_Adamiak_1_solution.pdb
2026-03-10 00:29:53 	 SKIP (model is a solution file): 13_Bujnicki_1_solution.pdb
2026-03-10 00:29:53 	 SKIP (model is a solution file): 13_Bujnicki_10_solution.pdb
2026-03-10 00:29:53 	 SKIP (model is a solution file): 13_Bujnicki_2_solution.pdb
2026-03-10 00:29:53 	 SKIP (model is a solution file): 13_Bujnicki_3_solution.pdb
2026-03-10 00:29:53 	 SKIP (model is a solution file): 13_Bujnicki_4_solution.pdb
2026-03-10 00:29:53 	 SKIP (model is a solution file): 13_Bujnicki_5_solution.pdb
2026-03-10 00:29:53 	 SKIP (model is a solution file): 13_Bujnicki_6_solution.pdb
2026-03-10 00:29:53 	 SKIP (model is a solution file): 13_Bujnicki_7_solution.pdb
2026-03-10 00:29:53 	 SKIP (model is a solution file): 13_Bujnicki_8_solution.pdb
2026-03-10 00:29:53 	 SKIP (model is a solution file): 13_Bujnicki_9_solution.pdb
2026-03-10 00:29:53 	 SKIP (model is a solution file): 13_Chen_1_solution.pdb
2026-03-10 00:29:53 	 SKIP (model is a solution file): 13_Chen_2_solution.pdb
2026-03-10 00:29:53 	 SKIP (model is a solution file): 13_Chen_3_solution.pdb
2026-03-10 00:29:53 	 SKIP (model is a solution file): 13_Chen_4_solution.pdb
2026-03-10 00:29:53 	 SKIP (model is a solution file): 13_Chen_5_solution.pdb
2026-03-10 00:29:53 	 SKIP (model is a solution file): 13_Chen_6_solution.pdb
2026-03-10 00:29:53 	 SKIP (model is a solution file): 13_Chen_7_solution.pdb
2026-03-10 00:29:53 	 SKIP (model is a solution file): 13_Chen_8_solution.pdb
2026-03-10 00:29:53 	 SKIP (model is a solution file): 13_Chen_9_solution.pdb
2026-03-10 00:29:53 	 SKIP (model is a solution file): 13_Das_1_solution.pdb
2026-03-10 00:29:53 	 SKIP (model is a solution file): 13_Das_10_solution.pdb
2026-03-10 00:29:53 	 SKIP (model is a solution file): 13_Das_2_solution.pdb
2026-03-10 00:29:53 	 SKIP (model is a solution file): 13_Das_3_solution.pdb
2026-03-10 00:29:54 	 SKIP (model is a solution file): 13_Das_4_solution.pdb
2026-03-10 00:29:54 	 SKIP (model is a solution file): 13_Das_5_solution.pdb
2026-03-10 00:29:54 	 SKIP (model is a solution file): 13_Das_6_solution.pdb
2026-03-10 00:29:54 	 SKIP (model is a solution file): 13_Das_7_solution.pdb
2026-03-10 00:29:54 	 SKIP (model is a solution file): 13_Das_8_solution.pdb
2026-03-10 00:29:54 	 SKIP (model is a solution file): 13_Das_9_solution.pdb
2026-03-10 00:29:54 	 SKIP (model is a solution file): 13_Ding_1_solution.pdb
2026-03-10 00:29:54 	 SKIP (model is a solution file): 13_Ding_10_solution.pdb
2026-03-10 00:29:54 	 SKIP (model is a solution file): 13_Ding_2_solution.pdb
2026-03-10 00:29:54 	 SKIP (model is a solution file): 13_Ding_3_solution.pdb
2026-03-10 00:29:54 	 SKIP (model is a solution file): 13_Ding_4_solution.pdb
2026-03-10 00:29:54 	 SKIP (model is a solution file): 13_Ding_5_solution.pdb
2026-03-10 00:29:54 	 SKIP (model is a solution file): 13_Ding_6_solution.pdb
2026-03-10 00:29:54 	 SKIP (model is a solution file): 13_Ding_7_solution.pdb
2026-03-10 00:29:54 	 SKIP (model is a solution file): 13_Ding_8_solution.pdb
2026-03-10 00:29:54 	 SKIP (model is a solution file): 13_Ding_9_solution.pdb
2026-03-10 00:29:54 	 SKIP (model is a solution file): 13_Dokholyan_1_solution.pdb
2026-03-10 00:29:54 	 SKIP (model is a solution file): 13_Dokholyan_2_solution.pdb
2026-03-10 00:29:54 	 SKIP (model is a solution file): 13_Dokholyan_3_solution.pdb
2026-03-10 00:29:54 	 SKIP (model is a solution file): 13_Dokholyan_4_solution.pdb
2026-03-10 00:29:54 	 SKIP (model is a solution file): 13_Dokholyan_5_solution.pdb
2026-03-10 00:29:54 	 SKIP (model is a solution file): 13_Xiao_1_solution.pdb
2026-03-10 00:29:54 	 SKIP (model is a solution file): 13_Xiao_10_solution.pdb
2026-03-10 00:29:54 	 SKIP (model is a solution file): 13_Xiao_2_solution.pdb
2026-03-10 00:29:54 	 SKIP (model is a solution file): 13_Xiao_3_solution.pdb
2026-03-10 00:29:54 	 SKIP (model is a solution file): 13_Xiao_4_solution.pdb
2026-03-10 00:29:54 	 SKIP (model is a solution file): 13_Xiao_5_solution.pdb
2026-03-10 00:29:54 	 SKIP (model is a solution file): 13_Xiao_6_solution.pdb
2026-03-10 00:29:54 	 SKIP (model is a solution file): 13_Xiao_7_solution.pdb
2026-03-10 00:29:54 	 SKIP (model is a solution file): 13_Xiao_8_solution.pdb
2026-03-10 00:29:54 	 SKIP (model is a solution file): 13_Xiao_9_solution.pdb
2026-03-10 00:29:54 	 DONE case: PZ13
2026-03-10 01:12:38 	 START case: PZ13
2026-03-10 01:12:38 	 caseDir: D:\Studia\Projekty\gsp-lab\data\finished\PZ13
2026-03-10 01:12:38 	 pdbDir: D:\Studia\Projekty\gsp-lab\data\finished\PZ13\pdb
2026-03-10 01:12:38 	 Found pdb count: 110
2026-03-10 01:12:38 	 Global solution: 13_Adamiak_1_solution.pdb
2026-03-10 01:12:38 	 SKIP already recorded (refined): Adamiak_1
2026-03-10 01:12:38 	 SKIP already recorded (refined): Bujnicki_1
2026-03-10 01:12:38 	 SKIP already recorded (refined): Bujnicki_10
2026-03-10 01:12:38 	 SKIP already recorded (refined): Bujnicki_2
2026-03-10 01:12:38 	 SKIP already recorded (refined): Bujnicki_3
2026-03-10 01:12:38 	 SKIP already recorded (refined): Bujnicki_4
2026-03-10 01:12:38 	 SKIP already recorded (refined): Bujnicki_5
2026-03-10 01:12:38 	 SKIP already recorded (refined): Bujnicki_6
2026-03-10 01:12:38 	 SKIP already recorded (refined): Bujnicki_7
2026-03-10 01:12:38 	 SKIP already recorded (refined): Bujnicki_8
2026-03-10 01:12:38 	 SKIP already recorded (refined): Bujnicki_9
2026-03-10 01:12:38 	 SKIP already recorded (refined): Chen_1
2026-03-10 01:12:38 	 SKIP already recorded (refined): Chen_2
2026-03-10 01:12:38 	 SKIP already recorded (refined): Chen_3
2026-03-10 01:12:38 	 SKIP already recorded (refined): Chen_4
2026-03-10 01:12:38 	 SKIP already recorded (refined): Chen_5
2026-03-10 01:12:38 	 SKIP already recorded (refined): Chen_6
2026-03-10 01:12:38 	 SKIP already recorded (refined): Chen_7
2026-03-10 01:12:38 	 SKIP already recorded (refined): Chen_8
2026-03-10 01:12:38 	 SKIP already recorded (refined): Chen_9
2026-03-10 01:12:38 	 SKIP already recorded (refined): Das_1
2026-03-10 01:12:38 	 SKIP already recorded (refined): Das_10
2026-03-10 01:12:38 	 SKIP already recorded (refined): Das_2
2026-03-10 01:12:39 	 SKIP already recorded (refined): Das_3
2026-03-10 01:12:39 	 SKIP already recorded (refined): Das_4
2026-03-10 01:12:39 	 SKIP already recorded (refined): Das_5
2026-03-10 01:12:39 	 SKIP already recorded (refined): Das_6
2026-03-10 01:12:39 	 SKIP already recorded (refined): Das_7
2026-03-10 01:12:39 	 SKIP already recorded (refined): Das_8
2026-03-10 01:12:39 	 SKIP already recorded (refined): Das_9
2026-03-10 01:12:39 	 SKIP already recorded (refined): Ding_1
2026-03-10 01:12:39 	 SKIP already recorded (refined): Ding_10
2026-03-10 01:12:39 	 SKIP already recorded (refined): Ding_2
2026-03-10 01:12:39 	 SKIP already recorded (refined): Ding_3
2026-03-10 01:12:39 	 SKIP already recorded (refined): Ding_4
2026-03-10 01:12:39 	 SKIP already recorded (refined): Ding_5
2026-03-10 01:12:39 	 SKIP already recorded (refined): Ding_6
2026-03-10 01:12:39 	 SKIP already recorded (refined): Ding_7
2026-03-10 01:12:39 	 SKIP already recorded (refined): Ding_8
2026-03-10 01:12:39 	 SKIP already recorded (refined): Ding_9
2026-03-10 01:12:39 	 SKIP already recorded (refined): Dokholyan_1
2026-03-10 01:12:39 	 SKIP already recorded (refined): Dokholyan_2
2026-03-10 01:12:39 	 SKIP already recorded (refined): Dokholyan_3
2026-03-10 01:12:39 	 SKIP already recorded (refined): Dokholyan_4
2026-03-10 01:12:39 	 SKIP already recorded (refined): Dokholyan_5
2026-03-10 01:12:39 	 SKIP already recorded (refined): Xiao_1
2026-03-10 01:12:39 	 SKIP already recorded (refined): Xiao_10
2026-03-10 01:12:39 	 SKIP already recorded (refined): Xiao_2
2026-03-10 01:12:39 	 SKIP already recorded (refined): Xiao_3
2026-03-10 01:12:39 	 SKIP already recorded (refined): Xiao_4
2026-03-10 01:12:39 	 SKIP already recorded (refined): Xiao_5
2026-03-10 01:12:39 	 SKIP already recorded (refined): Xiao_6
2026-03-10 01:12:39 	 SKIP already recorded (refined): Xiao_7
2026-03-10 01:12:39 	 SKIP already recorded (refined): Xiao_8
2026-03-10 01:12:39 	 SKIP already recorded (refined): Xiao_9
2026-03-10 01:12:39 	 SKIP (model is a solution file): 13_Adamiak_1_solution.pdb
2026-03-10 01:12:39 	 SKIP (model is a solution file): 13_Bujnicki_1_solution.pdb
2026-03-10 01:12:39 	 SKIP (model is a solution file): 13_Bujnicki_10_solution.pdb
2026-03-10 01:12:39 	 SKIP (model is a solution file): 13_Bujnicki_2_solution.pdb
2026-03-10 01:12:39 	 SKIP (model is a solution file): 13_Bujnicki_3_solution.pdb
2026-03-10 01:12:39 	 SKIP (model is a solution file): 13_Bujnicki_4_solution.pdb
2026-03-10 01:12:39 	 SKIP (model is a solution file): 13_Bujnicki_5_solution.pdb
2026-03-10 01:12:39 	 SKIP (model is a solution file): 13_Bujnicki_6_solution.pdb
2026-03-10 01:12:39 	 SKIP (model is a solution file): 13_Bujnicki_7_solution.pdb
2026-03-10 01:12:39 	 SKIP (model is a solution file): 13_Bujnicki_8_solution.pdb
2026-03-10 01:12:39 	 SKIP (model is a solution file): 13_Bujnicki_9_solution.pdb
2026-03-10 01:12:39 	 SKIP (model is a solution file): 13_Chen_1_solution.pdb
2026-03-10 01:12:39 	 SKIP (model is a solution file): 13_Chen_2_solution.pdb
2026-03-10 01:12:39 	 SKIP (model is a solution file): 13_Chen_3_solution.pdb
2026-03-10 01:12:39 	 SKIP (model is a solution file): 13_Chen_4_solution.pdb
2026-03-10 01:12:39 	 SKIP (model is a solution file): 13_Chen_5_solution.pdb
2026-03-10 01:12:39 	 SKIP (model is a solution file): 13_Chen_6_solution.pdb
2026-03-10 01:12:39 	 SKIP (model is a solution file): 13_Chen_7_solution.pdb
2026-03-10 01:12:39 	 SKIP (model is a solution file): 13_Chen_8_solution.pdb
2026-03-10 01:12:39 	 SKIP (model is a solution file): 13_Chen_9_solution.pdb
2026-03-10 01:12:39 	 SKIP (model is a solution file): 13_Das_1_solution.pdb
2026-03-10 01:12:39 	 SKIP (model is a solution file): 13_Das_10_solution.pdb
2026-03-10 01:12:39 	 SKIP (model is a solution file): 13_Das_2_solution.pdb
2026-03-10 01:12:39 	 SKIP (model is a solution file): 13_Das_3_solution.pdb
2026-03-10 01:12:39 	 SKIP (model is a solution file): 13_Das_4_solution.pdb
2026-03-10 01:12:39 	 SKIP (model is a solution file): 13_Das_5_solution.pdb
2026-03-10 01:12:39 	 SKIP (model is a solution file): 13_Das_6_solution.pdb
2026-03-10 01:12:39 	 SKIP (model is a solution file): 13_Das_7_solution.pdb
2026-03-10 01:12:39 	 SKIP (model is a solution file): 13_Das_8_solution.pdb
2026-03-10 01:12:40 	 SKIP (model is a solution file): 13_Das_9_solution.pdb
2026-03-10 01:12:40 	 SKIP (model is a solution file): 13_Ding_1_solution.pdb
2026-03-10 01:12:40 	 SKIP (model is a solution file): 13_Ding_10_solution.pdb
2026-03-10 01:12:40 	 SKIP (model is a solution file): 13_Ding_2_solution.pdb
2026-03-10 01:12:40 	 SKIP (model is a solution file): 13_Ding_3_solution.pdb
2026-03-10 01:12:40 	 SKIP (model is a solution file): 13_Ding_4_solution.pdb
2026-03-10 01:12:40 	 SKIP (model is a solution file): 13_Ding_5_solution.pdb
2026-03-10 01:12:40 	 SKIP (model is a solution file): 13_Ding_6_solution.pdb
2026-03-10 01:12:40 	 SKIP (model is a solution file): 13_Ding_7_solution.pdb
2026-03-10 01:12:40 	 SKIP (model is a solution file): 13_Ding_8_solution.pdb
2026-03-10 01:12:40 	 SKIP (model is a solution file): 13_Ding_9_solution.pdb
2026-03-10 01:12:40 	 SKIP (model is a solution file): 13_Dokholyan_1_solution.pdb
2026-03-10 01:12:40 	 SKIP (model is a solution file): 13_Dokholyan_2_solution.pdb
2026-03-10 01:12:40 	 SKIP (model is a solution file): 13_Dokholyan_3_solution.pdb
2026-03-10 01:12:40 	 SKIP (model is a solution file): 13_Dokholyan_4_solution.pdb
2026-03-10 01:12:40 	 SKIP (model is a solution file): 13_Dokholyan_5_solution.pdb
2026-03-10 01:12:40 	 SKIP (model is a solution file): 13_Xiao_1_solution.pdb
2026-03-10 01:12:40 	 SKIP (model is a solution file): 13_Xiao_10_solution.pdb
2026-03-10 01:12:40 	 SKIP (model is a solution file): 13_Xiao_2_solution.pdb
2026-03-10 01:12:40 	 SKIP (model is a solution file): 13_Xiao_3_solution.pdb
2026-03-10 01:12:40 	 SKIP (model is a solution file): 13_Xiao_4_solution.pdb
2026-03-10 01:12:40 	 SKIP (model is a solution file): 13_Xiao_5_solution.pdb
2026-03-10 01:12:40 	 SKIP (model is a solution file): 13_Xiao_6_solution.pdb
2026-03-10 01:12:40 	 SKIP (model is a solution file): 13_Xiao_7_solution.pdb
2026-03-10 01:12:40 	 SKIP (model is a solution file): 13_Xiao_8_solution.pdb
2026-03-10 01:12:40 	 SKIP (model is a solution file): 13_Xiao_9_solution.pdb
2026-03-10 01:12:40 	 DONE case: PZ13
2026-03-10 01:17:23 	 START case: PZ13
2026-03-10 01:17:23 	 caseDir: D:\Studia\Projekty\gsp-lab\data\finished\PZ13
2026-03-10 01:17:23 	 pdbDir: D:\Studia\Projekty\gsp-lab\data\finished\PZ13\pdb
2026-03-10 01:17:23 	 Found pdb count: 110
2026-03-10 01:17:23 	 Global solution: 13_Adamiak_1_solution.pdb
2026-03-10 01:17:23 	 SKIP already recorded (refined): Adamiak_1
2026-03-10 01:17:23 	 SKIP already recorded (refined): Bujnicki_1
2026-03-10 01:17:23 	 SKIP already recorded (refined): Bujnicki_10
2026-03-10 01:17:23 	 SKIP already recorded (refined): Bujnicki_2
2026-03-10 01:17:23 	 SKIP already recorded (refined): Bujnicki_3
2026-03-10 01:17:23 	 SKIP already recorded (refined): Bujnicki_4
2026-03-10 01:17:23 	 SKIP already recorded (refined): Bujnicki_5
2026-03-10 01:17:23 	 SKIP already recorded (refined): Bujnicki_6
2026-03-10 01:17:23 	 SKIP already recorded (refined): Bujnicki_7
2026-03-10 01:17:23 	 SKIP already recorded (refined): Bujnicki_8
2026-03-10 01:17:23 	 SKIP already recorded (refined): Bujnicki_9
2026-03-10 01:17:23 	 SKIP already recorded (refined): Chen_1
2026-03-10 01:17:23 	 SKIP already recorded (refined): Chen_2
2026-03-10 01:17:23 	 SKIP already recorded (refined): Chen_3
2026-03-10 01:17:23 	 SKIP already recorded (refined): Chen_4
2026-03-10 01:17:23 	 SKIP already recorded (refined): Chen_5
2026-03-10 01:17:23 	 SKIP already recorded (refined): Chen_6
2026-03-10 01:17:23 	 SKIP already recorded (refined): Chen_7
2026-03-10 01:17:23 	 SKIP already recorded (refined): Chen_8
2026-03-10 01:17:23 	 SKIP already recorded (refined): Chen_9
2026-03-10 01:17:23 	 SKIP already recorded (refined): Das_1
2026-03-10 01:17:23 	 SKIP already recorded (refined): Das_10
2026-03-10 01:17:23 	 SKIP already recorded (refined): Das_2
2026-03-10 01:17:23 	 SKIP already recorded (refined): Das_3
2026-03-10 01:17:23 	 SKIP already recorded (refined): Das_4
2026-03-10 01:17:23 	 SKIP already recorded (refined): Das_5
2026-03-10 01:17:23 	 SKIP already recorded (refined): Das_6
2026-03-10 01:17:23 	 SKIP already recorded (refined): Das_7
2026-03-10 01:17:23 	 SKIP already recorded (refined): Das_8
2026-03-10 01:17:23 	 SKIP already recorded (refined): Das_9
2026-03-10 01:17:23 	 SKIP already recorded (refined): Ding_1
2026-03-10 01:17:24 	 SKIP already recorded (refined): Ding_10
2026-03-10 01:17:24 	 SKIP already recorded (refined): Ding_2
2026-03-10 01:17:24 	 SKIP already recorded (refined): Ding_3
2026-03-10 01:17:24 	 SKIP already recorded (refined): Ding_4
2026-03-10 01:17:24 	 SKIP already recorded (refined): Ding_5
2026-03-10 01:17:24 	 SKIP already recorded (refined): Ding_6
2026-03-10 01:17:24 	 SKIP already recorded (refined): Ding_7
2026-03-10 01:17:24 	 SKIP already recorded (refined): Ding_8
2026-03-10 01:17:24 	 SKIP already recorded (refined): Ding_9
2026-03-10 01:17:24 	 SKIP already recorded (refined): Dokholyan_1
2026-03-10 01:17:24 	 SKIP already recorded (refined): Dokholyan_2
2026-03-10 01:17:24 	 SKIP already recorded (refined): Dokholyan_3
2026-03-10 01:17:24 	 SKIP already recorded (refined): Dokholyan_4
2026-03-10 01:17:24 	 SKIP already recorded (refined): Dokholyan_5
2026-03-10 01:17:24 	 SKIP already recorded (refined): Xiao_1
2026-03-10 01:17:24 	 SKIP already recorded (refined): Xiao_10
2026-03-10 01:17:24 	 SKIP already recorded (refined): Xiao_2
2026-03-10 01:17:24 	 SKIP already recorded (refined): Xiao_3
2026-03-10 01:17:24 	 SKIP already recorded (refined): Xiao_4
2026-03-10 01:17:24 	 SKIP already recorded (refined): Xiao_5
2026-03-10 01:17:24 	 SKIP already recorded (refined): Xiao_6
2026-03-10 01:17:24 	 SKIP already recorded (refined): Xiao_7
2026-03-10 01:17:24 	 SKIP already recorded (refined): Xiao_8
2026-03-10 01:17:24 	 SKIP already recorded (refined): Xiao_9
2026-03-10 01:17:24 	 SKIP (model is a solution file): 13_Adamiak_1_solution.pdb
2026-03-10 01:17:24 	 SKIP (model is a solution file): 13_Bujnicki_1_solution.pdb
2026-03-10 01:17:24 	 SKIP (model is a solution file): 13_Bujnicki_10_solution.pdb
2026-03-10 01:17:24 	 SKIP (model is a solution file): 13_Bujnicki_2_solution.pdb
2026-03-10 01:17:24 	 SKIP (model is a solution file): 13_Bujnicki_3_solution.pdb
2026-03-10 01:17:24 	 SKIP (model is a solution file): 13_Bujnicki_4_solution.pdb
2026-03-10 01:17:24 	 SKIP (model is a solution file): 13_Bujnicki_5_solution.pdb
2026-03-10 01:17:24 	 SKIP (model is a solution file): 13_Bujnicki_6_solution.pdb
2026-03-10 01:17:24 	 SKIP (model is a solution file): 13_Bujnicki_7_solution.pdb
2026-03-10 01:17:24 	 SKIP (model is a solution file): 13_Bujnicki_8_solution.pdb
2026-03-10 01:17:24 	 SKIP (model is a solution file): 13_Bujnicki_9_solution.pdb
2026-03-10 01:17:24 	 SKIP (model is a solution file): 13_Chen_1_solution.pdb
2026-03-10 01:17:24 	 SKIP (model is a solution file): 13_Chen_2_solution.pdb
2026-03-10 01:17:24 	 SKIP (model is a solution file): 13_Chen_3_solution.pdb
2026-03-10 01:17:24 	 SKIP (model is a solution file): 13_Chen_4_solution.pdb
2026-03-10 01:17:24 	 SKIP (model is a solution file): 13_Chen_5_solution.pdb
2026-03-10 01:17:24 	 SKIP (model is a solution file): 13_Chen_6_solution.pdb
2026-03-10 01:17:24 	 SKIP (model is a solution file): 13_Chen_7_solution.pdb
2026-03-10 01:17:24 	 SKIP (model is a solution file): 13_Chen_8_solution.pdb
2026-03-10 01:17:24 	 SKIP (model is a solution file): 13_Chen_9_solution.pdb
2026-03-10 01:17:24 	 SKIP (model is a solution file): 13_Das_1_solution.pdb
2026-03-10 01:17:24 	 SKIP (model is a solution file): 13_Das_10_solution.pdb
2026-03-10 01:17:24 	 SKIP (model is a solution file): 13_Das_2_solution.pdb
2026-03-10 01:17:24 	 SKIP (model is a solution file): 13_Das_3_solution.pdb
2026-03-10 01:17:24 	 SKIP (model is a solution file): 13_Das_4_solution.pdb
2026-03-10 01:17:24 	 SKIP (model is a solution file): 13_Das_5_solution.pdb
2026-03-10 01:17:24 	 SKIP (model is a solution file): 13_Das_6_solution.pdb
2026-03-10 01:17:24 	 SKIP (model is a solution file): 13_Das_7_solution.pdb
2026-03-10 01:17:24 	 SKIP (model is a solution file): 13_Das_8_solution.pdb
2026-03-10 01:17:24 	 SKIP (model is a solution file): 13_Das_9_solution.pdb
2026-03-10 01:17:24 	 SKIP (model is a solution file): 13_Ding_1_solution.pdb
2026-03-10 01:17:24 	 SKIP (model is a solution file): 13_Ding_10_solution.pdb
2026-03-10 01:17:24 	 SKIP (model is a solution file): 13_Ding_2_solution.pdb
2026-03-10 01:17:24 	 SKIP (model is a solution file): 13_Ding_3_solution.pdb
2026-03-10 01:17:24 	 SKIP (model is a solution file): 13_Ding_4_solution.pdb
2026-03-10 01:17:24 	 SKIP (model is a solution file): 13_Ding_5_solution.pdb
2026-03-10 01:17:24 	 SKIP (model is a solution file): 13_Ding_6_solution.pdb
2026-03-10 01:17:24 	 SKIP (model is a solution file): 13_Ding_7_solution.pdb
2026-03-10 01:17:24 	 SKIP (model is a solution file): 13_Ding_8_solution.pdb
2026-03-10 01:17:24 	 SKIP (model is a solution file): 13_Ding_9_solution.pdb
2026-03-10 01:17:24 	 SKIP (model is a solution file): 13_Dokholyan_1_solution.pdb
2026-03-10 01:17:24 	 SKIP (model is a solution file): 13_Dokholyan_2_solution.pdb
2026-03-10 01:17:24 	 SKIP (model is a solution file): 13_Dokholyan_3_solution.pdb
2026-03-10 01:17:24 	 SKIP (model is a solution file): 13_Dokholyan_4_solution.pdb
2026-03-10 01:17:24 	 SKIP (model is a solution file): 13_Dokholyan_5_solution.pdb
2026-03-10 01:17:24 	 SKIP (model is a solution file): 13_Xiao_1_solution.pdb
2026-03-10 01:17:24 	 SKIP (model is a solution file): 13_Xiao_10_solution.pdb
2026-03-10 01:17:24 	 SKIP (model is a solution file): 13_Xiao_2_solution.pdb
2026-03-10 01:17:24 	 SKIP (model is a solution file): 13_Xiao_3_solution.pdb
2026-03-10 01:17:24 	 SKIP (model is a solution file): 13_Xiao_4_solution.pdb
2026-03-10 01:17:24 	 SKIP (model is a solution file): 13_Xiao_5_solution.pdb
2026-03-10 01:17:24 	 SKIP (model is a solution file): 13_Xiao_6_solution.pdb
2026-03-10 01:17:24 	 SKIP (model is a solution file): 13_Xiao_7_solution.pdb
2026-03-10 01:17:24 	 SKIP (model is a solution file): 13_Xiao_8_solution.pdb
2026-03-10 01:17:24 	 SKIP (model is a solution file): 13_Xiao_9_solution.pdb
2026-03-10 01:17:24 	 DONE case: PZ13
2026-03-10 01:21:49 	 START case: PZ13
2026-03-10 01:21:49 	 caseDir: D:\Studia\Projekty\gsp-lab\data\finished\PZ13
2026-03-10 01:21:49 	 pdbDir: D:\Studia\Projekty\gsp-lab\data\finished\PZ13\pdb
2026-03-10 01:21:49 	 Found pdb count: 110
2026-03-10 01:21:49 	 Global solution: 13_Adamiak_1_solution.pdb
2026-03-10 01:21:49 	 SKIP already recorded (refined): Adamiak_1
2026-03-10 01:21:49 	 SKIP already recorded (refined): Bujnicki_1
2026-03-10 01:21:49 	 SKIP already recorded (refined): Bujnicki_10
2026-03-10 01:21:49 	 SKIP already recorded (refined): Bujnicki_2
2026-03-10 01:21:49 	 SKIP already recorded (refined): Bujnicki_3
2026-03-10 01:21:49 	 SKIP already recorded (refined): Bujnicki_4
2026-03-10 01:21:50 	 SKIP already recorded (refined): Bujnicki_5
2026-03-10 01:21:50 	 SKIP already recorded (refined): Bujnicki_6
2026-03-10 01:21:50 	 SKIP already recorded (refined): Bujnicki_7
2026-03-10 01:21:50 	 SKIP already recorded (refined): Bujnicki_8
2026-03-10 01:21:50 	 SKIP already recorded (refined): Bujnicki_9
2026-03-10 01:21:50 	 SKIP already recorded (refined): Chen_1
2026-03-10 01:21:50 	 SKIP already recorded (refined): Chen_2
2026-03-10 01:21:50 	 SKIP already recorded (refined): Chen_3
2026-03-10 01:21:50 	 SKIP already recorded (refined): Chen_4
2026-03-10 01:21:50 	 SKIP already recorded (refined): Chen_5
2026-03-10 01:21:50 	 SKIP already recorded (refined): Chen_6
2026-03-10 01:21:50 	 SKIP already recorded (refined): Chen_7
2026-03-10 01:21:50 	 SKIP already recorded (refined): Chen_8
2026-03-10 01:21:50 	 SKIP already recorded (refined): Chen_9
2026-03-10 01:21:50 	 SKIP already recorded (refined): Das_1
2026-03-10 01:21:50 	 SKIP already recorded (refined): Das_10
2026-03-10 01:21:50 	 SKIP already recorded (refined): Das_2
2026-03-10 01:21:50 	 SKIP already recorded (refined): Das_3
2026-03-10 01:21:50 	 SKIP already recorded (refined): Das_4
2026-03-10 01:21:50 	 SKIP already recorded (refined): Das_5
2026-03-10 01:21:50 	 SKIP already recorded (refined): Das_6
2026-03-10 01:21:50 	 SKIP already recorded (refined): Das_7
2026-03-10 01:21:50 	 SKIP already recorded (refined): Das_8
2026-03-10 01:21:50 	 SKIP already recorded (refined): Das_9
2026-03-10 01:21:50 	 SKIP already recorded (refined): Ding_1
2026-03-10 01:21:50 	 SKIP already recorded (refined): Ding_10
2026-03-10 01:21:50 	 SKIP already recorded (refined): Ding_2
2026-03-10 01:21:50 	 SKIP already recorded (refined): Ding_3
2026-03-10 01:21:50 	 SKIP already recorded (refined): Ding_4
2026-03-10 01:21:50 	 SKIP already recorded (refined): Ding_5
2026-03-10 01:21:50 	 SKIP already recorded (refined): Ding_6
2026-03-10 01:21:50 	 SKIP already recorded (refined): Ding_7
2026-03-10 01:21:50 	 SKIP already recorded (refined): Ding_8
2026-03-10 01:21:50 	 SKIP already recorded (refined): Ding_9
2026-03-10 01:21:50 	 SKIP already recorded (refined): Dokholyan_1
2026-03-10 01:21:50 	 SKIP already recorded (refined): Dokholyan_2
2026-03-10 01:21:50 	 SKIP already recorded (refined): Dokholyan_3
2026-03-10 01:21:50 	 SKIP already recorded (refined): Dokholyan_4
2026-03-10 01:21:50 	 SKIP already recorded (refined): Dokholyan_5
2026-03-10 01:21:50 	 SKIP already recorded (refined): Xiao_1
2026-03-10 01:21:50 	 SKIP already recorded (refined): Xiao_10
2026-03-10 01:21:50 	 SKIP already recorded (refined): Xiao_2
2026-03-10 01:21:50 	 SKIP already recorded (refined): Xiao_3
2026-03-10 01:21:50 	 SKIP already recorded (refined): Xiao_4
2026-03-10 01:21:50 	 SKIP already recorded (refined): Xiao_5
2026-03-10 01:21:50 	 SKIP already recorded (refined): Xiao_6
2026-03-10 01:21:50 	 SKIP already recorded (refined): Xiao_7
2026-03-10 01:21:50 	 SKIP already recorded (refined): Xiao_8
2026-03-10 01:21:50 	 SKIP already recorded (refined): Xiao_9
2026-03-10 01:21:50 	 SKIP (model is a solution file): 13_Adamiak_1_solution.pdb
2026-03-10 01:21:50 	 SKIP (model is a solution file): 13_Bujnicki_1_solution.pdb
2026-03-10 01:21:50 	 SKIP (model is a solution file): 13_Bujnicki_10_solution.pdb
2026-03-10 01:21:50 	 SKIP (model is a solution file): 13_Bujnicki_2_solution.pdb
2026-03-10 01:21:50 	 SKIP (model is a solution file): 13_Bujnicki_3_solution.pdb
2026-03-10 01:21:50 	 SKIP (model is a solution file): 13_Bujnicki_4_solution.pdb
2026-03-10 01:21:50 	 SKIP (model is a solution file): 13_Bujnicki_5_solution.pdb
2026-03-10 01:21:50 	 SKIP (model is a solution file): 13_Bujnicki_6_solution.pdb
2026-03-10 01:21:50 	 SKIP (model is a solution file): 13_Bujnicki_7_solution.pdb
2026-03-10 01:21:50 	 SKIP (model is a solution file): 13_Bujnicki_8_solution.pdb
2026-03-10 01:21:50 	 SKIP (model is a solution file): 13_Bujnicki_9_solution.pdb
2026-03-10 01:21:50 	 SKIP (model is a solution file): 13_Chen_1_solution.pdb
2026-03-10 01:21:50 	 SKIP (model is a solution file): 13_Chen_2_solution.pdb
2026-03-10 01:21:50 	 SKIP (model is a solution file): 13_Chen_3_solution.pdb
2026-03-10 01:21:50 	 SKIP (model is a solution file): 13_Chen_4_solution.pdb
2026-03-10 01:21:50 	 SKIP (model is a solution file): 13_Chen_5_solution.pdb
2026-03-10 01:21:50 	 SKIP (model is a solution file): 13_Chen_6_solution.pdb
2026-03-10 01:21:50 	 SKIP (model is a solution file): 13_Chen_7_solution.pdb
2026-03-10 01:21:50 	 SKIP (model is a solution file): 13_Chen_8_solution.pdb
2026-03-10 01:21:50 	 SKIP (model is a solution file): 13_Chen_9_solution.pdb
2026-03-10 01:21:50 	 SKIP (model is a solution file): 13_Das_1_solution.pdb
2026-03-10 01:21:50 	 SKIP (model is a solution file): 13_Das_10_solution.pdb
2026-03-10 01:21:50 	 SKIP (model is a solution file): 13_Das_2_solution.pdb
2026-03-10 01:21:50 	 SKIP (model is a solution file): 13_Das_3_solution.pdb
2026-03-10 01:21:50 	 SKIP (model is a solution file): 13_Das_4_solution.pdb
2026-03-10 01:21:50 	 SKIP (model is a solution file): 13_Das_5_solution.pdb
2026-03-10 01:21:50 	 SKIP (model is a solution file): 13_Das_6_solution.pdb
2026-03-10 01:21:50 	 SKIP (model is a solution file): 13_Das_7_solution.pdb
2026-03-10 01:21:50 	 SKIP (model is a solution file): 13_Das_8_solution.pdb
2026-03-10 01:21:50 	 SKIP (model is a solution file): 13_Das_9_solution.pdb
2026-03-10 01:21:50 	 SKIP (model is a solution file): 13_Ding_1_solution.pdb
2026-03-10 01:21:50 	 SKIP (model is a solution file): 13_Ding_10_solution.pdb
2026-03-10 01:21:50 	 SKIP (model is a solution file): 13_Ding_2_solution.pdb
2026-03-10 01:21:50 	 SKIP (model is a solution file): 13_Ding_3_solution.pdb
2026-03-10 01:21:50 	 SKIP (model is a solution file): 13_Ding_4_solution.pdb
2026-03-10 01:21:50 	 SKIP (model is a solution file): 13_Ding_5_solution.pdb
2026-03-10 01:21:50 	 SKIP (model is a solution file): 13_Ding_6_solution.pdb
2026-03-10 01:21:50 	 SKIP (model is a solution file): 13_Ding_7_solution.pdb
2026-03-10 01:21:50 	 SKIP (model is a solution file): 13_Ding_8_solution.pdb
2026-03-10 01:21:50 	 SKIP (model is a solution file): 13_Ding_9_solution.pdb
2026-03-10 01:21:50 	 SKIP (model is a solution file): 13_Dokholyan_1_solution.pdb
2026-03-10 01:21:51 	 SKIP (model is a solution file): 13_Dokholyan_2_solution.pdb
2026-03-10 01:21:51 	 SKIP (model is a solution file): 13_Dokholyan_3_solution.pdb
2026-03-10 01:21:51 	 SKIP (model is a solution file): 13_Dokholyan_4_solution.pdb
2026-03-10 01:21:51 	 SKIP (model is a solution file): 13_Dokholyan_5_solution.pdb
2026-03-10 01:21:51 	 SKIP (model is a solution file): 13_Xiao_1_solution.pdb
2026-03-10 01:21:51 	 SKIP (model is a solution file): 13_Xiao_10_solution.pdb
2026-03-10 01:21:51 	 SKIP (model is a solution file): 13_Xiao_2_solution.pdb
2026-03-10 01:21:51 	 SKIP (model is a solution file): 13_Xiao_3_solution.pdb
2026-03-10 01:21:51 	 SKIP (model is a solution file): 13_Xiao_4_solution.pdb
2026-03-10 01:21:51 	 SKIP (model is a solution file): 13_Xiao_5_solution.pdb
2026-03-10 01:21:51 	 SKIP (model is a solution file): 13_Xiao_6_solution.pdb
2026-03-10 01:21:51 	 SKIP (model is a solution file): 13_Xiao_7_solution.pdb
2026-03-10 01:21:51 	 SKIP (model is a solution file): 13_Xiao_8_solution.pdb
2026-03-10 01:21:51 	 SKIP (model is a solution file): 13_Xiao_9_solution.pdb
2026-03-10 01:21:51 	 DONE case: PZ13
