2026-03-10 00:27:33 	 START case: PZ14Bound
2026-03-10 00:27:33 	 caseDir: D:\Studia\Projekty\gsp-lab\data\finished\PZ14Bound
2026-03-10 00:27:33 	 pdbDir: D:\Studia\Projekty\gsp-lab\data\finished\PZ14Bound\pdb
2026-03-10 00:27:33 	 Found pdb count: 128
2026-03-10 00:27:33 	 Global solution: 14_AdamiakPostExp_1_solution.pdb
2026-03-10 00:27:33 	 RUN refined_pair target=14_AdamiakPostExp_1_solution.pdb model=14_AdamiakPostExp_1_refined.pdb -> id=AdamiakPostExp_1
2026-03-10 00:27:33 	 Docker cmd: docker run --rm -v D:\Studia\Projekty\gsp-lab:/work -v D:\Studia\Projekty\RNA_assessment:/rna_assessment -e RNA_ASSESSMENT_ROOT=/rna_assessment -e PYTHONPATH=/rna_assessment mcannotate-runtime python3 /work/src/utils/INF.py /work/data/finished/PZ14Bound/pdb/14_AdamiakPostExp_1_solution.pdb /work/data/finished/PZ14Bound/pdb/14_AdamiakPostExp_1_refined.pdb
2026-03-10 00:27:35 	 Docker exit code: 0
2026-03-10 00:27:35 	 Docker output length: 380
2026-03-10 00:27:35 	 Saved CSV: PZ14Bound,AdamiakPostExp_1,AdamiakPostExp,1,refined_pair,0.8004001462322892,0.9036961141150639,0.7905694150420949,14_AdamiakPostExp_1_solution.pdb,14_AdamiakPostExp_1_refined.pdb
2026-03-10 00:27:35 	 RUN refined_pair target=14_AdamiakPostExp_2_solution.pdb model=14_AdamiakPostExp_2_refined.pdb -> id=AdamiakPostExp_2
2026-03-10 00:27:35 	 Docker cmd: docker run --rm -v D:\Studia\Projekty\gsp-lab:/work -v D:\Studia\Projekty\RNA_assessment:/rna_assessment -e RNA_ASSESSMENT_ROOT=/rna_assessment -e PYTHONPATH=/rna_assessment mcannotate-runtime python3 /work/src/utils/INF.py /work/data/finished/PZ14Bound/pdb/14_AdamiakPostExp_2_solution.pdb /work/data/finished/PZ14Bound/pdb/14_AdamiakPostExp_2_refined.pdb
2026-03-10 00:27:37 	 Docker exit code: 0
2026-03-10 00:27:37 	 Docker output length: 364
2026-03-10 00:27:37 	 Saved CSV: PZ14Bound,AdamiakPostExp_2,AdamiakPostExp,2,refined_pair,0.7753981145352655,0.9682458365518543,0.5,14_AdamiakPostExp_2_solution.pdb,14_AdamiakPostExp_2_refined.pdb
2026-03-10 00:27:37 	 RUN refined_pair target=14_AdamiakPreExp_1_solution.pdb model=14_AdamiakPreExp_1_refined.pdb -> id=AdamiakPreExp_1
2026-03-10 00:27:37 	 Docker cmd: docker run --rm -v D:\Studia\Projekty\gsp-lab:/work -v D:\Studia\Projekty\RNA_assessment:/rna_assessment -e RNA_ASSESSMENT_ROOT=/rna_assessment -e PYTHONPATH=/rna_assessment mcannotate-runtime python3 /work/src/utils/INF.py /work/data/finished/PZ14Bound/pdb/14_AdamiakPreExp_1_solution.pdb /work/data/finished/PZ14Bound/pdb/14_AdamiakPreExp_1_refined.pdb
2026-03-10 00:27:40 	 Docker exit code: 0
2026-03-10 00:27:40 	 Docker output length: 377
2026-03-10 00:27:40 	 Saved CSV: PZ14Bound,AdamiakPreExp_1,AdamiakPreExp,1,refined_pair,0.769011905203572,0.9036961141150639,0.7905694150420949,14_AdamiakPreExp_1_solution.pdb,14_AdamiakPreExp_1_refined.pdb
2026-03-10 00:27:40 	 RUN refined_pair target=14_AdamiakPreExp_2_solution.pdb model=14_AdamiakPreExp_2_refined.pdb -> id=AdamiakPreExp_2
2026-03-10 00:27:40 	 Docker cmd: docker run --rm -v D:\Studia\Projekty\gsp-lab:/work -v D:\Studia\Projekty\RNA_assessment:/rna_assessment -e RNA_ASSESSMENT_ROOT=/rna_assessment -e PYTHONPATH=/rna_assessment mcannotate-runtime python3 /work/src/utils/INF.py /work/data/finished/PZ14Bound/pdb/14_AdamiakPreExp_2_solution.pdb /work/data/finished/PZ14Bound/pdb/14_AdamiakPreExp_2_refined.pdb
2026-03-10 00:27:43 	 Docker exit code: 0
2026-03-10 00:27:43 	 Docker output length: 377
2026-03-10 00:27:43 	 Saved CSV: PZ14Bound,AdamiakPreExp_2,AdamiakPreExp,2,refined_pair,0.7219295436604961,0.9036961141150639,0.7216878364870323,14_AdamiakPreExp_2_solution.pdb,14_AdamiakPreExp_2_refined.pdb
2026-03-10 00:27:43 	 RUN refined_pair target=14_BujnickiPostExp_1_solution.pdb model=14_BujnickiPostExp_1_refined.pdb -> id=BujnickiPostExp_1
2026-03-10 00:27:43 	 Docker cmd: docker run --rm -v D:\Studia\Projekty\gsp-lab:/work -v D:\Studia\Projekty\RNA_assessment:/rna_assessment -e RNA_ASSESSMENT_ROOT=/rna_assessment -e PYTHONPATH=/rna_assessment mcannotate-runtime python3 /work/src/utils/INF.py /work/data/finished/PZ14Bound/pdb/14_BujnickiPostExp_1_solution.pdb /work/data/finished/PZ14Bound/pdb/14_BujnickiPostExp_1_refined.pdb
2026-03-10 00:27:45 	 Docker exit code: 0
2026-03-10 00:27:45 	 Docker output length: 382
2026-03-10 00:27:45 	 Saved CSV: PZ14Bound,BujnickiPostExp_1,BujnickiPostExp,1,refined_pair,0.7624670040096094,0.9682458365518543,0.6123724356957945,14_BujnickiPostExp_1_solution.pdb,14_BujnickiPostExp_1_refined.pdb
2026-03-10 00:27:45 	 RUN refined_pair target=14_BujnickiPostExp_2_solution.pdb model=14_BujnickiPostExp_2_refined.pdb -> id=BujnickiPostExp_2
2026-03-10 00:27:45 	 Docker cmd: docker run --rm -v D:\Studia\Projekty\gsp-lab:/work -v D:\Studia\Projekty\RNA_assessment:/rna_assessment -e RNA_ASSESSMENT_ROOT=/rna_assessment -e PYTHONPATH=/rna_assessment mcannotate-runtime python3 /work/src/utils/INF.py /work/data/finished/PZ14Bound/pdb/14_BujnickiPostExp_2_solution.pdb /work/data/finished/PZ14Bound/pdb/14_BujnickiPostExp_2_refined.pdb
2026-03-10 00:27:48 	 Docker exit code: 0
2026-03-10 00:27:48 	 Docker output length: 382
2026-03-10 00:27:48 	 Saved CSV: PZ14Bound,BujnickiPostExp_2,BujnickiPostExp,2,refined_pair,0.6374744123285471,0.8603090020146067,0.2041241452319315,14_BujnickiPostExp_2_solution.pdb,14_BujnickiPostExp_2_refined.pdb
2026-03-10 00:27:48 	 RUN refined_pair target=14_BujnickiPostExp_3_solution.pdb model=14_BujnickiPostExp_3_refined.pdb -> id=BujnickiPostExp_3
2026-03-10 00:27:48 	 Docker cmd: docker run --rm -v D:\Studia\Projekty\gsp-lab:/work -v D:\Studia\Projekty\RNA_assessment:/rna_assessment -e RNA_ASSESSMENT_ROOT=/rna_assessment -e PYTHONPATH=/rna_assessment mcannotate-runtime python3 /work/src/utils/INF.py /work/data/finished/PZ14Bound/pdb/14_BujnickiPostExp_3_solution.pdb /work/data/finished/PZ14Bound/pdb/14_BujnickiPostExp_3_refined.pdb
2026-03-10 00:27:50 	 Docker exit code: 0
2026-03-10 00:27:50 	 Docker output length: 366
2026-03-10 00:27:50 	 Saved CSV: PZ14Bound,BujnickiPostExp_3,BujnickiPostExp,3,refined_pair,0.6635044048369952,0.8385254915624212,0.5,14_BujnickiPostExp_3_solution.pdb,14_BujnickiPostExp_3_refined.pdb
2026-03-10 00:27:50 	 RUN refined_pair target=14_BujnickiPostExp_4_solution.pdb model=14_BujnickiPostExp_4_refined.pdb -> id=BujnickiPostExp_4
2026-03-10 00:27:50 	 Docker cmd: docker run --rm -v D:\Studia\Projekty\gsp-lab:/work -v D:\Studia\Projekty\RNA_assessment:/rna_assessment -e RNA_ASSESSMENT_ROOT=/rna_assessment -e PYTHONPATH=/rna_assessment mcannotate-runtime python3 /work/src/utils/INF.py /work/data/finished/PZ14Bound/pdb/14_BujnickiPostExp_4_solution.pdb /work/data/finished/PZ14Bound/pdb/14_BujnickiPostExp_4_refined.pdb
2026-03-10 00:27:53 	 Docker exit code: 0
2026-03-10 00:27:53 	 Docker output length: 382
2026-03-10 00:27:53 	 Saved CSV: PZ14Bound,BujnickiPostExp_4,BujnickiPostExp,4,refined_pair,0.6121333677828399,0.8603090020146067,0.3535533905932738,14_BujnickiPostExp_4_solution.pdb,14_BujnickiPostExp_4_refined.pdb
2026-03-10 00:27:53 	 RUN refined_pair target=14_BujnickiPostExp_5_solution.pdb model=14_BujnickiPostExp_5_refined.pdb -> id=BujnickiPostExp_5
2026-03-10 00:27:53 	 Docker cmd: docker run --rm -v D:\Studia\Projekty\gsp-lab:/work -v D:\Studia\Projekty\RNA_assessment:/rna_assessment -e RNA_ASSESSMENT_ROOT=/rna_assessment -e PYTHONPATH=/rna_assessment mcannotate-runtime python3 /work/src/utils/INF.py /work/data/finished/PZ14Bound/pdb/14_BujnickiPostExp_5_solution.pdb /work/data/finished/PZ14Bound/pdb/14_BujnickiPostExp_5_refined.pdb
2026-03-10 00:27:55 	 Docker exit code: 0
2026-03-10 00:27:55 	 Docker output length: 380
2026-03-10 00:27:55 	 Saved CSV: PZ14Bound,BujnickiPostExp_5,BujnickiPostExp,5,refined_pair,0.70774785727578,0.8838834764831844,0.7071067811865476,14_BujnickiPostExp_5_solution.pdb,14_BujnickiPostExp_5_refined.pdb
2026-03-10 00:27:55 	 RUN refined_pair target=14_BujnickiPreExp_1_solution.pdb model=14_BujnickiPreExp_1_refined.pdb -> id=BujnickiPreExp_1
2026-03-10 00:27:55 	 Docker cmd: docker run --rm -v D:\Studia\Projekty\gsp-lab:/work -v D:\Studia\Projekty\RNA_assessment:/rna_assessment -e RNA_ASSESSMENT_ROOT=/rna_assessment -e PYTHONPATH=/rna_assessment mcannotate-runtime python3 /work/src/utils/INF.py /work/data/finished/PZ14Bound/pdb/14_BujnickiPreExp_1_solution.pdb /work/data/finished/PZ14Bound/pdb/14_BujnickiPreExp_1_refined.pdb
2026-03-10 00:27:58 	 Docker exit code: 0
2026-03-10 00:27:58 	 Docker output length: 363
2026-03-10 00:27:58 	 Saved CSV: PZ14Bound,BujnickiPreExp_1,BujnickiPreExp,1,refined_pair,0.8231909676227183,1,0.6324555320336759,14_BujnickiPreExp_1_solution.pdb,14_BujnickiPreExp_1_refined.pdb
2026-03-10 00:27:58 	 RUN refined_pair target=14_BujnickiPreExp_2_solution.pdb model=14_BujnickiPreExp_2_refined.pdb -> id=BujnickiPreExp_2
2026-03-10 00:27:58 	 Docker cmd: docker run --rm -v D:\Studia\Projekty\gsp-lab:/work -v D:\Studia\Projekty\RNA_assessment:/rna_assessment -e RNA_ASSESSMENT_ROOT=/rna_assessment -e PYTHONPATH=/rna_assessment mcannotate-runtime python3 /work/src/utils/INF.py /work/data/finished/PZ14Bound/pdb/14_BujnickiPreExp_2_solution.pdb /work/data/finished/PZ14Bound/pdb/14_BujnickiPreExp_2_refined.pdb
2026-03-10 00:28:01 	 Docker exit code: 0
2026-03-10 00:28:01 	 Docker output length: 364
2026-03-10 00:28:01 	 Saved CSV: PZ14Bound,BujnickiPreExp_2,BujnickiPreExp,2,refined_pair,0.8148217143826667,1,0.7071067811865476,14_BujnickiPreExp_2_solution.pdb,14_BujnickiPreExp_2_refined.pdb
2026-03-10 00:28:01 	 RUN refined_pair target=14_BujnickiPreExp_3_solution.pdb model=14_BujnickiPreExp_3_refined.pdb -> id=BujnickiPreExp_3
2026-03-10 00:28:01 	 Docker cmd: docker run --rm -v D:\Studia\Projekty\gsp-lab:/work -v D:\Studia\Projekty\RNA_assessment:/rna_assessment -e RNA_ASSESSMENT_ROOT=/rna_assessment -e PYTHONPATH=/rna_assessment mcannotate-runtime python3 /work/src/utils/INF.py /work/data/finished/PZ14Bound/pdb/14_BujnickiPreExp_3_solution.pdb /work/data/finished/PZ14Bound/pdb/14_BujnickiPreExp_3_refined.pdb
2026-03-10 00:28:03 	 Docker exit code: 0
2026-03-10 00:28:03 	 Docker output length: 364
2026-03-10 00:28:03 	 Saved CSV: PZ14Bound,BujnickiPreExp_3,BujnickiPreExp,3,refined_pair,0.8314794192830981,1,0.6324555320336759,14_BujnickiPreExp_3_solution.pdb,14_BujnickiPreExp_3_refined.pdb
2026-03-10 00:28:03 	 RUN refined_pair target=14_BujnickiPreExp_4_solution.pdb model=14_BujnickiPreExp_4_refined.pdb -> id=BujnickiPreExp_4
2026-03-10 00:28:03 	 Docker cmd: docker run --rm -v D:\Studia\Projekty\gsp-lab:/work -v D:\Studia\Projekty\RNA_assessment:/rna_assessment -e RNA_ASSESSMENT_ROOT=/rna_assessment -e PYTHONPATH=/rna_assessment mcannotate-runtime python3 /work/src/utils/INF.py /work/data/finished/PZ14Bound/pdb/14_BujnickiPreExp_4_solution.pdb /work/data/finished/PZ14Bound/pdb/14_BujnickiPreExp_4_refined.pdb
2026-03-10 00:28:05 	 Docker exit code: 0
2026-03-10 00:28:05 	 Docker output length: 378
2026-03-10 00:28:05 	 Saved CSV: PZ14Bound,BujnickiPreExp_4,BujnickiPreExp,4,refined_pair,0.761958238450676,0.9176629354822471,0.5773502691896257,14_BujnickiPreExp_4_solution.pdb,14_BujnickiPreExp_4_refined.pdb
2026-03-10 00:28:05 	 RUN refined_pair target=14_BujnickiPreExp_5_solution.pdb model=14_BujnickiPreExp_5_refined.pdb -> id=BujnickiPreExp_5
2026-03-10 00:28:05 	 Docker cmd: docker run --rm -v D:\Studia\Projekty\gsp-lab:/work -v D:\Studia\Projekty\RNA_assessment:/rna_assessment -e RNA_ASSESSMENT_ROOT=/rna_assessment -e PYTHONPATH=/rna_assessment mcannotate-runtime python3 /work/src/utils/INF.py /work/data/finished/PZ14Bound/pdb/14_BujnickiPreExp_5_solution.pdb /work/data/finished/PZ14Bound/pdb/14_BujnickiPreExp_5_refined.pdb
2026-03-10 00:28:08 	 Docker exit code: 0
2026-03-10 00:28:08 	 Docker output length: 379
2026-03-10 00:28:08 	 Saved CSV: PZ14Bound,BujnickiPreExp_5,BujnickiPreExp,5,refined_pair,0.7857142857142857,0.8944271909999159,0.6324555320336759,14_BujnickiPreExp_5_solution.pdb,14_BujnickiPreExp_5_refined.pdb
2026-03-10 00:28:08 	 RUN refined_pair target=14_BujnickiPreExp_6_solution.pdb model=14_BujnickiPreExp_6_refined.pdb -> id=BujnickiPreExp_6
2026-03-10 00:28:08 	 Docker cmd: docker run --rm -v D:\Studia\Projekty\gsp-lab:/work -v D:\Studia\Projekty\RNA_assessment:/rna_assessment -e RNA_ASSESSMENT_ROOT=/rna_assessment -e PYTHONPATH=/rna_assessment mcannotate-runtime python3 /work/src/utils/INF.py /work/data/finished/PZ14Bound/pdb/14_BujnickiPreExp_6_solution.pdb /work/data/finished/PZ14Bound/pdb/14_BujnickiPreExp_6_refined.pdb
2026-03-10 00:28:11 	 Docker exit code: 0
2026-03-10 00:28:11 	 Docker output length: 380
2026-03-10 00:28:11 	 Saved CSV: PZ14Bound,BujnickiPreExp_6,BujnickiPreExp,6,refined_pair,0.8238858408710996,0.8838834764831844,0.7905694150420949,14_BujnickiPreExp_6_solution.pdb,14_BujnickiPreExp_6_refined.pdb
2026-03-10 00:28:11 	 RUN refined_pair target=14_BujnickiPreExp_7_solution.pdb model=14_BujnickiPreExp_7_refined.pdb -> id=BujnickiPreExp_7
2026-03-10 00:28:11 	 Docker cmd: docker run --rm -v D:\Studia\Projekty\gsp-lab:/work -v D:\Studia\Projekty\RNA_assessment:/rna_assessment -e RNA_ASSESSMENT_ROOT=/rna_assessment -e PYTHONPATH=/rna_assessment mcannotate-runtime python3 /work/src/utils/INF.py /work/data/finished/PZ14Bound/pdb/14_BujnickiPreExp_7_solution.pdb /work/data/finished/PZ14Bound/pdb/14_BujnickiPreExp_7_refined.pdb
2026-03-10 00:28:13 	 Docker exit code: 0
2026-03-10 00:28:13 	 Docker output length: 366
2026-03-10 00:28:13 	 Saved CSV: PZ14Bound,BujnickiPreExp_7,BujnickiPreExp,7,refined_pair,0.5963765795456272,0.7819290527140303,-1,14_BujnickiPreExp_7_solution.pdb,14_BujnickiPreExp_7_refined.pdb
2026-03-10 00:28:13 	 RUN refined_pair target=14_ChenPostExp_1_solution.pdb model=14_ChenPostExp_1_refined.pdb -> id=ChenPostExp_1
2026-03-10 00:28:13 	 Docker cmd: docker run --rm -v D:\Studia\Projekty\gsp-lab:/work -v D:\Studia\Projekty\RNA_assessment:/rna_assessment -e RNA_ASSESSMENT_ROOT=/rna_assessment -e PYTHONPATH=/rna_assessment mcannotate-runtime python3 /work/src/utils/INF.py /work/data/finished/PZ14Bound/pdb/14_ChenPostExp_1_solution.pdb /work/data/finished/PZ14Bound/pdb/14_ChenPostExp_1_refined.pdb
2026-03-10 00:28:15 	 Docker exit code: 0
2026-03-10 00:28:15 	 Docker output length: 346
2026-03-10 00:28:15 	 Saved CSV: PZ14Bound,ChenPostExp_1,ChenPostExp,1,refined_pair,0.643458941088703,0.9375,0.25,14_ChenPostExp_1_solution.pdb,14_ChenPostExp_1_refined.pdb
2026-03-10 00:28:15 	 RUN refined_pair target=14_ChenPostExp_10_solution.pdb model=14_ChenPostExp_10_refined.pdb -> id=ChenPostExp_10
2026-03-10 00:28:15 	 Docker cmd: docker run --rm -v D:\Studia\Projekty\gsp-lab:/work -v D:\Studia\Projekty\RNA_assessment:/rna_assessment -e RNA_ASSESSMENT_ROOT=/rna_assessment -e PYTHONPATH=/rna_assessment mcannotate-runtime python3 /work/src/utils/INF.py /work/data/finished/PZ14Bound/pdb/14_ChenPostExp_10_solution.pdb /work/data/finished/PZ14Bound/pdb/14_ChenPostExp_10_refined.pdb
2026-03-10 00:28:17 	 Docker exit code: 0
2026-03-10 00:28:17 	 Docker output length: 364
2026-03-10 00:28:17 	 Saved CSV: PZ14Bound,ChenPostExp_10,ChenPostExp,10,refined_pair,0.7447041169138257,0.9375,0.3535533905932738,14_ChenPostExp_10_solution.pdb,14_ChenPostExp_10_refined.pdb
2026-03-10 00:28:17 	 RUN refined_pair target=14_ChenPostExp_2_solution.pdb model=14_ChenPostExp_2_refined.pdb -> id=ChenPostExp_2
2026-03-10 00:28:17 	 Docker cmd: docker run --rm -v D:\Studia\Projekty\gsp-lab:/work -v D:\Studia\Projekty\RNA_assessment:/rna_assessment -e RNA_ASSESSMENT_ROOT=/rna_assessment -e PYTHONPATH=/rna_assessment mcannotate-runtime python3 /work/src/utils/INF.py /work/data/finished/PZ14Bound/pdb/14_ChenPostExp_2_solution.pdb /work/data/finished/PZ14Bound/pdb/14_ChenPostExp_2_refined.pdb
2026-03-10 00:28:20 	 Docker exit code: 0
2026-03-10 00:28:20 	 Docker output length: 347
2026-03-10 00:28:20 	 Saved CSV: PZ14Bound,ChenPostExp_2,ChenPostExp,2,refined_pair,0.7282347248904991,0.9375,0.25,14_ChenPostExp_2_solution.pdb,14_ChenPostExp_2_refined.pdb
2026-03-10 00:28:20 	 RUN refined_pair target=14_ChenPostExp_3_solution.pdb model=14_ChenPostExp_3_refined.pdb -> id=ChenPostExp_3
2026-03-10 00:28:20 	 Docker cmd: docker run --rm -v D:\Studia\Projekty\gsp-lab:/work -v D:\Studia\Projekty\RNA_assessment:/rna_assessment -e RNA_ASSESSMENT_ROOT=/rna_assessment -e PYTHONPATH=/rna_assessment mcannotate-runtime python3 /work/src/utils/INF.py /work/data/finished/PZ14Bound/pdb/14_ChenPostExp_3_solution.pdb /work/data/finished/PZ14Bound/pdb/14_ChenPostExp_3_refined.pdb
2026-03-10 00:28:23 	 Docker exit code: 0
2026-03-10 00:28:23 	 Docker output length: 373
2026-03-10 00:28:23 	 Saved CSV: PZ14Bound,ChenPostExp_3,ChenPostExp,3,refined_pair,0.7980986475663052,0.9682458365518543,0.7905694150420949,14_ChenPostExp_3_solution.pdb,14_ChenPostExp_3_refined.pdb
2026-03-10 00:28:23 	 RUN refined_pair target=14_ChenPostExp_4_solution.pdb model=14_ChenPostExp_4_refined.pdb -> id=ChenPostExp_4
2026-03-10 00:28:23 	 Docker cmd: docker run --rm -v D:\Studia\Projekty\gsp-lab:/work -v D:\Studia\Projekty\RNA_assessment:/rna_assessment -e RNA_ASSESSMENT_ROOT=/rna_assessment -e PYTHONPATH=/rna_assessment mcannotate-runtime python3 /work/src/utils/INF.py /work/data/finished/PZ14Bound/pdb/14_ChenPostExp_4_solution.pdb /work/data/finished/PZ14Bound/pdb/14_ChenPostExp_4_refined.pdb
2026-03-10 00:28:25 	 Docker exit code: 0
2026-03-10 00:28:25 	 Docker output length: 374
2026-03-10 00:28:25 	 Saved CSV: PZ14Bound,ChenPostExp_4,ChenPostExp,4,refined_pair,0.7980986475663052,0.9682458365518543,0.7216878364870323,14_ChenPostExp_4_solution.pdb,14_ChenPostExp_4_refined.pdb
2026-03-10 00:28:25 	 RUN refined_pair target=14_ChenPostExp_5_solution.pdb model=14_ChenPostExp_5_refined.pdb -> id=ChenPostExp_5
2026-03-10 00:28:25 	 Docker cmd: docker run --rm -v D:\Studia\Projekty\gsp-lab:/work -v D:\Studia\Projekty\RNA_assessment:/rna_assessment -e RNA_ASSESSMENT_ROOT=/rna_assessment -e PYTHONPATH=/rna_assessment mcannotate-runtime python3 /work/src/utils/INF.py /work/data/finished/PZ14Bound/pdb/14_ChenPostExp_5_solution.pdb /work/data/finished/PZ14Bound/pdb/14_ChenPostExp_5_refined.pdb
2026-03-10 00:28:28 	 Docker exit code: 0
2026-03-10 00:28:28 	 Docker output length: 373
2026-03-10 00:28:28 	 Saved CSV: PZ14Bound,ChenPostExp_5,ChenPostExp,5,refined_pair,0.7533177846892134,0.9682458365518543,0.3535533905932738,14_ChenPostExp_5_solution.pdb,14_ChenPostExp_5_refined.pdb
2026-03-10 00:28:28 	 RUN refined_pair target=14_ChenPostExp_6_solution.pdb model=14_ChenPostExp_6_refined.pdb -> id=ChenPostExp_6
2026-03-10 00:28:28 	 Docker cmd: docker run --rm -v D:\Studia\Projekty\gsp-lab:/work -v D:\Studia\Projekty\RNA_assessment:/rna_assessment -e RNA_ASSESSMENT_ROOT=/rna_assessment -e PYTHONPATH=/rna_assessment mcannotate-runtime python3 /work/src/utils/INF.py /work/data/finished/PZ14Bound/pdb/14_ChenPostExp_6_solution.pdb /work/data/finished/PZ14Bound/pdb/14_ChenPostExp_6_refined.pdb
2026-03-10 00:28:30 	 Docker exit code: 0
2026-03-10 00:28:30 	 Docker output length: 372
2026-03-10 00:28:30 	 Saved CSV: PZ14Bound,ChenPostExp_6,ChenPostExp,6,refined_pair,0.7282347248904991,0.9682458365518543,0.3535533905932738,14_ChenPostExp_6_solution.pdb,14_ChenPostExp_6_refined.pdb
2026-03-10 00:28:30 	 RUN refined_pair target=14_ChenPostExp_7_solution.pdb model=14_ChenPostExp_7_refined.pdb -> id=ChenPostExp_7
2026-03-10 00:28:30 	 Docker cmd: docker run --rm -v D:\Studia\Projekty\gsp-lab:/work -v D:\Studia\Projekty\RNA_assessment:/rna_assessment -e RNA_ASSESSMENT_ROOT=/rna_assessment -e PYTHONPATH=/rna_assessment mcannotate-runtime python3 /work/src/utils/INF.py /work/data/finished/PZ14Bound/pdb/14_ChenPostExp_7_solution.pdb /work/data/finished/PZ14Bound/pdb/14_ChenPostExp_7_refined.pdb
2026-03-10 00:28:33 	 Docker exit code: 0
2026-03-10 00:28:33 	 Docker output length: 374
2026-03-10 00:28:33 	 Saved CSV: PZ14Bound,ChenPostExp_7,ChenPostExp,7,refined_pair,0.7187361356249324,0.9682458365518543,0.3535533905932738,14_ChenPostExp_7_solution.pdb,14_ChenPostExp_7_refined.pdb
2026-03-10 00:28:33 	 RUN refined_pair target=14_ChenPostExp_8_solution.pdb model=14_ChenPostExp_8_refined.pdb -> id=ChenPostExp_8
2026-03-10 00:28:33 	 Docker cmd: docker run --rm -v D:\Studia\Projekty\gsp-lab:/work -v D:\Studia\Projekty\RNA_assessment:/rna_assessment -e RNA_ASSESSMENT_ROOT=/rna_assessment -e PYTHONPATH=/rna_assessment mcannotate-runtime python3 /work/src/utils/INF.py /work/data/finished/PZ14Bound/pdb/14_ChenPostExp_8_solution.pdb /work/data/finished/PZ14Bound/pdb/14_ChenPostExp_8_refined.pdb
2026-03-10 00:28:36 	 Docker exit code: 0
2026-03-10 00:28:36 	 Docker output length: 374
2026-03-10 00:28:36 	 Saved CSV: PZ14Bound,ChenPostExp_8,ChenPostExp,8,refined_pair,0.7957733781176919,0.9682458365518543,0.5303300858899106,14_ChenPostExp_8_solution.pdb,14_ChenPostExp_8_refined.pdb
2026-03-10 00:28:36 	 RUN refined_pair target=14_ChenPostExp_9_solution.pdb model=14_ChenPostExp_9_refined.pdb -> id=ChenPostExp_9
2026-03-10 00:28:36 	 Docker cmd: docker run --rm -v D:\Studia\Projekty\gsp-lab:/work -v D:\Studia\Projekty\RNA_assessment:/rna_assessment -e RNA_ASSESSMENT_ROOT=/rna_assessment -e PYTHONPATH=/rna_assessment mcannotate-runtime python3 /work/src/utils/INF.py /work/data/finished/PZ14Bound/pdb/14_ChenPostExp_9_solution.pdb /work/data/finished/PZ14Bound/pdb/14_ChenPostExp_9_refined.pdb
2026-03-10 00:28:39 	 Docker exit code: 0
2026-03-10 00:28:39 	 Docker output length: 374
2026-03-10 00:28:39 	 Saved CSV: PZ14Bound,ChenPostExp_9,ChenPostExp,9,refined_pair,0.7437915073806723,0.9682458365518543,0.2041241452319315,14_ChenPostExp_9_solution.pdb,14_ChenPostExp_9_refined.pdb
2026-03-10 00:28:39 	 RUN refined_pair target=14_DasPostExp_1_solution.pdb model=14_DasPostExp_1_refined.pdb -> id=DasPostExp_1
2026-03-10 00:28:39 	 Docker cmd: docker run --rm -v D:\Studia\Projekty\gsp-lab:/work -v D:\Studia\Projekty\RNA_assessment:/rna_assessment -e RNA_ASSESSMENT_ROOT=/rna_assessment -e PYTHONPATH=/rna_assessment mcannotate-runtime python3 /work/src/utils/INF.py /work/data/finished/PZ14Bound/pdb/14_DasPostExp_1_solution.pdb /work/data/finished/PZ14Bound/pdb/14_DasPostExp_1_refined.pdb
2026-03-10 00:28:42 	 Docker exit code: 0
2026-03-10 00:28:42 	 Docker output length: 372
2026-03-10 00:28:42 	 Saved CSV: PZ14Bound,DasPostExp_1,DasPostExp,1,refined_pair,0.7503246050790371,0.8603090020146067,0.6681531047810609,14_DasPostExp_1_solution.pdb,14_DasPostExp_1_refined.pdb
2026-03-10 00:28:42 	 RUN refined_pair target=14_DasPostExp_10_solution.pdb model=14_DasPostExp_10_refined.pdb -> id=DasPostExp_10
2026-03-10 00:28:42 	 Docker cmd: docker run --rm -v D:\Studia\Projekty\gsp-lab:/work -v D:\Studia\Projekty\RNA_assessment:/rna_assessment -e RNA_ASSESSMENT_ROOT=/rna_assessment -e PYTHONPATH=/rna_assessment mcannotate-runtime python3 /work/src/utils/INF.py /work/data/finished/PZ14Bound/pdb/14_DasPostExp_10_solution.pdb /work/data/finished/PZ14Bound/pdb/14_DasPostExp_10_refined.pdb
2026-03-10 00:28:45 	 Docker exit code: 0
2026-03-10 00:28:45 	 Docker output length: 372
2026-03-10 00:28:45 	 Saved CSV: PZ14Bound,DasPostExp_10,DasPostExp,10,refined_pair,0.8142857142857143,0.9176629354822471,0.7905694150420949,14_DasPostExp_10_solution.pdb,14_DasPostExp_10_refined.pdb
2026-03-10 00:28:45 	 RUN refined_pair target=14_DasPostExp_2_solution.pdb model=14_DasPostExp_2_refined.pdb -> id=DasPostExp_2
2026-03-10 00:28:45 	 Docker cmd: docker run --rm -v D:\Studia\Projekty\gsp-lab:/work -v D:\Studia\Projekty\RNA_assessment:/rna_assessment -e RNA_ASSESSMENT_ROOT=/rna_assessment -e PYTHONPATH=/rna_assessment mcannotate-runtime python3 /work/src/utils/INF.py /work/data/finished/PZ14Bound/pdb/14_DasPostExp_2_solution.pdb /work/data/finished/PZ14Bound/pdb/14_DasPostExp_2_refined.pdb
2026-03-10 00:28:49 	 Docker exit code: 0
2026-03-10 00:28:49 	 Docker output length: 371
2026-03-10 00:28:49 	 Saved CSV: PZ14Bound,DasPostExp_2,DasPostExp,2,refined_pair,0.8085309728167649,0.8944271909999159,0.7905694150420949,14_DasPostExp_2_solution.pdb,14_DasPostExp_2_refined.pdb
2026-03-10 00:28:49 	 RUN refined_pair target=14_DasPostExp_3_solution.pdb model=14_DasPostExp_3_refined.pdb -> id=DasPostExp_3
2026-03-10 00:28:49 	 Docker cmd: docker run --rm -v D:\Studia\Projekty\gsp-lab:/work -v D:\Studia\Projekty\RNA_assessment:/rna_assessment -e RNA_ASSESSMENT_ROOT=/rna_assessment -e PYTHONPATH=/rna_assessment mcannotate-runtime python3 /work/src/utils/INF.py /work/data/finished/PZ14Bound/pdb/14_DasPostExp_3_solution.pdb /work/data/finished/PZ14Bound/pdb/14_DasPostExp_3_refined.pdb
2026-03-10 00:28:51 	 Docker exit code: 0
2026-03-10 00:28:51 	 Docker output length: 371
2026-03-10 00:28:51 	 Saved CSV: PZ14Bound,DasPostExp_3,DasPostExp,3,refined_pair,0.7537023463481829,0.8603090020146067,0.6681531047810609,14_DasPostExp_3_solution.pdb,14_DasPostExp_3_refined.pdb
2026-03-10 00:28:51 	 RUN refined_pair target=14_DasPostExp_4_solution.pdb model=14_DasPostExp_4_refined.pdb -> id=DasPostExp_4
2026-03-10 00:28:51 	 Docker cmd: docker run --rm -v D:\Studia\Projekty\gsp-lab:/work -v D:\Studia\Projekty\RNA_assessment:/rna_assessment -e RNA_ASSESSMENT_ROOT=/rna_assessment -e PYTHONPATH=/rna_assessment mcannotate-runtime python3 /work/src/utils/INF.py /work/data/finished/PZ14Bound/pdb/14_DasPostExp_4_solution.pdb /work/data/finished/PZ14Bound/pdb/14_DasPostExp_4_refined.pdb
2026-03-10 00:28:54 	 Docker exit code: 0
2026-03-10 00:28:54 	 Docker output length: 372
2026-03-10 00:28:54 	 Saved CSV: PZ14Bound,DasPostExp_4,DasPostExp,4,refined_pair,0.8057762482965359,0.8603090020146067,0.7905694150420949,14_DasPostExp_4_solution.pdb,14_DasPostExp_4_refined.pdb
2026-03-10 00:28:54 	 RUN refined_pair target=14_DasPostExp_5_solution.pdb model=14_DasPostExp_5_refined.pdb -> id=DasPostExp_5
2026-03-10 00:28:54 	 Docker cmd: docker run --rm -v D:\Studia\Projekty\gsp-lab:/work -v D:\Studia\Projekty\RNA_assessment:/rna_assessment -e RNA_ASSESSMENT_ROOT=/rna_assessment -e PYTHONPATH=/rna_assessment mcannotate-runtime python3 /work/src/utils/INF.py /work/data/finished/PZ14Bound/pdb/14_DasPostExp_5_solution.pdb /work/data/finished/PZ14Bound/pdb/14_DasPostExp_5_refined.pdb
2026-03-10 00:28:57 	 Docker exit code: 0
2026-03-10 00:28:57 	 Docker output length: 372
2026-03-10 00:28:57 	 Saved CSV: PZ14Bound,DasPostExp_5,DasPostExp,5,refined_pair,0.7447041169138257,0.8838834764831844,0.7216878364870323,14_DasPostExp_5_solution.pdb,14_DasPostExp_5_refined.pdb
2026-03-10 00:28:57 	 RUN refined_pair target=14_DasPostExp_6_solution.pdb model=14_DasPostExp_6_refined.pdb -> id=DasPostExp_6
2026-03-10 00:28:57 	 Docker cmd: docker run --rm -v D:\Studia\Projekty\gsp-lab:/work -v D:\Studia\Projekty\RNA_assessment:/rna_assessment -e RNA_ASSESSMENT_ROOT=/rna_assessment -e PYTHONPATH=/rna_assessment mcannotate-runtime python3 /work/src/utils/INF.py /work/data/finished/PZ14Bound/pdb/14_DasPostExp_6_solution.pdb /work/data/finished/PZ14Bound/pdb/14_DasPostExp_6_refined.pdb
2026-03-10 00:29:00 	 Docker exit code: 0
2026-03-10 00:29:00 	 Docker output length: 358
2026-03-10 00:29:00 	 Saved CSV: PZ14Bound,DasPostExp_6,DasPostExp,6,refined_pair,0.8197607712056744,0.9428090415820634,0.75,14_DasPostExp_6_solution.pdb,14_DasPostExp_6_refined.pdb
2026-03-10 00:29:00 	 RUN refined_pair target=14_DasPostExp_7_solution.pdb model=14_DasPostExp_7_refined.pdb -> id=DasPostExp_7
2026-03-10 00:29:00 	 Docker cmd: docker run --rm -v D:\Studia\Projekty\gsp-lab:/work -v D:\Studia\Projekty\RNA_assessment:/rna_assessment -e RNA_ASSESSMENT_ROOT=/rna_assessment -e PYTHONPATH=/rna_assessment mcannotate-runtime python3 /work/src/utils/INF.py /work/data/finished/PZ14Bound/pdb/14_DasPostExp_7_solution.pdb /work/data/finished/PZ14Bound/pdb/14_DasPostExp_7_refined.pdb
2026-03-10 00:29:03 	 Docker exit code: 0
2026-03-10 00:29:03 	 Docker output length: 372
2026-03-10 00:29:03 	 Saved CSV: PZ14Bound,DasPostExp_7,DasPostExp,7,refined_pair,0.7714285714285715,0.8944271909999159,0.6324555320336759,14_DasPostExp_7_solution.pdb,14_DasPostExp_7_refined.pdb
2026-03-10 00:29:03 	 RUN refined_pair target=14_DasPostExp_8_solution.pdb model=14_DasPostExp_8_refined.pdb -> id=DasPostExp_8
2026-03-10 00:29:03 	 Docker cmd: docker run --rm -v D:\Studia\Projekty\gsp-lab:/work -v D:\Studia\Projekty\RNA_assessment:/rna_assessment -e RNA_ASSESSMENT_ROOT=/rna_assessment -e PYTHONPATH=/rna_assessment mcannotate-runtime python3 /work/src/utils/INF.py /work/data/finished/PZ14Bound/pdb/14_DasPostExp_8_solution.pdb /work/data/finished/PZ14Bound/pdb/14_DasPostExp_8_refined.pdb
2026-03-10 00:29:05 	 Docker exit code: 0
2026-03-10 00:29:05 	 Docker output length: 373
2026-03-10 00:29:05 	 Saved CSV: PZ14Bound,DasPostExp_8,DasPostExp,8,refined_pair,0.7092376954533025,0.8944271909999159,0.31622776601683794,14_DasPostExp_8_solution.pdb,14_DasPostExp_8_refined.pdb
2026-03-10 00:29:05 	 RUN refined_pair target=14_DasPostExp_9_solution.pdb model=14_DasPostExp_9_refined.pdb -> id=DasPostExp_9
2026-03-10 00:29:05 	 Docker cmd: docker run --rm -v D:\Studia\Projekty\gsp-lab:/work -v D:\Studia\Projekty\RNA_assessment:/rna_assessment -e RNA_ASSESSMENT_ROOT=/rna_assessment -e PYTHONPATH=/rna_assessment mcannotate-runtime python3 /work/src/utils/INF.py /work/data/finished/PZ14Bound/pdb/14_DasPostExp_9_solution.pdb /work/data/finished/PZ14Bound/pdb/14_DasPostExp_9_refined.pdb
2026-03-10 00:29:09 	 Docker exit code: 0
2026-03-10 00:29:09 	 Docker output length: 370
2026-03-10 00:29:09 	 Saved CSV: PZ14Bound,DasPostExp_9,DasPostExp,9,refined_pair,0.6678944147908079,0.8838834764831844,0.408248290463863,14_DasPostExp_9_solution.pdb,14_DasPostExp_9_refined.pdb
2026-03-10 00:29:09 	 RUN refined_pair target=14_DasPreExp_1_solution.pdb model=14_DasPreExp_1_refined.pdb -> id=DasPreExp_1
2026-03-10 00:29:09 	 Docker cmd: docker run --rm -v D:\Studia\Projekty\gsp-lab:/work -v D:\Studia\Projekty\RNA_assessment:/rna_assessment -e RNA_ASSESSMENT_ROOT=/rna_assessment -e PYTHONPATH=/rna_assessment mcannotate-runtime python3 /work/src/utils/INF.py /work/data/finished/PZ14Bound/pdb/14_DasPreExp_1_solution.pdb /work/data/finished/PZ14Bound/pdb/14_DasPreExp_1_refined.pdb
2026-03-10 00:29:11 	 Docker exit code: 0
2026-03-10 00:29:11 	 Docker output length: 356
2026-03-10 00:29:11 	 Saved CSV: PZ14Bound,DasPreExp_1,DasPreExp,1,refined_pair,0.8197607712056744,0.9428090415820634,0.75,14_DasPreExp_1_solution.pdb,14_DasPreExp_1_refined.pdb
2026-03-10 00:29:11 	 RUN refined_pair target=14_DasPreExp_10_solution.pdb model=14_DasPreExp_10_refined.pdb -> id=DasPreExp_10
2026-03-10 00:29:11 	 Docker cmd: docker run --rm -v D:\Studia\Projekty\gsp-lab:/work -v D:\Studia\Projekty\RNA_assessment:/rna_assessment -e RNA_ASSESSMENT_ROOT=/rna_assessment -e PYTHONPATH=/rna_assessment mcannotate-runtime python3 /work/src/utils/INF.py /work/data/finished/PZ14Bound/pdb/14_DasPreExp_10_solution.pdb /work/data/finished/PZ14Bound/pdb/14_DasPreExp_10_refined.pdb
2026-03-10 00:29:14 	 Docker exit code: 0
2026-03-10 00:29:14 	 Docker output length: 370
2026-03-10 00:29:14 	 Saved CSV: PZ14Bound,DasPreExp_10,DasPreExp,10,refined_pair,0.6678944147908079,0.8838834764831844,0.408248290463863,14_DasPreExp_10_solution.pdb,14_DasPreExp_10_refined.pdb
2026-03-10 00:29:14 	 RUN refined_pair target=14_DasPreExp_2_solution.pdb model=14_DasPreExp_2_refined.pdb -> id=DasPreExp_2
2026-03-10 00:29:14 	 Docker cmd: docker run --rm -v D:\Studia\Projekty\gsp-lab:/work -v D:\Studia\Projekty\RNA_assessment:/rna_assessment -e RNA_ASSESSMENT_ROOT=/rna_assessment -e PYTHONPATH=/rna_assessment mcannotate-runtime python3 /work/src/utils/INF.py /work/data/finished/PZ14Bound/pdb/14_DasPreExp_2_solution.pdb /work/data/finished/PZ14Bound/pdb/14_DasPreExp_2_refined.pdb
2026-03-10 00:29:16 	 Docker exit code: 0
2026-03-10 00:29:16 	 Docker output length: 370
2026-03-10 00:29:16 	 Saved CSV: PZ14Bound,DasPreExp_2,DasPreExp,2,refined_pair,0.7714285714285715,0.8944271909999159,0.6324555320336759,14_DasPreExp_2_solution.pdb,14_DasPreExp_2_refined.pdb
2026-03-10 00:29:16 	 RUN refined_pair target=14_DasPreExp_3_solution.pdb model=14_DasPreExp_3_refined.pdb -> id=DasPreExp_3
2026-03-10 00:29:16 	 Docker cmd: docker run --rm -v D:\Studia\Projekty\gsp-lab:/work -v D:\Studia\Projekty\RNA_assessment:/rna_assessment -e RNA_ASSESSMENT_ROOT=/rna_assessment -e PYTHONPATH=/rna_assessment mcannotate-runtime python3 /work/src/utils/INF.py /work/data/finished/PZ14Bound/pdb/14_DasPreExp_3_solution.pdb /work/data/finished/PZ14Bound/pdb/14_DasPreExp_3_refined.pdb
2026-03-10 00:29:19 	 Docker exit code: 0
2026-03-10 00:29:19 	 Docker output length: 371
2026-03-10 00:29:19 	 Saved CSV: PZ14Bound,DasPreExp_3,DasPreExp,3,refined_pair,0.7092376954533025,0.8944271909999159,0.31622776601683794,14_DasPreExp_3_solution.pdb,14_DasPreExp_3_refined.pdb
2026-03-10 00:29:19 	 RUN refined_pair target=14_DasPreExp_4_solution.pdb model=14_DasPreExp_4_refined.pdb -> id=DasPreExp_4
2026-03-10 00:29:19 	 Docker cmd: docker run --rm -v D:\Studia\Projekty\gsp-lab:/work -v D:\Studia\Projekty\RNA_assessment:/rna_assessment -e RNA_ASSESSMENT_ROOT=/rna_assessment -e PYTHONPATH=/rna_assessment mcannotate-runtime python3 /work/src/utils/INF.py /work/data/finished/PZ14Bound/pdb/14_DasPreExp_4_solution.pdb /work/data/finished/PZ14Bound/pdb/14_DasPreExp_4_refined.pdb
2026-03-10 00:29:23 	 Docker exit code: 0
2026-03-10 00:29:23 	 Docker output length: 370
2026-03-10 00:29:23 	 Saved CSV: PZ14Bound,DasPreExp_4,DasPreExp,4,refined_pair,0.7885102414381684,0.8944271909999159,0.7905694150420949,14_DasPreExp_4_solution.pdb,14_DasPreExp_4_refined.pdb
2026-03-10 00:29:23 	 RUN refined_pair target=14_DasPreExp_5_solution.pdb model=14_DasPreExp_5_refined.pdb -> id=DasPreExp_5
2026-03-10 00:29:23 	 Docker cmd: docker run --rm -v D:\Studia\Projekty\gsp-lab:/work -v D:\Studia\Projekty\RNA_assessment:/rna_assessment -e RNA_ASSESSMENT_ROOT=/rna_assessment -e PYTHONPATH=/rna_assessment mcannotate-runtime python3 /work/src/utils/INF.py /work/data/finished/PZ14Bound/pdb/14_DasPreExp_5_solution.pdb /work/data/finished/PZ14Bound/pdb/14_DasPreExp_5_refined.pdb
2026-03-10 00:29:26 	 Docker exit code: 0
2026-03-10 00:29:26 	 Docker output length: 368
2026-03-10 00:29:26 	 Saved CSV: PZ14Bound,DasPreExp_5,DasPreExp,5,refined_pair,0.8142857142857143,0.9176629354822471,0.7905694150420949,14_DasPreExp_5_solution.pdb,14_DasPreExp_5_refined.pdb
2026-03-10 00:29:26 	 RUN refined_pair target=14_DasPreExp_6_solution.pdb model=14_DasPreExp_6_refined.pdb -> id=DasPreExp_6
2026-03-10 00:29:26 	 Docker cmd: docker run --rm -v D:\Studia\Projekty\gsp-lab:/work -v D:\Studia\Projekty\RNA_assessment:/rna_assessment -e RNA_ASSESSMENT_ROOT=/rna_assessment -e PYTHONPATH=/rna_assessment mcannotate-runtime python3 /work/src/utils/INF.py /work/data/finished/PZ14Bound/pdb/14_DasPreExp_6_solution.pdb /work/data/finished/PZ14Bound/pdb/14_DasPreExp_6_refined.pdb
2026-03-10 00:29:29 	 Docker exit code: 0
2026-03-10 00:29:29 	 Docker output length: 369
2026-03-10 00:29:30 	 Saved CSV: PZ14Bound,DasPreExp_6,DasPreExp,6,refined_pair,0.7913873867198119,0.8944271909999159,0.7216878364870323,14_DasPreExp_6_solution.pdb,14_DasPreExp_6_refined.pdb
2026-03-10 00:29:30 	 RUN refined_pair target=14_DasPreExp_7_solution.pdb model=14_DasPreExp_7_refined.pdb -> id=DasPreExp_7
2026-03-10 00:29:30 	 Docker cmd: docker run --rm -v D:\Studia\Projekty\gsp-lab:/work -v D:\Studia\Projekty\RNA_assessment:/rna_assessment -e RNA_ASSESSMENT_ROOT=/rna_assessment -e PYTHONPATH=/rna_assessment mcannotate-runtime python3 /work/src/utils/INF.py /work/data/finished/PZ14Bound/pdb/14_DasPreExp_7_solution.pdb /work/data/finished/PZ14Bound/pdb/14_DasPreExp_7_refined.pdb
2026-03-10 00:29:32 	 Docker exit code: 0
2026-03-10 00:29:32 	 Docker output length: 370
2026-03-10 00:29:32 	 Saved CSV: PZ14Bound,DasPreExp_7,DasPreExp,7,refined_pair,0.8031122829462826,0.9176629354822471,0.7216878364870323,14_DasPreExp_7_solution.pdb,14_DasPreExp_7_refined.pdb
2026-03-10 00:29:32 	 RUN refined_pair target=14_DasPreExp_8_solution.pdb model=14_DasPreExp_8_refined.pdb -> id=DasPreExp_8
2026-03-10 00:29:32 	 Docker cmd: docker run --rm -v D:\Studia\Projekty\gsp-lab:/work -v D:\Studia\Projekty\RNA_assessment:/rna_assessment -e RNA_ASSESSMENT_ROOT=/rna_assessment -e PYTHONPATH=/rna_assessment mcannotate-runtime python3 /work/src/utils/INF.py /work/data/finished/PZ14Bound/pdb/14_DasPreExp_8_solution.pdb /work/data/finished/PZ14Bound/pdb/14_DasPreExp_8_refined.pdb
2026-03-10 00:29:35 	 Docker exit code: 0
2026-03-10 00:29:35 	 Docker output length: 368
2026-03-10 00:29:35 	 Saved CSV: PZ14Bound,DasPreExp_8,DasPreExp,8,refined_pair,0.7714285714285715,0.9176629354822471,0.5773502691896257,14_DasPreExp_8_solution.pdb,14_DasPreExp_8_refined.pdb
2026-03-10 00:29:35 	 RUN refined_pair target=14_DasPreExp_9_solution.pdb model=14_DasPreExp_9_refined.pdb -> id=DasPreExp_9
2026-03-10 00:29:35 	 Docker cmd: docker run --rm -v D:\Studia\Projekty\gsp-lab:/work -v D:\Studia\Projekty\RNA_assessment:/rna_assessment -e RNA_ASSESSMENT_ROOT=/rna_assessment -e PYTHONPATH=/rna_assessment mcannotate-runtime python3 /work/src/utils/INF.py /work/data/finished/PZ14Bound/pdb/14_DasPreExp_9_solution.pdb /work/data/finished/PZ14Bound/pdb/14_DasPreExp_9_refined.pdb
2026-03-10 00:29:38 	 Docker exit code: 0
2026-03-10 00:29:38 	 Docker output length: 369
2026-03-10 00:29:38 	 Saved CSV: PZ14Bound,DasPreExp_9,DasPreExp,9,refined_pair,0.7857142857142857,0.8944271909999159,0.7216878364870323,14_DasPreExp_9_solution.pdb,14_DasPreExp_9_refined.pdb
2026-03-10 00:29:38 	 RUN refined_pair target=14_DingPostExp_1_solution.pdb model=14_DingPostExp_1_refined.pdb -> id=DingPostExp_1
2026-03-10 00:29:38 	 Docker cmd: docker run --rm -v D:\Studia\Projekty\gsp-lab:/work -v D:\Studia\Projekty\RNA_assessment:/rna_assessment -e RNA_ASSESSMENT_ROOT=/rna_assessment -e PYTHONPATH=/rna_assessment mcannotate-runtime python3 /work/src/utils/INF.py /work/data/finished/PZ14Bound/pdb/14_DingPostExp_1_solution.pdb /work/data/finished/PZ14Bound/pdb/14_DingPostExp_1_refined.pdb
2026-03-10 00:29:41 	 Docker exit code: 0
2026-03-10 00:29:41 	 Docker output length: 359
2026-03-10 00:29:41 	 Saved CSV: PZ14Bound,DingPostExp_1,DingPostExp,1,refined_pair,0.6548484791249384,0.9682458365518543,0,14_DingPostExp_1_solution.pdb,14_DingPostExp_1_refined.pdb
2026-03-10 00:29:41 	 RUN refined_pair target=14_DingPostExp_10_solution.pdb model=14_DingPostExp_10_refined.pdb -> id=DingPostExp_10
2026-03-10 00:29:41 	 Docker cmd: docker run --rm -v D:\Studia\Projekty\gsp-lab:/work -v D:\Studia\Projekty\RNA_assessment:/rna_assessment -e RNA_ASSESSMENT_ROOT=/rna_assessment -e PYTHONPATH=/rna_assessment mcannotate-runtime python3 /work/src/utils/INF.py /work/data/finished/PZ14Bound/pdb/14_DingPostExp_10_solution.pdb /work/data/finished/PZ14Bound/pdb/14_DingPostExp_10_refined.pdb
2026-03-10 00:29:43 	 Docker exit code: 0
2026-03-10 00:29:43 	 Docker output length: 349
2026-03-10 00:29:43 	 Saved CSV: PZ14Bound,DingPostExp_10,DingPostExp,10,refined_pair,0.6659130823434479,0.9375,0,14_DingPostExp_10_solution.pdb,14_DingPostExp_10_refined.pdb
2026-03-10 00:29:43 	 RUN refined_pair target=14_DingPostExp_2_solution.pdb model=14_DingPostExp_2_refined.pdb -> id=DingPostExp_2
2026-03-10 00:29:43 	 Docker cmd: docker run --rm -v D:\Studia\Projekty\gsp-lab:/work -v D:\Studia\Projekty\RNA_assessment:/rna_assessment -e RNA_ASSESSMENT_ROOT=/rna_assessment -e PYTHONPATH=/rna_assessment mcannotate-runtime python3 /work/src/utils/INF.py /work/data/finished/PZ14Bound/pdb/14_DingPostExp_2_solution.pdb /work/data/finished/PZ14Bound/pdb/14_DingPostExp_2_refined.pdb
2026-03-10 00:29:46 	 Docker exit code: 0
2026-03-10 00:29:46 	 Docker output length: 359
2026-03-10 00:29:46 	 Saved CSV: PZ14Bound,DingPostExp_2,DingPostExp,2,refined_pair,0.6961432213383857,0.9682458365518543,0,14_DingPostExp_2_solution.pdb,14_DingPostExp_2_refined.pdb
2026-03-10 00:29:46 	 RUN refined_pair target=14_DingPostExp_3_solution.pdb model=14_DingPostExp_3_refined.pdb -> id=DingPostExp_3
2026-03-10 00:29:46 	 Docker cmd: docker run --rm -v D:\Studia\Projekty\gsp-lab:/work -v D:\Studia\Projekty\RNA_assessment:/rna_assessment -e RNA_ASSESSMENT_ROOT=/rna_assessment -e PYTHONPATH=/rna_assessment mcannotate-runtime python3 /work/src/utils/INF.py /work/data/finished/PZ14Bound/pdb/14_DingPostExp_3_solution.pdb /work/data/finished/PZ14Bound/pdb/14_DingPostExp_3_refined.pdb
2026-03-10 00:29:49 	 Docker exit code: 0
2026-03-10 00:29:49 	 Docker output length: 359
2026-03-10 00:29:49 	 Saved CSV: PZ14Bound,DingPostExp_3,DingPostExp,3,refined_pair,0.7282347248904991,0.8838834764831844,0,14_DingPostExp_3_solution.pdb,14_DingPostExp_3_refined.pdb
2026-03-10 00:29:49 	 RUN refined_pair target=14_DingPostExp_4_solution.pdb model=14_DingPostExp_4_refined.pdb -> id=DingPostExp_4
2026-03-10 00:29:49 	 Docker cmd: docker run --rm -v D:\Studia\Projekty\gsp-lab:/work -v D:\Studia\Projekty\RNA_assessment:/rna_assessment -e RNA_ASSESSMENT_ROOT=/rna_assessment -e PYTHONPATH=/rna_assessment mcannotate-runtime python3 /work/src/utils/INF.py /work/data/finished/PZ14Bound/pdb/14_DingPostExp_4_solution.pdb /work/data/finished/PZ14Bound/pdb/14_DingPostExp_4_refined.pdb
2026-03-10 00:29:52 	 Docker exit code: 0
2026-03-10 00:29:52 	 Docker output length: 359
2026-03-10 00:29:52 	 Saved CSV: PZ14Bound,DingPostExp_4,DingPostExp,4,refined_pair,0.6731268308856965,0.9682458365518543,0,14_DingPostExp_4_solution.pdb,14_DingPostExp_4_refined.pdb
2026-03-10 00:29:52 	 RUN refined_pair target=14_DingPostExp_5_solution.pdb model=14_DingPostExp_5_refined.pdb -> id=DingPostExp_5
2026-03-10 00:29:52 	 Docker cmd: docker run --rm -v D:\Studia\Projekty\gsp-lab:/work -v D:\Studia\Projekty\RNA_assessment:/rna_assessment -e RNA_ASSESSMENT_ROOT=/rna_assessment -e PYTHONPATH=/rna_assessment mcannotate-runtime python3 /work/src/utils/INF.py /work/data/finished/PZ14Bound/pdb/14_DingPostExp_5_solution.pdb /work/data/finished/PZ14Bound/pdb/14_DingPostExp_5_refined.pdb
2026-03-10 00:29:55 	 Docker exit code: 0
2026-03-10 00:29:55 	 Docker output length: 347
2026-03-10 00:29:55 	 Saved CSV: PZ14Bound,DingPostExp_5,DingPostExp,5,refined_pair,0.6831300510639732,0.9375,0,14_DingPostExp_5_solution.pdb,14_DingPostExp_5_refined.pdb
2026-03-10 00:29:55 	 RUN refined_pair target=14_DingPostExp_6_solution.pdb model=14_DingPostExp_6_refined.pdb -> id=DingPostExp_6
2026-03-10 00:29:55 	 Docker cmd: docker run --rm -v D:\Studia\Projekty\gsp-lab:/work -v D:\Studia\Projekty\RNA_assessment:/rna_assessment -e RNA_ASSESSMENT_ROOT=/rna_assessment -e PYTHONPATH=/rna_assessment mcannotate-runtime python3 /work/src/utils/INF.py /work/data/finished/PZ14Bound/pdb/14_DingPostExp_6_solution.pdb /work/data/finished/PZ14Bound/pdb/14_DingPostExp_6_refined.pdb
2026-03-10 00:29:59 	 Docker exit code: 0
2026-03-10 00:29:59 	 Docker output length: 360
2026-03-10 00:29:59 	 Saved CSV: PZ14Bound,DingPostExp_6,DingPostExp,6,refined_pair,0.7413571269033499,0.9095085938862486,-1,14_DingPostExp_6_solution.pdb,14_DingPostExp_6_refined.pdb
2026-03-10 00:29:59 	 RUN refined_pair target=14_DingPostExp_7_solution.pdb model=14_DingPostExp_7_refined.pdb -> id=DingPostExp_7
2026-03-10 00:29:59 	 Docker cmd: docker run --rm -v D:\Studia\Projekty\gsp-lab:/work -v D:\Studia\Projekty\RNA_assessment:/rna_assessment -e RNA_ASSESSMENT_ROOT=/rna_assessment -e PYTHONPATH=/rna_assessment mcannotate-runtime python3 /work/src/utils/INF.py /work/data/finished/PZ14Bound/pdb/14_DingPostExp_7_solution.pdb /work/data/finished/PZ14Bound/pdb/14_DingPostExp_7_refined.pdb
2026-03-10 00:30:01 	 Docker exit code: 0
2026-03-10 00:30:01 	 Docker output length: 344
2026-03-10 00:30:01 	 Saved CSV: PZ14Bound,DingPostExp_7,DingPostExp,7,refined_pair,0.6795683827350908,1,0,14_DingPostExp_7_solution.pdb,14_DingPostExp_7_refined.pdb
2026-03-10 00:30:01 	 RUN refined_pair target=14_DingPostExp_8_solution.pdb model=14_DingPostExp_8_refined.pdb -> id=DingPostExp_8
2026-03-10 00:30:01 	 Docker cmd: docker run --rm -v D:\Studia\Projekty\gsp-lab:/work -v D:\Studia\Projekty\RNA_assessment:/rna_assessment -e RNA_ASSESSMENT_ROOT=/rna_assessment -e PYTHONPATH=/rna_assessment mcannotate-runtime python3 /work/src/utils/INF.py /work/data/finished/PZ14Bound/pdb/14_DingPostExp_8_solution.pdb /work/data/finished/PZ14Bound/pdb/14_DingPostExp_8_refined.pdb
2026-03-10 00:30:04 	 Docker exit code: 0
2026-03-10 00:30:04 	 Docker output length: 358
2026-03-10 00:30:04 	 Saved CSV: PZ14Bound,DingPostExp_8,DingPostExp,8,refined_pair,0.6895445584682744,0.9682458365518543,0,14_DingPostExp_8_solution.pdb,14_DingPostExp_8_refined.pdb
2026-03-10 00:30:04 	 RUN refined_pair target=14_DingPostExp_9_solution.pdb model=14_DingPostExp_9_refined.pdb -> id=DingPostExp_9
2026-03-10 00:30:04 	 Docker cmd: docker run --rm -v D:\Studia\Projekty\gsp-lab:/work -v D:\Studia\Projekty\RNA_assessment:/rna_assessment -e RNA_ASSESSMENT_ROOT=/rna_assessment -e PYTHONPATH=/rna_assessment mcannotate-runtime python3 /work/src/utils/INF.py /work/data/finished/PZ14Bound/pdb/14_DingPostExp_9_solution.pdb /work/data/finished/PZ14Bound/pdb/14_DingPostExp_9_refined.pdb
2026-03-10 00:30:06 	 Docker exit code: 0
2026-03-10 00:30:06 	 Docker output length: 359
2026-03-10 00:30:06 	 Saved CSV: PZ14Bound,DingPostExp_9,DingPostExp,9,refined_pair,0.6668650498481644,0.9682458365518543,0,14_DingPostExp_9_solution.pdb,14_DingPostExp_9_refined.pdb
2026-03-10 00:30:06 	 RUN refined_pair target=14_DingPreExp_1_solution.pdb model=14_DingPreExp_1_refined.pdb -> id=DingPreExp_1
2026-03-10 00:30:07 	 Docker cmd: docker run --rm -v D:\Studia\Projekty\gsp-lab:/work -v D:\Studia\Projekty\RNA_assessment:/rna_assessment -e RNA_ASSESSMENT_ROOT=/rna_assessment -e PYTHONPATH=/rna_assessment mcannotate-runtime python3 /work/src/utils/INF.py /work/data/finished/PZ14Bound/pdb/14_DingPreExp_1_solution.pdb /work/data/finished/PZ14Bound/pdb/14_DingPreExp_1_refined.pdb
2026-03-10 00:30:09 	 Docker exit code: 0
2026-03-10 00:30:09 	 Docker output length: 357
2026-03-10 00:30:10 	 Saved CSV: PZ14Bound,DingPreExp_1,DingPreExp,1,refined_pair,0.6567091033031185,0.9682458365518543,0,14_DingPreExp_1_solution.pdb,14_DingPreExp_1_refined.pdb
2026-03-10 00:30:10 	 RUN refined_pair target=14_DingPreExp_2_solution.pdb model=14_DingPreExp_2_refined.pdb -> id=DingPreExp_2
2026-03-10 00:30:10 	 Docker cmd: docker run --rm -v D:\Studia\Projekty\gsp-lab:/work -v D:\Studia\Projekty\RNA_assessment:/rna_assessment -e RNA_ASSESSMENT_ROOT=/rna_assessment -e PYTHONPATH=/rna_assessment mcannotate-runtime python3 /work/src/utils/INF.py /work/data/finished/PZ14Bound/pdb/14_DingPreExp_2_solution.pdb /work/data/finished/PZ14Bound/pdb/14_DingPreExp_2_refined.pdb
2026-03-10 00:30:12 	 Docker exit code: 0
2026-03-10 00:30:12 	 Docker output length: 356
2026-03-10 00:30:12 	 Saved CSV: PZ14Bound,DingPreExp_2,DingPreExp,2,refined_pair,0.6629935441317959,0.9682458365518543,0,14_DingPreExp_2_solution.pdb,14_DingPreExp_2_refined.pdb
2026-03-10 00:30:12 	 RUN refined_pair target=14_DingPreExp_3_solution.pdb model=14_DingPreExp_3_refined.pdb -> id=DingPreExp_3
2026-03-10 00:30:12 	 Docker cmd: docker run --rm -v D:\Studia\Projekty\gsp-lab:/work -v D:\Studia\Projekty\RNA_assessment:/rna_assessment -e RNA_ASSESSMENT_ROOT=/rna_assessment -e PYTHONPATH=/rna_assessment mcannotate-runtime python3 /work/src/utils/INF.py /work/data/finished/PZ14Bound/pdb/14_DingPreExp_3_solution.pdb /work/data/finished/PZ14Bound/pdb/14_DingPreExp_3_refined.pdb
2026-03-10 00:30:15 	 Docker exit code: 0
2026-03-10 00:30:15 	 Docker output length: 342
2026-03-10 00:30:15 	 Saved CSV: PZ14Bound,DingPreExp_3,DingPreExp,3,refined_pair,0.7196715715299218,1,0,14_DingPreExp_3_solution.pdb,14_DingPreExp_3_refined.pdb
2026-03-10 00:30:15 	 RUN refined_pair target=14_DingPreExp_4_solution.pdb model=14_DingPreExp_4_refined.pdb -> id=DingPreExp_4
2026-03-10 00:30:15 	 Docker cmd: docker run --rm -v D:\Studia\Projekty\gsp-lab:/work -v D:\Studia\Projekty\RNA_assessment:/rna_assessment -e RNA_ASSESSMENT_ROOT=/rna_assessment -e PYTHONPATH=/rna_assessment mcannotate-runtime python3 /work/src/utils/INF.py /work/data/finished/PZ14Bound/pdb/14_DingPreExp_4_solution.pdb /work/data/finished/PZ14Bound/pdb/14_DingPreExp_4_refined.pdb
2026-03-10 00:30:18 	 Docker exit code: 0
2026-03-10 00:30:18 	 Docker output length: 357
2026-03-10 00:30:18 	 Saved CSV: PZ14Bound,DingPreExp_4,DingPreExp,4,refined_pair,0.6359888306543495,0.9682458365518543,0,14_DingPreExp_4_solution.pdb,14_DingPreExp_4_refined.pdb
2026-03-10 00:30:18 	 RUN refined_pair target=14_DingPreExp_5_solution.pdb model=14_DingPreExp_5_refined.pdb -> id=DingPreExp_5
2026-03-10 00:30:18 	 Docker cmd: docker run --rm -v D:\Studia\Projekty\gsp-lab:/work -v D:\Studia\Projekty\RNA_assessment:/rna_assessment -e RNA_ASSESSMENT_ROOT=/rna_assessment -e PYTHONPATH=/rna_assessment mcannotate-runtime python3 /work/src/utils/INF.py /work/data/finished/PZ14Bound/pdb/14_DingPreExp_5_solution.pdb /work/data/finished/PZ14Bound/pdb/14_DingPreExp_5_refined.pdb
2026-03-10 00:30:21 	 Docker exit code: 0
2026-03-10 00:30:21 	 Docker output length: 345
2026-03-10 00:30:21 	 Saved CSV: PZ14Bound,DingPreExp_5,DingPreExp,5,refined_pair,0.6629935441317959,0.9375,0,14_DingPreExp_5_solution.pdb,14_DingPreExp_5_refined.pdb
2026-03-10 00:30:21 	 RUN refined_pair target=14_DingPreExp_6_solution.pdb model=14_DingPreExp_6_refined.pdb -> id=DingPreExp_6
2026-03-10 00:30:21 	 Docker cmd: docker run --rm -v D:\Studia\Projekty\gsp-lab:/work -v D:\Studia\Projekty\RNA_assessment:/rna_assessment -e RNA_ASSESSMENT_ROOT=/rna_assessment -e PYTHONPATH=/rna_assessment mcannotate-runtime python3 /work/src/utils/INF.py /work/data/finished/PZ14Bound/pdb/14_DingPreExp_6_solution.pdb /work/data/finished/PZ14Bound/pdb/14_DingPreExp_6_refined.pdb
2026-03-10 00:30:24 	 Docker exit code: 0
2026-03-10 00:30:24 	 Docker output length: 345
2026-03-10 00:30:24 	 Saved CSV: PZ14Bound,DingPreExp_6,DingPreExp,6,refined_pair,0.6488383879243851,0.9375,0,14_DingPreExp_6_solution.pdb,14_DingPreExp_6_refined.pdb
2026-03-10 00:30:24 	 RUN refined_pair target=14_DingPreExp_7_solution.pdb model=14_DingPreExp_7_refined.pdb -> id=DingPreExp_7
2026-03-10 00:30:24 	 Docker cmd: docker run --rm -v D:\Studia\Projekty\gsp-lab:/work -v D:\Studia\Projekty\RNA_assessment:/rna_assessment -e RNA_ASSESSMENT_ROOT=/rna_assessment -e PYTHONPATH=/rna_assessment mcannotate-runtime python3 /work/src/utils/INF.py /work/data/finished/PZ14Bound/pdb/14_DingPreExp_7_solution.pdb /work/data/finished/PZ14Bound/pdb/14_DingPreExp_7_refined.pdb
2026-03-10 00:30:28 	 Docker exit code: 0
2026-03-10 00:30:28 	 Docker output length: 345
2026-03-10 00:30:28 	 Saved CSV: PZ14Bound,DingPreExp_7,DingPreExp,7,refined_pair,0.6930264888773836,0.9375,0,14_DingPreExp_7_solution.pdb,14_DingPreExp_7_refined.pdb
2026-03-10 00:30:28 	 RUN refined_pair target=14_DingPreExp_8_solution.pdb model=14_DingPreExp_8_refined.pdb -> id=DingPreExp_8
2026-03-10 00:30:28 	 Docker cmd: docker run --rm -v D:\Studia\Projekty\gsp-lab:/work -v D:\Studia\Projekty\RNA_assessment:/rna_assessment -e RNA_ASSESSMENT_ROOT=/rna_assessment -e PYTHONPATH=/rna_assessment mcannotate-runtime python3 /work/src/utils/INF.py /work/data/finished/PZ14Bound/pdb/14_DingPreExp_8_solution.pdb /work/data/finished/PZ14Bound/pdb/14_DingPreExp_8_refined.pdb
2026-03-10 00:30:31 	 Docker exit code: 0
2026-03-10 00:30:31 	 Docker output length: 356
2026-03-10 00:30:31 	 Saved CSV: PZ14Bound,DingPreExp_8,DingPreExp,8,refined_pair,0.7000624711815734,0.9682458365518543,0,14_DingPreExp_8_solution.pdb,14_DingPreExp_8_refined.pdb
2026-03-10 00:30:31 	 SKIP (model is a solution file): 14_AdamiakPostExp_1_solution.pdb
2026-03-10 00:30:31 	 SKIP (model is a solution file): 14_AdamiakPostExp_2_solution.pdb
2026-03-10 00:30:31 	 SKIP (model is a solution file): 14_AdamiakPreExp_1_solution.pdb
2026-03-10 00:30:31 	 SKIP (model is a solution file): 14_AdamiakPreExp_2_solution.pdb
2026-03-10 00:30:31 	 SKIP (model is a solution file): 14_BujnickiPostExp_1_solution.pdb
2026-03-10 00:30:31 	 SKIP (model is a solution file): 14_BujnickiPostExp_2_solution.pdb
2026-03-10 00:30:31 	 SKIP (model is a solution file): 14_BujnickiPostExp_3_solution.pdb
2026-03-10 00:30:31 	 SKIP (model is a solution file): 14_BujnickiPostExp_4_solution.pdb
2026-03-10 00:30:31 	 SKIP (model is a solution file): 14_BujnickiPostExp_5_solution.pdb
2026-03-10 00:30:31 	 SKIP (model is a solution file): 14_BujnickiPreExp_1_solution.pdb
2026-03-10 00:30:31 	 SKIP (model is a solution file): 14_BujnickiPreExp_2_solution.pdb
2026-03-10 00:30:31 	 SKIP (model is a solution file): 14_BujnickiPreExp_3_solution.pdb
2026-03-10 00:30:31 	 SKIP (model is a solution file): 14_BujnickiPreExp_4_solution.pdb
2026-03-10 00:30:31 	 SKIP (model is a solution file): 14_BujnickiPreExp_5_solution.pdb
2026-03-10 00:30:31 	 SKIP (model is a solution file): 14_BujnickiPreExp_6_solution.pdb
2026-03-10 00:30:31 	 SKIP (model is a solution file): 14_BujnickiPreExp_7_solution.pdb
2026-03-10 00:30:31 	 SKIP (model is a solution file): 14_ChenPostExp_1_solution.pdb
2026-03-10 00:30:31 	 SKIP (model is a solution file): 14_ChenPostExp_10_solution.pdb
2026-03-10 00:30:31 	 SKIP (model is a solution file): 14_ChenPostExp_2_solution.pdb
2026-03-10 00:30:31 	 SKIP (model is a solution file): 14_ChenPostExp_3_solution.pdb
2026-03-10 00:30:31 	 SKIP (model is a solution file): 14_ChenPostExp_4_solution.pdb
2026-03-10 00:30:31 	 SKIP (model is a solution file): 14_ChenPostExp_5_solution.pdb
2026-03-10 00:30:31 	 SKIP (model is a solution file): 14_ChenPostExp_6_solution.pdb
2026-03-10 00:30:31 	 SKIP (model is a solution file): 14_ChenPostExp_7_solution.pdb
2026-03-10 00:30:31 	 SKIP (model is a solution file): 14_ChenPostExp_8_solution.pdb
2026-03-10 00:30:31 	 SKIP (model is a solution file): 14_ChenPostExp_9_solution.pdb
2026-03-10 00:30:31 	 SKIP (model is a solution file): 14_DasPostExp_1_solution.pdb
2026-03-10 00:30:31 	 SKIP (model is a solution file): 14_DasPostExp_10_solution.pdb
2026-03-10 00:30:31 	 SKIP (model is a solution file): 14_DasPostExp_2_solution.pdb
2026-03-10 00:30:31 	 SKIP (model is a solution file): 14_DasPostExp_3_solution.pdb
2026-03-10 00:30:31 	 SKIP (model is a solution file): 14_DasPostExp_4_solution.pdb
2026-03-10 00:30:31 	 SKIP (model is a solution file): 14_DasPostExp_5_solution.pdb
2026-03-10 00:30:31 	 SKIP (model is a solution file): 14_DasPostExp_6_solution.pdb
2026-03-10 00:30:31 	 SKIP (model is a solution file): 14_DasPostExp_7_solution.pdb
2026-03-10 00:30:31 	 SKIP (model is a solution file): 14_DasPostExp_8_solution.pdb
2026-03-10 00:30:31 	 SKIP (model is a solution file): 14_DasPostExp_9_solution.pdb
2026-03-10 00:30:31 	 SKIP (model is a solution file): 14_DasPreExp_1_solution.pdb
2026-03-10 00:30:31 	 SKIP (model is a solution file): 14_DasPreExp_10_solution.pdb
2026-03-10 00:30:32 	 SKIP (model is a solution file): 14_DasPreExp_2_solution.pdb
2026-03-10 00:30:32 	 SKIP (model is a solution file): 14_DasPreExp_3_solution.pdb
2026-03-10 00:30:32 	 SKIP (model is a solution file): 14_DasPreExp_4_solution.pdb
2026-03-10 00:30:32 	 SKIP (model is a solution file): 14_DasPreExp_5_solution.pdb
2026-03-10 00:30:32 	 SKIP (model is a solution file): 14_DasPreExp_6_solution.pdb
2026-03-10 00:30:32 	 SKIP (model is a solution file): 14_DasPreExp_7_solution.pdb
2026-03-10 00:30:32 	 SKIP (model is a solution file): 14_DasPreExp_8_solution.pdb
2026-03-10 00:30:32 	 SKIP (model is a solution file): 14_DasPreExp_9_solution.pdb
2026-03-10 00:30:32 	 SKIP (model is a solution file): 14_DingPostExp_1_solution.pdb
2026-03-10 00:30:32 	 SKIP (model is a solution file): 14_DingPostExp_10_solution.pdb
2026-03-10 00:30:32 	 SKIP (model is a solution file): 14_DingPostExp_2_solution.pdb
2026-03-10 00:30:32 	 SKIP (model is a solution file): 14_DingPostExp_3_solution.pdb
2026-03-10 00:30:32 	 SKIP (model is a solution file): 14_DingPostExp_4_solution.pdb
2026-03-10 00:30:32 	 SKIP (model is a solution file): 14_DingPostExp_5_solution.pdb
2026-03-10 00:30:32 	 SKIP (model is a solution file): 14_DingPostExp_6_solution.pdb
2026-03-10 00:30:32 	 SKIP (model is a solution file): 14_DingPostExp_7_solution.pdb
2026-03-10 00:30:32 	 SKIP (model is a solution file): 14_DingPostExp_8_solution.pdb
2026-03-10 00:30:32 	 SKIP (model is a solution file): 14_DingPostExp_9_solution.pdb
2026-03-10 00:30:32 	 SKIP (model is a solution file): 14_DingPreExp_1_solution.pdb
2026-03-10 00:30:32 	 SKIP (model is a solution file): 14_DingPreExp_2_solution.pdb
2026-03-10 00:30:32 	 SKIP (model is a solution file): 14_DingPreExp_3_solution.pdb
2026-03-10 00:30:32 	 SKIP (model is a solution file): 14_DingPreExp_4_solution.pdb
2026-03-10 00:30:32 	 SKIP (model is a solution file): 14_DingPreExp_5_solution.pdb
2026-03-10 00:30:32 	 SKIP (model is a solution file): 14_DingPreExp_6_solution.pdb
2026-03-10 00:30:32 	 SKIP (model is a solution file): 14_DingPreExp_7_solution.pdb
2026-03-10 00:30:32 	 SKIP (model is a solution file): 14_DingPreExp_8_solution.pdb
2026-03-10 00:30:32 	 DONE case: PZ14Bound
2026-03-10 01:12:38 	 START case: PZ14Bound
2026-03-10 01:12:38 	 caseDir: D:\Studia\Projekty\gsp-lab\data\finished\PZ14Bound
2026-03-10 01:12:38 	 pdbDir: D:\Studia\Projekty\gsp-lab\data\finished\PZ14Bound\pdb
2026-03-10 01:12:38 	 Found pdb count: 128
2026-03-10 01:12:38 	 Global solution: 14_AdamiakPostExp_1_solution.pdb
2026-03-10 01:12:38 	 SKIP already recorded (refined): AdamiakPostExp_1
2026-03-10 01:12:38 	 SKIP already recorded (refined): AdamiakPostExp_2
2026-03-10 01:12:38 	 SKIP already recorded (refined): AdamiakPreExp_1
2026-03-10 01:12:38 	 SKIP already recorded (refined): AdamiakPreExp_2
2026-03-10 01:12:38 	 SKIP already recorded (refined): BujnickiPostExp_1
2026-03-10 01:12:39 	 SKIP already recorded (refined): BujnickiPostExp_2
2026-03-10 01:12:39 	 SKIP already recorded (refined): BujnickiPostExp_3
2026-03-10 01:12:39 	 SKIP already recorded (refined): BujnickiPostExp_4
2026-03-10 01:12:39 	 SKIP already recorded (refined): BujnickiPostExp_5
2026-03-10 01:12:39 	 SKIP already recorded (refined): BujnickiPreExp_1
2026-03-10 01:12:39 	 SKIP already recorded (refined): BujnickiPreExp_2
2026-03-10 01:12:39 	 SKIP already recorded (refined): BujnickiPreExp_3
2026-03-10 01:12:39 	 SKIP already recorded (refined): BujnickiPreExp_4
2026-03-10 01:12:39 	 SKIP already recorded (refined): BujnickiPreExp_5
2026-03-10 01:12:39 	 SKIP already recorded (refined): BujnickiPreExp_6
2026-03-10 01:12:39 	 SKIP already recorded (refined): BujnickiPreExp_7
2026-03-10 01:12:39 	 SKIP already recorded (refined): ChenPostExp_1
2026-03-10 01:12:39 	 SKIP already recorded (refined): ChenPostExp_10
2026-03-10 01:12:39 	 SKIP already recorded (refined): ChenPostExp_2
2026-03-10 01:12:39 	 SKIP already recorded (refined): ChenPostExp_3
2026-03-10 01:12:39 	 SKIP already recorded (refined): ChenPostExp_4
2026-03-10 01:12:39 	 SKIP already recorded (refined): ChenPostExp_5
2026-03-10 01:12:39 	 SKIP already recorded (refined): ChenPostExp_6
2026-03-10 01:12:39 	 SKIP already recorded (refined): ChenPostExp_7
2026-03-10 01:12:39 	 SKIP already recorded (refined): ChenPostExp_8
2026-03-10 01:12:39 	 SKIP already recorded (refined): ChenPostExp_9
2026-03-10 01:12:39 	 SKIP already recorded (refined): DasPostExp_1
2026-03-10 01:12:39 	 SKIP already recorded (refined): DasPostExp_10
2026-03-10 01:12:39 	 SKIP already recorded (refined): DasPostExp_2
2026-03-10 01:12:39 	 SKIP already recorded (refined): DasPostExp_3
2026-03-10 01:12:39 	 SKIP already recorded (refined): DasPostExp_4
2026-03-10 01:12:39 	 SKIP already recorded (refined): DasPostExp_5
2026-03-10 01:12:39 	 SKIP already recorded (refined): DasPostExp_6
2026-03-10 01:12:39 	 SKIP already recorded (refined): DasPostExp_7
2026-03-10 01:12:39 	 SKIP already recorded (refined): DasPostExp_8
2026-03-10 01:12:39 	 SKIP already recorded (refined): DasPostExp_9
2026-03-10 01:12:39 	 SKIP already recorded (refined): DasPreExp_1
2026-03-10 01:12:39 	 SKIP already recorded (refined): DasPreExp_10
2026-03-10 01:12:39 	 SKIP already recorded (refined): DasPreExp_2
2026-03-10 01:12:39 	 SKIP already recorded (refined): DasPreExp_3
2026-03-10 01:12:39 	 SKIP already recorded (refined): DasPreExp_4
2026-03-10 01:12:39 	 SKIP already recorded (refined): DasPreExp_5
2026-03-10 01:12:39 	 SKIP already recorded (refined): DasPreExp_6
2026-03-10 01:12:39 	 SKIP already recorded (refined): DasPreExp_7
2026-03-10 01:12:39 	 SKIP already recorded (refined): DasPreExp_8
2026-03-10 01:12:39 	 SKIP already recorded (refined): DasPreExp_9
2026-03-10 01:12:39 	 SKIP already recorded (refined): DingPostExp_1
2026-03-10 01:12:39 	 SKIP already recorded (refined): DingPostExp_10
2026-03-10 01:12:39 	 SKIP already recorded (refined): DingPostExp_2
2026-03-10 01:12:39 	 SKIP already recorded (refined): DingPostExp_3
2026-03-10 01:12:39 	 SKIP already recorded (refined): DingPostExp_4
2026-03-10 01:12:39 	 SKIP already recorded (refined): DingPostExp_5
2026-03-10 01:12:39 	 SKIP already recorded (refined): DingPostExp_6
2026-03-10 01:12:39 	 SKIP already recorded (refined): DingPostExp_7
2026-03-10 01:12:39 	 SKIP already recorded (refined): DingPostExp_8
2026-03-10 01:12:39 	 SKIP already recorded (refined): DingPostExp_9
2026-03-10 01:12:39 	 SKIP already recorded (refined): DingPreExp_1
2026-03-10 01:12:39 	 SKIP already recorded (refined): DingPreExp_2
2026-03-10 01:12:39 	 SKIP already recorded (refined): DingPreExp_3
2026-03-10 01:12:40 	 SKIP already recorded (refined): DingPreExp_4
2026-03-10 01:12:40 	 SKIP already recorded (refined): DingPreExp_5
2026-03-10 01:12:40 	 SKIP already recorded (refined): DingPreExp_6
2026-03-10 01:12:40 	 SKIP already recorded (refined): DingPreExp_7
2026-03-10 01:12:40 	 SKIP already recorded (refined): DingPreExp_8
2026-03-10 01:12:40 	 SKIP (model is a solution file): 14_AdamiakPostExp_1_solution.pdb
2026-03-10 01:12:40 	 SKIP (model is a solution file): 14_AdamiakPostExp_2_solution.pdb
2026-03-10 01:12:40 	 SKIP (model is a solution file): 14_AdamiakPreExp_1_solution.pdb
2026-03-10 01:12:40 	 SKIP (model is a solution file): 14_AdamiakPreExp_2_solution.pdb
2026-03-10 01:12:40 	 SKIP (model is a solution file): 14_BujnickiPostExp_1_solution.pdb
2026-03-10 01:12:40 	 SKIP (model is a solution file): 14_BujnickiPostExp_2_solution.pdb
2026-03-10 01:12:40 	 SKIP (model is a solution file): 14_BujnickiPostExp_3_solution.pdb
2026-03-10 01:12:40 	 SKIP (model is a solution file): 14_BujnickiPostExp_4_solution.pdb
2026-03-10 01:12:40 	 SKIP (model is a solution file): 14_BujnickiPostExp_5_solution.pdb
2026-03-10 01:12:40 	 SKIP (model is a solution file): 14_BujnickiPreExp_1_solution.pdb
2026-03-10 01:12:40 	 SKIP (model is a solution file): 14_BujnickiPreExp_2_solution.pdb
2026-03-10 01:12:40 	 SKIP (model is a solution file): 14_BujnickiPreExp_3_solution.pdb
2026-03-10 01:12:40 	 SKIP (model is a solution file): 14_BujnickiPreExp_4_solution.pdb
2026-03-10 01:12:40 	 SKIP (model is a solution file): 14_BujnickiPreExp_5_solution.pdb
2026-03-10 01:12:40 	 SKIP (model is a solution file): 14_BujnickiPreExp_6_solution.pdb
2026-03-10 01:12:40 	 SKIP (model is a solution file): 14_BujnickiPreExp_7_solution.pdb
2026-03-10 01:12:40 	 SKIP (model is a solution file): 14_ChenPostExp_1_solution.pdb
2026-03-10 01:12:40 	 SKIP (model is a solution file): 14_ChenPostExp_10_solution.pdb
2026-03-10 01:12:40 	 SKIP (model is a solution file): 14_ChenPostExp_2_solution.pdb
2026-03-10 01:12:40 	 SKIP (model is a solution file): 14_ChenPostExp_3_solution.pdb
2026-03-10 01:12:40 	 SKIP (model is a solution file): 14_ChenPostExp_4_solution.pdb
2026-03-10 01:12:40 	 SKIP (model is a solution file): 14_ChenPostExp_5_solution.pdb
2026-03-10 01:12:40 	 SKIP (model is a solution file): 14_ChenPostExp_6_solution.pdb
2026-03-10 01:12:40 	 SKIP (model is a solution file): 14_ChenPostExp_7_solution.pdb
2026-03-10 01:12:40 	 SKIP (model is a solution file): 14_ChenPostExp_8_solution.pdb
2026-03-10 01:12:40 	 SKIP (model is a solution file): 14_ChenPostExp_9_solution.pdb
2026-03-10 01:12:40 	 SKIP (model is a solution file): 14_DasPostExp_1_solution.pdb
2026-03-10 01:12:40 	 SKIP (model is a solution file): 14_DasPostExp_10_solution.pdb
2026-03-10 01:12:40 	 SKIP (model is a solution file): 14_DasPostExp_2_solution.pdb
2026-03-10 01:12:40 	 SKIP (model is a solution file): 14_DasPostExp_3_solution.pdb
2026-03-10 01:12:40 	 SKIP (model is a solution file): 14_DasPostExp_4_solution.pdb
2026-03-10 01:12:40 	 SKIP (model is a solution file): 14_DasPostExp_5_solution.pdb
2026-03-10 01:12:40 	 SKIP (model is a solution file): 14_DasPostExp_6_solution.pdb
2026-03-10 01:12:40 	 SKIP (model is a solution file): 14_DasPostExp_7_solution.pdb
2026-03-10 01:12:40 	 SKIP (model is a solution file): 14_DasPostExp_8_solution.pdb
2026-03-10 01:12:40 	 SKIP (model is a solution file): 14_DasPostExp_9_solution.pdb
2026-03-10 01:12:40 	 SKIP (model is a solution file): 14_DasPreExp_1_solution.pdb
2026-03-10 01:12:40 	 SKIP (model is a solution file): 14_DasPreExp_10_solution.pdb
2026-03-10 01:12:40 	 SKIP (model is a solution file): 14_DasPreExp_2_solution.pdb
2026-03-10 01:12:40 	 SKIP (model is a solution file): 14_DasPreExp_3_solution.pdb
2026-03-10 01:12:40 	 SKIP (model is a solution file): 14_DasPreExp_4_solution.pdb
2026-03-10 01:12:40 	 SKIP (model is a solution file): 14_DasPreExp_5_solution.pdb
2026-03-10 01:12:40 	 SKIP (model is a solution file): 14_DasPreExp_6_solution.pdb
2026-03-10 01:12:40 	 SKIP (model is a solution file): 14_DasPreExp_7_solution.pdb
2026-03-10 01:12:40 	 SKIP (model is a solution file): 14_DasPreExp_8_solution.pdb
2026-03-10 01:12:40 	 SKIP (model is a solution file): 14_DasPreExp_9_solution.pdb
2026-03-10 01:12:40 	 SKIP (model is a solution file): 14_DingPostExp_1_solution.pdb
2026-03-10 01:12:40 	 SKIP (model is a solution file): 14_DingPostExp_10_solution.pdb
2026-03-10 01:12:40 	 SKIP (model is a solution file): 14_DingPostExp_2_solution.pdb
2026-03-10 01:12:40 	 SKIP (model is a solution file): 14_DingPostExp_3_solution.pdb
2026-03-10 01:12:40 	 SKIP (model is a solution file): 14_DingPostExp_4_solution.pdb
2026-03-10 01:12:40 	 SKIP (model is a solution file): 14_DingPostExp_5_solution.pdb
2026-03-10 01:12:40 	 SKIP (model is a solution file): 14_DingPostExp_6_solution.pdb
2026-03-10 01:12:40 	 SKIP (model is a solution file): 14_DingPostExp_7_solution.pdb
2026-03-10 01:12:40 	 SKIP (model is a solution file): 14_DingPostExp_8_solution.pdb
2026-03-10 01:12:40 	 SKIP (model is a solution file): 14_DingPostExp_9_solution.pdb
2026-03-10 01:12:40 	 SKIP (model is a solution file): 14_DingPreExp_1_solution.pdb
2026-03-10 01:12:40 	 SKIP (model is a solution file): 14_DingPreExp_2_solution.pdb
2026-03-10 01:12:40 	 SKIP (model is a solution file): 14_DingPreExp_3_solution.pdb
2026-03-10 01:12:40 	 SKIP (model is a solution file): 14_DingPreExp_4_solution.pdb
2026-03-10 01:12:40 	 SKIP (model is a solution file): 14_DingPreExp_5_solution.pdb
2026-03-10 01:12:40 	 SKIP (model is a solution file): 14_DingPreExp_6_solution.pdb
2026-03-10 01:12:40 	 SKIP (model is a solution file): 14_DingPreExp_7_solution.pdb
2026-03-10 01:12:40 	 SKIP (model is a solution file): 14_DingPreExp_8_solution.pdb
2026-03-10 01:12:40 	 DONE case: PZ14Bound
2026-03-10 01:17:23 	 START case: PZ14Bound
2026-03-10 01:17:23 	 caseDir: D:\Studia\Projekty\gsp-lab\data\finished\PZ14Bound
2026-03-10 01:17:23 	 pdbDir: D:\Studia\Projekty\gsp-lab\data\finished\PZ14Bound\pdb
2026-03-10 01:17:23 	 Found pdb count: 128
2026-03-10 01:17:23 	 Global solution: 14_AdamiakPostExp_1_solution.pdb
2026-03-10 01:17:23 	 SKIP already recorded (refined): AdamiakPostExp_1
2026-03-10 01:17:23 	 SKIP already recorded (refined): AdamiakPostExp_2
2026-03-10 01:17:23 	 SKIP already recorded (refined): AdamiakPreExp_1
2026-03-10 01:17:23 	 SKIP already recorded (refined): AdamiakPreExp_2
2026-03-10 01:17:23 	 SKIP already recorded (refined): BujnickiPostExp_1
2026-03-10 01:17:23 	 SKIP already recorded (refined): BujnickiPostExp_2
2026-03-10 01:17:23 	 SKIP already recorded (refined): BujnickiPostExp_3
2026-03-10 01:17:23 	 SKIP already recorded (refined): BujnickiPostExp_4
2026-03-10 01:17:23 	 SKIP already recorded (refined): BujnickiPostExp_5
2026-03-10 01:17:23 	 SKIP already recorded (refined): BujnickiPreExp_1
2026-03-10 01:17:23 	 SKIP already recorded (refined): BujnickiPreExp_2
2026-03-10 01:17:23 	 SKIP already recorded (refined): BujnickiPreExp_3
2026-03-10 01:17:23 	 SKIP already recorded (refined): BujnickiPreExp_4
2026-03-10 01:17:23 	 SKIP already recorded (refined): BujnickiPreExp_5
2026-03-10 01:17:23 	 SKIP already recorded (refined): BujnickiPreExp_6
2026-03-10 01:17:23 	 SKIP already recorded (refined): BujnickiPreExp_7
2026-03-10 01:17:23 	 SKIP already recorded (refined): ChenPostExp_1
2026-03-10 01:17:23 	 SKIP already recorded (refined): ChenPostExp_10
2026-03-10 01:17:23 	 SKIP already recorded (refined): ChenPostExp_2
2026-03-10 01:17:23 	 SKIP already recorded (refined): ChenPostExp_3
2026-03-10 01:17:23 	 SKIP already recorded (refined): ChenPostExp_4
2026-03-10 01:17:23 	 SKIP already recorded (refined): ChenPostExp_5
2026-03-10 01:17:23 	 SKIP already recorded (refined): ChenPostExp_6
2026-03-10 01:17:23 	 SKIP already recorded (refined): ChenPostExp_7
2026-03-10 01:17:23 	 SKIP already recorded (refined): ChenPostExp_8
2026-03-10 01:17:23 	 SKIP already recorded (refined): ChenPostExp_9
2026-03-10 01:17:23 	 SKIP already recorded (refined): DasPostExp_1
2026-03-10 01:17:23 	 SKIP already recorded (refined): DasPostExp_10
2026-03-10 01:17:23 	 SKIP already recorded (refined): DasPostExp_2
2026-03-10 01:17:23 	 SKIP already recorded (refined): DasPostExp_3
2026-03-10 01:17:23 	 SKIP already recorded (refined): DasPostExp_4
2026-03-10 01:17:23 	 SKIP already recorded (refined): DasPostExp_5
2026-03-10 01:17:23 	 SKIP already recorded (refined): DasPostExp_6
2026-03-10 01:17:23 	 SKIP already recorded (refined): DasPostExp_7
2026-03-10 01:17:23 	 SKIP already recorded (refined): DasPostExp_8
2026-03-10 01:17:23 	 SKIP already recorded (refined): DasPostExp_9
2026-03-10 01:17:23 	 SKIP already recorded (refined): DasPreExp_1
2026-03-10 01:17:23 	 SKIP already recorded (refined): DasPreExp_10
2026-03-10 01:17:23 	 SKIP already recorded (refined): DasPreExp_2
2026-03-10 01:17:24 	 SKIP already recorded (refined): DasPreExp_3
2026-03-10 01:17:24 	 SKIP already recorded (refined): DasPreExp_4
2026-03-10 01:17:24 	 SKIP already recorded (refined): DasPreExp_5
2026-03-10 01:17:24 	 SKIP already recorded (refined): DasPreExp_6
2026-03-10 01:17:24 	 SKIP already recorded (refined): DasPreExp_7
2026-03-10 01:17:24 	 SKIP already recorded (refined): DasPreExp_8
2026-03-10 01:17:24 	 SKIP already recorded (refined): DasPreExp_9
2026-03-10 01:17:24 	 SKIP already recorded (refined): DingPostExp_1
2026-03-10 01:17:24 	 SKIP already recorded (refined): DingPostExp_10
2026-03-10 01:17:24 	 SKIP already recorded (refined): DingPostExp_2
2026-03-10 01:17:24 	 SKIP already recorded (refined): DingPostExp_3
2026-03-10 01:17:24 	 SKIP already recorded (refined): DingPostExp_4
2026-03-10 01:17:24 	 SKIP already recorded (refined): DingPostExp_5
2026-03-10 01:17:24 	 SKIP already recorded (refined): DingPostExp_6
2026-03-10 01:17:24 	 SKIP already recorded (refined): DingPostExp_7
2026-03-10 01:17:24 	 SKIP already recorded (refined): DingPostExp_8
2026-03-10 01:17:24 	 SKIP already recorded (refined): DingPostExp_9
2026-03-10 01:17:24 	 SKIP already recorded (refined): DingPreExp_1
2026-03-10 01:17:24 	 SKIP already recorded (refined): DingPreExp_2
2026-03-10 01:17:24 	 SKIP already recorded (refined): DingPreExp_3
2026-03-10 01:17:24 	 SKIP already recorded (refined): DingPreExp_4
2026-03-10 01:17:24 	 SKIP already recorded (refined): DingPreExp_5
2026-03-10 01:17:24 	 SKIP already recorded (refined): DingPreExp_6
2026-03-10 01:17:24 	 SKIP already recorded (refined): DingPreExp_7
2026-03-10 01:17:24 	 SKIP already recorded (refined): DingPreExp_8
2026-03-10 01:17:24 	 SKIP (model is a solution file): 14_AdamiakPostExp_1_solution.pdb
2026-03-10 01:17:24 	 SKIP (model is a solution file): 14_AdamiakPostExp_2_solution.pdb
2026-03-10 01:17:24 	 SKIP (model is a solution file): 14_AdamiakPreExp_1_solution.pdb
2026-03-10 01:17:24 	 SKIP (model is a solution file): 14_AdamiakPreExp_2_solution.pdb
2026-03-10 01:17:24 	 SKIP (model is a solution file): 14_BujnickiPostExp_1_solution.pdb
2026-03-10 01:17:24 	 SKIP (model is a solution file): 14_BujnickiPostExp_2_solution.pdb
2026-03-10 01:17:24 	 SKIP (model is a solution file): 14_BujnickiPostExp_3_solution.pdb
2026-03-10 01:17:24 	 SKIP (model is a solution file): 14_BujnickiPostExp_4_solution.pdb
2026-03-10 01:17:24 	 SKIP (model is a solution file): 14_BujnickiPostExp_5_solution.pdb
2026-03-10 01:17:24 	 SKIP (model is a solution file): 14_BujnickiPreExp_1_solution.pdb
2026-03-10 01:17:24 	 SKIP (model is a solution file): 14_BujnickiPreExp_2_solution.pdb
2026-03-10 01:17:24 	 SKIP (model is a solution file): 14_BujnickiPreExp_3_solution.pdb
2026-03-10 01:17:24 	 SKIP (model is a solution file): 14_BujnickiPreExp_4_solution.pdb
2026-03-10 01:17:24 	 SKIP (model is a solution file): 14_BujnickiPreExp_5_solution.pdb
2026-03-10 01:17:24 	 SKIP (model is a solution file): 14_BujnickiPreExp_6_solution.pdb
2026-03-10 01:17:24 	 SKIP (model is a solution file): 14_BujnickiPreExp_7_solution.pdb
2026-03-10 01:17:24 	 SKIP (model is a solution file): 14_ChenPostExp_1_solution.pdb
2026-03-10 01:17:24 	 SKIP (model is a solution file): 14_ChenPostExp_10_solution.pdb
2026-03-10 01:17:24 	 SKIP (model is a solution file): 14_ChenPostExp_2_solution.pdb
2026-03-10 01:17:24 	 SKIP (model is a solution file): 14_ChenPostExp_3_solution.pdb
2026-03-10 01:17:24 	 SKIP (model is a solution file): 14_ChenPostExp_4_solution.pdb
2026-03-10 01:17:24 	 SKIP (model is a solution file): 14_ChenPostExp_5_solution.pdb
2026-03-10 01:17:24 	 SKIP (model is a solution file): 14_ChenPostExp_6_solution.pdb
2026-03-10 01:17:24 	 SKIP (model is a solution file): 14_ChenPostExp_7_solution.pdb
2026-03-10 01:17:24 	 SKIP (model is a solution file): 14_ChenPostExp_8_solution.pdb
2026-03-10 01:17:24 	 SKIP (model is a solution file): 14_ChenPostExp_9_solution.pdb
2026-03-10 01:17:24 	 SKIP (model is a solution file): 14_DasPostExp_1_solution.pdb
2026-03-10 01:17:24 	 SKIP (model is a solution file): 14_DasPostExp_10_solution.pdb
2026-03-10 01:17:24 	 SKIP (model is a solution file): 14_DasPostExp_2_solution.pdb
2026-03-10 01:17:24 	 SKIP (model is a solution file): 14_DasPostExp_3_solution.pdb
2026-03-10 01:17:24 	 SKIP (model is a solution file): 14_DasPostExp_4_solution.pdb
2026-03-10 01:17:24 	 SKIP (model is a solution file): 14_DasPostExp_5_solution.pdb
2026-03-10 01:17:24 	 SKIP (model is a solution file): 14_DasPostExp_6_solution.pdb
2026-03-10 01:17:24 	 SKIP (model is a solution file): 14_DasPostExp_7_solution.pdb
2026-03-10 01:17:24 	 SKIP (model is a solution file): 14_DasPostExp_8_solution.pdb
2026-03-10 01:17:24 	 SKIP (model is a solution file): 14_DasPostExp_9_solution.pdb
2026-03-10 01:17:24 	 SKIP (model is a solution file): 14_DasPreExp_1_solution.pdb
2026-03-10 01:17:24 	 SKIP (model is a solution file): 14_DasPreExp_10_solution.pdb
2026-03-10 01:17:24 	 SKIP (model is a solution file): 14_DasPreExp_2_solution.pdb
2026-03-10 01:17:24 	 SKIP (model is a solution file): 14_DasPreExp_3_solution.pdb
2026-03-10 01:17:24 	 SKIP (model is a solution file): 14_DasPreExp_4_solution.pdb
2026-03-10 01:17:24 	 SKIP (model is a solution file): 14_DasPreExp_5_solution.pdb
2026-03-10 01:17:24 	 SKIP (model is a solution file): 14_DasPreExp_6_solution.pdb
2026-03-10 01:17:24 	 SKIP (model is a solution file): 14_DasPreExp_7_solution.pdb
2026-03-10 01:17:24 	 SKIP (model is a solution file): 14_DasPreExp_8_solution.pdb
2026-03-10 01:17:24 	 SKIP (model is a solution file): 14_DasPreExp_9_solution.pdb
2026-03-10 01:17:24 	 SKIP (model is a solution file): 14_DingPostExp_1_solution.pdb
2026-03-10 01:17:24 	 SKIP (model is a solution file): 14_DingPostExp_10_solution.pdb
2026-03-10 01:17:24 	 SKIP (model is a solution file): 14_DingPostExp_2_solution.pdb
2026-03-10 01:17:24 	 SKIP (model is a solution file): 14_DingPostExp_3_solution.pdb
2026-03-10 01:17:24 	 SKIP (model is a solution file): 14_DingPostExp_4_solution.pdb
2026-03-10 01:17:25 	 SKIP (model is a solution file): 14_DingPostExp_5_solution.pdb
2026-03-10 01:17:25 	 SKIP (model is a solution file): 14_DingPostExp_6_solution.pdb
2026-03-10 01:17:25 	 SKIP (model is a solution file): 14_DingPostExp_7_solution.pdb
2026-03-10 01:17:25 	 SKIP (model is a solution file): 14_DingPostExp_8_solution.pdb
2026-03-10 01:17:25 	 SKIP (model is a solution file): 14_DingPostExp_9_solution.pdb
2026-03-10 01:17:25 	 SKIP (model is a solution file): 14_DingPreExp_1_solution.pdb
2026-03-10 01:17:25 	 SKIP (model is a solution file): 14_DingPreExp_2_solution.pdb
2026-03-10 01:17:25 	 SKIP (model is a solution file): 14_DingPreExp_3_solution.pdb
2026-03-10 01:17:25 	 SKIP (model is a solution file): 14_DingPreExp_4_solution.pdb
2026-03-10 01:17:25 	 SKIP (model is a solution file): 14_DingPreExp_5_solution.pdb
2026-03-10 01:17:25 	 SKIP (model is a solution file): 14_DingPreExp_6_solution.pdb
2026-03-10 01:17:25 	 SKIP (model is a solution file): 14_DingPreExp_7_solution.pdb
2026-03-10 01:17:25 	 SKIP (model is a solution file): 14_DingPreExp_8_solution.pdb
2026-03-10 01:17:25 	 DONE case: PZ14Bound
2026-03-10 01:21:49 	 START case: PZ14Bound
2026-03-10 01:21:49 	 caseDir: D:\Studia\Projekty\gsp-lab\data\finished\PZ14Bound
2026-03-10 01:21:49 	 pdbDir: D:\Studia\Projekty\gsp-lab\data\finished\PZ14Bound\pdb
2026-03-10 01:21:49 	 Found pdb count: 128
2026-03-10 01:21:49 	 Global solution: 14_AdamiakPostExp_1_solution.pdb
2026-03-10 01:21:49 	 SKIP already recorded (refined): AdamiakPostExp_1
2026-03-10 01:21:49 	 SKIP already recorded (refined): AdamiakPostExp_2
2026-03-10 01:21:49 	 SKIP already recorded (refined): AdamiakPreExp_1
2026-03-10 01:21:49 	 SKIP already recorded (refined): AdamiakPreExp_2
2026-03-10 01:21:49 	 SKIP already recorded (refined): BujnickiPostExp_1
2026-03-10 01:21:49 	 SKIP already recorded (refined): BujnickiPostExp_2
2026-03-10 01:21:49 	 SKIP already recorded (refined): BujnickiPostExp_3
2026-03-10 01:21:49 	 SKIP already recorded (refined): BujnickiPostExp_4
2026-03-10 01:21:49 	 SKIP already recorded (refined): BujnickiPostExp_5
2026-03-10 01:21:50 	 SKIP already recorded (refined): BujnickiPreExp_1
2026-03-10 01:21:50 	 SKIP already recorded (refined): BujnickiPreExp_2
2026-03-10 01:21:50 	 SKIP already recorded (refined): BujnickiPreExp_3
2026-03-10 01:21:50 	 SKIP already recorded (refined): BujnickiPreExp_4
2026-03-10 01:21:50 	 SKIP already recorded (refined): BujnickiPreExp_5
2026-03-10 01:21:50 	 SKIP already recorded (refined): BujnickiPreExp_6
2026-03-10 01:21:50 	 SKIP already recorded (refined): BujnickiPreExp_7
2026-03-10 01:21:50 	 SKIP already recorded (refined): ChenPostExp_1
2026-03-10 01:21:50 	 SKIP already recorded (refined): ChenPostExp_10
2026-03-10 01:21:50 	 SKIP already recorded (refined): ChenPostExp_2
2026-03-10 01:21:50 	 SKIP already recorded (refined): ChenPostExp_3
2026-03-10 01:21:50 	 SKIP already recorded (refined): ChenPostExp_4
2026-03-10 01:21:50 	 SKIP already recorded (refined): ChenPostExp_5
2026-03-10 01:21:50 	 SKIP already recorded (refined): ChenPostExp_6
2026-03-10 01:21:50 	 SKIP already recorded (refined): ChenPostExp_7
2026-03-10 01:21:50 	 SKIP already recorded (refined): ChenPostExp_8
2026-03-10 01:21:50 	 SKIP already recorded (refined): ChenPostExp_9
2026-03-10 01:21:50 	 SKIP already recorded (refined): DasPostExp_1
2026-03-10 01:21:50 	 SKIP already recorded (refined): DasPostExp_10
2026-03-10 01:21:50 	 SKIP already recorded (refined): DasPostExp_2
2026-03-10 01:21:50 	 SKIP already recorded (refined): DasPostExp_3
2026-03-10 01:21:50 	 SKIP already recorded (refined): DasPostExp_4
2026-03-10 01:21:50 	 SKIP already recorded (refined): DasPostExp_5
2026-03-10 01:21:50 	 SKIP already recorded (refined): DasPostExp_6
2026-03-10 01:21:50 	 SKIP already recorded (refined): DasPostExp_7
2026-03-10 01:21:50 	 SKIP already recorded (refined): DasPostExp_8
2026-03-10 01:21:50 	 SKIP already recorded (refined): DasPostExp_9
2026-03-10 01:21:50 	 SKIP already recorded (refined): DasPreExp_1
2026-03-10 01:21:50 	 SKIP already recorded (refined): DasPreExp_10
2026-03-10 01:21:50 	 SKIP already recorded (refined): DasPreExp_2
2026-03-10 01:21:50 	 SKIP already recorded (refined): DasPreExp_3
2026-03-10 01:21:50 	 SKIP already recorded (refined): DasPreExp_4
2026-03-10 01:21:50 	 SKIP already recorded (refined): DasPreExp_5
2026-03-10 01:21:50 	 SKIP already recorded (refined): DasPreExp_6
2026-03-10 01:21:50 	 SKIP already recorded (refined): DasPreExp_7
2026-03-10 01:21:50 	 SKIP already recorded (refined): DasPreExp_8
2026-03-10 01:21:50 	 SKIP already recorded (refined): DasPreExp_9
2026-03-10 01:21:50 	 SKIP already recorded (refined): DingPostExp_1
2026-03-10 01:21:50 	 SKIP already recorded (refined): DingPostExp_10
2026-03-10 01:21:50 	 SKIP already recorded (refined): DingPostExp_2
2026-03-10 01:21:50 	 SKIP already recorded (refined): DingPostExp_3
2026-03-10 01:21:50 	 SKIP already recorded (refined): DingPostExp_4
2026-03-10 01:21:50 	 SKIP already recorded (refined): DingPostExp_5
2026-03-10 01:21:50 	 SKIP already recorded (refined): DingPostExp_6
2026-03-10 01:21:51 	 SKIP already recorded (refined): DingPostExp_7
2026-03-10 01:21:51 	 SKIP already recorded (refined): DingPostExp_8
2026-03-10 01:21:51 	 SKIP already recorded (refined): DingPostExp_9
2026-03-10 01:21:51 	 SKIP already recorded (refined): DingPreExp_1
2026-03-10 01:21:51 	 SKIP already recorded (refined): DingPreExp_2
2026-03-10 01:21:51 	 SKIP already recorded (refined): DingPreExp_3
2026-03-10 01:21:51 	 SKIP already recorded (refined): DingPreExp_4
2026-03-10 01:21:51 	 SKIP already recorded (refined): DingPreExp_5
2026-03-10 01:21:51 	 SKIP already recorded (refined): DingPreExp_6
2026-03-10 01:21:51 	 SKIP already recorded (refined): DingPreExp_7
2026-03-10 01:21:51 	 SKIP already recorded (refined): DingPreExp_8
2026-03-10 01:21:51 	 SKIP (model is a solution file): 14_AdamiakPostExp_1_solution.pdb
2026-03-10 01:21:51 	 SKIP (model is a solution file): 14_AdamiakPostExp_2_solution.pdb
2026-03-10 01:21:51 	 SKIP (model is a solution file): 14_AdamiakPreExp_1_solution.pdb
2026-03-10 01:21:51 	 SKIP (model is a solution file): 14_AdamiakPreExp_2_solution.pdb
2026-03-10 01:21:51 	 SKIP (model is a solution file): 14_BujnickiPostExp_1_solution.pdb
2026-03-10 01:21:51 	 SKIP (model is a solution file): 14_BujnickiPostExp_2_solution.pdb
2026-03-10 01:21:51 	 SKIP (model is a solution file): 14_BujnickiPostExp_3_solution.pdb
2026-03-10 01:21:51 	 SKIP (model is a solution file): 14_BujnickiPostExp_4_solution.pdb
2026-03-10 01:21:51 	 SKIP (model is a solution file): 14_BujnickiPostExp_5_solution.pdb
2026-03-10 01:21:51 	 SKIP (model is a solution file): 14_BujnickiPreExp_1_solution.pdb
2026-03-10 01:21:51 	 SKIP (model is a solution file): 14_BujnickiPreExp_2_solution.pdb
2026-03-10 01:21:51 	 SKIP (model is a solution file): 14_BujnickiPreExp_3_solution.pdb
2026-03-10 01:21:51 	 SKIP (model is a solution file): 14_BujnickiPreExp_4_solution.pdb
2026-03-10 01:21:51 	 SKIP (model is a solution file): 14_BujnickiPreExp_5_solution.pdb
2026-03-10 01:21:51 	 SKIP (model is a solution file): 14_BujnickiPreExp_6_solution.pdb
2026-03-10 01:21:51 	 SKIP (model is a solution file): 14_BujnickiPreExp_7_solution.pdb
2026-03-10 01:21:51 	 SKIP (model is a solution file): 14_ChenPostExp_1_solution.pdb
2026-03-10 01:21:51 	 SKIP (model is a solution file): 14_ChenPostExp_10_solution.pdb
2026-03-10 01:21:51 	 SKIP (model is a solution file): 14_ChenPostExp_2_solution.pdb
2026-03-10 01:21:51 	 SKIP (model is a solution file): 14_ChenPostExp_3_solution.pdb
2026-03-10 01:21:51 	 SKIP (model is a solution file): 14_ChenPostExp_4_solution.pdb
2026-03-10 01:21:51 	 SKIP (model is a solution file): 14_ChenPostExp_5_solution.pdb
2026-03-10 01:21:51 	 SKIP (model is a solution file): 14_ChenPostExp_6_solution.pdb
2026-03-10 01:21:51 	 SKIP (model is a solution file): 14_ChenPostExp_7_solution.pdb
2026-03-10 01:21:51 	 SKIP (model is a solution file): 14_ChenPostExp_8_solution.pdb
2026-03-10 01:21:51 	 SKIP (model is a solution file): 14_ChenPostExp_9_solution.pdb
2026-03-10 01:21:51 	 SKIP (model is a solution file): 14_DasPostExp_1_solution.pdb
2026-03-10 01:21:51 	 SKIP (model is a solution file): 14_DasPostExp_10_solution.pdb
2026-03-10 01:21:51 	 SKIP (model is a solution file): 14_DasPostExp_2_solution.pdb
2026-03-10 01:21:51 	 SKIP (model is a solution file): 14_DasPostExp_3_solution.pdb
2026-03-10 01:21:51 	 SKIP (model is a solution file): 14_DasPostExp_4_solution.pdb
2026-03-10 01:21:51 	 SKIP (model is a solution file): 14_DasPostExp_5_solution.pdb
2026-03-10 01:21:51 	 SKIP (model is a solution file): 14_DasPostExp_6_solution.pdb
2026-03-10 01:21:51 	 SKIP (model is a solution file): 14_DasPostExp_7_solution.pdb
2026-03-10 01:21:51 	 SKIP (model is a solution file): 14_DasPostExp_8_solution.pdb
2026-03-10 01:21:51 	 SKIP (model is a solution file): 14_DasPostExp_9_solution.pdb
2026-03-10 01:21:51 	 SKIP (model is a solution file): 14_DasPreExp_1_solution.pdb
2026-03-10 01:21:51 	 SKIP (model is a solution file): 14_DasPreExp_10_solution.pdb
2026-03-10 01:21:51 	 SKIP (model is a solution file): 14_DasPreExp_2_solution.pdb
2026-03-10 01:21:51 	 SKIP (model is a solution file): 14_DasPreExp_3_solution.pdb
2026-03-10 01:21:51 	 SKIP (model is a solution file): 14_DasPreExp_4_solution.pdb
2026-03-10 01:21:51 	 SKIP (model is a solution file): 14_DasPreExp_5_solution.pdb
2026-03-10 01:21:51 	 SKIP (model is a solution file): 14_DasPreExp_6_solution.pdb
2026-03-10 01:21:51 	 SKIP (model is a solution file): 14_DasPreExp_7_solution.pdb
2026-03-10 01:21:51 	 SKIP (model is a solution file): 14_DasPreExp_8_solution.pdb
2026-03-10 01:21:51 	 SKIP (model is a solution file): 14_DasPreExp_9_solution.pdb
2026-03-10 01:21:51 	 SKIP (model is a solution file): 14_DingPostExp_1_solution.pdb
2026-03-10 01:21:51 	 SKIP (model is a solution file): 14_DingPostExp_10_solution.pdb
2026-03-10 01:21:51 	 SKIP (model is a solution file): 14_DingPostExp_2_solution.pdb
2026-03-10 01:21:51 	 SKIP (model is a solution file): 14_DingPostExp_3_solution.pdb
2026-03-10 01:21:51 	 SKIP (model is a solution file): 14_DingPostExp_4_solution.pdb
2026-03-10 01:21:51 	 SKIP (model is a solution file): 14_DingPostExp_5_solution.pdb
2026-03-10 01:21:51 	 SKIP (model is a solution file): 14_DingPostExp_6_solution.pdb
2026-03-10 01:21:51 	 SKIP (model is a solution file): 14_DingPostExp_7_solution.pdb
2026-03-10 01:21:51 	 SKIP (model is a solution file): 14_DingPostExp_8_solution.pdb
2026-03-10 01:21:51 	 SKIP (model is a solution file): 14_DingPostExp_9_solution.pdb
2026-03-10 01:21:51 	 SKIP (model is a solution file): 14_DingPreExp_1_solution.pdb
2026-03-10 01:21:51 	 SKIP (model is a solution file): 14_DingPreExp_2_solution.pdb
2026-03-10 01:21:51 	 SKIP (model is a solution file): 14_DingPreExp_3_solution.pdb
2026-03-10 01:21:51 	 SKIP (model is a solution file): 14_DingPreExp_4_solution.pdb
2026-03-10 01:21:51 	 SKIP (model is a solution file): 14_DingPreExp_5_solution.pdb
2026-03-10 01:21:51 	 SKIP (model is a solution file): 14_DingPreExp_6_solution.pdb
2026-03-10 01:21:51 	 SKIP (model is a solution file): 14_DingPreExp_7_solution.pdb
2026-03-10 01:21:51 	 SKIP (model is a solution file): 14_DingPreExp_8_solution.pdb
2026-03-10 01:21:51 	 DONE case: PZ14Bound
