{
  "native_pdb": "/tmp/rna_inf_1wmd1kw6/14_BujnickiPostExp_1_solution_normalized.pdb",
  "native_index": null,
  "model_pdb": "/tmp/rna_inf_ma7ea_wk/14_BujnickiPostExp_1_refined_normalized.pdb",
  "model_index": null,
  "rmsd": 13.24012077375361,
  "inf_all": 0.7904254002098513,
  "inf_wc": 0.8885233166386386,
  "inf_nwc": 0.816496580927726,
  "inf_stack": 0.7509392614826383
}
{
  "native_pdb": "/tmp/rna_inf_h2q9ys65/14_BujnickiPostExp_2_solution_normalized.pdb",
  "native_index": null,
  "model_pdb": "/tmp/rna_inf_46fxkohm/14_BujnickiPostExp_2_refined_normalized.pdb",
  "model_index": null,
  "rmsd": 15.094455577300998,
  "inf_all": 0.7791937224739797,
  "inf_wc": 0.8767140075192092,
  "inf_nwc": 0.7302967433402214,
  "inf_stack": 0.7507759960689286
}
{
  "native_pdb": "/tmp/rna_inf_7thmbmtk/14_BujnickiPostExp_3_solution_normalized.pdb",
  "native_index": null,
  "model_pdb": "/tmp/rna_inf_2n5udyz0/14_BujnickiPostExp_3_refined_normalized.pdb",
  "model_index": null,
  "rmsd": 15.982768267901676,
  "inf_all": 0.6341264874742278,
  "inf_wc": 0.8451542547285166,
  "inf_nwc": 0.0,
  "inf_stack": 0.5998866106008962
}
{
  "native_pdb": "/tmp/rna_inf_4w3hvaam/14_BujnickiPostExp_4_solution_normalized.pdb",
  "native_index": null,
  "model_pdb": "/tmp/rna_inf__z27xp0w/14_BujnickiPostExp_4_refined_normalized.pdb",
  "model_index": null,
  "rmsd": 17.97762905011252,
  "inf_all": 0.7742942695933236,
  "inf_wc": 0.9128709291752769,
  "inf_nwc": 0.7071067811865476,
  "inf_stack": 0.7319250547113999
}
{
  "native_pdb": "/tmp/rna_inf_g7vt4dcw/14_BujnickiPreExp_1_solution_normalized.pdb",
  "native_index": null,
  "model_pdb": "/tmp/rna_inf_521of8p7/14_BujnickiPreExp_1_refined_normalized.pdb",
  "model_index": null,
  "rmsd": 12.744773562058556,
  "inf_all": 0.9120291854009067,
  "inf_wc": 0.9682458365518543,
  "inf_nwc": 0.9128709291752769,
  "inf_stack": 0.8916309815169777
}
{
  "native_pdb": "/tmp/rna_inf_gsycr_2v/14_BujnickiPreExp_2_solution_normalized.pdb",
  "native_index": null,
  "model_pdb": "/tmp/rna_inf_2oppgsrc/14_BujnickiPreExp_2_refined_normalized.pdb",
  "model_index": null,
  "rmsd": 17.21681414989167,
  "inf_all": 0.8436958338752907,
  "inf_wc": 0.9682458365518543,
  "inf_nwc": 0.7071067811865476,
  "inf_stack": 0.8153742483272113
}
{
  "native_pdb": "/tmp/rna_inf_5dlqj135/14_BujnickiPreExp_3_solution_normalized.pdb",
  "native_index": null,
  "model_pdb": "/tmp/rna_inf_7n2q4ddc/14_BujnickiPreExp_3_refined_normalized.pdb",
  "model_index": null,
  "rmsd": 11.629779018466415,
  "inf_all": 0.8510644963469901,
  "inf_wc": 0.9333333333333333,
  "inf_nwc": 0.8333333333333334,
  "inf_stack": 0.8229511997978235
}
{
  "native_pdb": "/tmp/rna_inf_ldgfmcyf/14_BujnickiPreExp_4_solution_normalized.pdb",
  "native_index": null,
  "model_pdb": "/tmp/rna_inf_pwsj__14/14_BujnickiPreExp_4_refined_normalized.pdb",
  "model_index": null,
  "rmsd": 13.897439573404808,
  "inf_all": 0.6508140266182866,
  "inf_wc": 0.8451542547285166,
  "inf_nwc": -1.0,
  "inf_stack": 0.6172133998483676
}
{
  "native_pdb": "/tmp/rna_inf_knisxsar/14_ChenPostExp_1_solution_normalized.pdb",
  "native_index": null,
  "model_pdb": "/tmp/rna_inf_17c0jsng/14_ChenPostExp_1_refined_normalized.pdb",
  "model_index": null,
  "rmsd": 17.095101942373056,
  "inf_all": 0.7071067811865476,
  "inf_wc": 0.9333333333333333,
  "inf_nwc": 0.28867513459481287,
  "inf_stack": 0.667124384994991
}
{
  "native_pdb": "/tmp/rna_inf_0ht368l9/14_ChenPostExp_10_solution_normalized.pdb",
  "native_index": null,
  "model_pdb": "/tmp/rna_inf_5y7qrevb/14_ChenPostExp_10_refined_normalized.pdb",
  "model_index": null,
  "rmsd": 15.423386340887635,
  "inf_all": 0.8253968253968254,
  "inf_wc": 0.9682458365518543,
  "inf_nwc": 0.408248290463863,
  "inf_stack": 0.8190283593479222
}
{
  "native_pdb": "/tmp/rna_inf_sm5tqdh_/14_ChenPostExp_2_solution_normalized.pdb",
  "native_index": null,
  "model_pdb": "/tmp/rna_inf_7g9xur3w/14_ChenPostExp_2_refined_normalized.pdb",
  "model_index": null,
  "rmsd": 9.355793868769434,
  "inf_all": 0.7912861598992318,
  "inf_wc": 0.9036961141150639,
  "inf_nwc": 0.28867513459481287,
  "inf_stack": 0.8010018789148142
}
{
  "native_pdb": "/tmp/rna_inf_i4za0qik/14_ChenPostExp_3_solution_normalized.pdb",
  "native_index": null,
  "model_pdb": "/tmp/rna_inf_hs8sc7dz/14_ChenPostExp_3_refined_normalized.pdb",
  "model_index": null,
  "rmsd": 23.09446522289694,
  "inf_all": 0.862045064437871,
  "inf_wc": 0.9333333333333333,
  "inf_nwc": 0.9128709291752769,
  "inf_stack": 0.8295150620062532
}
{
  "native_pdb": "/tmp/rna_inf_tsxv5vhz/14_ChenPostExp_4_solution_normalized.pdb",
  "native_index": null,
  "model_pdb": "/tmp/rna_inf_k_zx193k/14_ChenPostExp_4_refined_normalized.pdb",
  "model_index": null,
  "rmsd": 18.94431622628545,
  "inf_all": 0.8388187920594339,
  "inf_wc": 0.9333333333333333,
  "inf_nwc": 0.9128709291752769,
  "inf_stack": 0.7952384429746018
}
{
  "native_pdb": "/tmp/rna_inf_c_8ohrtk/14_ChenPostExp_5_solution_normalized.pdb",
  "native_index": null,
  "model_pdb": "/tmp/rna_inf_l0m4mmr8/14_ChenPostExp_5_refined_normalized.pdb",
  "model_index": null,
  "rmsd": 10.562731201527667,
  "inf_all": 0.7940666671767442,
  "inf_wc": 0.9333333333333333,
  "inf_nwc": 0.408248290463863,
  "inf_stack": 0.7857142857142857
}
{
  "native_pdb": "/tmp/rna_inf_k8li1zyl/14_ChenPostExp_6_solution_normalized.pdb",
  "native_index": null,
  "model_pdb": "/tmp/rna_inf_c5djx8xx/14_ChenPostExp_6_refined_normalized.pdb",
  "model_index": null,
  "rmsd": 11.337483277015789,
  "inf_all": 0.7715167498104596,
  "inf_wc": 0.9333333333333333,
  "inf_nwc": 0.408248290463863,
  "inf_stack": 0.7509392614826383
}
{
  "native_pdb": "/tmp/rna_inf_ps60_ijb/14_ChenPostExp_7_solution_normalized.pdb",
  "native_index": null,
  "model_pdb": "/tmp/rna_inf_k31ygxkb/14_ChenPostExp_7_refined_normalized.pdb",
  "model_index": null,
  "rmsd": 13.122424595330207,
  "inf_all": 0.7715167498104596,
  "inf_wc": 0.9333333333333333,
  "inf_nwc": 0.408248290463863,
  "inf_stack": 0.7509392614826383
}
{
  "native_pdb": "/tmp/rna_inf_acto2gxo/14_ChenPostExp_8_solution_normalized.pdb",
  "native_index": null,
  "model_pdb": "/tmp/rna_inf_tmpbfx4q/14_ChenPostExp_8_refined_normalized.pdb",
  "model_index": null,
  "rmsd": 18.5761944185545,
  "inf_all": 0.8295150620062532,
  "inf_wc": 0.9333333333333333,
  "inf_nwc": 0.6123724356957945,
  "inf_stack": 0.8193365776101957
}
{
  "native_pdb": "/tmp/rna_inf_uhv99s5e/14_ChenPostExp_9_solution_normalized.pdb",
  "native_index": null,
  "model_pdb": "/tmp/rna_inf_vxrz2xbn/14_ChenPostExp_9_refined_normalized.pdb",
  "model_index": null,
  "rmsd": 18.836993109665165,
  "inf_all": 0.7873085300881967,
  "inf_wc": 0.9333333333333333,
  "inf_nwc": 0.408248290463863,
  "inf_stack": 0.7765243288027693
}
{
  "native_pdb": "/tmp/rna_inf_jbf8ans2/14_DasPostExp_1_solution_normalized.pdb",
  "native_index": null,
  "model_pdb": "/tmp/rna_inf_klo95mvx/14_DasPostExp_1_refined_normalized.pdb",
  "model_index": null,
  "rmsd": 13.279185292993512,
  "inf_all": 0.8031745051446079,
  "inf_wc": 0.9128709291752769,
  "inf_nwc": 0.9128709291752769,
  "inf_stack": 0.7470421737034139
}
{
  "native_pdb": "/tmp/rna_inf_vwps9agc/14_DasPostExp_10_solution_normalized.pdb",
  "native_index": null,
  "model_pdb": "/tmp/rna_inf__0q0d_fz/14_DasPostExp_10_refined_normalized.pdb",
  "model_index": null,
  "rmsd": 9.774920693641914,
  "inf_all": 0.8250286473253902,
  "inf_wc": 0.8885233166386386,
  "inf_nwc": 0.9128709291752769,
  "inf_stack": 0.7909115788387002
}
{
  "native_pdb": "/tmp/rna_inf_3qvsw3i1/14_DasPostExp_2_solution_normalized.pdb",
  "native_index": null,
  "model_pdb": "/tmp/rna_inf_o33yd_bk/14_DasPostExp_2_refined_normalized.pdb",
  "model_index": null,
  "rmsd": 6.894698148059351,
  "inf_all": 0.8250286473253902,
  "inf_wc": 0.8520128672302584,
  "inf_nwc": 0.8660254037844386,
  "inf_stack": 0.8095238095238095
}
{
  "native_pdb": "/tmp/rna_inf_vc2qsff7/14_DasPostExp_3_solution_normalized.pdb",
  "native_index": null,
  "model_pdb": "/tmp/rna_inf_g8uy1y8l/14_DasPostExp_3_refined_normalized.pdb",
  "model_index": null,
  "rmsd": 7.065179468686494,
  "inf_all": 0.8684519297052394,
  "inf_wc": 0.8885233166386386,
  "inf_nwc": 0.9128709291752769,
  "inf_stack": 0.8571428571428571
}
{
  "native_pdb": "/tmp/rna_inf_4m0k_wwh/14_DasPostExp_4_solution_normalized.pdb",
  "native_index": null,
  "model_pdb": "/tmp/rna_inf_36k1cm7u/14_DasPostExp_4_refined_normalized.pdb",
  "model_index": null,
  "rmsd": 11.573712164813214,
  "inf_all": 0.8465546769892852,
  "inf_wc": 0.8885233166386386,
  "inf_nwc": 0.9128709291752769,
  "inf_stack": 0.8235864093362705
}
{
  "native_pdb": "/tmp/rna_inf_6aql2inj/14_DasPostExp_5_solution_normalized.pdb",
  "native_index": null,
  "model_pdb": "/tmp/rna_inf_zg2q0b42/14_DasPostExp_5_refined_normalized.pdb",
  "model_index": null,
  "rmsd": 8.657776591592611,
  "inf_all": 0.8157708705533112,
  "inf_wc": 0.8885233166386386,
  "inf_nwc": 0.7715167498104596,
  "inf_stack": 0.7952384429746018
}
{
  "native_pdb": "/tmp/rna_inf_uobz1re4/14_DasPostExp_6_solution_normalized.pdb",
  "native_index": null,
  "model_pdb": "/tmp/rna_inf_3mt3uyq6/14_DasPostExp_6_refined_normalized.pdb",
  "model_index": null,
  "rmsd": 6.895196155987995,
  "inf_all": 0.8796971267070275,
  "inf_wc": 0.9128709291752769,
  "inf_nwc": 0.9128709291752769,
  "inf_stack": 0.8645299348672512
}
{
  "native_pdb": "/tmp/rna_inf_ttv1f717/14_DasPostExp_7_solution_normalized.pdb",
  "native_index": null,
  "model_pdb": "/tmp/rna_inf_vs0aivcg/14_DasPostExp_7_refined_normalized.pdb",
  "model_index": null,
  "rmsd": 11.405956176240144,
  "inf_all": 0.8189230248533256,
  "inf_wc": 0.8885233166386386,
  "inf_nwc": 0.816496580927726,
  "inf_stack": 0.7952384429746018
}
{
  "native_pdb": "/tmp/rna_inf_4lv56a_e/14_DasPostExp_8_solution_normalized.pdb",
  "native_index": null,
  "model_pdb": "/tmp/rna_inf_707wzhf0/14_DasPostExp_8_refined_normalized.pdb",
  "model_index": null,
  "rmsd": 19.76523741920966,
  "inf_all": 0.8097503390415867,
  "inf_wc": 0.8885233166386386,
  "inf_nwc": 0.816496580927726,
  "inf_stack": 0.7820743005880014
}
{
  "native_pdb": "/tmp/rna_inf_dy2wcpsd/14_DasPostExp_9_solution_normalized.pdb",
  "native_index": null,
  "model_pdb": "/tmp/rna_inf_k9viahku/14_DasPostExp_9_refined_normalized.pdb",
  "model_index": null,
  "rmsd": 11.749244008627311,
  "inf_all": 0.768024577179711,
  "inf_wc": 0.8885233166386386,
  "inf_nwc": 0.6666666666666666,
  "inf_stack": 0.7356521196761695
}
{
  "native_pdb": "/tmp/rna_inf_niabvayh/14_DasPreExp_1_solution_normalized.pdb",
  "native_index": null,
  "model_pdb": "/tmp/rna_inf_mf7uqyp3/14_DasPreExp_1_refined_normalized.pdb",
  "model_index": null,
  "rmsd": 6.895196155987995,
  "inf_all": 0.8796971267070275,
  "inf_wc": 0.9128709291752769,
  "inf_nwc": 0.9128709291752769,
  "inf_stack": 0.8645299348672512
}
{
  "native_pdb": "/tmp/rna_inf_5bl593q0/14_DasPreExp_10_solution_normalized.pdb",
  "native_index": null,
  "model_pdb": "/tmp/rna_inf_2n7hlo4a/14_DasPreExp_10_refined_normalized.pdb",
  "model_index": null,
  "rmsd": 11.749244008627311,
  "inf_all": 0.768024577179711,
  "inf_wc": 0.8885233166386386,
  "inf_nwc": 0.6666666666666666,
  "inf_stack": 0.7356521196761695
}
{
  "native_pdb": "/tmp/rna_inf_owvx22eq/14_DasPreExp_2_solution_normalized.pdb",
  "native_index": null,
  "model_pdb": "/tmp/rna_inf_jbzvyf7y/14_DasPreExp_2_refined_normalized.pdb",
  "model_index": null,
  "rmsd": 11.405956176240144,
  "inf_all": 0.8189230248533256,
  "inf_wc": 0.8885233166386386,
  "inf_nwc": 0.816496580927726,
  "inf_stack": 0.7952384429746018
}
{
  "native_pdb": "/tmp/rna_inf_begko56c/14_DasPreExp_3_solution_normalized.pdb",
  "native_index": null,
  "model_pdb": "/tmp/rna_inf_ws_j0s7y/14_DasPreExp_3_refined_normalized.pdb",
  "model_index": null,
  "rmsd": 10.503774589969055,
  "inf_all": 0.8374357893586238,
  "inf_wc": 0.8885233166386386,
  "inf_nwc": 0.8333333333333334,
  "inf_stack": 0.8193365776101957
}
{
  "native_pdb": "/tmp/rna_inf_196a18k4/14_DasPreExp_4_solution_normalized.pdb",
  "native_index": null,
  "model_pdb": "/tmp/rna_inf_4lixx__q/14_DasPreExp_4_refined_normalized.pdb",
  "model_index": null,
  "rmsd": 19.76523741920966,
  "inf_all": 0.8097503390415867,
  "inf_wc": 0.8885233166386386,
  "inf_nwc": 0.816496580927726,
  "inf_stack": 0.7820743005880014
}
{
  "native_pdb": "/tmp/rna_inf_wa8_qypz/14_DasPreExp_5_solution_normalized.pdb",
  "native_index": null,
  "model_pdb": "/tmp/rna_inf_m82277uw/14_DasPreExp_5_refined_normalized.pdb",
  "model_index": null,
  "rmsd": 9.774920693641914,
  "inf_all": 0.8250286473253902,
  "inf_wc": 0.8885233166386386,
  "inf_nwc": 0.9128709291752769,
  "inf_stack": 0.7909115788387002
}
{
  "native_pdb": "/tmp/rna_inf__g46y2d4/14_DasPreExp_6_solution_normalized.pdb",
  "native_index": null,
  "model_pdb": "/tmp/rna_inf_l5j0t3nj/14_DasPreExp_6_refined_normalized.pdb",
  "model_index": null,
  "rmsd": 13.279185292993512,
  "inf_all": 0.8031745051446079,
  "inf_wc": 0.9128709291752769,
  "inf_nwc": 0.9128709291752769,
  "inf_stack": 0.7470421737034139
}
{
  "native_pdb": "/tmp/rna_inf_4b_q78uw/14_DasPreExp_7_solution_normalized.pdb",
  "native_index": null,
  "model_pdb": "/tmp/rna_inf_kjqrq0ch/14_DasPreExp_7_refined_normalized.pdb",
  "model_index": null,
  "rmsd": 16.91040079853086,
  "inf_all": 0.8253968253968254,
  "inf_wc": 0.9128709291752769,
  "inf_nwc": 0.8333333333333334,
  "inf_stack": 0.7906659377718412
}
{
  "native_pdb": "/tmp/rna_inf_0qfikp73/14_DasPreExp_8_solution_normalized.pdb",
  "native_index": null,
  "model_pdb": "/tmp/rna_inf_tx6v0for/14_DasPreExp_8_refined_normalized.pdb",
  "model_index": null,
  "rmsd": 15.825171429398669,
  "inf_all": 0.8031745051446079,
  "inf_wc": 0.8885233166386386,
  "inf_nwc": 0.816496580927726,
  "inf_stack": 0.7711403083390078
}
{
  "native_pdb": "/tmp/rna_inf_4ba2cxiq/14_DasPreExp_9_solution_normalized.pdb",
  "native_index": null,
  "model_pdb": "/tmp/rna_inf_3ntuhypc/14_DasPreExp_9_refined_normalized.pdb",
  "model_index": null,
  "rmsd": 8.381568719317066,
  "inf_all": 0.8282261079913419,
  "inf_wc": 0.8885233166386386,
  "inf_nwc": 0.9128709291752769,
  "inf_stack": 0.7952384429746018
}
{
  "native_pdb": "/tmp/rna_inf_x6510tw7/14_DingPostExp_1_solution_normalized.pdb",
  "native_index": null,
  "model_pdb": "/tmp/rna_inf_cvw9izqh/14_DingPostExp_1_refined_normalized.pdb",
  "model_index": null,
  "rmsd": 16.460517727134462,
  "inf_all": 0.6993950522797822,
  "inf_wc": 0.8885233166386386,
  "inf_nwc": 0.0,
  "inf_stack": 0.6831300510639732
}
{
  "native_pdb": "/tmp/rna_inf_z00qpub0/14_DingPostExp_10_solution_normalized.pdb",
  "native_index": null,
  "model_pdb": "/tmp/rna_inf_xet18xdg/14_DingPostExp_10_refined_normalized.pdb",
  "model_index": null,
  "rmsd": 11.335356395529999,
  "inf_all": 0.6837634587578277,
  "inf_wc": 0.9682458365518543,
  "inf_nwc": -1.0,
  "inf_stack": 0.6123724356957945
}
{
  "native_pdb": "/tmp/rna_inf_bua1oodh/14_DingPostExp_2_solution_normalized.pdb",
  "native_index": null,
  "model_pdb": "/tmp/rna_inf_fgf357q3/14_DingPostExp_2_refined_normalized.pdb",
  "model_index": null,
  "rmsd": 18.381117161233725,
  "inf_all": 0.7056748320332842,
  "inf_wc": 0.9333333333333333,
  "inf_nwc": 0.0,
  "inf_stack": 0.6880329612324521
}
{
  "native_pdb": "/tmp/rna_inf_knct35qy/14_DingPostExp_3_solution_normalized.pdb",
  "native_index": null,
  "model_pdb": "/tmp/rna_inf_a0dpnwpl/14_DingPostExp_3_refined_normalized.pdb",
  "model_index": null,
  "rmsd": 12.600379320207368,
  "inf_all": 0.726843784311631,
  "inf_wc": 0.9128709291752769,
  "inf_nwc": 0.0,
  "inf_stack": 0.7144957674337002
}
{
  "native_pdb": "/tmp/rna_inf_ac48ca1h/14_DingPostExp_4_solution_normalized.pdb",
  "native_index": null,
  "model_pdb": "/tmp/rna_inf_vggs9nob/14_DingPostExp_4_refined_normalized.pdb",
  "model_index": null,
  "rmsd": 8.71900583100752,
  "inf_all": 0.6364688465216445,
  "inf_wc": 0.9128709291752769,
  "inf_nwc": 0.0,
  "inf_stack": 0.5730682550612528
}
{
  "native_pdb": "/tmp/rna_inf_brh5znh4/14_DingPostExp_5_solution_normalized.pdb",
  "native_index": null,
  "model_pdb": "/tmp/rna_inf_48i5nyk3/14_DingPostExp_5_refined_normalized.pdb",
  "model_index": null,
  "rmsd": 17.189635276587083,
  "inf_all": 0.7058857359287802,
  "inf_wc": 0.9682458365518543,
  "inf_nwc": -1.0,
  "inf_stack": 0.6479515952918627
}
{
  "native_pdb": "/tmp/rna_inf_o9mqphyf/14_DingPostExp_6_solution_normalized.pdb",
  "native_index": null,
  "model_pdb": "/tmp/rna_inf_feigz7x3/14_DingPostExp_6_refined_normalized.pdb",
  "model_index": null,
  "rmsd": 8.81587139712325,
  "inf_all": 0.6385609924615459,
  "inf_wc": 0.9036961141150639,
  "inf_nwc": 0.0,
  "inf_stack": 0.5832118435198043
}
{
  "native_pdb": "/tmp/rna_inf_g70a_hrc/14_DingPostExp_7_solution_normalized.pdb",
  "native_index": null,
  "model_pdb": "/tmp/rna_inf_tae7kbpv/14_DingPostExp_7_refined_normalized.pdb",
  "model_index": null,
  "rmsd": 17.08112336463343,
  "inf_all": 0.6728384948943098,
  "inf_wc": 0.9393364366277243,
  "inf_nwc": -1.0,
  "inf_stack": 0.6097013950210626
}
{
  "native_pdb": "/tmp/rna_inf_zdk2l4g1/14_DingPostExp_8_solution_normalized.pdb",
  "native_index": null,
  "model_pdb": "/tmp/rna_inf_06_t3ud9/14_DingPostExp_8_refined_normalized.pdb",
  "model_index": null,
  "rmsd": 7.062983912503574,
  "inf_all": 0.7058857359287802,
  "inf_wc": 0.9682458365518543,
  "inf_nwc": 0.0,
  "inf_stack": 0.670693620047775
}
{
  "native_pdb": "/tmp/rna_inf_finvoxse/14_DingPostExp_9_solution_normalized.pdb",
  "native_index": null,
  "model_pdb": "/tmp/rna_inf_uvoqukr7/14_DingPostExp_9_refined_normalized.pdb",
  "model_index": null,
  "rmsd": 8.403174776441997,
  "inf_all": 0.6770618128448084,
  "inf_wc": 0.9682458365518543,
  "inf_nwc": 0.0,
  "inf_stack": 0.6273764344284781
}
{
  "native_pdb": "/tmp/rna_inf_kcfoo5md/14_DingPreExp_1_solution_normalized.pdb",
  "native_index": null,
  "model_pdb": "/tmp/rna_inf_a_bwxd5c/14_DingPreExp_1_refined_normalized.pdb",
  "model_index": null,
  "rmsd": 9.50655062251899,
  "inf_all": 0.6948792289723034,
  "inf_wc": 0.9333333333333333,
  "inf_nwc": 0.0,
  "inf_stack": 0.661570155031204
}
{
  "native_pdb": "/tmp/rna_inf_yp70w2b4/14_DingPreExp_2_solution_normalized.pdb",
  "native_index": null,
  "model_pdb": "/tmp/rna_inf_oneyl221/14_DingPreExp_2_refined_normalized.pdb",
  "model_index": null,
  "rmsd": 17.757782943584605,
  "inf_all": 0.7163279717599774,
  "inf_wc": 0.9682458365518543,
  "inf_nwc": 0.0,
  "inf_stack": 0.6781326902444914
}
{
  "native_pdb": "/tmp/rna_inf_l3ull6ds/14_DingPreExp_3_solution_normalized.pdb",
  "native_index": null,
  "model_pdb": "/tmp/rna_inf_dcxq50ni/14_DingPreExp_3_refined_normalized.pdb",
  "model_index": null,
  "rmsd": 20.169541406777704,
  "inf_all": 0.7136858151040807,
  "inf_wc": 0.9682458365518543,
  "inf_nwc": -1.0,
  "inf_stack": 0.6590284933204408
}
{
  "native_pdb": "/tmp/rna_inf_aul30p64/14_DingPreExp_4_solution_normalized.pdb",
  "native_index": null,
  "model_pdb": "/tmp/rna_inf_uckpt_dk/14_DingPreExp_4_refined_normalized.pdb",
  "model_index": null,
  "rmsd": 8.93081593061596,
  "inf_all": 0.7126966450997984,
  "inf_wc": 0.9682458365518543,
  "inf_nwc": 0.0,
  "inf_stack": 0.6819309069874762
}
