2026-03-10 00:27:44 	 START case: PZ14Free
2026-03-10 00:27:44 	 caseDir: D:\Studia\Projekty\gsp-lab\data\finished\PZ14Free
2026-03-10 00:27:44 	 pdbDir: D:\Studia\Projekty\gsp-lab\data\finished\PZ14Free\pdb
2026-03-10 00:27:44 	 Found pdb count: 104
2026-03-10 00:27:44 	 Global solution: 14_BujnickiPostExp_1_solution.pdb
2026-03-10 00:27:44 	 RUN refined_pair target=14_BujnickiPostExp_1_solution.pdb model=14_BujnickiPostExp_1_refined.pdb -> id=BujnickiPostExp_1
2026-03-10 00:27:44 	 Docker cmd: docker run --rm -v D:\Studia\Projekty\gsp-lab:/work -v D:\Studia\Projekty\RNA_assessment:/rna_assessment -e RNA_ASSESSMENT_ROOT=/rna_assessment -e PYTHONPATH=/rna_assessment mcannotate-runtime python3 /work/src/utils/INF.py /work/data/finished/PZ14Free/pdb/14_BujnickiPostExp_1_solution.pdb /work/data/finished/PZ14Free/pdb/14_BujnickiPostExp_1_refined.pdb
2026-03-10 00:27:46 	 Docker exit code: 0
2026-03-10 00:27:46 	 Docker output length: 380
2026-03-10 00:27:46 	 Saved CSV: PZ14Free,BujnickiPostExp_1,BujnickiPostExp,1,refined_pair,0.7904254002098513,0.8885233166386386,0.816496580927726,14_BujnickiPostExp_1_solution.pdb,14_BujnickiPostExp_1_refined.pdb
2026-03-10 00:27:46 	 RUN refined_pair target=14_BujnickiPostExp_2_solution.pdb model=14_BujnickiPostExp_2_refined.pdb -> id=BujnickiPostExp_2
2026-03-10 00:27:46 	 Docker cmd: docker run --rm -v D:\Studia\Projekty\gsp-lab:/work -v D:\Studia\Projekty\RNA_assessment:/rna_assessment -e RNA_ASSESSMENT_ROOT=/rna_assessment -e PYTHONPATH=/rna_assessment mcannotate-runtime python3 /work/src/utils/INF.py /work/data/finished/PZ14Free/pdb/14_BujnickiPostExp_2_solution.pdb /work/data/finished/PZ14Free/pdb/14_BujnickiPostExp_2_refined.pdb
2026-03-10 00:27:49 	 Docker exit code: 0
2026-03-10 00:27:49 	 Docker output length: 382
2026-03-10 00:27:49 	 Saved CSV: PZ14Free,BujnickiPostExp_2,BujnickiPostExp,2,refined_pair,0.7791937224739797,0.8767140075192092,0.7302967433402214,14_BujnickiPostExp_2_solution.pdb,14_BujnickiPostExp_2_refined.pdb
2026-03-10 00:27:49 	 RUN refined_pair target=14_BujnickiPostExp_3_solution.pdb model=14_BujnickiPostExp_3_refined.pdb -> id=BujnickiPostExp_3
2026-03-10 00:27:49 	 Docker cmd: docker run --rm -v D:\Studia\Projekty\gsp-lab:/work -v D:\Studia\Projekty\RNA_assessment:/rna_assessment -e RNA_ASSESSMENT_ROOT=/rna_assessment -e PYTHONPATH=/rna_assessment mcannotate-runtime python3 /work/src/utils/INF.py /work/data/finished/PZ14Free/pdb/14_BujnickiPostExp_3_solution.pdb /work/data/finished/PZ14Free/pdb/14_BujnickiPostExp_3_refined.pdb
2026-03-10 00:27:51 	 Docker exit code: 0
2026-03-10 00:27:51 	 Docker output length: 367
2026-03-10 00:27:51 	 Saved CSV: PZ14Free,BujnickiPostExp_3,BujnickiPostExp,3,refined_pair,0.6341264874742278,0.8451542547285166,0,14_BujnickiPostExp_3_solution.pdb,14_BujnickiPostExp_3_refined.pdb
2026-03-10 00:27:51 	 RUN refined_pair target=14_BujnickiPostExp_4_solution.pdb model=14_BujnickiPostExp_4_refined.pdb -> id=BujnickiPostExp_4
2026-03-10 00:27:51 	 Docker cmd: docker run --rm -v D:\Studia\Projekty\gsp-lab:/work -v D:\Studia\Projekty\RNA_assessment:/rna_assessment -e RNA_ASSESSMENT_ROOT=/rna_assessment -e PYTHONPATH=/rna_assessment mcannotate-runtime python3 /work/src/utils/INF.py /work/data/finished/PZ14Free/pdb/14_BujnickiPostExp_4_solution.pdb /work/data/finished/PZ14Free/pdb/14_BujnickiPostExp_4_refined.pdb
2026-03-10 00:27:53 	 Docker exit code: 0
2026-03-10 00:27:53 	 Docker output length: 381
2026-03-10 00:27:53 	 Saved CSV: PZ14Free,BujnickiPostExp_4,BujnickiPostExp,4,refined_pair,0.7742942695933236,0.9128709291752769,0.7071067811865476,14_BujnickiPostExp_4_solution.pdb,14_BujnickiPostExp_4_refined.pdb
2026-03-10 00:27:53 	 RUN refined_pair target=14_BujnickiPreExp_1_solution.pdb model=14_BujnickiPreExp_1_refined.pdb -> id=BujnickiPreExp_1
2026-03-10 00:27:53 	 Docker cmd: docker run --rm -v D:\Studia\Projekty\gsp-lab:/work -v D:\Studia\Projekty\RNA_assessment:/rna_assessment -e RNA_ASSESSMENT_ROOT=/rna_assessment -e PYTHONPATH=/rna_assessment mcannotate-runtime python3 /work/src/utils/INF.py /work/data/finished/PZ14Free/pdb/14_BujnickiPreExp_1_solution.pdb /work/data/finished/PZ14Free/pdb/14_BujnickiPreExp_1_refined.pdb
2026-03-10 00:27:55 	 Docker exit code: 0
2026-03-10 00:27:55 	 Docker output length: 380
2026-03-10 00:27:55 	 Saved CSV: PZ14Free,BujnickiPreExp_1,BujnickiPreExp,1,refined_pair,0.9120291854009067,0.9682458365518543,0.9128709291752769,14_BujnickiPreExp_1_solution.pdb,14_BujnickiPreExp_1_refined.pdb
2026-03-10 00:27:55 	 RUN refined_pair target=14_BujnickiPreExp_2_solution.pdb model=14_BujnickiPreExp_2_refined.pdb -> id=BujnickiPreExp_2
2026-03-10 00:27:55 	 Docker cmd: docker run --rm -v D:\Studia\Projekty\gsp-lab:/work -v D:\Studia\Projekty\RNA_assessment:/rna_assessment -e RNA_ASSESSMENT_ROOT=/rna_assessment -e PYTHONPATH=/rna_assessment mcannotate-runtime python3 /work/src/utils/INF.py /work/data/finished/PZ14Free/pdb/14_BujnickiPreExp_2_solution.pdb /work/data/finished/PZ14Free/pdb/14_BujnickiPreExp_2_refined.pdb
2026-03-10 00:27:58 	 Docker exit code: 0
2026-03-10 00:27:58 	 Docker output length: 379
2026-03-10 00:27:58 	 Saved CSV: PZ14Free,BujnickiPreExp_2,BujnickiPreExp,2,refined_pair,0.8436958338752907,0.9682458365518543,0.7071067811865476,14_BujnickiPreExp_2_solution.pdb,14_BujnickiPreExp_2_refined.pdb
2026-03-10 00:27:58 	 RUN refined_pair target=14_BujnickiPreExp_3_solution.pdb model=14_BujnickiPreExp_3_refined.pdb -> id=BujnickiPreExp_3
2026-03-10 00:27:58 	 Docker cmd: docker run --rm -v D:\Studia\Projekty\gsp-lab:/work -v D:\Studia\Projekty\RNA_assessment:/rna_assessment -e RNA_ASSESSMENT_ROOT=/rna_assessment -e PYTHONPATH=/rna_assessment mcannotate-runtime python3 /work/src/utils/INF.py /work/data/finished/PZ14Free/pdb/14_BujnickiPreExp_3_solution.pdb /work/data/finished/PZ14Free/pdb/14_BujnickiPreExp_3_refined.pdb
2026-03-10 00:28:01 	 Docker exit code: 0
2026-03-10 00:28:01 	 Docker output length: 380
2026-03-10 00:28:01 	 Saved CSV: PZ14Free,BujnickiPreExp_3,BujnickiPreExp,3,refined_pair,0.8510644963469901,0.9333333333333333,0.8333333333333334,14_BujnickiPreExp_3_solution.pdb,14_BujnickiPreExp_3_refined.pdb
2026-03-10 00:28:01 	 RUN refined_pair target=14_BujnickiPreExp_4_solution.pdb model=14_BujnickiPreExp_4_refined.pdb -> id=BujnickiPreExp_4
2026-03-10 00:28:01 	 Docker cmd: docker run --rm -v D:\Studia\Projekty\gsp-lab:/work -v D:\Studia\Projekty\RNA_assessment:/rna_assessment -e RNA_ASSESSMENT_ROOT=/rna_assessment -e PYTHONPATH=/rna_assessment mcannotate-runtime python3 /work/src/utils/INF.py /work/data/finished/PZ14Free/pdb/14_BujnickiPreExp_4_solution.pdb /work/data/finished/PZ14Free/pdb/14_BujnickiPreExp_4_refined.pdb
2026-03-10 00:28:03 	 Docker exit code: 0
2026-03-10 00:28:03 	 Docker output length: 366
2026-03-10 00:28:04 	 Saved CSV: PZ14Free,BujnickiPreExp_4,BujnickiPreExp,4,refined_pair,0.6508140266182866,0.8451542547285166,-1,14_BujnickiPreExp_4_solution.pdb,14_BujnickiPreExp_4_refined.pdb
2026-03-10 00:28:04 	 RUN refined_pair target=14_ChenPostExp_1_solution.pdb model=14_ChenPostExp_1_refined.pdb -> id=ChenPostExp_1
2026-03-10 00:28:04 	 Docker cmd: docker run --rm -v D:\Studia\Projekty\gsp-lab:/work -v D:\Studia\Projekty\RNA_assessment:/rna_assessment -e RNA_ASSESSMENT_ROOT=/rna_assessment -e PYTHONPATH=/rna_assessment mcannotate-runtime python3 /work/src/utils/INF.py /work/data/finished/PZ14Free/pdb/14_ChenPostExp_1_solution.pdb /work/data/finished/PZ14Free/pdb/14_ChenPostExp_1_refined.pdb
2026-03-10 00:28:06 	 Docker exit code: 0
2026-03-10 00:28:06 	 Docker output length: 374
2026-03-10 00:28:06 	 Saved CSV: PZ14Free,ChenPostExp_1,ChenPostExp,1,refined_pair,0.7071067811865476,0.9333333333333333,0.28867513459481287,14_ChenPostExp_1_solution.pdb,14_ChenPostExp_1_refined.pdb
2026-03-10 00:28:06 	 RUN refined_pair target=14_ChenPostExp_10_solution.pdb model=14_ChenPostExp_10_refined.pdb -> id=ChenPostExp_10
2026-03-10 00:28:06 	 Docker cmd: docker run --rm -v D:\Studia\Projekty\gsp-lab:/work -v D:\Studia\Projekty\RNA_assessment:/rna_assessment -e RNA_ASSESSMENT_ROOT=/rna_assessment -e PYTHONPATH=/rna_assessment mcannotate-runtime python3 /work/src/utils/INF.py /work/data/finished/PZ14Free/pdb/14_ChenPostExp_10_solution.pdb /work/data/finished/PZ14Free/pdb/14_ChenPostExp_10_refined.pdb
2026-03-10 00:28:08 	 Docker exit code: 0
2026-03-10 00:28:08 	 Docker output length: 375
2026-03-10 00:28:08 	 Saved CSV: PZ14Free,ChenPostExp_10,ChenPostExp,10,refined_pair,0.8253968253968254,0.9682458365518543,0.408248290463863,14_ChenPostExp_10_solution.pdb,14_ChenPostExp_10_refined.pdb
2026-03-10 00:28:08 	 RUN refined_pair target=14_ChenPostExp_2_solution.pdb model=14_ChenPostExp_2_refined.pdb -> id=ChenPostExp_2
2026-03-10 00:28:08 	 Docker cmd: docker run --rm -v D:\Studia\Projekty\gsp-lab:/work -v D:\Studia\Projekty\RNA_assessment:/rna_assessment -e RNA_ASSESSMENT_ROOT=/rna_assessment -e PYTHONPATH=/rna_assessment mcannotate-runtime python3 /work/src/utils/INF.py /work/data/finished/PZ14Free/pdb/14_ChenPostExp_2_solution.pdb /work/data/finished/PZ14Free/pdb/14_ChenPostExp_2_refined.pdb
2026-03-10 00:28:10 	 Docker exit code: 0
2026-03-10 00:28:10 	 Docker output length: 374
2026-03-10 00:28:10 	 Saved CSV: PZ14Free,ChenPostExp_2,ChenPostExp,2,refined_pair,0.7912861598992318,0.9036961141150639,0.28867513459481287,14_ChenPostExp_2_solution.pdb,14_ChenPostExp_2_refined.pdb
2026-03-10 00:28:10 	 RUN refined_pair target=14_ChenPostExp_3_solution.pdb model=14_ChenPostExp_3_refined.pdb -> id=ChenPostExp_3
2026-03-10 00:28:10 	 Docker cmd: docker run --rm -v D:\Studia\Projekty\gsp-lab:/work -v D:\Studia\Projekty\RNA_assessment:/rna_assessment -e RNA_ASSESSMENT_ROOT=/rna_assessment -e PYTHONPATH=/rna_assessment mcannotate-runtime python3 /work/src/utils/INF.py /work/data/finished/PZ14Free/pdb/14_ChenPostExp_3_solution.pdb /work/data/finished/PZ14Free/pdb/14_ChenPostExp_3_refined.pdb
2026-03-10 00:28:12 	 Docker exit code: 0
2026-03-10 00:28:12 	 Docker output length: 372
2026-03-10 00:28:12 	 Saved CSV: PZ14Free,ChenPostExp_3,ChenPostExp,3,refined_pair,0.862045064437871,0.9333333333333333,0.9128709291752769,14_ChenPostExp_3_solution.pdb,14_ChenPostExp_3_refined.pdb
2026-03-10 00:28:12 	 RUN refined_pair target=14_ChenPostExp_4_solution.pdb model=14_ChenPostExp_4_refined.pdb -> id=ChenPostExp_4
2026-03-10 00:28:12 	 Docker cmd: docker run --rm -v D:\Studia\Projekty\gsp-lab:/work -v D:\Studia\Projekty\RNA_assessment:/rna_assessment -e RNA_ASSESSMENT_ROOT=/rna_assessment -e PYTHONPATH=/rna_assessment mcannotate-runtime python3 /work/src/utils/INF.py /work/data/finished/PZ14Free/pdb/14_ChenPostExp_4_solution.pdb /work/data/finished/PZ14Free/pdb/14_ChenPostExp_4_refined.pdb
2026-03-10 00:28:15 	 Docker exit code: 0
2026-03-10 00:28:15 	 Docker output length: 373
2026-03-10 00:28:15 	 Saved CSV: PZ14Free,ChenPostExp_4,ChenPostExp,4,refined_pair,0.8388187920594339,0.9333333333333333,0.9128709291752769,14_ChenPostExp_4_solution.pdb,14_ChenPostExp_4_refined.pdb
2026-03-10 00:28:15 	 RUN refined_pair target=14_ChenPostExp_5_solution.pdb model=14_ChenPostExp_5_refined.pdb -> id=ChenPostExp_5
2026-03-10 00:28:15 	 Docker cmd: docker run --rm -v D:\Studia\Projekty\gsp-lab:/work -v D:\Studia\Projekty\RNA_assessment:/rna_assessment -e RNA_ASSESSMENT_ROOT=/rna_assessment -e PYTHONPATH=/rna_assessment mcannotate-runtime python3 /work/src/utils/INF.py /work/data/finished/PZ14Free/pdb/14_ChenPostExp_5_solution.pdb /work/data/finished/PZ14Free/pdb/14_ChenPostExp_5_refined.pdb
2026-03-10 00:28:17 	 Docker exit code: 0
2026-03-10 00:28:17 	 Docker output length: 373
2026-03-10 00:28:17 	 Saved CSV: PZ14Free,ChenPostExp_5,ChenPostExp,5,refined_pair,0.7940666671767442,0.9333333333333333,0.408248290463863,14_ChenPostExp_5_solution.pdb,14_ChenPostExp_5_refined.pdb
2026-03-10 00:28:17 	 RUN refined_pair target=14_ChenPostExp_6_solution.pdb model=14_ChenPostExp_6_refined.pdb -> id=ChenPostExp_6
2026-03-10 00:28:17 	 Docker cmd: docker run --rm -v D:\Studia\Projekty\gsp-lab:/work -v D:\Studia\Projekty\RNA_assessment:/rna_assessment -e RNA_ASSESSMENT_ROOT=/rna_assessment -e PYTHONPATH=/rna_assessment mcannotate-runtime python3 /work/src/utils/INF.py /work/data/finished/PZ14Free/pdb/14_ChenPostExp_6_solution.pdb /work/data/finished/PZ14Free/pdb/14_ChenPostExp_6_refined.pdb
2026-03-10 00:28:20 	 Docker exit code: 0
2026-03-10 00:28:20 	 Docker output length: 373
2026-03-10 00:28:20 	 Saved CSV: PZ14Free,ChenPostExp_6,ChenPostExp,6,refined_pair,0.7715167498104596,0.9333333333333333,0.408248290463863,14_ChenPostExp_6_solution.pdb,14_ChenPostExp_6_refined.pdb
2026-03-10 00:28:20 	 RUN refined_pair target=14_ChenPostExp_7_solution.pdb model=14_ChenPostExp_7_refined.pdb -> id=ChenPostExp_7
2026-03-10 00:28:20 	 Docker cmd: docker run --rm -v D:\Studia\Projekty\gsp-lab:/work -v D:\Studia\Projekty\RNA_assessment:/rna_assessment -e RNA_ASSESSMENT_ROOT=/rna_assessment -e PYTHONPATH=/rna_assessment mcannotate-runtime python3 /work/src/utils/INF.py /work/data/finished/PZ14Free/pdb/14_ChenPostExp_7_solution.pdb /work/data/finished/PZ14Free/pdb/14_ChenPostExp_7_refined.pdb
2026-03-10 00:28:22 	 Docker exit code: 0
2026-03-10 00:28:22 	 Docker output length: 373
2026-03-10 00:28:22 	 Saved CSV: PZ14Free,ChenPostExp_7,ChenPostExp,7,refined_pair,0.7715167498104596,0.9333333333333333,0.408248290463863,14_ChenPostExp_7_solution.pdb,14_ChenPostExp_7_refined.pdb
2026-03-10 00:28:22 	 RUN refined_pair target=14_ChenPostExp_8_solution.pdb model=14_ChenPostExp_8_refined.pdb -> id=ChenPostExp_8
2026-03-10 00:28:22 	 Docker cmd: docker run --rm -v D:\Studia\Projekty\gsp-lab:/work -v D:\Studia\Projekty\RNA_assessment:/rna_assessment -e RNA_ASSESSMENT_ROOT=/rna_assessment -e PYTHONPATH=/rna_assessment mcannotate-runtime python3 /work/src/utils/INF.py /work/data/finished/PZ14Free/pdb/14_ChenPostExp_8_solution.pdb /work/data/finished/PZ14Free/pdb/14_ChenPostExp_8_refined.pdb
2026-03-10 00:28:25 	 Docker exit code: 0
2026-03-10 00:28:25 	 Docker output length: 372
2026-03-10 00:28:25 	 Saved CSV: PZ14Free,ChenPostExp_8,ChenPostExp,8,refined_pair,0.8295150620062532,0.9333333333333333,0.6123724356957945,14_ChenPostExp_8_solution.pdb,14_ChenPostExp_8_refined.pdb
2026-03-10 00:28:25 	 RUN refined_pair target=14_ChenPostExp_9_solution.pdb model=14_ChenPostExp_9_refined.pdb -> id=ChenPostExp_9
2026-03-10 00:28:25 	 Docker cmd: docker run --rm -v D:\Studia\Projekty\gsp-lab:/work -v D:\Studia\Projekty\RNA_assessment:/rna_assessment -e RNA_ASSESSMENT_ROOT=/rna_assessment -e PYTHONPATH=/rna_assessment mcannotate-runtime python3 /work/src/utils/INF.py /work/data/finished/PZ14Free/pdb/14_ChenPostExp_9_solution.pdb /work/data/finished/PZ14Free/pdb/14_ChenPostExp_9_refined.pdb
2026-03-10 00:28:27 	 Docker exit code: 0
2026-03-10 00:28:27 	 Docker output length: 373
2026-03-10 00:28:27 	 Saved CSV: PZ14Free,ChenPostExp_9,ChenPostExp,9,refined_pair,0.7873085300881967,0.9333333333333333,0.408248290463863,14_ChenPostExp_9_solution.pdb,14_ChenPostExp_9_refined.pdb
2026-03-10 00:28:28 	 RUN refined_pair target=14_DasPostExp_1_solution.pdb model=14_DasPostExp_1_refined.pdb -> id=DasPostExp_1
2026-03-10 00:28:28 	 Docker cmd: docker run --rm -v D:\Studia\Projekty\gsp-lab:/work -v D:\Studia\Projekty\RNA_assessment:/rna_assessment -e RNA_ASSESSMENT_ROOT=/rna_assessment -e PYTHONPATH=/rna_assessment mcannotate-runtime python3 /work/src/utils/INF.py /work/data/finished/PZ14Free/pdb/14_DasPostExp_1_solution.pdb /work/data/finished/PZ14Free/pdb/14_DasPostExp_1_refined.pdb
2026-03-10 00:28:30 	 Docker exit code: 0
2026-03-10 00:28:30 	 Docker output length: 372
2026-03-10 00:28:30 	 Saved CSV: PZ14Free,DasPostExp_1,DasPostExp,1,refined_pair,0.8031745051446079,0.9128709291752769,0.9128709291752769,14_DasPostExp_1_solution.pdb,14_DasPostExp_1_refined.pdb
2026-03-10 00:28:30 	 RUN refined_pair target=14_DasPostExp_10_solution.pdb model=14_DasPostExp_10_refined.pdb -> id=DasPostExp_10
2026-03-10 00:28:30 	 Docker cmd: docker run --rm -v D:\Studia\Projekty\gsp-lab:/work -v D:\Studia\Projekty\RNA_assessment:/rna_assessment -e RNA_ASSESSMENT_ROOT=/rna_assessment -e PYTHONPATH=/rna_assessment mcannotate-runtime python3 /work/src/utils/INF.py /work/data/finished/PZ14Free/pdb/14_DasPostExp_10_solution.pdb /work/data/finished/PZ14Free/pdb/14_DasPostExp_10_refined.pdb
2026-03-10 00:28:33 	 Docker exit code: 0
2026-03-10 00:28:33 	 Docker output length: 373
2026-03-10 00:28:33 	 Saved CSV: PZ14Free,DasPostExp_10,DasPostExp,10,refined_pair,0.8250286473253902,0.8885233166386386,0.9128709291752769,14_DasPostExp_10_solution.pdb,14_DasPostExp_10_refined.pdb
2026-03-10 00:28:33 	 RUN refined_pair target=14_DasPostExp_2_solution.pdb model=14_DasPostExp_2_refined.pdb -> id=DasPostExp_2
2026-03-10 00:28:33 	 Docker cmd: docker run --rm -v D:\Studia\Projekty\gsp-lab:/work -v D:\Studia\Projekty\RNA_assessment:/rna_assessment -e RNA_ASSESSMENT_ROOT=/rna_assessment -e PYTHONPATH=/rna_assessment mcannotate-runtime python3 /work/src/utils/INF.py /work/data/finished/PZ14Free/pdb/14_DasPostExp_2_solution.pdb /work/data/finished/PZ14Free/pdb/14_DasPostExp_2_refined.pdb
2026-03-10 00:28:37 	 Docker exit code: 0
2026-03-10 00:28:37 	 Docker output length: 371
2026-03-10 00:28:37 	 Saved CSV: PZ14Free,DasPostExp_2,DasPostExp,2,refined_pair,0.8250286473253902,0.8520128672302584,0.8660254037844386,14_DasPostExp_2_solution.pdb,14_DasPostExp_2_refined.pdb
2026-03-10 00:28:37 	 RUN refined_pair target=14_DasPostExp_3_solution.pdb model=14_DasPostExp_3_refined.pdb -> id=DasPostExp_3
2026-03-10 00:28:37 	 Docker cmd: docker run --rm -v D:\Studia\Projekty\gsp-lab:/work -v D:\Studia\Projekty\RNA_assessment:/rna_assessment -e RNA_ASSESSMENT_ROOT=/rna_assessment -e PYTHONPATH=/rna_assessment mcannotate-runtime python3 /work/src/utils/INF.py /work/data/finished/PZ14Free/pdb/14_DasPostExp_3_solution.pdb /work/data/finished/PZ14Free/pdb/14_DasPostExp_3_refined.pdb
2026-03-10 00:28:40 	 Docker exit code: 0
2026-03-10 00:28:40 	 Docker output length: 371
2026-03-10 00:28:40 	 Saved CSV: PZ14Free,DasPostExp_3,DasPostExp,3,refined_pair,0.8684519297052394,0.8885233166386386,0.9128709291752769,14_DasPostExp_3_solution.pdb,14_DasPostExp_3_refined.pdb
2026-03-10 00:28:40 	 RUN refined_pair target=14_DasPostExp_4_solution.pdb model=14_DasPostExp_4_refined.pdb -> id=DasPostExp_4
2026-03-10 00:28:40 	 Docker cmd: docker run --rm -v D:\Studia\Projekty\gsp-lab:/work -v D:\Studia\Projekty\RNA_assessment:/rna_assessment -e RNA_ASSESSMENT_ROOT=/rna_assessment -e PYTHONPATH=/rna_assessment mcannotate-runtime python3 /work/src/utils/INF.py /work/data/finished/PZ14Free/pdb/14_DasPostExp_4_solution.pdb /work/data/finished/PZ14Free/pdb/14_DasPostExp_4_refined.pdb
2026-03-10 00:28:42 	 Docker exit code: 0
2026-03-10 00:28:42 	 Docker output length: 372
2026-03-10 00:28:42 	 Saved CSV: PZ14Free,DasPostExp_4,DasPostExp,4,refined_pair,0.8465546769892852,0.8885233166386386,0.9128709291752769,14_DasPostExp_4_solution.pdb,14_DasPostExp_4_refined.pdb
2026-03-10 00:28:42 	 RUN refined_pair target=14_DasPostExp_5_solution.pdb model=14_DasPostExp_5_refined.pdb -> id=DasPostExp_5
2026-03-10 00:28:42 	 Docker cmd: docker run --rm -v D:\Studia\Projekty\gsp-lab:/work -v D:\Studia\Projekty\RNA_assessment:/rna_assessment -e RNA_ASSESSMENT_ROOT=/rna_assessment -e PYTHONPATH=/rna_assessment mcannotate-runtime python3 /work/src/utils/INF.py /work/data/finished/PZ14Free/pdb/14_DasPostExp_5_solution.pdb /work/data/finished/PZ14Free/pdb/14_DasPostExp_5_refined.pdb
2026-03-10 00:28:45 	 Docker exit code: 0
2026-03-10 00:28:45 	 Docker output length: 371
2026-03-10 00:28:45 	 Saved CSV: PZ14Free,DasPostExp_5,DasPostExp,5,refined_pair,0.8157708705533112,0.8885233166386386,0.7715167498104596,14_DasPostExp_5_solution.pdb,14_DasPostExp_5_refined.pdb
2026-03-10 00:28:45 	 RUN refined_pair target=14_DasPostExp_6_solution.pdb model=14_DasPostExp_6_refined.pdb -> id=DasPostExp_6
2026-03-10 00:28:45 	 Docker cmd: docker run --rm -v D:\Studia\Projekty\gsp-lab:/work -v D:\Studia\Projekty\RNA_assessment:/rna_assessment -e RNA_ASSESSMENT_ROOT=/rna_assessment -e PYTHONPATH=/rna_assessment mcannotate-runtime python3 /work/src/utils/INF.py /work/data/finished/PZ14Free/pdb/14_DasPostExp_6_solution.pdb /work/data/finished/PZ14Free/pdb/14_DasPostExp_6_refined.pdb
2026-03-10 00:28:48 	 Docker exit code: 0
2026-03-10 00:28:48 	 Docker output length: 371
2026-03-10 00:28:48 	 Saved CSV: PZ14Free,DasPostExp_6,DasPostExp,6,refined_pair,0.8796971267070275,0.9128709291752769,0.9128709291752769,14_DasPostExp_6_solution.pdb,14_DasPostExp_6_refined.pdb
2026-03-10 00:28:48 	 RUN refined_pair target=14_DasPostExp_7_solution.pdb model=14_DasPostExp_7_refined.pdb -> id=DasPostExp_7
2026-03-10 00:28:48 	 Docker cmd: docker run --rm -v D:\Studia\Projekty\gsp-lab:/work -v D:\Studia\Projekty\RNA_assessment:/rna_assessment -e RNA_ASSESSMENT_ROOT=/rna_assessment -e PYTHONPATH=/rna_assessment mcannotate-runtime python3 /work/src/utils/INF.py /work/data/finished/PZ14Free/pdb/14_DasPostExp_7_solution.pdb /work/data/finished/PZ14Free/pdb/14_DasPostExp_7_refined.pdb
2026-03-10 00:28:51 	 Docker exit code: 0
2026-03-10 00:28:51 	 Docker output length: 371
2026-03-10 00:28:51 	 Saved CSV: PZ14Free,DasPostExp_7,DasPostExp,7,refined_pair,0.8189230248533256,0.8885233166386386,0.816496580927726,14_DasPostExp_7_solution.pdb,14_DasPostExp_7_refined.pdb
2026-03-10 00:28:51 	 RUN refined_pair target=14_DasPostExp_8_solution.pdb model=14_DasPostExp_8_refined.pdb -> id=DasPostExp_8
2026-03-10 00:28:51 	 Docker cmd: docker run --rm -v D:\Studia\Projekty\gsp-lab:/work -v D:\Studia\Projekty\RNA_assessment:/rna_assessment -e RNA_ASSESSMENT_ROOT=/rna_assessment -e PYTHONPATH=/rna_assessment mcannotate-runtime python3 /work/src/utils/INF.py /work/data/finished/PZ14Free/pdb/14_DasPostExp_8_solution.pdb /work/data/finished/PZ14Free/pdb/14_DasPostExp_8_refined.pdb
2026-03-10 00:28:54 	 Docker exit code: 0
2026-03-10 00:28:54 	 Docker output length: 370
2026-03-10 00:28:54 	 Saved CSV: PZ14Free,DasPostExp_8,DasPostExp,8,refined_pair,0.8097503390415867,0.8885233166386386,0.816496580927726,14_DasPostExp_8_solution.pdb,14_DasPostExp_8_refined.pdb
2026-03-10 00:28:54 	 RUN refined_pair target=14_DasPostExp_9_solution.pdb model=14_DasPostExp_9_refined.pdb -> id=DasPostExp_9
2026-03-10 00:28:54 	 Docker cmd: docker run --rm -v D:\Studia\Projekty\gsp-lab:/work -v D:\Studia\Projekty\RNA_assessment:/rna_assessment -e RNA_ASSESSMENT_ROOT=/rna_assessment -e PYTHONPATH=/rna_assessment mcannotate-runtime python3 /work/src/utils/INF.py /work/data/finished/PZ14Free/pdb/14_DasPostExp_9_solution.pdb /work/data/finished/PZ14Free/pdb/14_DasPostExp_9_refined.pdb
2026-03-10 00:28:57 	 Docker exit code: 0
2026-03-10 00:28:57 	 Docker output length: 371
2026-03-10 00:28:57 	 Saved CSV: PZ14Free,DasPostExp_9,DasPostExp,9,refined_pair,0.768024577179711,0.8885233166386386,0.6666666666666666,14_DasPostExp_9_solution.pdb,14_DasPostExp_9_refined.pdb
2026-03-10 00:28:57 	 RUN refined_pair target=14_DasPreExp_1_solution.pdb model=14_DasPreExp_1_refined.pdb -> id=DasPreExp_1
2026-03-10 00:28:57 	 Docker cmd: docker run --rm -v D:\Studia\Projekty\gsp-lab:/work -v D:\Studia\Projekty\RNA_assessment:/rna_assessment -e RNA_ASSESSMENT_ROOT=/rna_assessment -e PYTHONPATH=/rna_assessment mcannotate-runtime python3 /work/src/utils/INF.py /work/data/finished/PZ14Free/pdb/14_DasPreExp_1_solution.pdb /work/data/finished/PZ14Free/pdb/14_DasPreExp_1_refined.pdb
2026-03-10 00:29:00 	 Docker exit code: 0
2026-03-10 00:29:00 	 Docker output length: 369
2026-03-10 00:29:00 	 Saved CSV: PZ14Free,DasPreExp_1,DasPreExp,1,refined_pair,0.8796971267070275,0.9128709291752769,0.9128709291752769,14_DasPreExp_1_solution.pdb,14_DasPreExp_1_refined.pdb
2026-03-10 00:29:00 	 RUN refined_pair target=14_DasPreExp_10_solution.pdb model=14_DasPreExp_10_refined.pdb -> id=DasPreExp_10
2026-03-10 00:29:00 	 Docker cmd: docker run --rm -v D:\Studia\Projekty\gsp-lab:/work -v D:\Studia\Projekty\RNA_assessment:/rna_assessment -e RNA_ASSESSMENT_ROOT=/rna_assessment -e PYTHONPATH=/rna_assessment mcannotate-runtime python3 /work/src/utils/INF.py /work/data/finished/PZ14Free/pdb/14_DasPreExp_10_solution.pdb /work/data/finished/PZ14Free/pdb/14_DasPreExp_10_refined.pdb
2026-03-10 00:29:03 	 Docker exit code: 0
2026-03-10 00:29:03 	 Docker output length: 371
2026-03-10 00:29:03 	 Saved CSV: PZ14Free,DasPreExp_10,DasPreExp,10,refined_pair,0.768024577179711,0.8885233166386386,0.6666666666666666,14_DasPreExp_10_solution.pdb,14_DasPreExp_10_refined.pdb
2026-03-10 00:29:03 	 RUN refined_pair target=14_DasPreExp_2_solution.pdb model=14_DasPreExp_2_refined.pdb -> id=DasPreExp_2
2026-03-10 00:29:03 	 Docker cmd: docker run --rm -v D:\Studia\Projekty\gsp-lab:/work -v D:\Studia\Projekty\RNA_assessment:/rna_assessment -e RNA_ASSESSMENT_ROOT=/rna_assessment -e PYTHONPATH=/rna_assessment mcannotate-runtime python3 /work/src/utils/INF.py /work/data/finished/PZ14Free/pdb/14_DasPreExp_2_solution.pdb /work/data/finished/PZ14Free/pdb/14_DasPreExp_2_refined.pdb
2026-03-10 00:29:06 	 Docker exit code: 0
2026-03-10 00:29:06 	 Docker output length: 369
2026-03-10 00:29:06 	 Saved CSV: PZ14Free,DasPreExp_2,DasPreExp,2,refined_pair,0.8189230248533256,0.8885233166386386,0.816496580927726,14_DasPreExp_2_solution.pdb,14_DasPreExp_2_refined.pdb
2026-03-10 00:29:06 	 RUN refined_pair target=14_DasPreExp_3_solution.pdb model=14_DasPreExp_3_refined.pdb -> id=DasPreExp_3
2026-03-10 00:29:06 	 Docker cmd: docker run --rm -v D:\Studia\Projekty\gsp-lab:/work -v D:\Studia\Projekty\RNA_assessment:/rna_assessment -e RNA_ASSESSMENT_ROOT=/rna_assessment -e PYTHONPATH=/rna_assessment mcannotate-runtime python3 /work/src/utils/INF.py /work/data/finished/PZ14Free/pdb/14_DasPreExp_3_solution.pdb /work/data/finished/PZ14Free/pdb/14_DasPreExp_3_refined.pdb
2026-03-10 00:29:08 	 Docker exit code: 0
2026-03-10 00:29:08 	 Docker output length: 370
2026-03-10 00:29:08 	 Saved CSV: PZ14Free,DasPreExp_3,DasPreExp,3,refined_pair,0.8374357893586238,0.8885233166386386,0.8333333333333334,14_DasPreExp_3_solution.pdb,14_DasPreExp_3_refined.pdb
2026-03-10 00:29:08 	 RUN refined_pair target=14_DasPreExp_4_solution.pdb model=14_DasPreExp_4_refined.pdb -> id=DasPreExp_4
2026-03-10 00:29:08 	 Docker cmd: docker run --rm -v D:\Studia\Projekty\gsp-lab:/work -v D:\Studia\Projekty\RNA_assessment:/rna_assessment -e RNA_ASSESSMENT_ROOT=/rna_assessment -e PYTHONPATH=/rna_assessment mcannotate-runtime python3 /work/src/utils/INF.py /work/data/finished/PZ14Free/pdb/14_DasPreExp_4_solution.pdb /work/data/finished/PZ14Free/pdb/14_DasPreExp_4_refined.pdb
2026-03-10 00:29:11 	 Docker exit code: 0
2026-03-10 00:29:11 	 Docker output length: 368
2026-03-10 00:29:11 	 Saved CSV: PZ14Free,DasPreExp_4,DasPreExp,4,refined_pair,0.8097503390415867,0.8885233166386386,0.816496580927726,14_DasPreExp_4_solution.pdb,14_DasPreExp_4_refined.pdb
2026-03-10 00:29:11 	 RUN refined_pair target=14_DasPreExp_5_solution.pdb model=14_DasPreExp_5_refined.pdb -> id=DasPreExp_5
2026-03-10 00:29:11 	 Docker cmd: docker run --rm -v D:\Studia\Projekty\gsp-lab:/work -v D:\Studia\Projekty\RNA_assessment:/rna_assessment -e RNA_ASSESSMENT_ROOT=/rna_assessment -e PYTHONPATH=/rna_assessment mcannotate-runtime python3 /work/src/utils/INF.py /work/data/finished/PZ14Free/pdb/14_DasPreExp_5_solution.pdb /work/data/finished/PZ14Free/pdb/14_DasPreExp_5_refined.pdb
2026-03-10 00:29:13 	 Docker exit code: 0
2026-03-10 00:29:13 	 Docker output length: 369
2026-03-10 00:29:13 	 Saved CSV: PZ14Free,DasPreExp_5,DasPreExp,5,refined_pair,0.8250286473253902,0.8885233166386386,0.9128709291752769,14_DasPreExp_5_solution.pdb,14_DasPreExp_5_refined.pdb
2026-03-10 00:29:13 	 RUN refined_pair target=14_DasPreExp_6_solution.pdb model=14_DasPreExp_6_refined.pdb -> id=DasPreExp_6
2026-03-10 00:29:13 	 Docker cmd: docker run --rm -v D:\Studia\Projekty\gsp-lab:/work -v D:\Studia\Projekty\RNA_assessment:/rna_assessment -e RNA_ASSESSMENT_ROOT=/rna_assessment -e PYTHONPATH=/rna_assessment mcannotate-runtime python3 /work/src/utils/INF.py /work/data/finished/PZ14Free/pdb/14_DasPreExp_6_solution.pdb /work/data/finished/PZ14Free/pdb/14_DasPreExp_6_refined.pdb
2026-03-10 00:29:16 	 Docker exit code: 0
2026-03-10 00:29:16 	 Docker output length: 370
2026-03-10 00:29:16 	 Saved CSV: PZ14Free,DasPreExp_6,DasPreExp,6,refined_pair,0.8031745051446079,0.9128709291752769,0.9128709291752769,14_DasPreExp_6_solution.pdb,14_DasPreExp_6_refined.pdb
2026-03-10 00:29:16 	 RUN refined_pair target=14_DasPreExp_7_solution.pdb model=14_DasPreExp_7_refined.pdb -> id=DasPreExp_7
2026-03-10 00:29:16 	 Docker cmd: docker run --rm -v D:\Studia\Projekty\gsp-lab:/work -v D:\Studia\Projekty\RNA_assessment:/rna_assessment -e RNA_ASSESSMENT_ROOT=/rna_assessment -e PYTHONPATH=/rna_assessment mcannotate-runtime python3 /work/src/utils/INF.py /work/data/finished/PZ14Free/pdb/14_DasPreExp_7_solution.pdb /work/data/finished/PZ14Free/pdb/14_DasPreExp_7_refined.pdb
2026-03-10 00:29:19 	 Docker exit code: 0
2026-03-10 00:29:19 	 Docker output length: 369
2026-03-10 00:29:19 	 Saved CSV: PZ14Free,DasPreExp_7,DasPreExp,7,refined_pair,0.8253968253968254,0.9128709291752769,0.8333333333333334,14_DasPreExp_7_solution.pdb,14_DasPreExp_7_refined.pdb
2026-03-10 00:29:19 	 RUN refined_pair target=14_DasPreExp_8_solution.pdb model=14_DasPreExp_8_refined.pdb -> id=DasPreExp_8
2026-03-10 00:29:19 	 Docker cmd: docker run --rm -v D:\Studia\Projekty\gsp-lab:/work -v D:\Studia\Projekty\RNA_assessment:/rna_assessment -e RNA_ASSESSMENT_ROOT=/rna_assessment -e PYTHONPATH=/rna_assessment mcannotate-runtime python3 /work/src/utils/INF.py /work/data/finished/PZ14Free/pdb/14_DasPreExp_8_solution.pdb /work/data/finished/PZ14Free/pdb/14_DasPreExp_8_refined.pdb
2026-03-10 00:29:23 	 Docker exit code: 0
2026-03-10 00:29:23 	 Docker output length: 369
2026-03-10 00:29:23 	 Saved CSV: PZ14Free,DasPreExp_8,DasPreExp,8,refined_pair,0.8031745051446079,0.8885233166386386,0.816496580927726,14_DasPreExp_8_solution.pdb,14_DasPreExp_8_refined.pdb
2026-03-10 00:29:23 	 RUN refined_pair target=14_DasPreExp_9_solution.pdb model=14_DasPreExp_9_refined.pdb -> id=DasPreExp_9
2026-03-10 00:29:23 	 Docker cmd: docker run --rm -v D:\Studia\Projekty\gsp-lab:/work -v D:\Studia\Projekty\RNA_assessment:/rna_assessment -e RNA_ASSESSMENT_ROOT=/rna_assessment -e PYTHONPATH=/rna_assessment mcannotate-runtime python3 /work/src/utils/INF.py /work/data/finished/PZ14Free/pdb/14_DasPreExp_9_solution.pdb /work/data/finished/PZ14Free/pdb/14_DasPreExp_9_refined.pdb
2026-03-10 00:29:27 	 Docker exit code: 0
2026-03-10 00:29:27 	 Docker output length: 369
2026-03-10 00:29:27 	 Saved CSV: PZ14Free,DasPreExp_9,DasPreExp,9,refined_pair,0.8282261079913419,0.8885233166386386,0.9128709291752769,14_DasPreExp_9_solution.pdb,14_DasPreExp_9_refined.pdb
2026-03-10 00:29:27 	 RUN refined_pair target=14_DingPostExp_1_solution.pdb model=14_DingPostExp_1_refined.pdb -> id=DingPostExp_1
2026-03-10 00:29:27 	 Docker cmd: docker run --rm -v D:\Studia\Projekty\gsp-lab:/work -v D:\Studia\Projekty\RNA_assessment:/rna_assessment -e RNA_ASSESSMENT_ROOT=/rna_assessment -e PYTHONPATH=/rna_assessment mcannotate-runtime python3 /work/src/utils/INF.py /work/data/finished/PZ14Free/pdb/14_DingPostExp_1_solution.pdb /work/data/finished/PZ14Free/pdb/14_DingPostExp_1_refined.pdb
2026-03-10 00:29:30 	 Docker exit code: 0
2026-03-10 00:29:30 	 Docker output length: 359
2026-03-10 00:29:30 	 Saved CSV: PZ14Free,DingPostExp_1,DingPostExp,1,refined_pair,0.6993950522797822,0.8885233166386386,0,14_DingPostExp_1_solution.pdb,14_DingPostExp_1_refined.pdb
2026-03-10 00:29:30 	 RUN refined_pair target=14_DingPostExp_10_solution.pdb model=14_DingPostExp_10_refined.pdb -> id=DingPostExp_10
2026-03-10 00:29:30 	 Docker cmd: docker run --rm -v D:\Studia\Projekty\gsp-lab:/work -v D:\Studia\Projekty\RNA_assessment:/rna_assessment -e RNA_ASSESSMENT_ROOT=/rna_assessment -e PYTHONPATH=/rna_assessment mcannotate-runtime python3 /work/src/utils/INF.py /work/data/finished/PZ14Free/pdb/14_DingPostExp_10_solution.pdb /work/data/finished/PZ14Free/pdb/14_DingPostExp_10_refined.pdb
2026-03-10 00:29:33 	 Docker exit code: 0
2026-03-10 00:29:33 	 Docker output length: 362
2026-03-10 00:29:33 	 Saved CSV: PZ14Free,DingPostExp_10,DingPostExp,10,refined_pair,0.6837634587578277,0.9682458365518543,-1,14_DingPostExp_10_solution.pdb,14_DingPostExp_10_refined.pdb
2026-03-10 00:29:33 	 RUN refined_pair target=14_DingPostExp_2_solution.pdb model=14_DingPostExp_2_refined.pdb -> id=DingPostExp_2
2026-03-10 00:29:33 	 Docker cmd: docker run --rm -v D:\Studia\Projekty\gsp-lab:/work -v D:\Studia\Projekty\RNA_assessment:/rna_assessment -e RNA_ASSESSMENT_ROOT=/rna_assessment -e PYTHONPATH=/rna_assessment mcannotate-runtime python3 /work/src/utils/INF.py /work/data/finished/PZ14Free/pdb/14_DingPostExp_2_solution.pdb /work/data/finished/PZ14Free/pdb/14_DingPostExp_2_refined.pdb
2026-03-10 00:29:35 	 Docker exit code: 0
2026-03-10 00:29:35 	 Docker output length: 359
2026-03-10 00:29:35 	 Saved CSV: PZ14Free,DingPostExp_2,DingPostExp,2,refined_pair,0.7056748320332842,0.9333333333333333,0,14_DingPostExp_2_solution.pdb,14_DingPostExp_2_refined.pdb
2026-03-10 00:29:35 	 RUN refined_pair target=14_DingPostExp_3_solution.pdb model=14_DingPostExp_3_refined.pdb -> id=DingPostExp_3
2026-03-10 00:29:35 	 Docker cmd: docker run --rm -v D:\Studia\Projekty\gsp-lab:/work -v D:\Studia\Projekty\RNA_assessment:/rna_assessment -e RNA_ASSESSMENT_ROOT=/rna_assessment -e PYTHONPATH=/rna_assessment mcannotate-runtime python3 /work/src/utils/INF.py /work/data/finished/PZ14Free/pdb/14_DingPostExp_3_solution.pdb /work/data/finished/PZ14Free/pdb/14_DingPostExp_3_refined.pdb
2026-03-10 00:29:38 	 Docker exit code: 0
2026-03-10 00:29:38 	 Docker output length: 358
2026-03-10 00:29:38 	 Saved CSV: PZ14Free,DingPostExp_3,DingPostExp,3,refined_pair,0.726843784311631,0.9128709291752769,0,14_DingPostExp_3_solution.pdb,14_DingPostExp_3_refined.pdb
2026-03-10 00:29:38 	 RUN refined_pair target=14_DingPostExp_4_solution.pdb model=14_DingPostExp_4_refined.pdb -> id=DingPostExp_4
2026-03-10 00:29:38 	 Docker cmd: docker run --rm -v D:\Studia\Projekty\gsp-lab:/work -v D:\Studia\Projekty\RNA_assessment:/rna_assessment -e RNA_ASSESSMENT_ROOT=/rna_assessment -e PYTHONPATH=/rna_assessment mcannotate-runtime python3 /work/src/utils/INF.py /work/data/finished/PZ14Free/pdb/14_DingPostExp_4_solution.pdb /work/data/finished/PZ14Free/pdb/14_DingPostExp_4_refined.pdb
2026-03-10 00:29:41 	 Docker exit code: 0
2026-03-10 00:29:41 	 Docker output length: 357
2026-03-10 00:29:41 	 Saved CSV: PZ14Free,DingPostExp_4,DingPostExp,4,refined_pair,0.6364688465216445,0.9128709291752769,0,14_DingPostExp_4_solution.pdb,14_DingPostExp_4_refined.pdb
2026-03-10 00:29:41 	 RUN refined_pair target=14_DingPostExp_5_solution.pdb model=14_DingPostExp_5_refined.pdb -> id=DingPostExp_5
2026-03-10 00:29:41 	 Docker cmd: docker run --rm -v D:\Studia\Projekty\gsp-lab:/work -v D:\Studia\Projekty\RNA_assessment:/rna_assessment -e RNA_ASSESSMENT_ROOT=/rna_assessment -e PYTHONPATH=/rna_assessment mcannotate-runtime python3 /work/src/utils/INF.py /work/data/finished/PZ14Free/pdb/14_DingPostExp_5_solution.pdb /work/data/finished/PZ14Free/pdb/14_DingPostExp_5_refined.pdb
2026-03-10 00:29:43 	 Docker exit code: 0
2026-03-10 00:29:43 	 Docker output length: 360
2026-03-10 00:29:43 	 Saved CSV: PZ14Free,DingPostExp_5,DingPostExp,5,refined_pair,0.7058857359287802,0.9682458365518543,-1,14_DingPostExp_5_solution.pdb,14_DingPostExp_5_refined.pdb
2026-03-10 00:29:43 	 RUN refined_pair target=14_DingPostExp_6_solution.pdb model=14_DingPostExp_6_refined.pdb -> id=DingPostExp_6
2026-03-10 00:29:43 	 Docker cmd: docker run --rm -v D:\Studia\Projekty\gsp-lab:/work -v D:\Studia\Projekty\RNA_assessment:/rna_assessment -e RNA_ASSESSMENT_ROOT=/rna_assessment -e PYTHONPATH=/rna_assessment mcannotate-runtime python3 /work/src/utils/INF.py /work/data/finished/PZ14Free/pdb/14_DingPostExp_6_solution.pdb /work/data/finished/PZ14Free/pdb/14_DingPostExp_6_refined.pdb
2026-03-10 00:29:46 	 Docker exit code: 0
2026-03-10 00:29:46 	 Docker output length: 357
2026-03-10 00:29:46 	 Saved CSV: PZ14Free,DingPostExp_6,DingPostExp,6,refined_pair,0.6385609924615459,0.9036961141150639,0,14_DingPostExp_6_solution.pdb,14_DingPostExp_6_refined.pdb
2026-03-10 00:29:46 	 RUN refined_pair target=14_DingPostExp_7_solution.pdb model=14_DingPostExp_7_refined.pdb -> id=DingPostExp_7
2026-03-10 00:29:46 	 Docker cmd: docker run --rm -v D:\Studia\Projekty\gsp-lab:/work -v D:\Studia\Projekty\RNA_assessment:/rna_assessment -e RNA_ASSESSMENT_ROOT=/rna_assessment -e PYTHONPATH=/rna_assessment mcannotate-runtime python3 /work/src/utils/INF.py /work/data/finished/PZ14Free/pdb/14_DingPostExp_7_solution.pdb /work/data/finished/PZ14Free/pdb/14_DingPostExp_7_refined.pdb
2026-03-10 00:29:49 	 Docker exit code: 0
2026-03-10 00:29:49 	 Docker output length: 359
2026-03-10 00:29:49 	 Saved CSV: PZ14Free,DingPostExp_7,DingPostExp,7,refined_pair,0.6728384948943098,0.9393364366277243,-1,14_DingPostExp_7_solution.pdb,14_DingPostExp_7_refined.pdb
2026-03-10 00:29:49 	 RUN refined_pair target=14_DingPostExp_8_solution.pdb model=14_DingPostExp_8_refined.pdb -> id=DingPostExp_8
2026-03-10 00:29:49 	 Docker cmd: docker run --rm -v D:\Studia\Projekty\gsp-lab:/work -v D:\Studia\Projekty\RNA_assessment:/rna_assessment -e RNA_ASSESSMENT_ROOT=/rna_assessment -e PYTHONPATH=/rna_assessment mcannotate-runtime python3 /work/src/utils/INF.py /work/data/finished/PZ14Free/pdb/14_DingPostExp_8_solution.pdb /work/data/finished/PZ14Free/pdb/14_DingPostExp_8_refined.pdb
2026-03-10 00:29:52 	 Docker exit code: 0
2026-03-10 00:29:52 	 Docker output length: 357
2026-03-10 00:29:52 	 Saved CSV: PZ14Free,DingPostExp_8,DingPostExp,8,refined_pair,0.7058857359287802,0.9682458365518543,0,14_DingPostExp_8_solution.pdb,14_DingPostExp_8_refined.pdb
2026-03-10 00:29:52 	 RUN refined_pair target=14_DingPostExp_9_solution.pdb model=14_DingPostExp_9_refined.pdb -> id=DingPostExp_9
2026-03-10 00:29:52 	 Docker cmd: docker run --rm -v D:\Studia\Projekty\gsp-lab:/work -v D:\Studia\Projekty\RNA_assessment:/rna_assessment -e RNA_ASSESSMENT_ROOT=/rna_assessment -e PYTHONPATH=/rna_assessment mcannotate-runtime python3 /work/src/utils/INF.py /work/data/finished/PZ14Free/pdb/14_DingPostExp_9_solution.pdb /work/data/finished/PZ14Free/pdb/14_DingPostExp_9_refined.pdb
2026-03-10 00:29:55 	 Docker exit code: 0
2026-03-10 00:29:55 	 Docker output length: 358
2026-03-10 00:29:55 	 Saved CSV: PZ14Free,DingPostExp_9,DingPostExp,9,refined_pair,0.6770618128448084,0.9682458365518543,0,14_DingPostExp_9_solution.pdb,14_DingPostExp_9_refined.pdb
2026-03-10 00:29:55 	 RUN refined_pair target=14_DingPreExp_1_solution.pdb model=14_DingPreExp_1_refined.pdb -> id=DingPreExp_1
2026-03-10 00:29:56 	 Docker cmd: docker run --rm -v D:\Studia\Projekty\gsp-lab:/work -v D:\Studia\Projekty\RNA_assessment:/rna_assessment -e RNA_ASSESSMENT_ROOT=/rna_assessment -e PYTHONPATH=/rna_assessment mcannotate-runtime python3 /work/src/utils/INF.py /work/data/finished/PZ14Free/pdb/14_DingPreExp_1_solution.pdb /work/data/finished/PZ14Free/pdb/14_DingPreExp_1_refined.pdb
2026-03-10 00:29:58 	 Docker exit code: 0
2026-03-10 00:29:58 	 Docker output length: 354
2026-03-10 00:29:58 	 Saved CSV: PZ14Free,DingPreExp_1,DingPreExp,1,refined_pair,0.6948792289723034,0.9333333333333333,0,14_DingPreExp_1_solution.pdb,14_DingPreExp_1_refined.pdb
2026-03-10 00:29:58 	 RUN refined_pair target=14_DingPreExp_2_solution.pdb model=14_DingPreExp_2_refined.pdb -> id=DingPreExp_2
2026-03-10 00:29:58 	 Docker cmd: docker run --rm -v D:\Studia\Projekty\gsp-lab:/work -v D:\Studia\Projekty\RNA_assessment:/rna_assessment -e RNA_ASSESSMENT_ROOT=/rna_assessment -e PYTHONPATH=/rna_assessment mcannotate-runtime python3 /work/src/utils/INF.py /work/data/finished/PZ14Free/pdb/14_DingPreExp_2_solution.pdb /work/data/finished/PZ14Free/pdb/14_DingPreExp_2_refined.pdb
2026-03-10 00:30:01 	 Docker exit code: 0
2026-03-10 00:30:01 	 Docker output length: 357
2026-03-10 00:30:01 	 Saved CSV: PZ14Free,DingPreExp_2,DingPreExp,2,refined_pair,0.7163279717599774,0.9682458365518543,0,14_DingPreExp_2_solution.pdb,14_DingPreExp_2_refined.pdb
2026-03-10 00:30:01 	 RUN refined_pair target=14_DingPreExp_3_solution.pdb model=14_DingPreExp_3_refined.pdb -> id=DingPreExp_3
2026-03-10 00:30:01 	 Docker cmd: docker run --rm -v D:\Studia\Projekty\gsp-lab:/work -v D:\Studia\Projekty\RNA_assessment:/rna_assessment -e RNA_ASSESSMENT_ROOT=/rna_assessment -e PYTHONPATH=/rna_assessment mcannotate-runtime python3 /work/src/utils/INF.py /work/data/finished/PZ14Free/pdb/14_DingPreExp_3_solution.pdb /work/data/finished/PZ14Free/pdb/14_DingPreExp_3_refined.pdb
2026-03-10 00:30:04 	 Docker exit code: 0
2026-03-10 00:30:04 	 Docker output length: 358
2026-03-10 00:30:04 	 Saved CSV: PZ14Free,DingPreExp_3,DingPreExp,3,refined_pair,0.7136858151040807,0.9682458365518543,-1,14_DingPreExp_3_solution.pdb,14_DingPreExp_3_refined.pdb
2026-03-10 00:30:04 	 RUN refined_pair target=14_DingPreExp_4_solution.pdb model=14_DingPreExp_4_refined.pdb -> id=DingPreExp_4
2026-03-10 00:30:04 	 Docker cmd: docker run --rm -v D:\Studia\Projekty\gsp-lab:/work -v D:\Studia\Projekty\RNA_assessment:/rna_assessment -e RNA_ASSESSMENT_ROOT=/rna_assessment -e PYTHONPATH=/rna_assessment mcannotate-runtime python3 /work/src/utils/INF.py /work/data/finished/PZ14Free/pdb/14_DingPreExp_4_solution.pdb /work/data/finished/PZ14Free/pdb/14_DingPreExp_4_refined.pdb
2026-03-10 00:30:07 	 Docker exit code: 0
2026-03-10 00:30:07 	 Docker output length: 355
2026-03-10 00:30:07 	 Saved CSV: PZ14Free,DingPreExp_4,DingPreExp,4,refined_pair,0.7126966450997984,0.9682458365518543,0,14_DingPreExp_4_solution.pdb,14_DingPreExp_4_refined.pdb
2026-03-10 00:30:07 	 SKIP (model is a solution file): 14_BujnickiPostExp_1_solution.pdb
2026-03-10 00:30:07 	 SKIP (model is a solution file): 14_BujnickiPostExp_2_solution.pdb
2026-03-10 00:30:07 	 SKIP (model is a solution file): 14_BujnickiPostExp_3_solution.pdb
2026-03-10 00:30:07 	 SKIP (model is a solution file): 14_BujnickiPostExp_4_solution.pdb
2026-03-10 00:30:07 	 SKIP (model is a solution file): 14_BujnickiPreExp_1_solution.pdb
2026-03-10 00:30:07 	 SKIP (model is a solution file): 14_BujnickiPreExp_2_solution.pdb
2026-03-10 00:30:07 	 SKIP (model is a solution file): 14_BujnickiPreExp_3_solution.pdb
2026-03-10 00:30:07 	 SKIP (model is a solution file): 14_BujnickiPreExp_4_solution.pdb
2026-03-10 00:30:07 	 SKIP (model is a solution file): 14_ChenPostExp_1_solution.pdb
2026-03-10 00:30:07 	 SKIP (model is a solution file): 14_ChenPostExp_10_solution.pdb
2026-03-10 00:30:07 	 SKIP (model is a solution file): 14_ChenPostExp_2_solution.pdb
2026-03-10 00:30:07 	 SKIP (model is a solution file): 14_ChenPostExp_3_solution.pdb
2026-03-10 00:30:07 	 SKIP (model is a solution file): 14_ChenPostExp_4_solution.pdb
2026-03-10 00:30:07 	 SKIP (model is a solution file): 14_ChenPostExp_5_solution.pdb
2026-03-10 00:30:07 	 SKIP (model is a solution file): 14_ChenPostExp_6_solution.pdb
2026-03-10 00:30:07 	 SKIP (model is a solution file): 14_ChenPostExp_7_solution.pdb
2026-03-10 00:30:07 	 SKIP (model is a solution file): 14_ChenPostExp_8_solution.pdb
2026-03-10 00:30:07 	 SKIP (model is a solution file): 14_ChenPostExp_9_solution.pdb
2026-03-10 00:30:07 	 SKIP (model is a solution file): 14_DasPostExp_1_solution.pdb
2026-03-10 00:30:07 	 SKIP (model is a solution file): 14_DasPostExp_10_solution.pdb
2026-03-10 00:30:07 	 SKIP (model is a solution file): 14_DasPostExp_2_solution.pdb
2026-03-10 00:30:07 	 SKIP (model is a solution file): 14_DasPostExp_3_solution.pdb
2026-03-10 00:30:07 	 SKIP (model is a solution file): 14_DasPostExp_4_solution.pdb
2026-03-10 00:30:07 	 SKIP (model is a solution file): 14_DasPostExp_5_solution.pdb
2026-03-10 00:30:07 	 SKIP (model is a solution file): 14_DasPostExp_6_solution.pdb
2026-03-10 00:30:07 	 SKIP (model is a solution file): 14_DasPostExp_7_solution.pdb
2026-03-10 00:30:07 	 SKIP (model is a solution file): 14_DasPostExp_8_solution.pdb
2026-03-10 00:30:07 	 SKIP (model is a solution file): 14_DasPostExp_9_solution.pdb
2026-03-10 00:30:07 	 SKIP (model is a solution file): 14_DasPreExp_1_solution.pdb
2026-03-10 00:30:07 	 SKIP (model is a solution file): 14_DasPreExp_10_solution.pdb
2026-03-10 00:30:07 	 SKIP (model is a solution file): 14_DasPreExp_2_solution.pdb
2026-03-10 00:30:07 	 SKIP (model is a solution file): 14_DasPreExp_3_solution.pdb
2026-03-10 00:30:07 	 SKIP (model is a solution file): 14_DasPreExp_4_solution.pdb
2026-03-10 00:30:07 	 SKIP (model is a solution file): 14_DasPreExp_5_solution.pdb
2026-03-10 00:30:07 	 SKIP (model is a solution file): 14_DasPreExp_6_solution.pdb
2026-03-10 00:30:07 	 SKIP (model is a solution file): 14_DasPreExp_7_solution.pdb
2026-03-10 00:30:07 	 SKIP (model is a solution file): 14_DasPreExp_8_solution.pdb
2026-03-10 00:30:07 	 SKIP (model is a solution file): 14_DasPreExp_9_solution.pdb
2026-03-10 00:30:07 	 SKIP (model is a solution file): 14_DingPostExp_1_solution.pdb
2026-03-10 00:30:07 	 SKIP (model is a solution file): 14_DingPostExp_10_solution.pdb
2026-03-10 00:30:07 	 SKIP (model is a solution file): 14_DingPostExp_2_solution.pdb
2026-03-10 00:30:07 	 SKIP (model is a solution file): 14_DingPostExp_3_solution.pdb
2026-03-10 00:30:07 	 SKIP (model is a solution file): 14_DingPostExp_4_solution.pdb
2026-03-10 00:30:07 	 SKIP (model is a solution file): 14_DingPostExp_5_solution.pdb
2026-03-10 00:30:07 	 SKIP (model is a solution file): 14_DingPostExp_6_solution.pdb
2026-03-10 00:30:07 	 SKIP (model is a solution file): 14_DingPostExp_7_solution.pdb
2026-03-10 00:30:07 	 SKIP (model is a solution file): 14_DingPostExp_8_solution.pdb
2026-03-10 00:30:07 	 SKIP (model is a solution file): 14_DingPostExp_9_solution.pdb
2026-03-10 00:30:07 	 SKIP (model is a solution file): 14_DingPreExp_1_solution.pdb
2026-03-10 00:30:07 	 SKIP (model is a solution file): 14_DingPreExp_2_solution.pdb
2026-03-10 00:30:07 	 SKIP (model is a solution file): 14_DingPreExp_3_solution.pdb
2026-03-10 00:30:07 	 SKIP (model is a solution file): 14_DingPreExp_4_solution.pdb
2026-03-10 00:30:07 	 DONE case: PZ14Free
2026-03-10 01:12:38 	 START case: PZ14Free
2026-03-10 01:12:38 	 caseDir: D:\Studia\Projekty\gsp-lab\data\finished\PZ14Free
2026-03-10 01:12:38 	 pdbDir: D:\Studia\Projekty\gsp-lab\data\finished\PZ14Free\pdb
2026-03-10 01:12:38 	 Found pdb count: 104
2026-03-10 01:12:38 	 Global solution: 14_BujnickiPostExp_1_solution.pdb
2026-03-10 01:12:39 	 SKIP already recorded (refined): BujnickiPostExp_1
2026-03-10 01:12:39 	 SKIP already recorded (refined): BujnickiPostExp_2
2026-03-10 01:12:39 	 SKIP already recorded (refined): BujnickiPostExp_3
2026-03-10 01:12:39 	 SKIP already recorded (refined): BujnickiPostExp_4
2026-03-10 01:12:39 	 SKIP already recorded (refined): BujnickiPreExp_1
2026-03-10 01:12:39 	 SKIP already recorded (refined): BujnickiPreExp_2
2026-03-10 01:12:39 	 SKIP already recorded (refined): BujnickiPreExp_3
2026-03-10 01:12:39 	 SKIP already recorded (refined): BujnickiPreExp_4
2026-03-10 01:12:39 	 SKIP already recorded (refined): ChenPostExp_1
2026-03-10 01:12:39 	 SKIP already recorded (refined): ChenPostExp_10
2026-03-10 01:12:39 	 SKIP already recorded (refined): ChenPostExp_2
2026-03-10 01:12:39 	 SKIP already recorded (refined): ChenPostExp_3
2026-03-10 01:12:39 	 SKIP already recorded (refined): ChenPostExp_4
2026-03-10 01:12:39 	 SKIP already recorded (refined): ChenPostExp_5
2026-03-10 01:12:39 	 SKIP already recorded (refined): ChenPostExp_6
2026-03-10 01:12:39 	 SKIP already recorded (refined): ChenPostExp_7
2026-03-10 01:12:39 	 SKIP already recorded (refined): ChenPostExp_8
2026-03-10 01:12:39 	 SKIP already recorded (refined): ChenPostExp_9
2026-03-10 01:12:39 	 SKIP already recorded (refined): DasPostExp_1
2026-03-10 01:12:39 	 SKIP already recorded (refined): DasPostExp_10
2026-03-10 01:12:39 	 SKIP already recorded (refined): DasPostExp_2
2026-03-10 01:12:39 	 SKIP already recorded (refined): DasPostExp_3
2026-03-10 01:12:39 	 SKIP already recorded (refined): DasPostExp_4
2026-03-10 01:12:39 	 SKIP already recorded (refined): DasPostExp_5
2026-03-10 01:12:39 	 SKIP already recorded (refined): DasPostExp_6
2026-03-10 01:12:39 	 SKIP already recorded (refined): DasPostExp_7
2026-03-10 01:12:39 	 SKIP already recorded (refined): DasPostExp_8
2026-03-10 01:12:39 	 SKIP already recorded (refined): DasPostExp_9
2026-03-10 01:12:39 	 SKIP already recorded (refined): DasPreExp_1
2026-03-10 01:12:39 	 SKIP already recorded (refined): DasPreExp_10
2026-03-10 01:12:39 	 SKIP already recorded (refined): DasPreExp_2
2026-03-10 01:12:39 	 SKIP already recorded (refined): DasPreExp_3
2026-03-10 01:12:39 	 SKIP already recorded (refined): DasPreExp_4
2026-03-10 01:12:39 	 SKIP already recorded (refined): DasPreExp_5
2026-03-10 01:12:39 	 SKIP already recorded (refined): DasPreExp_6
2026-03-10 01:12:39 	 SKIP already recorded (refined): DasPreExp_7
2026-03-10 01:12:39 	 SKIP already recorded (refined): DasPreExp_8
2026-03-10 01:12:39 	 SKIP already recorded (refined): DasPreExp_9
2026-03-10 01:12:39 	 SKIP already recorded (refined): DingPostExp_1
2026-03-10 01:12:39 	 SKIP already recorded (refined): DingPostExp_10
2026-03-10 01:12:39 	 SKIP already recorded (refined): DingPostExp_2
2026-03-10 01:12:39 	 SKIP already recorded (refined): DingPostExp_3
2026-03-10 01:12:39 	 SKIP already recorded (refined): DingPostExp_4
2026-03-10 01:12:39 	 SKIP already recorded (refined): DingPostExp_5
2026-03-10 01:12:39 	 SKIP already recorded (refined): DingPostExp_6
2026-03-10 01:12:39 	 SKIP already recorded (refined): DingPostExp_7
2026-03-10 01:12:39 	 SKIP already recorded (refined): DingPostExp_8
2026-03-10 01:12:39 	 SKIP already recorded (refined): DingPostExp_9
2026-03-10 01:12:39 	 SKIP already recorded (refined): DingPreExp_1
2026-03-10 01:12:39 	 SKIP already recorded (refined): DingPreExp_2
2026-03-10 01:12:39 	 SKIP already recorded (refined): DingPreExp_3
2026-03-10 01:12:39 	 SKIP already recorded (refined): DingPreExp_4
2026-03-10 01:12:39 	 SKIP (model is a solution file): 14_BujnickiPostExp_1_solution.pdb
2026-03-10 01:12:39 	 SKIP (model is a solution file): 14_BujnickiPostExp_2_solution.pdb
2026-03-10 01:12:39 	 SKIP (model is a solution file): 14_BujnickiPostExp_3_solution.pdb
2026-03-10 01:12:39 	 SKIP (model is a solution file): 14_BujnickiPostExp_4_solution.pdb
2026-03-10 01:12:39 	 SKIP (model is a solution file): 14_BujnickiPreExp_1_solution.pdb
2026-03-10 01:12:39 	 SKIP (model is a solution file): 14_BujnickiPreExp_2_solution.pdb
2026-03-10 01:12:39 	 SKIP (model is a solution file): 14_BujnickiPreExp_3_solution.pdb
2026-03-10 01:12:39 	 SKIP (model is a solution file): 14_BujnickiPreExp_4_solution.pdb
2026-03-10 01:12:39 	 SKIP (model is a solution file): 14_ChenPostExp_1_solution.pdb
2026-03-10 01:12:39 	 SKIP (model is a solution file): 14_ChenPostExp_10_solution.pdb
2026-03-10 01:12:40 	 SKIP (model is a solution file): 14_ChenPostExp_2_solution.pdb
2026-03-10 01:12:40 	 SKIP (model is a solution file): 14_ChenPostExp_3_solution.pdb
2026-03-10 01:12:40 	 SKIP (model is a solution file): 14_ChenPostExp_4_solution.pdb
2026-03-10 01:12:40 	 SKIP (model is a solution file): 14_ChenPostExp_5_solution.pdb
2026-03-10 01:12:40 	 SKIP (model is a solution file): 14_ChenPostExp_6_solution.pdb
2026-03-10 01:12:40 	 SKIP (model is a solution file): 14_ChenPostExp_7_solution.pdb
2026-03-10 01:12:40 	 SKIP (model is a solution file): 14_ChenPostExp_8_solution.pdb
2026-03-10 01:12:40 	 SKIP (model is a solution file): 14_ChenPostExp_9_solution.pdb
2026-03-10 01:12:40 	 SKIP (model is a solution file): 14_DasPostExp_1_solution.pdb
2026-03-10 01:12:40 	 SKIP (model is a solution file): 14_DasPostExp_10_solution.pdb
2026-03-10 01:12:40 	 SKIP (model is a solution file): 14_DasPostExp_2_solution.pdb
2026-03-10 01:12:40 	 SKIP (model is a solution file): 14_DasPostExp_3_solution.pdb
2026-03-10 01:12:40 	 SKIP (model is a solution file): 14_DasPostExp_4_solution.pdb
2026-03-10 01:12:40 	 SKIP (model is a solution file): 14_DasPostExp_5_solution.pdb
2026-03-10 01:12:40 	 SKIP (model is a solution file): 14_DasPostExp_6_solution.pdb
2026-03-10 01:12:40 	 SKIP (model is a solution file): 14_DasPostExp_7_solution.pdb
2026-03-10 01:12:40 	 SKIP (model is a solution file): 14_DasPostExp_8_solution.pdb
2026-03-10 01:12:40 	 SKIP (model is a solution file): 14_DasPostExp_9_solution.pdb
2026-03-10 01:12:40 	 SKIP (model is a solution file): 14_DasPreExp_1_solution.pdb
2026-03-10 01:12:40 	 SKIP (model is a solution file): 14_DasPreExp_10_solution.pdb
2026-03-10 01:12:40 	 SKIP (model is a solution file): 14_DasPreExp_2_solution.pdb
2026-03-10 01:12:40 	 SKIP (model is a solution file): 14_DasPreExp_3_solution.pdb
2026-03-10 01:12:40 	 SKIP (model is a solution file): 14_DasPreExp_4_solution.pdb
2026-03-10 01:12:40 	 SKIP (model is a solution file): 14_DasPreExp_5_solution.pdb
2026-03-10 01:12:40 	 SKIP (model is a solution file): 14_DasPreExp_6_solution.pdb
2026-03-10 01:12:40 	 SKIP (model is a solution file): 14_DasPreExp_7_solution.pdb
2026-03-10 01:12:40 	 SKIP (model is a solution file): 14_DasPreExp_8_solution.pdb
2026-03-10 01:12:40 	 SKIP (model is a solution file): 14_DasPreExp_9_solution.pdb
2026-03-10 01:12:40 	 SKIP (model is a solution file): 14_DingPostExp_1_solution.pdb
2026-03-10 01:12:40 	 SKIP (model is a solution file): 14_DingPostExp_10_solution.pdb
2026-03-10 01:12:40 	 SKIP (model is a solution file): 14_DingPostExp_2_solution.pdb
2026-03-10 01:12:40 	 SKIP (model is a solution file): 14_DingPostExp_3_solution.pdb
2026-03-10 01:12:40 	 SKIP (model is a solution file): 14_DingPostExp_4_solution.pdb
2026-03-10 01:12:40 	 SKIP (model is a solution file): 14_DingPostExp_5_solution.pdb
2026-03-10 01:12:40 	 SKIP (model is a solution file): 14_DingPostExp_6_solution.pdb
2026-03-10 01:12:40 	 SKIP (model is a solution file): 14_DingPostExp_7_solution.pdb
2026-03-10 01:12:40 	 SKIP (model is a solution file): 14_DingPostExp_8_solution.pdb
2026-03-10 01:12:40 	 SKIP (model is a solution file): 14_DingPostExp_9_solution.pdb
2026-03-10 01:12:40 	 SKIP (model is a solution file): 14_DingPreExp_1_solution.pdb
2026-03-10 01:12:40 	 SKIP (model is a solution file): 14_DingPreExp_2_solution.pdb
2026-03-10 01:12:40 	 SKIP (model is a solution file): 14_DingPreExp_3_solution.pdb
2026-03-10 01:12:40 	 SKIP (model is a solution file): 14_DingPreExp_4_solution.pdb
2026-03-10 01:12:40 	 DONE case: PZ14Free
2026-03-10 01:17:23 	 START case: PZ14Free
2026-03-10 01:17:23 	 caseDir: D:\Studia\Projekty\gsp-lab\data\finished\PZ14Free
2026-03-10 01:17:23 	 pdbDir: D:\Studia\Projekty\gsp-lab\data\finished\PZ14Free\pdb
2026-03-10 01:17:23 	 Found pdb count: 104
2026-03-10 01:17:23 	 Global solution: 14_BujnickiPostExp_1_solution.pdb
2026-03-10 01:17:23 	 SKIP already recorded (refined): BujnickiPostExp_1
2026-03-10 01:17:23 	 SKIP already recorded (refined): BujnickiPostExp_2
2026-03-10 01:17:23 	 SKIP already recorded (refined): BujnickiPostExp_3
2026-03-10 01:17:23 	 SKIP already recorded (refined): BujnickiPostExp_4
2026-03-10 01:17:23 	 SKIP already recorded (refined): BujnickiPreExp_1
2026-03-10 01:17:23 	 SKIP already recorded (refined): BujnickiPreExp_2
2026-03-10 01:17:23 	 SKIP already recorded (refined): BujnickiPreExp_3
2026-03-10 01:17:23 	 SKIP already recorded (refined): BujnickiPreExp_4
2026-03-10 01:17:23 	 SKIP already recorded (refined): ChenPostExp_1
2026-03-10 01:17:23 	 SKIP already recorded (refined): ChenPostExp_10
2026-03-10 01:17:23 	 SKIP already recorded (refined): ChenPostExp_2
2026-03-10 01:17:23 	 SKIP already recorded (refined): ChenPostExp_3
2026-03-10 01:17:23 	 SKIP already recorded (refined): ChenPostExp_4
2026-03-10 01:17:23 	 SKIP already recorded (refined): ChenPostExp_5
2026-03-10 01:17:23 	 SKIP already recorded (refined): ChenPostExp_6
2026-03-10 01:17:23 	 SKIP already recorded (refined): ChenPostExp_7
2026-03-10 01:17:23 	 SKIP already recorded (refined): ChenPostExp_8
2026-03-10 01:17:23 	 SKIP already recorded (refined): ChenPostExp_9
2026-03-10 01:17:23 	 SKIP already recorded (refined): DasPostExp_1
2026-03-10 01:17:23 	 SKIP already recorded (refined): DasPostExp_10
2026-03-10 01:17:23 	 SKIP already recorded (refined): DasPostExp_2
2026-03-10 01:17:23 	 SKIP already recorded (refined): DasPostExp_3
2026-03-10 01:17:23 	 SKIP already recorded (refined): DasPostExp_4
2026-03-10 01:17:23 	 SKIP already recorded (refined): DasPostExp_5
2026-03-10 01:17:23 	 SKIP already recorded (refined): DasPostExp_6
2026-03-10 01:17:23 	 SKIP already recorded (refined): DasPostExp_7
2026-03-10 01:17:23 	 SKIP already recorded (refined): DasPostExp_8
2026-03-10 01:17:24 	 SKIP already recorded (refined): DasPostExp_9
2026-03-10 01:17:24 	 SKIP already recorded (refined): DasPreExp_1
2026-03-10 01:17:24 	 SKIP already recorded (refined): DasPreExp_10
2026-03-10 01:17:24 	 SKIP already recorded (refined): DasPreExp_2
2026-03-10 01:17:24 	 SKIP already recorded (refined): DasPreExp_3
2026-03-10 01:17:24 	 SKIP already recorded (refined): DasPreExp_4
2026-03-10 01:17:24 	 SKIP already recorded (refined): DasPreExp_5
2026-03-10 01:17:24 	 SKIP already recorded (refined): DasPreExp_6
2026-03-10 01:17:24 	 SKIP already recorded (refined): DasPreExp_7
2026-03-10 01:17:24 	 SKIP already recorded (refined): DasPreExp_8
2026-03-10 01:17:24 	 SKIP already recorded (refined): DasPreExp_9
2026-03-10 01:17:24 	 SKIP already recorded (refined): DingPostExp_1
2026-03-10 01:17:24 	 SKIP already recorded (refined): DingPostExp_10
2026-03-10 01:17:24 	 SKIP already recorded (refined): DingPostExp_2
2026-03-10 01:17:24 	 SKIP already recorded (refined): DingPostExp_3
2026-03-10 01:17:24 	 SKIP already recorded (refined): DingPostExp_4
2026-03-10 01:17:24 	 SKIP already recorded (refined): DingPostExp_5
2026-03-10 01:17:24 	 SKIP already recorded (refined): DingPostExp_6
2026-03-10 01:17:24 	 SKIP already recorded (refined): DingPostExp_7
2026-03-10 01:17:24 	 SKIP already recorded (refined): DingPostExp_8
2026-03-10 01:17:24 	 SKIP already recorded (refined): DingPostExp_9
2026-03-10 01:17:24 	 SKIP already recorded (refined): DingPreExp_1
2026-03-10 01:17:24 	 SKIP already recorded (refined): DingPreExp_2
2026-03-10 01:17:24 	 SKIP already recorded (refined): DingPreExp_3
2026-03-10 01:17:24 	 SKIP already recorded (refined): DingPreExp_4
2026-03-10 01:17:24 	 SKIP (model is a solution file): 14_BujnickiPostExp_1_solution.pdb
2026-03-10 01:17:24 	 SKIP (model is a solution file): 14_BujnickiPostExp_2_solution.pdb
2026-03-10 01:17:24 	 SKIP (model is a solution file): 14_BujnickiPostExp_3_solution.pdb
2026-03-10 01:17:24 	 SKIP (model is a solution file): 14_BujnickiPostExp_4_solution.pdb
2026-03-10 01:17:24 	 SKIP (model is a solution file): 14_BujnickiPreExp_1_solution.pdb
2026-03-10 01:17:24 	 SKIP (model is a solution file): 14_BujnickiPreExp_2_solution.pdb
2026-03-10 01:17:24 	 SKIP (model is a solution file): 14_BujnickiPreExp_3_solution.pdb
2026-03-10 01:17:24 	 SKIP (model is a solution file): 14_BujnickiPreExp_4_solution.pdb
2026-03-10 01:17:24 	 SKIP (model is a solution file): 14_ChenPostExp_1_solution.pdb
2026-03-10 01:17:24 	 SKIP (model is a solution file): 14_ChenPostExp_10_solution.pdb
2026-03-10 01:17:24 	 SKIP (model is a solution file): 14_ChenPostExp_2_solution.pdb
2026-03-10 01:17:24 	 SKIP (model is a solution file): 14_ChenPostExp_3_solution.pdb
2026-03-10 01:17:24 	 SKIP (model is a solution file): 14_ChenPostExp_4_solution.pdb
2026-03-10 01:17:24 	 SKIP (model is a solution file): 14_ChenPostExp_5_solution.pdb
2026-03-10 01:17:24 	 SKIP (model is a solution file): 14_ChenPostExp_6_solution.pdb
2026-03-10 01:17:24 	 SKIP (model is a solution file): 14_ChenPostExp_7_solution.pdb
2026-03-10 01:17:24 	 SKIP (model is a solution file): 14_ChenPostExp_8_solution.pdb
2026-03-10 01:17:24 	 SKIP (model is a solution file): 14_ChenPostExp_9_solution.pdb
2026-03-10 01:17:24 	 SKIP (model is a solution file): 14_DasPostExp_1_solution.pdb
2026-03-10 01:17:24 	 SKIP (model is a solution file): 14_DasPostExp_10_solution.pdb
2026-03-10 01:17:24 	 SKIP (model is a solution file): 14_DasPostExp_2_solution.pdb
2026-03-10 01:17:24 	 SKIP (model is a solution file): 14_DasPostExp_3_solution.pdb
2026-03-10 01:17:24 	 SKIP (model is a solution file): 14_DasPostExp_4_solution.pdb
2026-03-10 01:17:24 	 SKIP (model is a solution file): 14_DasPostExp_5_solution.pdb
2026-03-10 01:17:24 	 SKIP (model is a solution file): 14_DasPostExp_6_solution.pdb
2026-03-10 01:17:24 	 SKIP (model is a solution file): 14_DasPostExp_7_solution.pdb
2026-03-10 01:17:24 	 SKIP (model is a solution file): 14_DasPostExp_8_solution.pdb
2026-03-10 01:17:24 	 SKIP (model is a solution file): 14_DasPostExp_9_solution.pdb
2026-03-10 01:17:24 	 SKIP (model is a solution file): 14_DasPreExp_1_solution.pdb
2026-03-10 01:17:24 	 SKIP (model is a solution file): 14_DasPreExp_10_solution.pdb
2026-03-10 01:17:24 	 SKIP (model is a solution file): 14_DasPreExp_2_solution.pdb
2026-03-10 01:17:24 	 SKIP (model is a solution file): 14_DasPreExp_3_solution.pdb
2026-03-10 01:17:24 	 SKIP (model is a solution file): 14_DasPreExp_4_solution.pdb
2026-03-10 01:17:24 	 SKIP (model is a solution file): 14_DasPreExp_5_solution.pdb
2026-03-10 01:17:24 	 SKIP (model is a solution file): 14_DasPreExp_6_solution.pdb
2026-03-10 01:17:24 	 SKIP (model is a solution file): 14_DasPreExp_7_solution.pdb
2026-03-10 01:17:24 	 SKIP (model is a solution file): 14_DasPreExp_8_solution.pdb
2026-03-10 01:17:24 	 SKIP (model is a solution file): 14_DasPreExp_9_solution.pdb
2026-03-10 01:17:24 	 SKIP (model is a solution file): 14_DingPostExp_1_solution.pdb
2026-03-10 01:17:24 	 SKIP (model is a solution file): 14_DingPostExp_10_solution.pdb
2026-03-10 01:17:24 	 SKIP (model is a solution file): 14_DingPostExp_2_solution.pdb
2026-03-10 01:17:24 	 SKIP (model is a solution file): 14_DingPostExp_3_solution.pdb
2026-03-10 01:17:24 	 SKIP (model is a solution file): 14_DingPostExp_4_solution.pdb
2026-03-10 01:17:24 	 SKIP (model is a solution file): 14_DingPostExp_5_solution.pdb
2026-03-10 01:17:24 	 SKIP (model is a solution file): 14_DingPostExp_6_solution.pdb
2026-03-10 01:17:24 	 SKIP (model is a solution file): 14_DingPostExp_7_solution.pdb
2026-03-10 01:17:24 	 SKIP (model is a solution file): 14_DingPostExp_8_solution.pdb
2026-03-10 01:17:24 	 SKIP (model is a solution file): 14_DingPostExp_9_solution.pdb
2026-03-10 01:17:24 	 SKIP (model is a solution file): 14_DingPreExp_1_solution.pdb
2026-03-10 01:17:24 	 SKIP (model is a solution file): 14_DingPreExp_2_solution.pdb
2026-03-10 01:17:24 	 SKIP (model is a solution file): 14_DingPreExp_3_solution.pdb
2026-03-10 01:17:24 	 SKIP (model is a solution file): 14_DingPreExp_4_solution.pdb
2026-03-10 01:17:25 	 DONE case: PZ14Free
2026-03-10 01:21:49 	 START case: PZ14Free
2026-03-10 01:21:49 	 caseDir: D:\Studia\Projekty\gsp-lab\data\finished\PZ14Free
2026-03-10 01:21:49 	 pdbDir: D:\Studia\Projekty\gsp-lab\data\finished\PZ14Free\pdb
2026-03-10 01:21:50 	 Found pdb count: 104
2026-03-10 01:21:50 	 Global solution: 14_BujnickiPostExp_1_solution.pdb
2026-03-10 01:21:50 	 SKIP already recorded (refined): BujnickiPostExp_1
2026-03-10 01:21:50 	 SKIP already recorded (refined): BujnickiPostExp_2
2026-03-10 01:21:50 	 SKIP already recorded (refined): BujnickiPostExp_3
2026-03-10 01:21:50 	 SKIP already recorded (refined): BujnickiPostExp_4
2026-03-10 01:21:50 	 SKIP already recorded (refined): BujnickiPreExp_1
2026-03-10 01:21:50 	 SKIP already recorded (refined): BujnickiPreExp_2
2026-03-10 01:21:50 	 SKIP already recorded (refined): BujnickiPreExp_3
2026-03-10 01:21:50 	 SKIP already recorded (refined): BujnickiPreExp_4
2026-03-10 01:21:50 	 SKIP already recorded (refined): ChenPostExp_1
2026-03-10 01:21:50 	 SKIP already recorded (refined): ChenPostExp_10
2026-03-10 01:21:50 	 SKIP already recorded (refined): ChenPostExp_2
2026-03-10 01:21:50 	 SKIP already recorded (refined): ChenPostExp_3
2026-03-10 01:21:50 	 SKIP already recorded (refined): ChenPostExp_4
2026-03-10 01:21:50 	 SKIP already recorded (refined): ChenPostExp_5
2026-03-10 01:21:50 	 SKIP already recorded (refined): ChenPostExp_6
2026-03-10 01:21:50 	 SKIP already recorded (refined): ChenPostExp_7
2026-03-10 01:21:50 	 SKIP already recorded (refined): ChenPostExp_8
2026-03-10 01:21:50 	 SKIP already recorded (refined): ChenPostExp_9
2026-03-10 01:21:50 	 SKIP already recorded (refined): DasPostExp_1
2026-03-10 01:21:50 	 SKIP already recorded (refined): DasPostExp_10
2026-03-10 01:21:50 	 SKIP already recorded (refined): DasPostExp_2
2026-03-10 01:21:50 	 SKIP already recorded (refined): DasPostExp_3
2026-03-10 01:21:50 	 SKIP already recorded (refined): DasPostExp_4
2026-03-10 01:21:50 	 SKIP already recorded (refined): DasPostExp_5
2026-03-10 01:21:50 	 SKIP already recorded (refined): DasPostExp_6
2026-03-10 01:21:50 	 SKIP already recorded (refined): DasPostExp_7
2026-03-10 01:21:50 	 SKIP already recorded (refined): DasPostExp_8
2026-03-10 01:21:50 	 SKIP already recorded (refined): DasPostExp_9
2026-03-10 01:21:50 	 SKIP already recorded (refined): DasPreExp_1
2026-03-10 01:21:50 	 SKIP already recorded (refined): DasPreExp_10
2026-03-10 01:21:50 	 SKIP already recorded (refined): DasPreExp_2
2026-03-10 01:21:50 	 SKIP already recorded (refined): DasPreExp_3
2026-03-10 01:21:50 	 SKIP already recorded (refined): DasPreExp_4
2026-03-10 01:21:50 	 SKIP already recorded (refined): DasPreExp_5
2026-03-10 01:21:50 	 SKIP already recorded (refined): DasPreExp_6
2026-03-10 01:21:50 	 SKIP already recorded (refined): DasPreExp_7
2026-03-10 01:21:50 	 SKIP already recorded (refined): DasPreExp_8
2026-03-10 01:21:50 	 SKIP already recorded (refined): DasPreExp_9
2026-03-10 01:21:50 	 SKIP already recorded (refined): DingPostExp_1
2026-03-10 01:21:50 	 SKIP already recorded (refined): DingPostExp_10
2026-03-10 01:21:50 	 SKIP already recorded (refined): DingPostExp_2
2026-03-10 01:21:50 	 SKIP already recorded (refined): DingPostExp_3
2026-03-10 01:21:50 	 SKIP already recorded (refined): DingPostExp_4
2026-03-10 01:21:50 	 SKIP already recorded (refined): DingPostExp_5
2026-03-10 01:21:50 	 SKIP already recorded (refined): DingPostExp_6
2026-03-10 01:21:50 	 SKIP already recorded (refined): DingPostExp_7
2026-03-10 01:21:50 	 SKIP already recorded (refined): DingPostExp_8
2026-03-10 01:21:50 	 SKIP already recorded (refined): DingPostExp_9
2026-03-10 01:21:50 	 SKIP already recorded (refined): DingPreExp_1
2026-03-10 01:21:50 	 SKIP already recorded (refined): DingPreExp_2
2026-03-10 01:21:50 	 SKIP already recorded (refined): DingPreExp_3
2026-03-10 01:21:50 	 SKIP already recorded (refined): DingPreExp_4
2026-03-10 01:21:50 	 SKIP (model is a solution file): 14_BujnickiPostExp_1_solution.pdb
2026-03-10 01:21:50 	 SKIP (model is a solution file): 14_BujnickiPostExp_2_solution.pdb
2026-03-10 01:21:50 	 SKIP (model is a solution file): 14_BujnickiPostExp_3_solution.pdb
2026-03-10 01:21:50 	 SKIP (model is a solution file): 14_BujnickiPostExp_4_solution.pdb
2026-03-10 01:21:50 	 SKIP (model is a solution file): 14_BujnickiPreExp_1_solution.pdb
2026-03-10 01:21:50 	 SKIP (model is a solution file): 14_BujnickiPreExp_2_solution.pdb
2026-03-10 01:21:51 	 SKIP (model is a solution file): 14_BujnickiPreExp_3_solution.pdb
2026-03-10 01:21:51 	 SKIP (model is a solution file): 14_BujnickiPreExp_4_solution.pdb
2026-03-10 01:21:51 	 SKIP (model is a solution file): 14_ChenPostExp_1_solution.pdb
2026-03-10 01:21:51 	 SKIP (model is a solution file): 14_ChenPostExp_10_solution.pdb
2026-03-10 01:21:51 	 SKIP (model is a solution file): 14_ChenPostExp_2_solution.pdb
2026-03-10 01:21:51 	 SKIP (model is a solution file): 14_ChenPostExp_3_solution.pdb
2026-03-10 01:21:51 	 SKIP (model is a solution file): 14_ChenPostExp_4_solution.pdb
2026-03-10 01:21:51 	 SKIP (model is a solution file): 14_ChenPostExp_5_solution.pdb
2026-03-10 01:21:51 	 SKIP (model is a solution file): 14_ChenPostExp_6_solution.pdb
2026-03-10 01:21:51 	 SKIP (model is a solution file): 14_ChenPostExp_7_solution.pdb
2026-03-10 01:21:51 	 SKIP (model is a solution file): 14_ChenPostExp_8_solution.pdb
2026-03-10 01:21:51 	 SKIP (model is a solution file): 14_ChenPostExp_9_solution.pdb
2026-03-10 01:21:51 	 SKIP (model is a solution file): 14_DasPostExp_1_solution.pdb
2026-03-10 01:21:51 	 SKIP (model is a solution file): 14_DasPostExp_10_solution.pdb
2026-03-10 01:21:51 	 SKIP (model is a solution file): 14_DasPostExp_2_solution.pdb
2026-03-10 01:21:51 	 SKIP (model is a solution file): 14_DasPostExp_3_solution.pdb
2026-03-10 01:21:51 	 SKIP (model is a solution file): 14_DasPostExp_4_solution.pdb
2026-03-10 01:21:51 	 SKIP (model is a solution file): 14_DasPostExp_5_solution.pdb
2026-03-10 01:21:51 	 SKIP (model is a solution file): 14_DasPostExp_6_solution.pdb
2026-03-10 01:21:51 	 SKIP (model is a solution file): 14_DasPostExp_7_solution.pdb
2026-03-10 01:21:51 	 SKIP (model is a solution file): 14_DasPostExp_8_solution.pdb
2026-03-10 01:21:51 	 SKIP (model is a solution file): 14_DasPostExp_9_solution.pdb
2026-03-10 01:21:51 	 SKIP (model is a solution file): 14_DasPreExp_1_solution.pdb
2026-03-10 01:21:51 	 SKIP (model is a solution file): 14_DasPreExp_10_solution.pdb
2026-03-10 01:21:51 	 SKIP (model is a solution file): 14_DasPreExp_2_solution.pdb
2026-03-10 01:21:51 	 SKIP (model is a solution file): 14_DasPreExp_3_solution.pdb
2026-03-10 01:21:51 	 SKIP (model is a solution file): 14_DasPreExp_4_solution.pdb
2026-03-10 01:21:51 	 SKIP (model is a solution file): 14_DasPreExp_5_solution.pdb
2026-03-10 01:21:51 	 SKIP (model is a solution file): 14_DasPreExp_6_solution.pdb
2026-03-10 01:21:51 	 SKIP (model is a solution file): 14_DasPreExp_7_solution.pdb
2026-03-10 01:21:51 	 SKIP (model is a solution file): 14_DasPreExp_8_solution.pdb
2026-03-10 01:21:51 	 SKIP (model is a solution file): 14_DasPreExp_9_solution.pdb
2026-03-10 01:21:51 	 SKIP (model is a solution file): 14_DingPostExp_1_solution.pdb
2026-03-10 01:21:51 	 SKIP (model is a solution file): 14_DingPostExp_10_solution.pdb
2026-03-10 01:21:51 	 SKIP (model is a solution file): 14_DingPostExp_2_solution.pdb
2026-03-10 01:21:51 	 SKIP (model is a solution file): 14_DingPostExp_3_solution.pdb
2026-03-10 01:21:51 	 SKIP (model is a solution file): 14_DingPostExp_4_solution.pdb
2026-03-10 01:21:51 	 SKIP (model is a solution file): 14_DingPostExp_5_solution.pdb
2026-03-10 01:21:51 	 SKIP (model is a solution file): 14_DingPostExp_6_solution.pdb
2026-03-10 01:21:51 	 SKIP (model is a solution file): 14_DingPostExp_7_solution.pdb
2026-03-10 01:21:51 	 SKIP (model is a solution file): 14_DingPostExp_8_solution.pdb
2026-03-10 01:21:51 	 SKIP (model is a solution file): 14_DingPostExp_9_solution.pdb
2026-03-10 01:21:51 	 SKIP (model is a solution file): 14_DingPreExp_1_solution.pdb
2026-03-10 01:21:51 	 SKIP (model is a solution file): 14_DingPreExp_2_solution.pdb
2026-03-10 01:21:51 	 SKIP (model is a solution file): 14_DingPreExp_3_solution.pdb
2026-03-10 01:21:51 	 SKIP (model is a solution file): 14_DingPreExp_4_solution.pdb
2026-03-10 01:21:51 	 DONE case: PZ14Free
