{
  "native_pdb": "/tmp/rna_inf_okr7nrzh/PZ15noend_3dRNAAS2_1_solution_normalized.pdb",
  "native_index": null,
  "model_pdb": "/tmp/rna_inf_gaw6__gu/PZ15noend_3dRNAAS2_1_refined_normalized.pdb",
  "model_index": null,
  "rmsd": 24.675642121695677,
  "inf_all": 0.6812012094229563,
  "inf_wc": 0.7756315349925287,
  "inf_nwc": 0.4472135954999579,
  "inf_stack": 0.6711560552140243
}
{
  "native_pdb": "/tmp/rna_inf_rqfu48tl/PZ15noend_3dRNAAS2_10_solution_normalized.pdb",
  "native_index": null,
  "model_pdb": "/tmp/rna_inf_4msyrwai/PZ15noend_3dRNAAS2_10_refined_normalized.pdb",
  "model_index": null,
  "rmsd": 24.643064148814027,
  "inf_all": 0.6755945197629536,
  "inf_wc": 0.7756315349925287,
  "inf_nwc": 0.4472135954999579,
  "inf_stack": 0.6622661785325219
}
{
  "native_pdb": "/tmp/rna_inf_ze8to73k/PZ15noend_3dRNAAS2_2_solution_normalized.pdb",
  "native_index": null,
  "model_pdb": "/tmp/rna_inf_t_k8650_/PZ15noend_3dRNAAS2_2_refined_normalized.pdb",
  "model_index": null,
  "rmsd": 24.56805784229338,
  "inf_all": 0.6846919424289764,
  "inf_wc": 0.7756315349925287,
  "inf_nwc": 0.4472135954999579,
  "inf_stack": 0.6755111321426338
}
{
  "native_pdb": "/tmp/rna_inf_yryoimuo/PZ15noend_3dRNAAS2_3_solution_normalized.pdb",
  "native_index": null,
  "model_pdb": "/tmp/rna_inf_zwpqqi3y/PZ15noend_3dRNAAS2_3_refined_normalized.pdb",
  "model_index": null,
  "rmsd": 24.603713644083324,
  "inf_all": 0.6812012094229563,
  "inf_wc": 0.7756315349925287,
  "inf_nwc": 0.4472135954999579,
  "inf_stack": 0.6711560552140243
}
{
  "native_pdb": "/tmp/rna_inf_3o3wjdd1/PZ15noend_3dRNAAS2_4_solution_normalized.pdb",
  "native_index": null,
  "model_pdb": "/tmp/rna_inf_5pfh_qfp/PZ15noend_3dRNAAS2_4_refined_normalized.pdb",
  "model_index": null,
  "rmsd": 24.574614326893816,
  "inf_all": 0.6755945197629536,
  "inf_wc": 0.7756315349925287,
  "inf_nwc": 0.4472135954999579,
  "inf_stack": 0.6622661785325219
}
{
  "native_pdb": "/tmp/rna_inf_yo0mrn7z/PZ15noend_3dRNAAS2_5_solution_normalized.pdb",
  "native_index": null,
  "model_pdb": "/tmp/rna_inf_330xt08w/PZ15noend_3dRNAAS2_5_refined_normalized.pdb",
  "model_index": null,
  "rmsd": 24.591692153935796,
  "inf_all": 0.6846919424289764,
  "inf_wc": 0.7756315349925287,
  "inf_nwc": 0.4472135954999579,
  "inf_stack": 0.6755111321426338
}
{
  "native_pdb": "/tmp/rna_inf_ukb0ksij/PZ15noend_3dRNAAS2_6_solution_normalized.pdb",
  "native_index": null,
  "model_pdb": "/tmp/rna_inf_8a0olj3y/PZ15noend_3dRNAAS2_6_refined_normalized.pdb",
  "model_index": null,
  "rmsd": 24.63134484994956,
  "inf_all": 0.6755945197629536,
  "inf_wc": 0.7756315349925287,
  "inf_nwc": 0.4472135954999579,
  "inf_stack": 0.6622661785325219
}
{
  "native_pdb": "/tmp/rna_inf_qz9wbwa6/PZ15noend_3dRNAAS2_7_solution_normalized.pdb",
  "native_index": null,
  "model_pdb": "/tmp/rna_inf_8rzs21k_/PZ15noend_3dRNAAS2_7_refined_normalized.pdb",
  "model_index": null,
  "rmsd": 24.591570593463683,
  "inf_all": 0.6902813571491049,
  "inf_wc": 0.7756315349925287,
  "inf_nwc": 0.4472135954999579,
  "inf_stack": 0.6843417178169393
}
{
  "native_pdb": "/tmp/rna_inf_fqpjuoq5/PZ15noend_3dRNAAS2_8_solution_normalized.pdb",
  "native_index": null,
  "model_pdb": "/tmp/rna_inf_5qy3c21l/PZ15noend_3dRNAAS2_8_refined_normalized.pdb",
  "model_index": null,
  "rmsd": 24.78192996277579,
  "inf_all": 0.6812012094229563,
  "inf_wc": 0.7756315349925287,
  "inf_nwc": 0.4472135954999579,
  "inf_stack": 0.6711560552140243
}
{
  "native_pdb": "/tmp/rna_inf_zxjjx3a9/PZ15noend_3dRNAAS2_9_solution_normalized.pdb",
  "native_index": null,
  "model_pdb": "/tmp/rna_inf__z1fhm6e/PZ15noend_3dRNAAS2_9_refined_normalized.pdb",
  "model_index": null,
  "rmsd": 24.600641031673774,
  "inf_all": 0.6755945197629536,
  "inf_wc": 0.7756315349925287,
  "inf_nwc": 0.4472135954999579,
  "inf_stack": 0.6622661785325219
}
{
  "native_pdb": "/tmp/rna_inf_edor17jj/PZ15noend_Adamiak_1_solution_normalized.pdb",
  "native_index": null,
  "model_pdb": "/tmp/rna_inf_z49gdze1/PZ15noend_Adamiak_1_refined_normalized.pdb",
  "model_index": null,
  "rmsd": 9.00549991878605,
  "inf_all": 0.6720161524756862,
  "inf_wc": 0.8091547798786778,
  "inf_nwc": 0.0,
  "inf_stack": 0.6768020406135381
}
{
  "native_pdb": "/tmp/rna_inf_ey1mi05h/PZ15noend_Adamiak_10_solution_normalized.pdb",
  "native_index": null,
  "model_pdb": "/tmp/rna_inf_x33bh_qz/PZ15noend_Adamiak_10_refined_normalized.pdb",
  "model_index": null,
  "rmsd": 6.579707620971064,
  "inf_all": 0.7511600935007873,
  "inf_wc": 0.8246211251235321,
  "inf_nwc": 0.0,
  "inf_stack": 0.7769269722967449
}
{
  "native_pdb": "/tmp/rna_inf_b4h1ac7l/PZ15noend_Adamiak_2_solution_normalized.pdb",
  "native_index": null,
  "model_pdb": "/tmp/rna_inf_dtvi1ck6/PZ15noend_Adamiak_2_refined_normalized.pdb",
  "model_index": null,
  "rmsd": 8.087927804032617,
  "inf_all": 0.8464321404702522,
  "inf_wc": 0.8416254115301732,
  "inf_nwc": 0.5163977794943222,
  "inf_stack": 0.8785430414108694
}
{
  "native_pdb": "/tmp/rna_inf_hg7mwjwy/PZ15noend_Adamiak_3_solution_normalized.pdb",
  "native_index": null,
  "model_pdb": "/tmp/rna_inf_9n6kcdim/PZ15noend_Adamiak_3_refined_normalized.pdb",
  "model_index": null,
  "rmsd": 8.348195141974088,
  "inf_all": 0.8104748277048033,
  "inf_wc": 0.8416254115301732,
  "inf_nwc": 0.4472135954999579,
  "inf_stack": 0.8359369757117194
}
{
  "native_pdb": "/tmp/rna_inf_fyvp1523/PZ15noend_Adamiak_4_solution_normalized.pdb",
  "native_index": null,
  "model_pdb": "/tmp/rna_inf_l9sv8zp1/PZ15noend_Adamiak_4_refined_normalized.pdb",
  "model_index": null,
  "rmsd": 8.672698093652086,
  "inf_all": 0.7403514710945603,
  "inf_wc": 0.8416254115301732,
  "inf_nwc": 0.0,
  "inf_stack": 0.750582763988561
}
{
  "native_pdb": "/tmp/rna_inf_o3xy71gw/PZ15noend_Adamiak_5_solution_normalized.pdb",
  "native_index": null,
  "model_pdb": "/tmp/rna_inf_z988435s/PZ15noend_Adamiak_5_refined_normalized.pdb",
  "model_index": null,
  "rmsd": 8.57633777865704,
  "inf_all": 0.7318878340825924,
  "inf_wc": 0.8246211251235321,
  "inf_nwc": -1.0,
  "inf_stack": 0.7385489458759964
}
{
  "native_pdb": "/tmp/rna_inf_uzfld2po/PZ15noend_Adamiak_6_solution_normalized.pdb",
  "native_index": null,
  "model_pdb": "/tmp/rna_inf_r5ilcy7r/PZ15noend_Adamiak_6_refined_normalized.pdb",
  "model_index": null,
  "rmsd": 8.862595416667382,
  "inf_all": 0.7734020832408642,
  "inf_wc": 0.8416254115301732,
  "inf_nwc": 0.0,
  "inf_stack": 0.8053160563513457
}
{
  "native_pdb": "/tmp/rna_inf_ifovholo/PZ15noend_Adamiak_7_solution_normalized.pdb",
  "native_index": null,
  "model_pdb": "/tmp/rna_inf_bc_8ktxv/PZ15noend_Adamiak_7_refined_normalized.pdb",
  "model_index": null,
  "rmsd": 8.449082598961702,
  "inf_all": 0.7570332986102252,
  "inf_wc": 0.8246211251235321,
  "inf_nwc": -1.0,
  "inf_stack": 0.7741387344280377
}
{
  "native_pdb": "/tmp/rna_inf_2adzh4a_/PZ15noend_Adamiak_8_solution_normalized.pdb",
  "native_index": null,
  "model_pdb": "/tmp/rna_inf_q3z_iquk/PZ15noend_Adamiak_8_refined_normalized.pdb",
  "model_index": null,
  "rmsd": 6.453682847627196,
  "inf_all": 0.7483368055104992,
  "inf_wc": 0.8246211251235321,
  "inf_nwc": 0.4472135954999579,
  "inf_stack": 0.7530800950958866
}
{
  "native_pdb": "/tmp/rna_inf_sqj5c19j/PZ15noend_Adamiak_9_solution_normalized.pdb",
  "native_index": null,
  "model_pdb": "/tmp/rna_inf_jofiy7uu/PZ15noend_Adamiak_9_refined_normalized.pdb",
  "model_index": null,
  "rmsd": 7.768583819300826,
  "inf_all": 0.737043474095502,
  "inf_wc": 0.8416254115301732,
  "inf_nwc": -1.0,
  "inf_stack": 0.7408831771886952
}
{
  "native_pdb": "/tmp/rna_inf_2j3p9e60/PZ15noend_Chen_1_solution_normalized.pdb",
  "native_index": null,
  "model_pdb": "/tmp/rna_inf_zx8yrl_i/PZ15noend_Chen_1_refined_normalized.pdb",
  "model_index": null,
  "rmsd": 9.447908663671258,
  "inf_all": 0.7333985272111644,
  "inf_wc": 0.7756315349925287,
  "inf_nwc": 0.31622776601683794,
  "inf_stack": 0.7505553499465135
}
{
  "native_pdb": "/tmp/rna_inf_4pg54rph/PZ15noend_Chen_10_solution_normalized.pdb",
  "native_index": null,
  "model_pdb": "/tmp/rna_inf_a3w9msoa/PZ15noend_Chen_10_refined_normalized.pdb",
  "model_index": null,
  "rmsd": 9.353669796336838,
  "inf_all": 0.7006898183390131,
  "inf_wc": 0.7239227659930269,
  "inf_nwc": 0.4472135954999579,
  "inf_stack": 0.7180336973794409
}
{
  "native_pdb": "/tmp/rna_inf_t7zjxsyy/PZ15noend_Chen_2_solution_normalized.pdb",
  "native_index": null,
  "model_pdb": "/tmp/rna_inf_zte_yhz9/PZ15noend_Chen_2_refined_normalized.pdb",
  "model_index": null,
  "rmsd": 15.700810915795518,
  "inf_all": 0.6969047394415508,
  "inf_wc": 0.8091547798786778,
  "inf_nwc": 0.2581988897471611,
  "inf_stack": 0.6916189900468546
}
{
  "native_pdb": "/tmp/rna_inf_v_gfkwyx/PZ15noend_Chen_3_solution_normalized.pdb",
  "native_index": null,
  "model_pdb": "/tmp/rna_inf_degc2i9k/PZ15noend_Chen_3_refined_normalized.pdb",
  "model_index": null,
  "rmsd": 8.748336905793224,
  "inf_all": 0.7843304784240032,
  "inf_wc": 0.8416254115301732,
  "inf_nwc": 0.6708203932499369,
  "inf_stack": 0.7776157913597391
}
{
  "native_pdb": "/tmp/rna_inf_xu_q5o8j/PZ15noend_Chen_4_solution_normalized.pdb",
  "native_index": null,
  "model_pdb": "/tmp/rna_inf_qekvvgos/PZ15noend_Chen_4_refined_normalized.pdb",
  "model_index": null,
  "rmsd": 10.082036182997065,
  "inf_all": 0.7518302589574766,
  "inf_wc": 0.8091547798786778,
  "inf_nwc": 0.6324555320336759,
  "inf_stack": 0.7463904912524668
}
{
  "native_pdb": "/tmp/rna_inf_zoymf6h_/PZ15noend_Chen_5_solution_normalized.pdb",
  "native_index": null,
  "model_pdb": "/tmp/rna_inf_20qa3bir/PZ15noend_Chen_5_refined_normalized.pdb",
  "model_index": null,
  "rmsd": 16.061561156657234,
  "inf_all": 0.7029594915666376,
  "inf_wc": 0.7756315349925287,
  "inf_nwc": 0.4472135954999579,
  "inf_stack": 0.6998542122237652
}
{
  "native_pdb": "/tmp/rna_inf_na9ps2hj/PZ15noend_Chen_6_solution_normalized.pdb",
  "native_index": null,
  "model_pdb": "/tmp/rna_inf_7ub3xrg2/PZ15noend_Chen_6_refined_normalized.pdb",
  "model_index": null,
  "rmsd": 8.514451572056904,
  "inf_all": 0.7094289771951879,
  "inf_wc": 0.8273403039920306,
  "inf_nwc": 0.31622776601683794,
  "inf_stack": 0.6975184488828855
}
{
  "native_pdb": "/tmp/rna_inf_lq22buvf/PZ15noend_Chen_7_solution_normalized.pdb",
  "native_index": null,
  "model_pdb": "/tmp/rna_inf_e0vuk1b4/PZ15noend_Chen_7_refined_normalized.pdb",
  "model_index": null,
  "rmsd": 11.132431105367736,
  "inf_all": 0.664784309968492,
  "inf_wc": 0.7585826061362605,
  "inf_nwc": -1.0,
  "inf_stack": 0.6670137985134996
}
{
  "native_pdb": "/tmp/rna_inf_6c7d3yt0/PZ15noend_Chen_8_solution_normalized.pdb",
  "native_index": null,
  "model_pdb": "/tmp/rna_inf_5so1wcvq/PZ15noend_Chen_8_refined_normalized.pdb",
  "model_index": null,
  "rmsd": 12.0984544451033,
  "inf_all": 0.6580901965284981,
  "inf_wc": 0.7592566023652966,
  "inf_nwc": 0.31622776601683794,
  "inf_stack": 0.6481812160876687
}
{
  "native_pdb": "/tmp/rna_inf_2w2brtvo/PZ15noend_Chen_9_solution_normalized.pdb",
  "native_index": null,
  "model_pdb": "/tmp/rna_inf_tn42mmwq/PZ15noend_Chen_9_refined_normalized.pdb",
  "model_index": null,
  "rmsd": 13.432023792624525,
  "inf_all": 0.6515837655350016,
  "inf_wc": 0.7789808377045201,
  "inf_nwc": 0.4472135954999579,
  "inf_stack": 0.6239806502223061
}
{
  "native_pdb": "/tmp/rna_inf_56v_tc7i/PZ15noend_RNAComposerAS1_1_solution_normalized.pdb",
  "native_index": null,
  "model_pdb": "/tmp/rna_inf_rjl4mxom/PZ15noend_RNAComposerAS1_1_refined_normalized.pdb",
  "model_index": null,
  "rmsd": 8.087927804032617,
  "inf_all": 0.8464321404702522,
  "inf_wc": 0.8416254115301732,
  "inf_nwc": 0.5163977794943222,
  "inf_stack": 0.8785430414108694
}
{
  "native_pdb": "/tmp/rna_inf_sxbzvq8e/PZ15noend_RNAComposerAS1_2_solution_normalized.pdb",
  "native_index": null,
  "model_pdb": "/tmp/rna_inf_9d3b1m50/PZ15noend_RNAComposerAS1_2_refined_normalized.pdb",
  "model_index": null,
  "rmsd": 8.348195141974088,
  "inf_all": 0.8104748277048033,
  "inf_wc": 0.8416254115301732,
  "inf_nwc": 0.4472135954999579,
  "inf_stack": 0.8359369757117194
}
{
  "native_pdb": "/tmp/rna_inf_bj1cah6u/PZ15noend_RNAComposerAS2_1_solution_normalized.pdb",
  "native_index": null,
  "model_pdb": "/tmp/rna_inf_1doqlnoa/PZ15noend_RNAComposerAS2_1_refined_normalized.pdb",
  "model_index": null,
  "rmsd": 8.672698093652086,
  "inf_all": 0.7403514710945603,
  "inf_wc": 0.8416254115301732,
  "inf_nwc": 0.0,
  "inf_stack": 0.750582763988561
}
{
  "native_pdb": "/tmp/rna_inf_ftqdgz5y/PZ15noend_RNAComposerAS2_2_solution_normalized.pdb",
  "native_index": null,
  "model_pdb": "/tmp/rna_inf_0x462oh8/PZ15noend_RNAComposerAS2_2_refined_normalized.pdb",
  "model_index": null,
  "rmsd": 8.57633777865704,
  "inf_all": 0.7318878340825924,
  "inf_wc": 0.8246211251235321,
  "inf_nwc": -1.0,
  "inf_stack": 0.7385489458759964
}
{
  "native_pdb": "/tmp/rna_inf_z_v4b4h6/PZ15noend_RW3DAS1_1_solution_normalized.pdb",
  "native_index": null,
  "model_pdb": "/tmp/rna_inf_q0xvbnxj/PZ15noend_RW3DAS1_1_refined_normalized.pdb",
  "model_index": null,
  "rmsd": 16.0623158198133,
  "inf_all": 0.7176769753613776,
  "inf_wc": 0.7921180343813394,
  "inf_nwc": 0.22360679774997896,
  "inf_stack": 0.7339758434175737
}
{
  "native_pdb": "/tmp/rna_inf_g9x_bivs/PZ15noend_RW3DAS1_10_solution_normalized.pdb",
  "native_index": null,
  "model_pdb": "/tmp/rna_inf_wymjfl6g/PZ15noend_RW3DAS1_10_refined_normalized.pdb",
  "model_index": null,
  "rmsd": 17.038505566860923,
  "inf_all": 0.6540611994542856,
  "inf_wc": 0.7610423906471906,
  "inf_nwc": 0.0,
  "inf_stack": 0.6669389422208677
}
{
  "native_pdb": "/tmp/rna_inf_qacdq8vl/PZ15noend_RW3DAS1_2_solution_normalized.pdb",
  "native_index": null,
  "model_pdb": "/tmp/rna_inf_uci02uk5/PZ15noend_RW3DAS1_2_refined_normalized.pdb",
  "model_index": null,
  "rmsd": 14.758410671874625,
  "inf_all": 0.7137378387084143,
  "inf_wc": 0.8091547798786778,
  "inf_nwc": 0.0,
  "inf_stack": 0.7339758434175737
}
{
  "native_pdb": "/tmp/rna_inf_2wlhn1km/PZ15noend_RW3DAS1_3_solution_normalized.pdb",
  "native_index": null,
  "model_pdb": "/tmp/rna_inf_edly8myv/PZ15noend_RW3DAS1_3_refined_normalized.pdb",
  "model_index": null,
  "rmsd": 14.220647523255595,
  "inf_all": 0.6882472016116853,
  "inf_wc": 0.7761140001162655,
  "inf_nwc": 0.1690308509457033,
  "inf_stack": 0.7192946070077586
}
{
  "native_pdb": "/tmp/rna_inf_f5gjsm1o/PZ15noend_RW3DAS1_4_solution_normalized.pdb",
  "native_index": null,
  "model_pdb": "/tmp/rna_inf_5cm3cc5r/PZ15noend_RW3DAS1_4_refined_normalized.pdb",
  "model_index": null,
  "rmsd": 13.495823350080878,
  "inf_all": 0.6421320305864958,
  "inf_wc": 0.7468160448149386,
  "inf_nwc": 0.0,
  "inf_stack": 0.6669389422208677
}
{
  "native_pdb": "/tmp/rna_inf_6q4b1kfa/PZ15noend_RW3DAS1_5_solution_normalized.pdb",
  "native_index": null,
  "model_pdb": "/tmp/rna_inf_0pyjqvyp/PZ15noend_RW3DAS1_5_refined_normalized.pdb",
  "model_index": null,
  "rmsd": 11.25079966361628,
  "inf_all": 0.7053601170585435,
  "inf_wc": 0.7921180343813394,
  "inf_nwc": 0.2581988897471611,
  "inf_stack": 0.710311395183256
}
{
  "native_pdb": "/tmp/rna_inf_o60mwrn7/PZ15noend_RW3DAS1_6_solution_normalized.pdb",
  "native_index": null,
  "model_pdb": "/tmp/rna_inf_321zn3hn/PZ15noend_RW3DAS1_6_refined_normalized.pdb",
  "model_index": null,
  "rmsd": 14.415500056293808,
  "inf_all": 0.6666809066604027,
  "inf_wc": 0.7921180343813394,
  "inf_nwc": 0.0,
  "inf_stack": 0.6669389422208677
}
{
  "native_pdb": "/tmp/rna_inf_gb9kmn73/PZ15noend_RW3DAS1_7_solution_normalized.pdb",
  "native_index": null,
  "model_pdb": "/tmp/rna_inf_er_gr36n/PZ15noend_RW3DAS1_7_refined_normalized.pdb",
  "model_index": null,
  "rmsd": 13.86096671494092,
  "inf_all": 0.6668859288553503,
  "inf_wc": 0.7921180343813394,
  "inf_nwc": 0.0,
  "inf_stack": 0.6729265849104531
}
{
  "native_pdb": "/tmp/rna_inf_8j7s_icr/PZ15noend_RW3DAS1_8_solution_normalized.pdb",
  "native_index": null,
  "model_pdb": "/tmp/rna_inf_3fnpwkx9/PZ15noend_RW3DAS1_8_refined_normalized.pdb",
  "model_index": null,
  "rmsd": 19.05998826912769,
  "inf_all": 0.6508140266182866,
  "inf_wc": 0.7610423906471906,
  "inf_nwc": 0.22360679774997896,
  "inf_stack": 0.6481481481481481
}
{
  "native_pdb": "/tmp/rna_inf_gvk0a33p/PZ15noend_RW3DAS1_9_solution_normalized.pdb",
  "native_index": null,
  "model_pdb": "/tmp/rna_inf__lg14g_a/PZ15noend_RW3DAS1_9_refined_normalized.pdb",
  "model_index": null,
  "rmsd": 13.539505730662754,
  "inf_all": 0.6882472016116853,
  "inf_wc": 0.7761140001162655,
  "inf_nwc": 0.0,
  "inf_stack": 0.710311395183256
}
{
  "native_pdb": "/tmp/rna_inf_p6w9mq1k/PZ15noend_RW3DAS2_1_solution_normalized.pdb",
  "native_index": null,
  "model_pdb": "/tmp/rna_inf_6ydu2pfu/PZ15noend_RW3DAS2_1_refined_normalized.pdb",
  "model_index": null,
  "rmsd": 12.080324020363825,
  "inf_all": 0.7137378387084143,
  "inf_wc": 0.7610423906471906,
  "inf_nwc": 0.2581988897471611,
  "inf_stack": 0.7359800721939872
}
{
  "native_pdb": "/tmp/rna_inf_ljgb6ax4/PZ15noend_RW3DAS2_10_solution_normalized.pdb",
  "native_index": null,
  "model_pdb": "/tmp/rna_inf_hixwyo7w/PZ15noend_RW3DAS2_10_refined_normalized.pdb",
  "model_index": null,
  "rmsd": 14.403454347941246,
  "inf_all": 0.7465089026901592,
  "inf_wc": 0.7921180343813394,
  "inf_nwc": 0.2,
  "inf_stack": 0.7819474400123061
}
{
  "native_pdb": "/tmp/rna_inf_fkn3fyli/PZ15noend_RW3DAS2_2_solution_normalized.pdb",
  "native_index": null,
  "model_pdb": "/tmp/rna_inf_jnwcn2b4/PZ15noend_RW3DAS2_2_refined_normalized.pdb",
  "model_index": null,
  "rmsd": 16.38893611278264,
  "inf_all": 0.6758453353343745,
  "inf_wc": 0.7761140001162655,
  "inf_nwc": 0.22360679774997896,
  "inf_stack": 0.6789276551612557
}
{
  "native_pdb": "/tmp/rna_inf_xudbn391/PZ15noend_RW3DAS2_3_solution_normalized.pdb",
  "native_index": null,
  "model_pdb": "/tmp/rna_inf_myme1sd3/PZ15noend_RW3DAS2_3_refined_normalized.pdb",
  "model_index": null,
  "rmsd": 16.263863999647437,
  "inf_all": 0.6517926325248484,
  "inf_wc": 0.720603758577672,
  "inf_nwc": 0.0,
  "inf_stack": 0.6789276551612557
}
{
  "native_pdb": "/tmp/rna_inf_8rf0r8mr/PZ15noend_RW3DAS2_4_solution_normalized.pdb",
  "native_index": null,
  "model_pdb": "/tmp/rna_inf_li2gy6ff/PZ15noend_RW3DAS2_4_refined_normalized.pdb",
  "model_index": null,
  "rmsd": 10.161524583917725,
  "inf_all": 0.6668859288553503,
  "inf_wc": 0.7610423906471906,
  "inf_nwc": 0.0,
  "inf_stack": 0.6859943405700354
}
{
  "native_pdb": "/tmp/rna_inf_56fqm72z/PZ15noend_RW3DAS2_5_solution_normalized.pdb",
  "native_index": null,
  "model_pdb": "/tmp/rna_inf__2lv2mpq/PZ15noend_RW3DAS2_5_refined_normalized.pdb",
  "model_index": null,
  "rmsd": 10.892993195789419,
  "inf_all": 0.6627565645149562,
  "inf_wc": 0.7761140001162655,
  "inf_nwc": 0.22360679774997896,
  "inf_stack": 0.6604949365843475
}
{
  "native_pdb": "/tmp/rna_inf_hhkbcsec/PZ15noend_RW3DAS2_6_solution_normalized.pdb",
  "native_index": null,
  "model_pdb": "/tmp/rna_inf_uxjxd7iz/PZ15noend_RW3DAS2_6_refined_normalized.pdb",
  "model_index": null,
  "rmsd": 17.9446193656062,
  "inf_all": 0.6713703343180354,
  "inf_wc": 0.7610423906471906,
  "inf_nwc": 0.2581988897471611,
  "inf_stack": 0.6729265849104531
}
{
  "native_pdb": "/tmp/rna_inf_ddvql9iv/PZ15noend_RW3DAS2_7_solution_normalized.pdb",
  "native_index": null,
  "model_pdb": "/tmp/rna_inf_frr73z2y/PZ15noend_RW3DAS2_7_refined_normalized.pdb",
  "model_index": null,
  "rmsd": 13.680269365796732,
  "inf_all": 0.649405416832664,
  "inf_wc": 0.7468160448149386,
  "inf_nwc": 0.0,
  "inf_stack": 0.6609734226557782
}
{
  "native_pdb": "/tmp/rna_inf_r7fdh_u7/PZ15noend_RW3DAS2_8_solution_normalized.pdb",
  "native_index": null,
  "model_pdb": "/tmp/rna_inf_jg09qwf5/PZ15noend_RW3DAS2_8_refined_normalized.pdb",
  "model_index": null,
  "rmsd": 13.34892574357575,
  "inf_all": 0.6627565645149562,
  "inf_wc": 0.7610423906471906,
  "inf_nwc": 0.2581988897471611,
  "inf_stack": 0.6604949365843475
}
{
  "native_pdb": "/tmp/rna_inf_k4j04b7o/PZ15noend_RW3DAS2_9_solution_normalized.pdb",
  "native_index": null,
  "model_pdb": "/tmp/rna_inf_qf2o_a1q/PZ15noend_RW3DAS2_9_refined_normalized.pdb",
  "model_index": null,
  "rmsd": 14.638832671030874,
  "inf_all": 0.7050861512322306,
  "inf_wc": 0.7761140001162655,
  "inf_nwc": 0.4472135954999579,
  "inf_stack": 0.7037037037037037
}
{
  "native_pdb": "/tmp/rna_inf_u9uakcp9/PZ15noend_SimRNAAS1_1_solution_normalized.pdb",
  "native_index": null,
  "model_pdb": "/tmp/rna_inf_n1itxdos/PZ15noend_SimRNAAS1_1_refined_normalized.pdb",
  "model_index": null,
  "rmsd": 7.121103750026668,
  "inf_all": 0.6840376991164889,
  "inf_wc": 0.7276068751089989,
  "inf_nwc": 0.22360679774997896,
  "inf_stack": 0.710311395183256
}
{
  "native_pdb": "/tmp/rna_inf_xylzjkmw/PZ15noend_SimRNAAS1_10_solution_normalized.pdb",
  "native_index": null,
  "model_pdb": "/tmp/rna_inf_yklpzp_9/PZ15noend_SimRNAAS1_10_refined_normalized.pdb",
  "model_index": null,
  "rmsd": 19.401234006444,
  "inf_all": 0.6536087320200027,
  "inf_wc": 0.6183469424008423,
  "inf_nwc": 0.2581988897471611,
  "inf_stack": 0.7071067811865476
}
{
  "native_pdb": "/tmp/rna_inf_sgrlgpg9/PZ15noend_SimRNAAS1_2_solution_normalized.pdb",
  "native_index": null,
  "model_pdb": "/tmp/rna_inf_es1bmos8/PZ15noend_SimRNAAS1_2_refined_normalized.pdb",
  "model_index": null,
  "rmsd": 20.67416273158274,
  "inf_all": 0.616959559245467,
  "inf_wc": 0.556293911166591,
  "inf_nwc": 0.2581988897471611,
  "inf_stack": 0.6770032003863301
}
{
  "native_pdb": "/tmp/rna_inf_joao2j88/PZ15noend_SimRNAAS1_3_solution_normalized.pdb",
  "native_index": null,
  "model_pdb": "/tmp/rna_inf_lpehcrx6/PZ15noend_SimRNAAS1_3_refined_normalized.pdb",
  "model_index": null,
  "rmsd": 17.019608106417092,
  "inf_all": 0.3624895891402119,
  "inf_wc": 0.09901475429766743,
  "inf_nwc": 0.0,
  "inf_stack": 0.5249506569572601
}
{
  "native_pdb": "/tmp/rna_inf_2sexi6r8/PZ15noend_SimRNAAS1_4_solution_normalized.pdb",
  "native_index": null,
  "model_pdb": "/tmp/rna_inf_trniej3q/PZ15noend_SimRNAAS1_4_refined_normalized.pdb",
  "model_index": null,
  "rmsd": 24.15354511090043,
  "inf_all": 0.5235960732025283,
  "inf_wc": 0.2528608687120868,
  "inf_nwc": 0.2581988897471611,
  "inf_stack": 0.6550404675929551
}
{
  "native_pdb": "/tmp/rna_inf_u8j337hd/PZ15noend_SimRNAAS1_5_solution_normalized.pdb",
  "native_index": null,
  "model_pdb": "/tmp/rna_inf_dwcfaajb/PZ15noend_SimRNAAS1_5_refined_normalized.pdb",
  "model_index": null,
  "rmsd": 20.89139970934579,
  "inf_all": 0.6065652361806091,
  "inf_wc": 0.5445811486371709,
  "inf_nwc": 0.31622776601683794,
  "inf_stack": 0.6542341797740516
}
{
  "native_pdb": "/tmp/rna_inf_g4ft1g2r/PZ15noend_SimRNAAS1_6_solution_normalized.pdb",
  "native_index": null,
  "model_pdb": "/tmp/rna_inf_40bf5hce/PZ15noend_SimRNAAS1_6_refined_normalized.pdb",
  "model_index": null,
  "rmsd": 22.155210414528497,
  "inf_all": 0.4473684210526316,
  "inf_wc": 0.09901475429766743,
  "inf_nwc": 0.0,
  "inf_stack": 0.6158402871356008
}
{
  "native_pdb": "/tmp/rna_inf_qmn111tw/PZ15noend_SimRNAAS1_7_solution_normalized.pdb",
  "native_index": null,
  "model_pdb": "/tmp/rna_inf_75ry9cxp/PZ15noend_SimRNAAS1_7_refined_normalized.pdb",
  "model_index": null,
  "rmsd": 18.25678326065817,
  "inf_all": 0.6443799841008211,
  "inf_wc": 0.6574382586514257,
  "inf_nwc": 0.22360679774997896,
  "inf_stack": 0.6848300870011594
}
{
  "native_pdb": "/tmp/rna_inf_obeizvtq/PZ15noend_SimRNAAS1_8_solution_normalized.pdb",
  "native_index": null,
  "model_pdb": "/tmp/rna_inf_i3u5055s/PZ15noend_SimRNAAS1_8_refined_normalized.pdb",
  "model_index": null,
  "rmsd": 19.921566672590235,
  "inf_all": 0.6622661785325219,
  "inf_wc": 0.7080104323938431,
  "inf_nwc": 0.2581988897471611,
  "inf_stack": 0.6804138174397717
}
{
  "native_pdb": "/tmp/rna_inf__48ho6pt/PZ15noend_SimRNAAS1_9_solution_normalized.pdb",
  "native_index": null,
  "model_pdb": "/tmp/rna_inf_k31hhbs0/PZ15noend_SimRNAAS1_9_refined_normalized.pdb",
  "model_index": null,
  "rmsd": 19.077970670688693,
  "inf_all": 0.6992208338115292,
  "inf_wc": 0.7426106572325057,
  "inf_nwc": 0.31622776601683794,
  "inf_stack": 0.7180336973794409
}
{
  "native_pdb": "/tmp/rna_inf_w5bms78t/PZ15noend_SimRNAAS2_1_solution_normalized.pdb",
  "native_index": null,
  "model_pdb": "/tmp/rna_inf_v9hpzsu6/PZ15noend_SimRNAAS2_1_refined_normalized.pdb",
  "model_index": null,
  "rmsd": 14.989976088360606,
  "inf_all": 0.7098103827645426,
  "inf_wc": 0.7921180343813394,
  "inf_nwc": 0.2,
  "inf_stack": 0.731310340973526
}
{
  "native_pdb": "/tmp/rna_inf_9vurflbf/PZ15noend_SimRNAAS2_10_solution_normalized.pdb",
  "native_index": null,
  "model_pdb": "/tmp/rna_inf_lwlp5ul6/PZ15noend_SimRNAAS2_10_refined_normalized.pdb",
  "model_index": null,
  "rmsd": 19.431219758147833,
  "inf_all": 0.6882472016116853,
  "inf_wc": 0.7921180343813394,
  "inf_nwc": 0.22360679774997896,
  "inf_stack": 0.6916189900468546
}
{
  "native_pdb": "/tmp/rna_inf_jxfy_7e6/PZ15noend_SimRNAAS2_2_solution_normalized.pdb",
  "native_index": null,
  "model_pdb": "/tmp/rna_inf_on3m8f2k/PZ15noend_SimRNAAS2_2_refined_normalized.pdb",
  "model_index": null,
  "rmsd": 18.702178169291276,
  "inf_all": 0.7181848464596078,
  "inf_wc": 0.7761140001162655,
  "inf_nwc": 0.31622776601683794,
  "inf_stack": 0.7290038003196575
}
{
  "native_pdb": "/tmp/rna_inf_wwcyowd_/PZ15noend_SimRNAAS2_3_solution_normalized.pdb",
  "native_index": null,
  "model_pdb": "/tmp/rna_inf_sm8fgxr1/PZ15noend_SimRNAAS2_3_refined_normalized.pdb",
  "model_index": null,
  "rmsd": 19.784189719434163,
  "inf_all": 0.6924953271030837,
  "inf_wc": 0.7426106572325057,
  "inf_nwc": 0.2581988897471611,
  "inf_stack": 0.7092081432669752
}
{
  "native_pdb": "/tmp/rna_inf_tvfv_vq_/PZ15noend_SimRNAAS2_4_solution_normalized.pdb",
  "native_index": null,
  "model_pdb": "/tmp/rna_inf_y67zbyeh/PZ15noend_SimRNAAS2_4_refined_normalized.pdb",
  "model_index": null,
  "rmsd": 11.36099466621599,
  "inf_all": 0.6847025572648447,
  "inf_wc": 0.8091547798786778,
  "inf_nwc": 0.2581988897471611,
  "inf_stack": 0.6748901787321355
}
{
  "native_pdb": "/tmp/rna_inf__r2wsh35/PZ15noend_SimRNAAS2_5_solution_normalized.pdb",
  "native_index": null,
  "model_pdb": "/tmp/rna_inf_z_nldxmk/PZ15noend_SimRNAAS2_5_refined_normalized.pdb",
  "model_index": null,
  "rmsd": 19.991585216406232,
  "inf_all": 0.7058974305816028,
  "inf_wc": 0.7921180343813394,
  "inf_nwc": 0.22360679774997896,
  "inf_stack": 0.7192946070077586
}
{
  "native_pdb": "/tmp/rna_inf_eu8qhi7b/PZ15noend_SimRNAAS2_6_solution_normalized.pdb",
  "native_index": null,
  "model_pdb": "/tmp/rna_inf_x2rijrl1/PZ15noend_SimRNAAS2_6_refined_normalized.pdb",
  "model_index": null,
  "rmsd": 20.410616965625334,
  "inf_all": 0.6887568256738228,
  "inf_wc": 0.7921180343813394,
  "inf_nwc": 0.22360679774997896,
  "inf_stack": 0.694739889871316
}
{
  "native_pdb": "/tmp/rna_inf_m7tgx7tl/PZ15noend_SimRNAAS2_7_solution_normalized.pdb",
  "native_index": null,
  "model_pdb": "/tmp/rna_inf_s1mgz9uw/PZ15noend_SimRNAAS2_7_refined_normalized.pdb",
  "model_index": null,
  "rmsd": 9.339518458114282,
  "inf_all": 0.6447368421052632,
  "inf_wc": 0.7921180343813394,
  "inf_nwc": 0.31622776601683794,
  "inf_stack": 0.6158402871356008
}
{
  "native_pdb": "/tmp/rna_inf_50rqhgdv/PZ15noend_SimRNAAS2_8_solution_normalized.pdb",
  "native_index": null,
  "model_pdb": "/tmp/rna_inf_2dbrkw74/PZ15noend_SimRNAAS2_8_refined_normalized.pdb",
  "model_index": null,
  "rmsd": 21.992674009340348,
  "inf_all": 0.7058974305816028,
  "inf_wc": 0.7585826061362605,
  "inf_nwc": 0.22360679774997896,
  "inf_stack": 0.731310340973526
}
{
  "native_pdb": "/tmp/rna_inf_0bpb8g8c/PZ15noend_SimRNAAS2_9_solution_normalized.pdb",
  "native_index": null,
  "model_pdb": "/tmp/rna_inf_449p3ikd/PZ15noend_SimRNAAS2_9_refined_normalized.pdb",
  "model_index": null,
  "rmsd": 13.842400763777931,
  "inf_all": 0.6882472016116853,
  "inf_wc": 0.7921180343813394,
  "inf_nwc": 0.2,
  "inf_stack": 0.6982375043891674
}
