2026-03-10 00:28:10 	 START case: PZ15
2026-03-10 00:28:10 	 caseDir: D:\Studia\Projekty\gsp-lab\data\finished\PZ15
2026-03-10 00:28:10 	 pdbDir: D:\Studia\Projekty\gsp-lab\data\finished\PZ15\pdb
2026-03-10 00:28:10 	 Found pdb count: 75
2026-03-10 00:28:11 	 Global solution: 15_solution_0.pdb
2026-03-10 00:28:11 	 RUN fallback_pair: model=15_3dRNAAS2_1.pdb against global=15_solution_0.pdb -> id=3dRNAAS2_1
2026-03-10 00:28:11 	 Docker cmd: docker run --rm -v D:\Studia\Projekty\gsp-lab:/work -v D:\Studia\Projekty\RNA_assessment:/rna_assessment -e RNA_ASSESSMENT_ROOT=/rna_assessment -e PYTHONPATH=/rna_assessment mcannotate-runtime python3 /work/src/utils/INF.py /work/data/finished/PZ15/pdb/15_solution_0.pdb /work/data/finished/PZ15/pdb/15_3dRNAAS2_1.pdb
2026-03-10 00:28:13 	 Docker exit code: 0
2026-03-10 00:28:13 	 Docker output length: 431
2026-03-10 00:28:13 	 Saved CSV: PZ15,3dRNAAS2_1,3dRNAAS2,1,fallback_pair,0.6812012094229563,0.7756315349925287,0.4472135954999579,15_solution_0.pdb,15_3dRNAAS2_1.pdb
2026-03-10 00:28:13 	 RUN fallback_pair: model=15_3dRNAAS2_10.pdb against global=15_solution_0.pdb -> id=3dRNAAS2_10
2026-03-10 00:28:13 	 Docker cmd: docker run --rm -v D:\Studia\Projekty\gsp-lab:/work -v D:\Studia\Projekty\RNA_assessment:/rna_assessment -e RNA_ASSESSMENT_ROOT=/rna_assessment -e PYTHONPATH=/rna_assessment mcannotate-runtime python3 /work/src/utils/INF.py /work/data/finished/PZ15/pdb/15_solution_0.pdb /work/data/finished/PZ15/pdb/15_3dRNAAS2_10.pdb
2026-03-10 00:28:15 	 Docker exit code: 0
2026-03-10 00:28:15 	 Docker output length: 430
2026-03-10 00:28:15 	 Saved CSV: PZ15,3dRNAAS2_10,3dRNAAS2,10,fallback_pair,0.6755945197629536,0.7756315349925287,0.4472135954999579,15_solution_0.pdb,15_3dRNAAS2_10.pdb
2026-03-10 00:28:15 	 RUN fallback_pair: model=15_3dRNAAS2_2.pdb against global=15_solution_0.pdb -> id=3dRNAAS2_2
2026-03-10 00:28:15 	 Docker cmd: docker run --rm -v D:\Studia\Projekty\gsp-lab:/work -v D:\Studia\Projekty\RNA_assessment:/rna_assessment -e RNA_ASSESSMENT_ROOT=/rna_assessment -e PYTHONPATH=/rna_assessment mcannotate-runtime python3 /work/src/utils/INF.py /work/data/finished/PZ15/pdb/15_solution_0.pdb /work/data/finished/PZ15/pdb/15_3dRNAAS2_2.pdb
2026-03-10 00:28:18 	 Docker exit code: 0
2026-03-10 00:28:18 	 Docker output length: 431
2026-03-10 00:28:18 	 Saved CSV: PZ15,3dRNAAS2_2,3dRNAAS2,2,fallback_pair,0.6846919424289764,0.7756315349925287,0.4472135954999579,15_solution_0.pdb,15_3dRNAAS2_2.pdb
2026-03-10 00:28:18 	 RUN fallback_pair: model=15_3dRNAAS2_3.pdb against global=15_solution_0.pdb -> id=3dRNAAS2_3
2026-03-10 00:28:18 	 Docker cmd: docker run --rm -v D:\Studia\Projekty\gsp-lab:/work -v D:\Studia\Projekty\RNA_assessment:/rna_assessment -e RNA_ASSESSMENT_ROOT=/rna_assessment -e PYTHONPATH=/rna_assessment mcannotate-runtime python3 /work/src/utils/INF.py /work/data/finished/PZ15/pdb/15_solution_0.pdb /work/data/finished/PZ15/pdb/15_3dRNAAS2_3.pdb
2026-03-10 00:28:20 	 Docker exit code: 0
2026-03-10 00:28:20 	 Docker output length: 431
2026-03-10 00:28:21 	 Saved CSV: PZ15,3dRNAAS2_3,3dRNAAS2,3,fallback_pair,0.6812012094229563,0.7756315349925287,0.4472135954999579,15_solution_0.pdb,15_3dRNAAS2_3.pdb
2026-03-10 00:28:21 	 RUN fallback_pair: model=15_3dRNAAS2_4.pdb against global=15_solution_0.pdb -> id=3dRNAAS2_4
2026-03-10 00:28:21 	 Docker cmd: docker run --rm -v D:\Studia\Projekty\gsp-lab:/work -v D:\Studia\Projekty\RNA_assessment:/rna_assessment -e RNA_ASSESSMENT_ROOT=/rna_assessment -e PYTHONPATH=/rna_assessment mcannotate-runtime python3 /work/src/utils/INF.py /work/data/finished/PZ15/pdb/15_solution_0.pdb /work/data/finished/PZ15/pdb/15_3dRNAAS2_4.pdb
2026-03-10 00:28:23 	 Docker exit code: 0
2026-03-10 00:28:23 	 Docker output length: 431
2026-03-10 00:28:23 	 Saved CSV: PZ15,3dRNAAS2_4,3dRNAAS2,4,fallback_pair,0.6755945197629536,0.7756315349925287,0.4472135954999579,15_solution_0.pdb,15_3dRNAAS2_4.pdb
2026-03-10 00:28:23 	 RUN fallback_pair: model=15_3dRNAAS2_5.pdb against global=15_solution_0.pdb -> id=3dRNAAS2_5
2026-03-10 00:28:23 	 Docker cmd: docker run --rm -v D:\Studia\Projekty\gsp-lab:/work -v D:\Studia\Projekty\RNA_assessment:/rna_assessment -e RNA_ASSESSMENT_ROOT=/rna_assessment -e PYTHONPATH=/rna_assessment mcannotate-runtime python3 /work/src/utils/INF.py /work/data/finished/PZ15/pdb/15_solution_0.pdb /work/data/finished/PZ15/pdb/15_3dRNAAS2_5.pdb
2026-03-10 00:28:26 	 Docker exit code: 0
2026-03-10 00:28:26 	 Docker output length: 430
2026-03-10 00:28:26 	 Saved CSV: PZ15,3dRNAAS2_5,3dRNAAS2,5,fallback_pair,0.6846919424289764,0.7756315349925287,0.4472135954999579,15_solution_0.pdb,15_3dRNAAS2_5.pdb
2026-03-10 00:28:26 	 RUN fallback_pair: model=15_3dRNAAS2_6.pdb against global=15_solution_0.pdb -> id=3dRNAAS2_6
2026-03-10 00:28:26 	 Docker cmd: docker run --rm -v D:\Studia\Projekty\gsp-lab:/work -v D:\Studia\Projekty\RNA_assessment:/rna_assessment -e RNA_ASSESSMENT_ROOT=/rna_assessment -e PYTHONPATH=/rna_assessment mcannotate-runtime python3 /work/src/utils/INF.py /work/data/finished/PZ15/pdb/15_solution_0.pdb /work/data/finished/PZ15/pdb/15_3dRNAAS2_6.pdb
2026-03-10 00:28:28 	 Docker exit code: 0
2026-03-10 00:28:28 	 Docker output length: 431
2026-03-10 00:28:28 	 Saved CSV: PZ15,3dRNAAS2_6,3dRNAAS2,6,fallback_pair,0.6755945197629536,0.7756315349925287,0.4472135954999579,15_solution_0.pdb,15_3dRNAAS2_6.pdb
2026-03-10 00:28:28 	 RUN fallback_pair: model=15_3dRNAAS2_7.pdb against global=15_solution_0.pdb -> id=3dRNAAS2_7
2026-03-10 00:28:28 	 Docker cmd: docker run --rm -v D:\Studia\Projekty\gsp-lab:/work -v D:\Studia\Projekty\RNA_assessment:/rna_assessment -e RNA_ASSESSMENT_ROOT=/rna_assessment -e PYTHONPATH=/rna_assessment mcannotate-runtime python3 /work/src/utils/INF.py /work/data/finished/PZ15/pdb/15_solution_0.pdb /work/data/finished/PZ15/pdb/15_3dRNAAS2_7.pdb
2026-03-10 00:28:31 	 Docker exit code: 0
2026-03-10 00:28:31 	 Docker output length: 430
2026-03-10 00:28:31 	 Saved CSV: PZ15,3dRNAAS2_7,3dRNAAS2,7,fallback_pair,0.6902813571491049,0.7756315349925287,0.4472135954999579,15_solution_0.pdb,15_3dRNAAS2_7.pdb
2026-03-10 00:28:31 	 RUN fallback_pair: model=15_3dRNAAS2_8.pdb against global=15_solution_0.pdb -> id=3dRNAAS2_8
2026-03-10 00:28:31 	 Docker cmd: docker run --rm -v D:\Studia\Projekty\gsp-lab:/work -v D:\Studia\Projekty\RNA_assessment:/rna_assessment -e RNA_ASSESSMENT_ROOT=/rna_assessment -e PYTHONPATH=/rna_assessment mcannotate-runtime python3 /work/src/utils/INF.py /work/data/finished/PZ15/pdb/15_solution_0.pdb /work/data/finished/PZ15/pdb/15_3dRNAAS2_8.pdb
2026-03-10 00:28:34 	 Docker exit code: 0
2026-03-10 00:28:34 	 Docker output length: 431
2026-03-10 00:28:34 	 Saved CSV: PZ15,3dRNAAS2_8,3dRNAAS2,8,fallback_pair,0.6812012094229563,0.7756315349925287,0.4472135954999579,15_solution_0.pdb,15_3dRNAAS2_8.pdb
2026-03-10 00:28:34 	 RUN fallback_pair: model=15_3dRNAAS2_9.pdb against global=15_solution_0.pdb -> id=3dRNAAS2_9
2026-03-10 00:28:34 	 Docker cmd: docker run --rm -v D:\Studia\Projekty\gsp-lab:/work -v D:\Studia\Projekty\RNA_assessment:/rna_assessment -e RNA_ASSESSMENT_ROOT=/rna_assessment -e PYTHONPATH=/rna_assessment mcannotate-runtime python3 /work/src/utils/INF.py /work/data/finished/PZ15/pdb/15_solution_0.pdb /work/data/finished/PZ15/pdb/15_3dRNAAS2_9.pdb
2026-03-10 00:28:37 	 Docker exit code: 0
2026-03-10 00:28:37 	 Docker output length: 430
2026-03-10 00:28:37 	 Saved CSV: PZ15,3dRNAAS2_9,3dRNAAS2,9,fallback_pair,0.6755945197629536,0.7756315349925287,0.4472135954999579,15_solution_0.pdb,15_3dRNAAS2_9.pdb
2026-03-10 00:28:37 	 RUN fallback_pair: model=15_Adamiak_1.pdb against global=15_solution_0.pdb -> id=Adamiak_1
2026-03-10 00:28:37 	 Docker cmd: docker run --rm -v D:\Studia\Projekty\gsp-lab:/work -v D:\Studia\Projekty\RNA_assessment:/rna_assessment -e RNA_ASSESSMENT_ROOT=/rna_assessment -e PYTHONPATH=/rna_assessment mcannotate-runtime python3 /work/src/utils/INF.py /work/data/finished/PZ15/pdb/15_solution_0.pdb /work/data/finished/PZ15/pdb/15_Adamiak_1.pdb
2026-03-10 00:28:40 	 Docker exit code: 0
2026-03-10 00:28:40 	 Docker output length: 414
2026-03-10 00:28:40 	 Saved CSV: PZ15,Adamiak_1,Adamiak,1,fallback_pair,0.6720161524756862,0.8091547798786778,0,15_solution_0.pdb,15_Adamiak_1.pdb
2026-03-10 00:28:40 	 RUN fallback_pair: model=15_Adamiak_10.pdb against global=15_solution_0.pdb -> id=Adamiak_10
2026-03-10 00:28:40 	 Docker cmd: docker run --rm -v D:\Studia\Projekty\gsp-lab:/work -v D:\Studia\Projekty\RNA_assessment:/rna_assessment -e RNA_ASSESSMENT_ROOT=/rna_assessment -e PYTHONPATH=/rna_assessment mcannotate-runtime python3 /work/src/utils/INF.py /work/data/finished/PZ15/pdb/15_solution_0.pdb /work/data/finished/PZ15/pdb/15_Adamiak_10.pdb
2026-03-10 00:28:43 	 Docker exit code: 0
2026-03-10 00:28:43 	 Docker output length: 415
2026-03-10 00:28:43 	 Saved CSV: PZ15,Adamiak_10,Adamiak,10,fallback_pair,0.7511600935007873,0.8246211251235321,0,15_solution_0.pdb,15_Adamiak_10.pdb
2026-03-10 00:28:43 	 RUN fallback_pair: model=15_Adamiak_2.pdb against global=15_solution_0.pdb -> id=Adamiak_2
2026-03-10 00:28:43 	 Docker cmd: docker run --rm -v D:\Studia\Projekty\gsp-lab:/work -v D:\Studia\Projekty\RNA_assessment:/rna_assessment -e RNA_ASSESSMENT_ROOT=/rna_assessment -e PYTHONPATH=/rna_assessment mcannotate-runtime python3 /work/src/utils/INF.py /work/data/finished/PZ15/pdb/15_solution_0.pdb /work/data/finished/PZ15/pdb/15_Adamiak_2.pdb
2026-03-10 00:28:45 	 Docker exit code: 0
2026-03-10 00:28:45 	 Docker output length: 428
2026-03-10 00:28:45 	 Saved CSV: PZ15,Adamiak_2,Adamiak,2,fallback_pair,0.8464321404702522,0.8416254115301732,0.5163977794943222,15_solution_0.pdb,15_Adamiak_2.pdb
2026-03-10 00:28:45 	 RUN fallback_pair: model=15_Adamiak_3.pdb against global=15_solution_0.pdb -> id=Adamiak_3
2026-03-10 00:28:45 	 Docker cmd: docker run --rm -v D:\Studia\Projekty\gsp-lab:/work -v D:\Studia\Projekty\RNA_assessment:/rna_assessment -e RNA_ASSESSMENT_ROOT=/rna_assessment -e PYTHONPATH=/rna_assessment mcannotate-runtime python3 /work/src/utils/INF.py /work/data/finished/PZ15/pdb/15_solution_0.pdb /work/data/finished/PZ15/pdb/15_Adamiak_3.pdb
2026-03-10 00:28:48 	 Docker exit code: 0
2026-03-10 00:28:48 	 Docker output length: 429
2026-03-10 00:28:48 	 Saved CSV: PZ15,Adamiak_3,Adamiak,3,fallback_pair,0.8104748277048033,0.8416254115301732,0.4472135954999579,15_solution_0.pdb,15_Adamiak_3.pdb
2026-03-10 00:28:48 	 RUN fallback_pair: model=15_Adamiak_4.pdb against global=15_solution_0.pdb -> id=Adamiak_4
2026-03-10 00:28:48 	 Docker cmd: docker run --rm -v D:\Studia\Projekty\gsp-lab:/work -v D:\Studia\Projekty\RNA_assessment:/rna_assessment -e RNA_ASSESSMENT_ROOT=/rna_assessment -e PYTHONPATH=/rna_assessment mcannotate-runtime python3 /work/src/utils/INF.py /work/data/finished/PZ15/pdb/15_solution_0.pdb /work/data/finished/PZ15/pdb/15_Adamiak_4.pdb
2026-03-10 00:28:51 	 Docker exit code: 0
2026-03-10 00:28:51 	 Docker output length: 413
2026-03-10 00:28:51 	 Saved CSV: PZ15,Adamiak_4,Adamiak,4,fallback_pair,0.7403514710945603,0.8416254115301732,0,15_solution_0.pdb,15_Adamiak_4.pdb
2026-03-10 00:28:51 	 RUN fallback_pair: model=15_Adamiak_5.pdb against global=15_solution_0.pdb -> id=Adamiak_5
2026-03-10 00:28:51 	 Docker cmd: docker run --rm -v D:\Studia\Projekty\gsp-lab:/work -v D:\Studia\Projekty\RNA_assessment:/rna_assessment -e RNA_ASSESSMENT_ROOT=/rna_assessment -e PYTHONPATH=/rna_assessment mcannotate-runtime python3 /work/src/utils/INF.py /work/data/finished/PZ15/pdb/15_solution_0.pdb /work/data/finished/PZ15/pdb/15_Adamiak_5.pdb
2026-03-10 00:28:53 	 Docker exit code: 0
2026-03-10 00:28:53 	 Docker output length: 414
2026-03-10 00:28:53 	 Saved CSV: PZ15,Adamiak_5,Adamiak,5,fallback_pair,0.7403514710945603,0.8246211251235321,-1,15_solution_0.pdb,15_Adamiak_5.pdb
2026-03-10 00:28:53 	 RUN fallback_pair: model=15_Adamiak_6.pdb against global=15_solution_0.pdb -> id=Adamiak_6
2026-03-10 00:28:54 	 Docker cmd: docker run --rm -v D:\Studia\Projekty\gsp-lab:/work -v D:\Studia\Projekty\RNA_assessment:/rna_assessment -e RNA_ASSESSMENT_ROOT=/rna_assessment -e PYTHONPATH=/rna_assessment mcannotate-runtime python3 /work/src/utils/INF.py /work/data/finished/PZ15/pdb/15_solution_0.pdb /work/data/finished/PZ15/pdb/15_Adamiak_6.pdb
2026-03-10 00:28:57 	 Docker exit code: 0
2026-03-10 00:28:57 	 Docker output length: 414
2026-03-10 00:28:57 	 Saved CSV: PZ15,Adamiak_6,Adamiak,6,fallback_pair,0.7734020832408642,0.8416254115301732,0,15_solution_0.pdb,15_Adamiak_6.pdb
2026-03-10 00:28:57 	 RUN fallback_pair: model=15_Adamiak_7.pdb against global=15_solution_0.pdb -> id=Adamiak_7
2026-03-10 00:28:57 	 Docker cmd: docker run --rm -v D:\Studia\Projekty\gsp-lab:/work -v D:\Studia\Projekty\RNA_assessment:/rna_assessment -e RNA_ASSESSMENT_ROOT=/rna_assessment -e PYTHONPATH=/rna_assessment mcannotate-runtime python3 /work/src/utils/INF.py /work/data/finished/PZ15/pdb/15_solution_0.pdb /work/data/finished/PZ15/pdb/15_Adamiak_7.pdb
2026-03-10 00:29:00 	 Docker exit code: 0
2026-03-10 00:29:00 	 Docker output length: 415
2026-03-10 00:29:00 	 Saved CSV: PZ15,Adamiak_7,Adamiak,7,fallback_pair,0.7570332986102252,0.8246211251235321,-1,15_solution_0.pdb,15_Adamiak_7.pdb
2026-03-10 00:29:00 	 RUN fallback_pair: model=15_Adamiak_8.pdb against global=15_solution_0.pdb -> id=Adamiak_8
2026-03-10 00:29:00 	 Docker cmd: docker run --rm -v D:\Studia\Projekty\gsp-lab:/work -v D:\Studia\Projekty\RNA_assessment:/rna_assessment -e RNA_ASSESSMENT_ROOT=/rna_assessment -e PYTHONPATH=/rna_assessment mcannotate-runtime python3 /work/src/utils/INF.py /work/data/finished/PZ15/pdb/15_solution_0.pdb /work/data/finished/PZ15/pdb/15_Adamiak_8.pdb
2026-03-10 00:29:03 	 Docker exit code: 0
2026-03-10 00:29:03 	 Docker output length: 429
2026-03-10 00:29:03 	 Saved CSV: PZ15,Adamiak_8,Adamiak,8,fallback_pair,0.7483368055104992,0.8246211251235321,0.4472135954999579,15_solution_0.pdb,15_Adamiak_8.pdb
2026-03-10 00:29:03 	 RUN fallback_pair: model=15_Adamiak_9.pdb against global=15_solution_0.pdb -> id=Adamiak_9
2026-03-10 00:29:03 	 Docker cmd: docker run --rm -v D:\Studia\Projekty\gsp-lab:/work -v D:\Studia\Projekty\RNA_assessment:/rna_assessment -e RNA_ASSESSMENT_ROOT=/rna_assessment -e PYTHONPATH=/rna_assessment mcannotate-runtime python3 /work/src/utils/INF.py /work/data/finished/PZ15/pdb/15_solution_0.pdb /work/data/finished/PZ15/pdb/15_Adamiak_9.pdb
2026-03-10 00:29:06 	 Docker exit code: 0
2026-03-10 00:29:06 	 Docker output length: 414
2026-03-10 00:29:06 	 Saved CSV: PZ15,Adamiak_9,Adamiak,9,fallback_pair,0.7312626517124157,0.8416254115301732,-1,15_solution_0.pdb,15_Adamiak_9.pdb
2026-03-10 00:29:06 	 RUN fallback_pair: model=15_Chen_1.pdb against global=15_solution_0.pdb -> id=Chen_1
2026-03-10 00:29:06 	 Docker cmd: docker run --rm -v D:\Studia\Projekty\gsp-lab:/work -v D:\Studia\Projekty\RNA_assessment:/rna_assessment -e RNA_ASSESSMENT_ROOT=/rna_assessment -e PYTHONPATH=/rna_assessment mcannotate-runtime python3 /work/src/utils/INF.py /work/data/finished/PZ15/pdb/15_solution_0.pdb /work/data/finished/PZ15/pdb/15_Chen_1.pdb
2026-03-10 00:29:09 	 Docker exit code: 0
2026-03-10 00:29:09 	 Docker output length: 427
2026-03-10 00:29:09 	 Saved CSV: PZ15,Chen_1,Chen,1,fallback_pair,0.7333985272111644,0.7756315349925287,0.31622776601683794,15_solution_0.pdb,15_Chen_1.pdb
2026-03-10 00:29:09 	 RUN fallback_pair: model=15_Chen_10.pdb against global=15_solution_0.pdb -> id=Chen_10
2026-03-10 00:29:09 	 Docker cmd: docker run --rm -v D:\Studia\Projekty\gsp-lab:/work -v D:\Studia\Projekty\RNA_assessment:/rna_assessment -e RNA_ASSESSMENT_ROOT=/rna_assessment -e PYTHONPATH=/rna_assessment mcannotate-runtime python3 /work/src/utils/INF.py /work/data/finished/PZ15/pdb/15_solution_0.pdb /work/data/finished/PZ15/pdb/15_Chen_10.pdb
2026-03-10 00:29:11 	 Docker exit code: 0
2026-03-10 00:29:11 	 Docker output length: 427
2026-03-10 00:29:11 	 Saved CSV: PZ15,Chen_10,Chen,10,fallback_pair,0.7006898183390131,0.7239227659930269,0.4472135954999579,15_solution_0.pdb,15_Chen_10.pdb
2026-03-10 00:29:11 	 RUN fallback_pair: model=15_Chen_2.pdb against global=15_solution_0.pdb -> id=Chen_2
2026-03-10 00:29:11 	 Docker cmd: docker run --rm -v D:\Studia\Projekty\gsp-lab:/work -v D:\Studia\Projekty\RNA_assessment:/rna_assessment -e RNA_ASSESSMENT_ROOT=/rna_assessment -e PYTHONPATH=/rna_assessment mcannotate-runtime python3 /work/src/utils/INF.py /work/data/finished/PZ15/pdb/15_solution_0.pdb /work/data/finished/PZ15/pdb/15_Chen_2.pdb
2026-03-10 00:29:14 	 Docker exit code: 0
2026-03-10 00:29:14 	 Docker output length: 427
2026-03-10 00:29:14 	 Saved CSV: PZ15,Chen_2,Chen,2,fallback_pair,0.6969047394415508,0.8091547798786778,0.2581988897471611,15_solution_0.pdb,15_Chen_2.pdb
2026-03-10 00:29:14 	 RUN fallback_pair: model=15_Chen_3.pdb against global=15_solution_0.pdb -> id=Chen_3
2026-03-10 00:29:14 	 Docker cmd: docker run --rm -v D:\Studia\Projekty\gsp-lab:/work -v D:\Studia\Projekty\RNA_assessment:/rna_assessment -e RNA_ASSESSMENT_ROOT=/rna_assessment -e PYTHONPATH=/rna_assessment mcannotate-runtime python3 /work/src/utils/INF.py /work/data/finished/PZ15/pdb/15_solution_0.pdb /work/data/finished/PZ15/pdb/15_Chen_3.pdb
2026-03-10 00:29:17 	 Docker exit code: 0
2026-03-10 00:29:17 	 Docker output length: 426
2026-03-10 00:29:17 	 Saved CSV: PZ15,Chen_3,Chen,3,fallback_pair,0.7843304784240032,0.8416254115301732,0.6708203932499369,15_solution_0.pdb,15_Chen_3.pdb
2026-03-10 00:29:17 	 RUN fallback_pair: model=15_Chen_4.pdb against global=15_solution_0.pdb -> id=Chen_4
2026-03-10 00:29:17 	 Docker cmd: docker run --rm -v D:\Studia\Projekty\gsp-lab:/work -v D:\Studia\Projekty\RNA_assessment:/rna_assessment -e RNA_ASSESSMENT_ROOT=/rna_assessment -e PYTHONPATH=/rna_assessment mcannotate-runtime python3 /work/src/utils/INF.py /work/data/finished/PZ15/pdb/15_solution_0.pdb /work/data/finished/PZ15/pdb/15_Chen_4.pdb
2026-03-10 00:29:19 	 Docker exit code: 0
2026-03-10 00:29:19 	 Docker output length: 426
2026-03-10 00:29:19 	 Saved CSV: PZ15,Chen_4,Chen,4,fallback_pair,0.7518302589574766,0.8091547798786778,0.6324555320336759,15_solution_0.pdb,15_Chen_4.pdb
2026-03-10 00:29:19 	 RUN fallback_pair: model=15_Chen_5.pdb against global=15_solution_0.pdb -> id=Chen_5
2026-03-10 00:29:19 	 Docker cmd: docker run --rm -v D:\Studia\Projekty\gsp-lab:/work -v D:\Studia\Projekty\RNA_assessment:/rna_assessment -e RNA_ASSESSMENT_ROOT=/rna_assessment -e PYTHONPATH=/rna_assessment mcannotate-runtime python3 /work/src/utils/INF.py /work/data/finished/PZ15/pdb/15_solution_0.pdb /work/data/finished/PZ15/pdb/15_Chen_5.pdb
2026-03-10 00:29:23 	 Docker exit code: 0
2026-03-10 00:29:23 	 Docker output length: 427
2026-03-10 00:29:23 	 Saved CSV: PZ15,Chen_5,Chen,5,fallback_pair,0.7029594915666376,0.7756315349925287,0.4472135954999579,15_solution_0.pdb,15_Chen_5.pdb
2026-03-10 00:29:23 	 RUN fallback_pair: model=15_Chen_6.pdb against global=15_solution_0.pdb -> id=Chen_6
2026-03-10 00:29:23 	 Docker cmd: docker run --rm -v D:\Studia\Projekty\gsp-lab:/work -v D:\Studia\Projekty\RNA_assessment:/rna_assessment -e RNA_ASSESSMENT_ROOT=/rna_assessment -e PYTHONPATH=/rna_assessment mcannotate-runtime python3 /work/src/utils/INF.py /work/data/finished/PZ15/pdb/15_solution_0.pdb /work/data/finished/PZ15/pdb/15_Chen_6.pdb
2026-03-10 00:29:26 	 Docker exit code: 0
2026-03-10 00:29:26 	 Docker output length: 427
2026-03-10 00:29:26 	 Saved CSV: PZ15,Chen_6,Chen,6,fallback_pair,0.7094289771951879,0.8273403039920306,0.31622776601683794,15_solution_0.pdb,15_Chen_6.pdb
2026-03-10 00:29:26 	 RUN fallback_pair: model=15_Chen_7.pdb against global=15_solution_0.pdb -> id=Chen_7
2026-03-10 00:29:26 	 Docker cmd: docker run --rm -v D:\Studia\Projekty\gsp-lab:/work -v D:\Studia\Projekty\RNA_assessment:/rna_assessment -e RNA_ASSESSMENT_ROOT=/rna_assessment -e PYTHONPATH=/rna_assessment mcannotate-runtime python3 /work/src/utils/INF.py /work/data/finished/PZ15/pdb/15_solution_0.pdb /work/data/finished/PZ15/pdb/15_Chen_7.pdb
2026-03-10 00:29:30 	 Docker exit code: 0
2026-03-10 00:29:30 	 Docker output length: 413
2026-03-10 00:29:30 	 Saved CSV: PZ15,Chen_7,Chen,7,fallback_pair,0.6739087182447752,0.7585826061362605,-1,15_solution_0.pdb,15_Chen_7.pdb
2026-03-10 00:29:30 	 RUN fallback_pair: model=15_Chen_8.pdb against global=15_solution_0.pdb -> id=Chen_8
2026-03-10 00:29:30 	 Docker cmd: docker run --rm -v D:\Studia\Projekty\gsp-lab:/work -v D:\Studia\Projekty\RNA_assessment:/rna_assessment -e RNA_ASSESSMENT_ROOT=/rna_assessment -e PYTHONPATH=/rna_assessment mcannotate-runtime python3 /work/src/utils/INF.py /work/data/finished/PZ15/pdb/15_solution_0.pdb /work/data/finished/PZ15/pdb/15_Chen_8.pdb
2026-03-10 00:29:32 	 Docker exit code: 0
2026-03-10 00:29:32 	 Docker output length: 427
2026-03-10 00:29:32 	 Saved CSV: PZ15,Chen_8,Chen,8,fallback_pair,0.6580901965284981,0.7592566023652966,0.31622776601683794,15_solution_0.pdb,15_Chen_8.pdb
2026-03-10 00:29:32 	 RUN fallback_pair: model=15_Chen_9.pdb against global=15_solution_0.pdb -> id=Chen_9
2026-03-10 00:29:32 	 Docker cmd: docker run --rm -v D:\Studia\Projekty\gsp-lab:/work -v D:\Studia\Projekty\RNA_assessment:/rna_assessment -e RNA_ASSESSMENT_ROOT=/rna_assessment -e PYTHONPATH=/rna_assessment mcannotate-runtime python3 /work/src/utils/INF.py /work/data/finished/PZ15/pdb/15_solution_0.pdb /work/data/finished/PZ15/pdb/15_Chen_9.pdb
2026-03-10 00:29:35 	 Docker exit code: 0
2026-03-10 00:29:35 	 Docker output length: 427
2026-03-10 00:29:35 	 Saved CSV: PZ15,Chen_9,Chen,9,fallback_pair,0.6515837655350016,0.7789808377045201,0.4472135954999579,15_solution_0.pdb,15_Chen_9.pdb
2026-03-10 00:29:35 	 RUN fallback_pair: model=15_RNAComposerAS1_1.pdb against global=15_solution_0.pdb -> id=RNAComposerAS1_1
2026-03-10 00:29:35 	 Docker cmd: docker run --rm -v D:\Studia\Projekty\gsp-lab:/work -v D:\Studia\Projekty\RNA_assessment:/rna_assessment -e RNA_ASSESSMENT_ROOT=/rna_assessment -e PYTHONPATH=/rna_assessment mcannotate-runtime python3 /work/src/utils/INF.py /work/data/finished/PZ15/pdb/15_solution_0.pdb /work/data/finished/PZ15/pdb/15_RNAComposerAS1_1.pdb
2026-03-10 00:29:38 	 Docker exit code: 0
2026-03-10 00:29:38 	 Docker output length: 436
2026-03-10 00:29:38 	 Saved CSV: PZ15,RNAComposerAS1_1,RNAComposerAS1,1,fallback_pair,0.8464321404702522,0.8416254115301732,0.5163977794943222,15_solution_0.pdb,15_RNAComposerAS1_1.pdb
2026-03-10 00:29:38 	 RUN fallback_pair: model=15_RNAComposerAS1_2.pdb against global=15_solution_0.pdb -> id=RNAComposerAS1_2
2026-03-10 00:29:38 	 Docker cmd: docker run --rm -v D:\Studia\Projekty\gsp-lab:/work -v D:\Studia\Projekty\RNA_assessment:/rna_assessment -e RNA_ASSESSMENT_ROOT=/rna_assessment -e PYTHONPATH=/rna_assessment mcannotate-runtime python3 /work/src/utils/INF.py /work/data/finished/PZ15/pdb/15_solution_0.pdb /work/data/finished/PZ15/pdb/15_RNAComposerAS1_2.pdb
2026-03-10 00:29:41 	 Docker exit code: 0
2026-03-10 00:29:41 	 Docker output length: 436
2026-03-10 00:29:41 	 Saved CSV: PZ15,RNAComposerAS1_2,RNAComposerAS1,2,fallback_pair,0.8104748277048033,0.8416254115301732,0.4472135954999579,15_solution_0.pdb,15_RNAComposerAS1_2.pdb
2026-03-10 00:29:41 	 RUN fallback_pair: model=15_RNAComposerAS2_1.pdb against global=15_solution_0.pdb -> id=RNAComposerAS2_1
2026-03-10 00:29:41 	 Docker cmd: docker run --rm -v D:\Studia\Projekty\gsp-lab:/work -v D:\Studia\Projekty\RNA_assessment:/rna_assessment -e RNA_ASSESSMENT_ROOT=/rna_assessment -e PYTHONPATH=/rna_assessment mcannotate-runtime python3 /work/src/utils/INF.py /work/data/finished/PZ15/pdb/15_solution_0.pdb /work/data/finished/PZ15/pdb/15_RNAComposerAS2_1.pdb
2026-03-10 00:29:44 	 Docker exit code: 0
2026-03-10 00:29:44 	 Docker output length: 420
2026-03-10 00:29:44 	 Saved CSV: PZ15,RNAComposerAS2_1,RNAComposerAS2,1,fallback_pair,0.7403514710945603,0.8416254115301732,0,15_solution_0.pdb,15_RNAComposerAS2_1.pdb
2026-03-10 00:29:44 	 RUN fallback_pair: model=15_RNAComposerAS2_2.pdb against global=15_solution_0.pdb -> id=RNAComposerAS2_2
2026-03-10 00:29:44 	 Docker cmd: docker run --rm -v D:\Studia\Projekty\gsp-lab:/work -v D:\Studia\Projekty\RNA_assessment:/rna_assessment -e RNA_ASSESSMENT_ROOT=/rna_assessment -e PYTHONPATH=/rna_assessment mcannotate-runtime python3 /work/src/utils/INF.py /work/data/finished/PZ15/pdb/15_solution_0.pdb /work/data/finished/PZ15/pdb/15_RNAComposerAS2_2.pdb
2026-03-10 00:29:47 	 Docker exit code: 0
2026-03-10 00:29:47 	 Docker output length: 421
2026-03-10 00:29:47 	 Saved CSV: PZ15,RNAComposerAS2_2,RNAComposerAS2,2,fallback_pair,0.7403514710945603,0.8246211251235321,-1,15_solution_0.pdb,15_RNAComposerAS2_2.pdb
2026-03-10 00:29:47 	 RUN fallback_pair: model=15_RW3DAS1_1.pdb against global=15_solution_0.pdb -> id=RW3DAS1_1
2026-03-10 00:29:47 	 Docker cmd: docker run --rm -v D:\Studia\Projekty\gsp-lab:/work -v D:\Studia\Projekty\RNA_assessment:/rna_assessment -e RNA_ASSESSMENT_ROOT=/rna_assessment -e PYTHONPATH=/rna_assessment mcannotate-runtime python3 /work/src/utils/INF.py /work/data/finished/PZ15/pdb/15_solution_0.pdb /work/data/finished/PZ15/pdb/15_RW3DAS1_1.pdb
2026-03-10 00:29:50 	 Docker exit code: 0
2026-03-10 00:29:50 	 Docker output length: 430
2026-03-10 00:29:50 	 Saved CSV: PZ15,RW3DAS1_1,RW3DAS1,1,fallback_pair,0.7176769753613776,0.7921180343813394,0.22360679774997896,15_solution_0.pdb,15_RW3DAS1_1.pdb
2026-03-10 00:29:50 	 RUN fallback_pair: model=15_RW3DAS1_10.pdb against global=15_solution_0.pdb -> id=RW3DAS1_10
2026-03-10 00:29:50 	 Docker cmd: docker run --rm -v D:\Studia\Projekty\gsp-lab:/work -v D:\Studia\Projekty\RNA_assessment:/rna_assessment -e RNA_ASSESSMENT_ROOT=/rna_assessment -e PYTHONPATH=/rna_assessment mcannotate-runtime python3 /work/src/utils/INF.py /work/data/finished/PZ15/pdb/15_solution_0.pdb /work/data/finished/PZ15/pdb/15_RW3DAS1_10.pdb
2026-03-10 00:29:53 	 Docker exit code: 0
2026-03-10 00:29:53 	 Docker output length: 416
2026-03-10 00:29:53 	 Saved CSV: PZ15,RW3DAS1_10,RW3DAS1,10,fallback_pair,0.6540611994542856,0.7610423906471906,0,15_solution_0.pdb,15_RW3DAS1_10.pdb
2026-03-10 00:29:53 	 RUN fallback_pair: model=15_RW3DAS1_2.pdb against global=15_solution_0.pdb -> id=RW3DAS1_2
2026-03-10 00:29:53 	 Docker cmd: docker run --rm -v D:\Studia\Projekty\gsp-lab:/work -v D:\Studia\Projekty\RNA_assessment:/rna_assessment -e RNA_ASSESSMENT_ROOT=/rna_assessment -e PYTHONPATH=/rna_assessment mcannotate-runtime python3 /work/src/utils/INF.py /work/data/finished/PZ15/pdb/15_solution_0.pdb /work/data/finished/PZ15/pdb/15_RW3DAS1_2.pdb
2026-03-10 00:29:56 	 Docker exit code: 0
2026-03-10 00:29:56 	 Docker output length: 415
2026-03-10 00:29:56 	 Saved CSV: PZ15,RW3DAS1_2,RW3DAS1,2,fallback_pair,0.7137378387084143,0.8091547798786778,0,15_solution_0.pdb,15_RW3DAS1_2.pdb
2026-03-10 00:29:56 	 RUN fallback_pair: model=15_RW3DAS1_3.pdb against global=15_solution_0.pdb -> id=RW3DAS1_3
2026-03-10 00:29:56 	 Docker cmd: docker run --rm -v D:\Studia\Projekty\gsp-lab:/work -v D:\Studia\Projekty\RNA_assessment:/rna_assessment -e RNA_ASSESSMENT_ROOT=/rna_assessment -e PYTHONPATH=/rna_assessment mcannotate-runtime python3 /work/src/utils/INF.py /work/data/finished/PZ15/pdb/15_solution_0.pdb /work/data/finished/PZ15/pdb/15_RW3DAS1_3.pdb
2026-03-10 00:29:59 	 Docker exit code: 0
2026-03-10 00:29:59 	 Docker output length: 430
2026-03-10 00:29:59 	 Saved CSV: PZ15,RW3DAS1_3,RW3DAS1,3,fallback_pair,0.6882472016116853,0.7761140001162655,0.1690308509457033,15_solution_0.pdb,15_RW3DAS1_3.pdb
2026-03-10 00:29:59 	 RUN fallback_pair: model=15_RW3DAS1_4.pdb against global=15_solution_0.pdb -> id=RW3DAS1_4
2026-03-10 00:29:59 	 Docker cmd: docker run --rm -v D:\Studia\Projekty\gsp-lab:/work -v D:\Studia\Projekty\RNA_assessment:/rna_assessment -e RNA_ASSESSMENT_ROOT=/rna_assessment -e PYTHONPATH=/rna_assessment mcannotate-runtime python3 /work/src/utils/INF.py /work/data/finished/PZ15/pdb/15_solution_0.pdb /work/data/finished/PZ15/pdb/15_RW3DAS1_4.pdb
2026-03-10 00:30:02 	 Docker exit code: 0
2026-03-10 00:30:02 	 Docker output length: 415
2026-03-10 00:30:02 	 Saved CSV: PZ15,RW3DAS1_4,RW3DAS1,4,fallback_pair,0.6421320305864958,0.7468160448149386,0,15_solution_0.pdb,15_RW3DAS1_4.pdb
2026-03-10 00:30:02 	 RUN fallback_pair: model=15_RW3DAS1_5.pdb against global=15_solution_0.pdb -> id=RW3DAS1_5
2026-03-10 00:30:02 	 Docker cmd: docker run --rm -v D:\Studia\Projekty\gsp-lab:/work -v D:\Studia\Projekty\RNA_assessment:/rna_assessment -e RNA_ASSESSMENT_ROOT=/rna_assessment -e PYTHONPATH=/rna_assessment mcannotate-runtime python3 /work/src/utils/INF.py /work/data/finished/PZ15/pdb/15_solution_0.pdb /work/data/finished/PZ15/pdb/15_RW3DAS1_5.pdb
2026-03-10 00:30:05 	 Docker exit code: 0
2026-03-10 00:30:05 	 Docker output length: 428
2026-03-10 00:30:05 	 Saved CSV: PZ15,RW3DAS1_5,RW3DAS1,5,fallback_pair,0.7053601170585435,0.7921180343813394,0.2581988897471611,15_solution_0.pdb,15_RW3DAS1_5.pdb
2026-03-10 00:30:05 	 RUN fallback_pair: model=15_RW3DAS1_6.pdb against global=15_solution_0.pdb -> id=RW3DAS1_6
2026-03-10 00:30:05 	 Docker cmd: docker run --rm -v D:\Studia\Projekty\gsp-lab:/work -v D:\Studia\Projekty\RNA_assessment:/rna_assessment -e RNA_ASSESSMENT_ROOT=/rna_assessment -e PYTHONPATH=/rna_assessment mcannotate-runtime python3 /work/src/utils/INF.py /work/data/finished/PZ15/pdb/15_solution_0.pdb /work/data/finished/PZ15/pdb/15_RW3DAS1_6.pdb
2026-03-10 00:30:08 	 Docker exit code: 0
2026-03-10 00:30:08 	 Docker output length: 415
2026-03-10 00:30:08 	 Saved CSV: PZ15,RW3DAS1_6,RW3DAS1,6,fallback_pair,0.6666809066604027,0.7921180343813394,0,15_solution_0.pdb,15_RW3DAS1_6.pdb
2026-03-10 00:30:08 	 RUN fallback_pair: model=15_RW3DAS1_7.pdb against global=15_solution_0.pdb -> id=RW3DAS1_7
2026-03-10 00:30:08 	 Docker cmd: docker run --rm -v D:\Studia\Projekty\gsp-lab:/work -v D:\Studia\Projekty\RNA_assessment:/rna_assessment -e RNA_ASSESSMENT_ROOT=/rna_assessment -e PYTHONPATH=/rna_assessment mcannotate-runtime python3 /work/src/utils/INF.py /work/data/finished/PZ15/pdb/15_solution_0.pdb /work/data/finished/PZ15/pdb/15_RW3DAS1_7.pdb
2026-03-10 00:30:11 	 Docker exit code: 0
2026-03-10 00:30:11 	 Docker output length: 415
2026-03-10 00:30:11 	 Saved CSV: PZ15,RW3DAS1_7,RW3DAS1,7,fallback_pair,0.6668859288553503,0.7921180343813394,0,15_solution_0.pdb,15_RW3DAS1_7.pdb
2026-03-10 00:30:11 	 RUN fallback_pair: model=15_RW3DAS1_8.pdb against global=15_solution_0.pdb -> id=RW3DAS1_8
2026-03-10 00:30:11 	 Docker cmd: docker run --rm -v D:\Studia\Projekty\gsp-lab:/work -v D:\Studia\Projekty\RNA_assessment:/rna_assessment -e RNA_ASSESSMENT_ROOT=/rna_assessment -e PYTHONPATH=/rna_assessment mcannotate-runtime python3 /work/src/utils/INF.py /work/data/finished/PZ15/pdb/15_solution_0.pdb /work/data/finished/PZ15/pdb/15_RW3DAS1_8.pdb
2026-03-10 00:30:13 	 Docker exit code: 0
2026-03-10 00:30:13 	 Docker output length: 430
2026-03-10 00:30:13 	 Saved CSV: PZ15,RW3DAS1_8,RW3DAS1,8,fallback_pair,0.6508140266182866,0.7610423906471906,0.22360679774997896,15_solution_0.pdb,15_RW3DAS1_8.pdb
2026-03-10 00:30:13 	 RUN fallback_pair: model=15_RW3DAS1_9.pdb against global=15_solution_0.pdb -> id=RW3DAS1_9
2026-03-10 00:30:13 	 Docker cmd: docker run --rm -v D:\Studia\Projekty\gsp-lab:/work -v D:\Studia\Projekty\RNA_assessment:/rna_assessment -e RNA_ASSESSMENT_ROOT=/rna_assessment -e PYTHONPATH=/rna_assessment mcannotate-runtime python3 /work/src/utils/INF.py /work/data/finished/PZ15/pdb/15_solution_0.pdb /work/data/finished/PZ15/pdb/15_RW3DAS1_9.pdb
2026-03-10 00:30:16 	 Docker exit code: 0
2026-03-10 00:30:16 	 Docker output length: 414
2026-03-10 00:30:16 	 Saved CSV: PZ15,RW3DAS1_9,RW3DAS1,9,fallback_pair,0.6882472016116853,0.7761140001162655,0,15_solution_0.pdb,15_RW3DAS1_9.pdb
2026-03-10 00:30:16 	 RUN fallback_pair: model=15_RW3DAS2_1.pdb against global=15_solution_0.pdb -> id=RW3DAS2_1
2026-03-10 00:30:16 	 Docker cmd: docker run --rm -v D:\Studia\Projekty\gsp-lab:/work -v D:\Studia\Projekty\RNA_assessment:/rna_assessment -e RNA_ASSESSMENT_ROOT=/rna_assessment -e PYTHONPATH=/rna_assessment mcannotate-runtime python3 /work/src/utils/INF.py /work/data/finished/PZ15/pdb/15_solution_0.pdb /work/data/finished/PZ15/pdb/15_RW3DAS2_1.pdb
2026-03-10 00:30:19 	 Docker exit code: 0
2026-03-10 00:30:19 	 Docker output length: 429
2026-03-10 00:30:19 	 Saved CSV: PZ15,RW3DAS2_1,RW3DAS2,1,fallback_pair,0.7137378387084143,0.7610423906471906,0.2581988897471611,15_solution_0.pdb,15_RW3DAS2_1.pdb
2026-03-10 00:30:19 	 RUN fallback_pair: model=15_RW3DAS2_10.pdb against global=15_solution_0.pdb -> id=RW3DAS2_10
2026-03-10 00:30:19 	 Docker cmd: docker run --rm -v D:\Studia\Projekty\gsp-lab:/work -v D:\Studia\Projekty\RNA_assessment:/rna_assessment -e RNA_ASSESSMENT_ROOT=/rna_assessment -e PYTHONPATH=/rna_assessment mcannotate-runtime python3 /work/src/utils/INF.py /work/data/finished/PZ15/pdb/15_solution_0.pdb /work/data/finished/PZ15/pdb/15_RW3DAS2_10.pdb
2026-03-10 00:30:22 	 Docker exit code: 0
2026-03-10 00:30:22 	 Docker output length: 415
2026-03-10 00:30:22 	 Saved CSV: PZ15,RW3DAS2_10,RW3DAS2,10,fallback_pair,0.7465089026901592,0.7921180343813394,0.2,15_solution_0.pdb,15_RW3DAS2_10.pdb
2026-03-10 00:30:22 	 RUN fallback_pair: model=15_RW3DAS2_2.pdb against global=15_solution_0.pdb -> id=RW3DAS2_2
2026-03-10 00:30:22 	 Docker cmd: docker run --rm -v D:\Studia\Projekty\gsp-lab:/work -v D:\Studia\Projekty\RNA_assessment:/rna_assessment -e RNA_ASSESSMENT_ROOT=/rna_assessment -e PYTHONPATH=/rna_assessment mcannotate-runtime python3 /work/src/utils/INF.py /work/data/finished/PZ15/pdb/15_solution_0.pdb /work/data/finished/PZ15/pdb/15_RW3DAS2_2.pdb
2026-03-10 00:30:25 	 Docker exit code: 0
2026-03-10 00:30:25 	 Docker output length: 431
2026-03-10 00:30:25 	 Saved CSV: PZ15,RW3DAS2_2,RW3DAS2,2,fallback_pair,0.6758453353343745,0.7761140001162655,0.22360679774997896,15_solution_0.pdb,15_RW3DAS2_2.pdb
2026-03-10 00:30:25 	 RUN fallback_pair: model=15_RW3DAS2_3.pdb against global=15_solution_0.pdb -> id=RW3DAS2_3
2026-03-10 00:30:25 	 Docker cmd: docker run --rm -v D:\Studia\Projekty\gsp-lab:/work -v D:\Studia\Projekty\RNA_assessment:/rna_assessment -e RNA_ASSESSMENT_ROOT=/rna_assessment -e PYTHONPATH=/rna_assessment mcannotate-runtime python3 /work/src/utils/INF.py /work/data/finished/PZ15/pdb/15_solution_0.pdb /work/data/finished/PZ15/pdb/15_RW3DAS2_3.pdb
2026-03-10 00:30:28 	 Docker exit code: 0
2026-03-10 00:30:28 	 Docker output length: 414
2026-03-10 00:30:28 	 Saved CSV: PZ15,RW3DAS2_3,RW3DAS2,3,fallback_pair,0.6517926325248484,0.720603758577672,0,15_solution_0.pdb,15_RW3DAS2_3.pdb
2026-03-10 00:30:28 	 RUN fallback_pair: model=15_RW3DAS2_4.pdb against global=15_solution_0.pdb -> id=RW3DAS2_4
2026-03-10 00:30:28 	 Docker cmd: docker run --rm -v D:\Studia\Projekty\gsp-lab:/work -v D:\Studia\Projekty\RNA_assessment:/rna_assessment -e RNA_ASSESSMENT_ROOT=/rna_assessment -e PYTHONPATH=/rna_assessment mcannotate-runtime python3 /work/src/utils/INF.py /work/data/finished/PZ15/pdb/15_solution_0.pdb /work/data/finished/PZ15/pdb/15_RW3DAS2_4.pdb
2026-03-10 00:30:32 	 Docker exit code: 0
2026-03-10 00:30:32 	 Docker output length: 415
2026-03-10 00:30:32 	 Saved CSV: PZ15,RW3DAS2_4,RW3DAS2,4,fallback_pair,0.6668859288553503,0.7610423906471906,0,15_solution_0.pdb,15_RW3DAS2_4.pdb
2026-03-10 00:30:32 	 RUN fallback_pair: model=15_RW3DAS2_5.pdb against global=15_solution_0.pdb -> id=RW3DAS2_5
2026-03-10 00:30:32 	 Docker cmd: docker run --rm -v D:\Studia\Projekty\gsp-lab:/work -v D:\Studia\Projekty\RNA_assessment:/rna_assessment -e RNA_ASSESSMENT_ROOT=/rna_assessment -e PYTHONPATH=/rna_assessment mcannotate-runtime python3 /work/src/utils/INF.py /work/data/finished/PZ15/pdb/15_solution_0.pdb /work/data/finished/PZ15/pdb/15_RW3DAS2_5.pdb
2026-03-10 00:30:35 	 Docker exit code: 0
2026-03-10 00:30:35 	 Docker output length: 431
2026-03-10 00:30:35 	 Saved CSV: PZ15,RW3DAS2_5,RW3DAS2,5,fallback_pair,0.6627565645149562,0.7761140001162655,0.22360679774997896,15_solution_0.pdb,15_RW3DAS2_5.pdb
2026-03-10 00:30:35 	 RUN fallback_pair: model=15_RW3DAS2_6.pdb against global=15_solution_0.pdb -> id=RW3DAS2_6
2026-03-10 00:30:35 	 Docker cmd: docker run --rm -v D:\Studia\Projekty\gsp-lab:/work -v D:\Studia\Projekty\RNA_assessment:/rna_assessment -e RNA_ASSESSMENT_ROOT=/rna_assessment -e PYTHONPATH=/rna_assessment mcannotate-runtime python3 /work/src/utils/INF.py /work/data/finished/PZ15/pdb/15_solution_0.pdb /work/data/finished/PZ15/pdb/15_RW3DAS2_6.pdb
2026-03-10 00:30:39 	 Docker exit code: 0
2026-03-10 00:30:39 	 Docker output length: 429
2026-03-10 00:30:39 	 Saved CSV: PZ15,RW3DAS2_6,RW3DAS2,6,fallback_pair,0.6713703343180354,0.7610423906471906,0.2581988897471611,15_solution_0.pdb,15_RW3DAS2_6.pdb
2026-03-10 00:30:39 	 RUN fallback_pair: model=15_RW3DAS2_7.pdb against global=15_solution_0.pdb -> id=RW3DAS2_7
2026-03-10 00:30:39 	 Docker cmd: docker run --rm -v D:\Studia\Projekty\gsp-lab:/work -v D:\Studia\Projekty\RNA_assessment:/rna_assessment -e RNA_ASSESSMENT_ROOT=/rna_assessment -e PYTHONPATH=/rna_assessment mcannotate-runtime python3 /work/src/utils/INF.py /work/data/finished/PZ15/pdb/15_solution_0.pdb /work/data/finished/PZ15/pdb/15_RW3DAS2_7.pdb
2026-03-10 00:30:41 	 Docker exit code: 0
2026-03-10 00:30:41 	 Docker output length: 414
2026-03-10 00:30:41 	 Saved CSV: PZ15,RW3DAS2_7,RW3DAS2,7,fallback_pair,0.649405416832664,0.7468160448149386,0,15_solution_0.pdb,15_RW3DAS2_7.pdb
2026-03-10 00:30:41 	 RUN fallback_pair: model=15_RW3DAS2_8.pdb against global=15_solution_0.pdb -> id=RW3DAS2_8
2026-03-10 00:30:41 	 Docker cmd: docker run --rm -v D:\Studia\Projekty\gsp-lab:/work -v D:\Studia\Projekty\RNA_assessment:/rna_assessment -e RNA_ASSESSMENT_ROOT=/rna_assessment -e PYTHONPATH=/rna_assessment mcannotate-runtime python3 /work/src/utils/INF.py /work/data/finished/PZ15/pdb/15_solution_0.pdb /work/data/finished/PZ15/pdb/15_RW3DAS2_8.pdb
2026-03-10 00:30:44 	 Docker exit code: 0
2026-03-10 00:30:44 	 Docker output length: 430
2026-03-10 00:30:44 	 Saved CSV: PZ15,RW3DAS2_8,RW3DAS2,8,fallback_pair,0.6627565645149562,0.7610423906471906,0.2581988897471611,15_solution_0.pdb,15_RW3DAS2_8.pdb
2026-03-10 00:30:44 	 RUN fallback_pair: model=15_RW3DAS2_9.pdb against global=15_solution_0.pdb -> id=RW3DAS2_9
2026-03-10 00:30:44 	 Docker cmd: docker run --rm -v D:\Studia\Projekty\gsp-lab:/work -v D:\Studia\Projekty\RNA_assessment:/rna_assessment -e RNA_ASSESSMENT_ROOT=/rna_assessment -e PYTHONPATH=/rna_assessment mcannotate-runtime python3 /work/src/utils/INF.py /work/data/finished/PZ15/pdb/15_solution_0.pdb /work/data/finished/PZ15/pdb/15_RW3DAS2_9.pdb
2026-03-10 00:30:47 	 Docker exit code: 0
2026-03-10 00:30:47 	 Docker output length: 430
2026-03-10 00:30:47 	 Saved CSV: PZ15,RW3DAS2_9,RW3DAS2,9,fallback_pair,0.7050861512322306,0.7761140001162655,0.4472135954999579,15_solution_0.pdb,15_RW3DAS2_9.pdb
2026-03-10 00:30:47 	 RUN fallback_pair: model=15_SimRNAAS1_1.pdb against global=15_solution_0.pdb -> id=SimRNAAS1_1
2026-03-10 00:30:47 	 Docker cmd: docker run --rm -v D:\Studia\Projekty\gsp-lab:/work -v D:\Studia\Projekty\RNA_assessment:/rna_assessment -e RNA_ASSESSMENT_ROOT=/rna_assessment -e PYTHONPATH=/rna_assessment mcannotate-runtime python3 /work/src/utils/INF.py /work/data/finished/PZ15/pdb/15_solution_0.pdb /work/data/finished/PZ15/pdb/15_SimRNAAS1_1.pdb
2026-03-10 00:30:49 	 Docker exit code: 0
2026-03-10 00:30:49 	 Docker output length: 431
2026-03-10 00:30:49 	 Saved CSV: PZ15,SimRNAAS1_1,SimRNAAS1,1,fallback_pair,0.6840376991164889,0.7276068751089989,0.22360679774997896,15_solution_0.pdb,15_SimRNAAS1_1.pdb
2026-03-10 00:30:49 	 RUN fallback_pair: model=15_SimRNAAS1_10.pdb against global=15_solution_0.pdb -> id=SimRNAAS1_10
2026-03-10 00:30:49 	 Docker cmd: docker run --rm -v D:\Studia\Projekty\gsp-lab:/work -v D:\Studia\Projekty\RNA_assessment:/rna_assessment -e RNA_ASSESSMENT_ROOT=/rna_assessment -e PYTHONPATH=/rna_assessment mcannotate-runtime python3 /work/src/utils/INF.py /work/data/finished/PZ15/pdb/15_solution_0.pdb /work/data/finished/PZ15/pdb/15_SimRNAAS1_10.pdb
2026-03-10 00:30:52 	 Docker exit code: 0
2026-03-10 00:30:52 	 Docker output length: 433
2026-03-10 00:30:52 	 Saved CSV: PZ15,SimRNAAS1_10,SimRNAAS1,10,fallback_pair,0.6536087320200027,0.6183469424008423,0.2581988897471611,15_solution_0.pdb,15_SimRNAAS1_10.pdb
2026-03-10 00:30:52 	 RUN fallback_pair: model=15_SimRNAAS1_2.pdb against global=15_solution_0.pdb -> id=SimRNAAS1_2
2026-03-10 00:30:52 	 Docker cmd: docker run --rm -v D:\Studia\Projekty\gsp-lab:/work -v D:\Studia\Projekty\RNA_assessment:/rna_assessment -e RNA_ASSESSMENT_ROOT=/rna_assessment -e PYTHONPATH=/rna_assessment mcannotate-runtime python3 /work/src/utils/INF.py /work/data/finished/PZ15/pdb/15_solution_0.pdb /work/data/finished/PZ15/pdb/15_SimRNAAS1_2.pdb
2026-03-10 00:30:55 	 Docker exit code: 0
2026-03-10 00:30:55 	 Docker output length: 430
2026-03-10 00:30:55 	 Saved CSV: PZ15,SimRNAAS1_2,SimRNAAS1,2,fallback_pair,0.616959559245467,0.556293911166591,0.2581988897471611,15_solution_0.pdb,15_SimRNAAS1_2.pdb
2026-03-10 00:30:55 	 RUN fallback_pair: model=15_SimRNAAS1_3.pdb against global=15_solution_0.pdb -> id=SimRNAAS1_3
2026-03-10 00:30:55 	 Docker cmd: docker run --rm -v D:\Studia\Projekty\gsp-lab:/work -v D:\Studia\Projekty\RNA_assessment:/rna_assessment -e RNA_ASSESSMENT_ROOT=/rna_assessment -e PYTHONPATH=/rna_assessment mcannotate-runtime python3 /work/src/utils/INF.py /work/data/finished/PZ15/pdb/15_solution_0.pdb /work/data/finished/PZ15/pdb/15_SimRNAAS1_3.pdb
2026-03-10 00:30:58 	 Docker exit code: 0
2026-03-10 00:30:58 	 Docker output length: 418
2026-03-10 00:30:58 	 Saved CSV: PZ15,SimRNAAS1_3,SimRNAAS1,3,fallback_pair,0.3624895891402119,0.09901475429766743,0,15_solution_0.pdb,15_SimRNAAS1_3.pdb
2026-03-10 00:30:58 	 RUN fallback_pair: model=15_SimRNAAS1_4.pdb against global=15_solution_0.pdb -> id=SimRNAAS1_4
2026-03-10 00:30:58 	 Docker cmd: docker run --rm -v D:\Studia\Projekty\gsp-lab:/work -v D:\Studia\Projekty\RNA_assessment:/rna_assessment -e RNA_ASSESSMENT_ROOT=/rna_assessment -e PYTHONPATH=/rna_assessment mcannotate-runtime python3 /work/src/utils/INF.py /work/data/finished/PZ15/pdb/15_solution_0.pdb /work/data/finished/PZ15/pdb/15_SimRNAAS1_4.pdb
2026-03-10 00:31:01 	 Docker exit code: 0
2026-03-10 00:31:01 	 Docker output length: 432
2026-03-10 00:31:01 	 Saved CSV: PZ15,SimRNAAS1_4,SimRNAAS1,4,fallback_pair,0.5235960732025283,0.2528608687120868,0.2581988897471611,15_solution_0.pdb,15_SimRNAAS1_4.pdb
2026-03-10 00:31:01 	 RUN fallback_pair: model=15_SimRNAAS1_5.pdb against global=15_solution_0.pdb -> id=SimRNAAS1_5
2026-03-10 00:31:01 	 Docker cmd: docker run --rm -v D:\Studia\Projekty\gsp-lab:/work -v D:\Studia\Projekty\RNA_assessment:/rna_assessment -e RNA_ASSESSMENT_ROOT=/rna_assessment -e PYTHONPATH=/rna_assessment mcannotate-runtime python3 /work/src/utils/INF.py /work/data/finished/PZ15/pdb/15_solution_0.pdb /work/data/finished/PZ15/pdb/15_SimRNAAS1_5.pdb
2026-03-10 00:31:04 	 Docker exit code: 0
2026-03-10 00:31:04 	 Docker output length: 432
2026-03-10 00:31:04 	 Saved CSV: PZ15,SimRNAAS1_5,SimRNAAS1,5,fallback_pair,0.6065652361806091,0.5445811486371709,0.31622776601683794,15_solution_0.pdb,15_SimRNAAS1_5.pdb
2026-03-10 00:31:04 	 RUN fallback_pair: model=15_SimRNAAS1_6.pdb against global=15_solution_0.pdb -> id=SimRNAAS1_6
2026-03-10 00:31:04 	 Docker cmd: docker run --rm -v D:\Studia\Projekty\gsp-lab:/work -v D:\Studia\Projekty\RNA_assessment:/rna_assessment -e RNA_ASSESSMENT_ROOT=/rna_assessment -e PYTHONPATH=/rna_assessment mcannotate-runtime python3 /work/src/utils/INF.py /work/data/finished/PZ15/pdb/15_solution_0.pdb /work/data/finished/PZ15/pdb/15_SimRNAAS1_6.pdb
2026-03-10 00:31:06 	 Docker exit code: 0
2026-03-10 00:31:06 	 Docker output length: 418
2026-03-10 00:31:06 	 Saved CSV: PZ15,SimRNAAS1_6,SimRNAAS1,6,fallback_pair,0.4473684210526316,0.09901475429766743,0,15_solution_0.pdb,15_SimRNAAS1_6.pdb
2026-03-10 00:31:06 	 RUN fallback_pair: model=15_SimRNAAS1_7.pdb against global=15_solution_0.pdb -> id=SimRNAAS1_7
2026-03-10 00:31:06 	 Docker cmd: docker run --rm -v D:\Studia\Projekty\gsp-lab:/work -v D:\Studia\Projekty\RNA_assessment:/rna_assessment -e RNA_ASSESSMENT_ROOT=/rna_assessment -e PYTHONPATH=/rna_assessment mcannotate-runtime python3 /work/src/utils/INF.py /work/data/finished/PZ15/pdb/15_solution_0.pdb /work/data/finished/PZ15/pdb/15_SimRNAAS1_7.pdb
2026-03-10 00:31:09 	 Docker exit code: 0
2026-03-10 00:31:09 	 Docker output length: 432
2026-03-10 00:31:09 	 Saved CSV: PZ15,SimRNAAS1_7,SimRNAAS1,7,fallback_pair,0.6443799841008211,0.6574382586514257,0.22360679774997896,15_solution_0.pdb,15_SimRNAAS1_7.pdb
2026-03-10 00:31:09 	 RUN fallback_pair: model=15_SimRNAAS1_8.pdb against global=15_solution_0.pdb -> id=SimRNAAS1_8
2026-03-10 00:31:09 	 Docker cmd: docker run --rm -v D:\Studia\Projekty\gsp-lab:/work -v D:\Studia\Projekty\RNA_assessment:/rna_assessment -e RNA_ASSESSMENT_ROOT=/rna_assessment -e PYTHONPATH=/rna_assessment mcannotate-runtime python3 /work/src/utils/INF.py /work/data/finished/PZ15/pdb/15_solution_0.pdb /work/data/finished/PZ15/pdb/15_SimRNAAS1_8.pdb
2026-03-10 00:31:12 	 Docker exit code: 0
2026-03-10 00:31:12 	 Docker output length: 432
2026-03-10 00:31:12 	 Saved CSV: PZ15,SimRNAAS1_8,SimRNAAS1,8,fallback_pair,0.6622661785325219,0.7080104323938431,0.2581988897471611,15_solution_0.pdb,15_SimRNAAS1_8.pdb
2026-03-10 00:31:12 	 RUN fallback_pair: model=15_SimRNAAS1_9.pdb against global=15_solution_0.pdb -> id=SimRNAAS1_9
2026-03-10 00:31:12 	 Docker cmd: docker run --rm -v D:\Studia\Projekty\gsp-lab:/work -v D:\Studia\Projekty\RNA_assessment:/rna_assessment -e RNA_ASSESSMENT_ROOT=/rna_assessment -e PYTHONPATH=/rna_assessment mcannotate-runtime python3 /work/src/utils/INF.py /work/data/finished/PZ15/pdb/15_solution_0.pdb /work/data/finished/PZ15/pdb/15_SimRNAAS1_9.pdb
2026-03-10 00:31:14 	 Docker exit code: 0
2026-03-10 00:31:14 	 Docker output length: 432
2026-03-10 00:31:14 	 Saved CSV: PZ15,SimRNAAS1_9,SimRNAAS1,9,fallback_pair,0.6992208338115292,0.7426106572325057,0.31622776601683794,15_solution_0.pdb,15_SimRNAAS1_9.pdb
2026-03-10 00:31:14 	 RUN fallback_pair: model=15_SimRNAAS2_1.pdb against global=15_solution_0.pdb -> id=SimRNAAS2_1
2026-03-10 00:31:14 	 Docker cmd: docker run --rm -v D:\Studia\Projekty\gsp-lab:/work -v D:\Studia\Projekty\RNA_assessment:/rna_assessment -e RNA_ASSESSMENT_ROOT=/rna_assessment -e PYTHONPATH=/rna_assessment mcannotate-runtime python3 /work/src/utils/INF.py /work/data/finished/PZ15/pdb/15_solution_0.pdb /work/data/finished/PZ15/pdb/15_SimRNAAS2_1.pdb
2026-03-10 00:31:17 	 Docker exit code: 0
2026-03-10 00:31:17 	 Docker output length: 416
2026-03-10 00:31:17 	 Saved CSV: PZ15,SimRNAAS2_1,SimRNAAS2,1,fallback_pair,0.7098103827645426,0.7921180343813394,0.2,15_solution_0.pdb,15_SimRNAAS2_1.pdb
2026-03-10 00:31:17 	 RUN fallback_pair: model=15_SimRNAAS2_10.pdb against global=15_solution_0.pdb -> id=SimRNAAS2_10
2026-03-10 00:31:17 	 Docker cmd: docker run --rm -v D:\Studia\Projekty\gsp-lab:/work -v D:\Studia\Projekty\RNA_assessment:/rna_assessment -e RNA_ASSESSMENT_ROOT=/rna_assessment -e PYTHONPATH=/rna_assessment mcannotate-runtime python3 /work/src/utils/INF.py /work/data/finished/PZ15/pdb/15_solution_0.pdb /work/data/finished/PZ15/pdb/15_SimRNAAS2_10.pdb
2026-03-10 00:31:20 	 Docker exit code: 0
2026-03-10 00:31:20 	 Docker output length: 431
2026-03-10 00:31:20 	 Saved CSV: PZ15,SimRNAAS2_10,SimRNAAS2,10,fallback_pair,0.6882472016116853,0.7921180343813394,0.22360679774997896,15_solution_0.pdb,15_SimRNAAS2_10.pdb
2026-03-10 00:31:20 	 RUN fallback_pair: model=15_SimRNAAS2_2.pdb against global=15_solution_0.pdb -> id=SimRNAAS2_2
2026-03-10 00:31:20 	 Docker cmd: docker run --rm -v D:\Studia\Projekty\gsp-lab:/work -v D:\Studia\Projekty\RNA_assessment:/rna_assessment -e RNA_ASSESSMENT_ROOT=/rna_assessment -e PYTHONPATH=/rna_assessment mcannotate-runtime python3 /work/src/utils/INF.py /work/data/finished/PZ15/pdb/15_solution_0.pdb /work/data/finished/PZ15/pdb/15_SimRNAAS2_2.pdb
2026-03-10 00:31:22 	 Docker exit code: 0
2026-03-10 00:31:22 	 Docker output length: 433
2026-03-10 00:31:22 	 Saved CSV: PZ15,SimRNAAS2_2,SimRNAAS2,2,fallback_pair,0.7181848464596078,0.7761140001162655,0.31622776601683794,15_solution_0.pdb,15_SimRNAAS2_2.pdb
2026-03-10 00:31:22 	 RUN fallback_pair: model=15_SimRNAAS2_3.pdb against global=15_solution_0.pdb -> id=SimRNAAS2_3
2026-03-10 00:31:22 	 Docker cmd: docker run --rm -v D:\Studia\Projekty\gsp-lab:/work -v D:\Studia\Projekty\RNA_assessment:/rna_assessment -e RNA_ASSESSMENT_ROOT=/rna_assessment -e PYTHONPATH=/rna_assessment mcannotate-runtime python3 /work/src/utils/INF.py /work/data/finished/PZ15/pdb/15_solution_0.pdb /work/data/finished/PZ15/pdb/15_SimRNAAS2_3.pdb
2026-03-10 00:31:26 	 Docker exit code: 0
2026-03-10 00:31:26 	 Docker output length: 430
2026-03-10 00:31:26 	 Saved CSV: PZ15,SimRNAAS2_3,SimRNAAS2,3,fallback_pair,0.6924953271030837,0.7426106572325057,0.2581988897471611,15_solution_0.pdb,15_SimRNAAS2_3.pdb
2026-03-10 00:31:26 	 RUN fallback_pair: model=15_SimRNAAS2_4.pdb against global=15_solution_0.pdb -> id=SimRNAAS2_4
2026-03-10 00:31:26 	 Docker cmd: docker run --rm -v D:\Studia\Projekty\gsp-lab:/work -v D:\Studia\Projekty\RNA_assessment:/rna_assessment -e RNA_ASSESSMENT_ROOT=/rna_assessment -e PYTHONPATH=/rna_assessment mcannotate-runtime python3 /work/src/utils/INF.py /work/data/finished/PZ15/pdb/15_solution_0.pdb /work/data/finished/PZ15/pdb/15_SimRNAAS2_4.pdb
2026-03-10 00:31:28 	 Docker exit code: 0
2026-03-10 00:31:28 	 Docker output length: 432
2026-03-10 00:31:28 	 Saved CSV: PZ15,SimRNAAS2_4,SimRNAAS2,4,fallback_pair,0.6847025572648447,0.8091547798786778,0.2581988897471611,15_solution_0.pdb,15_SimRNAAS2_4.pdb
2026-03-10 00:31:28 	 RUN fallback_pair: model=15_SimRNAAS2_5.pdb against global=15_solution_0.pdb -> id=SimRNAAS2_5
2026-03-10 00:31:28 	 Docker cmd: docker run --rm -v D:\Studia\Projekty\gsp-lab:/work -v D:\Studia\Projekty\RNA_assessment:/rna_assessment -e RNA_ASSESSMENT_ROOT=/rna_assessment -e PYTHONPATH=/rna_assessment mcannotate-runtime python3 /work/src/utils/INF.py /work/data/finished/PZ15/pdb/15_solution_0.pdb /work/data/finished/PZ15/pdb/15_SimRNAAS2_5.pdb
2026-03-10 00:31:32 	 Docker exit code: 0
2026-03-10 00:31:32 	 Docker output length: 433
2026-03-10 00:31:32 	 Saved CSV: PZ15,SimRNAAS2_5,SimRNAAS2,5,fallback_pair,0.7058974305816028,0.7921180343813394,0.22360679774997896,15_solution_0.pdb,15_SimRNAAS2_5.pdb
2026-03-10 00:31:32 	 RUN fallback_pair: model=15_SimRNAAS2_6.pdb against global=15_solution_0.pdb -> id=SimRNAAS2_6
2026-03-10 00:31:32 	 Docker cmd: docker run --rm -v D:\Studia\Projekty\gsp-lab:/work -v D:\Studia\Projekty\RNA_assessment:/rna_assessment -e RNA_ASSESSMENT_ROOT=/rna_assessment -e PYTHONPATH=/rna_assessment mcannotate-runtime python3 /work/src/utils/INF.py /work/data/finished/PZ15/pdb/15_solution_0.pdb /work/data/finished/PZ15/pdb/15_SimRNAAS2_6.pdb
2026-03-10 00:31:35 	 Docker exit code: 0
2026-03-10 00:31:35 	 Docker output length: 432
2026-03-10 00:31:35 	 Saved CSV: PZ15,SimRNAAS2_6,SimRNAAS2,6,fallback_pair,0.6887568256738228,0.7921180343813394,0.22360679774997896,15_solution_0.pdb,15_SimRNAAS2_6.pdb
2026-03-10 00:31:35 	 RUN fallback_pair: model=15_SimRNAAS2_7.pdb against global=15_solution_0.pdb -> id=SimRNAAS2_7
2026-03-10 00:31:35 	 Docker cmd: docker run --rm -v D:\Studia\Projekty\gsp-lab:/work -v D:\Studia\Projekty\RNA_assessment:/rna_assessment -e RNA_ASSESSMENT_ROOT=/rna_assessment -e PYTHONPATH=/rna_assessment mcannotate-runtime python3 /work/src/utils/INF.py /work/data/finished/PZ15/pdb/15_solution_0.pdb /work/data/finished/PZ15/pdb/15_SimRNAAS2_7.pdb
2026-03-10 00:31:37 	 Docker exit code: 0
2026-03-10 00:31:37 	 Docker output length: 432
2026-03-10 00:31:37 	 Saved CSV: PZ15,SimRNAAS2_7,SimRNAAS2,7,fallback_pair,0.6447368421052632,0.7921180343813394,0.31622776601683794,15_solution_0.pdb,15_SimRNAAS2_7.pdb
2026-03-10 00:31:37 	 RUN fallback_pair: model=15_SimRNAAS2_8.pdb against global=15_solution_0.pdb -> id=SimRNAAS2_8
2026-03-10 00:31:37 	 Docker cmd: docker run --rm -v D:\Studia\Projekty\gsp-lab:/work -v D:\Studia\Projekty\RNA_assessment:/rna_assessment -e RNA_ASSESSMENT_ROOT=/rna_assessment -e PYTHONPATH=/rna_assessment mcannotate-runtime python3 /work/src/utils/INF.py /work/data/finished/PZ15/pdb/15_solution_0.pdb /work/data/finished/PZ15/pdb/15_SimRNAAS2_8.pdb
2026-03-10 00:31:40 	 Docker exit code: 0
2026-03-10 00:31:40 	 Docker output length: 431
2026-03-10 00:31:40 	 Saved CSV: PZ15,SimRNAAS2_8,SimRNAAS2,8,fallback_pair,0.7058974305816028,0.7585826061362605,0.22360679774997896,15_solution_0.pdb,15_SimRNAAS2_8.pdb
2026-03-10 00:31:40 	 RUN fallback_pair: model=15_SimRNAAS2_9.pdb against global=15_solution_0.pdb -> id=SimRNAAS2_9
2026-03-10 00:31:40 	 Docker cmd: docker run --rm -v D:\Studia\Projekty\gsp-lab:/work -v D:\Studia\Projekty\RNA_assessment:/rna_assessment -e RNA_ASSESSMENT_ROOT=/rna_assessment -e PYTHONPATH=/rna_assessment mcannotate-runtime python3 /work/src/utils/INF.py /work/data/finished/PZ15/pdb/15_solution_0.pdb /work/data/finished/PZ15/pdb/15_SimRNAAS2_9.pdb
2026-03-10 00:31:43 	 Docker exit code: 0
2026-03-10 00:31:43 	 Docker output length: 416
2026-03-10 00:31:43 	 Saved CSV: PZ15,SimRNAAS2_9,SimRNAAS2,9,fallback_pair,0.6882472016116853,0.7921180343813394,0.2,15_solution_0.pdb,15_SimRNAAS2_9.pdb
2026-03-10 00:31:43 	 SKIP (model is a solution file): 15_solution_0.pdb
2026-03-10 00:31:43 	 DONE case: PZ15
2026-03-10 01:12:39 	 START case: PZ15
2026-03-10 01:12:39 	 caseDir: D:\Studia\Projekty\gsp-lab\data\finished\PZ15
2026-03-10 01:12:39 	 pdbDir: D:\Studia\Projekty\gsp-lab\data\finished\PZ15\pdb
2026-03-10 01:12:39 	 Found pdb count: 75
2026-03-10 01:12:39 	 Global solution: 15_solution_0.pdb
2026-03-10 01:12:39 	 SKIP already recorded (fallback): 3dRNAAS2_1
2026-03-10 01:12:39 	 SKIP already recorded (fallback): 3dRNAAS2_10
2026-03-10 01:12:39 	 SKIP already recorded (fallback): 3dRNAAS2_2
2026-03-10 01:12:39 	 SKIP already recorded (fallback): 3dRNAAS2_3
2026-03-10 01:12:39 	 SKIP already recorded (fallback): 3dRNAAS2_4
2026-03-10 01:12:39 	 SKIP already recorded (fallback): 3dRNAAS2_5
2026-03-10 01:12:39 	 SKIP already recorded (fallback): 3dRNAAS2_6
2026-03-10 01:12:39 	 SKIP already recorded (fallback): 3dRNAAS2_7
2026-03-10 01:12:39 	 SKIP already recorded (fallback): 3dRNAAS2_8
2026-03-10 01:12:39 	 SKIP already recorded (fallback): 3dRNAAS2_9
2026-03-10 01:12:39 	 SKIP already recorded (fallback): Adamiak_1
2026-03-10 01:12:39 	 SKIP already recorded (fallback): Adamiak_10
2026-03-10 01:12:39 	 SKIP already recorded (fallback): Adamiak_2
2026-03-10 01:12:39 	 SKIP already recorded (fallback): Adamiak_3
2026-03-10 01:12:39 	 SKIP already recorded (fallback): Adamiak_4
2026-03-10 01:12:39 	 SKIP already recorded (fallback): Adamiak_5
2026-03-10 01:12:39 	 SKIP already recorded (fallback): Adamiak_6
2026-03-10 01:12:39 	 SKIP already recorded (fallback): Adamiak_7
2026-03-10 01:12:39 	 SKIP already recorded (fallback): Adamiak_8
2026-03-10 01:12:39 	 SKIP already recorded (fallback): Adamiak_9
2026-03-10 01:12:39 	 SKIP already recorded (fallback): Chen_1
2026-03-10 01:12:39 	 SKIP already recorded (fallback): Chen_10
2026-03-10 01:12:39 	 SKIP already recorded (fallback): Chen_2
2026-03-10 01:12:39 	 SKIP already recorded (fallback): Chen_3
2026-03-10 01:12:39 	 SKIP already recorded (fallback): Chen_4
2026-03-10 01:12:39 	 SKIP already recorded (fallback): Chen_5
2026-03-10 01:12:39 	 SKIP already recorded (fallback): Chen_6
2026-03-10 01:12:39 	 SKIP already recorded (fallback): Chen_7
2026-03-10 01:12:39 	 SKIP already recorded (fallback): Chen_8
2026-03-10 01:12:39 	 SKIP already recorded (fallback): Chen_9
2026-03-10 01:12:39 	 SKIP already recorded (fallback): RNAComposerAS1_1
2026-03-10 01:12:39 	 SKIP already recorded (fallback): RNAComposerAS1_2
2026-03-10 01:12:39 	 SKIP already recorded (fallback): RNAComposerAS2_1
2026-03-10 01:12:39 	 SKIP already recorded (fallback): RNAComposerAS2_2
2026-03-10 01:12:39 	 SKIP already recorded (fallback): RW3DAS1_1
2026-03-10 01:12:39 	 SKIP already recorded (fallback): RW3DAS1_10
2026-03-10 01:12:39 	 SKIP already recorded (fallback): RW3DAS1_2
2026-03-10 01:12:39 	 SKIP already recorded (fallback): RW3DAS1_3
2026-03-10 01:12:39 	 SKIP already recorded (fallback): RW3DAS1_4
2026-03-10 01:12:39 	 SKIP already recorded (fallback): RW3DAS1_5
2026-03-10 01:12:39 	 SKIP already recorded (fallback): RW3DAS1_6
2026-03-10 01:12:39 	 SKIP already recorded (fallback): RW3DAS1_7
2026-03-10 01:12:39 	 SKIP already recorded (fallback): RW3DAS1_8
2026-03-10 01:12:39 	 SKIP already recorded (fallback): RW3DAS1_9
2026-03-10 01:12:39 	 SKIP already recorded (fallback): RW3DAS2_1
2026-03-10 01:12:39 	 SKIP already recorded (fallback): RW3DAS2_10
2026-03-10 01:12:39 	 SKIP already recorded (fallback): RW3DAS2_2
2026-03-10 01:12:40 	 SKIP already recorded (fallback): RW3DAS2_3
2026-03-10 01:12:40 	 SKIP already recorded (fallback): RW3DAS2_4
2026-03-10 01:12:40 	 SKIP already recorded (fallback): RW3DAS2_5
2026-03-10 01:12:40 	 SKIP already recorded (fallback): RW3DAS2_6
2026-03-10 01:12:40 	 SKIP already recorded (fallback): RW3DAS2_7
2026-03-10 01:12:40 	 SKIP already recorded (fallback): RW3DAS2_8
2026-03-10 01:12:40 	 SKIP already recorded (fallback): RW3DAS2_9
2026-03-10 01:12:40 	 SKIP already recorded (fallback): SimRNAAS1_1
2026-03-10 01:12:40 	 SKIP already recorded (fallback): SimRNAAS1_10
2026-03-10 01:12:40 	 SKIP already recorded (fallback): SimRNAAS1_2
2026-03-10 01:12:40 	 SKIP already recorded (fallback): SimRNAAS1_3
2026-03-10 01:12:40 	 SKIP already recorded (fallback): SimRNAAS1_4
2026-03-10 01:12:40 	 SKIP already recorded (fallback): SimRNAAS1_5
2026-03-10 01:12:40 	 SKIP already recorded (fallback): SimRNAAS1_6
2026-03-10 01:12:40 	 SKIP already recorded (fallback): SimRNAAS1_7
2026-03-10 01:12:40 	 SKIP already recorded (fallback): SimRNAAS1_8
2026-03-10 01:12:40 	 SKIP already recorded (fallback): SimRNAAS1_9
2026-03-10 01:12:40 	 SKIP already recorded (fallback): SimRNAAS2_1
2026-03-10 01:12:40 	 SKIP already recorded (fallback): SimRNAAS2_10
2026-03-10 01:12:40 	 SKIP already recorded (fallback): SimRNAAS2_2
2026-03-10 01:12:40 	 SKIP already recorded (fallback): SimRNAAS2_3
2026-03-10 01:12:40 	 SKIP already recorded (fallback): SimRNAAS2_4
2026-03-10 01:12:40 	 SKIP already recorded (fallback): SimRNAAS2_5
2026-03-10 01:12:40 	 SKIP already recorded (fallback): SimRNAAS2_6
2026-03-10 01:12:40 	 SKIP already recorded (fallback): SimRNAAS2_7
2026-03-10 01:12:40 	 SKIP already recorded (fallback): SimRNAAS2_8
2026-03-10 01:12:40 	 SKIP already recorded (fallback): SimRNAAS2_9
2026-03-10 01:12:40 	 SKIP (model is a solution file): 15_solution_0.pdb
2026-03-10 01:12:40 	 DONE case: PZ15
2026-03-10 01:17:23 	 START case: PZ15
2026-03-10 01:17:23 	 caseDir: D:\Studia\Projekty\gsp-lab\data\finished\PZ15
2026-03-10 01:17:23 	 pdbDir: D:\Studia\Projekty\gsp-lab\data\finished\PZ15\pdb
2026-03-10 01:17:23 	 Found pdb count: 75
2026-03-10 01:17:23 	 Global solution: 15_solution_0.pdb
2026-03-10 01:17:23 	 SKIP already recorded (fallback): 3dRNAAS2_1
2026-03-10 01:17:23 	 SKIP already recorded (fallback): 3dRNAAS2_10
2026-03-10 01:17:23 	 SKIP already recorded (fallback): 3dRNAAS2_2
2026-03-10 01:17:23 	 SKIP already recorded (fallback): 3dRNAAS2_3
2026-03-10 01:17:23 	 SKIP already recorded (fallback): 3dRNAAS2_4
2026-03-10 01:17:23 	 SKIP already recorded (fallback): 3dRNAAS2_5
2026-03-10 01:17:23 	 SKIP already recorded (fallback): 3dRNAAS2_6
2026-03-10 01:17:23 	 SKIP already recorded (fallback): 3dRNAAS2_7
2026-03-10 01:17:23 	 SKIP already recorded (fallback): 3dRNAAS2_8
2026-03-10 01:17:23 	 SKIP already recorded (fallback): 3dRNAAS2_9
2026-03-10 01:17:23 	 SKIP already recorded (fallback): Adamiak_1
2026-03-10 01:17:23 	 SKIP already recorded (fallback): Adamiak_10
2026-03-10 01:17:23 	 SKIP already recorded (fallback): Adamiak_2
2026-03-10 01:17:23 	 SKIP already recorded (fallback): Adamiak_3
2026-03-10 01:17:23 	 SKIP already recorded (fallback): Adamiak_4
2026-03-10 01:17:23 	 SKIP already recorded (fallback): Adamiak_5
2026-03-10 01:17:23 	 SKIP already recorded (fallback): Adamiak_6
2026-03-10 01:17:23 	 SKIP already recorded (fallback): Adamiak_7
2026-03-10 01:17:23 	 SKIP already recorded (fallback): Adamiak_8
2026-03-10 01:17:23 	 SKIP already recorded (fallback): Adamiak_9
2026-03-10 01:17:23 	 SKIP already recorded (fallback): Chen_1
2026-03-10 01:17:24 	 SKIP already recorded (fallback): Chen_10
2026-03-10 01:17:24 	 SKIP already recorded (fallback): Chen_2
2026-03-10 01:17:24 	 SKIP already recorded (fallback): Chen_3
2026-03-10 01:17:24 	 SKIP already recorded (fallback): Chen_4
2026-03-10 01:17:24 	 SKIP already recorded (fallback): Chen_5
2026-03-10 01:17:24 	 SKIP already recorded (fallback): Chen_6
2026-03-10 01:17:24 	 SKIP already recorded (fallback): Chen_7
2026-03-10 01:17:24 	 SKIP already recorded (fallback): Chen_8
2026-03-10 01:17:24 	 SKIP already recorded (fallback): Chen_9
2026-03-10 01:17:24 	 SKIP already recorded (fallback): RNAComposerAS1_1
2026-03-10 01:17:24 	 SKIP already recorded (fallback): RNAComposerAS1_2
2026-03-10 01:17:24 	 SKIP already recorded (fallback): RNAComposerAS2_1
2026-03-10 01:17:24 	 SKIP already recorded (fallback): RNAComposerAS2_2
2026-03-10 01:17:24 	 SKIP already recorded (fallback): RW3DAS1_1
2026-03-10 01:17:24 	 SKIP already recorded (fallback): RW3DAS1_10
2026-03-10 01:17:24 	 SKIP already recorded (fallback): RW3DAS1_2
2026-03-10 01:17:24 	 SKIP already recorded (fallback): RW3DAS1_3
2026-03-10 01:17:24 	 SKIP already recorded (fallback): RW3DAS1_4
2026-03-10 01:17:24 	 SKIP already recorded (fallback): RW3DAS1_5
2026-03-10 01:17:24 	 SKIP already recorded (fallback): RW3DAS1_6
2026-03-10 01:17:24 	 SKIP already recorded (fallback): RW3DAS1_7
2026-03-10 01:17:24 	 SKIP already recorded (fallback): RW3DAS1_8
2026-03-10 01:17:24 	 SKIP already recorded (fallback): RW3DAS1_9
2026-03-10 01:17:24 	 SKIP already recorded (fallback): RW3DAS2_1
2026-03-10 01:17:24 	 SKIP already recorded (fallback): RW3DAS2_10
2026-03-10 01:17:24 	 SKIP already recorded (fallback): RW3DAS2_2
2026-03-10 01:17:24 	 SKIP already recorded (fallback): RW3DAS2_3
2026-03-10 01:17:24 	 SKIP already recorded (fallback): RW3DAS2_4
2026-03-10 01:17:24 	 SKIP already recorded (fallback): RW3DAS2_5
2026-03-10 01:17:24 	 SKIP already recorded (fallback): RW3DAS2_6
2026-03-10 01:17:24 	 SKIP already recorded (fallback): RW3DAS2_7
2026-03-10 01:17:24 	 SKIP already recorded (fallback): RW3DAS2_8
2026-03-10 01:17:24 	 SKIP already recorded (fallback): RW3DAS2_9
2026-03-10 01:17:24 	 SKIP already recorded (fallback): SimRNAAS1_1
2026-03-10 01:17:24 	 SKIP already recorded (fallback): SimRNAAS1_10
2026-03-10 01:17:24 	 SKIP already recorded (fallback): SimRNAAS1_2
2026-03-10 01:17:24 	 SKIP already recorded (fallback): SimRNAAS1_3
2026-03-10 01:17:24 	 SKIP already recorded (fallback): SimRNAAS1_4
2026-03-10 01:17:24 	 SKIP already recorded (fallback): SimRNAAS1_5
2026-03-10 01:17:24 	 SKIP already recorded (fallback): SimRNAAS1_6
2026-03-10 01:17:24 	 SKIP already recorded (fallback): SimRNAAS1_7
2026-03-10 01:17:24 	 SKIP already recorded (fallback): SimRNAAS1_8
2026-03-10 01:17:24 	 SKIP already recorded (fallback): SimRNAAS1_9
2026-03-10 01:17:24 	 SKIP already recorded (fallback): SimRNAAS2_1
2026-03-10 01:17:24 	 SKIP already recorded (fallback): SimRNAAS2_10
2026-03-10 01:17:24 	 SKIP already recorded (fallback): SimRNAAS2_2
2026-03-10 01:17:24 	 SKIP already recorded (fallback): SimRNAAS2_3
2026-03-10 01:17:24 	 SKIP already recorded (fallback): SimRNAAS2_4
2026-03-10 01:17:24 	 SKIP already recorded (fallback): SimRNAAS2_5
2026-03-10 01:17:24 	 SKIP already recorded (fallback): SimRNAAS2_6
2026-03-10 01:17:24 	 SKIP already recorded (fallback): SimRNAAS2_7
2026-03-10 01:17:24 	 SKIP already recorded (fallback): SimRNAAS2_8
2026-03-10 01:17:24 	 SKIP already recorded (fallback): SimRNAAS2_9
2026-03-10 01:17:24 	 SKIP (model is a solution file): 15_solution_0.pdb
2026-03-10 01:17:24 	 DONE case: PZ15
2026-03-10 01:21:49 	 START case: PZ15
2026-03-10 01:21:49 	 caseDir: D:\Studia\Projekty\gsp-lab\data\finished\PZ15
2026-03-10 01:21:50 	 pdbDir: D:\Studia\Projekty\gsp-lab\data\finished\PZ15\pdb
2026-03-10 01:21:50 	 Found pdb count: 75
2026-03-10 01:21:50 	 Global solution: 15_solution_0.pdb
2026-03-10 01:21:50 	 SKIP already recorded (fallback): 3dRNAAS2_1
2026-03-10 01:21:50 	 SKIP already recorded (fallback): 3dRNAAS2_10
2026-03-10 01:21:50 	 SKIP already recorded (fallback): 3dRNAAS2_2
2026-03-10 01:21:50 	 SKIP already recorded (fallback): 3dRNAAS2_3
2026-03-10 01:21:50 	 SKIP already recorded (fallback): 3dRNAAS2_4
2026-03-10 01:21:50 	 SKIP already recorded (fallback): 3dRNAAS2_5
2026-03-10 01:21:50 	 SKIP already recorded (fallback): 3dRNAAS2_6
2026-03-10 01:21:50 	 SKIP already recorded (fallback): 3dRNAAS2_7
2026-03-10 01:21:50 	 SKIP already recorded (fallback): 3dRNAAS2_8
2026-03-10 01:21:50 	 SKIP already recorded (fallback): 3dRNAAS2_9
2026-03-10 01:21:50 	 SKIP already recorded (fallback): Adamiak_1
2026-03-10 01:21:50 	 SKIP already recorded (fallback): Adamiak_10
2026-03-10 01:21:50 	 SKIP already recorded (fallback): Adamiak_2
2026-03-10 01:21:50 	 SKIP already recorded (fallback): Adamiak_3
2026-03-10 01:21:50 	 SKIP already recorded (fallback): Adamiak_4
2026-03-10 01:21:50 	 SKIP already recorded (fallback): Adamiak_5
2026-03-10 01:21:50 	 SKIP already recorded (fallback): Adamiak_6
2026-03-10 01:21:50 	 SKIP already recorded (fallback): Adamiak_7
2026-03-10 01:21:50 	 SKIP already recorded (fallback): Adamiak_8
2026-03-10 01:21:50 	 SKIP already recorded (fallback): Adamiak_9
2026-03-10 01:21:50 	 SKIP already recorded (fallback): Chen_1
2026-03-10 01:21:50 	 SKIP already recorded (fallback): Chen_10
2026-03-10 01:21:50 	 SKIP already recorded (fallback): Chen_2
2026-03-10 01:21:50 	 SKIP already recorded (fallback): Chen_3
2026-03-10 01:21:50 	 SKIP already recorded (fallback): Chen_4
2026-03-10 01:21:50 	 SKIP already recorded (fallback): Chen_5
2026-03-10 01:21:50 	 SKIP already recorded (fallback): Chen_6
2026-03-10 01:21:50 	 SKIP already recorded (fallback): Chen_7
2026-03-10 01:21:50 	 SKIP already recorded (fallback): Chen_8
2026-03-10 01:21:50 	 SKIP already recorded (fallback): Chen_9
2026-03-10 01:21:50 	 SKIP already recorded (fallback): RNAComposerAS1_1
2026-03-10 01:21:50 	 SKIP already recorded (fallback): RNAComposerAS1_2
2026-03-10 01:21:50 	 SKIP already recorded (fallback): RNAComposerAS2_1
2026-03-10 01:21:50 	 SKIP already recorded (fallback): RNAComposerAS2_2
2026-03-10 01:21:50 	 SKIP already recorded (fallback): RW3DAS1_1
2026-03-10 01:21:50 	 SKIP already recorded (fallback): RW3DAS1_10
2026-03-10 01:21:50 	 SKIP already recorded (fallback): RW3DAS1_2
2026-03-10 01:21:50 	 SKIP already recorded (fallback): RW3DAS1_3
2026-03-10 01:21:50 	 SKIP already recorded (fallback): RW3DAS1_4
2026-03-10 01:21:50 	 SKIP already recorded (fallback): RW3DAS1_5
2026-03-10 01:21:50 	 SKIP already recorded (fallback): RW3DAS1_6
2026-03-10 01:21:50 	 SKIP already recorded (fallback): RW3DAS1_7
2026-03-10 01:21:50 	 SKIP already recorded (fallback): RW3DAS1_8
2026-03-10 01:21:50 	 SKIP already recorded (fallback): RW3DAS1_9
2026-03-10 01:21:50 	 SKIP already recorded (fallback): RW3DAS2_1
2026-03-10 01:21:50 	 SKIP already recorded (fallback): RW3DAS2_10
2026-03-10 01:21:50 	 SKIP already recorded (fallback): RW3DAS2_2
2026-03-10 01:21:50 	 SKIP already recorded (fallback): RW3DAS2_3
2026-03-10 01:21:50 	 SKIP already recorded (fallback): RW3DAS2_4
2026-03-10 01:21:50 	 SKIP already recorded (fallback): RW3DAS2_5
2026-03-10 01:21:50 	 SKIP already recorded (fallback): RW3DAS2_6
2026-03-10 01:21:50 	 SKIP already recorded (fallback): RW3DAS2_7
2026-03-10 01:21:50 	 SKIP already recorded (fallback): RW3DAS2_8
2026-03-10 01:21:50 	 SKIP already recorded (fallback): RW3DAS2_9
2026-03-10 01:21:50 	 SKIP already recorded (fallback): SimRNAAS1_1
2026-03-10 01:21:50 	 SKIP already recorded (fallback): SimRNAAS1_10
2026-03-10 01:21:50 	 SKIP already recorded (fallback): SimRNAAS1_2
2026-03-10 01:21:50 	 SKIP already recorded (fallback): SimRNAAS1_3
2026-03-10 01:21:50 	 SKIP already recorded (fallback): SimRNAAS1_4
2026-03-10 01:21:50 	 SKIP already recorded (fallback): SimRNAAS1_5
2026-03-10 01:21:50 	 SKIP already recorded (fallback): SimRNAAS1_6
2026-03-10 01:21:50 	 SKIP already recorded (fallback): SimRNAAS1_7
2026-03-10 01:21:50 	 SKIP already recorded (fallback): SimRNAAS1_8
2026-03-10 01:21:50 	 SKIP already recorded (fallback): SimRNAAS1_9
2026-03-10 01:21:50 	 SKIP already recorded (fallback): SimRNAAS2_1
2026-03-10 01:21:51 	 SKIP already recorded (fallback): SimRNAAS2_10
2026-03-10 01:21:51 	 SKIP already recorded (fallback): SimRNAAS2_2
2026-03-10 01:21:51 	 SKIP already recorded (fallback): SimRNAAS2_3
2026-03-10 01:21:51 	 SKIP already recorded (fallback): SimRNAAS2_4
2026-03-10 01:21:51 	 SKIP already recorded (fallback): SimRNAAS2_5
2026-03-10 01:21:51 	 SKIP already recorded (fallback): SimRNAAS2_6
2026-03-10 01:21:51 	 SKIP already recorded (fallback): SimRNAAS2_7
2026-03-10 01:21:51 	 SKIP already recorded (fallback): SimRNAAS2_8
2026-03-10 01:21:51 	 SKIP already recorded (fallback): SimRNAAS2_9
2026-03-10 01:21:51 	 SKIP (model is a solution file): 15_solution_0.pdb
2026-03-10 01:21:51 	 DONE case: PZ15
