{
  "native_pdb": "/tmp/rna_inf_d12h6ijy/PZ15reconstruct_3dRNAAS2_1_solution_normalized.pdb",
  "native_index": null,
  "model_pdb": "/tmp/rna_inf_4qfxl1ow/PZ15reconstruct_3dRNAAS2_1_refined_normalized.pdb",
  "model_index": null,
  "rmsd": 25.12175756382848,
  "inf_all": 0.7421484445348452,
  "inf_wc": 0.9335638713962128,
  "inf_nwc": 0.4472135954999579,
  "inf_stack": 0.6750305122794804
}
{
  "native_pdb": "/tmp/rna_inf_wrxhcm1d/PZ15reconstruct_3dRNAAS2_10_solution_normalized.pdb",
  "native_index": null,
  "model_pdb": "/tmp/rna_inf_27zw5wgq/PZ15reconstruct_3dRNAAS2_10_refined_normalized.pdb",
  "model_index": null,
  "rmsd": 25.090005128775886,
  "inf_all": 0.7499276725009167,
  "inf_wc": 0.9335638713962128,
  "inf_nwc": 0.4472135954999579,
  "inf_stack": 0.687576068149664
}
{
  "native_pdb": "/tmp/rna_inf_w5co_qnz/PZ15reconstruct_3dRNAAS2_2_solution_normalized.pdb",
  "native_index": null,
  "model_pdb": "/tmp/rna_inf_s6t332uh/PZ15reconstruct_3dRNAAS2_2_refined_normalized.pdb",
  "model_index": null,
  "rmsd": 25.023692228761746,
  "inf_all": 0.757630381562417,
  "inf_wc": 0.9335638713962128,
  "inf_nwc": 0.4472135954999579,
  "inf_stack": 0.6999132392733556
}
{
  "native_pdb": "/tmp/rna_inf__w03hqlj/PZ15reconstruct_3dRNAAS2_3_solution_normalized.pdb",
  "native_index": null,
  "model_pdb": "/tmp/rna_inf_bmy__tvx/PZ15reconstruct_3dRNAAS2_3_refined_normalized.pdb",
  "model_index": null,
  "rmsd": 25.052623547080696,
  "inf_all": 0.7421484445348452,
  "inf_wc": 0.9335638713962128,
  "inf_nwc": 0.4472135954999579,
  "inf_stack": 0.6750305122794804
}
{
  "native_pdb": "/tmp/rna_inf_c4agkdhz/PZ15reconstruct_3dRNAAS2_4_solution_normalized.pdb",
  "native_index": null,
  "model_pdb": "/tmp/rna_inf_jdjyyke0/PZ15reconstruct_3dRNAAS2_4_refined_normalized.pdb",
  "model_index": null,
  "rmsd": 25.03068113407952,
  "inf_all": 0.7499276725009167,
  "inf_wc": 0.9335638713962128,
  "inf_nwc": 0.4472135954999579,
  "inf_stack": 0.687576068149664
}
{
  "native_pdb": "/tmp/rna_inf_d5tuypbc/PZ15reconstruct_3dRNAAS2_5_solution_normalized.pdb",
  "native_index": null,
  "model_pdb": "/tmp/rna_inf_u2aiklsk/PZ15reconstruct_3dRNAAS2_5_refined_normalized.pdb",
  "model_index": null,
  "rmsd": 25.043582697253242,
  "inf_all": 0.757630381562417,
  "inf_wc": 0.9335638713962128,
  "inf_nwc": 0.4472135954999579,
  "inf_stack": 0.6999132392733556
}
{
  "native_pdb": "/tmp/rna_inf_czpsvycg/PZ15reconstruct_3dRNAAS2_6_solution_normalized.pdb",
  "native_index": null,
  "model_pdb": "/tmp/rna_inf_zkbq1cyw/PZ15reconstruct_3dRNAAS2_6_refined_normalized.pdb",
  "model_index": null,
  "rmsd": 25.058148177548972,
  "inf_all": 0.736040123010159,
  "inf_wc": 0.9335638713962128,
  "inf_nwc": 0.4472135954999579,
  "inf_stack": 0.6660893160199871
}
{
  "native_pdb": "/tmp/rna_inf_r52j4819/PZ15reconstruct_3dRNAAS2_7_solution_normalized.pdb",
  "native_index": null,
  "model_pdb": "/tmp/rna_inf_6gli9cn3/PZ15reconstruct_3dRNAAS2_7_refined_normalized.pdb",
  "model_index": null,
  "rmsd": 25.038442818618556,
  "inf_all": 0.7499276725009167,
  "inf_wc": 0.9335638713962128,
  "inf_nwc": 0.4472135954999579,
  "inf_stack": 0.687576068149664
}
{
  "native_pdb": "/tmp/rna_inf_htpfhc90/PZ15reconstruct_3dRNAAS2_8_solution_normalized.pdb",
  "native_index": null,
  "model_pdb": "/tmp/rna_inf_ab66523r/PZ15reconstruct_3dRNAAS2_8_refined_normalized.pdb",
  "model_index": null,
  "rmsd": 25.191323125342365,
  "inf_all": 0.7421484445348452,
  "inf_wc": 0.9335638713962128,
  "inf_nwc": 0.4472135954999579,
  "inf_stack": 0.6750305122794804
}
{
  "native_pdb": "/tmp/rna_inf_f5q0x2sg/PZ15reconstruct_3dRNAAS2_9_solution_normalized.pdb",
  "native_index": null,
  "model_pdb": "/tmp/rna_inf_96j6q38k/PZ15reconstruct_3dRNAAS2_9_refined_normalized.pdb",
  "model_index": null,
  "rmsd": 25.055416177171754,
  "inf_all": 0.7499276725009167,
  "inf_wc": 0.9335638713962128,
  "inf_nwc": 0.4472135954999579,
  "inf_stack": 0.687576068149664
}
{
  "native_pdb": "/tmp/rna_inf_zka9yv15/PZ15reconstruct_Adamiak_1_solution_normalized.pdb",
  "native_index": null,
  "model_pdb": "/tmp/rna_inf_ma4w0zcz/PZ15reconstruct_Adamiak_1_refined_normalized.pdb",
  "model_index": null,
  "rmsd": 7.312169826340205,
  "inf_all": 0.7625323816735247,
  "inf_wc": 0.9565217391304348,
  "inf_nwc": 0.0,
  "inf_stack": 0.7268973606788074
}
{
  "native_pdb": "/tmp/rna_inf_4t2jh8s8/PZ15reconstruct_Adamiak_10_solution_normalized.pdb",
  "native_index": null,
  "model_pdb": "/tmp/rna_inf_uyjf7q41/PZ15reconstruct_Adamiak_10_refined_normalized.pdb",
  "model_index": null,
  "rmsd": 4.739913801662786,
  "inf_all": 0.8155071447352173,
  "inf_wc": 0.9591663046625439,
  "inf_nwc": 0.0,
  "inf_stack": 0.7970811413304556
}
{
  "native_pdb": "/tmp/rna_inf_4cwzbf1h/PZ15reconstruct_Adamiak_2_solution_normalized.pdb",
  "native_index": null,
  "model_pdb": "/tmp/rna_inf_rhinnez0/PZ15reconstruct_Adamiak_2_refined_normalized.pdb",
  "model_index": null,
  "rmsd": 5.294756345535398,
  "inf_all": 0.9095085938862486,
  "inf_wc": 0.9789450103725609,
  "inf_nwc": 0.5163977794943222,
  "inf_stack": 0.9096925576737037
}
{
  "native_pdb": "/tmp/rna_inf_dwxqcx97/PZ15reconstruct_Adamiak_3_solution_normalized.pdb",
  "native_index": null,
  "model_pdb": "/tmp/rna_inf_mwx6b_0q/PZ15reconstruct_Adamiak_3_refined_normalized.pdb",
  "model_index": null,
  "rmsd": 5.49705927380589,
  "inf_all": 0.8652532008633531,
  "inf_wc": 0.9789450103725609,
  "inf_nwc": 0.4472135954999579,
  "inf_stack": 0.851485086684671
}
{
  "native_pdb": "/tmp/rna_inf_lfkuxgb2/PZ15reconstruct_Adamiak_4_solution_normalized.pdb",
  "native_index": null,
  "model_pdb": "/tmp/rna_inf_4y3n0goh/PZ15reconstruct_Adamiak_4_refined_normalized.pdb",
  "model_index": null,
  "rmsd": 6.039944396679658,
  "inf_all": 0.7908085427336405,
  "inf_wc": 0.9789450103725609,
  "inf_nwc": 0.0,
  "inf_stack": 0.7503085784948502
}
{
  "native_pdb": "/tmp/rna_inf_6xhrc8rc/PZ15reconstruct_Adamiak_5_solution_normalized.pdb",
  "native_index": null,
  "model_pdb": "/tmp/rna_inf_jixp_pms/PZ15reconstruct_Adamiak_5_refined_normalized.pdb",
  "model_index": null,
  "rmsd": 5.931172976352427,
  "inf_all": 0.8037726172046837,
  "inf_wc": 0.9591663046625439,
  "inf_nwc": -1.0,
  "inf_stack": 0.7700535410868201
}
{
  "native_pdb": "/tmp/rna_inf_nny9dzeq/PZ15reconstruct_Adamiak_6_solution_normalized.pdb",
  "native_index": null,
  "model_pdb": "/tmp/rna_inf_0nzhl11q/PZ15reconstruct_Adamiak_6_refined_normalized.pdb",
  "model_index": null,
  "rmsd": 6.14645688568318,
  "inf_all": 0.8321825652701375,
  "inf_wc": 0.9789450103725609,
  "inf_nwc": 0.0,
  "inf_stack": 0.822073046369513
}
{
  "native_pdb": "/tmp/rna_inf_g32gugyn/PZ15reconstruct_Adamiak_7_solution_normalized.pdb",
  "native_index": null,
  "model_pdb": "/tmp/rna_inf_iv5gwmos/PZ15reconstruct_Adamiak_7_refined_normalized.pdb",
  "model_index": null,
  "rmsd": 5.926958314466239,
  "inf_all": 0.8180959881038617,
  "inf_wc": 0.9591663046625439,
  "inf_nwc": -1.0,
  "inf_stack": 0.7921318941081134
}
{
  "native_pdb": "/tmp/rna_inf_mod41c1d/PZ15reconstruct_Adamiak_8_solution_normalized.pdb",
  "native_index": null,
  "model_pdb": "/tmp/rna_inf_5cexi8cr/PZ15reconstruct_Adamiak_8_refined_normalized.pdb",
  "model_index": null,
  "rmsd": 4.626140723801826,
  "inf_all": 0.8144199514976929,
  "inf_wc": 0.9591663046625439,
  "inf_nwc": 0.4472135954999579,
  "inf_stack": 0.7748797303396368
}
{
  "native_pdb": "/tmp/rna_inf_t7dw4y9o/PZ15reconstruct_Adamiak_9_solution_normalized.pdb",
  "native_index": null,
  "model_pdb": "/tmp/rna_inf_4umebh6w/PZ15reconstruct_Adamiak_9_refined_normalized.pdb",
  "model_index": null,
  "rmsd": 6.040915184688829,
  "inf_all": 0.8134892168199607,
  "inf_wc": 0.9789450103725609,
  "inf_nwc": -1.0,
  "inf_stack": 0.7748797303396368
}
{
  "native_pdb": "/tmp/rna_inf_4s3e545v/PZ15reconstruct_Chen_1_solution_normalized.pdb",
  "native_index": null,
  "model_pdb": "/tmp/rna_inf_t4whetsj/PZ15reconstruct_Chen_1_refined_normalized.pdb",
  "model_index": null,
  "rmsd": 7.821751927015801,
  "inf_all": 0.7943560850305857,
  "inf_wc": 0.9335638713962128,
  "inf_nwc": 0.31622776601683794,
  "inf_stack": 0.768000365496989
}
{
  "native_pdb": "/tmp/rna_inf_9slli1p6/PZ15reconstruct_Chen_10_solution_normalized.pdb",
  "native_index": null,
  "model_pdb": "/tmp/rna_inf_7ljsl5s6/PZ15reconstruct_Chen_10_refined_normalized.pdb",
  "model_index": null,
  "rmsd": 8.388324567328382,
  "inf_all": 0.7553147946264278,
  "inf_wc": 0.889108448948774,
  "inf_nwc": 0.4472135954999579,
  "inf_stack": 0.7188507574477846
}
{
  "native_pdb": "/tmp/rna_inf_owa36dii/PZ15reconstruct_Chen_2_solution_normalized.pdb",
  "native_index": null,
  "model_pdb": "/tmp/rna_inf_ulx15u9g/PZ15reconstruct_Chen_2_refined_normalized.pdb",
  "model_index": null,
  "rmsd": 16.07437939382918,
  "inf_all": 0.7566040836457509,
  "inf_wc": 0.9565217391304348,
  "inf_nwc": 0.2581988897471611,
  "inf_stack": 0.709560194985489
}
{
  "native_pdb": "/tmp/rna_inf_brfk8hsi/PZ15reconstruct_Chen_3_solution_normalized.pdb",
  "native_index": null,
  "model_pdb": "/tmp/rna_inf_ac1l1k6n/PZ15reconstruct_Chen_3_refined_normalized.pdb",
  "model_index": null,
  "rmsd": 5.830304276983218,
  "inf_all": 0.8405316808386859,
  "inf_wc": 0.9789450103725609,
  "inf_nwc": 0.6708203932499369,
  "inf_stack": 0.7947194142390263
}
{
  "native_pdb": "/tmp/rna_inf_t59i1h1_/PZ15reconstruct_Chen_4_solution_normalized.pdb",
  "native_index": null,
  "model_pdb": "/tmp/rna_inf_mx_vnr4q/PZ15reconstruct_Chen_4_refined_normalized.pdb",
  "model_index": null,
  "rmsd": 8.868695930466922,
  "inf_all": 0.8124732686360745,
  "inf_wc": 0.9565217391304348,
  "inf_nwc": 0.6324555320336759,
  "inf_stack": 0.7647191129018726
}
{
  "native_pdb": "/tmp/rna_inf_jol8rpnv/PZ15reconstruct_Chen_5_solution_normalized.pdb",
  "native_index": null,
  "model_pdb": "/tmp/rna_inf_fmz98wf2/PZ15reconstruct_Chen_5_refined_normalized.pdb",
  "model_index": null,
  "rmsd": 16.6346289693658,
  "inf_all": 0.7669649888473704,
  "inf_wc": 0.9335638713962128,
  "inf_nwc": 0.4472135954999579,
  "inf_stack": 0.7190318509781666
}
{
  "native_pdb": "/tmp/rna_inf_me30vkeh/PZ15reconstruct_Chen_6_solution_normalized.pdb",
  "native_index": null,
  "model_pdb": "/tmp/rna_inf_tfrtpwwn/PZ15reconstruct_Chen_6_refined_normalized.pdb",
  "model_index": null,
  "rmsd": 5.86942114937208,
  "inf_all": 0.7497404395146354,
  "inf_wc": 0.9335638713962128,
  "inf_nwc": 0.31622776601683794,
  "inf_stack": 0.6988826808520128
}
{
  "native_pdb": "/tmp/rna_inf_o8xwfaal/PZ15reconstruct_Chen_7_solution_normalized.pdb",
  "native_index": null,
  "model_pdb": "/tmp/rna_inf_ygs7dwj7/PZ15reconstruct_Chen_7_refined_normalized.pdb",
  "model_index": null,
  "rmsd": 9.900091582044737,
  "inf_all": 0.7105973867986827,
  "inf_wc": 0.8695652173913043,
  "inf_nwc": -1.0,
  "inf_stack": 0.6701662532667129
}
{
  "native_pdb": "/tmp/rna_inf_y8n7wo05/PZ15reconstruct_Chen_8_solution_normalized.pdb",
  "native_index": null,
  "model_pdb": "/tmp/rna_inf_yrsqd0mf/PZ15reconstruct_Chen_8_refined_normalized.pdb",
  "model_index": null,
  "rmsd": 11.231622420659681,
  "inf_all": 0.6870959469652942,
  "inf_wc": 0.8392543274162824,
  "inf_nwc": 0.31622776601683794,
  "inf_stack": 0.6500112459665917
}
{
  "native_pdb": "/tmp/rna_inf_dvyxjqjw/PZ15reconstruct_Chen_9_solution_normalized.pdb",
  "native_index": null,
  "model_pdb": "/tmp/rna_inf_jh2nrs2d/PZ15reconstruct_Chen_9_refined_normalized.pdb",
  "model_index": null,
  "rmsd": 12.421941703806786,
  "inf_all": 0.6861372411737248,
  "inf_wc": 0.8610567718228918,
  "inf_nwc": 0.4472135954999579,
  "inf_stack": 0.6282808624375432
}
{
  "native_pdb": "/tmp/rna_inf_7izees_x/PZ15reconstruct_RNAComposerAS1_1_solution_normalized.pdb",
  "native_index": null,
  "model_pdb": "/tmp/rna_inf_hxk2anyy/PZ15reconstruct_RNAComposerAS1_1_refined_normalized.pdb",
  "model_index": null,
  "rmsd": 5.294756345535398,
  "inf_all": 0.9095085938862486,
  "inf_wc": 0.9789450103725609,
  "inf_nwc": 0.5163977794943222,
  "inf_stack": 0.9096925576737037
}
{
  "native_pdb": "/tmp/rna_inf_evnkkpaw/PZ15reconstruct_RNAComposerAS1_2_solution_normalized.pdb",
  "native_index": null,
  "model_pdb": "/tmp/rna_inf_sl8_gk6c/PZ15reconstruct_RNAComposerAS1_2_refined_normalized.pdb",
  "model_index": null,
  "rmsd": 5.49705927380589,
  "inf_all": 0.8652532008633531,
  "inf_wc": 0.9789450103725609,
  "inf_nwc": 0.4472135954999579,
  "inf_stack": 0.851485086684671
}
{
  "native_pdb": "/tmp/rna_inf_c_urr94v/PZ15reconstruct_RNAComposerAS2_1_solution_normalized.pdb",
  "native_index": null,
  "model_pdb": "/tmp/rna_inf_x6vxgvr5/PZ15reconstruct_RNAComposerAS2_1_refined_normalized.pdb",
  "model_index": null,
  "rmsd": 6.039944396679658,
  "inf_all": 0.7908085427336405,
  "inf_wc": 0.9789450103725609,
  "inf_nwc": 0.0,
  "inf_stack": 0.7503085784948502
}
{
  "native_pdb": "/tmp/rna_inf_w5sb6qzt/PZ15reconstruct_RNAComposerAS2_2_solution_normalized.pdb",
  "native_index": null,
  "model_pdb": "/tmp/rna_inf_zmyqg9vz/PZ15reconstruct_RNAComposerAS2_2_refined_normalized.pdb",
  "model_index": null,
  "rmsd": 5.931172976352427,
  "inf_all": 0.8037726172046837,
  "inf_wc": 0.9591663046625439,
  "inf_nwc": -1.0,
  "inf_stack": 0.7700535410868201
}
{
  "native_pdb": "/tmp/rna_inf_6jey25rj/PZ15reconstruct_RW3DAS1_1_solution_normalized.pdb",
  "native_index": null,
  "model_pdb": "/tmp/rna_inf_lx6yka4t/PZ15reconstruct_RW3DAS1_1_refined_normalized.pdb",
  "model_index": null,
  "rmsd": 16.136328473500246,
  "inf_all": 0.7857699686657545,
  "inf_wc": 0.9363821838346235,
  "inf_nwc": 0.22360679774997896,
  "inf_stack": 0.7679795983467752
}
{
  "native_pdb": "/tmp/rna_inf_6xdts0sl/PZ15reconstruct_RW3DAS1_10_solution_normalized.pdb",
  "native_index": null,
  "model_pdb": "/tmp/rna_inf_c2q9j8nc/PZ15reconstruct_RW3DAS1_10_refined_normalized.pdb",
  "model_index": null,
  "rmsd": 17.797021955704633,
  "inf_all": 0.7276068751089989,
  "inf_wc": 0.8996469021204838,
  "inf_nwc": 0.0,
  "inf_stack": 0.7047921864945659
}
{
  "native_pdb": "/tmp/rna_inf_33fhqd6i/PZ15reconstruct_RW3DAS1_2_solution_normalized.pdb",
  "native_index": null,
  "model_pdb": "/tmp/rna_inf_6hi95zec/PZ15reconstruct_RW3DAS1_2_refined_normalized.pdb",
  "model_index": null,
  "rmsd": 15.918324433482503,
  "inf_all": 0.7833599865673695,
  "inf_wc": 0.9565217391304348,
  "inf_nwc": 0.0,
  "inf_stack": 0.7679795983467752
}
{
  "native_pdb": "/tmp/rna_inf_3yq32xzm/PZ15reconstruct_RW3DAS1_3_solution_normalized.pdb",
  "native_index": null,
  "model_pdb": "/tmp/rna_inf_7hmn0uvi/PZ15reconstruct_RW3DAS1_3_refined_normalized.pdb",
  "model_index": null,
  "rmsd": 13.57244740617269,
  "inf_all": 0.7592566023652967,
  "inf_wc": 0.917463421851129,
  "inf_nwc": 0.1690308509457033,
  "inf_stack": 0.7568756326085965
}
{
  "native_pdb": "/tmp/rna_inf_0hy9e3tq/PZ15reconstruct_RW3DAS1_4_solution_normalized.pdb",
  "native_index": null,
  "model_pdb": "/tmp/rna_inf_m0olxgiz/PZ15reconstruct_RW3DAS1_4_refined_normalized.pdb",
  "model_index": null,
  "rmsd": 13.460781438782918,
  "inf_all": 0.7024307295648411,
  "inf_wc": 0.8828295892956408,
  "inf_nwc": 0.0,
  "inf_stack": 0.6862450236920773
}
{
  "native_pdb": "/tmp/rna_inf_otz_7xc_/PZ15reconstruct_RW3DAS1_5_solution_normalized.pdb",
  "native_index": null,
  "model_pdb": "/tmp/rna_inf_pf0t6c6f/PZ15reconstruct_RW3DAS1_5_refined_normalized.pdb",
  "model_index": null,
  "rmsd": 10.707837059183824,
  "inf_all": 0.7761140001162655,
  "inf_wc": 0.9363821838346235,
  "inf_nwc": 0.2581988897471611,
  "inf_stack": 0.7459478972924372
}
{
  "native_pdb": "/tmp/rna_inf_d3zvlb9k/PZ15reconstruct_RW3DAS1_6_solution_normalized.pdb",
  "native_index": null,
  "model_pdb": "/tmp/rna_inf_sei6zrfi/PZ15reconstruct_RW3DAS1_6_refined_normalized.pdb",
  "model_index": null,
  "rmsd": 14.42751804935244,
  "inf_all": 0.7416456007400171,
  "inf_wc": 0.9363821838346235,
  "inf_nwc": 0.0,
  "inf_stack": 0.7047921864945659
}
{
  "native_pdb": "/tmp/rna_inf_7l8hpx9w/PZ15reconstruct_RW3DAS1_7_solution_normalized.pdb",
  "native_index": null,
  "model_pdb": "/tmp/rna_inf_aaqhle9l/PZ15reconstruct_RW3DAS1_7_refined_normalized.pdb",
  "model_index": null,
  "rmsd": 14.114365119149175,
  "inf_all": 0.7397336563608156,
  "inf_wc": 0.9363821838346235,
  "inf_nwc": 0.0,
  "inf_stack": 0.709560194985489
}
{
  "native_pdb": "/tmp/rna_inf_ffax444t/PZ15reconstruct_RW3DAS1_8_solution_normalized.pdb",
  "native_index": null,
  "model_pdb": "/tmp/rna_inf_abnjypm4/PZ15reconstruct_RW3DAS1_8_refined_normalized.pdb",
  "model_index": null,
  "rmsd": 20.079176949827893,
  "inf_all": 0.7219061292050051,
  "inf_wc": 0.8996469021204838,
  "inf_nwc": 0.22360679774997896,
  "inf_stack": 0.6849348892187751
}
{
  "native_pdb": "/tmp/rna_inf_wlbuyelv/PZ15reconstruct_RW3DAS1_9_solution_normalized.pdb",
  "native_index": null,
  "model_pdb": "/tmp/rna_inf_1i4sqk9h/PZ15reconstruct_RW3DAS1_9_refined_normalized.pdb",
  "model_index": null,
  "rmsd": 13.927391492068462,
  "inf_all": 0.7592566023652967,
  "inf_wc": 0.917463421851129,
  "inf_nwc": 0.0,
  "inf_stack": 0.7459478972924372
}
{
  "native_pdb": "/tmp/rna_inf_npy9awrf/PZ15reconstruct_RW3DAS2_1_solution_normalized.pdb",
  "native_index": null,
  "model_pdb": "/tmp/rna_inf_waqi3tf9/PZ15reconstruct_RW3DAS2_1_refined_normalized.pdb",
  "model_index": null,
  "rmsd": 10.237289551723679,
  "inf_all": 0.7833599865673695,
  "inf_wc": 0.8996469021204838,
  "inf_nwc": 0.2581988897471611,
  "inf_stack": 0.7714542762891773
}
{
  "native_pdb": "/tmp/rna_inf_lisrfahk/PZ15reconstruct_RW3DAS2_10_solution_normalized.pdb",
  "native_index": null,
  "model_pdb": "/tmp/rna_inf_ofafrmgo/PZ15reconstruct_RW3DAS2_10_refined_normalized.pdb",
  "model_index": null,
  "rmsd": 13.60782004807912,
  "inf_all": 0.8117647058823529,
  "inf_wc": 0.9363821838346235,
  "inf_nwc": 0.2,
  "inf_stack": 0.8141911742155069
}
{
  "native_pdb": "/tmp/rna_inf_6d5ljzy5/PZ15reconstruct_RW3DAS2_2_solution_normalized.pdb",
  "native_index": null,
  "model_pdb": "/tmp/rna_inf_9krmpijh/PZ15reconstruct_RW3DAS2_2_refined_normalized.pdb",
  "model_index": null,
  "rmsd": 16.79309285403398,
  "inf_all": 0.7455751826215626,
  "inf_wc": 0.917463421851129,
  "inf_nwc": 0.22360679774997896,
  "inf_stack": 0.714399626369093
}
{
  "native_pdb": "/tmp/rna_inf_cdsdq9dt/PZ15reconstruct_RW3DAS2_3_solution_normalized.pdb",
  "native_index": null,
  "model_pdb": "/tmp/rna_inf_4nlldwln/PZ15reconstruct_RW3DAS2_3_refined_normalized.pdb",
  "model_index": null,
  "rmsd": 16.414079140873678,
  "inf_all": 0.7093502821972225,
  "inf_wc": 0.851843401928603,
  "inf_nwc": 0.0,
  "inf_stack": 0.6965396357098658
}
{
  "native_pdb": "/tmp/rna_inf_h8chwhtv/PZ15reconstruct_RW3DAS2_4_solution_normalized.pdb",
  "native_index": null,
  "model_pdb": "/tmp/rna_inf_a24fv865/PZ15reconstruct_RW3DAS2_4_refined_normalized.pdb",
  "model_index": null,
  "rmsd": 10.674607571759074,
  "inf_all": 0.7397336563608156,
  "inf_wc": 0.8996469021204838,
  "inf_nwc": 0.0,
  "inf_stack": 0.7233393492970543
}
{
  "native_pdb": "/tmp/rna_inf_a5xuce24/PZ15reconstruct_RW3DAS2_5_solution_normalized.pdb",
  "native_index": null,
  "model_pdb": "/tmp/rna_inf_a_lx916x/PZ15reconstruct_RW3DAS2_5_refined_normalized.pdb",
  "model_index": null,
  "rmsd": 9.811374075147793,
  "inf_all": 0.7351532181632238,
  "inf_wc": 0.917463421851129,
  "inf_nwc": 0.22360679774997896,
  "inf_stack": 0.6979824404521128
}
{
  "native_pdb": "/tmp/rna_inf_xv_sv2bo/PZ15reconstruct_RW3DAS2_6_solution_normalized.pdb",
  "native_index": null,
  "model_pdb": "/tmp/rna_inf_f0rjcoak/PZ15reconstruct_RW3DAS2_6_refined_normalized.pdb",
  "model_index": null,
  "rmsd": 19.236501159533937,
  "inf_all": 0.7426348067799091,
  "inf_wc": 0.8996469021204838,
  "inf_nwc": 0.2581988897471611,
  "inf_stack": 0.709560194985489
}
{
  "native_pdb": "/tmp/rna_inf_09_iwakf/PZ15reconstruct_RW3DAS2_7_solution_normalized.pdb",
  "native_index": null,
  "model_pdb": "/tmp/rna_inf_63jbo64c/PZ15reconstruct_RW3DAS2_7_refined_normalized.pdb",
  "model_index": null,
  "rmsd": 13.046316591100988,
  "inf_all": 0.7123135886441583,
  "inf_wc": 0.8828295892956408,
  "inf_nwc": 0.0,
  "inf_stack": 0.6811880693477368
}
{
  "native_pdb": "/tmp/rna_inf_o2xn55_q/PZ15reconstruct_RW3DAS2_8_solution_normalized.pdb",
  "native_index": null,
  "model_pdb": "/tmp/rna_inf_lu2g1jo2/PZ15reconstruct_RW3DAS2_8_refined_normalized.pdb",
  "model_index": null,
  "rmsd": 12.889921512172437,
  "inf_all": 0.7351532181632238,
  "inf_wc": 0.8996469021204838,
  "inf_nwc": 0.2581988897471611,
  "inf_stack": 0.6979824404521128
}
{
  "native_pdb": "/tmp/rna_inf_ryip28c8/PZ15reconstruct_RW3DAS2_9_solution_normalized.pdb",
  "native_index": null,
  "model_pdb": "/tmp/rna_inf_oicpyqz9/PZ15reconstruct_RW3DAS2_9_refined_normalized.pdb",
  "model_index": null,
  "rmsd": 13.31688171017383,
  "inf_all": 0.7738643630799098,
  "inf_wc": 0.917463421851129,
  "inf_nwc": 0.4472135954999579,
  "inf_stack": 0.7390086962623628
}
{
  "native_pdb": "/tmp/rna_inf_nm_a5m3i/PZ15reconstruct_SimRNAAS1_1_solution_normalized.pdb",
  "native_index": null,
  "model_pdb": "/tmp/rna_inf_jexj_ysh/PZ15reconstruct_SimRNAAS1_1_refined_normalized.pdb",
  "model_index": null,
  "rmsd": 5.9450635777287575,
  "inf_all": 0.7306568260253945,
  "inf_wc": 0.8340576562282991,
  "inf_nwc": 0.22360679774997896,
  "inf_stack": 0.727754046138963
}
{
  "native_pdb": "/tmp/rna_inf_49c25il6/PZ15reconstruct_SimRNAAS1_10_solution_normalized.pdb",
  "native_index": null,
  "model_pdb": "/tmp/rna_inf_34t54hoz/PZ15reconstruct_SimRNAAS1_10_refined_normalized.pdb",
  "model_index": null,
  "rmsd": 20.24005983767978,
  "inf_all": 0.7292848407276833,
  "inf_wc": 0.7769677791040541,
  "inf_nwc": 0.2581988897471611,
  "inf_stack": 0.7456011350793258
}
{
  "native_pdb": "/tmp/rna_inf_8anb8kk1/PZ15reconstruct_SimRNAAS1_2_solution_normalized.pdb",
  "native_index": null,
  "model_pdb": "/tmp/rna_inf_6tt7mkrz/PZ15reconstruct_SimRNAAS1_2_refined_normalized.pdb",
  "model_index": null,
  "rmsd": 20.348721915044564,
  "inf_all": 0.5963474256679913,
  "inf_wc": 0.4782608695652174,
  "inf_nwc": 0.2581988897471611,
  "inf_stack": 0.678914604256241
}
{
  "native_pdb": "/tmp/rna_inf_psnmnjs6/PZ15reconstruct_SimRNAAS1_3_solution_normalized.pdb",
  "native_index": null,
  "model_pdb": "/tmp/rna_inf_c_jigv1e/PZ15reconstruct_SimRNAAS1_3_refined_normalized.pdb",
  "model_index": null,
  "rmsd": 17.50758918357596,
  "inf_all": 0.44432131878535325,
  "inf_wc": 0.34050261230349943,
  "inf_nwc": 0.0,
  "inf_stack": 0.5518254055364692
}
{
  "native_pdb": "/tmp/rna_inf_4f9_chx0/PZ15reconstruct_SimRNAAS1_4_solution_normalized.pdb",
  "native_index": null,
  "model_pdb": "/tmp/rna_inf_ryx6kjig/PZ15reconstruct_SimRNAAS1_4_refined_normalized.pdb",
  "model_index": null,
  "rmsd": 22.908728419912613,
  "inf_all": 0.49510089807510793,
  "inf_wc": 0.21739130434782608,
  "inf_nwc": 0.2581988897471611,
  "inf_stack": 0.6375695733065302
}
{
  "native_pdb": "/tmp/rna_inf__910adzt/PZ15reconstruct_SimRNAAS1_5_solution_normalized.pdb",
  "native_index": null,
  "model_pdb": "/tmp/rna_inf_zqubh8me/PZ15reconstruct_SimRNAAS1_5_refined_normalized.pdb",
  "model_index": null,
  "rmsd": 20.353002267694972,
  "inf_all": 0.5857580002418717,
  "inf_wc": 0.46819109191731173,
  "inf_nwc": 0.31622776601683794,
  "inf_stack": 0.6549786415250667
}
{
  "native_pdb": "/tmp/rna_inf_11rlq2jh/PZ15reconstruct_SimRNAAS1_6_solution_normalized.pdb",
  "native_index": null,
  "model_pdb": "/tmp/rna_inf_9xze48du/PZ15reconstruct_SimRNAAS1_6_refined_normalized.pdb",
  "model_index": null,
  "rmsd": 22.11279469280657,
  "inf_all": 0.5225562318831115,
  "inf_wc": 0.34050261230349943,
  "inf_nwc": 0.0,
  "inf_stack": 0.6368783518755519
}
{
  "native_pdb": "/tmp/rna_inf_6gysr_eb/PZ15reconstruct_SimRNAAS1_7_solution_normalized.pdb",
  "native_index": null,
  "model_pdb": "/tmp/rna_inf_2zaea5yo/PZ15reconstruct_SimRNAAS1_7_refined_normalized.pdb",
  "model_index": null,
  "rmsd": 18.163265199537346,
  "inf_all": 0.7130240959073808,
  "inf_wc": 0.8260869565217391,
  "inf_nwc": 0.22360679774997896,
  "inf_stack": 0.7069625178409298
}
{
  "native_pdb": "/tmp/rna_inf__ui844c9/PZ15reconstruct_SimRNAAS1_8_solution_normalized.pdb",
  "native_index": null,
  "model_pdb": "/tmp/rna_inf_pnhqm_gs/PZ15reconstruct_SimRNAAS1_8_refined_normalized.pdb",
  "model_index": null,
  "rmsd": 21.14419704807391,
  "inf_all": 0.7138956918370704,
  "inf_wc": 0.8260869565217391,
  "inf_nwc": 0.2581988897471611,
  "inf_stack": 0.7001099601629517
}
{
  "native_pdb": "/tmp/rna_inf_roublgir/PZ15reconstruct_SimRNAAS1_9_solution_normalized.pdb",
  "native_index": null,
  "model_pdb": "/tmp/rna_inf_285hgtby/PZ15reconstruct_SimRNAAS1_9_refined_normalized.pdb",
  "model_index": null,
  "rmsd": 17.65317317591614,
  "inf_all": 0.7648803937915539,
  "inf_wc": 0.893819357296686,
  "inf_nwc": 0.31622776601683794,
  "inf_stack": 0.7388188340435564
}
{
  "native_pdb": "/tmp/rna_inf_xk5my39e/PZ15reconstruct_SimRNAAS2_1_solution_normalized.pdb",
  "native_index": null,
  "model_pdb": "/tmp/rna_inf__qph4mh9/PZ15reconstruct_SimRNAAS2_1_refined_normalized.pdb",
  "model_index": null,
  "rmsd": 13.617423819913302,
  "inf_all": 0.7688073753174567,
  "inf_wc": 0.9363821838346235,
  "inf_nwc": 0.2,
  "inf_stack": 0.7492686492653552
}
{
  "native_pdb": "/tmp/rna_inf_045bkoae/PZ15reconstruct_SimRNAAS2_10_solution_normalized.pdb",
  "native_index": null,
  "model_pdb": "/tmp/rna_inf_wqamqncg/PZ15reconstruct_SimRNAAS2_10_refined_normalized.pdb",
  "model_index": null,
  "rmsd": 19.85134702269599,
  "inf_all": 0.7518604376126322,
  "inf_wc": 0.9363821838346235,
  "inf_nwc": 0.22360679774997896,
  "inf_stack": 0.7163503994113789
}
{
  "native_pdb": "/tmp/rna_inf_eknbimhc/PZ15reconstruct_SimRNAAS2_2_solution_normalized.pdb",
  "native_index": null,
  "model_pdb": "/tmp/rna_inf_jeg73c9l/PZ15reconstruct_SimRNAAS2_2_refined_normalized.pdb",
  "model_index": null,
  "rmsd": 18.358941633308454,
  "inf_all": 0.7833599865673695,
  "inf_wc": 0.917463421851129,
  "inf_nwc": 0.31622776601683794,
  "inf_stack": 0.7570332986102252
}
{
  "native_pdb": "/tmp/rna_inf_ynjq8om4/PZ15reconstruct_SimRNAAS2_3_solution_normalized.pdb",
  "native_index": null,
  "model_pdb": "/tmp/rna_inf_w63d41qt/PZ15reconstruct_SimRNAAS2_3_refined_normalized.pdb",
  "model_index": null,
  "rmsd": 19.843676002248227,
  "inf_all": 0.761958757494065,
  "inf_wc": 0.893819357296686,
  "inf_nwc": 0.2581988897471611,
  "inf_stack": 0.7433919416750281
}
{
  "native_pdb": "/tmp/rna_inf_xxq1t3hk/PZ15reconstruct_SimRNAAS2_4_solution_normalized.pdb",
  "native_index": null,
  "model_pdb": "/tmp/rna_inf_sfxt_f10/PZ15reconstruct_SimRNAAS2_4_refined_normalized.pdb",
  "model_index": null,
  "rmsd": 9.410670842045661,
  "inf_all": 0.7489987945238812,
  "inf_wc": 0.9565217391304348,
  "inf_nwc": 0.2581988897471611,
  "inf_stack": 0.6955304436071238
}
{
  "native_pdb": "/tmp/rna_inf_ub628sve/PZ15reconstruct_SimRNAAS2_5_solution_normalized.pdb",
  "native_index": null,
  "model_pdb": "/tmp/rna_inf_2x9yqvoq/PZ15reconstruct_SimRNAAS2_5_refined_normalized.pdb",
  "model_index": null,
  "rmsd": 19.5105586611322,
  "inf_all": 0.7663671207646842,
  "inf_wc": 0.9363821838346235,
  "inf_nwc": 0.22360679774997896,
  "inf_stack": 0.7379537417933815
}
{
  "native_pdb": "/tmp/rna_inf__oo72ago/PZ15reconstruct_SimRNAAS2_6_solution_normalized.pdb",
  "native_index": null,
  "model_pdb": "/tmp/rna_inf_oavjbjsl/PZ15reconstruct_SimRNAAS2_6_refined_normalized.pdb",
  "model_index": null,
  "rmsd": 20.25480638874406,
  "inf_all": 0.7514691493021795,
  "inf_wc": 0.9363821838346235,
  "inf_nwc": 0.22360679774997896,
  "inf_stack": 0.7148507337073218
}
{
  "native_pdb": "/tmp/rna_inf_l92gscid/PZ15reconstruct_SimRNAAS2_7_solution_normalized.pdb",
  "native_index": null,
  "model_pdb": "/tmp/rna_inf_zr_4axne/PZ15reconstruct_SimRNAAS2_7_refined_normalized.pdb",
  "model_index": null,
  "rmsd": 9.0387568992425,
  "inf_all": 0.7091834575556513,
  "inf_wc": 0.893819357296686,
  "inf_nwc": 0.31622776601683794,
  "inf_stack": 0.6556100681071858
}
{
  "native_pdb": "/tmp/rna_inf_unzas24j/PZ15reconstruct_SimRNAAS2_8_solution_normalized.pdb",
  "native_index": null,
  "model_pdb": "/tmp/rna_inf_1s_7upbh/PZ15reconstruct_SimRNAAS2_8_refined_normalized.pdb",
  "model_index": null,
  "rmsd": 21.90983493971091,
  "inf_all": 0.7787278807770178,
  "inf_wc": 0.9130434782608695,
  "inf_nwc": 0.22360679774997896,
  "inf_stack": 0.768000365496989
}
{
  "native_pdb": "/tmp/rna_inf_ogj6qupz/PZ15reconstruct_SimRNAAS2_9_solution_normalized.pdb",
  "native_index": null,
  "model_pdb": "/tmp/rna_inf_03x8qwu1/PZ15reconstruct_SimRNAAS2_9_refined_normalized.pdb",
  "model_index": null,
  "rmsd": 12.238191215833044,
  "inf_all": 0.7592566023652967,
  "inf_wc": 0.9363821838346235,
  "inf_nwc": 0.2,
  "inf_stack": 0.734718358370645
}
