{
  "native_pdb": "/tmp/rna_inf_0ashjswa/18_3dRNA_1_solution_normalized.pdb",
  "native_index": null,
  "model_pdb": "/tmp/rna_inf_2zebv3f5/18_3dRNA_1_refined_normalized.pdb",
  "model_index": null,
  "rmsd": 18.821379594243027,
  "inf_all": 0.7061585351099688,
  "inf_wc": 0.7844645405527362,
  "inf_nwc": 0.408248290463863,
  "inf_stack": 0.6963106238227914
}
{
  "native_pdb": "/tmp/rna_inf_95aafjwy/18_solution_0_normalized.pdb",
  "native_index": null,
  "model_pdb": "/tmp/rna_inf_mb71rk74/18_3dRNA_2_normalized.pdb",
  "model_index": null,
  "rmsd": 19.207043248850677,
  "inf_all": 0.7222668079692303,
  "inf_wc": 0.76,
  "inf_nwc": 0.4714045207910317,
  "inf_stack": 0.7272975653980149
}
{
  "native_pdb": "/tmp/rna_inf_csp69xpu/18_solution_0_normalized.pdb",
  "native_index": null,
  "model_pdb": "/tmp/rna_inf_0byyje61/18_3dRNA_3_normalized.pdb",
  "model_index": null,
  "rmsd": 20.286883330006567,
  "inf_all": 0.7221517764084326,
  "inf_wc": 0.816496580927726,
  "inf_nwc": 0.408248290463863,
  "inf_stack": 0.7073171983259131
}
{
  "native_pdb": "/tmp/rna_inf__myed99v/18_solution_0_normalized.pdb",
  "native_index": null,
  "model_pdb": "/tmp/rna_inf_yup9ggkz/18_3dRNA_4_normalized.pdb",
  "model_index": null,
  "rmsd": 12.449048439689436,
  "inf_all": 0.6782367663050285,
  "inf_wc": 0.7844645405527362,
  "inf_nwc": 0.0,
  "inf_stack": 0.6780635036208104
}
{
  "native_pdb": "/tmp/rna_inf_r_zy1r32/18_solution_0_normalized.pdb",
  "native_index": null,
  "model_pdb": "/tmp/rna_inf_5ov2kc2j/18_3dRNA_5_normalized.pdb",
  "model_index": null,
  "rmsd": 24.09116431281739,
  "inf_all": 0.6598530573978397,
  "inf_wc": 0.76,
  "inf_nwc": 0.23570226039551584,
  "inf_stack": 0.6500237412568336
}
{
  "native_pdb": "/tmp/rna_inf_ry00flaq/18_solution_0_normalized.pdb",
  "native_index": null,
  "model_pdb": "/tmp/rna_inf_sssxqnv5/18_Chen_1_normalized.pdb",
  "model_index": null,
  "rmsd": 3.739736788441373,
  "inf_all": 0.7939430445922437,
  "inf_wc": 0.9622504486493763,
  "inf_nwc": 0.5773502691896257,
  "inf_stack": 0.7378647873726218
}
{
  "native_pdb": "/tmp/rna_inf_c2lnavbv/18_solution_0_normalized.pdb",
  "native_index": null,
  "model_pdb": "/tmp/rna_inf_lj2bpchi/18_Chen_2_normalized.pdb",
  "model_index": null,
  "rmsd": 6.6358131686230255,
  "inf_all": 0.8284623074006021,
  "inf_wc": 0.96,
  "inf_nwc": 0.5773502691896257,
  "inf_stack": 0.7935753932437073
}
{
  "native_pdb": "/tmp/rna_inf_t8a1oc5p/18_solution_0_normalized.pdb",
  "native_index": null,
  "model_pdb": "/tmp/rna_inf_wjk_wxpi/18_Chen_3_normalized.pdb",
  "model_index": null,
  "rmsd": 9.165342489481452,
  "inf_all": 0.7032108464077431,
  "inf_wc": 0.76,
  "inf_nwc": 0.0,
  "inf_stack": 0.7202965781494641
}
{
  "native_pdb": "/tmp/rna_inf_8t0pct6p/18_solution_0_normalized.pdb",
  "native_index": null,
  "model_pdb": "/tmp/rna_inf_slaofifh/18_Chen_4_normalized.pdb",
  "model_index": null,
  "rmsd": 9.2730675115333,
  "inf_all": 0.6809399224343453,
  "inf_wc": 0.7756717518813397,
  "inf_nwc": 0.0,
  "inf_stack": 0.6803091303374612
}
{
  "native_pdb": "/tmp/rna_inf_c3hi9bla/18_solution_0_normalized.pdb",
  "native_index": null,
  "model_pdb": "/tmp/rna_inf_7os3c7h7/18_Chen_5_normalized.pdb",
  "model_index": null,
  "rmsd": 15.848370290525477,
  "inf_all": 0.7008446585151962,
  "inf_wc": 0.76,
  "inf_nwc": 0.0,
  "inf_stack": 0.7227145938617754
}
{
  "native_pdb": "/tmp/rna_inf__wpi_hjt/18_solution_0_normalized.pdb",
  "native_index": null,
  "model_pdb": "/tmp/rna_inf_knakku2g/18_Das_1_normalized.pdb",
  "model_index": null,
  "rmsd": 5.496171943886623,
  "inf_all": 0.8524717441265496,
  "inf_wc": 0.9805806756909202,
  "inf_nwc": 0.6172133998483676,
  "inf_stack": 0.8235584906796976
}
{
  "native_pdb": "/tmp/rna_inf_8gxoti3b/18_solution_0_normalized.pdb",
  "native_index": null,
  "model_pdb": "/tmp/rna_inf_tp79fwhh/18_Das_2_normalized.pdb",
  "model_index": null,
  "rmsd": 3.877477656821973,
  "inf_all": 0.8729414997735313,
  "inf_wc": 0.9805806756909202,
  "inf_nwc": 0.5477225575051661,
  "inf_stack": 0.8571731229523383
}
{
  "native_pdb": "/tmp/rna_inf_ihdd4lk9/18_solution_0_normalized.pdb",
  "native_index": null,
  "model_pdb": "/tmp/rna_inf_ola_jaan/18_Das_3_normalized.pdb",
  "model_index": null,
  "rmsd": 5.63291862566044,
  "inf_all": 0.8649786021807334,
  "inf_wc": 0.9805806756909202,
  "inf_nwc": 0.5773502691896257,
  "inf_stack": 0.85
}
{
  "native_pdb": "/tmp/rna_inf_kf7s2qv0/18_solution_0_normalized.pdb",
  "native_index": null,
  "model_pdb": "/tmp/rna_inf_7s3fqm6d/18_Das_4_normalized.pdb",
  "model_index": null,
  "rmsd": 5.698201844596633,
  "inf_all": 0.8527684108291537,
  "inf_wc": 0.9622504486493763,
  "inf_nwc": 0.3651483716701107,
  "inf_stack": 0.8511922825582904
}
{
  "native_pdb": "/tmp/rna_inf_1ddf3laa/18_solution_0_normalized.pdb",
  "native_index": null,
  "model_pdb": "/tmp/rna_inf_yqgd1enf/18_Das_5_normalized.pdb",
  "model_index": null,
  "rmsd": 10.903730688949377,
  "inf_all": 0.8020005588336291,
  "inf_wc": 0.916515138991168,
  "inf_nwc": 0.3651483716701107,
  "inf_stack": 0.7979927648983972
}
{
  "native_pdb": "/tmp/rna_inf_tu_zi7wy/18_solution_0_normalized.pdb",
  "native_index": null,
  "model_pdb": "/tmp/rna_inf_l5pw3lhz/18_Ding_1_normalized.pdb",
  "model_index": null,
  "rmsd": 20.280072276934987,
  "inf_all": 0.6252818913170464,
  "inf_wc": 0.6667948594698258,
  "inf_nwc": 0.28867513459481287,
  "inf_stack": 0.6335525936249404
}
{
  "native_pdb": "/tmp/rna_inf_dv6gjxjj/18_solution_0_normalized.pdb",
  "native_index": null,
  "model_pdb": "/tmp/rna_inf_dnp9ie_7/18_Ding_2_normalized.pdb",
  "model_index": null,
  "rmsd": 21.130004054422947,
  "inf_all": 0.7018916771032878,
  "inf_wc": 0.7844645405527362,
  "inf_nwc": 0.0,
  "inf_stack": 0.7073171983259131
}
{
  "native_pdb": "/tmp/rna_inf_8q6g5l7w/18_solution_0_normalized.pdb",
  "native_index": null,
  "model_pdb": "/tmp/rna_inf_8ds6jhpm/18_Ding_3_normalized.pdb",
  "model_index": null,
  "rmsd": 16.449934721129235,
  "inf_all": 0.6563301233138936,
  "inf_wc": 0.68,
  "inf_nwc": 0.0,
  "inf_stack": 0.691593729578611
}
{
  "native_pdb": "/tmp/rna_inf_1fzbszxz/18_solution_0_normalized.pdb",
  "native_index": null,
  "model_pdb": "/tmp/rna_inf__yri8rdq/18_Ding_4_normalized.pdb",
  "model_index": null,
  "rmsd": 24.924427447087204,
  "inf_all": 0.477852577146909,
  "inf_wc": 0.28,
  "inf_nwc": -1.0,
  "inf_stack": 0.5907947710825322
}
{
  "native_pdb": "/tmp/rna_inf_vtvwxu6w/18_solution_0_normalized.pdb",
  "native_index": null,
  "model_pdb": "/tmp/rna_inf_2r_pwcl6/18_Ding_5_normalized.pdb",
  "model_index": null,
  "rmsd": 16.14841150792789,
  "inf_all": 0.6613558465853374,
  "inf_wc": 0.7844645405527362,
  "inf_nwc": 0.0,
  "inf_stack": 0.6521864934374386
}
{
  "native_pdb": "/tmp/rna_inf_1rz9hrcz/18_solution_0_normalized.pdb",
  "native_index": null,
  "model_pdb": "/tmp/rna_inf_5am4qmc4/18_Dokholyan_1_normalized.pdb",
  "model_index": null,
  "rmsd": 8.44028889042046,
  "inf_all": 0.7043760681620129,
  "inf_wc": 0.8236877675803729,
  "inf_nwc": 0.0,
  "inf_stack": 0.694022093788567
}
{
  "native_pdb": "/tmp/rna_inf_0to094dp/18_solution_0_normalized.pdb",
  "native_index": null,
  "model_pdb": "/tmp/rna_inf_yfeull2z/18_Dokholyan_2_normalized.pdb",
  "model_index": null,
  "rmsd": 11.953536679191112,
  "inf_all": 0.7215694257349003,
  "inf_wc": 0.8082903768654761,
  "inf_nwc": -1.0,
  "inf_stack": 0.7201115233494088
}
{
  "native_pdb": "/tmp/rna_inf_l3a618vj/18_solution_0_normalized.pdb",
  "native_index": null,
  "model_pdb": "/tmp/rna_inf_y3bdgymg/18_Dokholyan_3_normalized.pdb",
  "model_index": null,
  "rmsd": 7.902994860814211,
  "inf_all": 0.6495983543529201,
  "inf_wc": 0.84,
  "inf_nwc": 0.0,
  "inf_stack": 0.6067798762169179
}
{
  "native_pdb": "/tmp/rna_inf_p_btnppq/18_solution_0_normalized.pdb",
  "native_index": null,
  "model_pdb": "/tmp/rna_inf_f3cr3hcs/18_Lee_1_normalized.pdb",
  "model_index": null,
  "rmsd": 22.79291804991963,
  "inf_all": 0.5605589301994164,
  "inf_wc": 0.6158402871356008,
  "inf_nwc": 0.28867513459481287,
  "inf_stack": 0.5581052602166383
}
{
  "native_pdb": "/tmp/rna_inf_67tjh37_/18_solution_0_normalized.pdb",
  "native_index": null,
  "model_pdb": "/tmp/rna_inf_xt08nsom/18_Lee_2_normalized.pdb",
  "model_index": null,
  "rmsd": 21.15892478332732,
  "inf_all": 0.6173232927362408,
  "inf_wc": 0.64,
  "inf_nwc": -1.0,
  "inf_stack": 0.6383106423916777
}
{
  "native_pdb": "/tmp/rna_inf_8a_u6phe/18_solution_0_normalized.pdb",
  "native_index": null,
  "model_pdb": "/tmp/rna_inf_64zjow9c/18_Lee_3_normalized.pdb",
  "model_index": null,
  "rmsd": 21.421063147111806,
  "inf_all": 0.42942360957384607,
  "inf_wc": 0.2919201796799047,
  "inf_nwc": 0.0,
  "inf_stack": 0.5163977794943222
}
{
  "native_pdb": "/tmp/rna_inf_za9g4k3q/18_solution_0_normalized.pdb",
  "native_index": null,
  "model_pdb": "/tmp/rna_inf_7yz7yg2a/18_Lee_4_normalized.pdb",
  "model_index": null,
  "rmsd": 22.157594996727305,
  "inf_all": 0.5816049344725003,
  "inf_wc": 0.6275716324421889,
  "inf_nwc": -1.0,
  "inf_stack": 0.5907947710825322
}
{
  "native_pdb": "/tmp/rna_inf_gqe0cavl/18_solution_0_normalized.pdb",
  "native_index": null,
  "model_pdb": "/tmp/rna_inf_mk9jfr_i/18_Lee_5_normalized.pdb",
  "model_index": null,
  "rmsd": 24.549305760851677,
  "inf_all": 0.5810184313620503,
  "inf_wc": 0.64,
  "inf_nwc": -1.0,
  "inf_stack": 0.5842373946721772
}
{
  "native_pdb": "/tmp/rna_inf_8olw1age/18_solution_0_normalized.pdb",
  "native_index": null,
  "model_pdb": "/tmp/rna_inf_a4epjq3y/18_RNAComposer_1_normalized.pdb",
  "model_index": null,
  "rmsd": 20.73703698995322,
  "inf_all": 0.6899593872424348,
  "inf_wc": 0.7844645405527362,
  "inf_nwc": 0.4714045207910317,
  "inf_stack": 0.666213614173521
}
{
  "native_pdb": "/tmp/rna_inf_g20j43nk/18_solution_0_normalized.pdb",
  "native_index": null,
  "model_pdb": "/tmp/rna_inf_4666k3bb/18_RNAComposer_2_normalized.pdb",
  "model_index": null,
  "rmsd": 21.14310163451285,
  "inf_all": 0.7002998190587248,
  "inf_wc": 0.816496580927726,
  "inf_nwc": 0.4714045207910317,
  "inf_stack": 0.6688689116075233
}
{
  "native_pdb": "/tmp/rna_inf_5a8jtwcs/18_solution_0_normalized.pdb",
  "native_index": null,
  "model_pdb": "/tmp/rna_inf_lj8iwn3n/18_RNAComposer_3_normalized.pdb",
  "model_index": null,
  "rmsd": 20.618705574193648,
  "inf_all": 0.6689936080056726,
  "inf_wc": 0.6667948594698258,
  "inf_nwc": 0.408248290463863,
  "inf_stack": 0.6967503088681063
}
{
  "native_pdb": "/tmp/rna_inf_toa5pc5_/18_solution_0_normalized.pdb",
  "native_index": null,
  "model_pdb": "/tmp/rna_inf_wdhyz314/18_RNAComposer_4_normalized.pdb",
  "model_index": null,
  "rmsd": 20.773784713641355,
  "inf_all": 0.7002998190587248,
  "inf_wc": 0.7844645405527362,
  "inf_nwc": 0.408248290463863,
  "inf_stack": 0.6894542930624352
}
{
  "native_pdb": "/tmp/rna_inf_de05r0x4/18_solution_0_normalized.pdb",
  "native_index": null,
  "model_pdb": "/tmp/rna_inf_fast5a63/18_RNAComposer_5_normalized.pdb",
  "model_index": null,
  "rmsd": 15.21063428422329,
  "inf_all": 0.638000791366857,
  "inf_wc": 0.76,
  "inf_nwc": 0.408248290463863,
  "inf_stack": 0.6033366817251804
}
{
  "native_pdb": "/tmp/rna_inf_6q7auo5h/18_solution_0_normalized.pdb",
  "native_index": null,
  "model_pdb": "/tmp/rna_inf__g7kz1tx/18_RW3D_1_normalized.pdb",
  "model_index": null,
  "rmsd": 16.346169546019034,
  "inf_all": 0.6646913536828575,
  "inf_wc": 0.7844645405527362,
  "inf_nwc": 0.3651483716701107,
  "inf_stack": 0.640257040581503
}
{
  "native_pdb": "/tmp/rna_inf_16xtp0nv/18_solution_0_normalized.pdb",
  "native_index": null,
  "model_pdb": "/tmp/rna_inf_iuqzeh4c/18_RW3D_10_normalized.pdb",
  "model_index": null,
  "rmsd": 13.383014980447115,
  "inf_all": 0.6733804983414345,
  "inf_wc": 0.769800358919501,
  "inf_nwc": 0.408248290463863,
  "inf_stack": 0.6543303050815759
}
{
  "native_pdb": "/tmp/rna_inf_se5ylzwa/18_solution_0_normalized.pdb",
  "native_index": null,
  "model_pdb": "/tmp/rna_inf_hqsycyev/18_RW3D_2_normalized.pdb",
  "model_index": null,
  "rmsd": 9.81956270805155,
  "inf_all": 0.6536457352823066,
  "inf_wc": 0.7844645405527362,
  "inf_nwc": 0.3651483716701107,
  "inf_stack": 0.6227991553292184
}
{
  "native_pdb": "/tmp/rna_inf_23c2j7_s/18_solution_0_normalized.pdb",
  "native_index": null,
  "model_pdb": "/tmp/rna_inf_azl71duo/18_RW3D_3_normalized.pdb",
  "model_index": null,
  "rmsd": 12.49018107300349,
  "inf_all": 0.6765608421414799,
  "inf_wc": 0.769800358919501,
  "inf_nwc": 0.408248290463863,
  "inf_stack": 0.6590881300103707
}
{
  "native_pdb": "/tmp/rna_inf_ulk1w282/18_solution_0_normalized.pdb",
  "native_index": null,
  "model_pdb": "/tmp/rna_inf_vbo_h_qu/18_RW3D_4_normalized.pdb",
  "model_index": null,
  "rmsd": 11.509314864737894,
  "inf_all": 0.6914906656342807,
  "inf_wc": 0.769800358919501,
  "inf_nwc": 0.4714045207910317,
  "inf_stack": 0.6755244875897048
}
{
  "native_pdb": "/tmp/rna_inf_3fz_x2ht/18_solution_0_normalized.pdb",
  "native_index": null,
  "model_pdb": "/tmp/rna_inf_d7e7sxl_/18_RW3D_5_normalized.pdb",
  "model_index": null,
  "rmsd": 13.36240761982116,
  "inf_all": 0.6689936080056726,
  "inf_wc": 0.769800358919501,
  "inf_nwc": 0.408248290463863,
  "inf_stack": 0.6471789394828488
}
{
  "native_pdb": "/tmp/rna_inf_47jkj47c/18_solution_0_normalized.pdb",
  "native_index": null,
  "model_pdb": "/tmp/rna_inf_v7w1dclb/18_RW3D_6_normalized.pdb",
  "model_index": null,
  "rmsd": 10.342114291988699,
  "inf_all": 0.6657502859356826,
  "inf_wc": 0.7844645405527362,
  "inf_nwc": 0.28867513459481287,
  "inf_stack": 0.640257040581503
}
{
  "native_pdb": "/tmp/rna_inf_p_q6yd8n/18_solution_0_normalized.pdb",
  "native_index": null,
  "model_pdb": "/tmp/rna_inf_zyloim9t/18_RW3D_7_normalized.pdb",
  "model_index": null,
  "rmsd": 14.957295355207007,
  "inf_all": 0.6840593001816248,
  "inf_wc": 0.769800358919501,
  "inf_nwc": 0.408248290463863,
  "inf_stack": 0.6708203932499369
}
{
  "native_pdb": "/tmp/rna_inf_j40fdko8/18_solution_0_normalized.pdb",
  "native_index": null,
  "model_pdb": "/tmp/rna_inf_h8wqh4zq/18_RW3D_8_normalized.pdb",
  "model_index": null,
  "rmsd": 15.707322977810529,
  "inf_all": 0.6613558465853374,
  "inf_wc": 0.769800358919501,
  "inf_nwc": 0.4714045207910317,
  "inf_stack": 0.6281442647921768
}
{
  "native_pdb": "/tmp/rna_inf_703wfuvw/18_solution_0_normalized.pdb",
  "native_index": null,
  "model_pdb": "/tmp/rna_inf_vvnuffgf/18_RW3D_9_normalized.pdb",
  "model_index": null,
  "rmsd": 17.20760157230225,
  "inf_all": 0.6778548365890588,
  "inf_wc": 0.7844645405527362,
  "inf_nwc": 0.4714045207910317,
  "inf_stack": 0.6471789394828488
}
{
  "native_pdb": "/tmp/rna_inf_yucu_tuk/18_solution_0_normalized.pdb",
  "native_index": null,
  "model_pdb": "/tmp/rna_inf_h3e1a44i/18_simRNA_1_normalized.pdb",
  "model_index": null,
  "rmsd": 23.141407351786707,
  "inf_all": 0.5082950505010435,
  "inf_wc": 0.2921186973360886,
  "inf_nwc": 0.408248290463863,
  "inf_stack": 0.6218706970438532
}
{
  "native_pdb": "/tmp/rna_inf_ofvq2xuo/18_solution_0_normalized.pdb",
  "native_index": null,
  "model_pdb": "/tmp/rna_inf_q1i5_44r/18_simRNA_2_normalized.pdb",
  "model_index": null,
  "rmsd": 10.276796330224863,
  "inf_all": 0.6172133998483676,
  "inf_wc": 0.7060180864974626,
  "inf_nwc": 0.23570226039551584,
  "inf_stack": 0.6086116686897369
}
{
  "native_pdb": "/tmp/rna_inf_q0s4xtom/18_solution_0_normalized.pdb",
  "native_index": null,
  "model_pdb": "/tmp/rna_inf_64mw4ejh/18_simRNA_3_normalized.pdb",
  "model_index": null,
  "rmsd": 24.63250941686159,
  "inf_all": 0.5868274677420932,
  "inf_wc": 0.5773502691896257,
  "inf_nwc": 0.28867513459481287,
  "inf_stack": 0.6148873228105182
}
{
  "native_pdb": "/tmp/rna_inf_b43ctj5z/18_solution_0_normalized.pdb",
  "native_index": null,
  "model_pdb": "/tmp/rna_inf_ycc2f_wd/18_YagoubAli_1_normalized.pdb",
  "model_index": null,
  "rmsd": 18.671131446737228,
  "inf_all": 0.6373065430731434,
  "inf_wc": 0.7844645405527362,
  "inf_nwc": 0.408248290463863,
  "inf_stack": 0.5900749154108328
}
{
  "native_pdb": "/tmp/rna_inf_0ml1_j78/18_solution_0_normalized.pdb",
  "native_index": null,
  "model_pdb": "/tmp/rna_inf_iahrtjqi/PZ18_DasORIGINAL_1_normalized.pdb",
  "model_index": null,
  "rmsd": 5.632916114257399,
  "inf_all": 0.8649786021807334,
  "inf_wc": 0.9805806756909202,
  "inf_nwc": 0.5773502691896257,
  "inf_stack": 0.85
}
{
  "native_pdb": "/tmp/rna_inf_2lpp541f/18_solution_0_normalized.pdb",
  "native_index": null,
  "model_pdb": "/tmp/rna_inf_t_96z6ti/PZ18_DasORIGINAL_2_normalized.pdb",
  "model_index": null,
  "rmsd": 4.0336362837189865,
  "inf_all": 0.8743299939759483,
  "inf_wc": 0.9805806756909202,
  "inf_nwc": 0.6666666666666666,
  "inf_stack": 0.85
}
{
  "native_pdb": "/tmp/rna_inf_xrl47taa/18_solution_0_normalized.pdb",
  "native_index": null,
  "model_pdb": "/tmp/rna_inf_nrhr3nbf/PZ18_DasORIGINAL_3_normalized.pdb",
  "model_index": null,
  "rmsd": 3.2084497626177955,
  "inf_all": 0.8681318681318682,
  "inf_wc": 0.9805806756909202,
  "inf_nwc": 0.6666666666666666,
  "inf_stack": 0.8403658068160179
}
{
  "native_pdb": "/tmp/rna_inf_ch_c7lrk/18_solution_0_normalized.pdb",
  "native_index": null,
  "model_pdb": "/tmp/rna_inf_e3nn0mda/PZ18_DasORIGINAL_4_normalized.pdb",
  "model_index": null,
  "rmsd": 5.698192015844569,
  "inf_all": 0.8527684108291537,
  "inf_wc": 0.9622504486493763,
  "inf_nwc": 0.3651483716701107,
  "inf_stack": 0.8511922825582904
}
{
  "native_pdb": "/tmp/rna_inf_rx8k0s8z/18_solution_0_normalized.pdb",
  "native_index": null,
  "model_pdb": "/tmp/rna_inf_4cc7ih42/PZ18_DasORIGINAL_5_normalized.pdb",
  "model_index": null,
  "rmsd": 10.903722062189587,
  "inf_all": 0.8020005588336291,
  "inf_wc": 0.916515138991168,
  "inf_nwc": 0.3651483716701107,
  "inf_stack": 0.7979927648983972
}
{
  "native_pdb": "/tmp/rna_inf_dc_bsx5g/18_solution_0_normalized.pdb",
  "native_index": null,
  "model_pdb": "/tmp/rna_inf_8ewwsm4s/PZ18_LeeAS_1_normalized.pdb",
  "model_index": null,
  "rmsd": 23.171625139441833,
  "inf_all": 0.5473974953850969,
  "inf_wc": 0.6275716324421889,
  "inf_nwc": 0.0,
  "inf_stack": 0.5577733510227171
}
{
  "native_pdb": "/tmp/rna_inf_3qu7y68f/18_solution_0_normalized.pdb",
  "native_index": null,
  "model_pdb": "/tmp/rna_inf_bgvdw59w/PZ18_LeeAS_2_normalized.pdb",
  "model_index": null,
  "rmsd": 23.497871932396503,
  "inf_all": 0.6173320833221785,
  "inf_wc": 0.64,
  "inf_nwc": -1.0,
  "inf_stack": 0.6390096504226938
}
{
  "native_pdb": "/tmp/rna_inf_c15pa3h4/18_solution_0_normalized.pdb",
  "native_index": null,
  "model_pdb": "/tmp/rna_inf_he9xggy_/PZ18_LeeAS_3_normalized.pdb",
  "model_index": null,
  "rmsd": 21.425087747399107,
  "inf_all": 0.4354324785001535,
  "inf_wc": 0.2984810028978546,
  "inf_nwc": 0.0,
  "inf_stack": 0.525486787309028
}
{
  "native_pdb": "/tmp/rna_inf_4b9wg3s0/18_solution_0_normalized.pdb",
  "native_index": null,
  "model_pdb": "/tmp/rna_inf_i1zhggbe/PZ18_LeeAS_4_normalized.pdb",
  "model_index": null,
  "rmsd": 18.918391795765828,
  "inf_all": 0.5931229820154263,
  "inf_wc": 0.64,
  "inf_nwc": -1.0,
  "inf_stack": 0.6024948132556828
}
{
  "native_pdb": "/tmp/rna_inf_sjmuitd3/18_solution_0_normalized.pdb",
  "native_index": null,
  "model_pdb": "/tmp/rna_inf_28tdo_pc/PZ18_LeeAS_5_normalized.pdb",
  "model_index": null,
  "rmsd": 18.454166343123948,
  "inf_all": 0.6011930534033845,
  "inf_wc": 0.64,
  "inf_nwc": -1.0,
  "inf_stack": 0.6149186938124422
}
{
  "native_pdb": "/tmp/rna_inf_xpuzeyif/18_solution_0_normalized.pdb",
  "native_index": null,
  "model_pdb": "/tmp/rna_inf_s6s2hw_c/PZ18_Szachniuk_1_normalized.pdb",
  "model_index": null,
  "rmsd": 9.432664463629068,
  "inf_all": 0.7479173608477658,
  "inf_wc": 0.7844645405527362,
  "inf_nwc": 0.6123724356957945,
  "inf_stack": 0.744793247238504
}
{
  "native_pdb": "/tmp/rna_inf_7xh6nwrm/18_solution_0_normalized.pdb",
  "native_index": null,
  "model_pdb": "/tmp/rna_inf_kx_7m0e4/PZ18_Szachniuk_2_normalized.pdb",
  "model_index": null,
  "rmsd": 9.221627617917031,
  "inf_all": 0.745446995002253,
  "inf_wc": 0.7844645405527362,
  "inf_nwc": 0.6123724356957945,
  "inf_stack": 0.7411790642137419
}
{
  "native_pdb": "/tmp/rna_inf_ot_2a1im/18_solution_0_normalized.pdb",
  "native_index": null,
  "model_pdb": "/tmp/rna_inf_a2x7j6x_/PZ18_Szachniuk_3_normalized.pdb",
  "model_index": null,
  "rmsd": 9.261895088411276,
  "inf_all": 0.7383713887281302,
  "inf_wc": 0.7844645405527362,
  "inf_nwc": 0.6123724356957945,
  "inf_stack": 0.7302967433402214
}
{
  "native_pdb": "/tmp/rna_inf_6y2u3ial/18_solution_0_normalized.pdb",
  "native_index": null,
  "model_pdb": "/tmp/rna_inf_5xh_ng99/PZ18_Szachniuk_4_normalized.pdb",
  "model_index": null,
  "rmsd": 10.833455754180413,
  "inf_all": 0.7320144173946841,
  "inf_wc": 0.7844645405527362,
  "inf_nwc": 0.6123724356957945,
  "inf_stack": 0.7202965781494641
}
{
  "native_pdb": "/tmp/rna_inf_9gc5g802/18_solution_0_normalized.pdb",
  "native_index": null,
  "model_pdb": "/tmp/rna_inf_plgvbk_6/PZ18_Szachniuk_5_normalized.pdb",
  "model_index": null,
  "rmsd": 9.081603306242892,
  "inf_all": 0.7293112739660335,
  "inf_wc": 0.7844645405527362,
  "inf_nwc": 0.5477225575051661,
  "inf_stack": 0.7231015260621871
}
