2026-03-10 00:29:54 	 START case: PZ18
2026-03-10 00:29:54 	 caseDir: D:\Studia\Projekty\gsp-lab\data\finished\PZ18
2026-03-10 00:29:54 	 pdbDir: D:\Studia\Projekty\gsp-lab\data\finished\PZ18\pdb
2026-03-10 00:29:54 	 Found pdb count: 64
2026-03-10 00:29:54 	 Global solution: 18_solution_0.pdb
2026-03-10 00:29:54 	 RUN refined_pair target=18_3dRNA_1_solution.pdb model=18_3dRNA_1_refined.pdb -> id=3dRNA_1
2026-03-10 00:29:54 	 Docker cmd: docker run --rm -v D:\Studia\Projekty\gsp-lab:/work -v D:\Studia\Projekty\RNA_assessment:/rna_assessment -e RNA_ASSESSMENT_ROOT=/rna_assessment -e PYTHONPATH=/rna_assessment mcannotate-runtime python3 /work/src/utils/INF.py /work/data/finished/PZ18/pdb/18_3dRNA_1_solution.pdb /work/data/finished/PZ18/pdb/18_3dRNA_1_refined.pdb
2026-03-10 00:29:57 	 Docker exit code: 0
2026-03-10 00:29:57 	 Docker output length: 361
2026-03-10 00:29:57 	 Saved CSV: PZ18,3dRNA_1,3dRNA,1,refined_pair,0.7061585351099688,0.7844645405527362,0.408248290463863,18_3dRNA_1_solution.pdb,18_3dRNA_1_refined.pdb
2026-03-10 00:29:57 	 SKIP (model is a solution file): 18_3dRNA_1_solution.pdb
2026-03-10 00:29:57 	 RUN fallback_pair: model=18_3dRNA_2.pdb against global=18_solution_0.pdb -> id=3dRNA_2
2026-03-10 00:29:57 	 Docker cmd: docker run --rm -v D:\Studia\Projekty\gsp-lab:/work -v D:\Studia\Projekty\RNA_assessment:/rna_assessment -e RNA_ASSESSMENT_ROOT=/rna_assessment -e PYTHONPATH=/rna_assessment mcannotate-runtime python3 /work/src/utils/INF.py /work/data/finished/PZ18/pdb/18_solution_0.pdb /work/data/finished/PZ18/pdb/18_3dRNA_2.pdb
2026-03-10 00:30:02 	 Docker exit code: 0
2026-03-10 00:30:02 	 Docker output length: 334
2026-03-10 00:30:02 	 Saved CSV: PZ18,3dRNA_2,3dRNA,2,fallback_pair,0.7222668079692303,0.76,0.4714045207910317,18_solution_0.pdb,18_3dRNA_2.pdb
2026-03-10 00:30:02 	 RUN fallback_pair: model=18_3dRNA_3.pdb against global=18_solution_0.pdb -> id=3dRNA_3
2026-03-10 00:30:02 	 Docker cmd: docker run --rm -v D:\Studia\Projekty\gsp-lab:/work -v D:\Studia\Projekty\RNA_assessment:/rna_assessment -e RNA_ASSESSMENT_ROOT=/rna_assessment -e PYTHONPATH=/rna_assessment mcannotate-runtime python3 /work/src/utils/INF.py /work/data/finished/PZ18/pdb/18_solution_0.pdb /work/data/finished/PZ18/pdb/18_3dRNA_3.pdb
2026-03-10 00:30:04 	 Docker exit code: 0
2026-03-10 00:30:04 	 Docker output length: 346
2026-03-10 00:30:04 	 Saved CSV: PZ18,3dRNA_3,3dRNA,3,fallback_pair,0.7221517764084326,0.816496580927726,0.408248290463863,18_solution_0.pdb,18_3dRNA_3.pdb
2026-03-10 00:30:04 	 RUN fallback_pair: model=18_3dRNA_4.pdb against global=18_solution_0.pdb -> id=3dRNA_4
2026-03-10 00:30:04 	 Docker cmd: docker run --rm -v D:\Studia\Projekty\gsp-lab:/work -v D:\Studia\Projekty\RNA_assessment:/rna_assessment -e RNA_ASSESSMENT_ROOT=/rna_assessment -e PYTHONPATH=/rna_assessment mcannotate-runtime python3 /work/src/utils/INF.py /work/data/finished/PZ18/pdb/18_solution_0.pdb /work/data/finished/PZ18/pdb/18_3dRNA_4.pdb
2026-03-10 00:30:07 	 Docker exit code: 0
2026-03-10 00:30:07 	 Docker output length: 333
2026-03-10 00:30:07 	 Saved CSV: PZ18,3dRNA_4,3dRNA,4,fallback_pair,0.6782367663050285,0.7844645405527362,0,18_solution_0.pdb,18_3dRNA_4.pdb
2026-03-10 00:30:07 	 RUN fallback_pair: model=18_3dRNA_5.pdb against global=18_solution_0.pdb -> id=3dRNA_5
2026-03-10 00:30:07 	 Docker cmd: docker run --rm -v D:\Studia\Projekty\gsp-lab:/work -v D:\Studia\Projekty\RNA_assessment:/rna_assessment -e RNA_ASSESSMENT_ROOT=/rna_assessment -e PYTHONPATH=/rna_assessment mcannotate-runtime python3 /work/src/utils/INF.py /work/data/finished/PZ18/pdb/18_solution_0.pdb /work/data/finished/PZ18/pdb/18_3dRNA_5.pdb
2026-03-10 00:30:10 	 Docker exit code: 0
2026-03-10 00:30:10 	 Docker output length: 334
2026-03-10 00:30:10 	 Saved CSV: PZ18,3dRNA_5,3dRNA,5,fallback_pair,0.6598530573978397,0.76,0.23570226039551584,18_solution_0.pdb,18_3dRNA_5.pdb
2026-03-10 00:30:10 	 RUN fallback_pair: model=18_Chen_1.pdb against global=18_solution_0.pdb -> id=Chen_1
2026-03-10 00:30:10 	 Docker cmd: docker run --rm -v D:\Studia\Projekty\gsp-lab:/work -v D:\Studia\Projekty\RNA_assessment:/rna_assessment -e RNA_ASSESSMENT_ROOT=/rna_assessment -e PYTHONPATH=/rna_assessment mcannotate-runtime python3 /work/src/utils/INF.py /work/data/finished/PZ18/pdb/18_solution_0.pdb /work/data/finished/PZ18/pdb/18_Chen_1.pdb
2026-03-10 00:30:13 	 Docker exit code: 0
2026-03-10 00:30:13 	 Docker output length: 346
2026-03-10 00:30:13 	 Saved CSV: PZ18,Chen_1,Chen,1,fallback_pair,0.7939430445922437,0.9622504486493763,0.5773502691896257,18_solution_0.pdb,18_Chen_1.pdb
2026-03-10 00:30:13 	 RUN fallback_pair: model=18_Chen_2.pdb against global=18_solution_0.pdb -> id=Chen_2
2026-03-10 00:30:13 	 Docker cmd: docker run --rm -v D:\Studia\Projekty\gsp-lab:/work -v D:\Studia\Projekty\RNA_assessment:/rna_assessment -e RNA_ASSESSMENT_ROOT=/rna_assessment -e PYTHONPATH=/rna_assessment mcannotate-runtime python3 /work/src/utils/INF.py /work/data/finished/PZ18/pdb/18_solution_0.pdb /work/data/finished/PZ18/pdb/18_Chen_2.pdb
2026-03-10 00:30:16 	 Docker exit code: 0
2026-03-10 00:30:16 	 Docker output length: 333
2026-03-10 00:30:16 	 Saved CSV: PZ18,Chen_2,Chen,2,fallback_pair,0.8284623074006021,0.96,0.5773502691896257,18_solution_0.pdb,18_Chen_2.pdb
2026-03-10 00:30:16 	 RUN fallback_pair: model=18_Chen_3.pdb against global=18_solution_0.pdb -> id=Chen_3
2026-03-10 00:30:16 	 Docker cmd: docker run --rm -v D:\Studia\Projekty\gsp-lab:/work -v D:\Studia\Projekty\RNA_assessment:/rna_assessment -e RNA_ASSESSMENT_ROOT=/rna_assessment -e PYTHONPATH=/rna_assessment mcannotate-runtime python3 /work/src/utils/INF.py /work/data/finished/PZ18/pdb/18_solution_0.pdb /work/data/finished/PZ18/pdb/18_Chen_3.pdb
2026-03-10 00:30:18 	 Docker exit code: 0
2026-03-10 00:30:18 	 Docker output length: 317
2026-03-10 00:30:18 	 Saved CSV: PZ18,Chen_3,Chen,3,fallback_pair,0.7032108464077431,0.76,0,18_solution_0.pdb,18_Chen_3.pdb
2026-03-10 00:30:18 	 RUN fallback_pair: model=18_Chen_4.pdb against global=18_solution_0.pdb -> id=Chen_4
2026-03-10 00:30:19 	 Docker cmd: docker run --rm -v D:\Studia\Projekty\gsp-lab:/work -v D:\Studia\Projekty\RNA_assessment:/rna_assessment -e RNA_ASSESSMENT_ROOT=/rna_assessment -e PYTHONPATH=/rna_assessment mcannotate-runtime python3 /work/src/utils/INF.py /work/data/finished/PZ18/pdb/18_solution_0.pdb /work/data/finished/PZ18/pdb/18_Chen_4.pdb
2026-03-10 00:30:22 	 Docker exit code: 0
2026-03-10 00:30:22 	 Docker output length: 329
2026-03-10 00:30:22 	 Saved CSV: PZ18,Chen_4,Chen,4,fallback_pair,0.6809399224343453,0.7756717518813397,0,18_solution_0.pdb,18_Chen_4.pdb
2026-03-10 00:30:22 	 RUN fallback_pair: model=18_Chen_5.pdb against global=18_solution_0.pdb -> id=Chen_5
2026-03-10 00:30:22 	 Docker cmd: docker run --rm -v D:\Studia\Projekty\gsp-lab:/work -v D:\Studia\Projekty\RNA_assessment:/rna_assessment -e RNA_ASSESSMENT_ROOT=/rna_assessment -e PYTHONPATH=/rna_assessment mcannotate-runtime python3 /work/src/utils/INF.py /work/data/finished/PZ18/pdb/18_solution_0.pdb /work/data/finished/PZ18/pdb/18_Chen_5.pdb
2026-03-10 00:30:25 	 Docker exit code: 0
2026-03-10 00:30:25 	 Docker output length: 318
2026-03-10 00:30:25 	 Saved CSV: PZ18,Chen_5,Chen,5,fallback_pair,0.7008446585151962,0.76,0,18_solution_0.pdb,18_Chen_5.pdb
2026-03-10 00:30:25 	 RUN fallback_pair: model=18_Das_1.pdb against global=18_solution_0.pdb -> id=Das_1
2026-03-10 00:30:25 	 Docker cmd: docker run --rm -v D:\Studia\Projekty\gsp-lab:/work -v D:\Studia\Projekty\RNA_assessment:/rna_assessment -e RNA_ASSESSMENT_ROOT=/rna_assessment -e PYTHONPATH=/rna_assessment mcannotate-runtime python3 /work/src/utils/INF.py /work/data/finished/PZ18/pdb/18_solution_0.pdb /work/data/finished/PZ18/pdb/18_Das_1.pdb
2026-03-10 00:30:28 	 Docker exit code: 0
2026-03-10 00:30:28 	 Docker output length: 345
2026-03-10 00:30:28 	 Saved CSV: PZ18,Das_1,Das,1,fallback_pair,0.8524717441265496,0.9805806756909202,0.6172133998483676,18_solution_0.pdb,18_Das_1.pdb
2026-03-10 00:30:28 	 RUN fallback_pair: model=18_Das_2.pdb against global=18_solution_0.pdb -> id=Das_2
2026-03-10 00:30:28 	 Docker cmd: docker run --rm -v D:\Studia\Projekty\gsp-lab:/work -v D:\Studia\Projekty\RNA_assessment:/rna_assessment -e RNA_ASSESSMENT_ROOT=/rna_assessment -e PYTHONPATH=/rna_assessment mcannotate-runtime python3 /work/src/utils/INF.py /work/data/finished/PZ18/pdb/18_solution_0.pdb /work/data/finished/PZ18/pdb/18_Das_2.pdb
2026-03-10 00:30:31 	 Docker exit code: 0
2026-03-10 00:30:31 	 Docker output length: 345
2026-03-10 00:30:31 	 Saved CSV: PZ18,Das_2,Das,2,fallback_pair,0.8729414997735313,0.9805806756909202,0.5477225575051661,18_solution_0.pdb,18_Das_2.pdb
2026-03-10 00:30:31 	 RUN fallback_pair: model=18_Das_3.pdb against global=18_solution_0.pdb -> id=Das_3
2026-03-10 00:30:31 	 Docker cmd: docker run --rm -v D:\Studia\Projekty\gsp-lab:/work -v D:\Studia\Projekty\RNA_assessment:/rna_assessment -e RNA_ASSESSMENT_ROOT=/rna_assessment -e PYTHONPATH=/rna_assessment mcannotate-runtime python3 /work/src/utils/INF.py /work/data/finished/PZ18/pdb/18_solution_0.pdb /work/data/finished/PZ18/pdb/18_Das_3.pdb
2026-03-10 00:30:34 	 Docker exit code: 0
2026-03-10 00:30:34 	 Docker output length: 330
2026-03-10 00:30:34 	 Saved CSV: PZ18,Das_3,Das,3,fallback_pair,0.8649786021807334,0.9805806756909202,0.5773502691896257,18_solution_0.pdb,18_Das_3.pdb
2026-03-10 00:30:35 	 RUN fallback_pair: model=18_Das_4.pdb against global=18_solution_0.pdb -> id=Das_4
2026-03-10 00:30:35 	 Docker cmd: docker run --rm -v D:\Studia\Projekty\gsp-lab:/work -v D:\Studia\Projekty\RNA_assessment:/rna_assessment -e RNA_ASSESSMENT_ROOT=/rna_assessment -e PYTHONPATH=/rna_assessment mcannotate-runtime python3 /work/src/utils/INF.py /work/data/finished/PZ18/pdb/18_solution_0.pdb /work/data/finished/PZ18/pdb/18_Das_4.pdb
2026-03-10 00:30:38 	 Docker exit code: 0
2026-03-10 00:30:38 	 Docker output length: 345
2026-03-10 00:30:38 	 Saved CSV: PZ18,Das_4,Das,4,fallback_pair,0.8527684108291537,0.9622504486493763,0.3651483716701107,18_solution_0.pdb,18_Das_4.pdb
2026-03-10 00:30:38 	 RUN fallback_pair: model=18_Das_5.pdb against global=18_solution_0.pdb -> id=Das_5
2026-03-10 00:30:38 	 Docker cmd: docker run --rm -v D:\Studia\Projekty\gsp-lab:/work -v D:\Studia\Projekty\RNA_assessment:/rna_assessment -e RNA_ASSESSMENT_ROOT=/rna_assessment -e PYTHONPATH=/rna_assessment mcannotate-runtime python3 /work/src/utils/INF.py /work/data/finished/PZ18/pdb/18_solution_0.pdb /work/data/finished/PZ18/pdb/18_Das_5.pdb
2026-03-10 00:30:41 	 Docker exit code: 0
2026-03-10 00:30:41 	 Docker output length: 345
2026-03-10 00:30:41 	 Saved CSV: PZ18,Das_5,Das,5,fallback_pair,0.8020005588336291,0.916515138991168,0.3651483716701107,18_solution_0.pdb,18_Das_5.pdb
2026-03-10 00:30:41 	 RUN fallback_pair: model=18_Ding_1.pdb against global=18_solution_0.pdb -> id=Ding_1
2026-03-10 00:30:41 	 Docker cmd: docker run --rm -v D:\Studia\Projekty\gsp-lab:/work -v D:\Studia\Projekty\RNA_assessment:/rna_assessment -e RNA_ASSESSMENT_ROOT=/rna_assessment -e PYTHONPATH=/rna_assessment mcannotate-runtime python3 /work/src/utils/INF.py /work/data/finished/PZ18/pdb/18_solution_0.pdb /work/data/finished/PZ18/pdb/18_Ding_1.pdb
2026-03-10 00:30:43 	 Docker exit code: 0
2026-03-10 00:30:43 	 Docker output length: 348
2026-03-10 00:30:43 	 Saved CSV: PZ18,Ding_1,Ding,1,fallback_pair,0.6252818913170464,0.6667948594698258,0.28867513459481287,18_solution_0.pdb,18_Ding_1.pdb
2026-03-10 00:30:43 	 RUN fallback_pair: model=18_Ding_2.pdb against global=18_solution_0.pdb -> id=Ding_2
2026-03-10 00:30:43 	 Docker cmd: docker run --rm -v D:\Studia\Projekty\gsp-lab:/work -v D:\Studia\Projekty\RNA_assessment:/rna_assessment -e RNA_ASSESSMENT_ROOT=/rna_assessment -e PYTHONPATH=/rna_assessment mcannotate-runtime python3 /work/src/utils/INF.py /work/data/finished/PZ18/pdb/18_solution_0.pdb /work/data/finished/PZ18/pdb/18_Ding_2.pdb
2026-03-10 00:30:46 	 Docker exit code: 0
2026-03-10 00:30:46 	 Docker output length: 332
2026-03-10 00:30:46 	 Saved CSV: PZ18,Ding_2,Ding,2,fallback_pair,0.7018916771032878,0.7844645405527362,0,18_solution_0.pdb,18_Ding_2.pdb
2026-03-10 00:30:46 	 RUN fallback_pair: model=18_Ding_3.pdb against global=18_solution_0.pdb -> id=Ding_3
2026-03-10 00:30:46 	 Docker cmd: docker run --rm -v D:\Studia\Projekty\gsp-lab:/work -v D:\Studia\Projekty\RNA_assessment:/rna_assessment -e RNA_ASSESSMENT_ROOT=/rna_assessment -e PYTHONPATH=/rna_assessment mcannotate-runtime python3 /work/src/utils/INF.py /work/data/finished/PZ18/pdb/18_solution_0.pdb /work/data/finished/PZ18/pdb/18_Ding_3.pdb
2026-03-10 00:30:48 	 Docker exit code: 0
2026-03-10 00:30:48 	 Docker output length: 317
2026-03-10 00:30:48 	 Saved CSV: PZ18,Ding_3,Ding,3,fallback_pair,0.6563301233138936,0.68,0,18_solution_0.pdb,18_Ding_3.pdb
2026-03-10 00:30:48 	 RUN fallback_pair: model=18_Ding_4.pdb against global=18_solution_0.pdb -> id=Ding_4
2026-03-10 00:30:49 	 Docker cmd: docker run --rm -v D:\Studia\Projekty\gsp-lab:/work -v D:\Studia\Projekty\RNA_assessment:/rna_assessment -e RNA_ASSESSMENT_ROOT=/rna_assessment -e PYTHONPATH=/rna_assessment mcannotate-runtime python3 /work/src/utils/INF.py /work/data/finished/PZ18/pdb/18_solution_0.pdb /work/data/finished/PZ18/pdb/18_Ding_4.pdb
2026-03-10 00:30:52 	 Docker exit code: 0
2026-03-10 00:30:52 	 Docker output length: 318
2026-03-10 00:30:52 	 Saved CSV: PZ18,Ding_4,Ding,4,fallback_pair,0.477852577146909,0.28,-1,18_solution_0.pdb,18_Ding_4.pdb
2026-03-10 00:30:52 	 RUN fallback_pair: model=18_Ding_5.pdb against global=18_solution_0.pdb -> id=Ding_5
2026-03-10 00:30:52 	 Docker cmd: docker run --rm -v D:\Studia\Projekty\gsp-lab:/work -v D:\Studia\Projekty\RNA_assessment:/rna_assessment -e RNA_ASSESSMENT_ROOT=/rna_assessment -e PYTHONPATH=/rna_assessment mcannotate-runtime python3 /work/src/utils/INF.py /work/data/finished/PZ18/pdb/18_solution_0.pdb /work/data/finished/PZ18/pdb/18_Ding_5.pdb
2026-03-10 00:30:53 	 Docker exit code: 0
2026-03-10 00:30:53 	 Docker output length: 331
2026-03-10 00:30:54 	 Saved CSV: PZ18,Ding_5,Ding,5,fallback_pair,0.6613558465853374,0.7844645405527362,0,18_solution_0.pdb,18_Ding_5.pdb
2026-03-10 00:30:54 	 RUN fallback_pair: model=18_Dokholyan_1.pdb against global=18_solution_0.pdb -> id=Dokholyan_1
2026-03-10 00:30:54 	 Docker cmd: docker run --rm -v D:\Studia\Projekty\gsp-lab:/work -v D:\Studia\Projekty\RNA_assessment:/rna_assessment -e RNA_ASSESSMENT_ROOT=/rna_assessment -e PYTHONPATH=/rna_assessment mcannotate-runtime python3 /work/src/utils/INF.py /work/data/finished/PZ18/pdb/18_solution_0.pdb /work/data/finished/PZ18/pdb/18_Dokholyan_1.pdb
2026-03-10 00:30:58 	 Docker exit code: 0
2026-03-10 00:30:58 	 Docker output length: 334
2026-03-10 00:30:58 	 Saved CSV: PZ18,Dokholyan_1,Dokholyan,1,fallback_pair,0.7043760681620129,0.8236877675803729,0,18_solution_0.pdb,18_Dokholyan_1.pdb
2026-03-10 00:30:58 	 RUN fallback_pair: model=18_Dokholyan_2.pdb against global=18_solution_0.pdb -> id=Dokholyan_2
2026-03-10 00:30:58 	 Docker cmd: docker run --rm -v D:\Studia\Projekty\gsp-lab:/work -v D:\Studia\Projekty\RNA_assessment:/rna_assessment -e RNA_ASSESSMENT_ROOT=/rna_assessment -e PYTHONPATH=/rna_assessment mcannotate-runtime python3 /work/src/utils/INF.py /work/data/finished/PZ18/pdb/18_solution_0.pdb /work/data/finished/PZ18/pdb/18_Dokholyan_2.pdb
2026-03-10 00:31:00 	 Docker exit code: 0
2026-03-10 00:31:00 	 Docker output length: 338
2026-03-10 00:31:00 	 Saved CSV: PZ18,Dokholyan_2,Dokholyan,2,fallback_pair,0.7215694257349003,0.8082903768654761,-1,18_solution_0.pdb,18_Dokholyan_2.pdb
2026-03-10 00:31:00 	 RUN fallback_pair: model=18_Dokholyan_3.pdb against global=18_solution_0.pdb -> id=Dokholyan_3
2026-03-10 00:31:00 	 Docker cmd: docker run --rm -v D:\Studia\Projekty\gsp-lab:/work -v D:\Studia\Projekty\RNA_assessment:/rna_assessment -e RNA_ASSESSMENT_ROOT=/rna_assessment -e PYTHONPATH=/rna_assessment mcannotate-runtime python3 /work/src/utils/INF.py /work/data/finished/PZ18/pdb/18_solution_0.pdb /work/data/finished/PZ18/pdb/18_Dokholyan_3.pdb
2026-03-10 00:31:03 	 Docker exit code: 0
2026-03-10 00:31:03 	 Docker output length: 322
2026-03-10 00:31:03 	 Saved CSV: PZ18,Dokholyan_3,Dokholyan,3,fallback_pair,0.6495983543529201,0.84,0,18_solution_0.pdb,18_Dokholyan_3.pdb
2026-03-10 00:31:03 	 RUN fallback_pair: model=18_Lee_1.pdb against global=18_solution_0.pdb -> id=Lee_1
2026-03-10 00:31:03 	 Docker cmd: docker run --rm -v D:\Studia\Projekty\gsp-lab:/work -v D:\Studia\Projekty\RNA_assessment:/rna_assessment -e RNA_ASSESSMENT_ROOT=/rna_assessment -e PYTHONPATH=/rna_assessment mcannotate-runtime python3 /work/src/utils/INF.py /work/data/finished/PZ18/pdb/18_solution_0.pdb /work/data/finished/PZ18/pdb/18_Lee_1.pdb
2026-03-10 00:31:06 	 Docker exit code: 0
2026-03-10 00:31:06 	 Docker output length: 346
2026-03-10 00:31:06 	 Saved CSV: PZ18,Lee_1,Lee,1,fallback_pair,0.5605589301994164,0.6158402871356008,0.28867513459481287,18_solution_0.pdb,18_Lee_1.pdb
2026-03-10 00:31:06 	 RUN fallback_pair: model=18_Lee_2.pdb against global=18_solution_0.pdb -> id=Lee_2
2026-03-10 00:31:06 	 Docker cmd: docker run --rm -v D:\Studia\Projekty\gsp-lab:/work -v D:\Studia\Projekty\RNA_assessment:/rna_assessment -e RNA_ASSESSMENT_ROOT=/rna_assessment -e PYTHONPATH=/rna_assessment mcannotate-runtime python3 /work/src/utils/INF.py /work/data/finished/PZ18/pdb/18_solution_0.pdb /work/data/finished/PZ18/pdb/18_Lee_2.pdb
2026-03-10 00:31:09 	 Docker exit code: 0
2026-03-10 00:31:09 	 Docker output length: 317
2026-03-10 00:31:09 	 Saved CSV: PZ18,Lee_2,Lee,2,fallback_pair,0.6173232927362408,0.64,-1,18_solution_0.pdb,18_Lee_2.pdb
2026-03-10 00:31:09 	 RUN fallback_pair: model=18_Lee_3.pdb against global=18_solution_0.pdb -> id=Lee_3
2026-03-10 00:31:09 	 Docker cmd: docker run --rm -v D:\Studia\Projekty\gsp-lab:/work -v D:\Studia\Projekty\RNA_assessment:/rna_assessment -e RNA_ASSESSMENT_ROOT=/rna_assessment -e PYTHONPATH=/rna_assessment mcannotate-runtime python3 /work/src/utils/INF.py /work/data/finished/PZ18/pdb/18_solution_0.pdb /work/data/finished/PZ18/pdb/18_Lee_3.pdb
2026-03-10 00:31:11 	 Docker exit code: 0
2026-03-10 00:31:11 	 Docker output length: 332
2026-03-10 00:31:11 	 Saved CSV: PZ18,Lee_3,Lee,3,fallback_pair,0.42942360957384607,0.2919201796799047,0,18_solution_0.pdb,18_Lee_3.pdb
2026-03-10 00:31:11 	 RUN fallback_pair: model=18_Lee_4.pdb against global=18_solution_0.pdb -> id=Lee_4
2026-03-10 00:31:11 	 Docker cmd: docker run --rm -v D:\Studia\Projekty\gsp-lab:/work -v D:\Studia\Projekty\RNA_assessment:/rna_assessment -e RNA_ASSESSMENT_ROOT=/rna_assessment -e PYTHONPATH=/rna_assessment mcannotate-runtime python3 /work/src/utils/INF.py /work/data/finished/PZ18/pdb/18_solution_0.pdb /work/data/finished/PZ18/pdb/18_Lee_4.pdb
2026-03-10 00:31:14 	 Docker exit code: 0
2026-03-10 00:31:14 	 Docker output length: 332
2026-03-10 00:31:14 	 Saved CSV: PZ18,Lee_4,Lee,4,fallback_pair,0.5816049344725003,0.6275716324421889,-1,18_solution_0.pdb,18_Lee_4.pdb
2026-03-10 00:31:14 	 RUN fallback_pair: model=18_Lee_5.pdb against global=18_solution_0.pdb -> id=Lee_5
2026-03-10 00:31:14 	 Docker cmd: docker run --rm -v D:\Studia\Projekty\gsp-lab:/work -v D:\Studia\Projekty\RNA_assessment:/rna_assessment -e RNA_ASSESSMENT_ROOT=/rna_assessment -e PYTHONPATH=/rna_assessment mcannotate-runtime python3 /work/src/utils/INF.py /work/data/finished/PZ18/pdb/18_solution_0.pdb /work/data/finished/PZ18/pdb/18_Lee_5.pdb
2026-03-10 00:31:17 	 Docker exit code: 0
2026-03-10 00:31:17 	 Docker output length: 318
2026-03-10 00:31:17 	 Saved CSV: PZ18,Lee_5,Lee,5,fallback_pair,0.5810184313620503,0.64,-1,18_solution_0.pdb,18_Lee_5.pdb
2026-03-10 00:31:17 	 RUN fallback_pair: model=18_RNAComposer_1.pdb against global=18_solution_0.pdb -> id=RNAComposer_1
2026-03-10 00:31:17 	 Docker cmd: docker run --rm -v D:\Studia\Projekty\gsp-lab:/work -v D:\Studia\Projekty\RNA_assessment:/rna_assessment -e RNA_ASSESSMENT_ROOT=/rna_assessment -e PYTHONPATH=/rna_assessment mcannotate-runtime python3 /work/src/utils/INF.py /work/data/finished/PZ18/pdb/18_solution_0.pdb /work/data/finished/PZ18/pdb/18_RNAComposer_1.pdb
2026-03-10 00:31:20 	 Docker exit code: 0
2026-03-10 00:31:20 	 Docker output length: 352
2026-03-10 00:31:20 	 Saved CSV: PZ18,RNAComposer_1,RNAComposer,1,fallback_pair,0.6899593872424348,0.7844645405527362,0.4714045207910317,18_solution_0.pdb,18_RNAComposer_1.pdb
2026-03-10 00:31:20 	 RUN fallback_pair: model=18_RNAComposer_2.pdb against global=18_solution_0.pdb -> id=RNAComposer_2
2026-03-10 00:31:20 	 Docker cmd: docker run --rm -v D:\Studia\Projekty\gsp-lab:/work -v D:\Studia\Projekty\RNA_assessment:/rna_assessment -e RNA_ASSESSMENT_ROOT=/rna_assessment -e PYTHONPATH=/rna_assessment mcannotate-runtime python3 /work/src/utils/INF.py /work/data/finished/PZ18/pdb/18_solution_0.pdb /work/data/finished/PZ18/pdb/18_RNAComposer_2.pdb
2026-03-10 00:31:23 	 Docker exit code: 0
2026-03-10 00:31:23 	 Docker output length: 352
2026-03-10 00:31:23 	 Saved CSV: PZ18,RNAComposer_2,RNAComposer,2,fallback_pair,0.7002998190587248,0.816496580927726,0.4714045207910317,18_solution_0.pdb,18_RNAComposer_2.pdb
2026-03-10 00:31:23 	 RUN fallback_pair: model=18_RNAComposer_3.pdb against global=18_solution_0.pdb -> id=RNAComposer_3
2026-03-10 00:31:23 	 Docker cmd: docker run --rm -v D:\Studia\Projekty\gsp-lab:/work -v D:\Studia\Projekty\RNA_assessment:/rna_assessment -e RNA_ASSESSMENT_ROOT=/rna_assessment -e PYTHONPATH=/rna_assessment mcannotate-runtime python3 /work/src/utils/INF.py /work/data/finished/PZ18/pdb/18_solution_0.pdb /work/data/finished/PZ18/pdb/18_RNAComposer_3.pdb
2026-03-10 00:31:26 	 Docker exit code: 0
2026-03-10 00:31:26 	 Docker output length: 353
2026-03-10 00:31:26 	 Saved CSV: PZ18,RNAComposer_3,RNAComposer,3,fallback_pair,0.6689936080056726,0.6667948594698258,0.408248290463863,18_solution_0.pdb,18_RNAComposer_3.pdb
2026-03-10 00:31:26 	 RUN fallback_pair: model=18_RNAComposer_4.pdb against global=18_solution_0.pdb -> id=RNAComposer_4
2026-03-10 00:31:26 	 Docker cmd: docker run --rm -v D:\Studia\Projekty\gsp-lab:/work -v D:\Studia\Projekty\RNA_assessment:/rna_assessment -e RNA_ASSESSMENT_ROOT=/rna_assessment -e PYTHONPATH=/rna_assessment mcannotate-runtime python3 /work/src/utils/INF.py /work/data/finished/PZ18/pdb/18_solution_0.pdb /work/data/finished/PZ18/pdb/18_RNAComposer_4.pdb
2026-03-10 00:31:29 	 Docker exit code: 0
2026-03-10 00:31:29 	 Docker output length: 353
2026-03-10 00:31:29 	 Saved CSV: PZ18,RNAComposer_4,RNAComposer,4,fallback_pair,0.7002998190587248,0.7844645405527362,0.408248290463863,18_solution_0.pdb,18_RNAComposer_4.pdb
2026-03-10 00:31:29 	 RUN fallback_pair: model=18_RNAComposer_5.pdb against global=18_solution_0.pdb -> id=RNAComposer_5
2026-03-10 00:31:29 	 Docker cmd: docker run --rm -v D:\Studia\Projekty\gsp-lab:/work -v D:\Studia\Projekty\RNA_assessment:/rna_assessment -e RNA_ASSESSMENT_ROOT=/rna_assessment -e PYTHONPATH=/rna_assessment mcannotate-runtime python3 /work/src/utils/INF.py /work/data/finished/PZ18/pdb/18_solution_0.pdb /work/data/finished/PZ18/pdb/18_RNAComposer_5.pdb
2026-03-10 00:31:32 	 Docker exit code: 0
2026-03-10 00:31:32 	 Docker output length: 337
2026-03-10 00:31:32 	 Saved CSV: PZ18,RNAComposer_5,RNAComposer,5,fallback_pair,0.638000791366857,0.76,0.408248290463863,18_solution_0.pdb,18_RNAComposer_5.pdb
2026-03-10 00:31:32 	 RUN fallback_pair: model=18_RW3D_1.pdb against global=18_solution_0.pdb -> id=RW3D_1
2026-03-10 00:31:32 	 Docker cmd: docker run --rm -v D:\Studia\Projekty\gsp-lab:/work -v D:\Studia\Projekty\RNA_assessment:/rna_assessment -e RNA_ASSESSMENT_ROOT=/rna_assessment -e PYTHONPATH=/rna_assessment mcannotate-runtime python3 /work/src/utils/INF.py /work/data/finished/PZ18/pdb/18_solution_0.pdb /work/data/finished/PZ18/pdb/18_RW3D_1.pdb
2026-03-10 00:31:35 	 Docker exit code: 0
2026-03-10 00:31:35 	 Docker output length: 346
2026-03-10 00:31:35 	 Saved CSV: PZ18,RW3D_1,RW3D,1,fallback_pair,0.6646913536828575,0.7844645405527362,0.3651483716701107,18_solution_0.pdb,18_RW3D_1.pdb
2026-03-10 00:31:35 	 RUN fallback_pair: model=18_RW3D_10.pdb against global=18_solution_0.pdb -> id=RW3D_10
2026-03-10 00:31:35 	 Docker cmd: docker run --rm -v D:\Studia\Projekty\gsp-lab:/work -v D:\Studia\Projekty\RNA_assessment:/rna_assessment -e RNA_ASSESSMENT_ROOT=/rna_assessment -e PYTHONPATH=/rna_assessment mcannotate-runtime python3 /work/src/utils/INF.py /work/data/finished/PZ18/pdb/18_solution_0.pdb /work/data/finished/PZ18/pdb/18_RW3D_10.pdb
2026-03-10 00:31:38 	 Docker exit code: 0
2026-03-10 00:31:38 	 Docker output length: 346
2026-03-10 00:31:38 	 Saved CSV: PZ18,RW3D_10,RW3D,10,fallback_pair,0.6733804983414345,0.769800358919501,0.408248290463863,18_solution_0.pdb,18_RW3D_10.pdb
2026-03-10 00:31:38 	 RUN fallback_pair: model=18_RW3D_2.pdb against global=18_solution_0.pdb -> id=RW3D_2
2026-03-10 00:31:38 	 Docker cmd: docker run --rm -v D:\Studia\Projekty\gsp-lab:/work -v D:\Studia\Projekty\RNA_assessment:/rna_assessment -e RNA_ASSESSMENT_ROOT=/rna_assessment -e PYTHONPATH=/rna_assessment mcannotate-runtime python3 /work/src/utils/INF.py /work/data/finished/PZ18/pdb/18_solution_0.pdb /work/data/finished/PZ18/pdb/18_RW3D_2.pdb
2026-03-10 00:31:41 	 Docker exit code: 0
2026-03-10 00:31:41 	 Docker output length: 345
2026-03-10 00:31:41 	 Saved CSV: PZ18,RW3D_2,RW3D,2,fallback_pair,0.6536457352823066,0.7844645405527362,0.3651483716701107,18_solution_0.pdb,18_RW3D_2.pdb
2026-03-10 00:31:41 	 RUN fallback_pair: model=18_RW3D_3.pdb against global=18_solution_0.pdb -> id=RW3D_3
2026-03-10 00:31:41 	 Docker cmd: docker run --rm -v D:\Studia\Projekty\gsp-lab:/work -v D:\Studia\Projekty\RNA_assessment:/rna_assessment -e RNA_ASSESSMENT_ROOT=/rna_assessment -e PYTHONPATH=/rna_assessment mcannotate-runtime python3 /work/src/utils/INF.py /work/data/finished/PZ18/pdb/18_solution_0.pdb /work/data/finished/PZ18/pdb/18_RW3D_3.pdb
2026-03-10 00:31:44 	 Docker exit code: 0
2026-03-10 00:31:44 	 Docker output length: 344
2026-03-10 00:31:44 	 Saved CSV: PZ18,RW3D_3,RW3D,3,fallback_pair,0.6765608421414799,0.769800358919501,0.408248290463863,18_solution_0.pdb,18_RW3D_3.pdb
2026-03-10 00:31:44 	 RUN fallback_pair: model=18_RW3D_4.pdb against global=18_solution_0.pdb -> id=RW3D_4
2026-03-10 00:31:44 	 Docker cmd: docker run --rm -v D:\Studia\Projekty\gsp-lab:/work -v D:\Studia\Projekty\RNA_assessment:/rna_assessment -e RNA_ASSESSMENT_ROOT=/rna_assessment -e PYTHONPATH=/rna_assessment mcannotate-runtime python3 /work/src/utils/INF.py /work/data/finished/PZ18/pdb/18_solution_0.pdb /work/data/finished/PZ18/pdb/18_RW3D_4.pdb
2026-03-10 00:31:46 	 Docker exit code: 0
2026-03-10 00:31:46 	 Docker output length: 346
2026-03-10 00:31:46 	 Saved CSV: PZ18,RW3D_4,RW3D,4,fallback_pair,0.6914906656342807,0.769800358919501,0.4714045207910317,18_solution_0.pdb,18_RW3D_4.pdb
2026-03-10 00:31:46 	 RUN fallback_pair: model=18_RW3D_5.pdb against global=18_solution_0.pdb -> id=RW3D_5
2026-03-10 00:31:47 	 Docker cmd: docker run --rm -v D:\Studia\Projekty\gsp-lab:/work -v D:\Studia\Projekty\RNA_assessment:/rna_assessment -e RNA_ASSESSMENT_ROOT=/rna_assessment -e PYTHONPATH=/rna_assessment mcannotate-runtime python3 /work/src/utils/INF.py /work/data/finished/PZ18/pdb/18_solution_0.pdb /work/data/finished/PZ18/pdb/18_RW3D_5.pdb
2026-03-10 00:31:49 	 Docker exit code: 0
2026-03-10 00:31:49 	 Docker output length: 344
2026-03-10 00:31:49 	 Saved CSV: PZ18,RW3D_5,RW3D,5,fallback_pair,0.6689936080056726,0.769800358919501,0.408248290463863,18_solution_0.pdb,18_RW3D_5.pdb
2026-03-10 00:31:49 	 RUN fallback_pair: model=18_RW3D_6.pdb against global=18_solution_0.pdb -> id=RW3D_6
2026-03-10 00:31:49 	 Docker cmd: docker run --rm -v D:\Studia\Projekty\gsp-lab:/work -v D:\Studia\Projekty\RNA_assessment:/rna_assessment -e RNA_ASSESSMENT_ROOT=/rna_assessment -e PYTHONPATH=/rna_assessment mcannotate-runtime python3 /work/src/utils/INF.py /work/data/finished/PZ18/pdb/18_solution_0.pdb /work/data/finished/PZ18/pdb/18_RW3D_6.pdb
2026-03-10 00:31:52 	 Docker exit code: 0
2026-03-10 00:31:52 	 Docker output length: 347
2026-03-10 00:31:52 	 Saved CSV: PZ18,RW3D_6,RW3D,6,fallback_pair,0.6657502859356826,0.7844645405527362,0.28867513459481287,18_solution_0.pdb,18_RW3D_6.pdb
2026-03-10 00:31:52 	 RUN fallback_pair: model=18_RW3D_7.pdb against global=18_solution_0.pdb -> id=RW3D_7
2026-03-10 00:31:52 	 Docker cmd: docker run --rm -v D:\Studia\Projekty\gsp-lab:/work -v D:\Studia\Projekty\RNA_assessment:/rna_assessment -e RNA_ASSESSMENT_ROOT=/rna_assessment -e PYTHONPATH=/rna_assessment mcannotate-runtime python3 /work/src/utils/INF.py /work/data/finished/PZ18/pdb/18_solution_0.pdb /work/data/finished/PZ18/pdb/18_RW3D_7.pdb
2026-03-10 00:31:55 	 Docker exit code: 0
2026-03-10 00:31:55 	 Docker output length: 345
2026-03-10 00:31:55 	 Saved CSV: PZ18,RW3D_7,RW3D,7,fallback_pair,0.6840593001816248,0.769800358919501,0.408248290463863,18_solution_0.pdb,18_RW3D_7.pdb
2026-03-10 00:31:55 	 RUN fallback_pair: model=18_RW3D_8.pdb against global=18_solution_0.pdb -> id=RW3D_8
2026-03-10 00:31:55 	 Docker cmd: docker run --rm -v D:\Studia\Projekty\gsp-lab:/work -v D:\Studia\Projekty\RNA_assessment:/rna_assessment -e RNA_ASSESSMENT_ROOT=/rna_assessment -e PYTHONPATH=/rna_assessment mcannotate-runtime python3 /work/src/utils/INF.py /work/data/finished/PZ18/pdb/18_solution_0.pdb /work/data/finished/PZ18/pdb/18_RW3D_8.pdb
2026-03-10 00:31:58 	 Docker exit code: 0
2026-03-10 00:31:58 	 Docker output length: 346
2026-03-10 00:31:58 	 Saved CSV: PZ18,RW3D_8,RW3D,8,fallback_pair,0.6613558465853374,0.769800358919501,0.4714045207910317,18_solution_0.pdb,18_RW3D_8.pdb
2026-03-10 00:31:58 	 RUN fallback_pair: model=18_RW3D_9.pdb against global=18_solution_0.pdb -> id=RW3D_9
2026-03-10 00:31:58 	 Docker cmd: docker run --rm -v D:\Studia\Projekty\gsp-lab:/work -v D:\Studia\Projekty\RNA_assessment:/rna_assessment -e RNA_ASSESSMENT_ROOT=/rna_assessment -e PYTHONPATH=/rna_assessment mcannotate-runtime python3 /work/src/utils/INF.py /work/data/finished/PZ18/pdb/18_solution_0.pdb /work/data/finished/PZ18/pdb/18_RW3D_9.pdb
2026-03-10 00:32:01 	 Docker exit code: 0
2026-03-10 00:32:01 	 Docker output length: 346
2026-03-10 00:32:01 	 Saved CSV: PZ18,RW3D_9,RW3D,9,fallback_pair,0.6778548365890588,0.7844645405527362,0.4714045207910317,18_solution_0.pdb,18_RW3D_9.pdb
2026-03-10 00:32:01 	 RUN fallback_pair: model=18_simRNA_1.pdb against global=18_solution_0.pdb -> id=simRNA_1
2026-03-10 00:32:01 	 Docker cmd: docker run --rm -v D:\Studia\Projekty\gsp-lab:/work -v D:\Studia\Projekty\RNA_assessment:/rna_assessment -e RNA_ASSESSMENT_ROOT=/rna_assessment -e PYTHONPATH=/rna_assessment mcannotate-runtime python3 /work/src/utils/INF.py /work/data/finished/PZ18/pdb/18_solution_0.pdb /work/data/finished/PZ18/pdb/18_simRNA_1.pdb
2026-03-10 00:32:04 	 Docker exit code: 0
2026-03-10 00:32:04 	 Docker output length: 348
2026-03-10 00:32:04 	 Saved CSV: PZ18,simRNA_1,simRNA,1,fallback_pair,0.5082950505010435,0.2921186973360886,0.408248290463863,18_solution_0.pdb,18_simRNA_1.pdb
2026-03-10 00:32:04 	 RUN fallback_pair: model=18_simRNA_2.pdb against global=18_solution_0.pdb -> id=simRNA_2
2026-03-10 00:32:04 	 Docker cmd: docker run --rm -v D:\Studia\Projekty\gsp-lab:/work -v D:\Studia\Projekty\RNA_assessment:/rna_assessment -e RNA_ASSESSMENT_ROOT=/rna_assessment -e PYTHONPATH=/rna_assessment mcannotate-runtime python3 /work/src/utils/INF.py /work/data/finished/PZ18/pdb/18_solution_0.pdb /work/data/finished/PZ18/pdb/18_simRNA_2.pdb
2026-03-10 00:32:07 	 Docker exit code: 0
2026-03-10 00:32:07 	 Docker output length: 350
2026-03-10 00:32:07 	 Saved CSV: PZ18,simRNA_2,simRNA,2,fallback_pair,0.6172133998483676,0.7060180864974626,0.23570226039551584,18_solution_0.pdb,18_simRNA_2.pdb
2026-03-10 00:32:07 	 RUN fallback_pair: model=18_simRNA_3.pdb against global=18_solution_0.pdb -> id=simRNA_3
2026-03-10 00:32:07 	 Docker cmd: docker run --rm -v D:\Studia\Projekty\gsp-lab:/work -v D:\Studia\Projekty\RNA_assessment:/rna_assessment -e RNA_ASSESSMENT_ROOT=/rna_assessment -e PYTHONPATH=/rna_assessment mcannotate-runtime python3 /work/src/utils/INF.py /work/data/finished/PZ18/pdb/18_solution_0.pdb /work/data/finished/PZ18/pdb/18_simRNA_3.pdb
2026-03-10 00:32:10 	 Docker exit code: 0
2026-03-10 00:32:10 	 Docker output length: 349
2026-03-10 00:32:10 	 Saved CSV: PZ18,simRNA_3,simRNA,3,fallback_pair,0.5868274677420932,0.5773502691896257,0.28867513459481287,18_solution_0.pdb,18_simRNA_3.pdb
2026-03-10 00:32:10 	 SKIP (model is a solution file): 18_solution_0.pdb
2026-03-10 00:32:10 	 RUN fallback_pair: model=18_YagoubAli_1.pdb against global=18_solution_0.pdb -> id=YagoubAli_1
2026-03-10 00:32:10 	 Docker cmd: docker run --rm -v D:\Studia\Projekty\gsp-lab:/work -v D:\Studia\Projekty\RNA_assessment:/rna_assessment -e RNA_ASSESSMENT_ROOT=/rna_assessment -e PYTHONPATH=/rna_assessment mcannotate-runtime python3 /work/src/utils/INF.py /work/data/finished/PZ18/pdb/18_solution_0.pdb /work/data/finished/PZ18/pdb/18_YagoubAli_1.pdb
2026-03-10 00:32:12 	 Docker exit code: 0
2026-03-10 00:32:12 	 Docker output length: 351
2026-03-10 00:32:12 	 Saved CSV: PZ18,YagoubAli_1,YagoubAli,1,fallback_pair,0.6373065430731434,0.7844645405527362,0.408248290463863,18_solution_0.pdb,18_YagoubAli_1.pdb
2026-03-10 00:32:12 	 RUN fallback_pair: model=PZ18_DasORIGINAL_1.pdb against global=18_solution_0.pdb -> id=DasORIGINAL_1
2026-03-10 00:32:12 	 Docker cmd: docker run --rm -v D:\Studia\Projekty\gsp-lab:/work -v D:\Studia\Projekty\RNA_assessment:/rna_assessment -e RNA_ASSESSMENT_ROOT=/rna_assessment -e PYTHONPATH=/rna_assessment mcannotate-runtime python3 /work/src/utils/INF.py /work/data/finished/PZ18/pdb/18_solution_0.pdb /work/data/finished/PZ18/pdb/PZ18_DasORIGINAL_1.pdb
2026-03-10 00:32:15 	 Docker exit code: 0
2026-03-10 00:32:15 	 Docker output length: 341
2026-03-10 00:32:15 	 Saved CSV: PZ18,DasORIGINAL_1,DasORIGINAL,1,fallback_pair,0.8649786021807334,0.9805806756909202,0.5773502691896257,18_solution_0.pdb,PZ18_DasORIGINAL_1.pdb
2026-03-10 00:32:15 	 RUN fallback_pair: model=PZ18_DasORIGINAL_2.pdb against global=18_solution_0.pdb -> id=DasORIGINAL_2
2026-03-10 00:32:15 	 Docker cmd: docker run --rm -v D:\Studia\Projekty\gsp-lab:/work -v D:\Studia\Projekty\RNA_assessment:/rna_assessment -e RNA_ASSESSMENT_ROOT=/rna_assessment -e PYTHONPATH=/rna_assessment mcannotate-runtime python3 /work/src/utils/INF.py /work/data/finished/PZ18/pdb/18_solution_0.pdb /work/data/finished/PZ18/pdb/PZ18_DasORIGINAL_2.pdb
2026-03-10 00:32:17 	 Docker exit code: 0
2026-03-10 00:32:17 	 Docker output length: 342
2026-03-10 00:32:17 	 Saved CSV: PZ18,DasORIGINAL_2,DasORIGINAL,2,fallback_pair,0.8743299939759483,0.9805806756909202,0.6666666666666666,18_solution_0.pdb,PZ18_DasORIGINAL_2.pdb
2026-03-10 00:32:17 	 RUN fallback_pair: model=PZ18_DasORIGINAL_3.pdb against global=18_solution_0.pdb -> id=DasORIGINAL_3
2026-03-10 00:32:17 	 Docker cmd: docker run --rm -v D:\Studia\Projekty\gsp-lab:/work -v D:\Studia\Projekty\RNA_assessment:/rna_assessment -e RNA_ASSESSMENT_ROOT=/rna_assessment -e PYTHONPATH=/rna_assessment mcannotate-runtime python3 /work/src/utils/INF.py /work/data/finished/PZ18/pdb/18_solution_0.pdb /work/data/finished/PZ18/pdb/PZ18_DasORIGINAL_3.pdb
2026-03-10 00:32:20 	 Docker exit code: 0
2026-03-10 00:32:20 	 Docker output length: 356
2026-03-10 00:32:20 	 Saved CSV: PZ18,DasORIGINAL_3,DasORIGINAL,3,fallback_pair,0.8681318681318682,0.9805806756909202,0.6666666666666666,18_solution_0.pdb,PZ18_DasORIGINAL_3.pdb
2026-03-10 00:32:20 	 RUN fallback_pair: model=PZ18_DasORIGINAL_4.pdb against global=18_solution_0.pdb -> id=DasORIGINAL_4
2026-03-10 00:32:20 	 Docker cmd: docker run --rm -v D:\Studia\Projekty\gsp-lab:/work -v D:\Studia\Projekty\RNA_assessment:/rna_assessment -e RNA_ASSESSMENT_ROOT=/rna_assessment -e PYTHONPATH=/rna_assessment mcannotate-runtime python3 /work/src/utils/INF.py /work/data/finished/PZ18/pdb/18_solution_0.pdb /work/data/finished/PZ18/pdb/PZ18_DasORIGINAL_4.pdb
2026-03-10 00:32:23 	 Docker exit code: 0
2026-03-10 00:32:23 	 Docker output length: 355
2026-03-10 00:32:23 	 Saved CSV: PZ18,DasORIGINAL_4,DasORIGINAL,4,fallback_pair,0.8527684108291537,0.9622504486493763,0.3651483716701107,18_solution_0.pdb,PZ18_DasORIGINAL_4.pdb
2026-03-10 00:32:23 	 RUN fallback_pair: model=PZ18_DasORIGINAL_5.pdb against global=18_solution_0.pdb -> id=DasORIGINAL_5
2026-03-10 00:32:23 	 Docker cmd: docker run --rm -v D:\Studia\Projekty\gsp-lab:/work -v D:\Studia\Projekty\RNA_assessment:/rna_assessment -e RNA_ASSESSMENT_ROOT=/rna_assessment -e PYTHONPATH=/rna_assessment mcannotate-runtime python3 /work/src/utils/INF.py /work/data/finished/PZ18/pdb/18_solution_0.pdb /work/data/finished/PZ18/pdb/PZ18_DasORIGINAL_5.pdb
2026-03-10 00:32:25 	 Docker exit code: 0
2026-03-10 00:32:25 	 Docker output length: 355
2026-03-10 00:32:25 	 Saved CSV: PZ18,DasORIGINAL_5,DasORIGINAL,5,fallback_pair,0.8020005588336291,0.916515138991168,0.3651483716701107,18_solution_0.pdb,PZ18_DasORIGINAL_5.pdb
2026-03-10 00:32:26 	 RUN fallback_pair: model=PZ18_LeeAS_1.pdb against global=18_solution_0.pdb -> id=LeeAS_1
2026-03-10 00:32:26 	 Docker cmd: docker run --rm -v D:\Studia\Projekty\gsp-lab:/work -v D:\Studia\Projekty\RNA_assessment:/rna_assessment -e RNA_ASSESSMENT_ROOT=/rna_assessment -e PYTHONPATH=/rna_assessment mcannotate-runtime python3 /work/src/utils/INF.py /work/data/finished/PZ18/pdb/18_solution_0.pdb /work/data/finished/PZ18/pdb/PZ18_LeeAS_1.pdb
2026-03-10 00:32:28 	 Docker exit code: 0
2026-03-10 00:32:28 	 Docker output length: 335
2026-03-10 00:32:28 	 Saved CSV: PZ18,LeeAS_1,LeeAS,1,fallback_pair,0.5473974953850969,0.6275716324421889,0,18_solution_0.pdb,PZ18_LeeAS_1.pdb
2026-03-10 00:32:28 	 RUN fallback_pair: model=PZ18_LeeAS_2.pdb against global=18_solution_0.pdb -> id=LeeAS_2
2026-03-10 00:32:28 	 Docker cmd: docker run --rm -v D:\Studia\Projekty\gsp-lab:/work -v D:\Studia\Projekty\RNA_assessment:/rna_assessment -e RNA_ASSESSMENT_ROOT=/rna_assessment -e PYTHONPATH=/rna_assessment mcannotate-runtime python3 /work/src/utils/INF.py /work/data/finished/PZ18/pdb/18_solution_0.pdb /work/data/finished/PZ18/pdb/PZ18_LeeAS_2.pdb
2026-03-10 00:32:31 	 Docker exit code: 0
2026-03-10 00:32:31 	 Docker output length: 322
2026-03-10 00:32:31 	 Saved CSV: PZ18,LeeAS_2,LeeAS,2,fallback_pair,0.6173320833221785,0.64,-1,18_solution_0.pdb,PZ18_LeeAS_2.pdb
2026-03-10 00:32:31 	 RUN fallback_pair: model=PZ18_LeeAS_3.pdb against global=18_solution_0.pdb -> id=LeeAS_3
2026-03-10 00:32:31 	 Docker cmd: docker run --rm -v D:\Studia\Projekty\gsp-lab:/work -v D:\Studia\Projekty\RNA_assessment:/rna_assessment -e RNA_ASSESSMENT_ROOT=/rna_assessment -e PYTHONPATH=/rna_assessment mcannotate-runtime python3 /work/src/utils/INF.py /work/data/finished/PZ18/pdb/18_solution_0.pdb /work/data/finished/PZ18/pdb/PZ18_LeeAS_3.pdb
2026-03-10 00:32:34 	 Docker exit code: 0
2026-03-10 00:32:34 	 Docker output length: 334
2026-03-10 00:32:34 	 Saved CSV: PZ18,LeeAS_3,LeeAS,3,fallback_pair,0.4354324785001535,0.2984810028978546,0,18_solution_0.pdb,PZ18_LeeAS_3.pdb
2026-03-10 00:32:34 	 RUN fallback_pair: model=PZ18_LeeAS_4.pdb against global=18_solution_0.pdb -> id=LeeAS_4
2026-03-10 00:32:34 	 Docker cmd: docker run --rm -v D:\Studia\Projekty\gsp-lab:/work -v D:\Studia\Projekty\RNA_assessment:/rna_assessment -e RNA_ASSESSMENT_ROOT=/rna_assessment -e PYTHONPATH=/rna_assessment mcannotate-runtime python3 /work/src/utils/INF.py /work/data/finished/PZ18/pdb/18_solution_0.pdb /work/data/finished/PZ18/pdb/PZ18_LeeAS_4.pdb
2026-03-10 00:32:37 	 Docker exit code: 0
2026-03-10 00:32:37 	 Docker output length: 322
2026-03-10 00:32:37 	 Saved CSV: PZ18,LeeAS_4,LeeAS,4,fallback_pair,0.5931229820154263,0.64,-1,18_solution_0.pdb,PZ18_LeeAS_4.pdb
2026-03-10 00:32:37 	 RUN fallback_pair: model=PZ18_LeeAS_5.pdb against global=18_solution_0.pdb -> id=LeeAS_5
2026-03-10 00:32:37 	 Docker cmd: docker run --rm -v D:\Studia\Projekty\gsp-lab:/work -v D:\Studia\Projekty\RNA_assessment:/rna_assessment -e RNA_ASSESSMENT_ROOT=/rna_assessment -e PYTHONPATH=/rna_assessment mcannotate-runtime python3 /work/src/utils/INF.py /work/data/finished/PZ18/pdb/18_solution_0.pdb /work/data/finished/PZ18/pdb/PZ18_LeeAS_5.pdb
2026-03-10 00:32:40 	 Docker exit code: 0
2026-03-10 00:32:40 	 Docker output length: 322
2026-03-10 00:32:40 	 Saved CSV: PZ18,LeeAS_5,LeeAS,5,fallback_pair,0.6011930534033845,0.64,-1,18_solution_0.pdb,PZ18_LeeAS_5.pdb
2026-03-10 00:32:40 	 RUN fallback_pair: model=PZ18_Szachniuk_1.pdb against global=18_solution_0.pdb -> id=Szachniuk_1
2026-03-10 00:32:40 	 Docker cmd: docker run --rm -v D:\Studia\Projekty\gsp-lab:/work -v D:\Studia\Projekty\RNA_assessment:/rna_assessment -e RNA_ASSESSMENT_ROOT=/rna_assessment -e PYTHONPATH=/rna_assessment mcannotate-runtime python3 /work/src/utils/INF.py /work/data/finished/PZ18/pdb/18_solution_0.pdb /work/data/finished/PZ18/pdb/PZ18_Szachniuk_1.pdb
2026-03-10 00:32:42 	 Docker exit code: 0
2026-03-10 00:32:42 	 Docker output length: 352
2026-03-10 00:32:42 	 Saved CSV: PZ18,Szachniuk_1,Szachniuk,1,fallback_pair,0.7479173608477658,0.7844645405527362,0.6123724356957945,18_solution_0.pdb,PZ18_Szachniuk_1.pdb
2026-03-10 00:32:42 	 RUN fallback_pair: model=PZ18_Szachniuk_2.pdb against global=18_solution_0.pdb -> id=Szachniuk_2
2026-03-10 00:32:42 	 Docker cmd: docker run --rm -v D:\Studia\Projekty\gsp-lab:/work -v D:\Studia\Projekty\RNA_assessment:/rna_assessment -e RNA_ASSESSMENT_ROOT=/rna_assessment -e PYTHONPATH=/rna_assessment mcannotate-runtime python3 /work/src/utils/INF.py /work/data/finished/PZ18/pdb/18_solution_0.pdb /work/data/finished/PZ18/pdb/PZ18_Szachniuk_2.pdb
2026-03-10 00:32:45 	 Docker exit code: 0
2026-03-10 00:32:45 	 Docker output length: 352
2026-03-10 00:32:45 	 Saved CSV: PZ18,Szachniuk_2,Szachniuk,2,fallback_pair,0.745446995002253,0.7844645405527362,0.6123724356957945,18_solution_0.pdb,PZ18_Szachniuk_2.pdb
2026-03-10 00:32:45 	 RUN fallback_pair: model=PZ18_Szachniuk_3.pdb against global=18_solution_0.pdb -> id=Szachniuk_3
2026-03-10 00:32:45 	 Docker cmd: docker run --rm -v D:\Studia\Projekty\gsp-lab:/work -v D:\Studia\Projekty\RNA_assessment:/rna_assessment -e RNA_ASSESSMENT_ROOT=/rna_assessment -e PYTHONPATH=/rna_assessment mcannotate-runtime python3 /work/src/utils/INF.py /work/data/finished/PZ18/pdb/18_solution_0.pdb /work/data/finished/PZ18/pdb/PZ18_Szachniuk_3.pdb
2026-03-10 00:32:48 	 Docker exit code: 0
2026-03-10 00:32:48 	 Docker output length: 353
2026-03-10 00:32:48 	 Saved CSV: PZ18,Szachniuk_3,Szachniuk,3,fallback_pair,0.7383713887281302,0.7844645405527362,0.6123724356957945,18_solution_0.pdb,PZ18_Szachniuk_3.pdb
2026-03-10 00:32:48 	 RUN fallback_pair: model=PZ18_Szachniuk_4.pdb against global=18_solution_0.pdb -> id=Szachniuk_4
2026-03-10 00:32:48 	 Docker cmd: docker run --rm -v D:\Studia\Projekty\gsp-lab:/work -v D:\Studia\Projekty\RNA_assessment:/rna_assessment -e RNA_ASSESSMENT_ROOT=/rna_assessment -e PYTHONPATH=/rna_assessment mcannotate-runtime python3 /work/src/utils/INF.py /work/data/finished/PZ18/pdb/18_solution_0.pdb /work/data/finished/PZ18/pdb/PZ18_Szachniuk_4.pdb
2026-03-10 00:32:50 	 Docker exit code: 0
2026-03-10 00:32:50 	 Docker output length: 354
2026-03-10 00:32:51 	 Saved CSV: PZ18,Szachniuk_4,Szachniuk,4,fallback_pair,0.7320144173946841,0.7844645405527362,0.6123724356957945,18_solution_0.pdb,PZ18_Szachniuk_4.pdb
2026-03-10 00:32:51 	 RUN fallback_pair: model=PZ18_Szachniuk_5.pdb against global=18_solution_0.pdb -> id=Szachniuk_5
2026-03-10 00:32:51 	 Docker cmd: docker run --rm -v D:\Studia\Projekty\gsp-lab:/work -v D:\Studia\Projekty\RNA_assessment:/rna_assessment -e RNA_ASSESSMENT_ROOT=/rna_assessment -e PYTHONPATH=/rna_assessment mcannotate-runtime python3 /work/src/utils/INF.py /work/data/finished/PZ18/pdb/18_solution_0.pdb /work/data/finished/PZ18/pdb/PZ18_Szachniuk_5.pdb
2026-03-10 00:32:53 	 Docker exit code: 0
2026-03-10 00:32:53 	 Docker output length: 353
2026-03-10 00:32:53 	 Saved CSV: PZ18,Szachniuk_5,Szachniuk,5,fallback_pair,0.7293112739660335,0.7844645405527362,0.5477225575051661,18_solution_0.pdb,PZ18_Szachniuk_5.pdb
2026-03-10 00:32:53 	 DONE case: PZ18
2026-03-10 01:12:40 	 START case: PZ18
2026-03-10 01:12:40 	 caseDir: D:\Studia\Projekty\gsp-lab\data\finished\PZ18
2026-03-10 01:12:40 	 pdbDir: D:\Studia\Projekty\gsp-lab\data\finished\PZ18\pdb
2026-03-10 01:12:40 	 Found pdb count: 64
2026-03-10 01:12:40 	 Global solution: 18_solution_0.pdb
2026-03-10 01:12:40 	 SKIP already recorded (refined): 3dRNA_1
2026-03-10 01:12:40 	 SKIP (model is a solution file): 18_3dRNA_1_solution.pdb
2026-03-10 01:12:40 	 SKIP already recorded (fallback): 3dRNA_2
2026-03-10 01:12:40 	 SKIP already recorded (fallback): 3dRNA_3
2026-03-10 01:12:40 	 SKIP already recorded (fallback): 3dRNA_4
2026-03-10 01:12:40 	 SKIP already recorded (fallback): 3dRNA_5
2026-03-10 01:12:40 	 SKIP already recorded (fallback): Chen_1
2026-03-10 01:12:40 	 SKIP already recorded (fallback): Chen_2
2026-03-10 01:12:40 	 SKIP already recorded (fallback): Chen_3
2026-03-10 01:12:40 	 SKIP already recorded (fallback): Chen_4
2026-03-10 01:12:40 	 SKIP already recorded (fallback): Chen_5
2026-03-10 01:12:40 	 SKIP already recorded (fallback): Das_1
2026-03-10 01:12:40 	 SKIP already recorded (fallback): Das_2
2026-03-10 01:12:40 	 SKIP already recorded (fallback): Das_3
2026-03-10 01:12:40 	 SKIP already recorded (fallback): Das_4
2026-03-10 01:12:40 	 SKIP already recorded (fallback): Das_5
2026-03-10 01:12:40 	 SKIP already recorded (fallback): Ding_1
2026-03-10 01:12:40 	 SKIP already recorded (fallback): Ding_2
2026-03-10 01:12:40 	 SKIP already recorded (fallback): Ding_3
2026-03-10 01:12:40 	 SKIP already recorded (fallback): Ding_4
2026-03-10 01:12:40 	 SKIP already recorded (fallback): Ding_5
2026-03-10 01:12:40 	 SKIP already recorded (fallback): Dokholyan_1
2026-03-10 01:12:40 	 SKIP already recorded (fallback): Dokholyan_2
2026-03-10 01:12:40 	 SKIP already recorded (fallback): Dokholyan_3
2026-03-10 01:12:40 	 SKIP already recorded (fallback): Lee_1
2026-03-10 01:12:40 	 SKIP already recorded (fallback): Lee_2
2026-03-10 01:12:40 	 SKIP already recorded (fallback): Lee_3
2026-03-10 01:12:40 	 SKIP already recorded (fallback): Lee_4
2026-03-10 01:12:40 	 SKIP already recorded (fallback): Lee_5
2026-03-10 01:12:40 	 SKIP already recorded (fallback): RNAComposer_1
2026-03-10 01:12:40 	 SKIP already recorded (fallback): RNAComposer_2
2026-03-10 01:12:40 	 SKIP already recorded (fallback): RNAComposer_3
2026-03-10 01:12:40 	 SKIP already recorded (fallback): RNAComposer_4
2026-03-10 01:12:40 	 SKIP already recorded (fallback): RNAComposer_5
2026-03-10 01:12:40 	 SKIP already recorded (fallback): RW3D_1
2026-03-10 01:12:40 	 SKIP already recorded (fallback): RW3D_10
2026-03-10 01:12:40 	 SKIP already recorded (fallback): RW3D_2
2026-03-10 01:12:40 	 SKIP already recorded (fallback): RW3D_3
2026-03-10 01:12:40 	 SKIP already recorded (fallback): RW3D_4
2026-03-10 01:12:40 	 SKIP already recorded (fallback): RW3D_5
2026-03-10 01:12:40 	 SKIP already recorded (fallback): RW3D_6
2026-03-10 01:12:41 	 SKIP already recorded (fallback): RW3D_7
2026-03-10 01:12:41 	 SKIP already recorded (fallback): RW3D_8
2026-03-10 01:12:41 	 SKIP already recorded (fallback): RW3D_9
2026-03-10 01:12:41 	 SKIP already recorded (fallback): simRNA_1
2026-03-10 01:12:41 	 SKIP already recorded (fallback): simRNA_2
2026-03-10 01:12:41 	 SKIP already recorded (fallback): simRNA_3
2026-03-10 01:12:41 	 SKIP (model is a solution file): 18_solution_0.pdb
2026-03-10 01:12:41 	 SKIP already recorded (fallback): YagoubAli_1
2026-03-10 01:12:41 	 SKIP already recorded (fallback): DasORIGINAL_1
2026-03-10 01:12:41 	 SKIP already recorded (fallback): DasORIGINAL_2
2026-03-10 01:12:41 	 SKIP already recorded (fallback): DasORIGINAL_3
2026-03-10 01:12:41 	 SKIP already recorded (fallback): DasORIGINAL_4
2026-03-10 01:12:41 	 SKIP already recorded (fallback): DasORIGINAL_5
2026-03-10 01:12:41 	 SKIP already recorded (fallback): LeeAS_1
2026-03-10 01:12:41 	 SKIP already recorded (fallback): LeeAS_2
2026-03-10 01:12:41 	 SKIP already recorded (fallback): LeeAS_3
2026-03-10 01:12:41 	 SKIP already recorded (fallback): LeeAS_4
2026-03-10 01:12:41 	 SKIP already recorded (fallback): LeeAS_5
2026-03-10 01:12:41 	 SKIP already recorded (fallback): Szachniuk_1
2026-03-10 01:12:41 	 SKIP already recorded (fallback): Szachniuk_2
2026-03-10 01:12:41 	 SKIP already recorded (fallback): Szachniuk_3
2026-03-10 01:12:41 	 SKIP already recorded (fallback): Szachniuk_4
2026-03-10 01:12:41 	 SKIP already recorded (fallback): Szachniuk_5
2026-03-10 01:12:41 	 DONE case: PZ18
2026-03-10 01:17:24 	 START case: PZ18
2026-03-10 01:17:24 	 caseDir: D:\Studia\Projekty\gsp-lab\data\finished\PZ18
2026-03-10 01:17:24 	 pdbDir: D:\Studia\Projekty\gsp-lab\data\finished\PZ18\pdb
2026-03-10 01:17:24 	 Found pdb count: 64
2026-03-10 01:17:24 	 Global solution: 18_solution_0.pdb
2026-03-10 01:17:24 	 SKIP already recorded (refined): 3dRNA_1
2026-03-10 01:17:24 	 SKIP (model is a solution file): 18_3dRNA_1_solution.pdb
2026-03-10 01:17:24 	 SKIP already recorded (fallback): 3dRNA_2
2026-03-10 01:17:24 	 SKIP already recorded (fallback): 3dRNA_3
2026-03-10 01:17:24 	 SKIP already recorded (fallback): 3dRNA_4
2026-03-10 01:17:24 	 SKIP already recorded (fallback): 3dRNA_5
2026-03-10 01:17:24 	 SKIP already recorded (fallback): Chen_1
2026-03-10 01:17:24 	 SKIP already recorded (fallback): Chen_2
2026-03-10 01:17:24 	 SKIP already recorded (fallback): Chen_3
2026-03-10 01:17:24 	 SKIP already recorded (fallback): Chen_4
2026-03-10 01:17:24 	 SKIP already recorded (fallback): Chen_5
2026-03-10 01:17:24 	 SKIP already recorded (fallback): Das_1
2026-03-10 01:17:24 	 SKIP already recorded (fallback): Das_2
2026-03-10 01:17:24 	 SKIP already recorded (fallback): Das_3
2026-03-10 01:17:25 	 SKIP already recorded (fallback): Das_4
2026-03-10 01:17:25 	 SKIP already recorded (fallback): Das_5
2026-03-10 01:17:25 	 SKIP already recorded (fallback): Ding_1
2026-03-10 01:17:25 	 SKIP already recorded (fallback): Ding_2
2026-03-10 01:17:25 	 SKIP already recorded (fallback): Ding_3
2026-03-10 01:17:25 	 SKIP already recorded (fallback): Ding_4
2026-03-10 01:17:25 	 SKIP already recorded (fallback): Ding_5
2026-03-10 01:17:25 	 SKIP already recorded (fallback): Dokholyan_1
2026-03-10 01:17:25 	 SKIP already recorded (fallback): Dokholyan_2
2026-03-10 01:17:25 	 SKIP already recorded (fallback): Dokholyan_3
2026-03-10 01:17:25 	 SKIP already recorded (fallback): Lee_1
2026-03-10 01:17:25 	 SKIP already recorded (fallback): Lee_2
2026-03-10 01:17:25 	 SKIP already recorded (fallback): Lee_3
2026-03-10 01:17:25 	 SKIP already recorded (fallback): Lee_4
2026-03-10 01:17:25 	 SKIP already recorded (fallback): Lee_5
2026-03-10 01:17:25 	 SKIP already recorded (fallback): RNAComposer_1
2026-03-10 01:17:25 	 SKIP already recorded (fallback): RNAComposer_2
2026-03-10 01:17:25 	 SKIP already recorded (fallback): RNAComposer_3
2026-03-10 01:17:25 	 SKIP already recorded (fallback): RNAComposer_4
2026-03-10 01:17:25 	 SKIP already recorded (fallback): RNAComposer_5
2026-03-10 01:17:25 	 SKIP already recorded (fallback): RW3D_1
2026-03-10 01:17:25 	 SKIP already recorded (fallback): RW3D_10
2026-03-10 01:17:25 	 SKIP already recorded (fallback): RW3D_2
2026-03-10 01:17:25 	 SKIP already recorded (fallback): RW3D_3
2026-03-10 01:17:25 	 SKIP already recorded (fallback): RW3D_4
2026-03-10 01:17:25 	 SKIP already recorded (fallback): RW3D_5
2026-03-10 01:17:25 	 SKIP already recorded (fallback): RW3D_6
2026-03-10 01:17:25 	 SKIP already recorded (fallback): RW3D_7
2026-03-10 01:17:25 	 SKIP already recorded (fallback): RW3D_8
2026-03-10 01:17:25 	 SKIP already recorded (fallback): RW3D_9
2026-03-10 01:17:25 	 SKIP already recorded (fallback): simRNA_1
2026-03-10 01:17:25 	 SKIP already recorded (fallback): simRNA_2
2026-03-10 01:17:25 	 SKIP already recorded (fallback): simRNA_3
2026-03-10 01:17:25 	 SKIP (model is a solution file): 18_solution_0.pdb
2026-03-10 01:17:25 	 SKIP already recorded (fallback): YagoubAli_1
2026-03-10 01:17:25 	 SKIP already recorded (fallback): DasORIGINAL_1
2026-03-10 01:17:25 	 SKIP already recorded (fallback): DasORIGINAL_2
2026-03-10 01:17:25 	 SKIP already recorded (fallback): DasORIGINAL_3
2026-03-10 01:17:25 	 SKIP already recorded (fallback): DasORIGINAL_4
2026-03-10 01:17:25 	 SKIP already recorded (fallback): DasORIGINAL_5
2026-03-10 01:17:25 	 SKIP already recorded (fallback): LeeAS_1
2026-03-10 01:17:25 	 SKIP already recorded (fallback): LeeAS_2
2026-03-10 01:17:25 	 SKIP already recorded (fallback): LeeAS_3
2026-03-10 01:17:25 	 SKIP already recorded (fallback): LeeAS_4
2026-03-10 01:17:25 	 SKIP already recorded (fallback): LeeAS_5
2026-03-10 01:17:25 	 SKIP already recorded (fallback): Szachniuk_1
2026-03-10 01:17:25 	 SKIP already recorded (fallback): Szachniuk_2
2026-03-10 01:17:25 	 SKIP already recorded (fallback): Szachniuk_3
2026-03-10 01:17:25 	 SKIP already recorded (fallback): Szachniuk_4
2026-03-10 01:17:25 	 SKIP already recorded (fallback): Szachniuk_5
2026-03-10 01:17:25 	 DONE case: PZ18
2026-03-10 01:21:51 	 START case: PZ18
2026-03-10 01:21:51 	 caseDir: D:\Studia\Projekty\gsp-lab\data\finished\PZ18
2026-03-10 01:21:51 	 pdbDir: D:\Studia\Projekty\gsp-lab\data\finished\PZ18\pdb
2026-03-10 01:21:51 	 Found pdb count: 64
2026-03-10 01:21:51 	 Global solution: 18_solution_0.pdb
2026-03-10 01:21:51 	 SKIP already recorded (refined): 3dRNA_1
2026-03-10 01:21:51 	 SKIP (model is a solution file): 18_3dRNA_1_solution.pdb
2026-03-10 01:21:51 	 SKIP already recorded (fallback): 3dRNA_2
2026-03-10 01:21:51 	 SKIP already recorded (fallback): 3dRNA_3
2026-03-10 01:21:51 	 SKIP already recorded (fallback): 3dRNA_4
2026-03-10 01:21:51 	 SKIP already recorded (fallback): 3dRNA_5
2026-03-10 01:21:51 	 SKIP already recorded (fallback): Chen_1
2026-03-10 01:21:51 	 SKIP already recorded (fallback): Chen_2
2026-03-10 01:21:51 	 SKIP already recorded (fallback): Chen_3
2026-03-10 01:21:51 	 SKIP already recorded (fallback): Chen_4
2026-03-10 01:21:51 	 SKIP already recorded (fallback): Chen_5
2026-03-10 01:21:51 	 SKIP already recorded (fallback): Das_1
2026-03-10 01:21:51 	 SKIP already recorded (fallback): Das_2
2026-03-10 01:21:51 	 SKIP already recorded (fallback): Das_3
2026-03-10 01:21:51 	 SKIP already recorded (fallback): Das_4
2026-03-10 01:21:51 	 SKIP already recorded (fallback): Das_5
2026-03-10 01:21:51 	 SKIP already recorded (fallback): Ding_1
2026-03-10 01:21:51 	 SKIP already recorded (fallback): Ding_2
2026-03-10 01:21:51 	 SKIP already recorded (fallback): Ding_3
2026-03-10 01:21:51 	 SKIP already recorded (fallback): Ding_4
2026-03-10 01:21:51 	 SKIP already recorded (fallback): Ding_5
2026-03-10 01:21:51 	 SKIP already recorded (fallback): Dokholyan_1
2026-03-10 01:21:51 	 SKIP already recorded (fallback): Dokholyan_2
2026-03-10 01:21:51 	 SKIP already recorded (fallback): Dokholyan_3
2026-03-10 01:21:51 	 SKIP already recorded (fallback): Lee_1
2026-03-10 01:21:51 	 SKIP already recorded (fallback): Lee_2
2026-03-10 01:21:51 	 SKIP already recorded (fallback): Lee_3
2026-03-10 01:21:51 	 SKIP already recorded (fallback): Lee_4
2026-03-10 01:21:51 	 SKIP already recorded (fallback): Lee_5
2026-03-10 01:21:51 	 SKIP already recorded (fallback): RNAComposer_1
2026-03-10 01:21:51 	 SKIP already recorded (fallback): RNAComposer_2
2026-03-10 01:21:51 	 SKIP already recorded (fallback): RNAComposer_3
2026-03-10 01:21:51 	 SKIP already recorded (fallback): RNAComposer_4
2026-03-10 01:21:51 	 SKIP already recorded (fallback): RNAComposer_5
2026-03-10 01:21:51 	 SKIP already recorded (fallback): RW3D_1
2026-03-10 01:21:51 	 SKIP already recorded (fallback): RW3D_10
2026-03-10 01:21:51 	 SKIP already recorded (fallback): RW3D_2
2026-03-10 01:21:51 	 SKIP already recorded (fallback): RW3D_3
2026-03-10 01:21:51 	 SKIP already recorded (fallback): RW3D_4
2026-03-10 01:21:51 	 SKIP already recorded (fallback): RW3D_5
2026-03-10 01:21:51 	 SKIP already recorded (fallback): RW3D_6
2026-03-10 01:21:51 	 SKIP already recorded (fallback): RW3D_7
2026-03-10 01:21:51 	 SKIP already recorded (fallback): RW3D_8
2026-03-10 01:21:51 	 SKIP already recorded (fallback): RW3D_9
2026-03-10 01:21:51 	 SKIP already recorded (fallback): simRNA_1
2026-03-10 01:21:51 	 SKIP already recorded (fallback): simRNA_2
2026-03-10 01:21:51 	 SKIP already recorded (fallback): simRNA_3
2026-03-10 01:21:51 	 SKIP (model is a solution file): 18_solution_0.pdb
2026-03-10 01:21:51 	 SKIP already recorded (fallback): YagoubAli_1
2026-03-10 01:21:51 	 SKIP already recorded (fallback): DasORIGINAL_1
2026-03-10 01:21:51 	 SKIP already recorded (fallback): DasORIGINAL_2
2026-03-10 01:21:51 	 SKIP already recorded (fallback): DasORIGINAL_3
2026-03-10 01:21:51 	 SKIP already recorded (fallback): DasORIGINAL_4
2026-03-10 01:21:52 	 SKIP already recorded (fallback): DasORIGINAL_5
2026-03-10 01:21:52 	 SKIP already recorded (fallback): LeeAS_1
2026-03-10 01:21:52 	 SKIP already recorded (fallback): LeeAS_2
2026-03-10 01:21:52 	 SKIP already recorded (fallback): LeeAS_3
2026-03-10 01:21:52 	 SKIP already recorded (fallback): LeeAS_4
2026-03-10 01:21:52 	 SKIP already recorded (fallback): LeeAS_5
2026-03-10 01:21:52 	 SKIP already recorded (fallback): Szachniuk_1
2026-03-10 01:21:52 	 SKIP already recorded (fallback): Szachniuk_2
2026-03-10 01:21:52 	 SKIP already recorded (fallback): Szachniuk_3
2026-03-10 01:21:52 	 SKIP already recorded (fallback): Szachniuk_4
2026-03-10 01:21:52 	 SKIP already recorded (fallback): Szachniuk_5
2026-03-10 01:21:52 	 DONE case: PZ18
