2026-03-10 01:21:51 	 START case: PZ19
2026-03-10 01:21:51 	 caseDir: D:\Studia\Projekty\gsp-lab\data\finished\PZ19
2026-03-10 01:21:51 	 pdbDir: D:\Studia\Projekty\gsp-lab\data\finished\PZ19\pdb
2026-03-10 01:21:51 	 Found pdb count: 60
2026-03-10 01:21:51 	 Global solution: 19_solution_0.pdb
2026-03-10 01:21:51 	 RUN fallback_pair: model=19_3dRNA_1.pdb against global=19_solution_0.pdb -> id=3dRNA_1
2026-03-10 01:21:51 	 Docker cmd: docker run --rm -v D:\Studia\Projekty\gsp-lab:/work -v D:\Studia\Projekty\RNA_assessment:/rna_assessment -e RNA_ASSESSMENT_ROOT=/rna_assessment -e PYTHONPATH=/rna_assessment mcannotate-runtime python3 /work/src/utils/INF.py /work/data/finished/PZ19/pdb/19_solution_0.pdb /work/data/finished/PZ19/pdb/19_3dRNA_1.pdb
2026-03-10 01:21:58 	 Docker exit code: 0
2026-03-10 01:21:58 	 Docker output length: 347
2026-03-10 01:21:58 	 Saved CSV: PZ19,3dRNA_1,3dRNA,1,fallback_pair,0.7180786296659397,0.7398300378117159,0.408248290463863,19_solution_0.pdb,19_3dRNA_1.pdb
2026-03-10 01:21:58 	 RUN fallback_pair: model=19_3dRNA_2.pdb against global=19_solution_0.pdb -> id=3dRNA_2
2026-03-10 01:21:58 	 Docker cmd: docker run --rm -v D:\Studia\Projekty\gsp-lab:/work -v D:\Studia\Projekty\RNA_assessment:/rna_assessment -e RNA_ASSESSMENT_ROOT=/rna_assessment -e PYTHONPATH=/rna_assessment mcannotate-runtime python3 /work/src/utils/INF.py /work/data/finished/PZ19/pdb/19_solution_0.pdb /work/data/finished/PZ19/pdb/19_3dRNA_2.pdb
2026-03-10 01:21:59 	 Docker exit code: 0
2026-03-10 01:21:59 	 Docker output length: 333
2026-03-10 01:21:59 	 Saved CSV: PZ19,3dRNA_2,3dRNA,2,fallback_pair,0.6981280976033711,0.7083333333333334,0,19_solution_0.pdb,19_3dRNA_2.pdb
2026-03-10 01:21:59 	 RUN fallback_pair: model=19_3dRNA_3.pdb against global=19_solution_0.pdb -> id=3dRNA_3
2026-03-10 01:21:59 	 Docker cmd: docker run --rm -v D:\Studia\Projekty\gsp-lab:/work -v D:\Studia\Projekty\RNA_assessment:/rna_assessment -e RNA_ASSESSMENT_ROOT=/rna_assessment -e PYTHONPATH=/rna_assessment mcannotate-runtime python3 /work/src/utils/INF.py /work/data/finished/PZ19/pdb/19_solution_0.pdb /work/data/finished/PZ19/pdb/19_3dRNA_3.pdb
2026-03-10 01:22:00 	 Docker exit code: 0
2026-03-10 01:22:00 	 Docker output length: 348
2026-03-10 01:22:00 	 Saved CSV: PZ19,3dRNA_3,3dRNA,3,fallback_pair,0.6933949711814645,0.7071067811865476,0.5773502691896257,19_solution_0.pdb,19_3dRNA_3.pdb
2026-03-10 01:22:00 	 RUN fallback_pair: model=19_3dRNA_4.pdb against global=19_solution_0.pdb -> id=3dRNA_4
2026-03-10 01:22:00 	 Docker cmd: docker run --rm -v D:\Studia\Projekty\gsp-lab:/work -v D:\Studia\Projekty\RNA_assessment:/rna_assessment -e RNA_ASSESSMENT_ROOT=/rna_assessment -e PYTHONPATH=/rna_assessment mcannotate-runtime python3 /work/src/utils/INF.py /work/data/finished/PZ19/pdb/19_solution_0.pdb /work/data/finished/PZ19/pdb/19_3dRNA_4.pdb
2026-03-10 01:22:01 	 Docker exit code: 0
2026-03-10 01:22:01 	 Docker output length: 333
2026-03-10 01:22:01 	 Saved CSV: PZ19,3dRNA_4,3dRNA,4,fallback_pair,0.6580901965284981,0.7235680511449363,0,19_solution_0.pdb,19_3dRNA_4.pdb
2026-03-10 01:22:01 	 RUN fallback_pair: model=19_3dRNA_5.pdb against global=19_solution_0.pdb -> id=3dRNA_5
2026-03-10 01:22:01 	 Docker cmd: docker run --rm -v D:\Studia\Projekty\gsp-lab:/work -v D:\Studia\Projekty\RNA_assessment:/rna_assessment -e RNA_ASSESSMENT_ROOT=/rna_assessment -e PYTHONPATH=/rna_assessment mcannotate-runtime python3 /work/src/utils/INF.py /work/data/finished/PZ19/pdb/19_solution_0.pdb /work/data/finished/PZ19/pdb/19_3dRNA_5.pdb
2026-03-10 01:22:02 	 Docker exit code: 0
2026-03-10 01:22:02 	 Docker output length: 347
2026-03-10 01:22:02 	 Saved CSV: PZ19,3dRNA_5,3dRNA,5,fallback_pair,0.6777389936698861,0.7572401854185358,0.408248290463863,19_solution_0.pdb,19_3dRNA_5.pdb
2026-03-10 01:22:02 	 RUN fallback_pair: model=19_Bujnicki_1.pdb against global=19_solution_0.pdb -> id=Bujnicki_1
2026-03-10 01:22:02 	 Docker cmd: docker run --rm -v D:\Studia\Projekty\gsp-lab:/work -v D:\Studia\Projekty\RNA_assessment:/rna_assessment -e RNA_ASSESSMENT_ROOT=/rna_assessment -e PYTHONPATH=/rna_assessment mcannotate-runtime python3 /work/src/utils/INF.py /work/data/finished/PZ19/pdb/19_solution_0.pdb /work/data/finished/PZ19/pdb/19_Bujnicki_1.pdb
2026-03-10 01:22:04 	 Docker exit code: 0
2026-03-10 01:22:04 	 Docker output length: 336
2026-03-10 01:22:04 	 Saved CSV: PZ19,Bujnicki_1,Bujnicki,1,fallback_pair,0.7189696052220029,0.7205766921228921,0,19_solution_0.pdb,19_Bujnicki_1.pdb
2026-03-10 01:22:04 	 RUN fallback_pair: model=19_Bujnicki_2.pdb against global=19_solution_0.pdb -> id=Bujnicki_2
2026-03-10 01:22:04 	 Docker cmd: docker run --rm -v D:\Studia\Projekty\gsp-lab:/work -v D:\Studia\Projekty\RNA_assessment:/rna_assessment -e RNA_ASSESSMENT_ROOT=/rna_assessment -e PYTHONPATH=/rna_assessment mcannotate-runtime python3 /work/src/utils/INF.py /work/data/finished/PZ19/pdb/19_solution_0.pdb /work/data/finished/PZ19/pdb/19_Bujnicki_2.pdb
2026-03-10 01:22:05 	 Docker exit code: 0
2026-03-10 01:22:05 	 Docker output length: 336
2026-03-10 01:22:05 	 Saved CSV: PZ19,Bujnicki_2,Bujnicki,2,fallback_pair,0.6883697418426237,0.7348469228349535,0,19_solution_0.pdb,19_Bujnicki_2.pdb
2026-03-10 01:22:05 	 RUN fallback_pair: model=19_Bujnicki_3.pdb against global=19_solution_0.pdb -> id=Bujnicki_3
2026-03-10 01:22:05 	 Docker cmd: docker run --rm -v D:\Studia\Projekty\gsp-lab:/work -v D:\Studia\Projekty\RNA_assessment:/rna_assessment -e RNA_ASSESSMENT_ROOT=/rna_assessment -e PYTHONPATH=/rna_assessment mcannotate-runtime python3 /work/src/utils/INF.py /work/data/finished/PZ19/pdb/19_solution_0.pdb /work/data/finished/PZ19/pdb/19_Bujnicki_3.pdb
2026-03-10 01:22:06 	 Docker exit code: 0
2026-03-10 01:22:06 	 Docker output length: 336
2026-03-10 01:22:06 	 Saved CSV: PZ19,Bujnicki_3,Bujnicki,3,fallback_pair,0.7347071583103029,0.8642416214502247,-1,19_solution_0.pdb,19_Bujnicki_3.pdb
2026-03-10 01:22:06 	 RUN fallback_pair: model=19_Bujnicki_4.pdb against global=19_solution_0.pdb -> id=Bujnicki_4
2026-03-10 01:22:06 	 Docker cmd: docker run --rm -v D:\Studia\Projekty\gsp-lab:/work -v D:\Studia\Projekty\RNA_assessment:/rna_assessment -e RNA_ASSESSMENT_ROOT=/rna_assessment -e PYTHONPATH=/rna_assessment mcannotate-runtime python3 /work/src/utils/INF.py /work/data/finished/PZ19/pdb/19_solution_0.pdb /work/data/finished/PZ19/pdb/19_Bujnicki_4.pdb
2026-03-10 01:22:07 	 Docker exit code: 0
2026-03-10 01:22:07 	 Docker output length: 336
2026-03-10 01:22:07 	 Saved CSV: PZ19,Bujnicki_4,Bujnicki,4,fallback_pair,0.6372659274182272,0.6678230711206282,0,19_solution_0.pdb,19_Bujnicki_4.pdb
2026-03-10 01:22:07 	 RUN fallback_pair: model=19_Bujnicki_5.pdb against global=19_solution_0.pdb -> id=Bujnicki_5
2026-03-10 01:22:07 	 Docker cmd: docker run --rm -v D:\Studia\Projekty\gsp-lab:/work -v D:\Studia\Projekty\RNA_assessment:/rna_assessment -e RNA_ASSESSMENT_ROOT=/rna_assessment -e PYTHONPATH=/rna_assessment mcannotate-runtime python3 /work/src/utils/INF.py /work/data/finished/PZ19/pdb/19_solution_0.pdb /work/data/finished/PZ19/pdb/19_Bujnicki_5.pdb
2026-03-10 01:22:08 	 Docker exit code: 0
2026-03-10 01:22:08 	 Docker output length: 336
2026-03-10 01:22:08 	 Saved CSV: PZ19,Bujnicki_5,Bujnicki,5,fallback_pair,0.7176769753613776,0.7205766921228921,0,19_solution_0.pdb,19_Bujnicki_5.pdb
2026-03-10 01:22:08 	 RUN fallback_pair: model=19_Chen_1.pdb against global=19_solution_0.pdb -> id=Chen_1
2026-03-10 01:22:08 	 Docker cmd: docker run --rm -v D:\Studia\Projekty\gsp-lab:/work -v D:\Studia\Projekty\RNA_assessment:/rna_assessment -e RNA_ASSESSMENT_ROOT=/rna_assessment -e PYTHONPATH=/rna_assessment mcannotate-runtime python3 /work/src/utils/INF.py /work/data/finished/PZ19/pdb/19_solution_0.pdb /work/data/finished/PZ19/pdb/19_Chen_1.pdb
2026-03-10 01:22:09 	 Docker exit code: 0
2026-03-10 01:22:09 	 Docker output length: 331
2026-03-10 01:22:09 	 Saved CSV: PZ19,Chen_1,Chen,1,fallback_pair,0.7814821083775916,0.9574271077563381,0,19_solution_0.pdb,19_Chen_1.pdb
2026-03-10 01:22:09 	 RUN fallback_pair: model=19_Chen_2.pdb against global=19_solution_0.pdb -> id=Chen_2
2026-03-10 01:22:09 	 Docker cmd: docker run --rm -v D:\Studia\Projekty\gsp-lab:/work -v D:\Studia\Projekty\RNA_assessment:/rna_assessment -e RNA_ASSESSMENT_ROOT=/rna_assessment -e PYTHONPATH=/rna_assessment mcannotate-runtime python3 /work/src/utils/INF.py /work/data/finished/PZ19/pdb/19_solution_0.pdb /work/data/finished/PZ19/pdb/19_Chen_2.pdb
2026-03-10 01:22:10 	 Docker exit code: 0
2026-03-10 01:22:10 	 Docker output length: 346
2026-03-10 01:22:10 	 Saved CSV: PZ19,Chen_2,Chen,2,fallback_pair,0.7180786296659397,0.7661308776828738,0.5773502691896257,19_solution_0.pdb,19_Chen_2.pdb
2026-03-10 01:22:10 	 RUN fallback_pair: model=19_Chen_3.pdb against global=19_solution_0.pdb -> id=Chen_3
2026-03-10 01:22:10 	 Docker cmd: docker run --rm -v D:\Studia\Projekty\gsp-lab:/work -v D:\Studia\Projekty\RNA_assessment:/rna_assessment -e RNA_ASSESSMENT_ROOT=/rna_assessment -e PYTHONPATH=/rna_assessment mcannotate-runtime python3 /work/src/utils/INF.py /work/data/finished/PZ19/pdb/19_solution_0.pdb /work/data/finished/PZ19/pdb/19_Chen_3.pdb
2026-03-10 01:22:12 	 Docker exit code: 0
2026-03-10 01:22:12 	 Docker output length: 347
2026-03-10 01:22:12 	 Saved CSV: PZ19,Chen_3,Chen,3,fallback_pair,0.6816082329914551,0.7572401854185358,0.3333333333333333,19_solution_0.pdb,19_Chen_3.pdb
2026-03-10 01:22:12 	 RUN fallback_pair: model=19_Chen_4.pdb against global=19_solution_0.pdb -> id=Chen_4
2026-03-10 01:22:12 	 Docker cmd: docker run --rm -v D:\Studia\Projekty\gsp-lab:/work -v D:\Studia\Projekty\RNA_assessment:/rna_assessment -e RNA_ASSESSMENT_ROOT=/rna_assessment -e PYTHONPATH=/rna_assessment mcannotate-runtime python3 /work/src/utils/INF.py /work/data/finished/PZ19/pdb/19_solution_0.pdb /work/data/finished/PZ19/pdb/19_Chen_4.pdb
2026-03-10 01:22:13 	 Docker exit code: 0
2026-03-10 01:22:13 	 Docker output length: 345
2026-03-10 01:22:13 	 Saved CSV: PZ19,Chen_4,Chen,4,fallback_pair,0.8031858359230619,0.9789450103725609,0.408248290463863,19_solution_0.pdb,19_Chen_4.pdb
2026-03-10 01:22:13 	 RUN fallback_pair: model=19_Chen_5.pdb against global=19_solution_0.pdb -> id=Chen_5
2026-03-10 01:22:13 	 Docker cmd: docker run --rm -v D:\Studia\Projekty\gsp-lab:/work -v D:\Studia\Projekty\RNA_assessment:/rna_assessment -e RNA_ASSESSMENT_ROOT=/rna_assessment -e PYTHONPATH=/rna_assessment mcannotate-runtime python3 /work/src/utils/INF.py /work/data/finished/PZ19/pdb/19_solution_0.pdb /work/data/finished/PZ19/pdb/19_Chen_5.pdb
2026-03-10 01:22:14 	 Docker exit code: 0
2026-03-10 01:22:14 	 Docker output length: 334
2026-03-10 01:22:14 	 Saved CSV: PZ19,Chen_5,Chen,5,fallback_pair,0.4516053237297504,0.27386127875258304,-1,19_solution_0.pdb,19_Chen_5.pdb
2026-03-10 01:22:14 	 RUN fallback_pair: model=19_Das_1.pdb against global=19_solution_0.pdb -> id=Das_1
2026-03-10 01:22:14 	 Docker cmd: docker run --rm -v D:\Studia\Projekty\gsp-lab:/work -v D:\Studia\Projekty\RNA_assessment:/rna_assessment -e RNA_ASSESSMENT_ROOT=/rna_assessment -e PYTHONPATH=/rna_assessment mcannotate-runtime python3 /work/src/utils/INF.py /work/data/finished/PZ19/pdb/19_solution_0.pdb /work/data/finished/PZ19/pdb/19_Das_1.pdb
2026-03-10 01:22:15 	 Docker exit code: 0
2026-03-10 01:22:15 	 Docker output length: 346
2026-03-10 01:22:15 	 Saved CSV: PZ19,Das_1,Das,1,fallback_pair,0.7051102404077106,0.8512565307587486,0.3333333333333333,19_solution_0.pdb,19_Das_1.pdb
2026-03-10 01:22:15 	 RUN fallback_pair: model=19_Das_2.pdb against global=19_solution_0.pdb -> id=Das_2
2026-03-10 01:22:15 	 Docker cmd: docker run --rm -v D:\Studia\Projekty\gsp-lab:/work -v D:\Studia\Projekty\RNA_assessment:/rna_assessment -e RNA_ASSESSMENT_ROOT=/rna_assessment -e PYTHONPATH=/rna_assessment mcannotate-runtime python3 /work/src/utils/INF.py /work/data/finished/PZ19/pdb/19_solution_0.pdb /work/data/finished/PZ19/pdb/19_Das_2.pdb
2026-03-10 01:22:16 	 Docker exit code: 0
2026-03-10 01:22:16 	 Docker output length: 346
2026-03-10 01:22:16 	 Saved CSV: PZ19,Das_2,Das,2,fallback_pair,0.7384047186189503,0.9139076937674137,0.19245008972987526,19_solution_0.pdb,19_Das_2.pdb
2026-03-10 01:22:16 	 RUN fallback_pair: model=19_Das_3.pdb against global=19_solution_0.pdb -> id=Das_3
2026-03-10 01:22:16 	 Docker cmd: docker run --rm -v D:\Studia\Projekty\gsp-lab:/work -v D:\Studia\Projekty\RNA_assessment:/rna_assessment -e RNA_ASSESSMENT_ROOT=/rna_assessment -e PYTHONPATH=/rna_assessment mcannotate-runtime python3 /work/src/utils/INF.py /work/data/finished/PZ19/pdb/19_solution_0.pdb /work/data/finished/PZ19/pdb/19_Das_3.pdb
2026-03-10 01:22:17 	 Docker exit code: 0
2026-03-10 01:22:17 	 Docker output length: 345
2026-03-10 01:22:17 	 Saved CSV: PZ19,Das_3,Das,3,fallback_pair,0.7283956834350812,0.8703882797784892,0.2581988897471611,19_solution_0.pdb,19_Das_3.pdb
2026-03-10 01:22:17 	 RUN fallback_pair: model=19_Das_4.pdb against global=19_solution_0.pdb -> id=Das_4
2026-03-10 01:22:17 	 Docker cmd: docker run --rm -v D:\Studia\Projekty\gsp-lab:/work -v D:\Studia\Projekty\RNA_assessment:/rna_assessment -e RNA_ASSESSMENT_ROOT=/rna_assessment -e PYTHONPATH=/rna_assessment mcannotate-runtime python3 /work/src/utils/INF.py /work/data/finished/PZ19/pdb/19_solution_0.pdb /work/data/finished/PZ19/pdb/19_Das_4.pdb
2026-03-10 01:22:18 	 Docker exit code: 0
2026-03-10 01:22:18 	 Docker output length: 345
2026-03-10 01:22:18 	 Saved CSV: PZ19,Das_4,Das,4,fallback_pair,0.7578930754899388,0.8703882797784892,0.408248290463863,19_solution_0.pdb,19_Das_4.pdb
2026-03-10 01:22:18 	 RUN fallback_pair: model=19_Das_5.pdb against global=19_solution_0.pdb -> id=Das_5
2026-03-10 01:22:18 	 Docker cmd: docker run --rm -v D:\Studia\Projekty\gsp-lab:/work -v D:\Studia\Projekty\RNA_assessment:/rna_assessment -e RNA_ASSESSMENT_ROOT=/rna_assessment -e PYTHONPATH=/rna_assessment mcannotate-runtime python3 /work/src/utils/INF.py /work/data/finished/PZ19/pdb/19_solution_0.pdb /work/data/finished/PZ19/pdb/19_Das_5.pdb
2026-03-10 01:22:19 	 Docker exit code: 0
2026-03-10 01:22:19 	 Docker output length: 331
2026-03-10 01:22:19 	 Saved CSV: PZ19,Das_5,Das,5,fallback_pair,0.6766510164159817,0.8006407690254357,0,19_solution_0.pdb,19_Das_5.pdb
2026-03-10 01:22:19 	 RUN fallback_pair: model=19_Ding_1.pdb against global=19_solution_0.pdb -> id=Ding_1
2026-03-10 01:22:19 	 Docker cmd: docker run --rm -v D:\Studia\Projekty\gsp-lab:/work -v D:\Studia\Projekty\RNA_assessment:/rna_assessment -e RNA_ASSESSMENT_ROOT=/rna_assessment -e PYTHONPATH=/rna_assessment mcannotate-runtime python3 /work/src/utils/INF.py /work/data/finished/PZ19/pdb/19_solution_0.pdb /work/data/finished/PZ19/pdb/19_Ding_1.pdb
2026-03-10 01:22:21 	 Docker exit code: 0
2026-03-10 01:22:21 	 Docker output length: 333
2026-03-10 01:22:21 	 Saved CSV: PZ19,Ding_1,Ding,1,fallback_pair,0.7398435111918139,0.7661308776828738,-1,19_solution_0.pdb,19_Ding_1.pdb
2026-03-10 01:22:21 	 RUN fallback_pair: model=19_Ding_2.pdb against global=19_solution_0.pdb -> id=Ding_2
2026-03-10 01:22:21 	 Docker cmd: docker run --rm -v D:\Studia\Projekty\gsp-lab:/work -v D:\Studia\Projekty\RNA_assessment:/rna_assessment -e RNA_ASSESSMENT_ROOT=/rna_assessment -e PYTHONPATH=/rna_assessment mcannotate-runtime python3 /work/src/utils/INF.py /work/data/finished/PZ19/pdb/19_solution_0.pdb /work/data/finished/PZ19/pdb/19_Ding_2.pdb
2026-03-10 01:22:22 	 Docker exit code: 0
2026-03-10 01:22:22 	 Docker output length: 332
2026-03-10 01:22:22 	 Saved CSV: PZ19,Ding_2,Ding,2,fallback_pair,0.6806659626466626,0.7235680511449363,-1,19_solution_0.pdb,19_Ding_2.pdb
2026-03-10 01:22:22 	 RUN fallback_pair: model=19_Ding_3.pdb against global=19_solution_0.pdb -> id=Ding_3
2026-03-10 01:22:22 	 Docker cmd: docker run --rm -v D:\Studia\Projekty\gsp-lab:/work -v D:\Studia\Projekty\RNA_assessment:/rna_assessment -e RNA_ASSESSMENT_ROOT=/rna_assessment -e PYTHONPATH=/rna_assessment mcannotate-runtime python3 /work/src/utils/INF.py /work/data/finished/PZ19/pdb/19_solution_0.pdb /work/data/finished/PZ19/pdb/19_Ding_3.pdb
2026-03-10 01:22:23 	 Docker exit code: 0
2026-03-10 01:22:23 	 Docker output length: 318
2026-03-10 01:22:23 	 Saved CSV: PZ19,Ding_3,Ding,3,fallback_pair,0.693687975619296,0.75,-1,19_solution_0.pdb,19_Ding_3.pdb
2026-03-10 01:22:23 	 RUN fallback_pair: model=19_Ding_4.pdb against global=19_solution_0.pdb -> id=Ding_4
2026-03-10 01:22:23 	 Docker cmd: docker run --rm -v D:\Studia\Projekty\gsp-lab:/work -v D:\Studia\Projekty\RNA_assessment:/rna_assessment -e RNA_ASSESSMENT_ROOT=/rna_assessment -e PYTHONPATH=/rna_assessment mcannotate-runtime python3 /work/src/utils/INF.py /work/data/finished/PZ19/pdb/19_solution_0.pdb /work/data/finished/PZ19/pdb/19_Ding_4.pdb
2026-03-10 01:22:24 	 Docker exit code: 0
2026-03-10 01:22:24 	 Docker output length: 332
2026-03-10 01:22:24 	 Saved CSV: PZ19,Ding_4,Ding,4,fallback_pair,0.6175371139569974,0.6227523687795277,-1,19_solution_0.pdb,19_Ding_4.pdb
2026-03-10 01:22:24 	 RUN fallback_pair: model=19_Ding_5.pdb against global=19_solution_0.pdb -> id=Ding_5
2026-03-10 01:22:24 	 Docker cmd: docker run --rm -v D:\Studia\Projekty\gsp-lab:/work -v D:\Studia\Projekty\RNA_assessment:/rna_assessment -e RNA_ASSESSMENT_ROOT=/rna_assessment -e PYTHONPATH=/rna_assessment mcannotate-runtime python3 /work/src/utils/INF.py /work/data/finished/PZ19/pdb/19_solution_0.pdb /work/data/finished/PZ19/pdb/19_Ding_5.pdb
2026-03-10 01:22:26 	 Docker exit code: 0
2026-03-10 01:22:26 	 Docker output length: 333
2026-03-10 01:22:26 	 Saved CSV: PZ19,Ding_5,Ding,5,fallback_pair,0.6585548803583164,0.5809475019311126,-1,19_solution_0.pdb,19_Ding_5.pdb
2026-03-10 01:22:26 	 RUN fallback_pair: model=19_Dokholyan_1.pdb against global=19_solution_0.pdb -> id=Dokholyan_1
2026-03-10 01:22:26 	 Docker cmd: docker run --rm -v D:\Studia\Projekty\gsp-lab:/work -v D:\Studia\Projekty\RNA_assessment:/rna_assessment -e RNA_ASSESSMENT_ROOT=/rna_assessment -e PYTHONPATH=/rna_assessment mcannotate-runtime python3 /work/src/utils/INF.py /work/data/finished/PZ19/pdb/19_solution_0.pdb /work/data/finished/PZ19/pdb/19_Dokholyan_1.pdb
2026-03-10 01:22:27 	 Docker exit code: 0
2026-03-10 01:22:27 	 Docker output length: 338
2026-03-10 01:22:27 	 Saved CSV: PZ19,Dokholyan_1,Dokholyan,1,fallback_pair,0.6846919424289764,0.7572401854185358,-1,19_solution_0.pdb,19_Dokholyan_1.pdb
2026-03-10 01:22:27 	 RUN fallback_pair: model=19_LeeServer_1.pdb against global=19_solution_0.pdb -> id=LeeServer_1
2026-03-10 01:22:27 	 Docker cmd: docker run --rm -v D:\Studia\Projekty\gsp-lab:/work -v D:\Studia\Projekty\RNA_assessment:/rna_assessment -e RNA_ASSESSMENT_ROOT=/rna_assessment -e PYTHONPATH=/rna_assessment mcannotate-runtime python3 /work/src/utils/INF.py /work/data/finished/PZ19/pdb/19_solution_0.pdb /work/data/finished/PZ19/pdb/19_LeeServer_1.pdb
2026-03-10 01:22:28 	 Docker exit code: 0
2026-03-10 01:22:28 	 Docker output length: 336
2026-03-10 01:22:28 	 Saved CSV: PZ19,LeeServer_1,LeeServer,1,fallback_pair,0.622930553599333,0.6963106238227914,0,19_solution_0.pdb,19_LeeServer_1.pdb
2026-03-10 01:22:28 	 RUN fallback_pair: model=19_LeeServer_2.pdb against global=19_solution_0.pdb -> id=LeeServer_2
2026-03-10 01:22:28 	 Docker cmd: docker run --rm -v D:\Studia\Projekty\gsp-lab:/work -v D:\Studia\Projekty\RNA_assessment:/rna_assessment -e RNA_ASSESSMENT_ROOT=/rna_assessment -e PYTHONPATH=/rna_assessment mcannotate-runtime python3 /work/src/utils/INF.py /work/data/finished/PZ19/pdb/19_solution_0.pdb /work/data/finished/PZ19/pdb/19_LeeServer_2.pdb
2026-03-10 01:22:29 	 Docker exit code: 0
2026-03-10 01:22:29 	 Docker output length: 337
2026-03-10 01:22:29 	 Saved CSV: PZ19,LeeServer_2,LeeServer,2,fallback_pair,0.5987408170800917,0.6087807775281011,0,19_solution_0.pdb,19_LeeServer_2.pdb
2026-03-10 01:22:29 	 RUN fallback_pair: model=19_LeeServer_3.pdb against global=19_solution_0.pdb -> id=LeeServer_3
2026-03-10 01:22:29 	 Docker cmd: docker run --rm -v D:\Studia\Projekty\gsp-lab:/work -v D:\Studia\Projekty\RNA_assessment:/rna_assessment -e RNA_ASSESSMENT_ROOT=/rna_assessment -e PYTHONPATH=/rna_assessment mcannotate-runtime python3 /work/src/utils/INF.py /work/data/finished/PZ19/pdb/19_solution_0.pdb /work/data/finished/PZ19/pdb/19_LeeServer_3.pdb
2026-03-10 01:22:30 	 Docker exit code: 0
2026-03-10 01:22:30 	 Docker output length: 336
2026-03-10 01:22:30 	 Saved CSV: PZ19,LeeServer_3,LeeServer,3,fallback_pair,0.6308932681440449,0.6666666666666666,0,19_solution_0.pdb,19_LeeServer_3.pdb
2026-03-10 01:22:30 	 RUN fallback_pair: model=19_LeeServer_4.pdb against global=19_solution_0.pdb -> id=LeeServer_4
2026-03-10 01:22:30 	 Docker cmd: docker run --rm -v D:\Studia\Projekty\gsp-lab:/work -v D:\Studia\Projekty\RNA_assessment:/rna_assessment -e RNA_ASSESSMENT_ROOT=/rna_assessment -e PYTHONPATH=/rna_assessment mcannotate-runtime python3 /work/src/utils/INF.py /work/data/finished/PZ19/pdb/19_solution_0.pdb /work/data/finished/PZ19/pdb/19_LeeServer_4.pdb
2026-03-10 01:22:31 	 Docker exit code: 0
2026-03-10 01:22:31 	 Docker output length: 338
2026-03-10 01:22:31 	 Saved CSV: PZ19,LeeServer_4,LeeServer,4,fallback_pair,0.6533174098724712,0.6931032800836721,-1,19_solution_0.pdb,19_LeeServer_4.pdb
2026-03-10 01:22:31 	 RUN fallback_pair: model=19_LeeServer_5.pdb against global=19_solution_0.pdb -> id=LeeServer_5
2026-03-10 01:22:31 	 Docker cmd: docker run --rm -v D:\Studia\Projekty\gsp-lab:/work -v D:\Studia\Projekty\RNA_assessment:/rna_assessment -e RNA_ASSESSMENT_ROOT=/rna_assessment -e PYTHONPATH=/rna_assessment mcannotate-runtime python3 /work/src/utils/INF.py /work/data/finished/PZ19/pdb/19_solution_0.pdb /work/data/finished/PZ19/pdb/19_LeeServer_5.pdb
2026-03-10 01:22:33 	 Docker exit code: 0
2026-03-10 01:22:33 	 Docker output length: 337
2026-03-10 01:22:33 	 Saved CSV: PZ19,LeeServer_5,LeeServer,5,fallback_pair,0.7108186533109109,0.7921180343813394,-1,19_solution_0.pdb,19_LeeServer_5.pdb
2026-03-10 01:22:33 	 RUN fallback_pair: model=19_RNAComposer_1.pdb against global=19_solution_0.pdb -> id=RNAComposer_1
2026-03-10 01:22:33 	 Docker cmd: docker run --rm -v D:\Studia\Projekty\gsp-lab:/work -v D:\Studia\Projekty\RNA_assessment:/rna_assessment -e RNA_ASSESSMENT_ROOT=/rna_assessment -e PYTHONPATH=/rna_assessment mcannotate-runtime python3 /work/src/utils/INF.py /work/data/finished/PZ19/pdb/19_solution_0.pdb /work/data/finished/PZ19/pdb/19_RNAComposer_1.pdb
2026-03-10 01:22:34 	 Docker exit code: 0
2026-03-10 01:22:34 	 Docker output length: 353
2026-03-10 01:22:34 	 Saved CSV: PZ19,RNAComposer_1,RNAComposer,1,fallback_pair,0.7025856849785954,0.8017837257372731,0.408248290463863,19_solution_0.pdb,19_RNAComposer_1.pdb
2026-03-10 01:22:34 	 RUN fallback_pair: model=19_RNAComposer_2.pdb against global=19_solution_0.pdb -> id=RNAComposer_2
2026-03-10 01:22:34 	 Docker cmd: docker run --rm -v D:\Studia\Projekty\gsp-lab:/work -v D:\Studia\Projekty\RNA_assessment:/rna_assessment -e RNA_ASSESSMENT_ROOT=/rna_assessment -e PYTHONPATH=/rna_assessment mcannotate-runtime python3 /work/src/utils/INF.py /work/data/finished/PZ19/pdb/19_solution_0.pdb /work/data/finished/PZ19/pdb/19_RNAComposer_2.pdb
2026-03-10 01:22:35 	 Docker exit code: 0
2026-03-10 01:22:35 	 Docker output length: 354
2026-03-10 01:22:35 	 Saved CSV: PZ19,RNAComposer_2,RNAComposer,2,fallback_pair,0.6806659626466626,0.7661308776828738,0.3333333333333333,19_solution_0.pdb,19_RNAComposer_2.pdb
2026-03-10 01:22:35 	 RUN fallback_pair: model=19_RNAComposer_3.pdb against global=19_solution_0.pdb -> id=RNAComposer_3
2026-03-10 01:22:35 	 Docker cmd: docker run --rm -v D:\Studia\Projekty\gsp-lab:/work -v D:\Studia\Projekty\RNA_assessment:/rna_assessment -e RNA_ASSESSMENT_ROOT=/rna_assessment -e PYTHONPATH=/rna_assessment mcannotate-runtime python3 /work/src/utils/INF.py /work/data/finished/PZ19/pdb/19_solution_0.pdb /work/data/finished/PZ19/pdb/19_RNAComposer_3.pdb
2026-03-10 01:22:36 	 Docker exit code: 0
2026-03-10 01:22:36 	 Docker output length: 338
2026-03-10 01:22:36 	 Saved CSV: PZ19,RNAComposer_3,RNAComposer,3,fallback_pair,0.6534393241407961,0.7348469228349535,0,19_solution_0.pdb,19_RNAComposer_3.pdb
2026-03-10 01:22:36 	 RUN fallback_pair: model=19_RNAComposer_4.pdb against global=19_solution_0.pdb -> id=RNAComposer_4
2026-03-10 01:22:36 	 Docker cmd: docker run --rm -v D:\Studia\Projekty\gsp-lab:/work -v D:\Studia\Projekty\RNA_assessment:/rna_assessment -e RNA_ASSESSMENT_ROOT=/rna_assessment -e PYTHONPATH=/rna_assessment mcannotate-runtime python3 /work/src/utils/INF.py /work/data/finished/PZ19/pdb/19_solution_0.pdb /work/data/finished/PZ19/pdb/19_RNAComposer_4.pdb
2026-03-10 01:22:37 	 Docker exit code: 0
2026-03-10 01:22:37 	 Docker output length: 325
2026-03-10 01:22:37 	 Saved CSV: PZ19,RNAComposer_4,RNAComposer,4,fallback_pair,0.5989860471290631,0.75,0,19_solution_0.pdb,19_RNAComposer_4.pdb
2026-03-10 01:22:37 	 RUN fallback_pair: model=19_RNAComposer_5.pdb against global=19_solution_0.pdb -> id=RNAComposer_5
2026-03-10 01:22:37 	 Docker cmd: docker run --rm -v D:\Studia\Projekty\gsp-lab:/work -v D:\Studia\Projekty\RNA_assessment:/rna_assessment -e RNA_ASSESSMENT_ROOT=/rna_assessment -e PYTHONPATH=/rna_assessment mcannotate-runtime python3 /work/src/utils/INF.py /work/data/finished/PZ19/pdb/19_solution_0.pdb /work/data/finished/PZ19/pdb/19_RNAComposer_5.pdb
2026-03-10 01:22:38 	 Docker exit code: 0
2026-03-10 01:22:38 	 Docker output length: 354
2026-03-10 01:22:38 	 Saved CSV: PZ19,RNAComposer_5,RNAComposer,5,fallback_pair,0.6955186050933216,0.7661308776828738,0.5773502691896257,19_solution_0.pdb,19_RNAComposer_5.pdb
2026-03-10 01:22:38 	 RUN fallback_pair: model=19_RW3D_1.pdb against global=19_solution_0.pdb -> id=RW3D_1
2026-03-10 01:22:38 	 Docker cmd: docker run --rm -v D:\Studia\Projekty\gsp-lab:/work -v D:\Studia\Projekty\RNA_assessment:/rna_assessment -e RNA_ASSESSMENT_ROOT=/rna_assessment -e PYTHONPATH=/rna_assessment mcannotate-runtime python3 /work/src/utils/INF.py /work/data/finished/PZ19/pdb/19_solution_0.pdb /work/data/finished/PZ19/pdb/19_RW3D_1.pdb
2026-03-10 01:22:40 	 Docker exit code: 0
2026-03-10 01:22:40 	 Docker output length: 333
2026-03-10 01:22:40 	 Saved CSV: PZ19,RW3D_1,RW3D,1,fallback_pair,0.45904227936159225,0.2401922307076307,0,19_solution_0.pdb,19_RW3D_1.pdb
2026-03-10 01:22:40 	 RUN fallback_pair: model=19_RW3D_10.pdb against global=19_solution_0.pdb -> id=RW3D_10
2026-03-10 01:22:40 	 Docker cmd: docker run --rm -v D:\Studia\Projekty\gsp-lab:/work -v D:\Studia\Projekty\RNA_assessment:/rna_assessment -e RNA_ASSESSMENT_ROOT=/rna_assessment -e PYTHONPATH=/rna_assessment mcannotate-runtime python3 /work/src/utils/INF.py /work/data/finished/PZ19/pdb/19_solution_0.pdb /work/data/finished/PZ19/pdb/19_RW3D_10.pdb
2026-03-10 01:22:41 	 Docker exit code: 0
2026-03-10 01:22:41 	 Docker output length: 334
2026-03-10 01:22:41 	 Saved CSV: PZ19,RW3D_10,RW3D,10,fallback_pair,0.46245528010374864,0.2553769592276246,0,19_solution_0.pdb,19_RW3D_10.pdb
2026-03-10 01:22:41 	 RUN fallback_pair: model=19_RW3D_2.pdb against global=19_solution_0.pdb -> id=RW3D_2
2026-03-10 01:22:41 	 Docker cmd: docker run --rm -v D:\Studia\Projekty\gsp-lab:/work -v D:\Studia\Projekty\RNA_assessment:/rna_assessment -e RNA_ASSESSMENT_ROOT=/rna_assessment -e PYTHONPATH=/rna_assessment mcannotate-runtime python3 /work/src/utils/INF.py /work/data/finished/PZ19/pdb/19_solution_0.pdb /work/data/finished/PZ19/pdb/19_RW3D_2.pdb
2026-03-10 01:22:42 	 Docker exit code: 0
2026-03-10 01:22:42 	 Docker output length: 318
2026-03-10 01:22:42 	 Saved CSV: PZ19,RW3D_2,RW3D,2,fallback_pair,0.4451319072597258,0.25,0,19_solution_0.pdb,19_RW3D_2.pdb
2026-03-10 01:22:42 	 RUN fallback_pair: model=19_RW3D_3.pdb against global=19_solution_0.pdb -> id=RW3D_3
2026-03-10 01:22:42 	 Docker cmd: docker run --rm -v D:\Studia\Projekty\gsp-lab:/work -v D:\Studia\Projekty\RNA_assessment:/rna_assessment -e RNA_ASSESSMENT_ROOT=/rna_assessment -e PYTHONPATH=/rna_assessment mcannotate-runtime python3 /work/src/utils/INF.py /work/data/finished/PZ19/pdb/19_solution_0.pdb /work/data/finished/PZ19/pdb/19_RW3D_3.pdb
2026-03-10 01:22:43 	 Docker exit code: 0
2026-03-10 01:22:43 	 Docker output length: 332
2026-03-10 01:22:43 	 Saved CSV: PZ19,RW3D_3,RW3D,3,fallback_pair,0.4312215351578593,0.2449489742783178,0,19_solution_0.pdb,19_RW3D_3.pdb
2026-03-10 01:22:43 	 RUN fallback_pair: model=19_RW3D_4.pdb against global=19_solution_0.pdb -> id=RW3D_4
2026-03-10 01:22:43 	 Docker cmd: docker run --rm -v D:\Studia\Projekty\gsp-lab:/work -v D:\Studia\Projekty\RNA_assessment:/rna_assessment -e RNA_ASSESSMENT_ROOT=/rna_assessment -e PYTHONPATH=/rna_assessment mcannotate-runtime python3 /work/src/utils/INF.py /work/data/finished/PZ19/pdb/19_solution_0.pdb /work/data/finished/PZ19/pdb/19_RW3D_4.pdb
2026-03-10 01:22:44 	 Docker exit code: 0
2026-03-10 01:22:44 	 Docker output length: 317
2026-03-10 01:22:44 	 Saved CSV: PZ19,RW3D_4,RW3D,4,fallback_pair,0.4173111630559929,0.25,0,19_solution_0.pdb,19_RW3D_4.pdb
2026-03-10 01:22:44 	 RUN fallback_pair: model=19_RW3D_5.pdb against global=19_solution_0.pdb -> id=RW3D_5
2026-03-10 01:22:44 	 Docker cmd: docker run --rm -v D:\Studia\Projekty\gsp-lab:/work -v D:\Studia\Projekty\RNA_assessment:/rna_assessment -e RNA_ASSESSMENT_ROOT=/rna_assessment -e PYTHONPATH=/rna_assessment mcannotate-runtime python3 /work/src/utils/INF.py /work/data/finished/PZ19/pdb/19_solution_0.pdb /work/data/finished/PZ19/pdb/19_RW3D_5.pdb
2026-03-10 01:22:45 	 Docker exit code: 0
2026-03-10 01:22:45 	 Docker output length: 333
2026-03-10 01:22:45 	 Saved CSV: PZ19,RW3D_5,RW3D,5,fallback_pair,0.47295265146345866,0.2449489742783178,0,19_solution_0.pdb,19_RW3D_5.pdb
2026-03-10 01:22:45 	 RUN fallback_pair: model=19_RW3D_6.pdb against global=19_solution_0.pdb -> id=RW3D_6
2026-03-10 01:22:46 	 Docker cmd: docker run --rm -v D:\Studia\Projekty\gsp-lab:/work -v D:\Studia\Projekty\RNA_assessment:/rna_assessment -e RNA_ASSESSMENT_ROOT=/rna_assessment -e PYTHONPATH=/rna_assessment mcannotate-runtime python3 /work/src/utils/INF.py /work/data/finished/PZ19/pdb/19_solution_0.pdb /work/data/finished/PZ19/pdb/19_RW3D_6.pdb
2026-03-10 01:22:47 	 Docker exit code: 0
2026-03-10 01:22:47 	 Docker output length: 333
2026-03-10 01:22:47 	 Saved CSV: PZ19,RW3D_6,RW3D,6,fallback_pair,0.47295265146345866,0.2553769592276246,0,19_solution_0.pdb,19_RW3D_6.pdb
2026-03-10 01:22:47 	 RUN fallback_pair: model=19_RW3D_7.pdb against global=19_solution_0.pdb -> id=RW3D_7
2026-03-10 01:22:47 	 Docker cmd: docker run --rm -v D:\Studia\Projekty\gsp-lab:/work -v D:\Studia\Projekty\RNA_assessment:/rna_assessment -e RNA_ASSESSMENT_ROOT=/rna_assessment -e PYTHONPATH=/rna_assessment mcannotate-runtime python3 /work/src/utils/INF.py /work/data/finished/PZ19/pdb/19_solution_0.pdb /work/data/finished/PZ19/pdb/19_RW3D_7.pdb
2026-03-10 01:22:48 	 Docker exit code: 0
2026-03-10 01:22:48 	 Docker output length: 319
2026-03-10 01:22:48 	 Saved CSV: PZ19,RW3D_7,RW3D,7,fallback_pair,0.47295265146345866,0.25,0,19_solution_0.pdb,19_RW3D_7.pdb
2026-03-10 01:22:48 	 RUN fallback_pair: model=19_RW3D_8.pdb against global=19_solution_0.pdb -> id=RW3D_8
2026-03-10 01:22:48 	 Docker cmd: docker run --rm -v D:\Studia\Projekty\gsp-lab:/work -v D:\Studia\Projekty\RNA_assessment:/rna_assessment -e RNA_ASSESSMENT_ROOT=/rna_assessment -e PYTHONPATH=/rna_assessment mcannotate-runtime python3 /work/src/utils/INF.py /work/data/finished/PZ19/pdb/19_solution_0.pdb /work/data/finished/PZ19/pdb/19_RW3D_8.pdb
2026-03-10 01:22:49 	 Docker exit code: 0
2026-03-10 01:22:49 	 Docker output length: 331
2026-03-10 01:22:49 	 Saved CSV: PZ19,RW3D_8,RW3D,8,fallback_pair,0.4557037457495387,0.2672612419124244,0,19_solution_0.pdb,19_RW3D_8.pdb
2026-03-10 01:22:49 	 RUN fallback_pair: model=19_RW3D_9.pdb against global=19_solution_0.pdb -> id=RW3D_9
2026-03-10 01:22:49 	 Docker cmd: docker run --rm -v D:\Studia\Projekty\gsp-lab:/work -v D:\Studia\Projekty\RNA_assessment:/rna_assessment -e RNA_ASSESSMENT_ROOT=/rna_assessment -e PYTHONPATH=/rna_assessment mcannotate-runtime python3 /work/src/utils/INF.py /work/data/finished/PZ19/pdb/19_solution_0.pdb /work/data/finished/PZ19/pdb/19_RW3D_9.pdb
2026-03-10 01:22:50 	 Docker exit code: 0
2026-03-10 01:22:50 	 Docker output length: 317
2026-03-10 01:22:50 	 Saved CSV: PZ19,RW3D_9,RW3D,9,fallback_pair,0.4764690764705289,0.25,0,19_solution_0.pdb,19_RW3D_9.pdb
2026-03-10 01:22:50 	 RUN fallback_pair: model=19_simRNA_1.pdb against global=19_solution_0.pdb -> id=simRNA_1
2026-03-10 01:22:50 	 Docker cmd: docker run --rm -v D:\Studia\Projekty\gsp-lab:/work -v D:\Studia\Projekty\RNA_assessment:/rna_assessment -e RNA_ASSESSMENT_ROOT=/rna_assessment -e PYTHONPATH=/rna_assessment mcannotate-runtime python3 /work/src/utils/INF.py /work/data/finished/PZ19/pdb/19_solution_0.pdb /work/data/finished/PZ19/pdb/19_simRNA_1.pdb
2026-03-10 01:22:51 	 Docker exit code: 0
2026-03-10 01:22:51 	 Docker output length: 335
2026-03-10 01:22:51 	 Saved CSV: PZ19,simRNA_1,simRNA,1,fallback_pair,0.6806659626466626,0.7205766921228921,-1,19_solution_0.pdb,19_simRNA_1.pdb
2026-03-10 01:22:51 	 RUN fallback_pair: model=19_simRNA_2.pdb against global=19_solution_0.pdb -> id=simRNA_2
2026-03-10 01:22:51 	 Docker cmd: docker run --rm -v D:\Studia\Projekty\gsp-lab:/work -v D:\Studia\Projekty\RNA_assessment:/rna_assessment -e RNA_ASSESSMENT_ROOT=/rna_assessment -e PYTHONPATH=/rna_assessment mcannotate-runtime python3 /work/src/utils/INF.py /work/data/finished/PZ19/pdb/19_solution_0.pdb /work/data/finished/PZ19/pdb/19_simRNA_2.pdb
2026-03-10 01:22:52 	 Docker exit code: 0
2026-03-10 01:22:52 	 Docker output length: 335
2026-03-10 01:22:52 	 Saved CSV: PZ19,simRNA_2,simRNA,2,fallback_pair,0.7351192396583957,0.8981462390204986,-1,19_solution_0.pdb,19_simRNA_2.pdb
2026-03-10 01:22:52 	 RUN fallback_pair: model=19_simRNA_3.pdb against global=19_solution_0.pdb -> id=simRNA_3
2026-03-10 01:22:52 	 Docker cmd: docker run --rm -v D:\Studia\Projekty\gsp-lab:/work -v D:\Studia\Projekty\RNA_assessment:/rna_assessment -e RNA_ASSESSMENT_ROOT=/rna_assessment -e PYTHONPATH=/rna_assessment mcannotate-runtime python3 /work/src/utils/INF.py /work/data/finished/PZ19/pdb/19_solution_0.pdb /work/data/finished/PZ19/pdb/19_simRNA_3.pdb
2026-03-10 01:22:54 	 Docker exit code: 0
2026-03-10 01:22:54 	 Docker output length: 334
2026-03-10 01:22:54 	 Saved CSV: PZ19,simRNA_3,simRNA,3,fallback_pair,0.5331139899831832,0.408248290463863,-1,19_solution_0.pdb,19_simRNA_3.pdb
2026-03-10 01:22:54 	 SKIP (model is a solution file): 19_solution_0.pdb
2026-03-10 01:22:54 	 RUN fallback_pair: model=PZ19_Adamiak_1.pdb against global=19_solution_0.pdb -> id=Adamiak_1
2026-03-10 01:22:54 	 Docker cmd: docker run --rm -v D:\Studia\Projekty\gsp-lab:/work -v D:\Studia\Projekty\RNA_assessment:/rna_assessment -e RNA_ASSESSMENT_ROOT=/rna_assessment -e PYTHONPATH=/rna_assessment mcannotate-runtime python3 /work/src/utils/INF.py /work/data/finished/PZ19/pdb/19_solution_0.pdb /work/data/finished/PZ19/pdb/PZ19_Adamiak_1.pdb
2026-03-10 01:22:55 	 Docker exit code: 0
2026-03-10 01:22:55 	 Docker output length: 323
2026-03-10 01:22:55 	 Saved CSV: PZ19,Adamiak_1,Adamiak,1,fallback_pair,0.6766510164159817,0.75,0,19_solution_0.pdb,PZ19_Adamiak_1.pdb
2026-03-10 01:22:55 	 RUN fallback_pair: model=PZ19_Adamiak_2.pdb against global=19_solution_0.pdb -> id=Adamiak_2
2026-03-10 01:22:55 	 Docker cmd: docker run --rm -v D:\Studia\Projekty\gsp-lab:/work -v D:\Studia\Projekty\RNA_assessment:/rna_assessment -e RNA_ASSESSMENT_ROOT=/rna_assessment -e PYTHONPATH=/rna_assessment mcannotate-runtime python3 /work/src/utils/INF.py /work/data/finished/PZ19/pdb/19_solution_0.pdb /work/data/finished/PZ19/pdb/PZ19_Adamiak_2.pdb
2026-03-10 01:22:56 	 Docker exit code: 0
2026-03-10 01:22:56 	 Docker output length: 336
2026-03-10 01:22:56 	 Saved CSV: PZ19,Adamiak_2,Adamiak,2,fallback_pair,0.6488856845230502,0.8017837257372731,0,19_solution_0.pdb,PZ19_Adamiak_2.pdb
2026-03-10 01:22:56 	 RUN fallback_pair: model=PZ19_Adamiak_3.pdb against global=19_solution_0.pdb -> id=Adamiak_3
2026-03-10 01:22:56 	 Docker cmd: docker run --rm -v D:\Studia\Projekty\gsp-lab:/work -v D:\Studia\Projekty\RNA_assessment:/rna_assessment -e RNA_ASSESSMENT_ROOT=/rna_assessment -e PYTHONPATH=/rna_assessment mcannotate-runtime python3 /work/src/utils/INF.py /work/data/finished/PZ19/pdb/19_solution_0.pdb /work/data/finished/PZ19/pdb/PZ19_Adamiak_3.pdb
2026-03-10 01:22:57 	 Docker exit code: 0
2026-03-10 01:22:57 	 Docker output length: 337
2026-03-10 01:22:57 	 Saved CSV: PZ19,Adamiak_3,Adamiak,3,fallback_pair,0.6262126856349296,0.7492686492653552,0,19_solution_0.pdb,PZ19_Adamiak_3.pdb
2026-03-10 01:22:57 	 RUN fallback_pair: model=PZ19_Adamiak_4.pdb against global=19_solution_0.pdb -> id=Adamiak_4
2026-03-10 01:22:57 	 Docker cmd: docker run --rm -v D:\Studia\Projekty\gsp-lab:/work -v D:\Studia\Projekty\RNA_assessment:/rna_assessment -e RNA_ASSESSMENT_ROOT=/rna_assessment -e PYTHONPATH=/rna_assessment mcannotate-runtime python3 /work/src/utils/INF.py /work/data/finished/PZ19/pdb/19_solution_0.pdb /work/data/finished/PZ19/pdb/PZ19_Adamiak_4.pdb
2026-03-10 01:22:58 	 Docker exit code: 0
2026-03-10 01:22:58 	 Docker output length: 337
2026-03-10 01:22:58 	 Saved CSV: PZ19,Adamiak_4,Adamiak,4,fallback_pair,0.6667259338283312,0.8017837257372731,0,19_solution_0.pdb,PZ19_Adamiak_4.pdb
2026-03-10 01:22:58 	 RUN fallback_pair: model=PZ19_Adamiak_5.pdb against global=19_solution_0.pdb -> id=Adamiak_5
2026-03-10 01:22:58 	 Docker cmd: docker run --rm -v D:\Studia\Projekty\gsp-lab:/work -v D:\Studia\Projekty\RNA_assessment:/rna_assessment -e RNA_ASSESSMENT_ROOT=/rna_assessment -e PYTHONPATH=/rna_assessment mcannotate-runtime python3 /work/src/utils/INF.py /work/data/finished/PZ19/pdb/19_solution_0.pdb /work/data/finished/PZ19/pdb/PZ19_Adamiak_5.pdb
2026-03-10 01:22:59 	 Docker exit code: 0
2026-03-10 01:22:59 	 Docker output length: 349
2026-03-10 01:22:59 	 Saved CSV: PZ19,Adamiak_5,Adamiak,5,fallback_pair,0.720097680774254,0.7492686492653552,0.3333333333333333,19_solution_0.pdb,PZ19_Adamiak_5.pdb
2026-03-10 01:22:59 	 RUN fallback_pair: model=PZ19_DasLab_1.pdb against global=19_solution_0.pdb -> id=DasLab_1
2026-03-10 01:22:59 	 Docker cmd: docker run --rm -v D:\Studia\Projekty\gsp-lab:/work -v D:\Studia\Projekty\RNA_assessment:/rna_assessment -e RNA_ASSESSMENT_ROOT=/rna_assessment -e PYTHONPATH=/rna_assessment mcannotate-runtime python3 /work/src/utils/INF.py /work/data/finished/PZ19/pdb/19_solution_0.pdb /work/data/finished/PZ19/pdb/PZ19_DasLab_1.pdb
2026-03-10 01:23:00 	 Docker exit code: 0
2026-03-10 01:23:00 	 Docker output length: 351
2026-03-10 01:23:00 	 Saved CSV: PZ19,DasLab_1,DasLab,1,fallback_pair,0.7051102404077106,0.8512565307587486,0.3333333333333333,19_solution_0.pdb,PZ19_DasLab_1.pdb
2026-03-10 01:23:00 	 RUN fallback_pair: model=PZ19_DasLab_2.pdb against global=19_solution_0.pdb -> id=DasLab_2
2026-03-10 01:23:00 	 Docker cmd: docker run --rm -v D:\Studia\Projekty\gsp-lab:/work -v D:\Studia\Projekty\RNA_assessment:/rna_assessment -e RNA_ASSESSMENT_ROOT=/rna_assessment -e PYTHONPATH=/rna_assessment mcannotate-runtime python3 /work/src/utils/INF.py /work/data/finished/PZ19/pdb/19_solution_0.pdb /work/data/finished/PZ19/pdb/PZ19_DasLab_2.pdb
2026-03-10 01:23:01 	 Docker exit code: 0
2026-03-10 01:23:01 	 Docker output length: 351
2026-03-10 01:23:01 	 Saved CSV: PZ19,DasLab_2,DasLab,2,fallback_pair,0.7384047186189503,0.9139076937674137,0.19245008972987526,19_solution_0.pdb,PZ19_DasLab_2.pdb
2026-03-10 01:23:01 	 RUN fallback_pair: model=PZ19_DasLab_3.pdb against global=19_solution_0.pdb -> id=DasLab_3
2026-03-10 01:23:01 	 Docker cmd: docker run --rm -v D:\Studia\Projekty\gsp-lab:/work -v D:\Studia\Projekty\RNA_assessment:/rna_assessment -e RNA_ASSESSMENT_ROOT=/rna_assessment -e PYTHONPATH=/rna_assessment mcannotate-runtime python3 /work/src/utils/INF.py /work/data/finished/PZ19/pdb/19_solution_0.pdb /work/data/finished/PZ19/pdb/PZ19_DasLab_3.pdb
2026-03-10 01:23:02 	 Docker exit code: 0
2026-03-10 01:23:02 	 Docker output length: 350
2026-03-10 01:23:02 	 Saved CSV: PZ19,DasLab_3,DasLab,3,fallback_pair,0.7283956834350812,0.8703882797784892,0.2581988897471611,19_solution_0.pdb,PZ19_DasLab_3.pdb
2026-03-10 01:23:02 	 RUN fallback_pair: model=PZ19_DasLab_4.pdb against global=19_solution_0.pdb -> id=DasLab_4
2026-03-10 01:23:02 	 Docker cmd: docker run --rm -v D:\Studia\Projekty\gsp-lab:/work -v D:\Studia\Projekty\RNA_assessment:/rna_assessment -e RNA_ASSESSMENT_ROOT=/rna_assessment -e PYTHONPATH=/rna_assessment mcannotate-runtime python3 /work/src/utils/INF.py /work/data/finished/PZ19/pdb/19_solution_0.pdb /work/data/finished/PZ19/pdb/PZ19_DasLab_4.pdb
2026-03-10 01:23:04 	 Docker exit code: 0
2026-03-10 01:23:04 	 Docker output length: 350
2026-03-10 01:23:04 	 Saved CSV: PZ19,DasLab_4,DasLab,4,fallback_pair,0.7578930754899388,0.8703882797784892,0.408248290463863,19_solution_0.pdb,PZ19_DasLab_4.pdb
2026-03-10 01:23:04 	 RUN fallback_pair: model=PZ19_DasLab_5.pdb against global=19_solution_0.pdb -> id=DasLab_5
2026-03-10 01:23:04 	 Docker cmd: docker run --rm -v D:\Studia\Projekty\gsp-lab:/work -v D:\Studia\Projekty\RNA_assessment:/rna_assessment -e RNA_ASSESSMENT_ROOT=/rna_assessment -e PYTHONPATH=/rna_assessment mcannotate-runtime python3 /work/src/utils/INF.py /work/data/finished/PZ19/pdb/19_solution_0.pdb /work/data/finished/PZ19/pdb/PZ19_DasLab_5.pdb
2026-03-10 01:23:05 	 Docker exit code: 0
2026-03-10 01:23:05 	 Docker output length: 336
2026-03-10 01:23:05 	 Saved CSV: PZ19,DasLab_5,DasLab,5,fallback_pair,0.6766510164159817,0.8006407690254357,0,19_solution_0.pdb,PZ19_DasLab_5.pdb
2026-03-10 01:23:05 	 DONE case: PZ19
