{
  "native_pdb": "/tmp/rna_inf_sazw6l6t/2_bujnicki_1_solution_normalized.pdb",
  "native_index": null,
  "model_pdb": "/tmp/rna_inf_orqip5rs/2_bujnicki_1_refined_normalized.pdb",
  "model_index": null,
  "rmsd": 2.658217245767352,
  "inf_all": 0.8938403108235458,
  "inf_wc": 0.9607689228305228,
  "inf_nwc": -1.0,
  "inf_stack": 0.8725028717782316
}
{
  "native_pdb": "/tmp/rna_inf_8t18n8tv/2_bujnicki_2_solution_normalized.pdb",
  "native_index": null,
  "model_pdb": "/tmp/rna_inf_mhia1wrl/2_bujnicki_2_refined_normalized.pdb",
  "model_index": null,
  "rmsd": 2.2966886236844926,
  "inf_all": 0.8197996270866611,
  "inf_wc": 0.9192547197409877,
  "inf_nwc": 0.0,
  "inf_stack": 0.7943560850305857
}
{
  "native_pdb": "/tmp/rna_inf_nc9iyjyl/2_bujnicki_3_solution_normalized.pdb",
  "native_index": null,
  "model_pdb": "/tmp/rna_inf_egnv1pex/2_bujnicki_3_refined_normalized.pdb",
  "model_index": null,
  "rmsd": 2.3255719048284824,
  "inf_all": 0.8160596576335588,
  "inf_wc": 0.9192547197409877,
  "inf_nwc": 0.0,
  "inf_stack": 0.7830816530937226
}
{
  "native_pdb": "/tmp/rna_inf_skp9i968/2_chen_1_solution_normalized.pdb",
  "native_index": null,
  "model_pdb": "/tmp/rna_inf_7x5sgd68/2_chen_1_refined_normalized.pdb",
  "model_index": null,
  "rmsd": 2.824168806492659,
  "inf_all": 0.7602510449687964,
  "inf_wc": 0.9041944301794651,
  "inf_nwc": -1.0,
  "inf_stack": 0.6986956960477685
}
{
  "native_pdb": "/tmp/rna_inf_hyfvu1og/2_das_1_solution_normalized.pdb",
  "native_index": null,
  "model_pdb": "/tmp/rna_inf_v7fgulwc/2_das_1_refined_normalized.pdb",
  "model_index": null,
  "rmsd": 2.496467446419766,
  "inf_all": 0.8987569054840577,
  "inf_wc": 0.9607689228305228,
  "inf_nwc": 0.0,
  "inf_stack": 0.9041944301794651
}
{
  "native_pdb": "/tmp/rna_inf_qegez3uc/2_das_2_solution_normalized.pdb",
  "native_index": null,
  "model_pdb": "/tmp/rna_inf_tpjgoy_z/2_das_2_refined_normalized.pdb",
  "model_index": null,
  "rmsd": 3.042057625912709,
  "inf_all": 0.860247122405616,
  "inf_wc": 0.9733285267845752,
  "inf_nwc": 0.0,
  "inf_stack": 0.8707910352243109
}
{
  "native_pdb": "/tmp/rna_inf_2h6_hqex/2_das_3_solution_normalized.pdb",
  "native_index": null,
  "model_pdb": "/tmp/rna_inf_sp1nyvwc/2_das_3_refined_normalized.pdb",
  "model_index": null,
  "rmsd": 3.0291426054218533,
  "inf_all": 0.8640372124218081,
  "inf_wc": 0.9733285267845752,
  "inf_nwc": 0.0,
  "inf_stack": 0.8555594555505667
}
{
  "native_pdb": "/tmp/rna_inf_uedpbgvi/2_das_4_solution_normalized.pdb",
  "native_index": null,
  "model_pdb": "/tmp/rna_inf_dmny0gyu/2_das_4_refined_normalized.pdb",
  "model_index": null,
  "rmsd": 2.8312055364745135,
  "inf_all": 0.8648349902955826,
  "inf_wc": 0.9733285267845752,
  "inf_nwc": 0.0,
  "inf_stack": 0.8513513513513513
}
{
  "native_pdb": "/tmp/rna_inf_9xzhvah0/2_das_5_solution_normalized.pdb",
  "native_index": null,
  "model_pdb": "/tmp/rna_inf_6yyosuyb/2_das_5_refined_normalized.pdb",
  "model_index": null,
  "rmsd": 3.4555996578279586,
  "inf_all": 0.8661986608440464,
  "inf_wc": 0.9589940926145842,
  "inf_nwc": 0.0,
  "inf_stack": 0.8667437139768306
}
{
  "native_pdb": "/tmp/rna_inf_f1gsk0zj/2_dokholyan_1_solution_normalized.pdb",
  "native_index": null,
  "model_pdb": "/tmp/rna_inf_r0gs4qn8/2_dokholyan_1_refined_normalized.pdb",
  "model_index": null,
  "rmsd": 2.545911027332112,
  "inf_all": 0.8273951558890617,
  "inf_wc": 0.9041944301794651,
  "inf_nwc": 0.0,
  "inf_stack": 0.8055204211335358
}
WARNING    >> Atom N9 from residue (' ', 42, ' ') not found in target atom list
WARNING    >> Atom C8 from residue (' ', 42, ' ') not found in target atom list
WARNING    >> Atom N7 from residue (' ', 42, ' ') not found in target atom list
WARNING    >> Atom N6 from residue (' ', 42, ' ') not found in target atom list
WARNING    >> Atom O2 from residue (' ', 46, ' ') not found in target atom list
WARNING    >> Atom N4 from residue (' ', 46, ' ') not found in target atom list
WARNING    >> Atom N9 from residue (' ', 45, ' ') not found in target atom list
WARNING    >> Atom C8 from residue (' ', 45, ' ') not found in target atom list
WARNING    >> Atom N7 from residue (' ', 45, ' ') not found in target atom list
WARNING    >> Atom O6 from residue (' ', 45, ' ') not found in target atom list
WARNING    >> Atom N9 from residue (' ', 48, ' ') not found in target atom list
WARNING    >> Atom C8 from residue (' ', 48, ' ') not found in target atom list
WARNING    >> Atom N7 from residue (' ', 48, ' ') not found in target atom list
WARNING    >> Atom O6 from residue (' ', 48, ' ') not found in target atom list
WARNING    >> Atom N2 from residue (' ', 48, ' ') not found in target atom list
WARNING    >> Atom O2 from residue (' ', 47, ' ') not found in target atom list
WARNING    >> Atom N4 from residue (' ', 47, ' ') not found in target atom list
WARNING    >> Atom N9 from residue (' ', 51, ' ') not found in target atom list
WARNING    >> Atom C8 from residue (' ', 51, ' ') not found in target atom list
WARNING    >> Atom N7 from residue (' ', 51, ' ') not found in target atom list
WARNING    >> Atom O6 from residue (' ', 51, ' ') not found in target atom list
WARNING    >> Atom N2 from residue (' ', 51, ' ') not found in target atom list
WARNING    >> Atom O2 from residue (' ', 56, ' ') not found in target atom list
WARNING    >> Atom N4 from residue (' ', 56, ' ') not found in target atom list
WARNING    >> Atom O2 from residue (' ', 57, ' ') not found in target atom list
WARNING    >> Atom O4 from residue (' ', 57, ' ') not found in target atom list
WARNING    >> Atom N4 from residue (' ', 59, ' ') not found in target atom list
WARNING    >> Atom O2 from residue (' ', 60, ' ') not found in target atom list
WARNING    >> Atom N4 from residue (' ', 60, ' ') not found in target atom list
WARNING    >> Atom N9 from residue (' ', 54, ' ') not found in target atom list
WARNING    >> Atom C8 from residue (' ', 54, ' ') not found in target atom list
WARNING    >> Atom N7 from residue (' ', 54, ' ') not found in target atom list
WARNING    >> Atom N6 from residue (' ', 54, ' ') not found in target atom list
WARNING    >> Atom N9 from residue (' ', 58, ' ') not found in target atom list
WARNING    >> Atom C8 from residue (' ', 58, ' ') not found in target atom list
WARNING    >> Atom N7 from residue (' ', 58, ' ') not found in target atom list
WARNING    >> Atom O6 from residue (' ', 58, ' ') not found in target atom list
WARNING    >> Atom O2 from residue (' ', 63, ' ') not found in target atom list
WARNING    >> Atom N4 from residue (' ', 63, ' ') not found in target atom list
WARNING    >> Atom N9 from residue (' ', 65, ' ') not found in target atom list
WARNING    >> Atom C8 from residue (' ', 65, ' ') not found in target atom list
WARNING    >> Atom N7 from residue (' ', 65, ' ') not found in target atom list
WARNING    >> Atom O6 from residue (' ', 65, ' ') not found in target atom list
WARNING    >> Atom N2 from residue (' ', 65, ' ') not found in target atom list
WARNING    >> Atom O2 from residue (' ', 66, ' ') not found in target atom list
WARNING    >> Atom N4 from residue (' ', 66, ' ') not found in target atom list
WARNING    >> Atom N9 from residue (' ', 64, ' ') not found in target atom list
WARNING    >> Atom C8 from residue (' ', 64, ' ') not found in target atom list
WARNING    >> Atom N7 from residue (' ', 64, ' ') not found in target atom list
WARNING    >> Atom N6 from residue (' ', 64, ' ') not found in target atom list
WARNING    >> Atom O2 from residue (' ', 69, ' ') not found in target atom list
WARNING    >> Atom N4 from residue (' ', 69, ' ') not found in target atom list
WARNING    >> Atom O2 from residue (' ', 70, ' ') not found in target atom list
WARNING    >> Atom N4 from residue (' ', 70, ' ') not found in target atom list
WARNING    >> Atom O2 from residue (' ', 73, ' ') not found in target atom list
WARNING    >> Atom N4 from residue (' ', 73, ' ') not found in target atom list
WARNING    >> Atom N9 from residue (' ', 75, ' ') not found in target atom list
WARNING    >> Atom C8 from residue (' ', 75, ' ') not found in target atom list
WARNING    >> Atom N7 from residue (' ', 75, ' ') not found in target atom list
WARNING    >> Atom O6 from residue (' ', 75, ' ') not found in target atom list
WARNING    >> Atom N2 from residue (' ', 75, ' ') not found in target atom list
WARNING    >> Atom O2 from residue (' ', 76, ' ') not found in target atom list
WARNING    >> Atom N4 from residue (' ', 76, ' ') not found in target atom list
WARNING    >> Atom N9 from residue (' ', 74, ' ') not found in target atom list
WARNING    >> Atom C8 from residue (' ', 74, ' ') not found in target atom list
WARNING    >> Atom N7 from residue (' ', 74, ' ') not found in target atom list
WARNING    >> Atom N6 from residue (' ', 74, ' ') not found in target atom list
WARNING    >> Atom O2 from residue (' ', 79, ' ') not found in target atom list
WARNING    >> Atom N4 from residue (' ', 79, ' ') not found in target atom list
WARNING    >> Atom O2 from residue (' ', 80, ' ') not found in target atom list
WARNING    >> Atom N4 from residue (' ', 80, ' ') not found in target atom list
WARNING    >> Atom O2 from residue (' ', 83, ' ') not found in target atom list
WARNING    >> Atom N4 from residue (' ', 83, ' ') not found in target atom list
WARNING    >> Atom N9 from residue (' ', 85, ' ') not found in target atom list
WARNING    >> Atom C8 from residue (' ', 85, ' ') not found in target atom list
WARNING    >> Atom N7 from residue (' ', 85, ' ') not found in target atom list
WARNING    >> Atom O6 from residue (' ', 85, ' ') not found in target atom list
WARNING    >> Atom N2 from residue (' ', 85, ' ') not found in target atom list
WARNING    >> Atom O2 from residue (' ', 86, ' ') not found in target atom list
WARNING    >> Atom N4 from residue (' ', 86, ' ') not found in target atom list
WARNING    >> Atom N9 from residue (' ', 84, ' ') not found in target atom list
WARNING    >> Atom C8 from residue (' ', 84, ' ') not found in target atom list
WARNING    >> Atom N7 from residue (' ', 84, ' ') not found in target atom list
WARNING    >> Atom N6 from residue (' ', 84, ' ') not found in target atom list
WARNING    >> Atom O2 from residue (' ', 89, ' ') not found in target atom list
WARNING    >> Atom N4 from residue (' ', 89, ' ') not found in target atom list
WARNING    >> Atom O2 from residue (' ', 90, ' ') not found in target atom list
WARNING    >> Atom N4 from residue (' ', 90, ' ') not found in target atom list
WARNING    >> Atom O2 from residue (' ', 93, ' ') not found in target atom list
WARNING    >> Atom N4 from residue (' ', 93, ' ') not found in target atom list
WARNING    >> Atom N9 from residue (' ', 95, ' ') not found in target atom list
WARNING    >> Atom C8 from residue (' ', 95, ' ') not found in target atom list
WARNING    >> Atom N7 from residue (' ', 95, ' ') not found in target atom list
WARNING    >> Atom O6 from residue (' ', 95, ' ') not found in target atom list
WARNING    >> Atom N2 from residue (' ', 95, ' ') not found in target atom list
WARNING    >> Atom O2 from residue (' ', 96, ' ') not found in target atom list
WARNING    >> Atom N4 from residue (' ', 96, ' ') not found in target atom list
WARNING    >> Atom N9 from residue (' ', 94, ' ') not found in target atom list
WARNING    >> Atom C8 from residue (' ', 94, ' ') not found in target atom list
WARNING    >> Atom N7 from residue (' ', 94, ' ') not found in target atom list
WARNING    >> Atom N6 from residue (' ', 94, ' ') not found in target atom list
{
  "native_pdb": "/tmp/rna_inf_9k4b2zn4/2_major_1_solution_normalized.pdb",
  "native_index": null,
  "model_pdb": "/tmp/rna_inf_vmber9oh/2_major_1_refined_normalized.pdb",
  "model_index": null,
  "rmsd": 15.46514117852532,
  "inf_all": 0.2837521769195829,
  "inf_wc": -1.0,
  "inf_nwc": -1.0,
  "inf_stack": 0.3438070820862645
}
{
  "native_pdb": "/tmp/rna_inf_4w0hk1hq/2_santalucia_1_solution_normalized.pdb",
  "native_index": null,
  "model_pdb": "/tmp/rna_inf_cmu6szq7/2_santalucia_1_refined_normalized.pdb",
  "model_index": null,
  "rmsd": 3.660494484050243,
  "inf_all": 0.8461995912501767,
  "inf_wc": 0.9223309842157773,
  "inf_nwc": -1.0,
  "inf_stack": 0.818619173037878
}
{
  "native_pdb": "/tmp/rna_inf_vl2c3sjk/2_wildauer_1_solution_normalized.pdb",
  "native_index": null,
  "model_pdb": "/tmp/rna_inf_eqb_1mce/2_wildauer_1_refined_normalized.pdb",
  "model_index": null,
  "rmsd": 3.4597373870961046,
  "inf_all": 0.79017987601128,
  "inf_wc": 0.8888888888888888,
  "inf_nwc": 0.0,
  "inf_stack": 0.7718294634961279
}
