2026-03-10 00:30:24 	 START case: PZ2
2026-03-10 00:30:24 	 caseDir: D:\Studia\Projekty\gsp-lab\data\finished\PZ2
2026-03-10 00:30:24 	 pdbDir: D:\Studia\Projekty\gsp-lab\data\finished\PZ2\pdb
2026-03-10 00:30:24 	 Found pdb count: 26
2026-03-10 00:30:25 	 Global solution: 2_bujnicki_1_solution.pdb
2026-03-10 00:30:25 	 RUN refined_pair target=2_bujnicki_1_solution.pdb model=2_bujnicki_1_refined.pdb -> id=bujnicki_1
2026-03-10 00:30:25 	 Docker cmd: docker run --rm -v D:\Studia\Projekty\gsp-lab:/work -v D:\Studia\Projekty\RNA_assessment:/rna_assessment -e RNA_ASSESSMENT_ROOT=/rna_assessment -e PYTHONPATH=/rna_assessment mcannotate-runtime python3 /work/src/utils/INF.py /work/data/finished/PZ2/pdb/2_bujnicki_1_solution.pdb /work/data/finished/PZ2/pdb/2_bujnicki_1_refined.pdb
2026-03-10 00:30:28 	 Docker exit code: 0
2026-03-10 00:30:28 	 Docker output length: 351
2026-03-10 00:30:28 	 Saved CSV: PZ2,bujnicki_1,bujnicki,1,refined_pair,0.8938403108235458,0.9607689228305228,-1,2_bujnicki_1_solution.pdb,2_bujnicki_1_refined.pdb
2026-03-10 00:30:28 	 RUN refined_pair target=2_bujnicki_2_solution.pdb model=2_bujnicki_2_refined.pdb -> id=bujnicki_2
2026-03-10 00:30:28 	 Docker cmd: docker run --rm -v D:\Studia\Projekty\gsp-lab:/work -v D:\Studia\Projekty\RNA_assessment:/rna_assessment -e RNA_ASSESSMENT_ROOT=/rna_assessment -e PYTHONPATH=/rna_assessment mcannotate-runtime python3 /work/src/utils/INF.py /work/data/finished/PZ2/pdb/2_bujnicki_2_solution.pdb /work/data/finished/PZ2/pdb/2_bujnicki_2_refined.pdb
2026-03-10 00:30:32 	 Docker exit code: 0
2026-03-10 00:30:32 	 Docker output length: 351
2026-03-10 00:30:32 	 Saved CSV: PZ2,bujnicki_2,bujnicki,2,refined_pair,0.8197996270866611,0.9192547197409877,0,2_bujnicki_2_solution.pdb,2_bujnicki_2_refined.pdb
2026-03-10 00:30:32 	 RUN refined_pair target=2_bujnicki_3_solution.pdb model=2_bujnicki_3_refined.pdb -> id=bujnicki_3
2026-03-10 00:30:32 	 Docker cmd: docker run --rm -v D:\Studia\Projekty\gsp-lab:/work -v D:\Studia\Projekty\RNA_assessment:/rna_assessment -e RNA_ASSESSMENT_ROOT=/rna_assessment -e PYTHONPATH=/rna_assessment mcannotate-runtime python3 /work/src/utils/INF.py /work/data/finished/PZ2/pdb/2_bujnicki_3_solution.pdb /work/data/finished/PZ2/pdb/2_bujnicki_3_refined.pdb
2026-03-10 00:30:35 	 Docker exit code: 0
2026-03-10 00:30:35 	 Docker output length: 351
2026-03-10 00:30:35 	 Saved CSV: PZ2,bujnicki_3,bujnicki,3,refined_pair,0.8160596576335588,0.9192547197409877,0,2_bujnicki_3_solution.pdb,2_bujnicki_3_refined.pdb
2026-03-10 00:30:35 	 RUN refined_pair target=2_chen_1_solution.pdb model=2_chen_1_refined.pdb -> id=chen_1
2026-03-10 00:30:35 	 Docker cmd: docker run --rm -v D:\Studia\Projekty\gsp-lab:/work -v D:\Studia\Projekty\RNA_assessment:/rna_assessment -e RNA_ASSESSMENT_ROOT=/rna_assessment -e PYTHONPATH=/rna_assessment mcannotate-runtime python3 /work/src/utils/INF.py /work/data/finished/PZ2/pdb/2_chen_1_solution.pdb /work/data/finished/PZ2/pdb/2_chen_1_refined.pdb
2026-03-10 00:30:38 	 Docker exit code: 0
2026-03-10 00:30:38 	 Docker output length: 343
2026-03-10 00:30:38 	 Saved CSV: PZ2,chen_1,chen,1,refined_pair,0.7602510449687964,0.9041944301794651,-1,2_chen_1_solution.pdb,2_chen_1_refined.pdb
2026-03-10 00:30:38 	 RUN refined_pair target=2_das_1_solution.pdb model=2_das_1_refined.pdb -> id=das_1
2026-03-10 00:30:38 	 Docker cmd: docker run --rm -v D:\Studia\Projekty\gsp-lab:/work -v D:\Studia\Projekty\RNA_assessment:/rna_assessment -e RNA_ASSESSMENT_ROOT=/rna_assessment -e PYTHONPATH=/rna_assessment mcannotate-runtime python3 /work/src/utils/INF.py /work/data/finished/PZ2/pdb/2_das_1_solution.pdb /work/data/finished/PZ2/pdb/2_das_1_refined.pdb
2026-03-10 00:30:41 	 Docker exit code: 0
2026-03-10 00:30:41 	 Docker output length: 340
2026-03-10 00:30:41 	 Saved CSV: PZ2,das_1,das,1,refined_pair,0.8987569054840577,0.9607689228305228,0,2_das_1_solution.pdb,2_das_1_refined.pdb
2026-03-10 00:30:41 	 RUN refined_pair target=2_das_2_solution.pdb model=2_das_2_refined.pdb -> id=das_2
2026-03-10 00:30:41 	 Docker cmd: docker run --rm -v D:\Studia\Projekty\gsp-lab:/work -v D:\Studia\Projekty\RNA_assessment:/rna_assessment -e RNA_ASSESSMENT_ROOT=/rna_assessment -e PYTHONPATH=/rna_assessment mcannotate-runtime python3 /work/src/utils/INF.py /work/data/finished/PZ2/pdb/2_das_2_solution.pdb /work/data/finished/PZ2/pdb/2_das_2_refined.pdb
2026-03-10 00:30:44 	 Docker exit code: 0
2026-03-10 00:30:44 	 Docker output length: 339
2026-03-10 00:30:44 	 Saved CSV: PZ2,das_2,das,2,refined_pair,0.860247122405616,0.9733285267845752,0,2_das_2_solution.pdb,2_das_2_refined.pdb
2026-03-10 00:30:44 	 RUN refined_pair target=2_das_3_solution.pdb model=2_das_3_refined.pdb -> id=das_3
2026-03-10 00:30:44 	 Docker cmd: docker run --rm -v D:\Studia\Projekty\gsp-lab:/work -v D:\Studia\Projekty\RNA_assessment:/rna_assessment -e RNA_ASSESSMENT_ROOT=/rna_assessment -e PYTHONPATH=/rna_assessment mcannotate-runtime python3 /work/src/utils/INF.py /work/data/finished/PZ2/pdb/2_das_3_solution.pdb /work/data/finished/PZ2/pdb/2_das_3_refined.pdb
2026-03-10 00:30:47 	 Docker exit code: 0
2026-03-10 00:30:47 	 Docker output length: 341
2026-03-10 00:30:47 	 Saved CSV: PZ2,das_3,das,3,refined_pair,0.8640372124218081,0.9733285267845752,0,2_das_3_solution.pdb,2_das_3_refined.pdb
2026-03-10 00:30:47 	 RUN refined_pair target=2_das_4_solution.pdb model=2_das_4_refined.pdb -> id=das_4
2026-03-10 00:30:47 	 Docker cmd: docker run --rm -v D:\Studia\Projekty\gsp-lab:/work -v D:\Studia\Projekty\RNA_assessment:/rna_assessment -e RNA_ASSESSMENT_ROOT=/rna_assessment -e PYTHONPATH=/rna_assessment mcannotate-runtime python3 /work/src/utils/INF.py /work/data/finished/PZ2/pdb/2_das_4_solution.pdb /work/data/finished/PZ2/pdb/2_das_4_refined.pdb
2026-03-10 00:30:49 	 Docker exit code: 0
2026-03-10 00:30:49 	 Docker output length: 341
2026-03-10 00:30:49 	 Saved CSV: PZ2,das_4,das,4,refined_pair,0.8648349902955826,0.9733285267845752,0,2_das_4_solution.pdb,2_das_4_refined.pdb
2026-03-10 00:30:49 	 RUN refined_pair target=2_das_5_solution.pdb model=2_das_5_refined.pdb -> id=das_5
2026-03-10 00:30:49 	 Docker cmd: docker run --rm -v D:\Studia\Projekty\gsp-lab:/work -v D:\Studia\Projekty\RNA_assessment:/rna_assessment -e RNA_ASSESSMENT_ROOT=/rna_assessment -e PYTHONPATH=/rna_assessment mcannotate-runtime python3 /work/src/utils/INF.py /work/data/finished/PZ2/pdb/2_das_5_solution.pdb /work/data/finished/PZ2/pdb/2_das_5_refined.pdb
2026-03-10 00:30:52 	 Docker exit code: 0
2026-03-10 00:30:52 	 Docker output length: 341
2026-03-10 00:30:52 	 Saved CSV: PZ2,das_5,das,5,refined_pair,0.8661986608440464,0.9589940926145842,0,2_das_5_solution.pdb,2_das_5_refined.pdb
2026-03-10 00:30:52 	 RUN refined_pair target=2_dokholyan_1_solution.pdb model=2_dokholyan_1_refined.pdb -> id=dokholyan_1
2026-03-10 00:30:52 	 Docker cmd: docker run --rm -v D:\Studia\Projekty\gsp-lab:/work -v D:\Studia\Projekty\RNA_assessment:/rna_assessment -e RNA_ASSESSMENT_ROOT=/rna_assessment -e PYTHONPATH=/rna_assessment mcannotate-runtime python3 /work/src/utils/INF.py /work/data/finished/PZ2/pdb/2_dokholyan_1_solution.pdb /work/data/finished/PZ2/pdb/2_dokholyan_1_refined.pdb
2026-03-10 00:30:55 	 Docker exit code: 0
2026-03-10 00:30:55 	 Docker output length: 352
2026-03-10 00:30:55 	 Saved CSV: PZ2,dokholyan_1,dokholyan,1,refined_pair,0.8273951558890617,0.9041944301794651,0,2_dokholyan_1_solution.pdb,2_dokholyan_1_refined.pdb
2026-03-10 00:30:55 	 RUN refined_pair target=2_major_1_solution.pdb model=2_major_1_refined.pdb -> id=major_1
2026-03-10 00:30:55 	 Docker cmd: docker run --rm -v D:\Studia\Projekty\gsp-lab:/work -v D:\Studia\Projekty\RNA_assessment:/rna_assessment -e RNA_ASSESSMENT_ROOT=/rna_assessment -e PYTHONPATH=/rna_assessment mcannotate-runtime python3 /work/src/utils/INF.py /work/data/finished/PZ2/pdb/2_major_1_solution.pdb /work/data/finished/PZ2/pdb/2_major_1_refined.pdb
2026-03-10 00:30:58 	 Docker exit code: 0
2026-03-10 00:30:58 	 Docker output length: 8411
2026-03-10 00:30:58 	 Saved CSV: PZ2,major_1,major,1,refined_pair,0.2837521769195829,-1,-1,2_major_1_solution.pdb,2_major_1_refined.pdb
2026-03-10 00:30:58 	 RUN refined_pair target=2_santalucia_1_solution.pdb model=2_santalucia_1_refined.pdb -> id=santalucia_1
2026-03-10 00:30:58 	 Docker cmd: docker run --rm -v D:\Studia\Projekty\gsp-lab:/work -v D:\Studia\Projekty\RNA_assessment:/rna_assessment -e RNA_ASSESSMENT_ROOT=/rna_assessment -e PYTHONPATH=/rna_assessment mcannotate-runtime python3 /work/src/utils/INF.py /work/data/finished/PZ2/pdb/2_santalucia_1_solution.pdb /work/data/finished/PZ2/pdb/2_santalucia_1_refined.pdb
2026-03-10 00:31:01 	 Docker exit code: 0
2026-03-10 00:31:01 	 Docker output length: 354
2026-03-10 00:31:01 	 Saved CSV: PZ2,santalucia_1,santalucia,1,refined_pair,0.8461995912501767,0.9223309842157773,-1,2_santalucia_1_solution.pdb,2_santalucia_1_refined.pdb
2026-03-10 00:31:01 	 RUN refined_pair target=2_wildauer_1_solution.pdb model=2_wildauer_1_refined.pdb -> id=wildauer_1
2026-03-10 00:31:01 	 Docker cmd: docker run --rm -v D:\Studia\Projekty\gsp-lab:/work -v D:\Studia\Projekty\RNA_assessment:/rna_assessment -e RNA_ASSESSMENT_ROOT=/rna_assessment -e PYTHONPATH=/rna_assessment mcannotate-runtime python3 /work/src/utils/INF.py /work/data/finished/PZ2/pdb/2_wildauer_1_solution.pdb /work/data/finished/PZ2/pdb/2_wildauer_1_refined.pdb
2026-03-10 00:31:04 	 Docker exit code: 0
2026-03-10 00:31:04 	 Docker output length: 349
2026-03-10 00:31:04 	 Saved CSV: PZ2,wildauer_1,wildauer,1,refined_pair,0.79017987601128,0.8888888888888888,0,2_wildauer_1_solution.pdb,2_wildauer_1_refined.pdb
2026-03-10 00:31:04 	 SKIP (model is a solution file): 2_bujnicki_1_solution.pdb
2026-03-10 00:31:04 	 SKIP (model is a solution file): 2_bujnicki_2_solution.pdb
2026-03-10 00:31:04 	 SKIP (model is a solution file): 2_bujnicki_3_solution.pdb
2026-03-10 00:31:04 	 SKIP (model is a solution file): 2_chen_1_solution.pdb
2026-03-10 00:31:04 	 SKIP (model is a solution file): 2_das_1_solution.pdb
2026-03-10 00:31:04 	 SKIP (model is a solution file): 2_das_2_solution.pdb
2026-03-10 00:31:04 	 SKIP (model is a solution file): 2_das_3_solution.pdb
2026-03-10 00:31:04 	 SKIP (model is a solution file): 2_das_4_solution.pdb
2026-03-10 00:31:04 	 SKIP (model is a solution file): 2_das_5_solution.pdb
2026-03-10 00:31:04 	 SKIP (model is a solution file): 2_dokholyan_1_solution.pdb
2026-03-10 00:31:04 	 SKIP (model is a solution file): 2_major_1_solution.pdb
2026-03-10 00:31:04 	 SKIP (model is a solution file): 2_santalucia_1_solution.pdb
2026-03-10 00:31:04 	 SKIP (model is a solution file): 2_wildauer_1_solution.pdb
2026-03-10 00:31:04 	 DONE case: PZ2
2026-03-10 01:12:40 	 START case: PZ2
2026-03-10 01:12:40 	 caseDir: D:\Studia\Projekty\gsp-lab\data\finished\PZ2
2026-03-10 01:12:40 	 pdbDir: D:\Studia\Projekty\gsp-lab\data\finished\PZ2\pdb
2026-03-10 01:12:40 	 Found pdb count: 26
2026-03-10 01:12:40 	 Global solution: 2_bujnicki_1_solution.pdb
2026-03-10 01:12:40 	 SKIP already recorded (refined): bujnicki_1
2026-03-10 01:12:40 	 SKIP already recorded (refined): bujnicki_2
2026-03-10 01:12:40 	 SKIP already recorded (refined): bujnicki_3
2026-03-10 01:12:40 	 SKIP already recorded (refined): chen_1
2026-03-10 01:12:40 	 SKIP already recorded (refined): das_1
2026-03-10 01:12:40 	 SKIP already recorded (refined): das_2
2026-03-10 01:12:40 	 SKIP already recorded (refined): das_3
2026-03-10 01:12:40 	 SKIP already recorded (refined): das_4
2026-03-10 01:12:40 	 SKIP already recorded (refined): das_5
2026-03-10 01:12:40 	 SKIP already recorded (refined): dokholyan_1
2026-03-10 01:12:40 	 SKIP already recorded (refined): major_1
2026-03-10 01:12:40 	 SKIP already recorded (refined): santalucia_1
2026-03-10 01:12:40 	 SKIP already recorded (refined): wildauer_1
2026-03-10 01:12:40 	 SKIP (model is a solution file): 2_bujnicki_1_solution.pdb
2026-03-10 01:12:40 	 SKIP (model is a solution file): 2_bujnicki_2_solution.pdb
2026-03-10 01:12:40 	 SKIP (model is a solution file): 2_bujnicki_3_solution.pdb
2026-03-10 01:12:40 	 SKIP (model is a solution file): 2_chen_1_solution.pdb
2026-03-10 01:12:40 	 SKIP (model is a solution file): 2_das_1_solution.pdb
2026-03-10 01:12:40 	 SKIP (model is a solution file): 2_das_2_solution.pdb
2026-03-10 01:12:40 	 SKIP (model is a solution file): 2_das_3_solution.pdb
2026-03-10 01:12:40 	 SKIP (model is a solution file): 2_das_4_solution.pdb
2026-03-10 01:12:40 	 SKIP (model is a solution file): 2_das_5_solution.pdb
2026-03-10 01:12:40 	 SKIP (model is a solution file): 2_dokholyan_1_solution.pdb
2026-03-10 01:12:40 	 SKIP (model is a solution file): 2_major_1_solution.pdb
2026-03-10 01:12:40 	 SKIP (model is a solution file): 2_santalucia_1_solution.pdb
2026-03-10 01:12:40 	 SKIP (model is a solution file): 2_wildauer_1_solution.pdb
2026-03-10 01:12:40 	 DONE case: PZ2
2026-03-10 01:17:24 	 START case: PZ2
2026-03-10 01:17:24 	 caseDir: D:\Studia\Projekty\gsp-lab\data\finished\PZ2
2026-03-10 01:17:24 	 pdbDir: D:\Studia\Projekty\gsp-lab\data\finished\PZ2\pdb
2026-03-10 01:17:24 	 Found pdb count: 26
2026-03-10 01:17:24 	 Global solution: 2_bujnicki_1_solution.pdb
2026-03-10 01:17:24 	 SKIP already recorded (refined): bujnicki_1
2026-03-10 01:17:24 	 SKIP already recorded (refined): bujnicki_2
2026-03-10 01:17:24 	 SKIP already recorded (refined): bujnicki_3
2026-03-10 01:17:24 	 SKIP already recorded (refined): chen_1
2026-03-10 01:17:24 	 SKIP already recorded (refined): das_1
2026-03-10 01:17:24 	 SKIP already recorded (refined): das_2
2026-03-10 01:17:24 	 SKIP already recorded (refined): das_3
2026-03-10 01:17:25 	 SKIP already recorded (refined): das_4
2026-03-10 01:17:25 	 SKIP already recorded (refined): das_5
2026-03-10 01:17:25 	 SKIP already recorded (refined): dokholyan_1
2026-03-10 01:17:25 	 SKIP already recorded (refined): major_1
2026-03-10 01:17:25 	 SKIP already recorded (refined): santalucia_1
2026-03-10 01:17:25 	 SKIP already recorded (refined): wildauer_1
2026-03-10 01:17:25 	 SKIP (model is a solution file): 2_bujnicki_1_solution.pdb
2026-03-10 01:17:25 	 SKIP (model is a solution file): 2_bujnicki_2_solution.pdb
2026-03-10 01:17:25 	 SKIP (model is a solution file): 2_bujnicki_3_solution.pdb
2026-03-10 01:17:25 	 SKIP (model is a solution file): 2_chen_1_solution.pdb
2026-03-10 01:17:25 	 SKIP (model is a solution file): 2_das_1_solution.pdb
2026-03-10 01:17:25 	 SKIP (model is a solution file): 2_das_2_solution.pdb
2026-03-10 01:17:25 	 SKIP (model is a solution file): 2_das_3_solution.pdb
2026-03-10 01:17:25 	 SKIP (model is a solution file): 2_das_4_solution.pdb
2026-03-10 01:17:25 	 SKIP (model is a solution file): 2_das_5_solution.pdb
2026-03-10 01:17:25 	 SKIP (model is a solution file): 2_dokholyan_1_solution.pdb
2026-03-10 01:17:25 	 SKIP (model is a solution file): 2_major_1_solution.pdb
2026-03-10 01:17:25 	 SKIP (model is a solution file): 2_santalucia_1_solution.pdb
2026-03-10 01:17:25 	 SKIP (model is a solution file): 2_wildauer_1_solution.pdb
2026-03-10 01:17:25 	 DONE case: PZ2
2026-03-10 01:21:51 	 START case: PZ2
2026-03-10 01:21:51 	 caseDir: D:\Studia\Projekty\gsp-lab\data\finished\PZ2
2026-03-10 01:21:51 	 pdbDir: D:\Studia\Projekty\gsp-lab\data\finished\PZ2\pdb
2026-03-10 01:21:51 	 Found pdb count: 26
2026-03-10 01:21:51 	 Global solution: 2_bujnicki_1_solution.pdb
2026-03-10 01:21:51 	 SKIP already recorded (refined): bujnicki_1
2026-03-10 01:21:51 	 SKIP already recorded (refined): bujnicki_2
2026-03-10 01:21:51 	 SKIP already recorded (refined): bujnicki_3
2026-03-10 01:21:51 	 SKIP already recorded (refined): chen_1
2026-03-10 01:21:51 	 SKIP already recorded (refined): das_1
2026-03-10 01:21:51 	 SKIP already recorded (refined): das_2
2026-03-10 01:21:51 	 SKIP already recorded (refined): das_3
2026-03-10 01:21:51 	 SKIP already recorded (refined): das_4
2026-03-10 01:21:51 	 SKIP already recorded (refined): das_5
2026-03-10 01:21:51 	 SKIP already recorded (refined): dokholyan_1
2026-03-10 01:21:51 	 SKIP already recorded (refined): major_1
2026-03-10 01:21:51 	 SKIP already recorded (refined): santalucia_1
2026-03-10 01:21:51 	 SKIP already recorded (refined): wildauer_1
2026-03-10 01:21:51 	 SKIP (model is a solution file): 2_bujnicki_1_solution.pdb
2026-03-10 01:21:51 	 SKIP (model is a solution file): 2_bujnicki_2_solution.pdb
2026-03-10 01:21:51 	 SKIP (model is a solution file): 2_bujnicki_3_solution.pdb
2026-03-10 01:21:51 	 SKIP (model is a solution file): 2_chen_1_solution.pdb
2026-03-10 01:21:51 	 SKIP (model is a solution file): 2_das_1_solution.pdb
2026-03-10 01:21:51 	 SKIP (model is a solution file): 2_das_2_solution.pdb
2026-03-10 01:21:51 	 SKIP (model is a solution file): 2_das_3_solution.pdb
2026-03-10 01:21:51 	 SKIP (model is a solution file): 2_das_4_solution.pdb
2026-03-10 01:21:51 	 SKIP (model is a solution file): 2_das_5_solution.pdb
2026-03-10 01:21:51 	 SKIP (model is a solution file): 2_dokholyan_1_solution.pdb
2026-03-10 01:21:51 	 SKIP (model is a solution file): 2_major_1_solution.pdb
2026-03-10 01:21:51 	 SKIP (model is a solution file): 2_santalucia_1_solution.pdb
2026-03-10 01:21:51 	 SKIP (model is a solution file): 2_wildauer_1_solution.pdb
2026-03-10 01:21:51 	 DONE case: PZ2
