{
  "native_pdb": "/tmp/rna_inf_ffwyen6g/20_Xiao_1_solution_normalized.pdb",
  "native_index": null,
  "model_pdb": "/tmp/rna_inf_hi9ok_3h/20_Xiao_1_refined_normalized.pdb",
  "model_index": null,
  "rmsd": 25.509401141960975,
  "inf_all": 0.5944526685905702,
  "inf_wc": 0.5657789498610037,
  "inf_nwc": -1.0,
  "inf_stack": 0.6251356778481195
}
{
  "native_pdb": "/tmp/rna_inf_njj63erk/20_Xiao_2_solution_normalized.pdb",
  "native_index": null,
  "model_pdb": "/tmp/rna_inf_13_omajh/20_Xiao_2_refined_normalized.pdb",
  "model_index": null,
  "rmsd": 20.34978754679169,
  "inf_all": 0.4425040460624374,
  "inf_wc": 0.3026137663344012,
  "inf_nwc": 0.0,
  "inf_stack": 0.5166825315311229
}
{
  "native_pdb": "/tmp/rna_inf_4txarum9/20_Xiao_3_solution_normalized.pdb",
  "native_index": null,
  "model_pdb": "/tmp/rna_inf_nlwwbn2a/20_Xiao_3_refined_normalized.pdb",
  "model_index": null,
  "rmsd": 16.97059739774779,
  "inf_all": 0.5443670154392515,
  "inf_wc": 0.6225430174794672,
  "inf_nwc": 0.5,
  "inf_stack": 0.5171145012542264
}
{
  "native_pdb": "/tmp/rna_inf_eop_qd11/20_Xiao_4_solution_normalized.pdb",
  "native_index": null,
  "model_pdb": "/tmp/rna_inf__cunolv0/20_Xiao_4_refined_normalized.pdb",
  "model_index": null,
  "rmsd": 19.4648205388237,
  "inf_all": 0.4424952033779929,
  "inf_wc": 0.4045199174779452,
  "inf_nwc": 0.0,
  "inf_stack": 0.473228707317382
}
{
  "native_pdb": "/tmp/rna_inf_bvsex94z/20_Xiao_5_solution_normalized.pdb",
  "native_index": null,
  "model_pdb": "/tmp/rna_inf_7y03na0h/20_Xiao_5_refined_normalized.pdb",
  "model_index": null,
  "rmsd": 21.073544498459018,
  "inf_all": 0.4314193923302686,
  "inf_wc": 0.19738550848793068,
  "inf_nwc": 0.0,
  "inf_stack": 0.5335783750799326
}
{
  "native_pdb": "/tmp/rna_inf_k6ai2nwl/20_Xiao2_1_solution_normalized.pdb",
  "native_index": null,
  "model_pdb": "/tmp/rna_inf__r58unw_/20_Xiao2_1_refined_normalized.pdb",
  "model_index": null,
  "rmsd": 25.491001593591694,
  "inf_all": 0.5944526685905702,
  "inf_wc": 0.5657789498610037,
  "inf_nwc": -1.0,
  "inf_stack": 0.6251356778481195
}
{
  "native_pdb": "/tmp/rna_inf_ws9m9yiz/20_Xiao2_2_solution_normalized.pdb",
  "native_index": null,
  "model_pdb": "/tmp/rna_inf_yjpecm9d/20_Xiao2_2_refined_normalized.pdb",
  "model_index": null,
  "rmsd": 20.35381074627476,
  "inf_all": 0.4425040460624374,
  "inf_wc": 0.3026137663344012,
  "inf_nwc": 0.0,
  "inf_stack": 0.5166825315311229
}
{
  "native_pdb": "/tmp/rna_inf_otnyu243/20_Xiao2_3_solution_normalized.pdb",
  "native_index": null,
  "model_pdb": "/tmp/rna_inf_6j2hgjlz/20_Xiao2_3_refined_normalized.pdb",
  "model_index": null,
  "rmsd": 16.99226741020922,
  "inf_all": 0.5443670154392515,
  "inf_wc": 0.6225430174794672,
  "inf_nwc": 0.5,
  "inf_stack": 0.5171145012542264
}
{
  "native_pdb": "/tmp/rna_inf_o6zdcd72/20_Xiao2_4_solution_normalized.pdb",
  "native_index": null,
  "model_pdb": "/tmp/rna_inf_i2sr8hyd/20_Xiao2_4_refined_normalized.pdb",
  "model_index": null,
  "rmsd": 19.45532380985133,
  "inf_all": 0.4424952033779929,
  "inf_wc": 0.4045199174779452,
  "inf_nwc": 0.0,
  "inf_stack": 0.473228707317382
}
{
  "native_pdb": "/tmp/rna_inf_v326e0pg/20_Xiao2_5_solution_normalized.pdb",
  "native_index": null,
  "model_pdb": "/tmp/rna_inf_fatbt57v/20_Xiao2_5_refined_normalized.pdb",
  "model_index": null,
  "rmsd": 21.08669869251166,
  "inf_all": 0.4314193923302686,
  "inf_wc": 0.19738550848793068,
  "inf_nwc": 0.0,
  "inf_stack": 0.5335783750799326
}
{
  "native_pdb": "/tmp/rna_inf_mpr_p7si/20_solution_0_normalized.pdb",
  "native_index": null,
  "model_pdb": "/tmp/rna_inf__dpau4h6/20_Bujnicki_1_normalized.pdb",
  "model_index": null,
  "rmsd": 5.127947762997861,
  "inf_all": 0.8424654789616363,
  "inf_wc": 0.96,
  "inf_nwc": 0.4472135954999579,
  "inf_stack": 0.8226098226808155
}
{
  "native_pdb": "/tmp/rna_inf_1er2gpjn/20_solution_0_normalized.pdb",
  "native_index": null,
  "model_pdb": "/tmp/rna_inf_atcrecsx/20_Bujnicki_2_normalized.pdb",
  "model_index": null,
  "rmsd": 6.7734015631858036,
  "inf_all": 0.8324951221131845,
  "inf_wc": 0.96,
  "inf_nwc": 0.408248290463863,
  "inf_stack": 0.8149574719608587
}
{
  "native_pdb": "/tmp/rna_inf_r87b4dd8/20_solution_0_normalized.pdb",
  "native_index": null,
  "model_pdb": "/tmp/rna_inf_t28z59rc/20_Bujnicki_3_normalized.pdb",
  "model_index": null,
  "rmsd": 6.437076799023297,
  "inf_all": 0.8139319640060197,
  "inf_wc": 0.9591663046625439,
  "inf_nwc": 0.5773502691896257,
  "inf_stack": 0.7656639446725211
}
{
  "native_pdb": "/tmp/rna_inf_kul1o0zy/20_solution_0_normalized.pdb",
  "native_index": null,
  "model_pdb": "/tmp/rna_inf_xr33toww/20_Bujnicki_4_normalized.pdb",
  "model_index": null,
  "rmsd": 4.709573855917129,
  "inf_all": 0.8260802022747663,
  "inf_wc": 0.8981462390204986,
  "inf_nwc": 0.5773502691896257,
  "inf_stack": 0.8101056637505245
}
{
  "native_pdb": "/tmp/rna_inf_5osp5gyh/20_solution_0_normalized.pdb",
  "native_index": null,
  "model_pdb": "/tmp/rna_inf_48w58qoa/20_Bujnicki_5_normalized.pdb",
  "model_index": null,
  "rmsd": 5.127665666555947,
  "inf_all": 0.8114418195664276,
  "inf_wc": 0.9021342216356466,
  "inf_nwc": 0.0,
  "inf_stack": 0.8135593220338984
}
{
  "native_pdb": "/tmp/rna_inf_b7dg1vc2/20_solution_0_normalized.pdb",
  "native_index": null,
  "model_pdb": "/tmp/rna_inf_pjafqm41/20_Das_1_normalized.pdb",
  "model_index": null,
  "rmsd": 6.769558552015752,
  "inf_all": 0.7610743209715732,
  "inf_wc": 0.916515138991168,
  "inf_nwc": 0.3535533905932738,
  "inf_stack": 0.7458152383799166
}
{
  "native_pdb": "/tmp/rna_inf_6tyoa0ov/20_solution_0_normalized.pdb",
  "native_index": null,
  "model_pdb": "/tmp/rna_inf__21sfafj/20_Das_2_normalized.pdb",
  "model_index": null,
  "rmsd": 5.957115818047246,
  "inf_all": 0.7242068243779014,
  "inf_wc": 0.875760539039714,
  "inf_nwc": 0.30151134457776363,
  "inf_stack": 0.7261885215804451
}
{
  "native_pdb": "/tmp/rna_inf_3q9jm351/20_solution_0_normalized.pdb",
  "native_index": null,
  "model_pdb": "/tmp/rna_inf_a2vtsjsh/20_Das_3_normalized.pdb",
  "model_index": null,
  "rmsd": 6.871738803433349,
  "inf_all": 0.723644436333627,
  "inf_wc": 0.96,
  "inf_nwc": 0.25,
  "inf_stack": 0.6476816543825592
}
{
  "native_pdb": "/tmp/rna_inf_8a8ajj4_/20_solution_0_normalized.pdb",
  "native_index": null,
  "model_pdb": "/tmp/rna_inf_dnraiy9u/20_Das_4_normalized.pdb",
  "model_index": null,
  "rmsd": 9.364342112373627,
  "inf_all": 0.7459018817678907,
  "inf_wc": 0.938083151964686,
  "inf_nwc": 0.408248290463863,
  "inf_stack": 0.6952725759026167
}
{
  "native_pdb": "/tmp/rna_inf_d9b2mimd/20_solution_0_normalized.pdb",
  "native_index": null,
  "model_pdb": "/tmp/rna_inf_qkfyj8qm/20_Das_5_normalized.pdb",
  "model_index": null,
  "rmsd": 16.125056811769813,
  "inf_all": 0.7310659874497412,
  "inf_wc": 0.916515138991168,
  "inf_nwc": 0.5,
  "inf_stack": 0.6634906788326773
}
{
  "native_pdb": "/tmp/rna_inf_nkfdottk/20_solution_0_normalized.pdb",
  "native_index": null,
  "model_pdb": "/tmp/rna_inf_wvqxxeve/20_RNAComposer_1_normalized.pdb",
  "model_index": null,
  "rmsd": 16.728489645710887,
  "inf_all": 0.8017837257372731,
  "inf_wc": 1.0,
  "inf_nwc": 0.5773502691896257,
  "inf_stack": 0.725338218321733
}
{
  "native_pdb": "/tmp/rna_inf_zkgjt0nv/20_solution_0_normalized.pdb",
  "native_index": null,
  "model_pdb": "/tmp/rna_inf_vzcrr8hg/20_RNAComposer_2_normalized.pdb",
  "model_index": null,
  "rmsd": 16.192160370470212,
  "inf_all": 0.750851789030904,
  "inf_wc": 0.9413574486632834,
  "inf_nwc": -1.0,
  "inf_stack": 0.690942204488554
}
{
  "native_pdb": "/tmp/rna_inf_61znk_9r/20_solution_0_normalized.pdb",
  "native_index": null,
  "model_pdb": "/tmp/rna_inf_mftx68qh/20_RNAComposer_3_normalized.pdb",
  "model_index": null,
  "rmsd": 12.900227414123997,
  "inf_all": 0.7813983916059348,
  "inf_wc": 0.9389710680668849,
  "inf_nwc": 0.28867513459481287,
  "inf_stack": 0.7410482726333564
}
{
  "native_pdb": "/tmp/rna_inf_tylik21v/20_solution_0_normalized.pdb",
  "native_index": null,
  "model_pdb": "/tmp/rna_inf_b8ttbtwf/20_RNAComposer_4_normalized.pdb",
  "model_index": null,
  "rmsd": 11.255798503709476,
  "inf_all": 0.7885587272424043,
  "inf_wc": 0.92,
  "inf_nwc": 0.5,
  "inf_stack": 0.7432776484135347
}
{
  "native_pdb": "/tmp/rna_inf_6tdpjmcx/20_solution_0_normalized.pdb",
  "native_index": null,
  "model_pdb": "/tmp/rna_inf_a_ebgnss/20_RNAComposer_5_normalized.pdb",
  "model_index": null,
  "rmsd": 12.989633479095376,
  "inf_all": 0.8402674962419061,
  "inf_wc": 0.938083151964686,
  "inf_nwc": 0.7071067811865476,
  "inf_stack": 0.8046953887783311
}
{
  "native_pdb": "/tmp/rna_inf_lzemih5j/20_solution_0_normalized.pdb",
  "native_index": null,
  "model_pdb": "/tmp/rna_inf_3ugdz8vt/20_RNAComposerHuman_1_normalized.pdb",
  "model_index": null,
  "rmsd": 11.848274506379324,
  "inf_all": 0.7435223956449145,
  "inf_wc": 0.9021342216356466,
  "inf_nwc": 0.0,
  "inf_stack": 0.702630162553507
}
{
  "native_pdb": "/tmp/rna_inf_05wboxl8/20_solution_0_normalized.pdb",
  "native_index": null,
  "model_pdb": "/tmp/rna_inf_si2c38jx/20_RNAComposerHuman_2_normalized.pdb",
  "model_index": null,
  "rmsd": 15.338358889761686,
  "inf_all": 0.7825855808712295,
  "inf_wc": 0.96,
  "inf_nwc": 0.3535533905932738,
  "inf_stack": 0.725338218321733
}
{
  "native_pdb": "/tmp/rna_inf_fi7bjfim/20_solution_0_normalized.pdb",
  "native_index": null,
  "model_pdb": "/tmp/rna_inf_xgeysaep/20_RNAComposerHuman_3_normalized.pdb",
  "model_index": null,
  "rmsd": 16.972277273120987,
  "inf_all": 0.7483470518571648,
  "inf_wc": 0.8852704127574262,
  "inf_nwc": 0.3535533905932738,
  "inf_stack": 0.7067398024673295
}
{
  "native_pdb": "/tmp/rna_inf_qjogsgr1/20_solution_0_normalized.pdb",
  "native_index": null,
  "model_pdb": "/tmp/rna_inf_waf_d5w_/20_RNAComposerHuman_4_normalized.pdb",
  "model_index": null,
  "rmsd": 13.975562543672527,
  "inf_all": 0.7389335066653341,
  "inf_wc": 0.8852704127574262,
  "inf_nwc": 0.3535533905932738,
  "inf_stack": 0.6927435689894239
}
{
  "native_pdb": "/tmp/rna_inf_6a2jdsgx/20_solution_0_normalized.pdb",
  "native_index": null,
  "model_pdb": "/tmp/rna_inf_chwtxw2u/20_RNAComposerHuman_5_normalized.pdb",
  "model_index": null,
  "rmsd": 6.857419402816506,
  "inf_all": 0.8503766788122593,
  "inf_wc": 0.9805806756909202,
  "inf_nwc": 0.3535533905932738,
  "inf_stack": 0.81833029759375
}
{
  "native_pdb": "/tmp/rna_inf_4nusczpb/20_solution_0_normalized.pdb",
  "native_index": null,
  "model_pdb": "/tmp/rna_inf_3edwpa0y/20_RW3D_1_normalized.pdb",
  "model_index": null,
  "rmsd": 17.24362693759366,
  "inf_all": 0.6862145516956808,
  "inf_wc": 0.9071147352221453,
  "inf_nwc": 0.0,
  "inf_stack": 0.6084282207836162
}
{
  "native_pdb": "/tmp/rna_inf_2m826cog/20_solution_0_normalized.pdb",
  "native_index": null,
  "model_pdb": "/tmp/rna_inf_2e13yhgd/20_RW3D_10_normalized.pdb",
  "model_index": null,
  "rmsd": 16.82741073543216,
  "inf_all": 0.6893123494842633,
  "inf_wc": 0.9284766908852593,
  "inf_nwc": 0.0,
  "inf_stack": 0.6016299267309014
}
{
  "native_pdb": "/tmp/rna_inf_8laqe0_z/20_solution_0_normalized.pdb",
  "native_index": null,
  "model_pdb": "/tmp/rna_inf_qgn7m3_i/20_RW3D_2_normalized.pdb",
  "model_index": null,
  "rmsd": 17.478749080956835,
  "inf_all": 0.6815621960078383,
  "inf_wc": 0.9284766908852593,
  "inf_nwc": 0.0,
  "inf_stack": 0.5888015039841447
}
{
  "native_pdb": "/tmp/rna_inf_nt6vey_7/20_solution_0_normalized.pdb",
  "native_index": null,
  "model_pdb": "/tmp/rna_inf_uy7gggic/20_RW3D_3_normalized.pdb",
  "model_index": null,
  "rmsd": 16.299321530911445,
  "inf_all": 0.7063462758626688,
  "inf_wc": 0.9071147352221453,
  "inf_nwc": 0.0,
  "inf_stack": 0.6404447607135401
}
{
  "native_pdb": "/tmp/rna_inf_bcyyvhi8/20_solution_0_normalized.pdb",
  "native_index": null,
  "model_pdb": "/tmp/rna_inf_atbdqox2/20_RW3D_4_normalized.pdb",
  "model_index": null,
  "rmsd": 16.506303758021886,
  "inf_all": 0.6603065838601,
  "inf_wc": 0.9071147352221453,
  "inf_nwc": 0.0,
  "inf_stack": 0.5697001318001408
}
{
  "native_pdb": "/tmp/rna_inf_mn_jevv_/20_solution_0_normalized.pdb",
  "native_index": null,
  "model_pdb": "/tmp/rna_inf_z7bujayu/20_RW3D_5_normalized.pdb",
  "model_index": null,
  "rmsd": 18.56963271800506,
  "inf_all": 0.6986911799083294,
  "inf_wc": 0.9284766908852593,
  "inf_nwc": 0.0,
  "inf_stack": 0.6154623067297657
}
{
  "native_pdb": "/tmp/rna_inf_9x6mu3_v/20_solution_0_normalized.pdb",
  "native_index": null,
  "model_pdb": "/tmp/rna_inf_a34y16wk/20_RW3D_6_normalized.pdb",
  "model_index": null,
  "rmsd": 18.856916753824056,
  "inf_all": 0.6986911799083294,
  "inf_wc": 0.944911182523068,
  "inf_nwc": 0.0,
  "inf_stack": 0.6084282207836162
}
{
  "native_pdb": "/tmp/rna_inf_s72intly/20_solution_0_normalized.pdb",
  "native_index": null,
  "model_pdb": "/tmp/rna_inf__60mk1jk/20_RW3D_7_normalized.pdb",
  "model_index": null,
  "rmsd": 16.407874847668328,
  "inf_all": 0.6646940512883968,
  "inf_wc": 0.9128709291752769,
  "inf_nwc": 0.0,
  "inf_stack": 0.5691747871846732
}
{
  "native_pdb": "/tmp/rna_inf_qplxv2uy/20_solution_0_normalized.pdb",
  "native_index": null,
  "model_pdb": "/tmp/rna_inf_n7rb40f4/20_RW3D_8_normalized.pdb",
  "model_index": null,
  "rmsd": 15.933231422271849,
  "inf_all": 0.6893123494842633,
  "inf_wc": 0.9071147352221453,
  "inf_nwc": 0.0,
  "inf_stack": 0.61424984655003
}
{
  "native_pdb": "/tmp/rna_inf_7lty_cfy/20_solution_0_normalized.pdb",
  "native_index": null,
  "model_pdb": "/tmp/rna_inf_nl7bbil0/20_RW3D_9_normalized.pdb",
  "model_index": null,
  "rmsd": 16.24184221596038,
  "inf_all": 0.6893123494842633,
  "inf_wc": 0.9071147352221453,
  "inf_nwc": 0.0,
  "inf_stack": 0.61424984655003
}
{
  "native_pdb": "/tmp/rna_inf_fvavxkft/20_solution_0_normalized.pdb",
  "native_index": null,
  "model_pdb": "/tmp/rna_inf_xpq33wc3/20_simRNA_1_normalized.pdb",
  "model_index": null,
  "rmsd": 18.07334868724637,
  "inf_all": 0.38138503569823695,
  "inf_wc": 0.0,
  "inf_nwc": 0.0,
  "inf_stack": 0.5777265157392951
}
{
  "native_pdb": "/tmp/rna_inf_bzf_m5ah/20_solution_0_normalized.pdb",
  "native_index": null,
  "model_pdb": "/tmp/rna_inf_0j7cy6vs/20_simRNA_2_normalized.pdb",
  "model_index": null,
  "rmsd": 23.76780152969707,
  "inf_all": 0.49807776901860906,
  "inf_wc": 0.1668115312456598,
  "inf_nwc": 0.0,
  "inf_stack": 0.6679962838235599
}
{
  "native_pdb": "/tmp/rna_inf_g_344bcm/20_solution_0_normalized.pdb",
  "native_index": null,
  "model_pdb": "/tmp/rna_inf_3qf51g8u/20_simRNA_3_normalized.pdb",
  "model_index": null,
  "rmsd": 22.169754106921218,
  "inf_all": 0.3493455899541647,
  "inf_wc": 0.0,
  "inf_nwc": 0.0,
  "inf_stack": 0.5434076757569432
}
{
  "native_pdb": "/tmp/rna_inf_dbyubcgz/20_solution_0_normalized.pdb",
  "native_index": null,
  "model_pdb": "/tmp/rna_inf_w91jquhp/20_simRNA_4_normalized.pdb",
  "model_index": null,
  "rmsd": 20.153800349498635,
  "inf_all": 0.49487466332489927,
  "inf_wc": 0.30237157840738177,
  "inf_nwc": -1.0,
  "inf_stack": 0.6075792478128934
}
{
  "native_pdb": "/tmp/rna_inf_6ee5do23/20_solution_0_normalized.pdb",
  "native_index": null,
  "model_pdb": "/tmp/rna_inf_bpg02r30/20_simRNA_5_normalized.pdb",
  "model_index": null,
  "rmsd": 20.418072449733064,
  "inf_all": 0.500567859353936,
  "inf_wc": 0.2,
  "inf_nwc": -1.0,
  "inf_stack": 0.6495227594935793
}
{
  "native_pdb": "/tmp/rna_inf_u1l8pk1m/20_solution_0_normalized.pdb",
  "native_index": null,
  "model_pdb": "/tmp/rna_inf_a8e5u1nt/20_Xiao3_1_normalized.pdb",
  "model_index": null,
  "rmsd": 17.958685433312745,
  "inf_all": 0.6636194313017634,
  "inf_wc": 0.78001349515991,
  "inf_nwc": 0.28867513459481287,
  "inf_stack": 0.6381723297967092
}
{
  "native_pdb": "/tmp/rna_inf_ojf9hn7m/20_solution_0_normalized.pdb",
  "native_index": null,
  "model_pdb": "/tmp/rna_inf_hw2svqil/20_Xiao3_2_normalized.pdb",
  "model_index": null,
  "rmsd": 19.77816690766247,
  "inf_all": 0.6687900857799522,
  "inf_wc": 0.610170215847752,
  "inf_nwc": 0.0,
  "inf_stack": 0.7374818456701371
}
{
  "native_pdb": "/tmp/rna_inf_12lea2i9/20_solution_0_normalized.pdb",
  "native_index": null,
  "model_pdb": "/tmp/rna_inf_mwb95wcl/20_Xiao3_3_normalized.pdb",
  "model_index": null,
  "rmsd": 18.54070148788413,
  "inf_all": 0.6672976811635084,
  "inf_wc": 0.665640235470275,
  "inf_nwc": 0.0,
  "inf_stack": 0.6998789241537255
}
{
  "native_pdb": "/tmp/rna_inf_3gghxrm6/20_solution_0_normalized.pdb",
  "native_index": null,
  "model_pdb": "/tmp/rna_inf_hitmogqt/20_Xiao3_4_normalized.pdb",
  "model_index": null,
  "rmsd": 19.37408357854571,
  "inf_all": 0.675577500126881,
  "inf_wc": 0.671317113342619,
  "inf_nwc": 0.0,
  "inf_stack": 0.7087949386826415
}
{
  "native_pdb": "/tmp/rna_inf_8k4y7keu/20_solution_0_normalized.pdb",
  "native_index": null,
  "model_pdb": "/tmp/rna_inf_z86l1vy8/20_Xiao3_5_normalized.pdb",
  "model_index": null,
  "rmsd": 12.45299869038492,
  "inf_all": 0.7195524177001853,
  "inf_wc": 0.7602631123499285,
  "inf_nwc": -1.0,
  "inf_stack": 0.7261885215804451
}
{
  "native_pdb": "/tmp/rna_inf_6tawit9t/20_solution_0_normalized.pdb",
  "native_index": null,
  "model_pdb": "/tmp/rna_inf_z87o7aqx/PZ20_Chen_1_normalized.pdb",
  "model_index": null,
  "rmsd": 20.64789145822249,
  "inf_all": 0.7459018817678907,
  "inf_wc": 0.9413574486632834,
  "inf_nwc": -1.0,
  "inf_stack": 0.6812252172447593
}
{
  "native_pdb": "/tmp/rna_inf_vn2u_nwo/20_solution_0_normalized.pdb",
  "native_index": null,
  "model_pdb": "/tmp/rna_inf_hq6sn4td/PZ20_Chen_2_normalized.pdb",
  "model_index": null,
  "rmsd": 13.36329165850399,
  "inf_all": 0.6929914531581163,
  "inf_wc": 0.8981462390204986,
  "inf_nwc": 0.0,
  "inf_stack": 0.6353159295275
}
{
  "native_pdb": "/tmp/rna_inf_031aqqv4/20_solution_0_normalized.pdb",
  "native_index": null,
  "model_pdb": "/tmp/rna_inf_yxx92ftr/PZ20_Chen_3_normalized.pdb",
  "model_index": null,
  "rmsd": 16.12288193903279,
  "inf_all": 0.7016214985821966,
  "inf_wc": 0.8981462390204986,
  "inf_nwc": 0.0,
  "inf_stack": 0.6509445549041193
}
{
  "native_pdb": "/tmp/rna_inf_otvrrh24/20_solution_0_normalized.pdb",
  "native_index": null,
  "model_pdb": "/tmp/rna_inf_cw5jtuem/PZ20_Chen_4_normalized.pdb",
  "model_index": null,
  "rmsd": 16.11432496678296,
  "inf_all": 0.8000946913656628,
  "inf_wc": 0.8981462390204986,
  "inf_nwc": 0.3535533905932738,
  "inf_stack": 0.7811334658849431
}
{
  "native_pdb": "/tmp/rna_inf_tksomoo4/20_solution_0_normalized.pdb",
  "native_index": null,
  "model_pdb": "/tmp/rna_inf_ekkehmv_/PZ20_Chen_5_normalized.pdb",
  "model_index": null,
  "rmsd": 16.33017856370889,
  "inf_all": 0.5363227064506457,
  "inf_wc": 0.3674234614174767,
  "inf_nwc": 0.0,
  "inf_stack": 0.649942330206707
}
