2026-03-10 00:30:51 	 START case: PZ21
2026-03-10 00:30:51 	 caseDir: D:\Studia\Projekty\gsp-lab\data\finished\PZ21
2026-03-10 00:30:51 	 pdbDir: D:\Studia\Projekty\gsp-lab\data\finished\PZ21\pdb
2026-03-10 00:30:51 	 Found pdb count: 118
2026-03-10 00:30:51 	 Global solution: 21_3dRNA_1_solution.pdb
2026-03-10 00:30:51 	 RUN refined_pair target=21_3dRNA_1_solution.pdb model=21_3dRNA_1_refined.pdb -> id=3dRNA_1
2026-03-10 00:30:51 	 Docker cmd: docker run --rm -v D:\Studia\Projekty\gsp-lab:/work -v D:\Studia\Projekty\RNA_assessment:/rna_assessment -e RNA_ASSESSMENT_ROOT=/rna_assessment -e PYTHONPATH=/rna_assessment mcannotate-runtime python3 /work/src/utils/INF.py /work/data/finished/PZ21/pdb/21_3dRNA_1_solution.pdb /work/data/finished/PZ21/pdb/21_3dRNA_1_refined.pdb
2026-03-10 00:30:54 	 Docker exit code: 0
2026-03-10 00:30:54 	 Docker output length: 348
2026-03-10 00:30:54 	 Saved CSV: PZ21,3dRNA_1,3dRNA,1,refined_pair,0.36305409909144726,0.5547001962252291,0,21_3dRNA_1_solution.pdb,21_3dRNA_1_refined.pdb
2026-03-10 00:30:54 	 RUN refined_pair target=21_3dRNA_2_solution.pdb model=21_3dRNA_2_refined.pdb -> id=3dRNA_2
2026-03-10 00:30:54 	 Docker cmd: docker run --rm -v D:\Studia\Projekty\gsp-lab:/work -v D:\Studia\Projekty\RNA_assessment:/rna_assessment -e RNA_ASSESSMENT_ROOT=/rna_assessment -e PYTHONPATH=/rna_assessment mcannotate-runtime python3 /work/src/utils/INF.py /work/data/finished/PZ21/pdb/21_3dRNA_2_solution.pdb /work/data/finished/PZ21/pdb/21_3dRNA_2_refined.pdb
2026-03-10 00:30:57 	 Docker exit code: 0
2026-03-10 00:30:57 	 Docker output length: 346
2026-03-10 00:30:57 	 Saved CSV: PZ21,3dRNA_2,3dRNA,2,refined_pair,0.34815531191139565,0.4961389383568338,0,21_3dRNA_2_solution.pdb,21_3dRNA_2_refined.pdb
2026-03-10 00:30:57 	 RUN refined_pair target=21_3dRNA_3_solution.pdb model=21_3dRNA_3_refined.pdb -> id=3dRNA_3
2026-03-10 00:30:57 	 Docker cmd: docker run --rm -v D:\Studia\Projekty\gsp-lab:/work -v D:\Studia\Projekty\RNA_assessment:/rna_assessment -e RNA_ASSESSMENT_ROOT=/rna_assessment -e PYTHONPATH=/rna_assessment mcannotate-runtime python3 /work/src/utils/INF.py /work/data/finished/PZ21/pdb/21_3dRNA_3_solution.pdb /work/data/finished/PZ21/pdb/21_3dRNA_3_refined.pdb
2026-03-10 00:31:00 	 Docker exit code: 0
2026-03-10 00:31:00 	 Docker output length: 347
2026-03-10 00:31:00 	 Saved CSV: PZ21,3dRNA_3,3dRNA,3,refined_pair,0.4444444444444444,0.5547001962252291,0,21_3dRNA_3_solution.pdb,21_3dRNA_3_refined.pdb
2026-03-10 00:31:00 	 RUN refined_pair target=21_3dRNA_4_solution.pdb model=21_3dRNA_4_refined.pdb -> id=3dRNA_4
2026-03-10 00:31:00 	 Docker cmd: docker run --rm -v D:\Studia\Projekty\gsp-lab:/work -v D:\Studia\Projekty\RNA_assessment:/rna_assessment -e RNA_ASSESSMENT_ROOT=/rna_assessment -e PYTHONPATH=/rna_assessment mcannotate-runtime python3 /work/src/utils/INF.py /work/data/finished/PZ21/pdb/21_3dRNA_4_solution.pdb /work/data/finished/PZ21/pdb/21_3dRNA_4_refined.pdb
2026-03-10 00:31:03 	 Docker exit code: 0
2026-03-10 00:31:03 	 Docker output length: 345
2026-03-10 00:31:03 	 Saved CSV: PZ21,3dRNA_4,3dRNA,4,refined_pair,0.5011856786864703,0.5853694070049635,0,21_3dRNA_4_solution.pdb,21_3dRNA_4_refined.pdb
2026-03-10 00:31:03 	 RUN refined_pair target=21_3dRNA_5_solution.pdb model=21_3dRNA_5_refined.pdb -> id=3dRNA_5
2026-03-10 00:31:03 	 Docker cmd: docker run --rm -v D:\Studia\Projekty\gsp-lab:/work -v D:\Studia\Projekty\RNA_assessment:/rna_assessment -e RNA_ASSESSMENT_ROOT=/rna_assessment -e PYTHONPATH=/rna_assessment mcannotate-runtime python3 /work/src/utils/INF.py /work/data/finished/PZ21/pdb/21_3dRNA_5_solution.pdb /work/data/finished/PZ21/pdb/21_3dRNA_5_refined.pdb
2026-03-10 00:31:05 	 Docker exit code: 0
2026-03-10 00:31:05 	 Docker output length: 345
2026-03-10 00:31:05 	 Saved CSV: PZ21,3dRNA_5,3dRNA,5,refined_pair,0.5229763603684908,0.5853694070049635,0,21_3dRNA_5_solution.pdb,21_3dRNA_5_refined.pdb
2026-03-10 00:31:05 	 RUN refined_pair target=21_Adamiak_1_solution.pdb model=21_Adamiak_1_refined.pdb -> id=Adamiak_1
2026-03-10 00:31:05 	 Docker cmd: docker run --rm -v D:\Studia\Projekty\gsp-lab:/work -v D:\Studia\Projekty\RNA_assessment:/rna_assessment -e RNA_ASSESSMENT_ROOT=/rna_assessment -e PYTHONPATH=/rna_assessment mcannotate-runtime python3 /work/src/utils/INF.py /work/data/finished/PZ21/pdb/21_Adamiak_1_solution.pdb /work/data/finished/PZ21/pdb/21_Adamiak_1_refined.pdb
2026-03-10 00:31:08 	 Docker exit code: 0
2026-03-10 00:31:08 	 Docker output length: 351
2026-03-10 00:31:08 	 Saved CSV: PZ21,Adamiak_1,Adamiak,1,refined_pair,0.5216505933704916,0.8807048459279792,0,21_Adamiak_1_solution.pdb,21_Adamiak_1_refined.pdb
2026-03-10 00:31:08 	 RUN refined_pair target=21_Adamiak_2_solution.pdb model=21_Adamiak_2_refined.pdb -> id=Adamiak_2
2026-03-10 00:31:08 	 Docker cmd: docker run --rm -v D:\Studia\Projekty\gsp-lab:/work -v D:\Studia\Projekty\RNA_assessment:/rna_assessment -e RNA_ASSESSMENT_ROOT=/rna_assessment -e PYTHONPATH=/rna_assessment mcannotate-runtime python3 /work/src/utils/INF.py /work/data/finished/PZ21/pdb/21_Adamiak_2_solution.pdb /work/data/finished/PZ21/pdb/21_Adamiak_2_refined.pdb
2026-03-10 00:31:11 	 Docker exit code: 0
2026-03-10 00:31:11 	 Docker output length: 367
2026-03-10 00:31:11 	 Saved CSV: PZ21,Adamiak_2,Adamiak,2,refined_pair,0.5443310539518174,0.8807048459279792,0.22360679774997896,21_Adamiak_2_solution.pdb,21_Adamiak_2_refined.pdb
2026-03-10 00:31:11 	 RUN refined_pair target=21_Adamiak_3_solution.pdb model=21_Adamiak_3_refined.pdb -> id=Adamiak_3
2026-03-10 00:31:11 	 Docker cmd: docker run --rm -v D:\Studia\Projekty\gsp-lab:/work -v D:\Studia\Projekty\RNA_assessment:/rna_assessment -e RNA_ASSESSMENT_ROOT=/rna_assessment -e PYTHONPATH=/rna_assessment mcannotate-runtime python3 /work/src/utils/INF.py /work/data/finished/PZ21/pdb/21_Adamiak_3_solution.pdb /work/data/finished/PZ21/pdb/21_Adamiak_3_refined.pdb
2026-03-10 00:31:14 	 Docker exit code: 0
2026-03-10 00:31:14 	 Docker output length: 367
2026-03-10 00:31:14 	 Saved CSV: PZ21,Adamiak_3,Adamiak,3,refined_pair,0.5601120336112039,0.9198662110077999,0.22360679774997896,21_Adamiak_3_solution.pdb,21_Adamiak_3_refined.pdb
2026-03-10 00:31:14 	 RUN refined_pair target=21_Adamiak_4_solution.pdb model=21_Adamiak_4_refined.pdb -> id=Adamiak_4
2026-03-10 00:31:14 	 Docker cmd: docker run --rm -v D:\Studia\Projekty\gsp-lab:/work -v D:\Studia\Projekty\RNA_assessment:/rna_assessment -e RNA_ASSESSMENT_ROOT=/rna_assessment -e PYTHONPATH=/rna_assessment mcannotate-runtime python3 /work/src/utils/INF.py /work/data/finished/PZ21/pdb/21_Adamiak_4_solution.pdb /work/data/finished/PZ21/pdb/21_Adamiak_4_refined.pdb
2026-03-10 00:31:17 	 Docker exit code: 0
2026-03-10 00:31:17 	 Docker output length: 368
2026-03-10 00:31:17 	 Saved CSV: PZ21,Adamiak_4,Adamiak,4,refined_pair,0.5520524474738834,0.9198662110077999,0.22360679774997896,21_Adamiak_4_solution.pdb,21_Adamiak_4_refined.pdb
2026-03-10 00:31:17 	 RUN refined_pair target=21_Adamiak_5_solution.pdb model=21_Adamiak_5_refined.pdb -> id=Adamiak_5
2026-03-10 00:31:17 	 Docker cmd: docker run --rm -v D:\Studia\Projekty\gsp-lab:/work -v D:\Studia\Projekty\RNA_assessment:/rna_assessment -e RNA_ASSESSMENT_ROOT=/rna_assessment -e PYTHONPATH=/rna_assessment mcannotate-runtime python3 /work/src/utils/INF.py /work/data/finished/PZ21/pdb/21_Adamiak_5_solution.pdb /work/data/finished/PZ21/pdb/21_Adamiak_5_refined.pdb
2026-03-10 00:31:19 	 Docker exit code: 0
2026-03-10 00:31:19 	 Docker output length: 351
2026-03-10 00:31:19 	 Saved CSV: PZ21,Adamiak_5,Adamiak,5,refined_pair,0.5532940079733913,0.9198662110077999,-1,21_Adamiak_5_solution.pdb,21_Adamiak_5_refined.pdb
2026-03-10 00:31:19 	 RUN refined_pair target=21_Bujnicki_1_solution.pdb model=21_Bujnicki_1_refined.pdb -> id=Bujnicki_1
2026-03-10 00:31:19 	 Docker cmd: docker run --rm -v D:\Studia\Projekty\gsp-lab:/work -v D:\Studia\Projekty\RNA_assessment:/rna_assessment -e RNA_ASSESSMENT_ROOT=/rna_assessment -e PYTHONPATH=/rna_assessment mcannotate-runtime python3 /work/src/utils/INF.py /work/data/finished/PZ21/pdb/21_Bujnicki_1_solution.pdb /work/data/finished/PZ21/pdb/21_Bujnicki_1_refined.pdb
2026-03-10 00:31:22 	 Docker exit code: 0
2026-03-10 00:31:22 	 Docker output length: 351
2026-03-10 00:31:22 	 Saved CSV: PZ21,Bujnicki_1,Bujnicki,1,refined_pair,0.6481812160876687,0.8362420100070908,0,21_Bujnicki_1_solution.pdb,21_Bujnicki_1_refined.pdb
2026-03-10 00:31:22 	 RUN refined_pair target=21_Bujnicki_2_solution.pdb model=21_Bujnicki_2_refined.pdb -> id=Bujnicki_2
2026-03-10 00:31:22 	 Docker cmd: docker run --rm -v D:\Studia\Projekty\gsp-lab:/work -v D:\Studia\Projekty\RNA_assessment:/rna_assessment -e RNA_ASSESSMENT_ROOT=/rna_assessment -e PYTHONPATH=/rna_assessment mcannotate-runtime python3 /work/src/utils/INF.py /work/data/finished/PZ21/pdb/21_Bujnicki_2_solution.pdb /work/data/finished/PZ21/pdb/21_Bujnicki_2_refined.pdb
2026-03-10 00:31:25 	 Docker exit code: 0
2026-03-10 00:31:25 	 Docker output length: 351
2026-03-10 00:31:25 	 Saved CSV: PZ21,Bujnicki_2,Bujnicki,2,refined_pair,0.6666666666666666,0.8461538461538461,0,21_Bujnicki_2_solution.pdb,21_Bujnicki_2_refined.pdb
2026-03-10 00:31:25 	 RUN refined_pair target=21_Bujnicki_3_solution.pdb model=21_Bujnicki_3_refined.pdb -> id=Bujnicki_3
2026-03-10 00:31:25 	 Docker cmd: docker run --rm -v D:\Studia\Projekty\gsp-lab:/work -v D:\Studia\Projekty\RNA_assessment:/rna_assessment -e RNA_ASSESSMENT_ROOT=/rna_assessment -e PYTHONPATH=/rna_assessment mcannotate-runtime python3 /work/src/utils/INF.py /work/data/finished/PZ21/pdb/21_Bujnicki_3_solution.pdb /work/data/finished/PZ21/pdb/21_Bujnicki_3_refined.pdb
2026-03-10 00:31:28 	 Docker exit code: 0
2026-03-10 00:31:28 	 Docker output length: 355
2026-03-10 00:31:28 	 Saved CSV: PZ21,Bujnicki_3,Bujnicki,3,refined_pair,0.42592592592592593,0.41602514716892186,0,21_Bujnicki_3_solution.pdb,21_Bujnicki_3_refined.pdb
2026-03-10 00:31:28 	 RUN refined_pair target=21_Bujnicki_4_solution.pdb model=21_Bujnicki_4_refined.pdb -> id=Bujnicki_4
2026-03-10 00:31:28 	 Docker cmd: docker run --rm -v D:\Studia\Projekty\gsp-lab:/work -v D:\Studia\Projekty\RNA_assessment:/rna_assessment -e RNA_ASSESSMENT_ROOT=/rna_assessment -e PYTHONPATH=/rna_assessment mcannotate-runtime python3 /work/src/utils/INF.py /work/data/finished/PZ21/pdb/21_Bujnicki_4_solution.pdb /work/data/finished/PZ21/pdb/21_Bujnicki_4_refined.pdb
2026-03-10 00:31:31 	 Docker exit code: 0
2026-03-10 00:31:31 	 Docker output length: 352
2026-03-10 00:31:31 	 Saved CSV: PZ21,Bujnicki_4,Bujnicki,4,refined_pair,0.6415330278717848,0.8807048459279792,0,21_Bujnicki_4_solution.pdb,21_Bujnicki_4_refined.pdb
2026-03-10 00:31:31 	 RUN refined_pair target=21_Bujnicki_5_solution.pdb model=21_Bujnicki_5_refined.pdb -> id=Bujnicki_5
2026-03-10 00:31:31 	 Docker cmd: docker run --rm -v D:\Studia\Projekty\gsp-lab:/work -v D:\Studia\Projekty\RNA_assessment:/rna_assessment -e RNA_ASSESSMENT_ROOT=/rna_assessment -e PYTHONPATH=/rna_assessment mcannotate-runtime python3 /work/src/utils/INF.py /work/data/finished/PZ21/pdb/21_Bujnicki_5_solution.pdb /work/data/finished/PZ21/pdb/21_Bujnicki_5_refined.pdb
2026-03-10 00:31:34 	 Docker exit code: 0
2026-03-10 00:31:34 	 Docker output length: 338
2026-03-10 00:31:34 	 Saved CSV: PZ21,Bujnicki_5,Bujnicki,5,refined_pair,0.3527912569399912,0,0,21_Bujnicki_5_solution.pdb,21_Bujnicki_5_refined.pdb
2026-03-10 00:31:34 	 RUN refined_pair target=21_ChenHighLig_1_solution.pdb model=21_ChenHighLig_1_refined.pdb -> id=ChenHighLig_1
2026-03-10 00:31:34 	 Docker cmd: docker run --rm -v D:\Studia\Projekty\gsp-lab:/work -v D:\Studia\Projekty\RNA_assessment:/rna_assessment -e RNA_ASSESSMENT_ROOT=/rna_assessment -e PYTHONPATH=/rna_assessment mcannotate-runtime python3 /work/src/utils/INF.py /work/data/finished/PZ21/pdb/21_ChenHighLig_1_solution.pdb /work/data/finished/PZ21/pdb/21_ChenHighLig_1_refined.pdb
2026-03-10 00:31:37 	 Docker exit code: 0
2026-03-10 00:31:37 	 Docker output length: 358
2026-03-10 00:31:37 	 Saved CSV: PZ21,ChenHighLig_1,ChenHighLig,1,refined_pair,0.6550404675929551,0.9198662110077999,0,21_ChenHighLig_1_solution.pdb,21_ChenHighLig_1_refined.pdb
2026-03-10 00:31:37 	 RUN refined_pair target=21_ChenHighLig_2_solution.pdb model=21_ChenHighLig_2_refined.pdb -> id=ChenHighLig_2
2026-03-10 00:31:37 	 Docker cmd: docker run --rm -v D:\Studia\Projekty\gsp-lab:/work -v D:\Studia\Projekty\RNA_assessment:/rna_assessment -e RNA_ASSESSMENT_ROOT=/rna_assessment -e PYTHONPATH=/rna_assessment mcannotate-runtime python3 /work/src/utils/INF.py /work/data/finished/PZ21/pdb/21_ChenHighLig_2_solution.pdb /work/data/finished/PZ21/pdb/21_ChenHighLig_2_refined.pdb
2026-03-10 00:31:40 	 Docker exit code: 0
2026-03-10 00:31:40 	 Docker output length: 359
2026-03-10 00:31:40 	 Saved CSV: PZ21,ChenHighLig_2,ChenHighLig,2,refined_pair,0.6433252332435133,0.8153742483272113,0,21_ChenHighLig_2_solution.pdb,21_ChenHighLig_2_refined.pdb
2026-03-10 00:31:40 	 RUN refined_pair target=21_ChenHighLig_3_solution.pdb model=21_ChenHighLig_3_refined.pdb -> id=ChenHighLig_3
2026-03-10 00:31:40 	 Docker cmd: docker run --rm -v D:\Studia\Projekty\gsp-lab:/work -v D:\Studia\Projekty\RNA_assessment:/rna_assessment -e RNA_ASSESSMENT_ROOT=/rna_assessment -e PYTHONPATH=/rna_assessment mcannotate-runtime python3 /work/src/utils/INF.py /work/data/finished/PZ21/pdb/21_ChenHighLig_3_solution.pdb /work/data/finished/PZ21/pdb/21_ChenHighLig_3_refined.pdb
2026-03-10 00:31:43 	 Docker exit code: 0
2026-03-10 00:31:43 	 Docker output length: 358
2026-03-10 00:31:43 	 Saved CSV: PZ21,ChenHighLig_3,ChenHighLig,3,refined_pair,0.5669467095138409,0.9198662110077999,0,21_ChenHighLig_3_solution.pdb,21_ChenHighLig_3_refined.pdb
2026-03-10 00:31:43 	 RUN refined_pair target=21_ChenHighLig_4_solution.pdb model=21_ChenHighLig_4_refined.pdb -> id=ChenHighLig_4
2026-03-10 00:31:43 	 Docker cmd: docker run --rm -v D:\Studia\Projekty\gsp-lab:/work -v D:\Studia\Projekty\RNA_assessment:/rna_assessment -e RNA_ASSESSMENT_ROOT=/rna_assessment -e PYTHONPATH=/rna_assessment mcannotate-runtime python3 /work/src/utils/INF.py /work/data/finished/PZ21/pdb/21_ChenHighLig_4_solution.pdb /work/data/finished/PZ21/pdb/21_ChenHighLig_4_refined.pdb
2026-03-10 00:31:45 	 Docker exit code: 0
2026-03-10 00:31:45 	 Docker output length: 358
2026-03-10 00:31:45 	 Saved CSV: PZ21,ChenHighLig_4,ChenHighLig,4,refined_pair,0.5499719409228703,0.8770580193070292,0,21_ChenHighLig_4_solution.pdb,21_ChenHighLig_4_refined.pdb
2026-03-10 00:31:45 	 RUN refined_pair target=21_ChenHighLig_5_solution.pdb model=21_ChenHighLig_5_refined.pdb -> id=ChenHighLig_5
2026-03-10 00:31:45 	 Docker cmd: docker run --rm -v D:\Studia\Projekty\gsp-lab:/work -v D:\Studia\Projekty\RNA_assessment:/rna_assessment -e RNA_ASSESSMENT_ROOT=/rna_assessment -e PYTHONPATH=/rna_assessment mcannotate-runtime python3 /work/src/utils/INF.py /work/data/finished/PZ21/pdb/21_ChenHighLig_5_solution.pdb /work/data/finished/PZ21/pdb/21_ChenHighLig_5_refined.pdb
2026-03-10 00:31:49 	 Docker exit code: 0
2026-03-10 00:31:49 	 Docker output length: 358
2026-03-10 00:31:49 	 Saved CSV: PZ21,ChenHighLig_5,ChenHighLig,5,refined_pair,0.6225728063646904,0.8807048459279792,0,21_ChenHighLig_5_solution.pdb,21_ChenHighLig_5_refined.pdb
2026-03-10 00:31:49 	 RUN refined_pair target=21_ChenLowLig_1_solution.pdb model=21_ChenLowLig_1_refined.pdb -> id=ChenLowLig_1
2026-03-10 00:31:49 	 Docker cmd: docker run --rm -v D:\Studia\Projekty\gsp-lab:/work -v D:\Studia\Projekty\RNA_assessment:/rna_assessment -e RNA_ASSESSMENT_ROOT=/rna_assessment -e PYTHONPATH=/rna_assessment mcannotate-runtime python3 /work/src/utils/INF.py /work/data/finished/PZ21/pdb/21_ChenLowLig_1_solution.pdb /work/data/finished/PZ21/pdb/21_ChenLowLig_1_refined.pdb
2026-03-10 00:31:51 	 Docker exit code: 0
2026-03-10 00:31:51 	 Docker output length: 356
2026-03-10 00:31:51 	 Saved CSV: PZ21,ChenLowLig_1,ChenLowLig,1,refined_pair,0.6550404675929551,0.9198662110077999,0,21_ChenLowLig_1_solution.pdb,21_ChenLowLig_1_refined.pdb
2026-03-10 00:31:51 	 RUN refined_pair target=21_ChenLowLig_2_solution.pdb model=21_ChenLowLig_2_refined.pdb -> id=ChenLowLig_2
2026-03-10 00:31:51 	 Docker cmd: docker run --rm -v D:\Studia\Projekty\gsp-lab:/work -v D:\Studia\Projekty\RNA_assessment:/rna_assessment -e RNA_ASSESSMENT_ROOT=/rna_assessment -e PYTHONPATH=/rna_assessment mcannotate-runtime python3 /work/src/utils/INF.py /work/data/finished/PZ21/pdb/21_ChenLowLig_2_solution.pdb /work/data/finished/PZ21/pdb/21_ChenLowLig_2_refined.pdb
2026-03-10 00:31:55 	 Docker exit code: 0
2026-03-10 00:31:55 	 Docker output length: 356
2026-03-10 00:31:55 	 Saved CSV: PZ21,ChenLowLig_2,ChenLowLig,2,refined_pair,0.6433252332435133,0.8153742483272113,0,21_ChenLowLig_2_solution.pdb,21_ChenLowLig_2_refined.pdb
2026-03-10 00:31:55 	 RUN refined_pair target=21_ChenLowLig_3_solution.pdb model=21_ChenLowLig_3_refined.pdb -> id=ChenLowLig_3
2026-03-10 00:31:55 	 Docker cmd: docker run --rm -v D:\Studia\Projekty\gsp-lab:/work -v D:\Studia\Projekty\RNA_assessment:/rna_assessment -e RNA_ASSESSMENT_ROOT=/rna_assessment -e PYTHONPATH=/rna_assessment mcannotate-runtime python3 /work/src/utils/INF.py /work/data/finished/PZ21/pdb/21_ChenLowLig_3_solution.pdb /work/data/finished/PZ21/pdb/21_ChenLowLig_3_refined.pdb
2026-03-10 00:31:57 	 Docker exit code: 0
2026-03-10 00:31:57 	 Docker output length: 357
2026-03-10 00:31:57 	 Saved CSV: PZ21,ChenLowLig_3,ChenLowLig,3,refined_pair,0.5669467095138409,0.9198662110077999,0,21_ChenLowLig_3_solution.pdb,21_ChenLowLig_3_refined.pdb
2026-03-10 00:31:57 	 RUN refined_pair target=21_ChenLowLig_4_solution.pdb model=21_ChenLowLig_4_refined.pdb -> id=ChenLowLig_4
2026-03-10 00:31:57 	 Docker cmd: docker run --rm -v D:\Studia\Projekty\gsp-lab:/work -v D:\Studia\Projekty\RNA_assessment:/rna_assessment -e RNA_ASSESSMENT_ROOT=/rna_assessment -e PYTHONPATH=/rna_assessment mcannotate-runtime python3 /work/src/utils/INF.py /work/data/finished/PZ21/pdb/21_ChenLowLig_4_solution.pdb /work/data/finished/PZ21/pdb/21_ChenLowLig_4_refined.pdb
2026-03-10 00:32:00 	 Docker exit code: 0
2026-03-10 00:32:00 	 Docker output length: 356
2026-03-10 00:32:00 	 Saved CSV: PZ21,ChenLowLig_4,ChenLowLig,4,refined_pair,0.5499719409228703,0.8770580193070292,0,21_ChenLowLig_4_solution.pdb,21_ChenLowLig_4_refined.pdb
2026-03-10 00:32:00 	 RUN refined_pair target=21_ChenLowLig_5_solution.pdb model=21_ChenLowLig_5_refined.pdb -> id=ChenLowLig_5
2026-03-10 00:32:00 	 Docker cmd: docker run --rm -v D:\Studia\Projekty\gsp-lab:/work -v D:\Studia\Projekty\RNA_assessment:/rna_assessment -e RNA_ASSESSMENT_ROOT=/rna_assessment -e PYTHONPATH=/rna_assessment mcannotate-runtime python3 /work/src/utils/INF.py /work/data/finished/PZ21/pdb/21_ChenLowLig_5_solution.pdb /work/data/finished/PZ21/pdb/21_ChenLowLig_5_refined.pdb
2026-03-10 00:32:03 	 Docker exit code: 0
2026-03-10 00:32:03 	 Docker output length: 356
2026-03-10 00:32:03 	 Saved CSV: PZ21,ChenLowLig_5,ChenLowLig,5,refined_pair,0.6225728063646904,0.8807048459279792,0,21_ChenLowLig_5_solution.pdb,21_ChenLowLig_5_refined.pdb
2026-03-10 00:32:03 	 RUN refined_pair target=21_Das_1_solution.pdb model=21_Das_1_refined.pdb -> id=Das_1
2026-03-10 00:32:03 	 Docker cmd: docker run --rm -v D:\Studia\Projekty\gsp-lab:/work -v D:\Studia\Projekty\RNA_assessment:/rna_assessment -e RNA_ASSESSMENT_ROOT=/rna_assessment -e PYTHONPATH=/rna_assessment mcannotate-runtime python3 /work/src/utils/INF.py /work/data/finished/PZ21/pdb/21_Das_1_solution.pdb /work/data/finished/PZ21/pdb/21_Das_1_refined.pdb
2026-03-10 00:32:06 	 Docker exit code: 0
2026-03-10 00:32:06 	 Docker output length: 342
2026-03-10 00:32:06 	 Saved CSV: PZ21,Das_1,Das,1,refined_pair,0.6238794669049377,0.8461538461538461,0,21_Das_1_solution.pdb,21_Das_1_refined.pdb
2026-03-10 00:32:06 	 RUN refined_pair target=21_Das_2_solution.pdb model=21_Das_2_refined.pdb -> id=Das_2
2026-03-10 00:32:06 	 Docker cmd: docker run --rm -v D:\Studia\Projekty\gsp-lab:/work -v D:\Studia\Projekty\RNA_assessment:/rna_assessment -e RNA_ASSESSMENT_ROOT=/rna_assessment -e PYTHONPATH=/rna_assessment mcannotate-runtime python3 /work/src/utils/INF.py /work/data/finished/PZ21/pdb/21_Das_2_solution.pdb /work/data/finished/PZ21/pdb/21_Das_2_refined.pdb
2026-03-10 00:32:09 	 Docker exit code: 0
2026-03-10 00:32:09 	 Docker output length: 342
2026-03-10 00:32:09 	 Saved CSV: PZ21,Das_2,Das,2,refined_pair,0.6488856845230502,0.8807048459279792,0,21_Das_2_solution.pdb,21_Das_2_refined.pdb
2026-03-10 00:32:09 	 RUN refined_pair target=21_Das_3_solution.pdb model=21_Das_3_refined.pdb -> id=Das_3
2026-03-10 00:32:09 	 Docker cmd: docker run --rm -v D:\Studia\Projekty\gsp-lab:/work -v D:\Studia\Projekty\RNA_assessment:/rna_assessment -e RNA_ASSESSMENT_ROOT=/rna_assessment -e PYTHONPATH=/rna_assessment mcannotate-runtime python3 /work/src/utils/INF.py /work/data/finished/PZ21/pdb/21_Das_3_solution.pdb /work/data/finished/PZ21/pdb/21_Das_3_refined.pdb
2026-03-10 00:32:12 	 Docker exit code: 0
2026-03-10 00:32:12 	 Docker output length: 342
2026-03-10 00:32:12 	 Saved CSV: PZ21,Das_3,Das,3,refined_pair,0.5504818825631803,0.9198662110077999,0,21_Das_3_solution.pdb,21_Das_3_refined.pdb
2026-03-10 00:32:12 	 RUN refined_pair target=21_Das_4_solution.pdb model=21_Das_4_refined.pdb -> id=Das_4
2026-03-10 00:32:12 	 Docker cmd: docker run --rm -v D:\Studia\Projekty\gsp-lab:/work -v D:\Studia\Projekty\RNA_assessment:/rna_assessment -e RNA_ASSESSMENT_ROOT=/rna_assessment -e PYTHONPATH=/rna_assessment mcannotate-runtime python3 /work/src/utils/INF.py /work/data/finished/PZ21/pdb/21_Das_4_solution.pdb /work/data/finished/PZ21/pdb/21_Das_4_refined.pdb
2026-03-10 00:32:14 	 Docker exit code: 0
2026-03-10 00:32:14 	 Docker output length: 338
2026-03-10 00:32:14 	 Saved CSV: PZ21,Das_4,Das,4,refined_pair,0.6478835438717,0.8807048459279792,0,21_Das_4_solution.pdb,21_Das_4_refined.pdb
2026-03-10 00:32:14 	 RUN refined_pair target=21_Das_5_solution.pdb model=21_Das_5_refined.pdb -> id=Das_5
2026-03-10 00:32:14 	 Docker cmd: docker run --rm -v D:\Studia\Projekty\gsp-lab:/work -v D:\Studia\Projekty\RNA_assessment:/rna_assessment -e RNA_ASSESSMENT_ROOT=/rna_assessment -e PYTHONPATH=/rna_assessment mcannotate-runtime python3 /work/src/utils/INF.py /work/data/finished/PZ21/pdb/21_Das_5_solution.pdb /work/data/finished/PZ21/pdb/21_Das_5_refined.pdb
2026-03-10 00:32:17 	 Docker exit code: 0
2026-03-10 00:32:17 	 Docker output length: 358
2026-03-10 00:32:17 	 Saved CSV: PZ21,Das_5,Das,5,refined_pair,0.7290038003196575,0.8461538461538461,0.38138503569823695,21_Das_5_solution.pdb,21_Das_5_refined.pdb
2026-03-10 00:32:17 	 RUN refined_pair target=21_DasLORES_1_solution.pdb model=21_DasLORES_1_refined.pdb -> id=DasLORES_1
2026-03-10 00:32:17 	 Docker cmd: docker run --rm -v D:\Studia\Projekty\gsp-lab:/work -v D:\Studia\Projekty\RNA_assessment:/rna_assessment -e RNA_ASSESSMENT_ROOT=/rna_assessment -e PYTHONPATH=/rna_assessment mcannotate-runtime python3 /work/src/utils/INF.py /work/data/finished/PZ21/pdb/21_DasLORES_1_solution.pdb /work/data/finished/PZ21/pdb/21_DasLORES_1_refined.pdb
2026-03-10 00:32:20 	 Docker exit code: 0
2026-03-10 00:32:20 	 Docker output length: 367
2026-03-10 00:32:20 	 Saved CSV: PZ21,DasLORES_1,DasLORES,1,refined_pair,0.7660323462854265,0.8807048459279792,0.4242640687119285,21_DasLORES_1_solution.pdb,21_DasLORES_1_refined.pdb
2026-03-10 00:32:20 	 RUN refined_pair target=21_DasLORES_2_solution.pdb model=21_DasLORES_2_refined.pdb -> id=DasLORES_2
2026-03-10 00:32:20 	 Docker cmd: docker run --rm -v D:\Studia\Projekty\gsp-lab:/work -v D:\Studia\Projekty\RNA_assessment:/rna_assessment -e RNA_ASSESSMENT_ROOT=/rna_assessment -e PYTHONPATH=/rna_assessment mcannotate-runtime python3 /work/src/utils/INF.py /work/data/finished/PZ21/pdb/21_DasLORES_2_solution.pdb /work/data/finished/PZ21/pdb/21_DasLORES_2_refined.pdb
2026-03-10 00:32:22 	 Docker exit code: 0
2026-03-10 00:32:22 	 Docker output length: 351
2026-03-10 00:32:22 	 Saved CSV: PZ21,DasLORES_2,DasLORES,2,refined_pair,0.6621221919717306,0.8807048459279792,0,21_DasLORES_2_solution.pdb,21_DasLORES_2_refined.pdb
2026-03-10 00:32:22 	 RUN refined_pair target=21_DasLORES_3_solution.pdb model=21_DasLORES_3_refined.pdb -> id=DasLORES_3
2026-03-10 00:32:22 	 Docker cmd: docker run --rm -v D:\Studia\Projekty\gsp-lab:/work -v D:\Studia\Projekty\RNA_assessment:/rna_assessment -e RNA_ASSESSMENT_ROOT=/rna_assessment -e PYTHONPATH=/rna_assessment mcannotate-runtime python3 /work/src/utils/INF.py /work/data/finished/PZ21/pdb/21_DasLORES_3_solution.pdb /work/data/finished/PZ21/pdb/21_DasLORES_3_refined.pdb
2026-03-10 00:32:25 	 Docker exit code: 0
2026-03-10 00:32:25 	 Docker output length: 353
2026-03-10 00:32:25 	 Saved CSV: PZ21,DasLORES_3,DasLORES,3,refined_pair,0.5954913341754137,0.8153742483272113,0,21_DasLORES_3_solution.pdb,21_DasLORES_3_refined.pdb
2026-03-10 00:32:25 	 RUN refined_pair target=21_DasLORES_4_solution.pdb model=21_DasLORES_4_refined.pdb -> id=DasLORES_4
2026-03-10 00:32:25 	 Docker cmd: docker run --rm -v D:\Studia\Projekty\gsp-lab:/work -v D:\Studia\Projekty\RNA_assessment:/rna_assessment -e RNA_ASSESSMENT_ROOT=/rna_assessment -e PYTHONPATH=/rna_assessment mcannotate-runtime python3 /work/src/utils/INF.py /work/data/finished/PZ21/pdb/21_DasLORES_4_solution.pdb /work/data/finished/PZ21/pdb/21_DasLORES_4_refined.pdb
2026-03-10 00:32:28 	 Docker exit code: 0
2026-03-10 00:32:28 	 Docker output length: 352
2026-03-10 00:32:28 	 Saved CSV: PZ21,DasLORES_4,DasLORES,4,refined_pair,0.6433252332435133,0.8807048459279792,0,21_DasLORES_4_solution.pdb,21_DasLORES_4_refined.pdb
2026-03-10 00:32:28 	 RUN refined_pair target=21_DasLORES_5_solution.pdb model=21_DasLORES_5_refined.pdb -> id=DasLORES_5
2026-03-10 00:32:28 	 Docker cmd: docker run --rm -v D:\Studia\Projekty\gsp-lab:/work -v D:\Studia\Projekty\RNA_assessment:/rna_assessment -e RNA_ASSESSMENT_ROOT=/rna_assessment -e PYTHONPATH=/rna_assessment mcannotate-runtime python3 /work/src/utils/INF.py /work/data/finished/PZ21/pdb/21_DasLORES_5_solution.pdb /work/data/finished/PZ21/pdb/21_DasLORES_5_refined.pdb
2026-03-10 00:32:31 	 Docker exit code: 0
2026-03-10 00:32:31 	 Docker output length: 351
2026-03-10 00:32:31 	 Saved CSV: PZ21,DasLORES_5,DasLORES,5,refined_pair,0.629940788348712,0.8807048459279792,0,21_DasLORES_5_solution.pdb,21_DasLORES_5_refined.pdb
2026-03-10 00:32:31 	 RUN refined_pair target=21_RNAComposer_1_solution.pdb model=21_RNAComposer_1_refined.pdb -> id=RNAComposer_1
2026-03-10 00:32:31 	 Docker cmd: docker run --rm -v D:\Studia\Projekty\gsp-lab:/work -v D:\Studia\Projekty\RNA_assessment:/rna_assessment -e RNA_ASSESSMENT_ROOT=/rna_assessment -e PYTHONPATH=/rna_assessment mcannotate-runtime python3 /work/src/utils/INF.py /work/data/finished/PZ21/pdb/21_RNAComposer_1_solution.pdb /work/data/finished/PZ21/pdb/21_RNAComposer_1_refined.pdb
2026-03-10 00:32:33 	 Docker exit code: 0
2026-03-10 00:32:33 	 Docker output length: 376
2026-03-10 00:32:33 	 Saved CSV: PZ21,RNAComposer_1,RNAComposer,1,refined_pair,0.42506550163554874,0.4385290096535146,0.18257418583505536,21_RNAComposer_1_solution.pdb,21_RNAComposer_1_refined.pdb
2026-03-10 00:32:34 	 RUN refined_pair target=21_RNAComposer_2_solution.pdb model=21_RNAComposer_2_refined.pdb -> id=RNAComposer_2
2026-03-10 00:32:34 	 Docker cmd: docker run --rm -v D:\Studia\Projekty\gsp-lab:/work -v D:\Studia\Projekty\RNA_assessment:/rna_assessment -e RNA_ASSESSMENT_ROOT=/rna_assessment -e PYTHONPATH=/rna_assessment mcannotate-runtime python3 /work/src/utils/INF.py /work/data/finished/PZ21/pdb/21_RNAComposer_2_solution.pdb /work/data/finished/PZ21/pdb/21_RNAComposer_2_refined.pdb
2026-03-10 00:32:37 	 Docker exit code: 0
2026-03-10 00:32:37 	 Docker output length: 358
2026-03-10 00:32:37 	 Saved CSV: PZ21,RNAComposer_2,RNAComposer,2,refined_pair,0.5077374035416001,0.647150228929434,0,21_RNAComposer_2_solution.pdb,21_RNAComposer_2_refined.pdb
2026-03-10 00:32:37 	 RUN refined_pair target=21_RNAComposer_3_solution.pdb model=21_RNAComposer_3_refined.pdb -> id=RNAComposer_3
2026-03-10 00:32:37 	 Docker cmd: docker run --rm -v D:\Studia\Projekty\gsp-lab:/work -v D:\Studia\Projekty\RNA_assessment:/rna_assessment -e RNA_ASSESSMENT_ROOT=/rna_assessment -e PYTHONPATH=/rna_assessment mcannotate-runtime python3 /work/src/utils/INF.py /work/data/finished/PZ21/pdb/21_RNAComposer_3_solution.pdb /work/data/finished/PZ21/pdb/21_RNAComposer_3_refined.pdb
2026-03-10 00:32:39 	 Docker exit code: 0
2026-03-10 00:32:39 	 Docker output length: 359
2026-03-10 00:32:39 	 Saved CSV: PZ21,RNAComposer_3,RNAComposer,3,refined_pair,0.5685352436149611,0.9198662110077999,0,21_RNAComposer_3_solution.pdb,21_RNAComposer_3_refined.pdb
2026-03-10 00:32:39 	 RUN refined_pair target=21_RNAComposer_4_solution.pdb model=21_RNAComposer_4_refined.pdb -> id=RNAComposer_4
2026-03-10 00:32:39 	 Docker cmd: docker run --rm -v D:\Studia\Projekty\gsp-lab:/work -v D:\Studia\Projekty\RNA_assessment:/rna_assessment -e RNA_ASSESSMENT_ROOT=/rna_assessment -e PYTHONPATH=/rna_assessment mcannotate-runtime python3 /work/src/utils/INF.py /work/data/finished/PZ21/pdb/21_RNAComposer_4_solution.pdb /work/data/finished/PZ21/pdb/21_RNAComposer_4_refined.pdb
2026-03-10 00:32:42 	 Docker exit code: 0
2026-03-10 00:32:42 	 Docker output length: 358
2026-03-10 00:32:42 	 Saved CSV: PZ21,RNAComposer_4,RNAComposer,4,refined_pair,0.567011514533143,0.9198662110077999,0,21_RNAComposer_4_solution.pdb,21_RNAComposer_4_refined.pdb
2026-03-10 00:32:42 	 RUN refined_pair target=21_RNAComposer_5_solution.pdb model=21_RNAComposer_5_refined.pdb -> id=RNAComposer_5
2026-03-10 00:32:42 	 Docker cmd: docker run --rm -v D:\Studia\Projekty\gsp-lab:/work -v D:\Studia\Projekty\RNA_assessment:/rna_assessment -e RNA_ASSESSMENT_ROOT=/rna_assessment -e PYTHONPATH=/rna_assessment mcannotate-runtime python3 /work/src/utils/INF.py /work/data/finished/PZ21/pdb/21_RNAComposer_5_solution.pdb /work/data/finished/PZ21/pdb/21_RNAComposer_5_refined.pdb
2026-03-10 00:32:44 	 Docker exit code: 0
2026-03-10 00:32:44 	 Docker output length: 360
2026-03-10 00:32:44 	 Saved CSV: PZ21,RNAComposer_5,RNAComposer,5,refined_pair,0.48880881334855936,0.5853694070049635,0,21_RNAComposer_5_solution.pdb,21_RNAComposer_5_refined.pdb
2026-03-10 00:32:44 	 RUN refined_pair target=21_RW3D_1_solution.pdb model=21_RW3D_1_refined.pdb -> id=RW3D_1
2026-03-10 00:32:44 	 Docker cmd: docker run --rm -v D:\Studia\Projekty\gsp-lab:/work -v D:\Studia\Projekty\RNA_assessment:/rna_assessment -e RNA_ASSESSMENT_ROOT=/rna_assessment -e PYTHONPATH=/rna_assessment mcannotate-runtime python3 /work/src/utils/INF.py /work/data/finished/PZ21/pdb/21_RW3D_1_solution.pdb /work/data/finished/PZ21/pdb/21_RW3D_1_refined.pdb
2026-03-10 00:32:47 	 Docker exit code: 0
2026-03-10 00:32:47 	 Docker output length: 345
2026-03-10 00:32:47 	 Saved CSV: PZ21,RW3D_1,RW3D,1,refined_pair,0.4358009644552832,0.5188745216627708,0,21_RW3D_1_solution.pdb,21_RW3D_1_refined.pdb
2026-03-10 00:32:47 	 RUN refined_pair target=21_RW3D_10_solution.pdb model=21_RW3D_10_refined.pdb -> id=RW3D_10
2026-03-10 00:32:47 	 Docker cmd: docker run --rm -v D:\Studia\Projekty\gsp-lab:/work -v D:\Studia\Projekty\RNA_assessment:/rna_assessment -e RNA_ASSESSMENT_ROOT=/rna_assessment -e PYTHONPATH=/rna_assessment mcannotate-runtime python3 /work/src/utils/INF.py /work/data/finished/PZ21/pdb/21_RW3D_10_solution.pdb /work/data/finished/PZ21/pdb/21_RW3D_10_refined.pdb
2026-03-10 00:32:50 	 Docker exit code: 0
2026-03-10 00:32:50 	 Docker output length: 347
2026-03-10 00:32:50 	 Saved CSV: PZ21,RW3D_10,RW3D,10,refined_pair,0.5333964609104418,0.5384615384615384,0,21_RW3D_10_solution.pdb,21_RW3D_10_refined.pdb
2026-03-10 00:32:50 	 RUN refined_pair target=21_RW3D_2_solution.pdb model=21_RW3D_2_refined.pdb -> id=RW3D_2
2026-03-10 00:32:50 	 Docker cmd: docker run --rm -v D:\Studia\Projekty\gsp-lab:/work -v D:\Studia\Projekty\RNA_assessment:/rna_assessment -e RNA_ASSESSMENT_ROOT=/rna_assessment -e PYTHONPATH=/rna_assessment mcannotate-runtime python3 /work/src/utils/INF.py /work/data/finished/PZ21/pdb/21_RW3D_2_solution.pdb /work/data/finished/PZ21/pdb/21_RW3D_2_refined.pdb
2026-03-10 00:32:53 	 Docker exit code: 0
2026-03-10 00:32:53 	 Docker output length: 344
2026-03-10 00:32:53 	 Saved CSV: PZ21,RW3D_2,RW3D,2,refined_pair,0.48686449556014766,0.5384615384615384,0,21_RW3D_2_solution.pdb,21_RW3D_2_refined.pdb
2026-03-10 00:32:53 	 RUN refined_pair target=21_RW3D_3_solution.pdb model=21_RW3D_3_refined.pdb -> id=RW3D_3
2026-03-10 00:32:53 	 Docker cmd: docker run --rm -v D:\Studia\Projekty\gsp-lab:/work -v D:\Studia\Projekty\RNA_assessment:/rna_assessment -e RNA_ASSESSMENT_ROOT=/rna_assessment -e PYTHONPATH=/rna_assessment mcannotate-runtime python3 /work/src/utils/INF.py /work/data/finished/PZ21/pdb/21_RW3D_3_solution.pdb /work/data/finished/PZ21/pdb/21_RW3D_3_refined.pdb
2026-03-10 00:32:56 	 Docker exit code: 0
2026-03-10 00:32:56 	 Docker output length: 345
2026-03-10 00:32:56 	 Saved CSV: PZ21,RW3D_3,RW3D,3,refined_pair,0.48686449556014766,0.5188745216627708,0,21_RW3D_3_solution.pdb,21_RW3D_3_refined.pdb
2026-03-10 00:32:56 	 RUN refined_pair target=21_RW3D_4_solution.pdb model=21_RW3D_4_refined.pdb -> id=RW3D_4
2026-03-10 00:32:56 	 Docker cmd: docker run --rm -v D:\Studia\Projekty\gsp-lab:/work -v D:\Studia\Projekty\RNA_assessment:/rna_assessment -e RNA_ASSESSMENT_ROOT=/rna_assessment -e PYTHONPATH=/rna_assessment mcannotate-runtime python3 /work/src/utils/INF.py /work/data/finished/PZ21/pdb/21_RW3D_4_solution.pdb /work/data/finished/PZ21/pdb/21_RW3D_4_refined.pdb
2026-03-10 00:32:59 	 Docker exit code: 0
2026-03-10 00:32:59 	 Docker output length: 344
2026-03-10 00:32:59 	 Saved CSV: PZ21,RW3D_4,RW3D,4,refined_pair,0.510688230856951,0.5384615384615384,0,21_RW3D_4_solution.pdb,21_RW3D_4_refined.pdb
2026-03-10 00:32:59 	 RUN refined_pair target=21_RW3D_5_solution.pdb model=21_RW3D_5_refined.pdb -> id=RW3D_5
2026-03-10 00:32:59 	 Docker cmd: docker run --rm -v D:\Studia\Projekty\gsp-lab:/work -v D:\Studia\Projekty\RNA_assessment:/rna_assessment -e RNA_ASSESSMENT_ROOT=/rna_assessment -e PYTHONPATH=/rna_assessment mcannotate-runtime python3 /work/src/utils/INF.py /work/data/finished/PZ21/pdb/21_RW3D_5_solution.pdb /work/data/finished/PZ21/pdb/21_RW3D_5_refined.pdb
2026-03-10 00:33:01 	 Docker exit code: 0
2026-03-10 00:33:01 	 Docker output length: 346
2026-03-10 00:33:01 	 Saved CSV: PZ21,RW3D_5,RW3D,5,refined_pair,0.4303314829119352,0.5384615384615384,0,21_RW3D_5_solution.pdb,21_RW3D_5_refined.pdb
2026-03-10 00:33:01 	 RUN refined_pair target=21_RW3D_6_solution.pdb model=21_RW3D_6_refined.pdb -> id=RW3D_6
2026-03-10 00:33:01 	 Docker cmd: docker run --rm -v D:\Studia\Projekty\gsp-lab:/work -v D:\Studia\Projekty\RNA_assessment:/rna_assessment -e RNA_ASSESSMENT_ROOT=/rna_assessment -e PYTHONPATH=/rna_assessment mcannotate-runtime python3 /work/src/utils/INF.py /work/data/finished/PZ21/pdb/21_RW3D_6_solution.pdb /work/data/finished/PZ21/pdb/21_RW3D_6_refined.pdb
2026-03-10 00:33:04 	 Docker exit code: 0
2026-03-10 00:33:04 	 Docker output length: 345
2026-03-10 00:33:04 	 Saved CSV: PZ21,RW3D_6,RW3D,6,refined_pair,0.5188106719705753,0.5384615384615384,0,21_RW3D_6_solution.pdb,21_RW3D_6_refined.pdb
2026-03-10 00:33:04 	 RUN refined_pair target=21_RW3D_7_solution.pdb model=21_RW3D_7_refined.pdb -> id=RW3D_7
2026-03-10 00:33:04 	 Docker cmd: docker run --rm -v D:\Studia\Projekty\gsp-lab:/work -v D:\Studia\Projekty\RNA_assessment:/rna_assessment -e RNA_ASSESSMENT_ROOT=/rna_assessment -e PYTHONPATH=/rna_assessment mcannotate-runtime python3 /work/src/utils/INF.py /work/data/finished/PZ21/pdb/21_RW3D_7_solution.pdb /work/data/finished/PZ21/pdb/21_RW3D_7_refined.pdb
2026-03-10 00:33:07 	 Docker exit code: 0
2026-03-10 00:33:07 	 Docker output length: 345
2026-03-10 00:33:07 	 Saved CSV: PZ21,RW3D_7,RW3D,7,refined_pair,0.48686449556014766,0.501280411827603,0,21_RW3D_7_solution.pdb,21_RW3D_7_refined.pdb
2026-03-10 00:33:07 	 RUN refined_pair target=21_RW3D_8_solution.pdb model=21_RW3D_8_refined.pdb -> id=RW3D_8
2026-03-10 00:33:07 	 Docker cmd: docker run --rm -v D:\Studia\Projekty\gsp-lab:/work -v D:\Studia\Projekty\RNA_assessment:/rna_assessment -e RNA_ASSESSMENT_ROOT=/rna_assessment -e PYTHONPATH=/rna_assessment mcannotate-runtime python3 /work/src/utils/INF.py /work/data/finished/PZ21/pdb/21_RW3D_8_solution.pdb /work/data/finished/PZ21/pdb/21_RW3D_8_refined.pdb
2026-03-10 00:33:10 	 Docker exit code: 0
2026-03-10 00:33:10 	 Docker output length: 344
2026-03-10 00:33:10 	 Saved CSV: PZ21,RW3D_8,RW3D,8,refined_pair,0.4718507154207755,0.560448538317805,0,21_RW3D_8_solution.pdb,21_RW3D_8_refined.pdb
2026-03-10 00:33:10 	 RUN refined_pair target=21_RW3D_9_solution.pdb model=21_RW3D_9_refined.pdb -> id=RW3D_9
2026-03-10 00:33:10 	 Docker cmd: docker run --rm -v D:\Studia\Projekty\gsp-lab:/work -v D:\Studia\Projekty\RNA_assessment:/rna_assessment -e RNA_ASSESSMENT_ROOT=/rna_assessment -e PYTHONPATH=/rna_assessment mcannotate-runtime python3 /work/src/utils/INF.py /work/data/finished/PZ21/pdb/21_RW3D_9_solution.pdb /work/data/finished/PZ21/pdb/21_RW3D_9_refined.pdb
2026-03-10 00:33:12 	 Docker exit code: 0
2026-03-10 00:33:12 	 Docker output length: 343
2026-03-10 00:33:12 	 Saved CSV: PZ21,RW3D_9,RW3D,9,refined_pair,0.5274365368568266,0.560448538317805,0,21_RW3D_9_solution.pdb,21_RW3D_9_refined.pdb
2026-03-10 00:33:12 	 RUN refined_pair target=21_Sanbonmatsu_1_solution.pdb model=21_Sanbonmatsu_1_refined.pdb -> id=Sanbonmatsu_1
2026-03-10 00:33:12 	 Docker cmd: docker run --rm -v D:\Studia\Projekty\gsp-lab:/work -v D:\Studia\Projekty\RNA_assessment:/rna_assessment -e RNA_ASSESSMENT_ROOT=/rna_assessment -e PYTHONPATH=/rna_assessment mcannotate-runtime python3 /work/src/utils/INF.py /work/data/finished/PZ21/pdb/21_Sanbonmatsu_1_solution.pdb /work/data/finished/PZ21/pdb/21_Sanbonmatsu_1_refined.pdb
2026-03-10 00:33:15 	 Docker exit code: 0
2026-03-10 00:33:15 	 Docker output length: 359
2026-03-10 00:33:15 	 Saved CSV: PZ21,Sanbonmatsu_1,Sanbonmatsu,1,refined_pair,0.4667600280093366,0.5853694070049635,0,21_Sanbonmatsu_1_solution.pdb,21_Sanbonmatsu_1_refined.pdb
2026-03-10 00:33:15 	 RUN refined_pair target=21_Sanbonmatsu_2_solution.pdb model=21_Sanbonmatsu_2_refined.pdb -> id=Sanbonmatsu_2
2026-03-10 00:33:15 	 Docker cmd: docker run --rm -v D:\Studia\Projekty\gsp-lab:/work -v D:\Studia\Projekty\RNA_assessment:/rna_assessment -e RNA_ASSESSMENT_ROOT=/rna_assessment -e PYTHONPATH=/rna_assessment mcannotate-runtime python3 /work/src/utils/INF.py /work/data/finished/PZ21/pdb/21_Sanbonmatsu_2_solution.pdb /work/data/finished/PZ21/pdb/21_Sanbonmatsu_2_refined.pdb
2026-03-10 00:33:16 	 Docker exit code: 0
2026-03-10 00:33:16 	 Docker output length: 359
2026-03-10 00:33:16 	 Saved CSV: PZ21,Sanbonmatsu_2,Sanbonmatsu,2,refined_pair,0.4667600280093366,0.5853694070049635,0,21_Sanbonmatsu_2_solution.pdb,21_Sanbonmatsu_2_refined.pdb
2026-03-10 00:33:17 	 RUN refined_pair target=21_Sanbonmatsu_3_solution.pdb model=21_Sanbonmatsu_3_refined.pdb -> id=Sanbonmatsu_3
2026-03-10 00:33:17 	 Docker cmd: docker run --rm -v D:\Studia\Projekty\gsp-lab:/work -v D:\Studia\Projekty\RNA_assessment:/rna_assessment -e RNA_ASSESSMENT_ROOT=/rna_assessment -e PYTHONPATH=/rna_assessment mcannotate-runtime python3 /work/src/utils/INF.py /work/data/finished/PZ21/pdb/21_Sanbonmatsu_3_solution.pdb /work/data/finished/PZ21/pdb/21_Sanbonmatsu_3_refined.pdb
2026-03-10 00:33:19 	 Docker exit code: 0
2026-03-10 00:33:19 	 Docker output length: 360
2026-03-10 00:33:19 	 Saved CSV: PZ21,Sanbonmatsu_3,Sanbonmatsu,3,refined_pair,0.46004370622823615,0.5384615384615384,0,21_Sanbonmatsu_3_solution.pdb,21_Sanbonmatsu_3_refined.pdb
2026-03-10 00:33:19 	 RUN refined_pair target=21_Sanbonmatsu_4_solution.pdb model=21_Sanbonmatsu_4_refined.pdb -> id=Sanbonmatsu_4
2026-03-10 00:33:19 	 Docker cmd: docker run --rm -v D:\Studia\Projekty\gsp-lab:/work -v D:\Studia\Projekty\RNA_assessment:/rna_assessment -e RNA_ASSESSMENT_ROOT=/rna_assessment -e PYTHONPATH=/rna_assessment mcannotate-runtime python3 /work/src/utils/INF.py /work/data/finished/PZ21/pdb/21_Sanbonmatsu_4_solution.pdb /work/data/finished/PZ21/pdb/21_Sanbonmatsu_4_refined.pdb
2026-03-10 00:33:22 	 Docker exit code: 0
2026-03-10 00:33:22 	 Docker output length: 360
2026-03-10 00:33:22 	 Saved CSV: PZ21,Sanbonmatsu_4,Sanbonmatsu,4,refined_pair,0.46004370622823615,0.5384615384615384,0,21_Sanbonmatsu_4_solution.pdb,21_Sanbonmatsu_4_refined.pdb
2026-03-10 00:33:22 	 RUN refined_pair target=21_simRNA_1_solution.pdb model=21_simRNA_1_refined.pdb -> id=simRNA_1
2026-03-10 00:33:22 	 Docker cmd: docker run --rm -v D:\Studia\Projekty\gsp-lab:/work -v D:\Studia\Projekty\RNA_assessment:/rna_assessment -e RNA_ASSESSMENT_ROOT=/rna_assessment -e PYTHONPATH=/rna_assessment mcannotate-runtime python3 /work/src/utils/INF.py /work/data/finished/PZ21/pdb/21_simRNA_1_solution.pdb /work/data/finished/PZ21/pdb/21_simRNA_1_refined.pdb
2026-03-10 00:33:25 	 Docker exit code: 0
2026-03-10 00:33:25 	 Docker output length: 349
2026-03-10 00:33:25 	 Saved CSV: PZ21,simRNA_1,simRNA,1,refined_pair,0.3811079669833529,0.4036036763977875,0,21_simRNA_1_solution.pdb,21_simRNA_1_refined.pdb
2026-03-10 00:33:25 	 RUN refined_pair target=21_simRNA_2_solution.pdb model=21_simRNA_2_refined.pdb -> id=simRNA_2
2026-03-10 00:33:25 	 Docker cmd: docker run --rm -v D:\Studia\Projekty\gsp-lab:/work -v D:\Studia\Projekty\RNA_assessment:/rna_assessment -e RNA_ASSESSMENT_ROOT=/rna_assessment -e PYTHONPATH=/rna_assessment mcannotate-runtime python3 /work/src/utils/INF.py /work/data/finished/PZ21/pdb/21_simRNA_2_solution.pdb /work/data/finished/PZ21/pdb/21_simRNA_2_refined.pdb
2026-03-10 00:33:28 	 Docker exit code: 0
2026-03-10 00:33:28 	 Docker output length: 349
2026-03-10 00:33:28 	 Saved CSV: PZ21,simRNA_2,simRNA,2,refined_pair,0.5420797489556428,0.4576043153224294,-1,21_simRNA_2_solution.pdb,21_simRNA_2_refined.pdb
2026-03-10 00:33:28 	 RUN refined_pair target=21_simRNA_3_solution.pdb model=21_simRNA_3_refined.pdb -> id=simRNA_3
2026-03-10 00:33:28 	 Docker cmd: docker run --rm -v D:\Studia\Projekty\gsp-lab:/work -v D:\Studia\Projekty\RNA_assessment:/rna_assessment -e RNA_ASSESSMENT_ROOT=/rna_assessment -e PYTHONPATH=/rna_assessment mcannotate-runtime python3 /work/src/utils/INF.py /work/data/finished/PZ21/pdb/21_simRNA_3_solution.pdb /work/data/finished/PZ21/pdb/21_simRNA_3_refined.pdb
2026-03-10 00:33:30 	 Docker exit code: 0
2026-03-10 00:33:30 	 Docker output length: 349
2026-03-10 00:33:30 	 Saved CSV: PZ21,simRNA_3,simRNA,3,refined_pair,0.4618802153517006,0.4296689244236597,0,21_simRNA_3_solution.pdb,21_simRNA_3_refined.pdb
2026-03-10 00:33:30 	 RUN refined_pair target=21_simRNA_4_solution.pdb model=21_simRNA_4_refined.pdb -> id=simRNA_4
2026-03-10 00:33:30 	 Docker cmd: docker run --rm -v D:\Studia\Projekty\gsp-lab:/work -v D:\Studia\Projekty\RNA_assessment:/rna_assessment -e RNA_ASSESSMENT_ROOT=/rna_assessment -e PYTHONPATH=/rna_assessment mcannotate-runtime python3 /work/src/utils/INF.py /work/data/finished/PZ21/pdb/21_simRNA_4_solution.pdb /work/data/finished/PZ21/pdb/21_simRNA_4_refined.pdb
2026-03-10 00:33:33 	 Docker exit code: 0
2026-03-10 00:33:33 	 Docker output length: 351
2026-03-10 00:33:33 	 Saved CSV: PZ21,simRNA_4,simRNA,4,refined_pair,0.48600986959983694,0.4036036763977875,-1,21_simRNA_4_solution.pdb,21_simRNA_4_refined.pdb
2026-03-10 00:33:33 	 RUN refined_pair target=21_simRNA_5_solution.pdb model=21_simRNA_5_refined.pdb -> id=simRNA_5
2026-03-10 00:33:33 	 Docker cmd: docker run --rm -v D:\Studia\Projekty\gsp-lab:/work -v D:\Studia\Projekty\RNA_assessment:/rna_assessment -e RNA_ASSESSMENT_ROOT=/rna_assessment -e PYTHONPATH=/rna_assessment mcannotate-runtime python3 /work/src/utils/INF.py /work/data/finished/PZ21/pdb/21_simRNA_5_solution.pdb /work/data/finished/PZ21/pdb/21_simRNA_5_refined.pdb
2026-03-10 00:33:36 	 Docker exit code: 0
2026-03-10 00:33:36 	 Docker output length: 349
2026-03-10 00:33:36 	 Saved CSV: PZ21,simRNA_5,simRNA,5,refined_pair,0.4618802153517006,0.4296689244236597,0,21_simRNA_5_solution.pdb,21_simRNA_5_refined.pdb
2026-03-10 00:33:36 	 SKIP (model is a solution file): 21_3dRNA_1_solution.pdb
2026-03-10 00:33:36 	 SKIP (model is a solution file): 21_3dRNA_2_solution.pdb
2026-03-10 00:33:36 	 SKIP (model is a solution file): 21_3dRNA_3_solution.pdb
2026-03-10 00:33:36 	 SKIP (model is a solution file): 21_3dRNA_4_solution.pdb
2026-03-10 00:33:36 	 SKIP (model is a solution file): 21_3dRNA_5_solution.pdb
2026-03-10 00:33:36 	 SKIP (model is a solution file): 21_Adamiak_1_solution.pdb
2026-03-10 00:33:36 	 SKIP (model is a solution file): 21_Adamiak_2_solution.pdb
2026-03-10 00:33:36 	 SKIP (model is a solution file): 21_Adamiak_3_solution.pdb
2026-03-10 00:33:36 	 SKIP (model is a solution file): 21_Adamiak_4_solution.pdb
2026-03-10 00:33:36 	 SKIP (model is a solution file): 21_Adamiak_5_solution.pdb
2026-03-10 00:33:36 	 SKIP (model is a solution file): 21_Bujnicki_1_solution.pdb
2026-03-10 00:33:36 	 SKIP (model is a solution file): 21_Bujnicki_2_solution.pdb
2026-03-10 00:33:36 	 SKIP (model is a solution file): 21_Bujnicki_3_solution.pdb
2026-03-10 00:33:36 	 SKIP (model is a solution file): 21_Bujnicki_4_solution.pdb
2026-03-10 00:33:36 	 SKIP (model is a solution file): 21_Bujnicki_5_solution.pdb
2026-03-10 00:33:36 	 SKIP (model is a solution file): 21_ChenHighLig_1_solution.pdb
2026-03-10 00:33:36 	 SKIP (model is a solution file): 21_ChenHighLig_2_solution.pdb
2026-03-10 00:33:36 	 SKIP (model is a solution file): 21_ChenHighLig_3_solution.pdb
2026-03-10 00:33:36 	 SKIP (model is a solution file): 21_ChenHighLig_4_solution.pdb
2026-03-10 00:33:36 	 SKIP (model is a solution file): 21_ChenHighLig_5_solution.pdb
2026-03-10 00:33:36 	 SKIP (model is a solution file): 21_ChenLowLig_1_solution.pdb
2026-03-10 00:33:36 	 SKIP (model is a solution file): 21_ChenLowLig_2_solution.pdb
2026-03-10 00:33:36 	 SKIP (model is a solution file): 21_ChenLowLig_3_solution.pdb
2026-03-10 00:33:36 	 SKIP (model is a solution file): 21_ChenLowLig_4_solution.pdb
2026-03-10 00:33:36 	 SKIP (model is a solution file): 21_ChenLowLig_5_solution.pdb
2026-03-10 00:33:36 	 SKIP (model is a solution file): 21_Das_1_solution.pdb
2026-03-10 00:33:36 	 SKIP (model is a solution file): 21_Das_2_solution.pdb
2026-03-10 00:33:36 	 SKIP (model is a solution file): 21_Das_3_solution.pdb
2026-03-10 00:33:36 	 SKIP (model is a solution file): 21_Das_4_solution.pdb
2026-03-10 00:33:36 	 SKIP (model is a solution file): 21_Das_5_solution.pdb
2026-03-10 00:33:36 	 SKIP (model is a solution file): 21_DasLORES_1_solution.pdb
2026-03-10 00:33:36 	 SKIP (model is a solution file): 21_DasLORES_2_solution.pdb
2026-03-10 00:33:36 	 SKIP (model is a solution file): 21_DasLORES_3_solution.pdb
2026-03-10 00:33:36 	 SKIP (model is a solution file): 21_DasLORES_4_solution.pdb
2026-03-10 00:33:36 	 SKIP (model is a solution file): 21_DasLORES_5_solution.pdb
2026-03-10 00:33:36 	 SKIP (model is a solution file): 21_RNAComposer_1_solution.pdb
2026-03-10 00:33:36 	 SKIP (model is a solution file): 21_RNAComposer_2_solution.pdb
2026-03-10 00:33:36 	 SKIP (model is a solution file): 21_RNAComposer_3_solution.pdb
2026-03-10 00:33:36 	 SKIP (model is a solution file): 21_RNAComposer_4_solution.pdb
2026-03-10 00:33:36 	 SKIP (model is a solution file): 21_RNAComposer_5_solution.pdb
2026-03-10 00:33:36 	 SKIP (model is a solution file): 21_RW3D_1_solution.pdb
2026-03-10 00:33:37 	 SKIP (model is a solution file): 21_RW3D_10_solution.pdb
2026-03-10 00:33:37 	 SKIP (model is a solution file): 21_RW3D_2_solution.pdb
2026-03-10 00:33:37 	 SKIP (model is a solution file): 21_RW3D_3_solution.pdb
2026-03-10 00:33:37 	 SKIP (model is a solution file): 21_RW3D_4_solution.pdb
2026-03-10 00:33:37 	 SKIP (model is a solution file): 21_RW3D_5_solution.pdb
2026-03-10 00:33:37 	 SKIP (model is a solution file): 21_RW3D_6_solution.pdb
2026-03-10 00:33:37 	 SKIP (model is a solution file): 21_RW3D_7_solution.pdb
2026-03-10 00:33:37 	 SKIP (model is a solution file): 21_RW3D_8_solution.pdb
2026-03-10 00:33:37 	 SKIP (model is a solution file): 21_RW3D_9_solution.pdb
2026-03-10 00:33:37 	 SKIP (model is a solution file): 21_Sanbonmatsu_1_solution.pdb
2026-03-10 00:33:37 	 SKIP (model is a solution file): 21_Sanbonmatsu_2_solution.pdb
2026-03-10 00:33:37 	 SKIP (model is a solution file): 21_Sanbonmatsu_3_solution.pdb
2026-03-10 00:33:37 	 SKIP (model is a solution file): 21_Sanbonmatsu_4_solution.pdb
2026-03-10 00:33:37 	 SKIP (model is a solution file): 21_simRNA_1_solution.pdb
2026-03-10 00:33:37 	 SKIP (model is a solution file): 21_simRNA_2_solution.pdb
2026-03-10 00:33:37 	 SKIP (model is a solution file): 21_simRNA_3_solution.pdb
2026-03-10 00:33:37 	 SKIP (model is a solution file): 21_simRNA_4_solution.pdb
2026-03-10 00:33:37 	 SKIP (model is a solution file): 21_simRNA_5_solution.pdb
2026-03-10 00:33:37 	 DONE case: PZ21
2026-03-10 01:12:40 	 START case: PZ21
2026-03-10 01:12:40 	 caseDir: D:\Studia\Projekty\gsp-lab\data\finished\PZ21
2026-03-10 01:12:40 	 pdbDir: D:\Studia\Projekty\gsp-lab\data\finished\PZ21\pdb
2026-03-10 01:12:40 	 Found pdb count: 118
2026-03-10 01:12:40 	 Global solution: 21_3dRNA_1_solution.pdb
2026-03-10 01:12:40 	 SKIP already recorded (refined): 3dRNA_1
2026-03-10 01:12:40 	 SKIP already recorded (refined): 3dRNA_2
2026-03-10 01:12:40 	 SKIP already recorded (refined): 3dRNA_3
2026-03-10 01:12:40 	 SKIP already recorded (refined): 3dRNA_4
2026-03-10 01:12:40 	 SKIP already recorded (refined): 3dRNA_5
2026-03-10 01:12:40 	 SKIP already recorded (refined): Adamiak_1
2026-03-10 01:12:40 	 SKIP already recorded (refined): Adamiak_2
2026-03-10 01:12:40 	 SKIP already recorded (refined): Adamiak_3
2026-03-10 01:12:40 	 SKIP already recorded (refined): Adamiak_4
2026-03-10 01:12:40 	 SKIP already recorded (refined): Adamiak_5
2026-03-10 01:12:40 	 SKIP already recorded (refined): Bujnicki_1
2026-03-10 01:12:41 	 SKIP already recorded (refined): Bujnicki_2
2026-03-10 01:12:41 	 SKIP already recorded (refined): Bujnicki_3
2026-03-10 01:12:41 	 SKIP already recorded (refined): Bujnicki_4
2026-03-10 01:12:41 	 SKIP already recorded (refined): Bujnicki_5
2026-03-10 01:12:41 	 SKIP already recorded (refined): ChenHighLig_1
2026-03-10 01:12:41 	 SKIP already recorded (refined): ChenHighLig_2
2026-03-10 01:12:41 	 SKIP already recorded (refined): ChenHighLig_3
2026-03-10 01:12:41 	 SKIP already recorded (refined): ChenHighLig_4
2026-03-10 01:12:41 	 SKIP already recorded (refined): ChenHighLig_5
2026-03-10 01:12:41 	 SKIP already recorded (refined): ChenLowLig_1
2026-03-10 01:12:41 	 SKIP already recorded (refined): ChenLowLig_2
2026-03-10 01:12:41 	 SKIP already recorded (refined): ChenLowLig_3
2026-03-10 01:12:41 	 SKIP already recorded (refined): ChenLowLig_4
2026-03-10 01:12:41 	 SKIP already recorded (refined): ChenLowLig_5
2026-03-10 01:12:41 	 SKIP already recorded (refined): Das_1
2026-03-10 01:12:41 	 SKIP already recorded (refined): Das_2
2026-03-10 01:12:41 	 SKIP already recorded (refined): Das_3
2026-03-10 01:12:41 	 SKIP already recorded (refined): Das_4
2026-03-10 01:12:41 	 SKIP already recorded (refined): Das_5
2026-03-10 01:12:41 	 SKIP already recorded (refined): DasLORES_1
2026-03-10 01:12:41 	 SKIP already recorded (refined): DasLORES_2
2026-03-10 01:12:41 	 SKIP already recorded (refined): DasLORES_3
2026-03-10 01:12:41 	 SKIP already recorded (refined): DasLORES_4
2026-03-10 01:12:41 	 SKIP already recorded (refined): DasLORES_5
2026-03-10 01:12:41 	 SKIP already recorded (refined): RNAComposer_1
2026-03-10 01:12:41 	 SKIP already recorded (refined): RNAComposer_2
2026-03-10 01:12:41 	 SKIP already recorded (refined): RNAComposer_3
2026-03-10 01:12:41 	 SKIP already recorded (refined): RNAComposer_4
2026-03-10 01:12:41 	 SKIP already recorded (refined): RNAComposer_5
2026-03-10 01:12:41 	 SKIP already recorded (refined): RW3D_1
2026-03-10 01:12:41 	 SKIP already recorded (refined): RW3D_10
2026-03-10 01:12:41 	 SKIP already recorded (refined): RW3D_2
2026-03-10 01:12:41 	 SKIP already recorded (refined): RW3D_3
2026-03-10 01:12:41 	 SKIP already recorded (refined): RW3D_4
2026-03-10 01:12:41 	 SKIP already recorded (refined): RW3D_5
2026-03-10 01:12:41 	 SKIP already recorded (refined): RW3D_6
2026-03-10 01:12:41 	 SKIP already recorded (refined): RW3D_7
2026-03-10 01:12:41 	 SKIP already recorded (refined): RW3D_8
2026-03-10 01:12:41 	 SKIP already recorded (refined): RW3D_9
2026-03-10 01:12:41 	 SKIP already recorded (refined): Sanbonmatsu_1
2026-03-10 01:12:41 	 SKIP already recorded (refined): Sanbonmatsu_2
2026-03-10 01:12:41 	 SKIP already recorded (refined): Sanbonmatsu_3
2026-03-10 01:12:41 	 SKIP already recorded (refined): Sanbonmatsu_4
2026-03-10 01:12:41 	 SKIP already recorded (refined): simRNA_1
2026-03-10 01:12:41 	 SKIP already recorded (refined): simRNA_2
2026-03-10 01:12:41 	 SKIP already recorded (refined): simRNA_3
2026-03-10 01:12:41 	 SKIP already recorded (refined): simRNA_4
2026-03-10 01:12:41 	 SKIP already recorded (refined): simRNA_5
2026-03-10 01:12:41 	 SKIP (model is a solution file): 21_3dRNA_1_solution.pdb
2026-03-10 01:12:41 	 SKIP (model is a solution file): 21_3dRNA_2_solution.pdb
2026-03-10 01:12:41 	 SKIP (model is a solution file): 21_3dRNA_3_solution.pdb
2026-03-10 01:12:41 	 SKIP (model is a solution file): 21_3dRNA_4_solution.pdb
2026-03-10 01:12:41 	 SKIP (model is a solution file): 21_3dRNA_5_solution.pdb
2026-03-10 01:12:41 	 SKIP (model is a solution file): 21_Adamiak_1_solution.pdb
2026-03-10 01:12:41 	 SKIP (model is a solution file): 21_Adamiak_2_solution.pdb
2026-03-10 01:12:41 	 SKIP (model is a solution file): 21_Adamiak_3_solution.pdb
2026-03-10 01:12:41 	 SKIP (model is a solution file): 21_Adamiak_4_solution.pdb
2026-03-10 01:12:41 	 SKIP (model is a solution file): 21_Adamiak_5_solution.pdb
2026-03-10 01:12:41 	 SKIP (model is a solution file): 21_Bujnicki_1_solution.pdb
2026-03-10 01:12:41 	 SKIP (model is a solution file): 21_Bujnicki_2_solution.pdb
2026-03-10 01:12:41 	 SKIP (model is a solution file): 21_Bujnicki_3_solution.pdb
2026-03-10 01:12:41 	 SKIP (model is a solution file): 21_Bujnicki_4_solution.pdb
2026-03-10 01:12:41 	 SKIP (model is a solution file): 21_Bujnicki_5_solution.pdb
2026-03-10 01:12:41 	 SKIP (model is a solution file): 21_ChenHighLig_1_solution.pdb
2026-03-10 01:12:41 	 SKIP (model is a solution file): 21_ChenHighLig_2_solution.pdb
2026-03-10 01:12:41 	 SKIP (model is a solution file): 21_ChenHighLig_3_solution.pdb
2026-03-10 01:12:41 	 SKIP (model is a solution file): 21_ChenHighLig_4_solution.pdb
2026-03-10 01:12:41 	 SKIP (model is a solution file): 21_ChenHighLig_5_solution.pdb
2026-03-10 01:12:41 	 SKIP (model is a solution file): 21_ChenLowLig_1_solution.pdb
2026-03-10 01:12:41 	 SKIP (model is a solution file): 21_ChenLowLig_2_solution.pdb
2026-03-10 01:12:41 	 SKIP (model is a solution file): 21_ChenLowLig_3_solution.pdb
2026-03-10 01:12:41 	 SKIP (model is a solution file): 21_ChenLowLig_4_solution.pdb
2026-03-10 01:12:41 	 SKIP (model is a solution file): 21_ChenLowLig_5_solution.pdb
2026-03-10 01:12:41 	 SKIP (model is a solution file): 21_Das_1_solution.pdb
2026-03-10 01:12:41 	 SKIP (model is a solution file): 21_Das_2_solution.pdb
2026-03-10 01:12:41 	 SKIP (model is a solution file): 21_Das_3_solution.pdb
2026-03-10 01:12:41 	 SKIP (model is a solution file): 21_Das_4_solution.pdb
2026-03-10 01:12:41 	 SKIP (model is a solution file): 21_Das_5_solution.pdb
2026-03-10 01:12:41 	 SKIP (model is a solution file): 21_DasLORES_1_solution.pdb
2026-03-10 01:12:41 	 SKIP (model is a solution file): 21_DasLORES_2_solution.pdb
2026-03-10 01:12:41 	 SKIP (model is a solution file): 21_DasLORES_3_solution.pdb
2026-03-10 01:12:41 	 SKIP (model is a solution file): 21_DasLORES_4_solution.pdb
2026-03-10 01:12:42 	 SKIP (model is a solution file): 21_DasLORES_5_solution.pdb
2026-03-10 01:12:42 	 SKIP (model is a solution file): 21_RNAComposer_1_solution.pdb
2026-03-10 01:12:42 	 SKIP (model is a solution file): 21_RNAComposer_2_solution.pdb
2026-03-10 01:12:42 	 SKIP (model is a solution file): 21_RNAComposer_3_solution.pdb
2026-03-10 01:12:42 	 SKIP (model is a solution file): 21_RNAComposer_4_solution.pdb
2026-03-10 01:12:42 	 SKIP (model is a solution file): 21_RNAComposer_5_solution.pdb
2026-03-10 01:12:42 	 SKIP (model is a solution file): 21_RW3D_1_solution.pdb
2026-03-10 01:12:42 	 SKIP (model is a solution file): 21_RW3D_10_solution.pdb
2026-03-10 01:12:42 	 SKIP (model is a solution file): 21_RW3D_2_solution.pdb
2026-03-10 01:12:42 	 SKIP (model is a solution file): 21_RW3D_3_solution.pdb
2026-03-10 01:12:42 	 SKIP (model is a solution file): 21_RW3D_4_solution.pdb
2026-03-10 01:12:42 	 SKIP (model is a solution file): 21_RW3D_5_solution.pdb
2026-03-10 01:12:42 	 SKIP (model is a solution file): 21_RW3D_6_solution.pdb
2026-03-10 01:12:42 	 SKIP (model is a solution file): 21_RW3D_7_solution.pdb
2026-03-10 01:12:42 	 SKIP (model is a solution file): 21_RW3D_8_solution.pdb
2026-03-10 01:12:42 	 SKIP (model is a solution file): 21_RW3D_9_solution.pdb
2026-03-10 01:12:42 	 SKIP (model is a solution file): 21_Sanbonmatsu_1_solution.pdb
2026-03-10 01:12:42 	 SKIP (model is a solution file): 21_Sanbonmatsu_2_solution.pdb
2026-03-10 01:12:42 	 SKIP (model is a solution file): 21_Sanbonmatsu_3_solution.pdb
2026-03-10 01:12:42 	 SKIP (model is a solution file): 21_Sanbonmatsu_4_solution.pdb
2026-03-10 01:12:42 	 SKIP (model is a solution file): 21_simRNA_1_solution.pdb
2026-03-10 01:12:42 	 SKIP (model is a solution file): 21_simRNA_2_solution.pdb
2026-03-10 01:12:42 	 SKIP (model is a solution file): 21_simRNA_3_solution.pdb
2026-03-10 01:12:42 	 SKIP (model is a solution file): 21_simRNA_4_solution.pdb
2026-03-10 01:12:42 	 SKIP (model is a solution file): 21_simRNA_5_solution.pdb
2026-03-10 01:12:42 	 DONE case: PZ21
2026-03-10 01:17:24 	 START case: PZ21
2026-03-10 01:17:24 	 caseDir: D:\Studia\Projekty\gsp-lab\data\finished\PZ21
2026-03-10 01:17:24 	 pdbDir: D:\Studia\Projekty\gsp-lab\data\finished\PZ21\pdb
2026-03-10 01:17:24 	 Found pdb count: 118
2026-03-10 01:17:25 	 Global solution: 21_3dRNA_1_solution.pdb
2026-03-10 01:17:25 	 SKIP already recorded (refined): 3dRNA_1
2026-03-10 01:17:25 	 SKIP already recorded (refined): 3dRNA_2
2026-03-10 01:17:25 	 SKIP already recorded (refined): 3dRNA_3
2026-03-10 01:17:25 	 SKIP already recorded (refined): 3dRNA_4
2026-03-10 01:17:25 	 SKIP already recorded (refined): 3dRNA_5
2026-03-10 01:17:25 	 SKIP already recorded (refined): Adamiak_1
2026-03-10 01:17:25 	 SKIP already recorded (refined): Adamiak_2
2026-03-10 01:17:25 	 SKIP already recorded (refined): Adamiak_3
2026-03-10 01:17:25 	 SKIP already recorded (refined): Adamiak_4
2026-03-10 01:17:25 	 SKIP already recorded (refined): Adamiak_5
2026-03-10 01:17:25 	 SKIP already recorded (refined): Bujnicki_1
2026-03-10 01:17:25 	 SKIP already recorded (refined): Bujnicki_2
2026-03-10 01:17:25 	 SKIP already recorded (refined): Bujnicki_3
2026-03-10 01:17:25 	 SKIP already recorded (refined): Bujnicki_4
2026-03-10 01:17:25 	 SKIP already recorded (refined): Bujnicki_5
2026-03-10 01:17:25 	 SKIP already recorded (refined): ChenHighLig_1
2026-03-10 01:17:25 	 SKIP already recorded (refined): ChenHighLig_2
2026-03-10 01:17:25 	 SKIP already recorded (refined): ChenHighLig_3
2026-03-10 01:17:25 	 SKIP already recorded (refined): ChenHighLig_4
2026-03-10 01:17:25 	 SKIP already recorded (refined): ChenHighLig_5
2026-03-10 01:17:25 	 SKIP already recorded (refined): ChenLowLig_1
2026-03-10 01:17:25 	 SKIP already recorded (refined): ChenLowLig_2
2026-03-10 01:17:25 	 SKIP already recorded (refined): ChenLowLig_3
2026-03-10 01:17:25 	 SKIP already recorded (refined): ChenLowLig_4
2026-03-10 01:17:25 	 SKIP already recorded (refined): ChenLowLig_5
2026-03-10 01:17:25 	 SKIP already recorded (refined): Das_1
2026-03-10 01:17:25 	 SKIP already recorded (refined): Das_2
2026-03-10 01:17:25 	 SKIP already recorded (refined): Das_3
2026-03-10 01:17:25 	 SKIP already recorded (refined): Das_4
2026-03-10 01:17:25 	 SKIP already recorded (refined): Das_5
2026-03-10 01:17:25 	 SKIP already recorded (refined): DasLORES_1
2026-03-10 01:17:25 	 SKIP already recorded (refined): DasLORES_2
2026-03-10 01:17:25 	 SKIP already recorded (refined): DasLORES_3
2026-03-10 01:17:25 	 SKIP already recorded (refined): DasLORES_4
2026-03-10 01:17:25 	 SKIP already recorded (refined): DasLORES_5
2026-03-10 01:17:25 	 SKIP already recorded (refined): RNAComposer_1
2026-03-10 01:17:25 	 SKIP already recorded (refined): RNAComposer_2
2026-03-10 01:17:25 	 SKIP already recorded (refined): RNAComposer_3
2026-03-10 01:17:25 	 SKIP already recorded (refined): RNAComposer_4
2026-03-10 01:17:26 	 SKIP already recorded (refined): RNAComposer_5
2026-03-10 01:17:26 	 SKIP already recorded (refined): RW3D_1
2026-03-10 01:17:26 	 SKIP already recorded (refined): RW3D_10
2026-03-10 01:17:26 	 SKIP already recorded (refined): RW3D_2
2026-03-10 01:17:26 	 SKIP already recorded (refined): RW3D_3
2026-03-10 01:17:26 	 SKIP already recorded (refined): RW3D_4
2026-03-10 01:17:26 	 SKIP already recorded (refined): RW3D_5
2026-03-10 01:17:26 	 SKIP already recorded (refined): RW3D_6
2026-03-10 01:17:26 	 SKIP already recorded (refined): RW3D_7
2026-03-10 01:17:26 	 SKIP already recorded (refined): RW3D_8
2026-03-10 01:17:26 	 SKIP already recorded (refined): RW3D_9
2026-03-10 01:17:26 	 SKIP already recorded (refined): Sanbonmatsu_1
2026-03-10 01:17:26 	 SKIP already recorded (refined): Sanbonmatsu_2
2026-03-10 01:17:26 	 SKIP already recorded (refined): Sanbonmatsu_3
2026-03-10 01:17:26 	 SKIP already recorded (refined): Sanbonmatsu_4
2026-03-10 01:17:26 	 SKIP already recorded (refined): simRNA_1
2026-03-10 01:17:26 	 SKIP already recorded (refined): simRNA_2
2026-03-10 01:17:26 	 SKIP already recorded (refined): simRNA_3
2026-03-10 01:17:26 	 SKIP already recorded (refined): simRNA_4
2026-03-10 01:17:26 	 SKIP already recorded (refined): simRNA_5
2026-03-10 01:17:26 	 SKIP (model is a solution file): 21_3dRNA_1_solution.pdb
2026-03-10 01:17:26 	 SKIP (model is a solution file): 21_3dRNA_2_solution.pdb
2026-03-10 01:17:26 	 SKIP (model is a solution file): 21_3dRNA_3_solution.pdb
2026-03-10 01:17:26 	 SKIP (model is a solution file): 21_3dRNA_4_solution.pdb
2026-03-10 01:17:26 	 SKIP (model is a solution file): 21_3dRNA_5_solution.pdb
2026-03-10 01:17:26 	 SKIP (model is a solution file): 21_Adamiak_1_solution.pdb
2026-03-10 01:17:26 	 SKIP (model is a solution file): 21_Adamiak_2_solution.pdb
2026-03-10 01:17:26 	 SKIP (model is a solution file): 21_Adamiak_3_solution.pdb
2026-03-10 01:17:26 	 SKIP (model is a solution file): 21_Adamiak_4_solution.pdb
2026-03-10 01:17:26 	 SKIP (model is a solution file): 21_Adamiak_5_solution.pdb
2026-03-10 01:17:26 	 SKIP (model is a solution file): 21_Bujnicki_1_solution.pdb
2026-03-10 01:17:26 	 SKIP (model is a solution file): 21_Bujnicki_2_solution.pdb
2026-03-10 01:17:26 	 SKIP (model is a solution file): 21_Bujnicki_3_solution.pdb
2026-03-10 01:17:26 	 SKIP (model is a solution file): 21_Bujnicki_4_solution.pdb
2026-03-10 01:17:26 	 SKIP (model is a solution file): 21_Bujnicki_5_solution.pdb
2026-03-10 01:17:26 	 SKIP (model is a solution file): 21_ChenHighLig_1_solution.pdb
2026-03-10 01:17:26 	 SKIP (model is a solution file): 21_ChenHighLig_2_solution.pdb
2026-03-10 01:17:26 	 SKIP (model is a solution file): 21_ChenHighLig_3_solution.pdb
2026-03-10 01:17:26 	 SKIP (model is a solution file): 21_ChenHighLig_4_solution.pdb
2026-03-10 01:17:26 	 SKIP (model is a solution file): 21_ChenHighLig_5_solution.pdb
2026-03-10 01:17:26 	 SKIP (model is a solution file): 21_ChenLowLig_1_solution.pdb
2026-03-10 01:17:26 	 SKIP (model is a solution file): 21_ChenLowLig_2_solution.pdb
2026-03-10 01:17:26 	 SKIP (model is a solution file): 21_ChenLowLig_3_solution.pdb
2026-03-10 01:17:26 	 SKIP (model is a solution file): 21_ChenLowLig_4_solution.pdb
2026-03-10 01:17:26 	 SKIP (model is a solution file): 21_ChenLowLig_5_solution.pdb
2026-03-10 01:17:26 	 SKIP (model is a solution file): 21_Das_1_solution.pdb
2026-03-10 01:17:26 	 SKIP (model is a solution file): 21_Das_2_solution.pdb
2026-03-10 01:17:26 	 SKIP (model is a solution file): 21_Das_3_solution.pdb
2026-03-10 01:17:26 	 SKIP (model is a solution file): 21_Das_4_solution.pdb
2026-03-10 01:17:26 	 SKIP (model is a solution file): 21_Das_5_solution.pdb
2026-03-10 01:17:26 	 SKIP (model is a solution file): 21_DasLORES_1_solution.pdb
2026-03-10 01:17:26 	 SKIP (model is a solution file): 21_DasLORES_2_solution.pdb
2026-03-10 01:17:26 	 SKIP (model is a solution file): 21_DasLORES_3_solution.pdb
2026-03-10 01:17:26 	 SKIP (model is a solution file): 21_DasLORES_4_solution.pdb
2026-03-10 01:17:26 	 SKIP (model is a solution file): 21_DasLORES_5_solution.pdb
2026-03-10 01:17:26 	 SKIP (model is a solution file): 21_RNAComposer_1_solution.pdb
2026-03-10 01:17:26 	 SKIP (model is a solution file): 21_RNAComposer_2_solution.pdb
2026-03-10 01:17:26 	 SKIP (model is a solution file): 21_RNAComposer_3_solution.pdb
2026-03-10 01:17:26 	 SKIP (model is a solution file): 21_RNAComposer_4_solution.pdb
2026-03-10 01:17:26 	 SKIP (model is a solution file): 21_RNAComposer_5_solution.pdb
2026-03-10 01:17:26 	 SKIP (model is a solution file): 21_RW3D_1_solution.pdb
2026-03-10 01:17:26 	 SKIP (model is a solution file): 21_RW3D_10_solution.pdb
2026-03-10 01:17:26 	 SKIP (model is a solution file): 21_RW3D_2_solution.pdb
2026-03-10 01:17:26 	 SKIP (model is a solution file): 21_RW3D_3_solution.pdb
2026-03-10 01:17:26 	 SKIP (model is a solution file): 21_RW3D_4_solution.pdb
2026-03-10 01:17:26 	 SKIP (model is a solution file): 21_RW3D_5_solution.pdb
2026-03-10 01:17:26 	 SKIP (model is a solution file): 21_RW3D_6_solution.pdb
2026-03-10 01:17:26 	 SKIP (model is a solution file): 21_RW3D_7_solution.pdb
2026-03-10 01:17:26 	 SKIP (model is a solution file): 21_RW3D_8_solution.pdb
2026-03-10 01:17:26 	 SKIP (model is a solution file): 21_RW3D_9_solution.pdb
2026-03-10 01:17:26 	 SKIP (model is a solution file): 21_Sanbonmatsu_1_solution.pdb
2026-03-10 01:17:26 	 SKIP (model is a solution file): 21_Sanbonmatsu_2_solution.pdb
2026-03-10 01:17:26 	 SKIP (model is a solution file): 21_Sanbonmatsu_3_solution.pdb
2026-03-10 01:17:26 	 SKIP (model is a solution file): 21_Sanbonmatsu_4_solution.pdb
2026-03-10 01:17:26 	 SKIP (model is a solution file): 21_simRNA_1_solution.pdb
2026-03-10 01:17:26 	 SKIP (model is a solution file): 21_simRNA_2_solution.pdb
2026-03-10 01:17:26 	 SKIP (model is a solution file): 21_simRNA_3_solution.pdb
2026-03-10 01:17:26 	 SKIP (model is a solution file): 21_simRNA_4_solution.pdb
2026-03-10 01:17:26 	 SKIP (model is a solution file): 21_simRNA_5_solution.pdb
2026-03-10 01:17:26 	 DONE case: PZ21
2026-03-10 01:21:51 	 START case: PZ21
2026-03-10 01:21:51 	 caseDir: D:\Studia\Projekty\gsp-lab\data\finished\PZ21
2026-03-10 01:21:51 	 pdbDir: D:\Studia\Projekty\gsp-lab\data\finished\PZ21\pdb
2026-03-10 01:21:51 	 Found pdb count: 118
2026-03-10 01:21:51 	 Global solution: 21_3dRNA_1_solution.pdb
2026-03-10 01:21:51 	 SKIP already recorded (refined): 3dRNA_1
2026-03-10 01:21:51 	 SKIP already recorded (refined): 3dRNA_2
2026-03-10 01:21:51 	 SKIP already recorded (refined): 3dRNA_3
2026-03-10 01:21:51 	 SKIP already recorded (refined): 3dRNA_4
2026-03-10 01:21:51 	 SKIP already recorded (refined): 3dRNA_5
2026-03-10 01:21:52 	 SKIP already recorded (refined): Adamiak_1
2026-03-10 01:21:52 	 SKIP already recorded (refined): Adamiak_2
2026-03-10 01:21:52 	 SKIP already recorded (refined): Adamiak_3
2026-03-10 01:21:52 	 SKIP already recorded (refined): Adamiak_4
2026-03-10 01:21:52 	 SKIP already recorded (refined): Adamiak_5
2026-03-10 01:21:52 	 SKIP already recorded (refined): Bujnicki_1
2026-03-10 01:21:52 	 SKIP already recorded (refined): Bujnicki_2
2026-03-10 01:21:52 	 SKIP already recorded (refined): Bujnicki_3
2026-03-10 01:21:52 	 SKIP already recorded (refined): Bujnicki_4
2026-03-10 01:21:52 	 SKIP already recorded (refined): Bujnicki_5
2026-03-10 01:21:52 	 SKIP already recorded (refined): ChenHighLig_1
2026-03-10 01:21:52 	 SKIP already recorded (refined): ChenHighLig_2
2026-03-10 01:21:52 	 SKIP already recorded (refined): ChenHighLig_3
2026-03-10 01:21:52 	 SKIP already recorded (refined): ChenHighLig_4
2026-03-10 01:21:52 	 SKIP already recorded (refined): ChenHighLig_5
2026-03-10 01:21:52 	 SKIP already recorded (refined): ChenLowLig_1
2026-03-10 01:21:52 	 SKIP already recorded (refined): ChenLowLig_2
2026-03-10 01:21:52 	 SKIP already recorded (refined): ChenLowLig_3
2026-03-10 01:21:52 	 SKIP already recorded (refined): ChenLowLig_4
2026-03-10 01:21:52 	 SKIP already recorded (refined): ChenLowLig_5
2026-03-10 01:21:52 	 SKIP already recorded (refined): Das_1
2026-03-10 01:21:52 	 SKIP already recorded (refined): Das_2
2026-03-10 01:21:52 	 SKIP already recorded (refined): Das_3
2026-03-10 01:21:52 	 SKIP already recorded (refined): Das_4
2026-03-10 01:21:52 	 SKIP already recorded (refined): Das_5
2026-03-10 01:21:52 	 SKIP already recorded (refined): DasLORES_1
2026-03-10 01:21:52 	 SKIP already recorded (refined): DasLORES_2
2026-03-10 01:21:52 	 SKIP already recorded (refined): DasLORES_3
2026-03-10 01:21:52 	 SKIP already recorded (refined): DasLORES_4
2026-03-10 01:21:52 	 SKIP already recorded (refined): DasLORES_5
2026-03-10 01:21:52 	 SKIP already recorded (refined): RNAComposer_1
2026-03-10 01:21:52 	 SKIP already recorded (refined): RNAComposer_2
2026-03-10 01:21:52 	 SKIP already recorded (refined): RNAComposer_3
2026-03-10 01:21:52 	 SKIP already recorded (refined): RNAComposer_4
2026-03-10 01:21:52 	 SKIP already recorded (refined): RNAComposer_5
2026-03-10 01:21:52 	 SKIP already recorded (refined): RW3D_1
2026-03-10 01:21:52 	 SKIP already recorded (refined): RW3D_10
2026-03-10 01:21:52 	 SKIP already recorded (refined): RW3D_2
2026-03-10 01:21:52 	 SKIP already recorded (refined): RW3D_3
2026-03-10 01:21:52 	 SKIP already recorded (refined): RW3D_4
2026-03-10 01:21:52 	 SKIP already recorded (refined): RW3D_5
2026-03-10 01:21:52 	 SKIP already recorded (refined): RW3D_6
2026-03-10 01:21:52 	 SKIP already recorded (refined): RW3D_7
2026-03-10 01:21:52 	 SKIP already recorded (refined): RW3D_8
2026-03-10 01:21:52 	 SKIP already recorded (refined): RW3D_9
2026-03-10 01:21:52 	 SKIP already recorded (refined): Sanbonmatsu_1
2026-03-10 01:21:52 	 SKIP already recorded (refined): Sanbonmatsu_2
2026-03-10 01:21:52 	 SKIP already recorded (refined): Sanbonmatsu_3
2026-03-10 01:21:52 	 SKIP already recorded (refined): Sanbonmatsu_4
2026-03-10 01:21:52 	 SKIP already recorded (refined): simRNA_1
2026-03-10 01:21:52 	 SKIP already recorded (refined): simRNA_2
2026-03-10 01:21:52 	 SKIP already recorded (refined): simRNA_3
2026-03-10 01:21:52 	 SKIP already recorded (refined): simRNA_4
2026-03-10 01:21:52 	 SKIP already recorded (refined): simRNA_5
2026-03-10 01:21:52 	 SKIP (model is a solution file): 21_3dRNA_1_solution.pdb
2026-03-10 01:21:52 	 SKIP (model is a solution file): 21_3dRNA_2_solution.pdb
2026-03-10 01:21:53 	 SKIP (model is a solution file): 21_3dRNA_3_solution.pdb
2026-03-10 01:21:53 	 SKIP (model is a solution file): 21_3dRNA_4_solution.pdb
2026-03-10 01:21:53 	 SKIP (model is a solution file): 21_3dRNA_5_solution.pdb
2026-03-10 01:21:53 	 SKIP (model is a solution file): 21_Adamiak_1_solution.pdb
2026-03-10 01:21:53 	 SKIP (model is a solution file): 21_Adamiak_2_solution.pdb
2026-03-10 01:21:53 	 SKIP (model is a solution file): 21_Adamiak_3_solution.pdb
2026-03-10 01:21:53 	 SKIP (model is a solution file): 21_Adamiak_4_solution.pdb
2026-03-10 01:21:53 	 SKIP (model is a solution file): 21_Adamiak_5_solution.pdb
2026-03-10 01:21:53 	 SKIP (model is a solution file): 21_Bujnicki_1_solution.pdb
2026-03-10 01:21:53 	 SKIP (model is a solution file): 21_Bujnicki_2_solution.pdb
2026-03-10 01:21:53 	 SKIP (model is a solution file): 21_Bujnicki_3_solution.pdb
2026-03-10 01:21:53 	 SKIP (model is a solution file): 21_Bujnicki_4_solution.pdb
2026-03-10 01:21:53 	 SKIP (model is a solution file): 21_Bujnicki_5_solution.pdb
2026-03-10 01:21:53 	 SKIP (model is a solution file): 21_ChenHighLig_1_solution.pdb
2026-03-10 01:21:53 	 SKIP (model is a solution file): 21_ChenHighLig_2_solution.pdb
2026-03-10 01:21:53 	 SKIP (model is a solution file): 21_ChenHighLig_3_solution.pdb
2026-03-10 01:21:53 	 SKIP (model is a solution file): 21_ChenHighLig_4_solution.pdb
2026-03-10 01:21:53 	 SKIP (model is a solution file): 21_ChenHighLig_5_solution.pdb
2026-03-10 01:21:53 	 SKIP (model is a solution file): 21_ChenLowLig_1_solution.pdb
2026-03-10 01:21:53 	 SKIP (model is a solution file): 21_ChenLowLig_2_solution.pdb
2026-03-10 01:21:53 	 SKIP (model is a solution file): 21_ChenLowLig_3_solution.pdb
2026-03-10 01:21:53 	 SKIP (model is a solution file): 21_ChenLowLig_4_solution.pdb
2026-03-10 01:21:53 	 SKIP (model is a solution file): 21_ChenLowLig_5_solution.pdb
2026-03-10 01:21:53 	 SKIP (model is a solution file): 21_Das_1_solution.pdb
2026-03-10 01:21:53 	 SKIP (model is a solution file): 21_Das_2_solution.pdb
2026-03-10 01:21:53 	 SKIP (model is a solution file): 21_Das_3_solution.pdb
2026-03-10 01:21:53 	 SKIP (model is a solution file): 21_Das_4_solution.pdb
2026-03-10 01:21:53 	 SKIP (model is a solution file): 21_Das_5_solution.pdb
2026-03-10 01:21:53 	 SKIP (model is a solution file): 21_DasLORES_1_solution.pdb
2026-03-10 01:21:53 	 SKIP (model is a solution file): 21_DasLORES_2_solution.pdb
2026-03-10 01:21:53 	 SKIP (model is a solution file): 21_DasLORES_3_solution.pdb
2026-03-10 01:21:53 	 SKIP (model is a solution file): 21_DasLORES_4_solution.pdb
2026-03-10 01:21:53 	 SKIP (model is a solution file): 21_DasLORES_5_solution.pdb
2026-03-10 01:21:53 	 SKIP (model is a solution file): 21_RNAComposer_1_solution.pdb
2026-03-10 01:21:53 	 SKIP (model is a solution file): 21_RNAComposer_2_solution.pdb
2026-03-10 01:21:53 	 SKIP (model is a solution file): 21_RNAComposer_3_solution.pdb
2026-03-10 01:21:53 	 SKIP (model is a solution file): 21_RNAComposer_4_solution.pdb
2026-03-10 01:21:53 	 SKIP (model is a solution file): 21_RNAComposer_5_solution.pdb
2026-03-10 01:21:53 	 SKIP (model is a solution file): 21_RW3D_1_solution.pdb
2026-03-10 01:21:53 	 SKIP (model is a solution file): 21_RW3D_10_solution.pdb
2026-03-10 01:21:53 	 SKIP (model is a solution file): 21_RW3D_2_solution.pdb
2026-03-10 01:21:53 	 SKIP (model is a solution file): 21_RW3D_3_solution.pdb
2026-03-10 01:21:53 	 SKIP (model is a solution file): 21_RW3D_4_solution.pdb
2026-03-10 01:21:53 	 SKIP (model is a solution file): 21_RW3D_5_solution.pdb
2026-03-10 01:21:53 	 SKIP (model is a solution file): 21_RW3D_6_solution.pdb
2026-03-10 01:21:53 	 SKIP (model is a solution file): 21_RW3D_7_solution.pdb
2026-03-10 01:21:53 	 SKIP (model is a solution file): 21_RW3D_8_solution.pdb
2026-03-10 01:21:53 	 SKIP (model is a solution file): 21_RW3D_9_solution.pdb
2026-03-10 01:21:53 	 SKIP (model is a solution file): 21_Sanbonmatsu_1_solution.pdb
2026-03-10 01:21:53 	 SKIP (model is a solution file): 21_Sanbonmatsu_2_solution.pdb
2026-03-10 01:21:53 	 SKIP (model is a solution file): 21_Sanbonmatsu_3_solution.pdb
2026-03-10 01:21:53 	 SKIP (model is a solution file): 21_Sanbonmatsu_4_solution.pdb
2026-03-10 01:21:53 	 SKIP (model is a solution file): 21_simRNA_1_solution.pdb
2026-03-10 01:21:53 	 SKIP (model is a solution file): 21_simRNA_2_solution.pdb
2026-03-10 01:21:53 	 SKIP (model is a solution file): 21_simRNA_3_solution.pdb
2026-03-10 01:21:53 	 SKIP (model is a solution file): 21_simRNA_4_solution.pdb
2026-03-10 01:21:53 	 SKIP (model is a solution file): 21_simRNA_5_solution.pdb
2026-03-10 01:21:53 	 DONE case: PZ21
