2026-03-10 00:31:04 	 START case: PZ22Dimer
2026-03-10 00:31:04 	 caseDir: D:\Studia\Projekty\gsp-lab\data\finished\PZ22Dimer
2026-03-10 00:31:04 	 pdbDir: D:\Studia\Projekty\gsp-lab\data\finished\PZ22Dimer\pdb
2026-03-10 00:31:04 	 Found pdb count: 80
2026-03-10 00:31:04 	 Global solution: PZ22Dimer_Adamiak_1_solution.pdb
2026-03-10 00:31:04 	 RUN refined_pair target=PZ22Dimer_Adamiak_1_solution.pdb model=PZ22Dimer_Adamiak_1_refined.pdb -> id=Adamiak_1
2026-03-10 00:31:04 	 Docker cmd: docker run --rm -v D:\Studia\Projekty\gsp-lab:/work -v D:\Studia\Projekty\RNA_assessment:/rna_assessment -e RNA_ASSESSMENT_ROOT=/rna_assessment -e PYTHONPATH=/rna_assessment mcannotate-runtime python3 /work/src/utils/INF.py /work/data/finished/PZ22Dimer/pdb/PZ22Dimer_Adamiak_1_solution.pdb /work/data/finished/PZ22Dimer/pdb/PZ22Dimer_Adamiak_1_refined.pdb
2026-03-10 00:31:07 	 Docker exit code: 0
2026-03-10 00:31:07 	 Docker output length: 380
2026-03-10 00:31:07 	 Saved CSV: PZ22Dimer,Adamiak_1,Adamiak,1,refined_pair,0.6601724504999379,0.7767356373806175,0.2553769592276246,PZ22Dimer_Adamiak_1_solution.pdb,PZ22Dimer_Adamiak_1_refined.pdb
2026-03-10 00:31:07 	 RUN refined_pair target=PZ22Dimer_Adamiak_2_solution.pdb model=PZ22Dimer_Adamiak_2_refined.pdb -> id=Adamiak_2
2026-03-10 00:31:07 	 Docker cmd: docker run --rm -v D:\Studia\Projekty\gsp-lab:/work -v D:\Studia\Projekty\RNA_assessment:/rna_assessment -e RNA_ASSESSMENT_ROOT=/rna_assessment -e PYTHONPATH=/rna_assessment mcannotate-runtime python3 /work/src/utils/INF.py /work/data/finished/PZ22Dimer/pdb/PZ22Dimer_Adamiak_2_solution.pdb /work/data/finished/PZ22Dimer/pdb/PZ22Dimer_Adamiak_2_refined.pdb
2026-03-10 00:31:12 	 Docker exit code: 0
2026-03-10 00:31:12 	 Docker output length: 379
2026-03-10 00:31:12 	 Saved CSV: PZ22Dimer,Adamiak_2,Adamiak,2,refined_pair,0.6509850325507047,0.7622159339667058,0.2553769592276246,PZ22Dimer_Adamiak_2_solution.pdb,PZ22Dimer_Adamiak_2_refined.pdb
2026-03-10 00:31:12 	 RUN refined_pair target=PZ22Dimer_Adamiak_3_solution.pdb model=PZ22Dimer_Adamiak_3_refined.pdb -> id=Adamiak_3
2026-03-10 00:31:12 	 Docker cmd: docker run --rm -v D:\Studia\Projekty\gsp-lab:/work -v D:\Studia\Projekty\RNA_assessment:/rna_assessment -e RNA_ASSESSMENT_ROOT=/rna_assessment -e PYTHONPATH=/rna_assessment mcannotate-runtime python3 /work/src/utils/INF.py /work/data/finished/PZ22Dimer/pdb/PZ22Dimer_Adamiak_3_solution.pdb /work/data/finished/PZ22Dimer/pdb/PZ22Dimer_Adamiak_3_refined.pdb
2026-03-10 00:31:15 	 Docker exit code: 0
2026-03-10 00:31:15 	 Docker output length: 379
2026-03-10 00:31:15 	 Saved CSV: PZ22Dimer,Adamiak_3,Adamiak,3,refined_pair,0.6755392797828149,0.755254912049361,0.22116293423234568,PZ22Dimer_Adamiak_3_solution.pdb,PZ22Dimer_Adamiak_3_refined.pdb
2026-03-10 00:31:15 	 RUN refined_pair target=PZ22Dimer_Adamiak_4_solution.pdb model=PZ22Dimer_Adamiak_4_refined.pdb -> id=Adamiak_4
2026-03-10 00:31:15 	 Docker cmd: docker run --rm -v D:\Studia\Projekty\gsp-lab:/work -v D:\Studia\Projekty\RNA_assessment:/rna_assessment -e RNA_ASSESSMENT_ROOT=/rna_assessment -e PYTHONPATH=/rna_assessment mcannotate-runtime python3 /work/src/utils/INF.py /work/data/finished/PZ22Dimer/pdb/PZ22Dimer_Adamiak_4_solution.pdb /work/data/finished/PZ22Dimer/pdb/PZ22Dimer_Adamiak_4_refined.pdb
2026-03-10 00:31:18 	 Docker exit code: 0
2026-03-10 00:31:18 	 Docker output length: 380
2026-03-10 00:31:18 	 Saved CSV: PZ22Dimer,Adamiak_4,Adamiak,4,refined_pair,0.7020378500174638,0.7767356373806175,0.31277162108561213,PZ22Dimer_Adamiak_4_solution.pdb,PZ22Dimer_Adamiak_4_refined.pdb
2026-03-10 00:31:18 	 RUN refined_pair target=PZ22Dimer_Adamiak_5_solution.pdb model=PZ22Dimer_Adamiak_5_refined.pdb -> id=Adamiak_5
2026-03-10 00:31:18 	 Docker cmd: docker run --rm -v D:\Studia\Projekty\gsp-lab:/work -v D:\Studia\Projekty\RNA_assessment:/rna_assessment -e RNA_ASSESSMENT_ROOT=/rna_assessment -e PYTHONPATH=/rna_assessment mcannotate-runtime python3 /work/src/utils/INF.py /work/data/finished/PZ22Dimer/pdb/PZ22Dimer_Adamiak_5_solution.pdb /work/data/finished/PZ22Dimer/pdb/PZ22Dimer_Adamiak_5_refined.pdb
2026-03-10 00:31:23 	 Docker exit code: 0
2026-03-10 00:31:23 	 Docker output length: 379
2026-03-10 00:31:23 	 Saved CSV: PZ22Dimer,Adamiak_5,Adamiak,5,refined_pair,0.6475139970820968,0.7622159339667058,0.17349447958987207,PZ22Dimer_Adamiak_5_solution.pdb,PZ22Dimer_Adamiak_5_refined.pdb
2026-03-10 00:31:23 	 RUN refined_pair target=PZ22Dimer_Bujnicki_1_solution.pdb model=PZ22Dimer_Bujnicki_1_refined.pdb -> id=Bujnicki_1
2026-03-10 00:31:23 	 Docker cmd: docker run --rm -v D:\Studia\Projekty\gsp-lab:/work -v D:\Studia\Projekty\RNA_assessment:/rna_assessment -e RNA_ASSESSMENT_ROOT=/rna_assessment -e PYTHONPATH=/rna_assessment mcannotate-runtime python3 /work/src/utils/INF.py /work/data/finished/PZ22Dimer/pdb/PZ22Dimer_Bujnicki_1_solution.pdb /work/data/finished/PZ22Dimer/pdb/PZ22Dimer_Bujnicki_1_refined.pdb
2026-03-10 00:31:27 	 Docker exit code: 0
2026-03-10 00:31:27 	 Docker output length: 366
2026-03-10 00:31:27 	 Saved CSV: PZ22Dimer,Bujnicki_1,Bujnicki,1,refined_pair,0.6586842963906187,0.8713951676862338,0,PZ22Dimer_Bujnicki_1_solution.pdb,PZ22Dimer_Bujnicki_1_refined.pdb
2026-03-10 00:31:27 	 RUN refined_pair target=PZ22Dimer_Bujnicki_2_solution.pdb model=PZ22Dimer_Bujnicki_2_refined.pdb -> id=Bujnicki_2
2026-03-10 00:31:27 	 Docker cmd: docker run --rm -v D:\Studia\Projekty\gsp-lab:/work -v D:\Studia\Projekty\RNA_assessment:/rna_assessment -e RNA_ASSESSMENT_ROOT=/rna_assessment -e PYTHONPATH=/rna_assessment mcannotate-runtime python3 /work/src/utils/INF.py /work/data/finished/PZ22Dimer/pdb/PZ22Dimer_Bujnicki_2_solution.pdb /work/data/finished/PZ22Dimer/pdb/PZ22Dimer_Bujnicki_2_refined.pdb
2026-03-10 00:31:32 	 Docker exit code: 0
2026-03-10 00:31:32 	 Docker output length: 382
2026-03-10 00:31:32 	 Saved CSV: PZ22Dimer,Bujnicki_2,Bujnicki,2,refined_pair,0.6842183583511641,0.8785087156564869,0.07372097807744857,PZ22Dimer_Bujnicki_2_solution.pdb,PZ22Dimer_Bujnicki_2_refined.pdb
2026-03-10 00:31:32 	 RUN refined_pair target=PZ22Dimer_Bujnicki_3_solution.pdb model=PZ22Dimer_Bujnicki_3_refined.pdb -> id=Bujnicki_3
2026-03-10 00:31:32 	 Docker cmd: docker run --rm -v D:\Studia\Projekty\gsp-lab:/work -v D:\Studia\Projekty\RNA_assessment:/rna_assessment -e RNA_ASSESSMENT_ROOT=/rna_assessment -e PYTHONPATH=/rna_assessment mcannotate-runtime python3 /work/src/utils/INF.py /work/data/finished/PZ22Dimer/pdb/PZ22Dimer_Bujnicki_3_solution.pdb /work/data/finished/PZ22Dimer/pdb/PZ22Dimer_Bujnicki_3_refined.pdb
2026-03-10 00:31:36 	 Docker exit code: 0
2026-03-10 00:31:36 	 Docker output length: 381
2026-03-10 00:31:36 	 Saved CSV: PZ22Dimer,Bujnicki_3,Bujnicki,3,refined_pair,0.5990967368408634,0.6619168182176299,0.17025130615174972,PZ22Dimer_Bujnicki_3_solution.pdb,PZ22Dimer_Bujnicki_3_refined.pdb
2026-03-10 00:31:36 	 RUN refined_pair target=PZ22Dimer_Bujnicki_4_solution.pdb model=PZ22Dimer_Bujnicki_4_refined.pdb -> id=Bujnicki_4
2026-03-10 00:31:36 	 Docker cmd: docker run --rm -v D:\Studia\Projekty\gsp-lab:/work -v D:\Studia\Projekty\RNA_assessment:/rna_assessment -e RNA_ASSESSMENT_ROOT=/rna_assessment -e PYTHONPATH=/rna_assessment mcannotate-runtime python3 /work/src/utils/INF.py /work/data/finished/PZ22Dimer/pdb/PZ22Dimer_Bujnicki_4_solution.pdb /work/data/finished/PZ22Dimer/pdb/PZ22Dimer_Bujnicki_4_refined.pdb
2026-03-10 00:31:41 	 Docker exit code: 0
2026-03-10 00:31:41 	 Docker output length: 366
2026-03-10 00:31:41 	 Saved CSV: PZ22Dimer,Bujnicki_4,Bujnicki,4,refined_pair,0.623253863326382,0.7418865120995429,0,PZ22Dimer_Bujnicki_4_solution.pdb,PZ22Dimer_Bujnicki_4_refined.pdb
2026-03-10 00:31:41 	 RUN refined_pair target=PZ22Dimer_Bujnicki_5_solution.pdb model=PZ22Dimer_Bujnicki_5_refined.pdb -> id=Bujnicki_5
2026-03-10 00:31:41 	 Docker cmd: docker run --rm -v D:\Studia\Projekty\gsp-lab:/work -v D:\Studia\Projekty\RNA_assessment:/rna_assessment -e RNA_ASSESSMENT_ROOT=/rna_assessment -e PYTHONPATH=/rna_assessment mcannotate-runtime python3 /work/src/utils/INF.py /work/data/finished/PZ22Dimer/pdb/PZ22Dimer_Bujnicki_5_solution.pdb /work/data/finished/PZ22Dimer/pdb/PZ22Dimer_Bujnicki_5_refined.pdb
2026-03-10 00:31:46 	 Docker exit code: 0
2026-03-10 00:31:46 	 Docker output length: 366
2026-03-10 00:31:46 	 Saved CSV: PZ22Dimer,Bujnicki_5,Bujnicki,5,refined_pair,0.4818184569039195,0.3434732248795389,0,PZ22Dimer_Bujnicki_5_solution.pdb,PZ22Dimer_Bujnicki_5_refined.pdb
2026-03-10 00:31:46 	 RUN refined_pair target=PZ22Dimer_Chen_1_solution.pdb model=PZ22Dimer_Chen_1_refined.pdb -> id=Chen_1
2026-03-10 00:31:46 	 Docker cmd: docker run --rm -v D:\Studia\Projekty\gsp-lab:/work -v D:\Studia\Projekty\RNA_assessment:/rna_assessment -e RNA_ASSESSMENT_ROOT=/rna_assessment -e PYTHONPATH=/rna_assessment mcannotate-runtime python3 /work/src/utils/INF.py /work/data/finished/PZ22Dimer/pdb/PZ22Dimer_Chen_1_solution.pdb /work/data/finished/PZ22Dimer/pdb/PZ22Dimer_Chen_1_refined.pdb
2026-03-10 00:31:50 	 Docker exit code: 0
2026-03-10 00:31:50 	 Docker output length: 373
2026-03-10 00:31:50 	 Saved CSV: PZ22Dimer,Chen_1,Chen,1,refined_pair,0.7519206177414045,0.9232476577353844,0.2407717061715384,PZ22Dimer_Chen_1_solution.pdb,PZ22Dimer_Chen_1_refined.pdb
2026-03-10 00:31:50 	 RUN refined_pair target=PZ22Dimer_Chen_2_solution.pdb model=PZ22Dimer_Chen_2_refined.pdb -> id=Chen_2
2026-03-10 00:31:50 	 Docker cmd: docker run --rm -v D:\Studia\Projekty\gsp-lab:/work -v D:\Studia\Projekty\RNA_assessment:/rna_assessment -e RNA_ASSESSMENT_ROOT=/rna_assessment -e PYTHONPATH=/rna_assessment mcannotate-runtime python3 /work/src/utils/INF.py /work/data/finished/PZ22Dimer/pdb/PZ22Dimer_Chen_2_solution.pdb /work/data/finished/PZ22Dimer/pdb/PZ22Dimer_Chen_2_refined.pdb
2026-03-10 00:31:54 	 Docker exit code: 0
2026-03-10 00:31:54 	 Docker output length: 375
2026-03-10 00:31:54 	 Saved CSV: PZ22Dimer,Chen_2,Chen,2,refined_pair,0.7355131486497944,0.9337145191092149,0.29488391230979427,PZ22Dimer_Chen_2_solution.pdb,PZ22Dimer_Chen_2_refined.pdb
2026-03-10 00:31:54 	 RUN refined_pair target=PZ22Dimer_Chen_3_solution.pdb model=PZ22Dimer_Chen_3_refined.pdb -> id=Chen_3
2026-03-10 00:31:54 	 Docker cmd: docker run --rm -v D:\Studia\Projekty\gsp-lab:/work -v D:\Studia\Projekty\RNA_assessment:/rna_assessment -e RNA_ASSESSMENT_ROOT=/rna_assessment -e PYTHONPATH=/rna_assessment mcannotate-runtime python3 /work/src/utils/INF.py /work/data/finished/PZ22Dimer/pdb/PZ22Dimer_Chen_3_solution.pdb /work/data/finished/PZ22Dimer/pdb/PZ22Dimer_Chen_3_refined.pdb
2026-03-10 00:31:59 	 Docker exit code: 0
2026-03-10 00:31:59 	 Docker output length: 373
2026-03-10 00:31:59 	 Saved CSV: PZ22Dimer,Chen_3,Chen,3,refined_pair,0.724013038739113,0.9337145191092149,0.20851441405707477,PZ22Dimer_Chen_3_solution.pdb,PZ22Dimer_Chen_3_refined.pdb
2026-03-10 00:31:59 	 RUN refined_pair target=PZ22Dimer_Chen_4_solution.pdb model=PZ22Dimer_Chen_4_refined.pdb -> id=Chen_4
2026-03-10 00:31:59 	 Docker cmd: docker run --rm -v D:\Studia\Projekty\gsp-lab:/work -v D:\Studia\Projekty\RNA_assessment:/rna_assessment -e RNA_ASSESSMENT_ROOT=/rna_assessment -e PYTHONPATH=/rna_assessment mcannotate-runtime python3 /work/src/utils/INF.py /work/data/finished/PZ22Dimer/pdb/PZ22Dimer_Chen_4_solution.pdb /work/data/finished/PZ22Dimer/pdb/PZ22Dimer_Chen_4_refined.pdb
2026-03-10 00:32:02 	 Docker exit code: 0
2026-03-10 00:32:02 	 Docker output length: 374
2026-03-10 00:32:02 	 Saved CSV: PZ22Dimer,Chen_4,Chen,4,refined_pair,0.7376236641748547,0.9232476577353844,0.20851441405707477,PZ22Dimer_Chen_4_solution.pdb,PZ22Dimer_Chen_4_refined.pdb
2026-03-10 00:32:02 	 RUN refined_pair target=PZ22Dimer_Chen_5_solution.pdb model=PZ22Dimer_Chen_5_refined.pdb -> id=Chen_5
2026-03-10 00:32:02 	 Docker cmd: docker run --rm -v D:\Studia\Projekty\gsp-lab:/work -v D:\Studia\Projekty\RNA_assessment:/rna_assessment -e RNA_ASSESSMENT_ROOT=/rna_assessment -e PYTHONPATH=/rna_assessment mcannotate-runtime python3 /work/src/utils/INF.py /work/data/finished/PZ22Dimer/pdb/PZ22Dimer_Chen_5_solution.pdb /work/data/finished/PZ22Dimer/pdb/PZ22Dimer_Chen_5_refined.pdb
2026-03-10 00:32:05 	 Docker exit code: 0
2026-03-10 00:32:05 	 Docker output length: 374
2026-03-10 00:32:05 	 Saved CSV: PZ22Dimer,Chen_5,Chen,5,refined_pair,0.7431475254456122,0.9337145191092149,0.2407717061715384,PZ22Dimer_Chen_5_solution.pdb,PZ22Dimer_Chen_5_refined.pdb
2026-03-10 00:32:05 	 RUN refined_pair target=PZ22Dimer_Das_1_solution.pdb model=PZ22Dimer_Das_1_refined.pdb -> id=Das_1
2026-03-10 00:32:05 	 Docker cmd: docker run --rm -v D:\Studia\Projekty\gsp-lab:/work -v D:\Studia\Projekty\RNA_assessment:/rna_assessment -e RNA_ASSESSMENT_ROOT=/rna_assessment -e PYTHONPATH=/rna_assessment mcannotate-runtime python3 /work/src/utils/INF.py /work/data/finished/PZ22Dimer/pdb/PZ22Dimer_Das_1_solution.pdb /work/data/finished/PZ22Dimer/pdb/PZ22Dimer_Das_1_refined.pdb
2026-03-10 00:32:10 	 Docker exit code: 0
2026-03-10 00:32:10 	 Docker output length: 372
2026-03-10 00:32:11 	 Saved CSV: PZ22Dimer,Das_1,Das,1,refined_pair,0.6539784217704621,0.8349908101841637,0.11145564251507056,PZ22Dimer_Das_1_solution.pdb,PZ22Dimer_Das_1_refined.pdb
2026-03-10 00:32:11 	 RUN refined_pair target=PZ22Dimer_Das_10_solution.pdb model=PZ22Dimer_Das_10_refined.pdb -> id=Das_10
2026-03-10 00:32:11 	 Docker cmd: docker run --rm -v D:\Studia\Projekty\gsp-lab:/work -v D:\Studia\Projekty\RNA_assessment:/rna_assessment -e RNA_ASSESSMENT_ROOT=/rna_assessment -e PYTHONPATH=/rna_assessment mcannotate-runtime python3 /work/src/utils/INF.py /work/data/finished/PZ22Dimer/pdb/PZ22Dimer_Das_10_solution.pdb /work/data/finished/PZ22Dimer/pdb/PZ22Dimer_Das_10_refined.pdb
2026-03-10 00:32:15 	 Docker exit code: 0
2026-03-10 00:32:15 	 Docker output length: 374
2026-03-10 00:32:15 	 Saved CSV: PZ22Dimer,Das_10,Das,10,refined_pair,0.6327551320182833,0.8046172777075038,0.05572782125753528,PZ22Dimer_Das_10_solution.pdb,PZ22Dimer_Das_10_refined.pdb
2026-03-10 00:32:15 	 RUN refined_pair target=PZ22Dimer_Das_2_solution.pdb model=PZ22Dimer_Das_2_refined.pdb -> id=Das_2
2026-03-10 00:32:15 	 Docker cmd: docker run --rm -v D:\Studia\Projekty\gsp-lab:/work -v D:\Studia\Projekty\RNA_assessment:/rna_assessment -e RNA_ASSESSMENT_ROOT=/rna_assessment -e PYTHONPATH=/rna_assessment mcannotate-runtime python3 /work/src/utils/INF.py /work/data/finished/PZ22Dimer/pdb/PZ22Dimer_Das_2_solution.pdb /work/data/finished/PZ22Dimer/pdb/PZ22Dimer_Das_2_refined.pdb
2026-03-10 00:32:19 	 Docker exit code: 0
2026-03-10 00:32:19 	 Docker output length: 373
2026-03-10 00:32:19 	 Saved CSV: PZ22Dimer,Das_2,Das,2,refined_pair,0.6603855820758352,0.8641691793396834,0.06950480468569159,PZ22Dimer_Das_2_solution.pdb,PZ22Dimer_Das_2_refined.pdb
2026-03-10 00:32:19 	 RUN refined_pair target=PZ22Dimer_Das_3_solution.pdb model=PZ22Dimer_Das_3_refined.pdb -> id=Das_3
2026-03-10 00:32:19 	 Docker cmd: docker run --rm -v D:\Studia\Projekty\gsp-lab:/work -v D:\Studia\Projekty\RNA_assessment:/rna_assessment -e RNA_ASSESSMENT_ROOT=/rna_assessment -e PYTHONPATH=/rna_assessment mcannotate-runtime python3 /work/src/utils/INF.py /work/data/finished/PZ22Dimer/pdb/PZ22Dimer_Das_3_solution.pdb /work/data/finished/PZ22Dimer/pdb/PZ22Dimer_Das_3_refined.pdb
2026-03-10 00:32:23 	 Docker exit code: 0
2026-03-10 00:32:23 	 Docker output length: 372
2026-03-10 00:32:23 	 Saved CSV: PZ22Dimer,Das_3,Das,3,refined_pair,0.6720660471060651,0.8574929257125442,0.07372097807744857,PZ22Dimer_Das_3_solution.pdb,PZ22Dimer_Das_3_refined.pdb
2026-03-10 00:32:23 	 RUN refined_pair target=PZ22Dimer_Das_4_solution.pdb model=PZ22Dimer_Das_4_refined.pdb -> id=Das_4
2026-03-10 00:32:23 	 Docker cmd: docker run --rm -v D:\Studia\Projekty\gsp-lab:/work -v D:\Studia\Projekty\RNA_assessment:/rna_assessment -e RNA_ASSESSMENT_ROOT=/rna_assessment -e PYTHONPATH=/rna_assessment mcannotate-runtime python3 /work/src/utils/INF.py /work/data/finished/PZ22Dimer/pdb/PZ22Dimer_Das_4_solution.pdb /work/data/finished/PZ22Dimer/pdb/PZ22Dimer_Das_4_refined.pdb
2026-03-10 00:32:27 	 Docker exit code: 0
2026-03-10 00:32:27 	 Docker output length: 373
2026-03-10 00:32:27 	 Saved CSV: PZ22Dimer,Das_4,Das,4,refined_pair,0.6651085159423943,0.8932746021179414,0.14744195615489714,PZ22Dimer_Das_4_solution.pdb,PZ22Dimer_Das_4_refined.pdb
2026-03-10 00:32:27 	 RUN refined_pair target=PZ22Dimer_Das_5_solution.pdb model=PZ22Dimer_Das_5_refined.pdb -> id=Das_5
2026-03-10 00:32:27 	 Docker cmd: docker run --rm -v D:\Studia\Projekty\gsp-lab:/work -v D:\Studia\Projekty\RNA_assessment:/rna_assessment -e RNA_ASSESSMENT_ROOT=/rna_assessment -e PYTHONPATH=/rna_assessment mcannotate-runtime python3 /work/src/utils/INF.py /work/data/finished/PZ22Dimer/pdb/PZ22Dimer_Das_5_solution.pdb /work/data/finished/PZ22Dimer/pdb/PZ22Dimer_Das_5_refined.pdb
2026-03-10 00:32:32 	 Docker exit code: 0
2026-03-10 00:32:32 	 Docker output length: 373
2026-03-10 00:32:32 	 Saved CSV: PZ22Dimer,Das_5,Das,5,refined_pair,0.6651739535610158,0.8997354108424374,0.07372097807744857,PZ22Dimer_Das_5_solution.pdb,PZ22Dimer_Das_5_refined.pdb
2026-03-10 00:32:32 	 RUN refined_pair target=PZ22Dimer_Das_6_solution.pdb model=PZ22Dimer_Das_6_refined.pdb -> id=Das_6
2026-03-10 00:32:32 	 Docker cmd: docker run --rm -v D:\Studia\Projekty\gsp-lab:/work -v D:\Studia\Projekty\RNA_assessment:/rna_assessment -e RNA_ASSESSMENT_ROOT=/rna_assessment -e PYTHONPATH=/rna_assessment mcannotate-runtime python3 /work/src/utils/INF.py /work/data/finished/PZ22Dimer/pdb/PZ22Dimer_Das_6_solution.pdb /work/data/finished/PZ22Dimer/pdb/PZ22Dimer_Das_6_refined.pdb
2026-03-10 00:32:35 	 Docker exit code: 0
2026-03-10 00:32:35 	 Docker output length: 372
2026-03-10 00:32:35 	 Saved CSV: PZ22Dimer,Das_6,Das,6,refined_pair,0.6684915499697452,0.9009423359073296,0.1203858530857692,PZ22Dimer_Das_6_solution.pdb,PZ22Dimer_Das_6_refined.pdb
2026-03-10 00:32:35 	 RUN refined_pair target=PZ22Dimer_Das_7_solution.pdb model=PZ22Dimer_Das_7_refined.pdb -> id=Das_7
2026-03-10 00:32:35 	 Docker cmd: docker run --rm -v D:\Studia\Projekty\gsp-lab:/work -v D:\Studia\Projekty\RNA_assessment:/rna_assessment -e RNA_ASSESSMENT_ROOT=/rna_assessment -e PYTHONPATH=/rna_assessment mcannotate-runtime python3 /work/src/utils/INF.py /work/data/finished/PZ22Dimer/pdb/PZ22Dimer_Das_7_solution.pdb /work/data/finished/PZ22Dimer/pdb/PZ22Dimer_Das_7_refined.pdb
2026-03-10 00:32:38 	 Docker exit code: 0
2026-03-10 00:32:38 	 Docker output length: 373
2026-03-10 00:32:38 	 Saved CSV: PZ22Dimer,Das_7,Das,7,refined_pair,0.6897360523903167,0.9009423359073296,0.14744195615489714,PZ22Dimer_Das_7_solution.pdb,PZ22Dimer_Das_7_refined.pdb
2026-03-10 00:32:38 	 RUN refined_pair target=PZ22Dimer_Das_8_solution.pdb model=PZ22Dimer_Das_8_refined.pdb -> id=Das_8
2026-03-10 00:32:38 	 Docker cmd: docker run --rm -v D:\Studia\Projekty\gsp-lab:/work -v D:\Studia\Projekty\RNA_assessment:/rna_assessment -e RNA_ASSESSMENT_ROOT=/rna_assessment -e PYTHONPATH=/rna_assessment mcannotate-runtime python3 /work/src/utils/INF.py /work/data/finished/PZ22Dimer/pdb/PZ22Dimer_Das_8_solution.pdb /work/data/finished/PZ22Dimer/pdb/PZ22Dimer_Das_8_refined.pdb
2026-03-10 00:32:43 	 Docker exit code: 0
2026-03-10 00:32:43 	 Docker output length: 373
2026-03-10 00:32:43 	 Saved CSV: PZ22Dimer,Das_8,Das,8,refined_pair,0.6897360523903167,0.9009423359073296,0.17025130615174972,PZ22Dimer_Das_8_solution.pdb,PZ22Dimer_Das_8_refined.pdb
2026-03-10 00:32:43 	 RUN refined_pair target=PZ22Dimer_Das_9_solution.pdb model=PZ22Dimer_Das_9_refined.pdb -> id=Das_9
2026-03-10 00:32:43 	 Docker cmd: docker run --rm -v D:\Studia\Projekty\gsp-lab:/work -v D:\Studia\Projekty\RNA_assessment:/rna_assessment -e RNA_ASSESSMENT_ROOT=/rna_assessment -e PYTHONPATH=/rna_assessment mcannotate-runtime python3 /work/src/utils/INF.py /work/data/finished/PZ22Dimer/pdb/PZ22Dimer_Das_9_solution.pdb /work/data/finished/PZ22Dimer/pdb/PZ22Dimer_Das_9_refined.pdb
2026-03-10 00:32:48 	 Docker exit code: 0
2026-03-10 00:32:48 	 Docker output length: 373
2026-03-10 00:32:48 	 Saved CSV: PZ22Dimer,Das_9,Das,9,refined_pair,0.6802074799231778,0.8932746021179414,0.08512565307587486,PZ22Dimer_Das_9_solution.pdb,PZ22Dimer_Das_9_refined.pdb
2026-03-10 00:32:48 	 RUN refined_pair target=PZ22Dimer_Dokholyan_1_solution.pdb model=PZ22Dimer_Dokholyan_1_refined.pdb -> id=Dokholyan_1
2026-03-10 00:32:48 	 Docker cmd: docker run --rm -v D:\Studia\Projekty\gsp-lab:/work -v D:\Studia\Projekty\RNA_assessment:/rna_assessment -e RNA_ASSESSMENT_ROOT=/rna_assessment -e PYTHONPATH=/rna_assessment mcannotate-runtime python3 /work/src/utils/INF.py /work/data/finished/PZ22Dimer/pdb/PZ22Dimer_Dokholyan_1_solution.pdb /work/data/finished/PZ22Dimer/pdb/PZ22Dimer_Dokholyan_1_refined.pdb
2026-03-10 00:32:51 	 Docker exit code: 0
2026-03-10 00:32:51 	 Docker output length: 364
2026-03-10 00:32:51 	 Saved CSV: PZ22Dimer,Dokholyan_1,Dokholyan,1,refined_pair,0.5945101687874972,0.6478835438717,0,PZ22Dimer_Dokholyan_1_solution.pdb,PZ22Dimer_Dokholyan_1_refined.pdb
2026-03-10 00:32:51 	 RUN refined_pair target=PZ22Dimer_Dokholyan_2_solution.pdb model=PZ22Dimer_Dokholyan_2_refined.pdb -> id=Dokholyan_2
2026-03-10 00:32:51 	 Docker cmd: docker run --rm -v D:\Studia\Projekty\gsp-lab:/work -v D:\Studia\Projekty\RNA_assessment:/rna_assessment -e RNA_ASSESSMENT_ROOT=/rna_assessment -e PYTHONPATH=/rna_assessment mcannotate-runtime python3 /work/src/utils/INF.py /work/data/finished/PZ22Dimer/pdb/PZ22Dimer_Dokholyan_2_solution.pdb /work/data/finished/PZ22Dimer/pdb/PZ22Dimer_Dokholyan_2_refined.pdb
2026-03-10 00:32:55 	 Docker exit code: 0
2026-03-10 00:32:55 	 Docker output length: 384
2026-03-10 00:32:55 	 Saved CSV: PZ22Dimer,Dokholyan_2,Dokholyan,2,refined_pair,0.6263672000184446,0.6733003292241385,0.08512565307587486,PZ22Dimer_Dokholyan_2_solution.pdb,PZ22Dimer_Dokholyan_2_refined.pdb
2026-03-10 00:32:55 	 RUN refined_pair target=PZ22Dimer_Dokholyan_3_solution.pdb model=PZ22Dimer_Dokholyan_3_refined.pdb -> id=Dokholyan_3
2026-03-10 00:32:55 	 Docker cmd: docker run --rm -v D:\Studia\Projekty\gsp-lab:/work -v D:\Studia\Projekty\RNA_assessment:/rna_assessment -e RNA_ASSESSMENT_ROOT=/rna_assessment -e PYTHONPATH=/rna_assessment mcannotate-runtime python3 /work/src/utils/INF.py /work/data/finished/PZ22Dimer/pdb/PZ22Dimer_Dokholyan_3_solution.pdb /work/data/finished/PZ22Dimer/pdb/PZ22Dimer_Dokholyan_3_refined.pdb
2026-03-10 00:33:00 	 Docker exit code: 0
2026-03-10 00:33:00 	 Docker output length: 369
2026-03-10 00:33:00 	 Saved CSV: PZ22Dimer,Dokholyan_3,Dokholyan,3,refined_pair,0.5998338640422256,0.6990620736425557,0,PZ22Dimer_Dokholyan_3_solution.pdb,PZ22Dimer_Dokholyan_3_refined.pdb
2026-03-10 00:33:00 	 RUN refined_pair target=PZ22Dimer_Dokholyan_4_solution.pdb model=PZ22Dimer_Dokholyan_4_refined.pdb -> id=Dokholyan_4
2026-03-10 00:33:00 	 Docker cmd: docker run --rm -v D:\Studia\Projekty\gsp-lab:/work -v D:\Studia\Projekty\RNA_assessment:/rna_assessment -e RNA_ASSESSMENT_ROOT=/rna_assessment -e PYTHONPATH=/rna_assessment mcannotate-runtime python3 /work/src/utils/INF.py /work/data/finished/PZ22Dimer/pdb/PZ22Dimer_Dokholyan_4_solution.pdb /work/data/finished/PZ22Dimer/pdb/PZ22Dimer_Dokholyan_4_refined.pdb
2026-03-10 00:33:03 	 Docker exit code: 0
2026-03-10 00:33:03 	 Docker output length: 367
2026-03-10 00:33:03 	 Saved CSV: PZ22Dimer,Dokholyan_4,Dokholyan,4,refined_pair,0.5963833779129926,0.6859943405700354,0,PZ22Dimer_Dokholyan_4_solution.pdb,PZ22Dimer_Dokholyan_4_refined.pdb
2026-03-10 00:33:03 	 RUN refined_pair target=PZ22Dimer_Dokholyan_5_solution.pdb model=PZ22Dimer_Dokholyan_5_refined.pdb -> id=Dokholyan_5
2026-03-10 00:33:03 	 Docker cmd: docker run --rm -v D:\Studia\Projekty\gsp-lab:/work -v D:\Studia\Projekty\RNA_assessment:/rna_assessment -e RNA_ASSESSMENT_ROOT=/rna_assessment -e PYTHONPATH=/rna_assessment mcannotate-runtime python3 /work/src/utils/INF.py /work/data/finished/PZ22Dimer/pdb/PZ22Dimer_Dokholyan_5_solution.pdb /work/data/finished/PZ22Dimer/pdb/PZ22Dimer_Dokholyan_5_refined.pdb
2026-03-10 00:33:08 	 Docker exit code: 0
2026-03-10 00:33:08 	 Docker output length: 384
2026-03-10 00:33:08 	 Saved CSV: PZ22Dimer,Dokholyan_5,Dokholyan,5,refined_pair,0.6269812302167532,0.6796436827080402,0.07372097807744857,PZ22Dimer_Dokholyan_5_solution.pdb,PZ22Dimer_Dokholyan_5_refined.pdb
2026-03-10 00:33:08 	 RUN refined_pair target=PZ22Dimer_SimRNA_1_solution.pdb model=PZ22Dimer_SimRNA_1_refined.pdb -> id=SimRNA_1
2026-03-10 00:33:08 	 Docker cmd: docker run --rm -v D:\Studia\Projekty\gsp-lab:/work -v D:\Studia\Projekty\RNA_assessment:/rna_assessment -e RNA_ASSESSMENT_ROOT=/rna_assessment -e PYTHONPATH=/rna_assessment mcannotate-runtime python3 /work/src/utils/INF.py /work/data/finished/PZ22Dimer/pdb/PZ22Dimer_SimRNA_1_solution.pdb /work/data/finished/PZ22Dimer/pdb/PZ22Dimer_SimRNA_1_refined.pdb
2026-03-10 00:33:12 	 Docker exit code: 0
2026-03-10 00:33:12 	 Docker output length: 378
2026-03-10 00:33:12 	 Saved CSV: PZ22Dimer,SimRNA_1,SimRNA,1,refined_pair,0.5923446885725835,0.7233393492970543,0.0601929265428846,PZ22Dimer_SimRNA_1_solution.pdb,PZ22Dimer_SimRNA_1_refined.pdb
2026-03-10 00:33:12 	 RUN refined_pair target=PZ22Dimer_SimRNA_2_solution.pdb model=PZ22Dimer_SimRNA_2_refined.pdb -> id=SimRNA_2
2026-03-10 00:33:12 	 Docker cmd: docker run --rm -v D:\Studia\Projekty\gsp-lab:/work -v D:\Studia\Projekty\RNA_assessment:/rna_assessment -e RNA_ASSESSMENT_ROOT=/rna_assessment -e PYTHONPATH=/rna_assessment mcannotate-runtime python3 /work/src/utils/INF.py /work/data/finished/PZ22Dimer/pdb/PZ22Dimer_SimRNA_2_solution.pdb /work/data/finished/PZ22Dimer/pdb/PZ22Dimer_SimRNA_2_refined.pdb
2026-03-10 00:33:16 	 Docker exit code: 0
2026-03-10 00:33:16 	 Docker output length: 362
2026-03-10 00:33:16 	 Saved CSV: PZ22Dimer,SimRNA_2,SimRNA,2,refined_pair,0.6341608938380239,0.8160751633094973,0,PZ22Dimer_SimRNA_2_solution.pdb,PZ22Dimer_SimRNA_2_refined.pdb
2026-03-10 00:33:16 	 RUN refined_pair target=PZ22Dimer_SimRNA_3_solution.pdb model=PZ22Dimer_SimRNA_3_refined.pdb -> id=SimRNA_3
2026-03-10 00:33:16 	 Docker cmd: docker run --rm -v D:\Studia\Projekty\gsp-lab:/work -v D:\Studia\Projekty\RNA_assessment:/rna_assessment -e RNA_ASSESSMENT_ROOT=/rna_assessment -e PYTHONPATH=/rna_assessment mcannotate-runtime python3 /work/src/utils/INF.py /work/data/finished/PZ22Dimer/pdb/PZ22Dimer_SimRNA_3_solution.pdb /work/data/finished/PZ22Dimer/pdb/PZ22Dimer_SimRNA_3_refined.pdb
2026-03-10 00:33:20 	 Docker exit code: 0
2026-03-10 00:33:20 	 Docker output length: 378
2026-03-10 00:33:20 	 Saved CSV: PZ22Dimer,SimRNA_3,SimRNA,3,refined_pair,0.6240697230680665,0.717492166446893,0.08512565307587486,PZ22Dimer_SimRNA_3_solution.pdb,PZ22Dimer_SimRNA_3_refined.pdb
2026-03-10 00:33:20 	 RUN refined_pair target=PZ22Dimer_SimRNA_4_solution.pdb model=PZ22Dimer_SimRNA_4_refined.pdb -> id=SimRNA_4
2026-03-10 00:33:20 	 Docker cmd: docker run --rm -v D:\Studia\Projekty\gsp-lab:/work -v D:\Studia\Projekty\RNA_assessment:/rna_assessment -e RNA_ASSESSMENT_ROOT=/rna_assessment -e PYTHONPATH=/rna_assessment mcannotate-runtime python3 /work/src/utils/INF.py /work/data/finished/PZ22Dimer/pdb/PZ22Dimer_SimRNA_4_solution.pdb /work/data/finished/PZ22Dimer/pdb/PZ22Dimer_SimRNA_4_refined.pdb
2026-03-10 00:33:24 	 Docker exit code: 0
2026-03-10 00:33:24 	 Docker output length: 362
2026-03-10 00:33:24 	 Saved CSV: PZ22Dimer,SimRNA_4,SimRNA,4,refined_pair,0.6274950199005567,0.8046172777075038,0,PZ22Dimer_SimRNA_4_solution.pdb,PZ22Dimer_SimRNA_4_refined.pdb
2026-03-10 00:33:24 	 RUN refined_pair target=PZ22Dimer_SimRNA_5_solution.pdb model=PZ22Dimer_SimRNA_5_refined.pdb -> id=SimRNA_5
2026-03-10 00:33:24 	 Docker cmd: docker run --rm -v D:\Studia\Projekty\gsp-lab:/work -v D:\Studia\Projekty\RNA_assessment:/rna_assessment -e RNA_ASSESSMENT_ROOT=/rna_assessment -e PYTHONPATH=/rna_assessment mcannotate-runtime python3 /work/src/utils/INF.py /work/data/finished/PZ22Dimer/pdb/PZ22Dimer_SimRNA_5_solution.pdb /work/data/finished/PZ22Dimer/pdb/PZ22Dimer_SimRNA_5_refined.pdb
2026-03-10 00:33:27 	 Docker exit code: 0
2026-03-10 00:33:27 	 Docker output length: 376
2026-03-10 00:33:27 	 Saved CSV: PZ22Dimer,SimRNA_5,SimRNA,5,refined_pair,0.644069657804243,0.7622159339667058,0.1203858530857692,PZ22Dimer_SimRNA_5_solution.pdb,PZ22Dimer_SimRNA_5_refined.pdb
2026-03-10 00:33:27 	 RUN refined_pair target=PZ22Dimer_Xiao_1_solution.pdb model=PZ22Dimer_Xiao_1_refined.pdb -> id=Xiao_1
2026-03-10 00:33:27 	 Docker cmd: docker run --rm -v D:\Studia\Projekty\gsp-lab:/work -v D:\Studia\Projekty\RNA_assessment:/rna_assessment -e RNA_ASSESSMENT_ROOT=/rna_assessment -e PYTHONPATH=/rna_assessment mcannotate-runtime python3 /work/src/utils/INF.py /work/data/finished/PZ22Dimer/pdb/PZ22Dimer_Xiao_1_solution.pdb /work/data/finished/PZ22Dimer/pdb/PZ22Dimer_Xiao_1_refined.pdb
2026-03-10 00:33:32 	 Docker exit code: 0
2026-03-10 00:33:32 	 Docker output length: 374
2026-03-10 00:33:32 	 Saved CSV: PZ22Dimer,Xiao_1,Xiao,1,refined_pair,0.5935899201372868,0.6534640392130713,0.23643312187173018,PZ22Dimer_Xiao_1_solution.pdb,PZ22Dimer_Xiao_1_refined.pdb
2026-03-10 00:33:32 	 RUN refined_pair target=PZ22Dimer_Xiao_2_solution.pdb model=PZ22Dimer_Xiao_2_refined.pdb -> id=Xiao_2
2026-03-10 00:33:32 	 Docker cmd: docker run --rm -v D:\Studia\Projekty\gsp-lab:/work -v D:\Studia\Projekty\RNA_assessment:/rna_assessment -e RNA_ASSESSMENT_ROOT=/rna_assessment -e PYTHONPATH=/rna_assessment mcannotate-runtime python3 /work/src/utils/INF.py /work/data/finished/PZ22Dimer/pdb/PZ22Dimer_Xiao_2_solution.pdb /work/data/finished/PZ22Dimer/pdb/PZ22Dimer_Xiao_2_refined.pdb
2026-03-10 00:33:35 	 Docker exit code: 0
2026-03-10 00:33:35 	 Docker output length: 375
2026-03-10 00:33:35 	 Saved CSV: PZ22Dimer,Xiao_2,Xiao,2,refined_pair,0.5523060897787773,0.5451730205091055,0.23643312187173018,PZ22Dimer_Xiao_2_solution.pdb,PZ22Dimer_Xiao_2_refined.pdb
2026-03-10 00:33:35 	 RUN refined_pair target=PZ22Dimer_Xiao_3_solution.pdb model=PZ22Dimer_Xiao_3_refined.pdb -> id=Xiao_3
2026-03-10 00:33:35 	 Docker cmd: docker run --rm -v D:\Studia\Projekty\gsp-lab:/work -v D:\Studia\Projekty\RNA_assessment:/rna_assessment -e RNA_ASSESSMENT_ROOT=/rna_assessment -e PYTHONPATH=/rna_assessment mcannotate-runtime python3 /work/src/utils/INF.py /work/data/finished/PZ22Dimer/pdb/PZ22Dimer_Xiao_3_solution.pdb /work/data/finished/PZ22Dimer/pdb/PZ22Dimer_Xiao_3_refined.pdb
2026-03-10 00:33:41 	 Docker exit code: 0
2026-03-10 00:33:41 	 Docker output length: 375
2026-03-10 00:33:41 	 Saved CSV: PZ22Dimer,Xiao_3,Xiao,3,refined_pair,0.5523060897787773,0.6360351905939565,0.07881104062391006,PZ22Dimer_Xiao_3_solution.pdb,PZ22Dimer_Xiao_3_refined.pdb
2026-03-10 00:33:41 	 RUN refined_pair target=PZ22Dimer_Xiao_4_solution.pdb model=PZ22Dimer_Xiao_4_refined.pdb -> id=Xiao_4
2026-03-10 00:33:41 	 Docker cmd: docker run --rm -v D:\Studia\Projekty\gsp-lab:/work -v D:\Studia\Projekty\RNA_assessment:/rna_assessment -e RNA_ASSESSMENT_ROOT=/rna_assessment -e PYTHONPATH=/rna_assessment mcannotate-runtime python3 /work/src/utils/INF.py /work/data/finished/PZ22Dimer/pdb/PZ22Dimer_Xiao_4_solution.pdb /work/data/finished/PZ22Dimer/pdb/PZ22Dimer_Xiao_4_refined.pdb
2026-03-10 00:33:45 	 Docker exit code: 0
2026-03-10 00:33:45 	 Docker output length: 374
2026-03-10 00:33:45 	 Saved CSV: PZ22Dimer,Xiao_4,Xiao,4,refined_pair,0.6526174179658979,0.7468160448149386,0.17349447958987207,PZ22Dimer_Xiao_4_solution.pdb,PZ22Dimer_Xiao_4_refined.pdb
2026-03-10 00:33:45 	 RUN refined_pair target=PZ22Dimer_Xiao_5_solution.pdb model=PZ22Dimer_Xiao_5_refined.pdb -> id=Xiao_5
2026-03-10 00:33:45 	 Docker cmd: docker run --rm -v D:\Studia\Projekty\gsp-lab:/work -v D:\Studia\Projekty\RNA_assessment:/rna_assessment -e RNA_ASSESSMENT_ROOT=/rna_assessment -e PYTHONPATH=/rna_assessment mcannotate-runtime python3 /work/src/utils/INF.py /work/data/finished/PZ22Dimer/pdb/PZ22Dimer_Xiao_5_solution.pdb /work/data/finished/PZ22Dimer/pdb/PZ22Dimer_Xiao_5_refined.pdb
2026-03-10 00:33:49 	 Docker exit code: 0
2026-03-10 00:33:49 	 Docker output length: 374
2026-03-10 00:33:49 	 Saved CSV: PZ22Dimer,Xiao_5,Xiao,5,refined_pair,0.5963833779129926,0.6482037235521644,0.22116293423234568,PZ22Dimer_Xiao_5_solution.pdb,PZ22Dimer_Xiao_5_refined.pdb
2026-03-10 00:33:49 	 SKIP (model is a solution file): PZ22Dimer_Adamiak_1_solution.pdb
2026-03-10 00:33:49 	 SKIP (model is a solution file): PZ22Dimer_Adamiak_2_solution.pdb
2026-03-10 00:33:49 	 SKIP (model is a solution file): PZ22Dimer_Adamiak_3_solution.pdb
2026-03-10 00:33:49 	 SKIP (model is a solution file): PZ22Dimer_Adamiak_4_solution.pdb
2026-03-10 00:33:49 	 SKIP (model is a solution file): PZ22Dimer_Adamiak_5_solution.pdb
2026-03-10 00:33:49 	 SKIP (model is a solution file): PZ22Dimer_Bujnicki_1_solution.pdb
2026-03-10 00:33:49 	 SKIP (model is a solution file): PZ22Dimer_Bujnicki_2_solution.pdb
2026-03-10 00:33:49 	 SKIP (model is a solution file): PZ22Dimer_Bujnicki_3_solution.pdb
2026-03-10 00:33:49 	 SKIP (model is a solution file): PZ22Dimer_Bujnicki_4_solution.pdb
2026-03-10 00:33:49 	 SKIP (model is a solution file): PZ22Dimer_Bujnicki_5_solution.pdb
2026-03-10 00:33:49 	 SKIP (model is a solution file): PZ22Dimer_Chen_1_solution.pdb
2026-03-10 00:33:49 	 SKIP (model is a solution file): PZ22Dimer_Chen_2_solution.pdb
2026-03-10 00:33:49 	 SKIP (model is a solution file): PZ22Dimer_Chen_3_solution.pdb
2026-03-10 00:33:49 	 SKIP (model is a solution file): PZ22Dimer_Chen_4_solution.pdb
2026-03-10 00:33:49 	 SKIP (model is a solution file): PZ22Dimer_Chen_5_solution.pdb
2026-03-10 00:33:49 	 SKIP (model is a solution file): PZ22Dimer_Das_1_solution.pdb
2026-03-10 00:33:49 	 SKIP (model is a solution file): PZ22Dimer_Das_10_solution.pdb
2026-03-10 00:33:49 	 SKIP (model is a solution file): PZ22Dimer_Das_2_solution.pdb
2026-03-10 00:33:49 	 SKIP (model is a solution file): PZ22Dimer_Das_3_solution.pdb
2026-03-10 00:33:49 	 SKIP (model is a solution file): PZ22Dimer_Das_4_solution.pdb
2026-03-10 00:33:49 	 SKIP (model is a solution file): PZ22Dimer_Das_5_solution.pdb
2026-03-10 00:33:49 	 SKIP (model is a solution file): PZ22Dimer_Das_6_solution.pdb
2026-03-10 00:33:49 	 SKIP (model is a solution file): PZ22Dimer_Das_7_solution.pdb
2026-03-10 00:33:49 	 SKIP (model is a solution file): PZ22Dimer_Das_8_solution.pdb
2026-03-10 00:33:49 	 SKIP (model is a solution file): PZ22Dimer_Das_9_solution.pdb
2026-03-10 00:33:49 	 SKIP (model is a solution file): PZ22Dimer_Dokholyan_1_solution.pdb
2026-03-10 00:33:49 	 SKIP (model is a solution file): PZ22Dimer_Dokholyan_2_solution.pdb
2026-03-10 00:33:49 	 SKIP (model is a solution file): PZ22Dimer_Dokholyan_3_solution.pdb
2026-03-10 00:33:49 	 SKIP (model is a solution file): PZ22Dimer_Dokholyan_4_solution.pdb
2026-03-10 00:33:49 	 SKIP (model is a solution file): PZ22Dimer_Dokholyan_5_solution.pdb
2026-03-10 00:33:49 	 SKIP (model is a solution file): PZ22Dimer_SimRNA_1_solution.pdb
2026-03-10 00:33:49 	 SKIP (model is a solution file): PZ22Dimer_SimRNA_2_solution.pdb
2026-03-10 00:33:49 	 SKIP (model is a solution file): PZ22Dimer_SimRNA_3_solution.pdb
2026-03-10 00:33:49 	 SKIP (model is a solution file): PZ22Dimer_SimRNA_4_solution.pdb
2026-03-10 00:33:49 	 SKIP (model is a solution file): PZ22Dimer_SimRNA_5_solution.pdb
2026-03-10 00:33:49 	 SKIP (model is a solution file): PZ22Dimer_Xiao_1_solution.pdb
2026-03-10 00:33:49 	 SKIP (model is a solution file): PZ22Dimer_Xiao_2_solution.pdb
2026-03-10 00:33:49 	 SKIP (model is a solution file): PZ22Dimer_Xiao_3_solution.pdb
2026-03-10 00:33:49 	 SKIP (model is a solution file): PZ22Dimer_Xiao_4_solution.pdb
2026-03-10 00:33:49 	 SKIP (model is a solution file): PZ22Dimer_Xiao_5_solution.pdb
2026-03-10 00:33:49 	 DONE case: PZ22Dimer
2026-03-10 01:12:40 	 START case: PZ22Dimer
2026-03-10 01:12:40 	 caseDir: D:\Studia\Projekty\gsp-lab\data\finished\PZ22Dimer
2026-03-10 01:12:40 	 pdbDir: D:\Studia\Projekty\gsp-lab\data\finished\PZ22Dimer\pdb
2026-03-10 01:12:40 	 Found pdb count: 80
2026-03-10 01:12:40 	 Global solution: PZ22Dimer_Adamiak_1_solution.pdb
2026-03-10 01:12:40 	 SKIP already recorded (refined): Adamiak_1
2026-03-10 01:12:40 	 SKIP already recorded (refined): Adamiak_2
2026-03-10 01:12:40 	 SKIP already recorded (refined): Adamiak_3
2026-03-10 01:12:40 	 SKIP already recorded (refined): Adamiak_4
2026-03-10 01:12:41 	 SKIP already recorded (refined): Adamiak_5
2026-03-10 01:12:41 	 SKIP already recorded (refined): Bujnicki_1
2026-03-10 01:12:41 	 SKIP already recorded (refined): Bujnicki_2
2026-03-10 01:12:41 	 SKIP already recorded (refined): Bujnicki_3
2026-03-10 01:12:41 	 SKIP already recorded (refined): Bujnicki_4
2026-03-10 01:12:41 	 SKIP already recorded (refined): Bujnicki_5
2026-03-10 01:12:41 	 SKIP already recorded (refined): Chen_1
2026-03-10 01:12:41 	 SKIP already recorded (refined): Chen_2
2026-03-10 01:12:41 	 SKIP already recorded (refined): Chen_3
2026-03-10 01:12:41 	 SKIP already recorded (refined): Chen_4
2026-03-10 01:12:41 	 SKIP already recorded (refined): Chen_5
2026-03-10 01:12:41 	 SKIP already recorded (refined): Das_1
2026-03-10 01:12:41 	 SKIP already recorded (refined): Das_10
2026-03-10 01:12:41 	 SKIP already recorded (refined): Das_2
2026-03-10 01:12:41 	 SKIP already recorded (refined): Das_3
2026-03-10 01:12:41 	 SKIP already recorded (refined): Das_4
2026-03-10 01:12:41 	 SKIP already recorded (refined): Das_5
2026-03-10 01:12:41 	 SKIP already recorded (refined): Das_6
2026-03-10 01:12:41 	 SKIP already recorded (refined): Das_7
2026-03-10 01:12:41 	 SKIP already recorded (refined): Das_8
2026-03-10 01:12:41 	 SKIP already recorded (refined): Das_9
2026-03-10 01:12:41 	 SKIP already recorded (refined): Dokholyan_1
2026-03-10 01:12:41 	 SKIP already recorded (refined): Dokholyan_2
2026-03-10 01:12:41 	 SKIP already recorded (refined): Dokholyan_3
2026-03-10 01:12:41 	 SKIP already recorded (refined): Dokholyan_4
2026-03-10 01:12:41 	 SKIP already recorded (refined): Dokholyan_5
2026-03-10 01:12:41 	 SKIP already recorded (refined): SimRNA_1
2026-03-10 01:12:41 	 SKIP already recorded (refined): SimRNA_2
2026-03-10 01:12:41 	 SKIP already recorded (refined): SimRNA_3
2026-03-10 01:12:41 	 SKIP already recorded (refined): SimRNA_4
2026-03-10 01:12:41 	 SKIP already recorded (refined): SimRNA_5
2026-03-10 01:12:41 	 SKIP already recorded (refined): Xiao_1
2026-03-10 01:12:41 	 SKIP already recorded (refined): Xiao_2
2026-03-10 01:12:41 	 SKIP already recorded (refined): Xiao_3
2026-03-10 01:12:41 	 SKIP already recorded (refined): Xiao_4
2026-03-10 01:12:41 	 SKIP already recorded (refined): Xiao_5
2026-03-10 01:12:41 	 SKIP (model is a solution file): PZ22Dimer_Adamiak_1_solution.pdb
2026-03-10 01:12:41 	 SKIP (model is a solution file): PZ22Dimer_Adamiak_2_solution.pdb
2026-03-10 01:12:41 	 SKIP (model is a solution file): PZ22Dimer_Adamiak_3_solution.pdb
2026-03-10 01:12:41 	 SKIP (model is a solution file): PZ22Dimer_Adamiak_4_solution.pdb
2026-03-10 01:12:41 	 SKIP (model is a solution file): PZ22Dimer_Adamiak_5_solution.pdb
2026-03-10 01:12:41 	 SKIP (model is a solution file): PZ22Dimer_Bujnicki_1_solution.pdb
2026-03-10 01:12:41 	 SKIP (model is a solution file): PZ22Dimer_Bujnicki_2_solution.pdb
2026-03-10 01:12:41 	 SKIP (model is a solution file): PZ22Dimer_Bujnicki_3_solution.pdb
2026-03-10 01:12:41 	 SKIP (model is a solution file): PZ22Dimer_Bujnicki_4_solution.pdb
2026-03-10 01:12:41 	 SKIP (model is a solution file): PZ22Dimer_Bujnicki_5_solution.pdb
2026-03-10 01:12:41 	 SKIP (model is a solution file): PZ22Dimer_Chen_1_solution.pdb
2026-03-10 01:12:41 	 SKIP (model is a solution file): PZ22Dimer_Chen_2_solution.pdb
2026-03-10 01:12:41 	 SKIP (model is a solution file): PZ22Dimer_Chen_3_solution.pdb
2026-03-10 01:12:41 	 SKIP (model is a solution file): PZ22Dimer_Chen_4_solution.pdb
2026-03-10 01:12:41 	 SKIP (model is a solution file): PZ22Dimer_Chen_5_solution.pdb
2026-03-10 01:12:41 	 SKIP (model is a solution file): PZ22Dimer_Das_1_solution.pdb
2026-03-10 01:12:41 	 SKIP (model is a solution file): PZ22Dimer_Das_10_solution.pdb
2026-03-10 01:12:41 	 SKIP (model is a solution file): PZ22Dimer_Das_2_solution.pdb
2026-03-10 01:12:41 	 SKIP (model is a solution file): PZ22Dimer_Das_3_solution.pdb
2026-03-10 01:12:41 	 SKIP (model is a solution file): PZ22Dimer_Das_4_solution.pdb
2026-03-10 01:12:41 	 SKIP (model is a solution file): PZ22Dimer_Das_5_solution.pdb
2026-03-10 01:12:41 	 SKIP (model is a solution file): PZ22Dimer_Das_6_solution.pdb
2026-03-10 01:12:41 	 SKIP (model is a solution file): PZ22Dimer_Das_7_solution.pdb
2026-03-10 01:12:41 	 SKIP (model is a solution file): PZ22Dimer_Das_8_solution.pdb
2026-03-10 01:12:41 	 SKIP (model is a solution file): PZ22Dimer_Das_9_solution.pdb
2026-03-10 01:12:41 	 SKIP (model is a solution file): PZ22Dimer_Dokholyan_1_solution.pdb
2026-03-10 01:12:41 	 SKIP (model is a solution file): PZ22Dimer_Dokholyan_2_solution.pdb
2026-03-10 01:12:41 	 SKIP (model is a solution file): PZ22Dimer_Dokholyan_3_solution.pdb
2026-03-10 01:12:41 	 SKIP (model is a solution file): PZ22Dimer_Dokholyan_4_solution.pdb
2026-03-10 01:12:42 	 SKIP (model is a solution file): PZ22Dimer_Dokholyan_5_solution.pdb
2026-03-10 01:12:42 	 SKIP (model is a solution file): PZ22Dimer_SimRNA_1_solution.pdb
2026-03-10 01:12:42 	 SKIP (model is a solution file): PZ22Dimer_SimRNA_2_solution.pdb
2026-03-10 01:12:42 	 SKIP (model is a solution file): PZ22Dimer_SimRNA_3_solution.pdb
2026-03-10 01:12:42 	 SKIP (model is a solution file): PZ22Dimer_SimRNA_4_solution.pdb
2026-03-10 01:12:42 	 SKIP (model is a solution file): PZ22Dimer_SimRNA_5_solution.pdb
2026-03-10 01:12:42 	 SKIP (model is a solution file): PZ22Dimer_Xiao_1_solution.pdb
2026-03-10 01:12:42 	 SKIP (model is a solution file): PZ22Dimer_Xiao_2_solution.pdb
2026-03-10 01:12:42 	 SKIP (model is a solution file): PZ22Dimer_Xiao_3_solution.pdb
2026-03-10 01:12:42 	 SKIP (model is a solution file): PZ22Dimer_Xiao_4_solution.pdb
2026-03-10 01:12:42 	 SKIP (model is a solution file): PZ22Dimer_Xiao_5_solution.pdb
2026-03-10 01:12:42 	 DONE case: PZ22Dimer
2026-03-10 01:17:25 	 START case: PZ22Dimer
2026-03-10 01:17:25 	 caseDir: D:\Studia\Projekty\gsp-lab\data\finished\PZ22Dimer
2026-03-10 01:17:25 	 pdbDir: D:\Studia\Projekty\gsp-lab\data\finished\PZ22Dimer\pdb
2026-03-10 01:17:25 	 Found pdb count: 80
2026-03-10 01:17:25 	 Global solution: PZ22Dimer_Adamiak_1_solution.pdb
2026-03-10 01:17:25 	 SKIP already recorded (refined): Adamiak_1
2026-03-10 01:17:25 	 SKIP already recorded (refined): Adamiak_2
2026-03-10 01:17:25 	 SKIP already recorded (refined): Adamiak_3
2026-03-10 01:17:25 	 SKIP already recorded (refined): Adamiak_4
2026-03-10 01:17:25 	 SKIP already recorded (refined): Adamiak_5
2026-03-10 01:17:25 	 SKIP already recorded (refined): Bujnicki_1
2026-03-10 01:17:25 	 SKIP already recorded (refined): Bujnicki_2
2026-03-10 01:17:25 	 SKIP already recorded (refined): Bujnicki_3
2026-03-10 01:17:25 	 SKIP already recorded (refined): Bujnicki_4
2026-03-10 01:17:25 	 SKIP already recorded (refined): Bujnicki_5
2026-03-10 01:17:25 	 SKIP already recorded (refined): Chen_1
2026-03-10 01:17:25 	 SKIP already recorded (refined): Chen_2
2026-03-10 01:17:25 	 SKIP already recorded (refined): Chen_3
2026-03-10 01:17:25 	 SKIP already recorded (refined): Chen_4
2026-03-10 01:17:25 	 SKIP already recorded (refined): Chen_5
2026-03-10 01:17:25 	 SKIP already recorded (refined): Das_1
2026-03-10 01:17:25 	 SKIP already recorded (refined): Das_10
2026-03-10 01:17:25 	 SKIP already recorded (refined): Das_2
2026-03-10 01:17:25 	 SKIP already recorded (refined): Das_3
2026-03-10 01:17:25 	 SKIP already recorded (refined): Das_4
2026-03-10 01:17:25 	 SKIP already recorded (refined): Das_5
2026-03-10 01:17:25 	 SKIP already recorded (refined): Das_6
2026-03-10 01:17:25 	 SKIP already recorded (refined): Das_7
2026-03-10 01:17:25 	 SKIP already recorded (refined): Das_8
2026-03-10 01:17:25 	 SKIP already recorded (refined): Das_9
2026-03-10 01:17:25 	 SKIP already recorded (refined): Dokholyan_1
2026-03-10 01:17:25 	 SKIP already recorded (refined): Dokholyan_2
2026-03-10 01:17:25 	 SKIP already recorded (refined): Dokholyan_3
2026-03-10 01:17:25 	 SKIP already recorded (refined): Dokholyan_4
2026-03-10 01:17:25 	 SKIP already recorded (refined): Dokholyan_5
2026-03-10 01:17:25 	 SKIP already recorded (refined): SimRNA_1
2026-03-10 01:17:25 	 SKIP already recorded (refined): SimRNA_2
2026-03-10 01:17:25 	 SKIP already recorded (refined): SimRNA_3
2026-03-10 01:17:25 	 SKIP already recorded (refined): SimRNA_4
2026-03-10 01:17:25 	 SKIP already recorded (refined): SimRNA_5
2026-03-10 01:17:25 	 SKIP already recorded (refined): Xiao_1
2026-03-10 01:17:25 	 SKIP already recorded (refined): Xiao_2
2026-03-10 01:17:25 	 SKIP already recorded (refined): Xiao_3
2026-03-10 01:17:25 	 SKIP already recorded (refined): Xiao_4
2026-03-10 01:17:26 	 SKIP already recorded (refined): Xiao_5
2026-03-10 01:17:26 	 SKIP (model is a solution file): PZ22Dimer_Adamiak_1_solution.pdb
2026-03-10 01:17:26 	 SKIP (model is a solution file): PZ22Dimer_Adamiak_2_solution.pdb
2026-03-10 01:17:26 	 SKIP (model is a solution file): PZ22Dimer_Adamiak_3_solution.pdb
2026-03-10 01:17:26 	 SKIP (model is a solution file): PZ22Dimer_Adamiak_4_solution.pdb
2026-03-10 01:17:26 	 SKIP (model is a solution file): PZ22Dimer_Adamiak_5_solution.pdb
2026-03-10 01:17:26 	 SKIP (model is a solution file): PZ22Dimer_Bujnicki_1_solution.pdb
2026-03-10 01:17:26 	 SKIP (model is a solution file): PZ22Dimer_Bujnicki_2_solution.pdb
2026-03-10 01:17:26 	 SKIP (model is a solution file): PZ22Dimer_Bujnicki_3_solution.pdb
2026-03-10 01:17:26 	 SKIP (model is a solution file): PZ22Dimer_Bujnicki_4_solution.pdb
2026-03-10 01:17:26 	 SKIP (model is a solution file): PZ22Dimer_Bujnicki_5_solution.pdb
2026-03-10 01:17:26 	 SKIP (model is a solution file): PZ22Dimer_Chen_1_solution.pdb
2026-03-10 01:17:26 	 SKIP (model is a solution file): PZ22Dimer_Chen_2_solution.pdb
2026-03-10 01:17:26 	 SKIP (model is a solution file): PZ22Dimer_Chen_3_solution.pdb
2026-03-10 01:17:26 	 SKIP (model is a solution file): PZ22Dimer_Chen_4_solution.pdb
2026-03-10 01:17:26 	 SKIP (model is a solution file): PZ22Dimer_Chen_5_solution.pdb
2026-03-10 01:17:26 	 SKIP (model is a solution file): PZ22Dimer_Das_1_solution.pdb
2026-03-10 01:17:26 	 SKIP (model is a solution file): PZ22Dimer_Das_10_solution.pdb
2026-03-10 01:17:26 	 SKIP (model is a solution file): PZ22Dimer_Das_2_solution.pdb
2026-03-10 01:17:26 	 SKIP (model is a solution file): PZ22Dimer_Das_3_solution.pdb
2026-03-10 01:17:26 	 SKIP (model is a solution file): PZ22Dimer_Das_4_solution.pdb
2026-03-10 01:17:26 	 SKIP (model is a solution file): PZ22Dimer_Das_5_solution.pdb
2026-03-10 01:17:26 	 SKIP (model is a solution file): PZ22Dimer_Das_6_solution.pdb
2026-03-10 01:17:26 	 SKIP (model is a solution file): PZ22Dimer_Das_7_solution.pdb
2026-03-10 01:17:26 	 SKIP (model is a solution file): PZ22Dimer_Das_8_solution.pdb
2026-03-10 01:17:26 	 SKIP (model is a solution file): PZ22Dimer_Das_9_solution.pdb
2026-03-10 01:17:26 	 SKIP (model is a solution file): PZ22Dimer_Dokholyan_1_solution.pdb
2026-03-10 01:17:26 	 SKIP (model is a solution file): PZ22Dimer_Dokholyan_2_solution.pdb
2026-03-10 01:17:26 	 SKIP (model is a solution file): PZ22Dimer_Dokholyan_3_solution.pdb
2026-03-10 01:17:26 	 SKIP (model is a solution file): PZ22Dimer_Dokholyan_4_solution.pdb
2026-03-10 01:17:26 	 SKIP (model is a solution file): PZ22Dimer_Dokholyan_5_solution.pdb
2026-03-10 01:17:26 	 SKIP (model is a solution file): PZ22Dimer_SimRNA_1_solution.pdb
2026-03-10 01:17:26 	 SKIP (model is a solution file): PZ22Dimer_SimRNA_2_solution.pdb
2026-03-10 01:17:26 	 SKIP (model is a solution file): PZ22Dimer_SimRNA_3_solution.pdb
2026-03-10 01:17:26 	 SKIP (model is a solution file): PZ22Dimer_SimRNA_4_solution.pdb
2026-03-10 01:17:26 	 SKIP (model is a solution file): PZ22Dimer_SimRNA_5_solution.pdb
2026-03-10 01:17:26 	 SKIP (model is a solution file): PZ22Dimer_Xiao_1_solution.pdb
2026-03-10 01:17:26 	 SKIP (model is a solution file): PZ22Dimer_Xiao_2_solution.pdb
2026-03-10 01:17:26 	 SKIP (model is a solution file): PZ22Dimer_Xiao_3_solution.pdb
2026-03-10 01:17:26 	 SKIP (model is a solution file): PZ22Dimer_Xiao_4_solution.pdb
2026-03-10 01:17:26 	 SKIP (model is a solution file): PZ22Dimer_Xiao_5_solution.pdb
2026-03-10 01:17:26 	 DONE case: PZ22Dimer
2026-03-10 01:21:51 	 START case: PZ22Dimer
2026-03-10 01:21:51 	 caseDir: D:\Studia\Projekty\gsp-lab\data\finished\PZ22Dimer
2026-03-10 01:21:51 	 pdbDir: D:\Studia\Projekty\gsp-lab\data\finished\PZ22Dimer\pdb
2026-03-10 01:21:51 	 Found pdb count: 80
2026-03-10 01:21:51 	 Global solution: PZ22Dimer_Adamiak_1_solution.pdb
2026-03-10 01:21:51 	 SKIP already recorded (refined): Adamiak_1
2026-03-10 01:21:51 	 SKIP already recorded (refined): Adamiak_2
2026-03-10 01:21:52 	 SKIP already recorded (refined): Adamiak_3
2026-03-10 01:21:52 	 SKIP already recorded (refined): Adamiak_4
2026-03-10 01:21:52 	 SKIP already recorded (refined): Adamiak_5
2026-03-10 01:21:52 	 SKIP already recorded (refined): Bujnicki_1
2026-03-10 01:21:52 	 SKIP already recorded (refined): Bujnicki_2
2026-03-10 01:21:52 	 SKIP already recorded (refined): Bujnicki_3
2026-03-10 01:21:52 	 SKIP already recorded (refined): Bujnicki_4
2026-03-10 01:21:52 	 SKIP already recorded (refined): Bujnicki_5
2026-03-10 01:21:52 	 SKIP already recorded (refined): Chen_1
2026-03-10 01:21:52 	 SKIP already recorded (refined): Chen_2
2026-03-10 01:21:52 	 SKIP already recorded (refined): Chen_3
2026-03-10 01:21:52 	 SKIP already recorded (refined): Chen_4
2026-03-10 01:21:52 	 SKIP already recorded (refined): Chen_5
2026-03-10 01:21:52 	 SKIP already recorded (refined): Das_1
2026-03-10 01:21:52 	 SKIP already recorded (refined): Das_10
2026-03-10 01:21:52 	 SKIP already recorded (refined): Das_2
2026-03-10 01:21:52 	 SKIP already recorded (refined): Das_3
2026-03-10 01:21:52 	 SKIP already recorded (refined): Das_4
2026-03-10 01:21:52 	 SKIP already recorded (refined): Das_5
2026-03-10 01:21:52 	 SKIP already recorded (refined): Das_6
2026-03-10 01:21:52 	 SKIP already recorded (refined): Das_7
2026-03-10 01:21:52 	 SKIP already recorded (refined): Das_8
2026-03-10 01:21:52 	 SKIP already recorded (refined): Das_9
2026-03-10 01:21:52 	 SKIP already recorded (refined): Dokholyan_1
2026-03-10 01:21:52 	 SKIP already recorded (refined): Dokholyan_2
2026-03-10 01:21:52 	 SKIP already recorded (refined): Dokholyan_3
2026-03-10 01:21:52 	 SKIP already recorded (refined): Dokholyan_4
2026-03-10 01:21:52 	 SKIP already recorded (refined): Dokholyan_5
2026-03-10 01:21:52 	 SKIP already recorded (refined): SimRNA_1
2026-03-10 01:21:52 	 SKIP already recorded (refined): SimRNA_2
2026-03-10 01:21:52 	 SKIP already recorded (refined): SimRNA_3
2026-03-10 01:21:52 	 SKIP already recorded (refined): SimRNA_4
2026-03-10 01:21:52 	 SKIP already recorded (refined): SimRNA_5
2026-03-10 01:21:52 	 SKIP already recorded (refined): Xiao_1
2026-03-10 01:21:52 	 SKIP already recorded (refined): Xiao_2
2026-03-10 01:21:52 	 SKIP already recorded (refined): Xiao_3
2026-03-10 01:21:52 	 SKIP already recorded (refined): Xiao_4
2026-03-10 01:21:52 	 SKIP already recorded (refined): Xiao_5
2026-03-10 01:21:52 	 SKIP (model is a solution file): PZ22Dimer_Adamiak_1_solution.pdb
2026-03-10 01:21:52 	 SKIP (model is a solution file): PZ22Dimer_Adamiak_2_solution.pdb
2026-03-10 01:21:52 	 SKIP (model is a solution file): PZ22Dimer_Adamiak_3_solution.pdb
2026-03-10 01:21:52 	 SKIP (model is a solution file): PZ22Dimer_Adamiak_4_solution.pdb
2026-03-10 01:21:52 	 SKIP (model is a solution file): PZ22Dimer_Adamiak_5_solution.pdb
2026-03-10 01:21:52 	 SKIP (model is a solution file): PZ22Dimer_Bujnicki_1_solution.pdb
2026-03-10 01:21:52 	 SKIP (model is a solution file): PZ22Dimer_Bujnicki_2_solution.pdb
2026-03-10 01:21:52 	 SKIP (model is a solution file): PZ22Dimer_Bujnicki_3_solution.pdb
2026-03-10 01:21:52 	 SKIP (model is a solution file): PZ22Dimer_Bujnicki_4_solution.pdb
2026-03-10 01:21:52 	 SKIP (model is a solution file): PZ22Dimer_Bujnicki_5_solution.pdb
2026-03-10 01:21:52 	 SKIP (model is a solution file): PZ22Dimer_Chen_1_solution.pdb
2026-03-10 01:21:52 	 SKIP (model is a solution file): PZ22Dimer_Chen_2_solution.pdb
2026-03-10 01:21:52 	 SKIP (model is a solution file): PZ22Dimer_Chen_3_solution.pdb
2026-03-10 01:21:52 	 SKIP (model is a solution file): PZ22Dimer_Chen_4_solution.pdb
2026-03-10 01:21:52 	 SKIP (model is a solution file): PZ22Dimer_Chen_5_solution.pdb
2026-03-10 01:21:52 	 SKIP (model is a solution file): PZ22Dimer_Das_1_solution.pdb
2026-03-10 01:21:52 	 SKIP (model is a solution file): PZ22Dimer_Das_10_solution.pdb
2026-03-10 01:21:52 	 SKIP (model is a solution file): PZ22Dimer_Das_2_solution.pdb
2026-03-10 01:21:52 	 SKIP (model is a solution file): PZ22Dimer_Das_3_solution.pdb
2026-03-10 01:21:52 	 SKIP (model is a solution file): PZ22Dimer_Das_4_solution.pdb
2026-03-10 01:21:52 	 SKIP (model is a solution file): PZ22Dimer_Das_5_solution.pdb
2026-03-10 01:21:52 	 SKIP (model is a solution file): PZ22Dimer_Das_6_solution.pdb
2026-03-10 01:21:52 	 SKIP (model is a solution file): PZ22Dimer_Das_7_solution.pdb
2026-03-10 01:21:52 	 SKIP (model is a solution file): PZ22Dimer_Das_8_solution.pdb
2026-03-10 01:21:52 	 SKIP (model is a solution file): PZ22Dimer_Das_9_solution.pdb
2026-03-10 01:21:52 	 SKIP (model is a solution file): PZ22Dimer_Dokholyan_1_solution.pdb
2026-03-10 01:21:52 	 SKIP (model is a solution file): PZ22Dimer_Dokholyan_2_solution.pdb
2026-03-10 01:21:52 	 SKIP (model is a solution file): PZ22Dimer_Dokholyan_3_solution.pdb
2026-03-10 01:21:52 	 SKIP (model is a solution file): PZ22Dimer_Dokholyan_4_solution.pdb
2026-03-10 01:21:52 	 SKIP (model is a solution file): PZ22Dimer_Dokholyan_5_solution.pdb
2026-03-10 01:21:52 	 SKIP (model is a solution file): PZ22Dimer_SimRNA_1_solution.pdb
2026-03-10 01:21:52 	 SKIP (model is a solution file): PZ22Dimer_SimRNA_2_solution.pdb
2026-03-10 01:21:52 	 SKIP (model is a solution file): PZ22Dimer_SimRNA_3_solution.pdb
2026-03-10 01:21:52 	 SKIP (model is a solution file): PZ22Dimer_SimRNA_4_solution.pdb
2026-03-10 01:21:52 	 SKIP (model is a solution file): PZ22Dimer_SimRNA_5_solution.pdb
2026-03-10 01:21:52 	 SKIP (model is a solution file): PZ22Dimer_Xiao_1_solution.pdb
2026-03-10 01:21:53 	 SKIP (model is a solution file): PZ22Dimer_Xiao_2_solution.pdb
2026-03-10 01:21:53 	 SKIP (model is a solution file): PZ22Dimer_Xiao_3_solution.pdb
2026-03-10 01:21:53 	 SKIP (model is a solution file): PZ22Dimer_Xiao_4_solution.pdb
2026-03-10 01:21:53 	 SKIP (model is a solution file): PZ22Dimer_Xiao_5_solution.pdb
2026-03-10 01:21:53 	 DONE case: PZ22Dimer
