{
  "native_pdb": "/tmp/rna_inf_l_ay8itl/PZ22Dimer_Adamiak_1_solution_normalized.pdb",
  "native_index": null,
  "model_pdb": "/tmp/rna_inf_inkelig5/PZ22Dimer_Adamiak_1_refined_normalized.pdb",
  "model_index": null,
  "rmsd": 31.012651295730517,
  "inf_all": 0.6601724504999379,
  "inf_wc": 0.7767356373806175,
  "inf_nwc": 0.2553769592276246,
  "inf_stack": 0.6622458144198252
}
{
  "native_pdb": "/tmp/rna_inf_vtjo3txp/PZ22Dimer_Adamiak_2_solution_normalized.pdb",
  "native_index": null,
  "model_pdb": "/tmp/rna_inf_h70wmxjj/PZ22Dimer_Adamiak_2_refined_normalized.pdb",
  "model_index": null,
  "rmsd": 32.85942125706152,
  "inf_all": 0.6509850325507047,
  "inf_wc": 0.7622159339667058,
  "inf_nwc": 0.2553769592276246,
  "inf_stack": 0.6540699401677286
}
{
  "native_pdb": "/tmp/rna_inf_k3zzw37k/PZ22Dimer_Adamiak_3_solution_normalized.pdb",
  "native_index": null,
  "model_pdb": "/tmp/rna_inf_avykduis/PZ22Dimer_Adamiak_3_refined_normalized.pdb",
  "model_index": null,
  "rmsd": 30.10369101590354,
  "inf_all": 0.6755392797828149,
  "inf_wc": 0.755254912049361,
  "inf_nwc": 0.22116293423234568,
  "inf_stack": 0.6994260737055672
}
{
  "native_pdb": "/tmp/rna_inf_fotnt5m0/PZ22Dimer_Adamiak_4_solution_normalized.pdb",
  "native_index": null,
  "model_pdb": "/tmp/rna_inf_4u0yw2v3/PZ22Dimer_Adamiak_4_refined_normalized.pdb",
  "model_index": null,
  "rmsd": 33.02831894998172,
  "inf_all": 0.7020378500174638,
  "inf_wc": 0.7767356373806175,
  "inf_nwc": 0.31277162108561213,
  "inf_stack": 0.7200276368266135
}
{
  "native_pdb": "/tmp/rna_inf_8npsd0d0/PZ22Dimer_Adamiak_5_solution_normalized.pdb",
  "native_index": null,
  "model_pdb": "/tmp/rna_inf_lkcbvjay/PZ22Dimer_Adamiak_5_refined_normalized.pdb",
  "model_index": null,
  "rmsd": 20.4323705815416,
  "inf_all": 0.6475139970820968,
  "inf_wc": 0.7622159339667058,
  "inf_nwc": 0.17349447958987207,
  "inf_stack": 0.6676503510978772
}
{
  "native_pdb": "/tmp/rna_inf_b4cxz4_h/PZ22Dimer_Bujnicki_1_solution_normalized.pdb",
  "native_index": null,
  "model_pdb": "/tmp/rna_inf_qgit76h_/PZ22Dimer_Bujnicki_1_refined_normalized.pdb",
  "model_index": null,
  "rmsd": 29.17062411345882,
  "inf_all": 0.6586842963906187,
  "inf_wc": 0.8713951676862338,
  "inf_nwc": 0.0,
  "inf_stack": 0.6377481392176932
}
{
  "native_pdb": "/tmp/rna_inf_lzg1kzoj/PZ22Dimer_Bujnicki_2_solution_normalized.pdb",
  "native_index": null,
  "model_pdb": "/tmp/rna_inf_yzcry9dg/PZ22Dimer_Bujnicki_2_refined_normalized.pdb",
  "model_index": null,
  "rmsd": 31.14899372463811,
  "inf_all": 0.6842183583511641,
  "inf_wc": 0.8785087156564869,
  "inf_nwc": 0.07372097807744857,
  "inf_stack": 0.6764038863874908
}
{
  "native_pdb": "/tmp/rna_inf_27li6j7h/PZ22Dimer_Bujnicki_3_solution_normalized.pdb",
  "native_index": null,
  "model_pdb": "/tmp/rna_inf_lp01dwrd/PZ22Dimer_Bujnicki_3_refined_normalized.pdb",
  "model_index": null,
  "rmsd": 35.47017026709862,
  "inf_all": 0.5990967368408634,
  "inf_wc": 0.6619168182176299,
  "inf_nwc": 0.17025130615174972,
  "inf_stack": 0.623253863326382
}
{
  "native_pdb": "/tmp/rna_inf_d274p822/PZ22Dimer_Bujnicki_4_solution_normalized.pdb",
  "native_index": null,
  "model_pdb": "/tmp/rna_inf_ws4nzyfj/PZ22Dimer_Bujnicki_4_refined_normalized.pdb",
  "model_index": null,
  "rmsd": 31.701617669686765,
  "inf_all": 0.623253863326382,
  "inf_wc": 0.7418865120995429,
  "inf_nwc": 0.0,
  "inf_stack": 0.6404369495350367
}
{
  "native_pdb": "/tmp/rna_inf_vcqbk2cl/PZ22Dimer_Bujnicki_5_solution_normalized.pdb",
  "native_index": null,
  "model_pdb": "/tmp/rna_inf_zc2ubhmf/PZ22Dimer_Bujnicki_5_refined_normalized.pdb",
  "model_index": null,
  "rmsd": 49.48247514720328,
  "inf_all": 0.4818184569039195,
  "inf_wc": 0.3434732248795389,
  "inf_nwc": 0.0,
  "inf_stack": 0.5866154166562821
}
{
  "native_pdb": "/tmp/rna_inf_7_1hjadr/PZ22Dimer_Chen_1_solution_normalized.pdb",
  "native_index": null,
  "model_pdb": "/tmp/rna_inf_adibhj80/PZ22Dimer_Chen_1_refined_normalized.pdb",
  "model_index": null,
  "rmsd": 36.34020418600538,
  "inf_all": 0.7519206177414045,
  "inf_wc": 0.9232476577353844,
  "inf_nwc": 0.2407717061715384,
  "inf_stack": 0.7409979517644708
}
{
  "native_pdb": "/tmp/rna_inf_6hlzepy0/PZ22Dimer_Chen_2_solution_normalized.pdb",
  "native_index": null,
  "model_pdb": "/tmp/rna_inf_nd8wix7w/PZ22Dimer_Chen_2_refined_normalized.pdb",
  "model_index": null,
  "rmsd": 31.305060359638524,
  "inf_all": 0.7355131486497944,
  "inf_wc": 0.9337145191092149,
  "inf_nwc": 0.29488391230979427,
  "inf_stack": 0.7074562285917116
}
{
  "native_pdb": "/tmp/rna_inf_dsibx80k/PZ22Dimer_Chen_3_solution_normalized.pdb",
  "native_index": null,
  "model_pdb": "/tmp/rna_inf_x6zpg_t3/PZ22Dimer_Chen_3_refined_normalized.pdb",
  "model_index": null,
  "rmsd": 26.55975732649994,
  "inf_all": 0.724013038739113,
  "inf_wc": 0.9337145191092149,
  "inf_nwc": 0.20851441405707477,
  "inf_stack": 0.6956661603453314
}
{
  "native_pdb": "/tmp/rna_inf_77xismuj/PZ22Dimer_Chen_4_solution_normalized.pdb",
  "native_index": null,
  "model_pdb": "/tmp/rna_inf_65k9yf_s/PZ22Dimer_Chen_4_refined_normalized.pdb",
  "model_index": null,
  "rmsd": 33.62698388774703,
  "inf_all": 0.7376236641748547,
  "inf_wc": 0.9232476577353844,
  "inf_nwc": 0.20851441405707477,
  "inf_stack": 0.7214047661343159
}
{
  "native_pdb": "/tmp/rna_inf_i6qi_gmv/PZ22Dimer_Chen_5_solution_normalized.pdb",
  "native_index": null,
  "model_pdb": "/tmp/rna_inf_hd2feoe3/PZ22Dimer_Chen_5_refined_normalized.pdb",
  "model_index": null,
  "rmsd": 27.807794850140443,
  "inf_all": 0.7431475254456122,
  "inf_wc": 0.9337145191092149,
  "inf_nwc": 0.2407717061715384,
  "inf_stack": 0.7211266424517829
}
{
  "native_pdb": "/tmp/rna_inf_3s4mayii/PZ22Dimer_Das_1_solution_normalized.pdb",
  "native_index": null,
  "model_pdb": "/tmp/rna_inf_r2rsgx0_/PZ22Dimer_Das_1_refined_normalized.pdb",
  "model_index": null,
  "rmsd": 34.46375849642144,
  "inf_all": 0.6539784217704621,
  "inf_wc": 0.8349908101841637,
  "inf_nwc": 0.11145564251507056,
  "inf_stack": 0.6593937305675303
}
{
  "native_pdb": "/tmp/rna_inf_lwmz6i44/PZ22Dimer_Das_10_solution_normalized.pdb",
  "native_index": null,
  "model_pdb": "/tmp/rna_inf_jo30achl/PZ22Dimer_Das_10_refined_normalized.pdb",
  "model_index": null,
  "rmsd": 24.378741530575134,
  "inf_all": 0.6327551320182833,
  "inf_wc": 0.8046172777075038,
  "inf_nwc": 0.05572782125753528,
  "inf_stack": 0.644307741067745
}
{
  "native_pdb": "/tmp/rna_inf_3lf8pj8v/PZ22Dimer_Das_2_solution_normalized.pdb",
  "native_index": null,
  "model_pdb": "/tmp/rna_inf_9x72foc2/PZ22Dimer_Das_2_refined_normalized.pdb",
  "model_index": null,
  "rmsd": 21.848843923477972,
  "inf_all": 0.6603855820758352,
  "inf_wc": 0.8641691793396834,
  "inf_nwc": 0.06950480468569159,
  "inf_stack": 0.6493260595038537
}
{
  "native_pdb": "/tmp/rna_inf_cdn2jj96/PZ22Dimer_Das_3_solution_normalized.pdb",
  "native_index": null,
  "model_pdb": "/tmp/rna_inf_w3t5_w2m/PZ22Dimer_Das_3_refined_normalized.pdb",
  "model_index": null,
  "rmsd": 22.04580480817565,
  "inf_all": 0.6720660471060651,
  "inf_wc": 0.8574929257125442,
  "inf_nwc": 0.07372097807744857,
  "inf_stack": 0.6691865982135774
}
{
  "native_pdb": "/tmp/rna_inf_lz7er20g/PZ22Dimer_Das_4_solution_normalized.pdb",
  "native_index": null,
  "model_pdb": "/tmp/rna_inf_z0e5shjv/PZ22Dimer_Das_4_refined_normalized.pdb",
  "model_index": null,
  "rmsd": 26.681284044334184,
  "inf_all": 0.6651085159423943,
  "inf_wc": 0.8932746021179414,
  "inf_nwc": 0.14744195615489714,
  "inf_stack": 0.6350534141902399
}
{
  "native_pdb": "/tmp/rna_inf_x_uvukml/PZ22Dimer_Das_5_solution_normalized.pdb",
  "native_index": null,
  "model_pdb": "/tmp/rna_inf_0mwuwln9/PZ22Dimer_Das_5_refined_normalized.pdb",
  "model_index": null,
  "rmsd": 21.362247880398005,
  "inf_all": 0.6651739535610158,
  "inf_wc": 0.8997354108424374,
  "inf_nwc": 0.07372097807744857,
  "inf_stack": 0.6368157905902131
}
{
  "native_pdb": "/tmp/rna_inf_26veotu_/PZ22Dimer_Das_6_solution_normalized.pdb",
  "native_index": null,
  "model_pdb": "/tmp/rna_inf_ivotig2b/PZ22Dimer_Das_6_refined_normalized.pdb",
  "model_index": null,
  "rmsd": 20.613794218097915,
  "inf_all": 0.6684915499697452,
  "inf_wc": 0.9009423359073296,
  "inf_nwc": 0.1203858530857692,
  "inf_stack": 0.6467811004159009
}
{
  "native_pdb": "/tmp/rna_inf_k40r0vyp/PZ22Dimer_Das_7_solution_normalized.pdb",
  "native_index": null,
  "model_pdb": "/tmp/rna_inf_qmzvy960/PZ22Dimer_Das_7_refined_normalized.pdb",
  "model_index": null,
  "rmsd": 33.903214977439546,
  "inf_all": 0.6897360523903167,
  "inf_wc": 0.9009423359073296,
  "inf_nwc": 0.14744195615489714,
  "inf_stack": 0.6691865982135774
}
{
  "native_pdb": "/tmp/rna_inf_rr1jwzdo/PZ22Dimer_Das_8_solution_normalized.pdb",
  "native_index": null,
  "model_pdb": "/tmp/rna_inf_djf1rmqv/PZ22Dimer_Das_8_refined_normalized.pdb",
  "model_index": null,
  "rmsd": 28.765164370004126,
  "inf_all": 0.6897360523903167,
  "inf_wc": 0.9009423359073296,
  "inf_nwc": 0.17025130615174972,
  "inf_stack": 0.6642111641550714
}
{
  "native_pdb": "/tmp/rna_inf_ppp3_gdn/PZ22Dimer_Das_9_solution_normalized.pdb",
  "native_index": null,
  "model_pdb": "/tmp/rna_inf_jaxoj1gh/PZ22Dimer_Das_9_refined_normalized.pdb",
  "model_index": null,
  "rmsd": 28.473233073700474,
  "inf_all": 0.6802074799231778,
  "inf_wc": 0.8932746021179414,
  "inf_nwc": 0.08512565307587486,
  "inf_stack": 0.6592916420228089
}
{
  "native_pdb": "/tmp/rna_inf_8dg9v8qb/PZ22Dimer_Dokholyan_1_solution_normalized.pdb",
  "native_index": null,
  "model_pdb": "/tmp/rna_inf_tfzorkak/PZ22Dimer_Dokholyan_1_refined_normalized.pdb",
  "model_index": null,
  "rmsd": 35.55162958061075,
  "inf_all": 0.5945101687874972,
  "inf_wc": 0.6478835438717,
  "inf_nwc": 0.0,
  "inf_stack": 0.626700125390774
}
{
  "native_pdb": "/tmp/rna_inf_npri2kwr/PZ22Dimer_Dokholyan_2_solution_normalized.pdb",
  "native_index": null,
  "model_pdb": "/tmp/rna_inf_jw1g67p0/PZ22Dimer_Dokholyan_2_refined_normalized.pdb",
  "model_index": null,
  "rmsd": 36.49728496936714,
  "inf_all": 0.6263672000184446,
  "inf_wc": 0.6733003292241385,
  "inf_nwc": 0.08512565307587486,
  "inf_stack": 0.6695290364585498
}
{
  "native_pdb": "/tmp/rna_inf_jumnablr/PZ22Dimer_Dokholyan_3_solution_normalized.pdb",
  "native_index": null,
  "model_pdb": "/tmp/rna_inf__ds9rp5o/PZ22Dimer_Dokholyan_3_refined_normalized.pdb",
  "model_index": null,
  "rmsd": 38.267878350565965,
  "inf_all": 0.5998338640422256,
  "inf_wc": 0.6990620736425557,
  "inf_nwc": 0.0,
  "inf_stack": 0.6264302520481546
}
{
  "native_pdb": "/tmp/rna_inf_pz2xnoz9/PZ22Dimer_Dokholyan_4_solution_normalized.pdb",
  "native_index": null,
  "model_pdb": "/tmp/rna_inf_fa6ttu5n/PZ22Dimer_Dokholyan_4_refined_normalized.pdb",
  "model_index": null,
  "rmsd": 39.7276189906824,
  "inf_all": 0.5963833779129926,
  "inf_wc": 0.6859943405700354,
  "inf_nwc": 0.0,
  "inf_stack": 0.6282929400004751
}
{
  "native_pdb": "/tmp/rna_inf_m6cf8g75/PZ22Dimer_Dokholyan_5_solution_normalized.pdb",
  "native_index": null,
  "model_pdb": "/tmp/rna_inf_qodqyf52/PZ22Dimer_Dokholyan_5_refined_normalized.pdb",
  "model_index": null,
  "rmsd": 36.07429485508329,
  "inf_all": 0.6269812302167532,
  "inf_wc": 0.6796436827080402,
  "inf_nwc": 0.07372097807744857,
  "inf_stack": 0.6759303084186632
}
{
  "native_pdb": "/tmp/rna_inf_mgoh739k/PZ22Dimer_SimRNA_1_solution_normalized.pdb",
  "native_index": null,
  "model_pdb": "/tmp/rna_inf_ghpdj5rf/PZ22Dimer_SimRNA_1_refined_normalized.pdb",
  "model_index": null,
  "rmsd": 27.294665965061068,
  "inf_all": 0.5923446885725835,
  "inf_wc": 0.7233393492970543,
  "inf_nwc": 0.0601929265428846,
  "inf_stack": 0.6097033450390371
}
{
  "native_pdb": "/tmp/rna_inf_ohbf4i_f/PZ22Dimer_SimRNA_2_solution_normalized.pdb",
  "native_index": null,
  "model_pdb": "/tmp/rna_inf_n_vqx2md/PZ22Dimer_SimRNA_2_refined_normalized.pdb",
  "model_index": null,
  "rmsd": 26.42751878796142,
  "inf_all": 0.6341608938380239,
  "inf_wc": 0.8160751633094973,
  "inf_nwc": 0.0,
  "inf_stack": 0.6366560157203741
}
{
  "native_pdb": "/tmp/rna_inf_jyepneb6/PZ22Dimer_SimRNA_3_solution_normalized.pdb",
  "native_index": null,
  "model_pdb": "/tmp/rna_inf_d29j92_s/PZ22Dimer_SimRNA_3_refined_normalized.pdb",
  "model_index": null,
  "rmsd": 34.113498072649854,
  "inf_all": 0.6240697230680665,
  "inf_wc": 0.717492166446893,
  "inf_nwc": 0.08512565307587486,
  "inf_stack": 0.6467666399979001
}
{
  "native_pdb": "/tmp/rna_inf_r0b3bjgo/PZ22Dimer_SimRNA_4_solution_normalized.pdb",
  "native_index": null,
  "model_pdb": "/tmp/rna_inf_is2mvqzs/PZ22Dimer_SimRNA_4_refined_normalized.pdb",
  "model_index": null,
  "rmsd": 28.94388818404176,
  "inf_all": 0.6274950199005567,
  "inf_wc": 0.8046172777075038,
  "inf_nwc": 0.0,
  "inf_stack": 0.6218318896351492
}
{
  "native_pdb": "/tmp/rna_inf_cp5nw_j9/PZ22Dimer_SimRNA_5_solution_normalized.pdb",
  "native_index": null,
  "model_pdb": "/tmp/rna_inf_w780ro2n/PZ22Dimer_SimRNA_5_refined_normalized.pdb",
  "model_index": null,
  "rmsd": 27.118148542664493,
  "inf_all": 0.644069657804243,
  "inf_wc": 0.7622159339667058,
  "inf_nwc": 0.1203858530857692,
  "inf_stack": 0.652019026293211
}
{
  "native_pdb": "/tmp/rna_inf_j3sf9vt7/PZ22Dimer_Xiao_1_solution_normalized.pdb",
  "native_index": null,
  "model_pdb": "/tmp/rna_inf_j9z89l42/PZ22Dimer_Xiao_1_refined_normalized.pdb",
  "model_index": null,
  "rmsd": 35.15192715486015,
  "inf_all": 0.5935899201372868,
  "inf_wc": 0.6534640392130713,
  "inf_nwc": 0.23643312187173018,
  "inf_stack": 0.6163243593038118
}
{
  "native_pdb": "/tmp/rna_inf_81ky7xaq/PZ22Dimer_Xiao_2_solution_normalized.pdb",
  "native_index": null,
  "model_pdb": "/tmp/rna_inf_7q_p96fw/PZ22Dimer_Xiao_2_refined_normalized.pdb",
  "model_index": null,
  "rmsd": 36.264802689000255,
  "inf_all": 0.5523060897787773,
  "inf_wc": 0.5451730205091055,
  "inf_nwc": 0.23643312187173018,
  "inf_stack": 0.5940885257860046
}
{
  "native_pdb": "/tmp/rna_inf_z9jlri52/PZ22Dimer_Xiao_3_solution_normalized.pdb",
  "native_index": null,
  "model_pdb": "/tmp/rna_inf_fvqs6dm5/PZ22Dimer_Xiao_3_refined_normalized.pdb",
  "model_index": null,
  "rmsd": 43.410876399159584,
  "inf_all": 0.5523060897787773,
  "inf_wc": 0.6360351905939565,
  "inf_nwc": 0.07881104062391006,
  "inf_stack": 0.5775860667363933
}
{
  "native_pdb": "/tmp/rna_inf_7wvelkbk/PZ22Dimer_Xiao_4_solution_normalized.pdb",
  "native_index": null,
  "model_pdb": "/tmp/rna_inf_cslttpkz/PZ22Dimer_Xiao_4_refined_normalized.pdb",
  "model_index": null,
  "rmsd": 31.10918881291597,
  "inf_all": 0.6526174179658979,
  "inf_wc": 0.7468160448149386,
  "inf_nwc": 0.17349447958987207,
  "inf_stack": 0.6887164562741747
}
{
  "native_pdb": "/tmp/rna_inf_wxqa7ofv/PZ22Dimer_Xiao_5_solution_normalized.pdb",
  "native_index": null,
  "model_pdb": "/tmp/rna_inf_1fphupj9/PZ22Dimer_Xiao_5_refined_normalized.pdb",
  "model_index": null,
  "rmsd": 34.98868562626265,
  "inf_all": 0.5963833779129926,
  "inf_wc": 0.6482037235521644,
  "inf_nwc": 0.22116293423234568,
  "inf_stack": 0.6238960839189582
}
