2026-03-10 00:31:43 	 START case: PZ23
2026-03-10 00:31:43 	 caseDir: D:\Studia\Projekty\gsp-lab\data\finished\PZ23
2026-03-10 00:31:43 	 pdbDir: D:\Studia\Projekty\gsp-lab\data\finished\PZ23\pdb
2026-03-10 00:31:43 	 Found pdb count: 71
2026-03-10 00:31:43 	 Global solution: PZ23_solution_0.pdb
2026-03-10 00:31:43 	 RUN refined_pair target=PZ23_Bujnicki_1_solution.pdb model=PZ23_Bujnicki_1_refined.pdb -> id=Bujnicki_1
2026-03-10 00:31:43 	 Docker cmd: docker run --rm -v D:\Studia\Projekty\gsp-lab:/work -v D:\Studia\Projekty\RNA_assessment:/rna_assessment -e RNA_ASSESSMENT_ROOT=/rna_assessment -e PYTHONPATH=/rna_assessment mcannotate-runtime python3 /work/src/utils/INF.py /work/data/finished/PZ23/pdb/PZ23_Bujnicki_1_solution.pdb /work/data/finished/PZ23/pdb/PZ23_Bujnicki_1_refined.pdb
2026-03-10 00:31:46 	 Docker exit code: 0
2026-03-10 00:31:46 	 Docker output length: 343
2026-03-10 00:31:46 	 Saved CSV: PZ23,Bujnicki_1,Bujnicki,1,refined_pair,0.03217447260438934,-1,0,PZ23_Bujnicki_1_solution.pdb,PZ23_Bujnicki_1_refined.pdb
2026-03-10 00:31:46 	 RUN refined_pair target=PZ23_Bujnicki_2_solution.pdb model=PZ23_Bujnicki_2_refined.pdb -> id=Bujnicki_2
2026-03-10 00:31:46 	 Docker cmd: docker run --rm -v D:\Studia\Projekty\gsp-lab:/work -v D:\Studia\Projekty\RNA_assessment:/rna_assessment -e RNA_ASSESSMENT_ROOT=/rna_assessment -e PYTHONPATH=/rna_assessment mcannotate-runtime python3 /work/src/utils/INF.py /work/data/finished/PZ23/pdb/PZ23_Bujnicki_2_solution.pdb /work/data/finished/PZ23/pdb/PZ23_Bujnicki_2_refined.pdb
2026-03-10 00:31:49 	 Docker exit code: 0
2026-03-10 00:31:49 	 Docker output length: 346
2026-03-10 00:31:49 	 Saved CSV: PZ23,Bujnicki_2,Bujnicki,2,refined_pair,0.07151985398521515,-1,-1,PZ23_Bujnicki_2_solution.pdb,PZ23_Bujnicki_2_refined.pdb
2026-03-10 00:31:49 	 RUN refined_pair target=PZ23_Bujnicki_3_solution.pdb model=PZ23_Bujnicki_3_refined.pdb -> id=Bujnicki_3
2026-03-10 00:31:49 	 Docker cmd: docker run --rm -v D:\Studia\Projekty\gsp-lab:/work -v D:\Studia\Projekty\RNA_assessment:/rna_assessment -e RNA_ASSESSMENT_ROOT=/rna_assessment -e PYTHONPATH=/rna_assessment mcannotate-runtime python3 /work/src/utils/INF.py /work/data/finished/PZ23/pdb/PZ23_Bujnicki_3_solution.pdb /work/data/finished/PZ23/pdb/PZ23_Bujnicki_3_refined.pdb
2026-03-10 00:31:52 	 Docker exit code: 0
2026-03-10 00:31:52 	 Docker output length: 348
2026-03-10 00:31:52 	 Saved CSV: PZ23,Bujnicki_3,Bujnicki,3,refined_pair,0.034752402342845795,-1,-1,PZ23_Bujnicki_3_solution.pdb,PZ23_Bujnicki_3_refined.pdb
2026-03-10 00:31:52 	 RUN refined_pair target=PZ23_Chen_1_solution.pdb model=PZ23_Chen_1_refined.pdb -> id=Chen_1
2026-03-10 00:31:53 	 Docker cmd: docker run --rm -v D:\Studia\Projekty\gsp-lab:/work -v D:\Studia\Projekty\RNA_assessment:/rna_assessment -e RNA_ASSESSMENT_ROOT=/rna_assessment -e PYTHONPATH=/rna_assessment mcannotate-runtime python3 /work/src/utils/INF.py /work/data/finished/PZ23/pdb/PZ23_Chen_1_solution.pdb /work/data/finished/PZ23/pdb/PZ23_Chen_1_refined.pdb
2026-03-10 00:31:55 	 Docker exit code: 0
2026-03-10 00:31:55 	 Docker output length: 350
2026-03-10 00:31:55 	 Saved CSV: PZ23,Chen_1,Chen,1,refined_pair,0.46265194557299216,0.75,0.445435403187374,PZ23_Chen_1_solution.pdb,PZ23_Chen_1_refined.pdb
2026-03-10 00:31:55 	 RUN refined_pair target=PZ23_Chen_2_solution.pdb model=PZ23_Chen_2_refined.pdb -> id=Chen_2
2026-03-10 00:31:55 	 Docker cmd: docker run --rm -v D:\Studia\Projekty\gsp-lab:/work -v D:\Studia\Projekty\RNA_assessment:/rna_assessment -e RNA_ASSESSMENT_ROOT=/rna_assessment -e PYTHONPATH=/rna_assessment mcannotate-runtime python3 /work/src/utils/INF.py /work/data/finished/PZ23/pdb/PZ23_Chen_2_solution.pdb /work/data/finished/PZ23/pdb/PZ23_Chen_2_refined.pdb
2026-03-10 00:31:58 	 Docker exit code: 0
2026-03-10 00:31:58 	 Docker output length: 363
2026-03-10 00:31:58 	 Saved CSV: PZ23,Chen_2,Chen,2,refined_pair,0.5851421232041204,0.8017837257372731,0.5455447255899809,PZ23_Chen_2_solution.pdb,PZ23_Chen_2_refined.pdb
2026-03-10 00:31:58 	 RUN refined_pair target=PZ23_Chen_3_solution.pdb model=PZ23_Chen_3_refined.pdb -> id=Chen_3
2026-03-10 00:31:58 	 Docker cmd: docker run --rm -v D:\Studia\Projekty\gsp-lab:/work -v D:\Studia\Projekty\RNA_assessment:/rna_assessment -e RNA_ASSESSMENT_ROOT=/rna_assessment -e PYTHONPATH=/rna_assessment mcannotate-runtime python3 /work/src/utils/INF.py /work/data/finished/PZ23/pdb/PZ23_Chen_3_solution.pdb /work/data/finished/PZ23/pdb/PZ23_Chen_3_refined.pdb
2026-03-10 00:32:01 	 Docker exit code: 0
2026-03-10 00:32:01 	 Docker output length: 349
2026-03-10 00:32:01 	 Saved CSV: PZ23,Chen_3,Chen,3,refined_pair,0.5646597025732799,0.75,0.445435403187374,PZ23_Chen_3_solution.pdb,PZ23_Chen_3_refined.pdb
2026-03-10 00:32:01 	 RUN refined_pair target=PZ23_Das_1_solution.pdb model=PZ23_Das_1_refined.pdb -> id=Das_1
2026-03-10 00:32:01 	 Docker cmd: docker run --rm -v D:\Studia\Projekty\gsp-lab:/work -v D:\Studia\Projekty\RNA_assessment:/rna_assessment -e RNA_ASSESSMENT_ROOT=/rna_assessment -e PYTHONPATH=/rna_assessment mcannotate-runtime python3 /work/src/utils/INF.py /work/data/finished/PZ23/pdb/PZ23_Das_1_solution.pdb /work/data/finished/PZ23/pdb/PZ23_Das_1_refined.pdb
2026-03-10 00:32:04 	 Docker exit code: 0
2026-03-10 00:32:04 	 Docker output length: 349
2026-03-10 00:32:04 	 Saved CSV: PZ23,Das_1,Das,1,refined_pair,0.4946522526622413,0.75,0.3380617018914066,PZ23_Das_1_solution.pdb,PZ23_Das_1_refined.pdb
2026-03-10 00:32:04 	 RUN refined_pair target=PZ23_Das_10_solution.pdb model=PZ23_Das_10_refined.pdb -> id=Das_10
2026-03-10 00:32:04 	 Docker cmd: docker run --rm -v D:\Studia\Projekty\gsp-lab:/work -v D:\Studia\Projekty\RNA_assessment:/rna_assessment -e RNA_ASSESSMENT_ROOT=/rna_assessment -e PYTHONPATH=/rna_assessment mcannotate-runtime python3 /work/src/utils/INF.py /work/data/finished/PZ23/pdb/PZ23_Das_10_solution.pdb /work/data/finished/PZ23/pdb/PZ23_Das_10_refined.pdb
2026-03-10 00:32:07 	 Docker exit code: 0
2026-03-10 00:32:07 	 Docker output length: 363
2026-03-10 00:32:07 	 Saved CSV: PZ23,Das_10,Das,10,refined_pair,0.517147812975281,0.8017837257372731,0.3086066999241838,PZ23_Das_10_solution.pdb,PZ23_Das_10_refined.pdb
2026-03-10 00:32:07 	 RUN refined_pair target=PZ23_Das_2_solution.pdb model=PZ23_Das_2_refined.pdb -> id=Das_2
2026-03-10 00:32:07 	 Docker cmd: docker run --rm -v D:\Studia\Projekty\gsp-lab:/work -v D:\Studia\Projekty\RNA_assessment:/rna_assessment -e RNA_ASSESSMENT_ROOT=/rna_assessment -e PYTHONPATH=/rna_assessment mcannotate-runtime python3 /work/src/utils/INF.py /work/data/finished/PZ23/pdb/PZ23_Das_2_solution.pdb /work/data/finished/PZ23/pdb/PZ23_Das_2_refined.pdb
2026-03-10 00:32:09 	 Docker exit code: 0
2026-03-10 00:32:09 	 Docker output length: 362
2026-03-10 00:32:09 	 Saved CSV: PZ23,Das_2,Das,2,refined_pair,0.6217172537289805,0.9354143466934853,0.3563483225498992,PZ23_Das_2_solution.pdb,PZ23_Das_2_refined.pdb
2026-03-10 00:32:09 	 RUN refined_pair target=PZ23_Das_3_solution.pdb model=PZ23_Das_3_refined.pdb -> id=Das_3
2026-03-10 00:32:09 	 Docker cmd: docker run --rm -v D:\Studia\Projekty\gsp-lab:/work -v D:\Studia\Projekty\RNA_assessment:/rna_assessment -e RNA_ASSESSMENT_ROOT=/rna_assessment -e PYTHONPATH=/rna_assessment mcannotate-runtime python3 /work/src/utils/INF.py /work/data/finished/PZ23/pdb/PZ23_Das_3_solution.pdb /work/data/finished/PZ23/pdb/PZ23_Das_3_refined.pdb
2026-03-10 00:32:12 	 Docker exit code: 0
2026-03-10 00:32:12 	 Docker output length: 362
2026-03-10 00:32:12 	 Saved CSV: PZ23,Das_3,Das,3,refined_pair,0.5869565217391305,0.8660254037844386,0.42857142857142855,PZ23_Das_3_solution.pdb,PZ23_Das_3_refined.pdb
2026-03-10 00:32:12 	 RUN refined_pair target=PZ23_Das_4_solution.pdb model=PZ23_Das_4_refined.pdb -> id=Das_4
2026-03-10 00:32:12 	 Docker cmd: docker run --rm -v D:\Studia\Projekty\gsp-lab:/work -v D:\Studia\Projekty\RNA_assessment:/rna_assessment -e RNA_ASSESSMENT_ROOT=/rna_assessment -e PYTHONPATH=/rna_assessment mcannotate-runtime python3 /work/src/utils/INF.py /work/data/finished/PZ23/pdb/PZ23_Das_4_solution.pdb /work/data/finished/PZ23/pdb/PZ23_Das_4_refined.pdb
2026-03-10 00:32:14 	 Docker exit code: 0
2026-03-10 00:32:14 	 Docker output length: 362
2026-03-10 00:32:14 	 Saved CSV: PZ23,Das_4,Das,4,refined_pair,0.5779204918167031,0.8660254037844386,0.3563483225498992,PZ23_Das_4_solution.pdb,PZ23_Das_4_refined.pdb
2026-03-10 00:32:14 	 RUN refined_pair target=PZ23_Das_5_solution.pdb model=PZ23_Das_5_refined.pdb -> id=Das_5
2026-03-10 00:32:14 	 Docker cmd: docker run --rm -v D:\Studia\Projekty\gsp-lab:/work -v D:\Studia\Projekty\RNA_assessment:/rna_assessment -e RNA_ASSESSMENT_ROOT=/rna_assessment -e PYTHONPATH=/rna_assessment mcannotate-runtime python3 /work/src/utils/INF.py /work/data/finished/PZ23/pdb/PZ23_Das_5_solution.pdb /work/data/finished/PZ23/pdb/PZ23_Das_5_refined.pdb
2026-03-10 00:32:17 	 Docker exit code: 0
2026-03-10 00:32:17 	 Docker output length: 362
2026-03-10 00:32:17 	 Saved CSV: PZ23,Das_5,Das,5,refined_pair,0.5934424260562083,0.8660254037844386,0.48349377841522817,PZ23_Das_5_solution.pdb,PZ23_Das_5_refined.pdb
2026-03-10 00:32:17 	 RUN refined_pair target=PZ23_Das_6_solution.pdb model=PZ23_Das_6_refined.pdb -> id=Das_6
2026-03-10 00:32:17 	 Docker cmd: docker run --rm -v D:\Studia\Projekty\gsp-lab:/work -v D:\Studia\Projekty\RNA_assessment:/rna_assessment -e RNA_ASSESSMENT_ROOT=/rna_assessment -e PYTHONPATH=/rna_assessment mcannotate-runtime python3 /work/src/utils/INF.py /work/data/finished/PZ23/pdb/PZ23_Das_6_solution.pdb /work/data/finished/PZ23/pdb/PZ23_Das_6_refined.pdb
2026-03-10 00:32:19 	 Docker exit code: 0
2026-03-10 00:32:19 	 Docker output length: 361
2026-03-10 00:32:19 	 Saved CSV: PZ23,Das_6,Das,6,refined_pair,0.6521739130434783,0.8660254037844386,0.4447495899966607,PZ23_Das_6_solution.pdb,PZ23_Das_6_refined.pdb
2026-03-10 00:32:19 	 RUN refined_pair target=PZ23_Das_7_solution.pdb model=PZ23_Das_7_refined.pdb -> id=Das_7
2026-03-10 00:32:19 	 Docker cmd: docker run --rm -v D:\Studia\Projekty\gsp-lab:/work -v D:\Studia\Projekty\RNA_assessment:/rna_assessment -e RNA_ASSESSMENT_ROOT=/rna_assessment -e PYTHONPATH=/rna_assessment mcannotate-runtime python3 /work/src/utils/INF.py /work/data/finished/PZ23/pdb/PZ23_Das_7_solution.pdb /work/data/finished/PZ23/pdb/PZ23_Das_7_refined.pdb
2026-03-10 00:32:22 	 Docker exit code: 0
2026-03-10 00:32:22 	 Docker output length: 361
2026-03-10 00:32:22 	 Saved CSV: PZ23,Das_7,Das,7,refined_pair,0.5494837278298225,0.8660254037844386,0.2857142857142857,PZ23_Das_7_solution.pdb,PZ23_Das_7_refined.pdb
2026-03-10 00:32:22 	 RUN refined_pair target=PZ23_Das_8_solution.pdb model=PZ23_Das_8_refined.pdb -> id=Das_8
2026-03-10 00:32:22 	 Docker cmd: docker run --rm -v D:\Studia\Projekty\gsp-lab:/work -v D:\Studia\Projekty\RNA_assessment:/rna_assessment -e RNA_ASSESSMENT_ROOT=/rna_assessment -e PYTHONPATH=/rna_assessment mcannotate-runtime python3 /work/src/utils/INF.py /work/data/finished/PZ23/pdb/PZ23_Das_8_solution.pdb /work/data/finished/PZ23/pdb/PZ23_Das_8_refined.pdb
2026-03-10 00:32:25 	 Docker exit code: 0
2026-03-10 00:32:25 	 Docker output length: 360
2026-03-10 00:32:25 	 Saved CSV: PZ23,Das_8,Das,8,refined_pair,0.511237358145545,0.8017837257372731,0.3223291856101521,PZ23_Das_8_solution.pdb,PZ23_Das_8_refined.pdb
2026-03-10 00:32:25 	 RUN refined_pair target=PZ23_Das_9_solution.pdb model=PZ23_Das_9_refined.pdb -> id=Das_9
2026-03-10 00:32:25 	 Docker cmd: docker run --rm -v D:\Studia\Projekty\gsp-lab:/work -v D:\Studia\Projekty\RNA_assessment:/rna_assessment -e RNA_ASSESSMENT_ROOT=/rna_assessment -e PYTHONPATH=/rna_assessment mcannotate-runtime python3 /work/src/utils/INF.py /work/data/finished/PZ23/pdb/PZ23_Das_9_solution.pdb /work/data/finished/PZ23/pdb/PZ23_Das_9_refined.pdb
2026-03-10 00:32:28 	 Docker exit code: 0
2026-03-10 00:32:28 	 Docker output length: 362
2026-03-10 00:32:28 	 Saved CSV: PZ23,Das_9,Das,9,refined_pair,0.5687696939916126,0.8660254037844386,0.5669467095138409,PZ23_Das_9_solution.pdb,PZ23_Das_9_refined.pdb
2026-03-10 00:32:28 	 RUN refined_pair target=PZ23_Ding_1_solution.pdb model=PZ23_Ding_1_refined.pdb -> id=Ding_1
2026-03-10 00:32:28 	 Docker cmd: docker run --rm -v D:\Studia\Projekty\gsp-lab:/work -v D:\Studia\Projekty\RNA_assessment:/rna_assessment -e RNA_ASSESSMENT_ROOT=/rna_assessment -e PYTHONPATH=/rna_assessment mcannotate-runtime python3 /work/src/utils/INF.py /work/data/finished/PZ23/pdb/PZ23_Ding_1_solution.pdb /work/data/finished/PZ23/pdb/PZ23_Ding_1_refined.pdb
2026-03-10 00:32:31 	 Docker exit code: 0
2026-03-10 00:32:31 	 Docker output length: 364
2026-03-10 00:32:31 	 Saved CSV: PZ23,Ding_1,Ding,1,refined_pair,0.5922200922639821,0.8660254037844386,0.3563483225498992,PZ23_Ding_1_solution.pdb,PZ23_Ding_1_refined.pdb
2026-03-10 00:32:31 	 RUN refined_pair target=PZ23_Ding_2_solution.pdb model=PZ23_Ding_2_refined.pdb -> id=Ding_2
2026-03-10 00:32:31 	 Docker cmd: docker run --rm -v D:\Studia\Projekty\gsp-lab:/work -v D:\Studia\Projekty\RNA_assessment:/rna_assessment -e RNA_ASSESSMENT_ROOT=/rna_assessment -e PYTHONPATH=/rna_assessment mcannotate-runtime python3 /work/src/utils/INF.py /work/data/finished/PZ23/pdb/PZ23_Ding_2_solution.pdb /work/data/finished/PZ23/pdb/PZ23_Ding_2_refined.pdb
2026-03-10 00:32:34 	 Docker exit code: 0
2026-03-10 00:32:34 	 Docker output length: 365
2026-03-10 00:32:34 	 Saved CSV: PZ23,Ding_2,Ding,2,refined_pair,0.48237870076329087,0.7905694150420949,0.3779644730092272,PZ23_Ding_2_solution.pdb,PZ23_Ding_2_refined.pdb
2026-03-10 00:32:34 	 RUN refined_pair target=PZ23_Ding_3_solution.pdb model=PZ23_Ding_3_refined.pdb -> id=Ding_3
2026-03-10 00:32:34 	 Docker cmd: docker run --rm -v D:\Studia\Projekty\gsp-lab:/work -v D:\Studia\Projekty\RNA_assessment:/rna_assessment -e RNA_ASSESSMENT_ROOT=/rna_assessment -e PYTHONPATH=/rna_assessment mcannotate-runtime python3 /work/src/utils/INF.py /work/data/finished/PZ23/pdb/PZ23_Ding_3_solution.pdb /work/data/finished/PZ23/pdb/PZ23_Ding_3_refined.pdb
2026-03-10 00:32:37 	 Docker exit code: 0
2026-03-10 00:32:37 	 Docker output length: 364
2026-03-10 00:32:37 	 Saved CSV: PZ23,Ding_3,Ding,3,refined_pair,0.5653009971610737,0.8660254037844386,0.3779644730092272,PZ23_Ding_3_solution.pdb,PZ23_Ding_3_refined.pdb
2026-03-10 00:32:37 	 RUN refined_pair target=PZ23_Ding_4_solution.pdb model=PZ23_Ding_4_refined.pdb -> id=Ding_4
2026-03-10 00:32:37 	 Docker cmd: docker run --rm -v D:\Studia\Projekty\gsp-lab:/work -v D:\Studia\Projekty\RNA_assessment:/rna_assessment -e RNA_ASSESSMENT_ROOT=/rna_assessment -e PYTHONPATH=/rna_assessment mcannotate-runtime python3 /work/src/utils/INF.py /work/data/finished/PZ23/pdb/PZ23_Ding_4_solution.pdb /work/data/finished/PZ23/pdb/PZ23_Ding_4_refined.pdb
2026-03-10 00:32:39 	 Docker exit code: 0
2026-03-10 00:32:39 	 Docker output length: 363
2026-03-10 00:32:39 	 Saved CSV: PZ23,Ding_4,Ding,4,refined_pair,0.5383819020581655,0.8660254037844386,0.3779644730092272,PZ23_Ding_4_solution.pdb,PZ23_Ding_4_refined.pdb
2026-03-10 00:32:39 	 RUN refined_pair target=PZ23_Ding_5_solution.pdb model=PZ23_Ding_5_refined.pdb -> id=Ding_5
2026-03-10 00:32:39 	 Docker cmd: docker run --rm -v D:\Studia\Projekty\gsp-lab:/work -v D:\Studia\Projekty\RNA_assessment:/rna_assessment -e RNA_ASSESSMENT_ROOT=/rna_assessment -e PYTHONPATH=/rna_assessment mcannotate-runtime python3 /work/src/utils/INF.py /work/data/finished/PZ23/pdb/PZ23_Ding_5_solution.pdb /work/data/finished/PZ23/pdb/PZ23_Ding_5_refined.pdb
2026-03-10 00:32:42 	 Docker exit code: 0
2026-03-10 00:32:42 	 Docker output length: 365
2026-03-10 00:32:42 	 Saved CSV: PZ23,Ding_5,Ding,5,refined_pair,0.5383819020581655,0.8660254037844386,0.40406101782088427,PZ23_Ding_5_solution.pdb,PZ23_Ding_5_refined.pdb
2026-03-10 00:32:42 	 RUN refined_pair target=PZ23_Dokholyan_1_solution.pdb model=PZ23_Dokholyan_1_refined.pdb -> id=Dokholyan_1
2026-03-10 00:32:42 	 Docker cmd: docker run --rm -v D:\Studia\Projekty\gsp-lab:/work -v D:\Studia\Projekty\RNA_assessment:/rna_assessment -e RNA_ASSESSMENT_ROOT=/rna_assessment -e PYTHONPATH=/rna_assessment mcannotate-runtime python3 /work/src/utils/INF.py /work/data/finished/PZ23/pdb/PZ23_Dokholyan_1_solution.pdb /work/data/finished/PZ23/pdb/PZ23_Dokholyan_1_refined.pdb
2026-03-10 00:32:45 	 Docker exit code: 0
2026-03-10 00:32:45 	 Docker output length: 360
2026-03-10 00:32:45 	 Saved CSV: PZ23,Dokholyan_1,Dokholyan,1,refined_pair,0.38499525175450905,0.8660254037844386,0,PZ23_Dokholyan_1_solution.pdb,PZ23_Dokholyan_1_refined.pdb
2026-03-10 00:32:45 	 RUN refined_pair target=PZ23_SimRNA_1_solution.pdb model=PZ23_SimRNA_1_refined.pdb -> id=SimRNA_1
2026-03-10 00:32:45 	 Docker cmd: docker run --rm -v D:\Studia\Projekty\gsp-lab:/work -v D:\Studia\Projekty\RNA_assessment:/rna_assessment -e RNA_ASSESSMENT_ROOT=/rna_assessment -e PYTHONPATH=/rna_assessment mcannotate-runtime python3 /work/src/utils/INF.py /work/data/finished/PZ23/pdb/PZ23_SimRNA_1_solution.pdb /work/data/finished/PZ23/pdb/PZ23_SimRNA_1_refined.pdb
2026-03-10 00:32:47 	 Docker exit code: 0
2026-03-10 00:32:47 	 Docker output length: 353
2026-03-10 00:32:47 	 Saved CSV: PZ23,SimRNA_1,SimRNA,1,refined_pair,0.5004345937369794,0.6864064729836441,0,PZ23_SimRNA_1_solution.pdb,PZ23_SimRNA_1_refined.pdb
2026-03-10 00:32:47 	 RUN refined_pair target=PZ23_SimRNA_2_solution.pdb model=PZ23_SimRNA_2_refined.pdb -> id=SimRNA_2
2026-03-10 00:32:47 	 Docker cmd: docker run --rm -v D:\Studia\Projekty\gsp-lab:/work -v D:\Studia\Projekty\RNA_assessment:/rna_assessment -e RNA_ASSESSMENT_ROOT=/rna_assessment -e PYTHONPATH=/rna_assessment mcannotate-runtime python3 /work/src/utils/INF.py /work/data/finished/PZ23/pdb/PZ23_SimRNA_2_solution.pdb /work/data/finished/PZ23/pdb/PZ23_SimRNA_2_refined.pdb
2026-03-10 00:32:50 	 Docker exit code: 0
2026-03-10 00:32:50 	 Docker output length: 354
2026-03-10 00:32:50 	 Saved CSV: PZ23,SimRNA_2,SimRNA,2,refined_pair,0.47217843793395226,0.6396021490668313,0,PZ23_SimRNA_2_solution.pdb,PZ23_SimRNA_2_refined.pdb
2026-03-10 00:32:50 	 RUN refined_pair target=PZ23_SimRNA_3_solution.pdb model=PZ23_SimRNA_3_refined.pdb -> id=SimRNA_3
2026-03-10 00:32:50 	 Docker cmd: docker run --rm -v D:\Studia\Projekty\gsp-lab:/work -v D:\Studia\Projekty\RNA_assessment:/rna_assessment -e RNA_ASSESSMENT_ROOT=/rna_assessment -e PYTHONPATH=/rna_assessment mcannotate-runtime python3 /work/src/utils/INF.py /work/data/finished/PZ23/pdb/PZ23_SimRNA_3_solution.pdb /work/data/finished/PZ23/pdb/PZ23_SimRNA_3_refined.pdb
2026-03-10 00:32:53 	 Docker exit code: 0
2026-03-10 00:32:53 	 Docker output length: 354
2026-03-10 00:32:53 	 Saved CSV: PZ23,SimRNA_3,SimRNA,3,refined_pair,0.4946631254546167,0.5883484054145521,-1,PZ23_SimRNA_3_solution.pdb,PZ23_SimRNA_3_refined.pdb
2026-03-10 00:32:53 	 RUN refined_pair target=PZ23_SimRNA_4_solution.pdb model=PZ23_SimRNA_4_refined.pdb -> id=SimRNA_4
2026-03-10 00:32:53 	 Docker cmd: docker run --rm -v D:\Studia\Projekty\gsp-lab:/work -v D:\Studia\Projekty\RNA_assessment:/rna_assessment -e RNA_ASSESSMENT_ROOT=/rna_assessment -e PYTHONPATH=/rna_assessment mcannotate-runtime python3 /work/src/utils/INF.py /work/data/finished/PZ23/pdb/PZ23_SimRNA_4_solution.pdb /work/data/finished/PZ23/pdb/PZ23_SimRNA_4_refined.pdb
2026-03-10 00:32:56 	 Docker exit code: 0
2026-03-10 00:32:56 	 Docker output length: 353
2026-03-10 00:32:56 	 Saved CSV: PZ23,SimRNA_4,SimRNA,4,refined_pair,0.5055250296034367,0.6614378277661477,0,PZ23_SimRNA_4_solution.pdb,PZ23_SimRNA_4_refined.pdb
2026-03-10 00:32:56 	 RUN refined_pair target=PZ23_SimRNA_5_solution.pdb model=PZ23_SimRNA_5_refined.pdb -> id=SimRNA_5
2026-03-10 00:32:56 	 Docker cmd: docker run --rm -v D:\Studia\Projekty\gsp-lab:/work -v D:\Studia\Projekty\RNA_assessment:/rna_assessment -e RNA_ASSESSMENT_ROOT=/rna_assessment -e PYTHONPATH=/rna_assessment mcannotate-runtime python3 /work/src/utils/INF.py /work/data/finished/PZ23/pdb/PZ23_SimRNA_5_solution.pdb /work/data/finished/PZ23/pdb/PZ23_SimRNA_5_refined.pdb
2026-03-10 00:32:59 	 Docker exit code: 0
2026-03-10 00:32:59 	 Docker output length: 354
2026-03-10 00:32:59 	 Saved CSV: PZ23,SimRNA_5,SimRNA,5,refined_pair,0.5296109939172796,0.6123724356957945,-1,PZ23_SimRNA_5_solution.pdb,PZ23_SimRNA_5_refined.pdb
2026-03-10 00:32:59 	 RUN refined_pair target=PZ23_Szachniuk_1_solution.pdb model=PZ23_Szachniuk_1_refined.pdb -> id=Szachniuk_1
2026-03-10 00:32:59 	 Docker cmd: docker run --rm -v D:\Studia\Projekty\gsp-lab:/work -v D:\Studia\Projekty\RNA_assessment:/rna_assessment -e RNA_ASSESSMENT_ROOT=/rna_assessment -e PYTHONPATH=/rna_assessment mcannotate-runtime python3 /work/src/utils/INF.py /work/data/finished/PZ23/pdb/PZ23_Szachniuk_1_solution.pdb /work/data/finished/PZ23/pdb/PZ23_Szachniuk_1_refined.pdb
2026-03-10 00:33:02 	 Docker exit code: 0
2026-03-10 00:33:02 	 Docker output length: 359
2026-03-10 00:33:02 	 Saved CSV: PZ23,Szachniuk_1,Szachniuk,1,refined_pair,0.565194165260439,0.75,0.3563483225498992,PZ23_Szachniuk_1_solution.pdb,PZ23_Szachniuk_1_refined.pdb
2026-03-10 00:33:02 	 RUN refined_pair target=PZ23_Szachniuk_2_solution.pdb model=PZ23_Szachniuk_2_refined.pdb -> id=Szachniuk_2
2026-03-10 00:33:02 	 Docker cmd: docker run --rm -v D:\Studia\Projekty\gsp-lab:/work -v D:\Studia\Projekty\RNA_assessment:/rna_assessment -e RNA_ASSESSMENT_ROOT=/rna_assessment -e PYTHONPATH=/rna_assessment mcannotate-runtime python3 /work/src/utils/INF.py /work/data/finished/PZ23/pdb/PZ23_Szachniuk_2_solution.pdb /work/data/finished/PZ23/pdb/PZ23_Szachniuk_2_refined.pdb
2026-03-10 00:33:04 	 Docker exit code: 0
2026-03-10 00:33:04 	 Docker output length: 360
2026-03-10 00:33:04 	 Saved CSV: PZ23,Szachniuk_2,Szachniuk,2,refined_pair,0.5575040903982775,0.75,0.3380617018914066,PZ23_Szachniuk_2_solution.pdb,PZ23_Szachniuk_2_refined.pdb
2026-03-10 00:33:04 	 RUN refined_pair target=PZ23_Szachniuk_3_solution.pdb model=PZ23_Szachniuk_3_refined.pdb -> id=Szachniuk_3
2026-03-10 00:33:04 	 Docker cmd: docker run --rm -v D:\Studia\Projekty\gsp-lab:/work -v D:\Studia\Projekty\RNA_assessment:/rna_assessment -e RNA_ASSESSMENT_ROOT=/rna_assessment -e PYTHONPATH=/rna_assessment mcannotate-runtime python3 /work/src/utils/INF.py /work/data/finished/PZ23/pdb/PZ23_Szachniuk_3_solution.pdb /work/data/finished/PZ23/pdb/PZ23_Szachniuk_3_refined.pdb
2026-03-10 00:33:07 	 Docker exit code: 0
2026-03-10 00:33:07 	 Docker output length: 374
2026-03-10 00:33:07 	 Saved CSV: PZ23,Szachniuk_3,Szachniuk,3,refined_pair,0.5114628069552573,0.8660254037844386,0.3086066999241838,PZ23_Szachniuk_3_solution.pdb,PZ23_Szachniuk_3_refined.pdb
2026-03-10 00:33:07 	 RUN refined_pair target=PZ23_Xiao_1_solution.pdb model=PZ23_Xiao_1_refined.pdb -> id=Xiao_1
2026-03-10 00:33:07 	 Docker cmd: docker run --rm -v D:\Studia\Projekty\gsp-lab:/work -v D:\Studia\Projekty\RNA_assessment:/rna_assessment -e RNA_ASSESSMENT_ROOT=/rna_assessment -e PYTHONPATH=/rna_assessment mcannotate-runtime python3 /work/src/utils/INF.py /work/data/finished/PZ23/pdb/PZ23_Xiao_1_solution.pdb /work/data/finished/PZ23/pdb/PZ23_Xiao_1_refined.pdb
2026-03-10 00:33:10 	 Docker exit code: 0
2026-03-10 00:33:10 	 Docker output length: 334
2026-03-10 00:33:10 	 Saved CSV: PZ23,Xiao_1,Xiao,1,refined_pair,0.4305283859114459,0.6123724356957945,0,PZ23_Xiao_1_solution.pdb,PZ23_Xiao_1_refined.pdb
2026-03-10 00:33:10 	 RUN refined_pair target=PZ23_Xiao_2_solution.pdb model=PZ23_Xiao_2_refined.pdb -> id=Xiao_2
2026-03-10 00:33:10 	 Docker cmd: docker run --rm -v D:\Studia\Projekty\gsp-lab:/work -v D:\Studia\Projekty\RNA_assessment:/rna_assessment -e RNA_ASSESSMENT_ROOT=/rna_assessment -e PYTHONPATH=/rna_assessment mcannotate-runtime python3 /work/src/utils/INF.py /work/data/finished/PZ23/pdb/PZ23_Xiao_2_solution.pdb /work/data/finished/PZ23/pdb/PZ23_Xiao_2_refined.pdb
2026-03-10 00:33:12 	 Docker exit code: 0
2026-03-10 00:33:12 	 Docker output length: 349
2026-03-10 00:33:12 	 Saved CSV: PZ23,Xiao_2,Xiao,2,refined_pair,0.47352254696526547,0.6396021490668313,0,PZ23_Xiao_2_solution.pdb,PZ23_Xiao_2_refined.pdb
2026-03-10 00:33:12 	 RUN refined_pair target=PZ23_Xiao_3_solution.pdb model=PZ23_Xiao_3_refined.pdb -> id=Xiao_3
2026-03-10 00:33:12 	 Docker cmd: docker run --rm -v D:\Studia\Projekty\gsp-lab:/work -v D:\Studia\Projekty\RNA_assessment:/rna_assessment -e RNA_ASSESSMENT_ROOT=/rna_assessment -e PYTHONPATH=/rna_assessment mcannotate-runtime python3 /work/src/utils/INF.py /work/data/finished/PZ23/pdb/PZ23_Xiao_3_solution.pdb /work/data/finished/PZ23/pdb/PZ23_Xiao_3_refined.pdb
2026-03-10 00:33:14 	 Docker exit code: 0
2026-03-10 00:33:14 	 Docker output length: 351
2026-03-10 00:33:14 	 Saved CSV: PZ23,Xiao_3,Xiao,3,refined_pair,0.44858255641739136,0.5669467095138409,-1,PZ23_Xiao_3_solution.pdb,PZ23_Xiao_3_refined.pdb
2026-03-10 00:33:14 	 RUN refined_pair target=PZ23_Xiao_4_solution.pdb model=PZ23_Xiao_4_refined.pdb -> id=Xiao_4
2026-03-10 00:33:14 	 Docker cmd: docker run --rm -v D:\Studia\Projekty\gsp-lab:/work -v D:\Studia\Projekty\RNA_assessment:/rna_assessment -e RNA_ASSESSMENT_ROOT=/rna_assessment -e PYTHONPATH=/rna_assessment mcannotate-runtime python3 /work/src/utils/INF.py /work/data/finished/PZ23/pdb/PZ23_Xiao_4_solution.pdb /work/data/finished/PZ23/pdb/PZ23_Xiao_4_refined.pdb
2026-03-10 00:33:16 	 Docker exit code: 0
2026-03-10 00:33:16 	 Docker output length: 332
2026-03-10 00:33:16 	 Saved CSV: PZ23,Xiao_4,Xiao,4,refined_pair,0.3109371676027109,0,0,PZ23_Xiao_4_solution.pdb,PZ23_Xiao_4_refined.pdb
2026-03-10 00:33:16 	 RUN refined_pair target=PZ23_Xiao_5_solution.pdb model=PZ23_Xiao_5_refined.pdb -> id=Xiao_5
2026-03-10 00:33:16 	 Docker cmd: docker run --rm -v D:\Studia\Projekty\gsp-lab:/work -v D:\Studia\Projekty\RNA_assessment:/rna_assessment -e RNA_ASSESSMENT_ROOT=/rna_assessment -e PYTHONPATH=/rna_assessment mcannotate-runtime python3 /work/src/utils/INF.py /work/data/finished/PZ23/pdb/PZ23_Xiao_5_solution.pdb /work/data/finished/PZ23/pdb/PZ23_Xiao_5_refined.pdb
2026-03-10 00:33:19 	 Docker exit code: 0
2026-03-10 00:33:19 	 Docker output length: 334
2026-03-10 00:33:19 	 Saved CSV: PZ23,Xiao_5,Xiao,5,refined_pair,0.2781469555832955,0,0,PZ23_Xiao_5_solution.pdb,PZ23_Xiao_5_refined.pdb
2026-03-10 00:33:19 	 SKIP (model is a solution file): PZ23_Bujnicki_1_solution.pdb
2026-03-10 00:33:19 	 SKIP (model is a solution file): PZ23_Bujnicki_2_solution.pdb
2026-03-10 00:33:19 	 SKIP (model is a solution file): PZ23_Bujnicki_3_solution.pdb
2026-03-10 00:33:19 	 SKIP (model is a solution file): PZ23_Chen_1_solution.pdb
2026-03-10 00:33:19 	 SKIP (model is a solution file): PZ23_Chen_2_solution.pdb
2026-03-10 00:33:19 	 SKIP (model is a solution file): PZ23_Chen_3_solution.pdb
2026-03-10 00:33:19 	 SKIP (model is a solution file): PZ23_Das_1_solution.pdb
2026-03-10 00:33:19 	 SKIP (model is a solution file): PZ23_Das_10_solution.pdb
2026-03-10 00:33:19 	 SKIP (model is a solution file): PZ23_Das_2_solution.pdb
2026-03-10 00:33:19 	 SKIP (model is a solution file): PZ23_Das_3_solution.pdb
2026-03-10 00:33:19 	 SKIP (model is a solution file): PZ23_Das_4_solution.pdb
2026-03-10 00:33:19 	 SKIP (model is a solution file): PZ23_Das_5_solution.pdb
2026-03-10 00:33:19 	 SKIP (model is a solution file): PZ23_Das_6_solution.pdb
2026-03-10 00:33:19 	 SKIP (model is a solution file): PZ23_Das_7_solution.pdb
2026-03-10 00:33:19 	 SKIP (model is a solution file): PZ23_Das_8_solution.pdb
2026-03-10 00:33:19 	 SKIP (model is a solution file): PZ23_Das_9_solution.pdb
2026-03-10 00:33:19 	 SKIP (model is a solution file): PZ23_Ding_1_solution.pdb
2026-03-10 00:33:19 	 SKIP (model is a solution file): PZ23_Ding_2_solution.pdb
2026-03-10 00:33:19 	 SKIP (model is a solution file): PZ23_Ding_3_solution.pdb
2026-03-10 00:33:19 	 SKIP (model is a solution file): PZ23_Ding_4_solution.pdb
2026-03-10 00:33:19 	 SKIP (model is a solution file): PZ23_Ding_5_solution.pdb
2026-03-10 00:33:19 	 SKIP (model is a solution file): PZ23_Dokholyan_1_solution.pdb
2026-03-10 00:33:19 	 SKIP (model is a solution file): PZ23_SimRNA_1_solution.pdb
2026-03-10 00:33:19 	 SKIP (model is a solution file): PZ23_SimRNA_2_solution.pdb
2026-03-10 00:33:19 	 SKIP (model is a solution file): PZ23_SimRNA_3_solution.pdb
2026-03-10 00:33:20 	 SKIP (model is a solution file): PZ23_SimRNA_4_solution.pdb
2026-03-10 00:33:20 	 SKIP (model is a solution file): PZ23_SimRNA_5_solution.pdb
2026-03-10 00:33:20 	 SKIP (model is a solution file): PZ23_solution_0.pdb
2026-03-10 00:33:20 	 SKIP (model is a solution file): PZ23_Szachniuk_1_solution.pdb
2026-03-10 00:33:20 	 SKIP (model is a solution file): PZ23_Szachniuk_2_solution.pdb
2026-03-10 00:33:20 	 SKIP (model is a solution file): PZ23_Szachniuk_3_solution.pdb
2026-03-10 00:33:20 	 SKIP (model is a solution file): PZ23_Xiao_1_solution.pdb
2026-03-10 00:33:20 	 SKIP (model is a solution file): PZ23_Xiao_2_solution.pdb
2026-03-10 00:33:20 	 SKIP (model is a solution file): PZ23_Xiao_3_solution.pdb
2026-03-10 00:33:20 	 SKIP (model is a solution file): PZ23_Xiao_4_solution.pdb
2026-03-10 00:33:20 	 SKIP (model is a solution file): PZ23_Xiao_5_solution.pdb
2026-03-10 00:33:20 	 DONE case: PZ23
2026-03-10 01:12:41 	 START case: PZ23
2026-03-10 01:12:41 	 caseDir: D:\Studia\Projekty\gsp-lab\data\finished\PZ23
2026-03-10 01:12:41 	 pdbDir: D:\Studia\Projekty\gsp-lab\data\finished\PZ23\pdb
2026-03-10 01:12:41 	 Found pdb count: 71
2026-03-10 01:12:41 	 Global solution: PZ23_solution_0.pdb
2026-03-10 01:12:41 	 SKIP already recorded (refined): Bujnicki_1
2026-03-10 01:12:41 	 SKIP already recorded (refined): Bujnicki_2
2026-03-10 01:12:41 	 SKIP already recorded (refined): Bujnicki_3
2026-03-10 01:12:41 	 SKIP already recorded (refined): Chen_1
2026-03-10 01:12:41 	 SKIP already recorded (refined): Chen_2
2026-03-10 01:12:41 	 SKIP already recorded (refined): Chen_3
2026-03-10 01:12:41 	 SKIP already recorded (refined): Das_1
2026-03-10 01:12:41 	 SKIP already recorded (refined): Das_10
2026-03-10 01:12:41 	 SKIP already recorded (refined): Das_2
2026-03-10 01:12:41 	 SKIP already recorded (refined): Das_3
2026-03-10 01:12:41 	 SKIP already recorded (refined): Das_4
2026-03-10 01:12:41 	 SKIP already recorded (refined): Das_5
2026-03-10 01:12:41 	 SKIP already recorded (refined): Das_6
2026-03-10 01:12:41 	 SKIP already recorded (refined): Das_7
2026-03-10 01:12:41 	 SKIP already recorded (refined): Das_8
2026-03-10 01:12:41 	 SKIP already recorded (refined): Das_9
2026-03-10 01:12:41 	 SKIP already recorded (refined): Ding_1
2026-03-10 01:12:41 	 SKIP already recorded (refined): Ding_2
2026-03-10 01:12:41 	 SKIP already recorded (refined): Ding_3
2026-03-10 01:12:41 	 SKIP already recorded (refined): Ding_4
2026-03-10 01:12:41 	 SKIP already recorded (refined): Ding_5
2026-03-10 01:12:41 	 SKIP already recorded (refined): Dokholyan_1
2026-03-10 01:12:41 	 SKIP already recorded (refined): SimRNA_1
2026-03-10 01:12:41 	 SKIP already recorded (refined): SimRNA_2
2026-03-10 01:12:41 	 SKIP already recorded (refined): SimRNA_3
2026-03-10 01:12:41 	 SKIP already recorded (refined): SimRNA_4
2026-03-10 01:12:41 	 SKIP already recorded (refined): SimRNA_5
2026-03-10 01:12:41 	 SKIP already recorded (refined): Szachniuk_1
2026-03-10 01:12:41 	 SKIP already recorded (refined): Szachniuk_2
2026-03-10 01:12:41 	 SKIP already recorded (refined): Szachniuk_3
2026-03-10 01:12:41 	 SKIP already recorded (refined): Xiao_1
2026-03-10 01:12:41 	 SKIP already recorded (refined): Xiao_2
2026-03-10 01:12:42 	 SKIP already recorded (refined): Xiao_3
2026-03-10 01:12:42 	 SKIP already recorded (refined): Xiao_4
2026-03-10 01:12:42 	 SKIP already recorded (refined): Xiao_5
2026-03-10 01:12:42 	 SKIP (model is a solution file): PZ23_Bujnicki_1_solution.pdb
2026-03-10 01:12:42 	 SKIP (model is a solution file): PZ23_Bujnicki_2_solution.pdb
2026-03-10 01:12:42 	 SKIP (model is a solution file): PZ23_Bujnicki_3_solution.pdb
2026-03-10 01:12:42 	 SKIP (model is a solution file): PZ23_Chen_1_solution.pdb
2026-03-10 01:12:42 	 SKIP (model is a solution file): PZ23_Chen_2_solution.pdb
2026-03-10 01:12:42 	 SKIP (model is a solution file): PZ23_Chen_3_solution.pdb
2026-03-10 01:12:42 	 SKIP (model is a solution file): PZ23_Das_1_solution.pdb
2026-03-10 01:12:42 	 SKIP (model is a solution file): PZ23_Das_10_solution.pdb
2026-03-10 01:12:42 	 SKIP (model is a solution file): PZ23_Das_2_solution.pdb
2026-03-10 01:12:42 	 SKIP (model is a solution file): PZ23_Das_3_solution.pdb
2026-03-10 01:12:42 	 SKIP (model is a solution file): PZ23_Das_4_solution.pdb
2026-03-10 01:12:42 	 SKIP (model is a solution file): PZ23_Das_5_solution.pdb
2026-03-10 01:12:42 	 SKIP (model is a solution file): PZ23_Das_6_solution.pdb
2026-03-10 01:12:42 	 SKIP (model is a solution file): PZ23_Das_7_solution.pdb
2026-03-10 01:12:42 	 SKIP (model is a solution file): PZ23_Das_8_solution.pdb
2026-03-10 01:12:42 	 SKIP (model is a solution file): PZ23_Das_9_solution.pdb
2026-03-10 01:12:42 	 SKIP (model is a solution file): PZ23_Ding_1_solution.pdb
2026-03-10 01:12:42 	 SKIP (model is a solution file): PZ23_Ding_2_solution.pdb
2026-03-10 01:12:42 	 SKIP (model is a solution file): PZ23_Ding_3_solution.pdb
2026-03-10 01:12:42 	 SKIP (model is a solution file): PZ23_Ding_4_solution.pdb
2026-03-10 01:12:42 	 SKIP (model is a solution file): PZ23_Ding_5_solution.pdb
2026-03-10 01:12:42 	 SKIP (model is a solution file): PZ23_Dokholyan_1_solution.pdb
2026-03-10 01:12:42 	 SKIP (model is a solution file): PZ23_SimRNA_1_solution.pdb
2026-03-10 01:12:42 	 SKIP (model is a solution file): PZ23_SimRNA_2_solution.pdb
2026-03-10 01:12:42 	 SKIP (model is a solution file): PZ23_SimRNA_3_solution.pdb
2026-03-10 01:12:42 	 SKIP (model is a solution file): PZ23_SimRNA_4_solution.pdb
2026-03-10 01:12:42 	 SKIP (model is a solution file): PZ23_SimRNA_5_solution.pdb
2026-03-10 01:12:42 	 SKIP (model is a solution file): PZ23_solution_0.pdb
2026-03-10 01:12:42 	 SKIP (model is a solution file): PZ23_Szachniuk_1_solution.pdb
2026-03-10 01:12:42 	 SKIP (model is a solution file): PZ23_Szachniuk_2_solution.pdb
2026-03-10 01:12:42 	 SKIP (model is a solution file): PZ23_Szachniuk_3_solution.pdb
2026-03-10 01:12:42 	 SKIP (model is a solution file): PZ23_Xiao_1_solution.pdb
2026-03-10 01:12:42 	 SKIP (model is a solution file): PZ23_Xiao_2_solution.pdb
2026-03-10 01:12:42 	 SKIP (model is a solution file): PZ23_Xiao_3_solution.pdb
2026-03-10 01:12:42 	 SKIP (model is a solution file): PZ23_Xiao_4_solution.pdb
2026-03-10 01:12:42 	 SKIP (model is a solution file): PZ23_Xiao_5_solution.pdb
2026-03-10 01:12:42 	 DONE case: PZ23
2026-03-10 01:17:25 	 START case: PZ23
2026-03-10 01:17:25 	 caseDir: D:\Studia\Projekty\gsp-lab\data\finished\PZ23
2026-03-10 01:17:25 	 pdbDir: D:\Studia\Projekty\gsp-lab\data\finished\PZ23\pdb
2026-03-10 01:17:25 	 Found pdb count: 71
2026-03-10 01:17:25 	 Global solution: PZ23_solution_0.pdb
2026-03-10 01:17:25 	 SKIP already recorded (refined): Bujnicki_1
2026-03-10 01:17:25 	 SKIP already recorded (refined): Bujnicki_2
2026-03-10 01:17:25 	 SKIP already recorded (refined): Bujnicki_3
2026-03-10 01:17:25 	 SKIP already recorded (refined): Chen_1
2026-03-10 01:17:25 	 SKIP already recorded (refined): Chen_2
2026-03-10 01:17:25 	 SKIP already recorded (refined): Chen_3
2026-03-10 01:17:25 	 SKIP already recorded (refined): Das_1
2026-03-10 01:17:25 	 SKIP already recorded (refined): Das_10
2026-03-10 01:17:25 	 SKIP already recorded (refined): Das_2
2026-03-10 01:17:25 	 SKIP already recorded (refined): Das_3
2026-03-10 01:17:25 	 SKIP already recorded (refined): Das_4
2026-03-10 01:17:25 	 SKIP already recorded (refined): Das_5
2026-03-10 01:17:25 	 SKIP already recorded (refined): Das_6
2026-03-10 01:17:25 	 SKIP already recorded (refined): Das_7
2026-03-10 01:17:25 	 SKIP already recorded (refined): Das_8
2026-03-10 01:17:25 	 SKIP already recorded (refined): Das_9
2026-03-10 01:17:25 	 SKIP already recorded (refined): Ding_1
2026-03-10 01:17:25 	 SKIP already recorded (refined): Ding_2
2026-03-10 01:17:25 	 SKIP already recorded (refined): Ding_3
2026-03-10 01:17:25 	 SKIP already recorded (refined): Ding_4
2026-03-10 01:17:25 	 SKIP already recorded (refined): Ding_5
2026-03-10 01:17:25 	 SKIP already recorded (refined): Dokholyan_1
2026-03-10 01:17:25 	 SKIP already recorded (refined): SimRNA_1
2026-03-10 01:17:25 	 SKIP already recorded (refined): SimRNA_2
2026-03-10 01:17:25 	 SKIP already recorded (refined): SimRNA_3
2026-03-10 01:17:25 	 SKIP already recorded (refined): SimRNA_4
2026-03-10 01:17:25 	 SKIP already recorded (refined): SimRNA_5
2026-03-10 01:17:25 	 SKIP already recorded (refined): Szachniuk_1
2026-03-10 01:17:25 	 SKIP already recorded (refined): Szachniuk_2
2026-03-10 01:17:25 	 SKIP already recorded (refined): Szachniuk_3
2026-03-10 01:17:25 	 SKIP already recorded (refined): Xiao_1
2026-03-10 01:17:25 	 SKIP already recorded (refined): Xiao_2
2026-03-10 01:17:25 	 SKIP already recorded (refined): Xiao_3
2026-03-10 01:17:25 	 SKIP already recorded (refined): Xiao_4
2026-03-10 01:17:25 	 SKIP already recorded (refined): Xiao_5
2026-03-10 01:17:25 	 SKIP (model is a solution file): PZ23_Bujnicki_1_solution.pdb
2026-03-10 01:17:25 	 SKIP (model is a solution file): PZ23_Bujnicki_2_solution.pdb
2026-03-10 01:17:25 	 SKIP (model is a solution file): PZ23_Bujnicki_3_solution.pdb
2026-03-10 01:17:25 	 SKIP (model is a solution file): PZ23_Chen_1_solution.pdb
2026-03-10 01:17:25 	 SKIP (model is a solution file): PZ23_Chen_2_solution.pdb
2026-03-10 01:17:25 	 SKIP (model is a solution file): PZ23_Chen_3_solution.pdb
2026-03-10 01:17:25 	 SKIP (model is a solution file): PZ23_Das_1_solution.pdb
2026-03-10 01:17:25 	 SKIP (model is a solution file): PZ23_Das_10_solution.pdb
2026-03-10 01:17:26 	 SKIP (model is a solution file): PZ23_Das_2_solution.pdb
2026-03-10 01:17:26 	 SKIP (model is a solution file): PZ23_Das_3_solution.pdb
2026-03-10 01:17:26 	 SKIP (model is a solution file): PZ23_Das_4_solution.pdb
2026-03-10 01:17:26 	 SKIP (model is a solution file): PZ23_Das_5_solution.pdb
2026-03-10 01:17:26 	 SKIP (model is a solution file): PZ23_Das_6_solution.pdb
2026-03-10 01:17:26 	 SKIP (model is a solution file): PZ23_Das_7_solution.pdb
2026-03-10 01:17:26 	 SKIP (model is a solution file): PZ23_Das_8_solution.pdb
2026-03-10 01:17:26 	 SKIP (model is a solution file): PZ23_Das_9_solution.pdb
2026-03-10 01:17:26 	 SKIP (model is a solution file): PZ23_Ding_1_solution.pdb
2026-03-10 01:17:26 	 SKIP (model is a solution file): PZ23_Ding_2_solution.pdb
2026-03-10 01:17:26 	 SKIP (model is a solution file): PZ23_Ding_3_solution.pdb
2026-03-10 01:17:26 	 SKIP (model is a solution file): PZ23_Ding_4_solution.pdb
2026-03-10 01:17:26 	 SKIP (model is a solution file): PZ23_Ding_5_solution.pdb
2026-03-10 01:17:26 	 SKIP (model is a solution file): PZ23_Dokholyan_1_solution.pdb
2026-03-10 01:17:26 	 SKIP (model is a solution file): PZ23_SimRNA_1_solution.pdb
2026-03-10 01:17:26 	 SKIP (model is a solution file): PZ23_SimRNA_2_solution.pdb
2026-03-10 01:17:26 	 SKIP (model is a solution file): PZ23_SimRNA_3_solution.pdb
2026-03-10 01:17:26 	 SKIP (model is a solution file): PZ23_SimRNA_4_solution.pdb
2026-03-10 01:17:26 	 SKIP (model is a solution file): PZ23_SimRNA_5_solution.pdb
2026-03-10 01:17:26 	 SKIP (model is a solution file): PZ23_solution_0.pdb
2026-03-10 01:17:26 	 SKIP (model is a solution file): PZ23_Szachniuk_1_solution.pdb
2026-03-10 01:17:26 	 SKIP (model is a solution file): PZ23_Szachniuk_2_solution.pdb
2026-03-10 01:17:26 	 SKIP (model is a solution file): PZ23_Szachniuk_3_solution.pdb
2026-03-10 01:17:26 	 SKIP (model is a solution file): PZ23_Xiao_1_solution.pdb
2026-03-10 01:17:26 	 SKIP (model is a solution file): PZ23_Xiao_2_solution.pdb
2026-03-10 01:17:26 	 SKIP (model is a solution file): PZ23_Xiao_3_solution.pdb
2026-03-10 01:17:26 	 SKIP (model is a solution file): PZ23_Xiao_4_solution.pdb
2026-03-10 01:17:26 	 SKIP (model is a solution file): PZ23_Xiao_5_solution.pdb
2026-03-10 01:17:26 	 DONE case: PZ23
2026-03-10 01:21:51 	 START case: PZ23
2026-03-10 01:21:51 	 caseDir: D:\Studia\Projekty\gsp-lab\data\finished\PZ23
2026-03-10 01:21:51 	 pdbDir: D:\Studia\Projekty\gsp-lab\data\finished\PZ23\pdb
2026-03-10 01:21:51 	 Found pdb count: 71
2026-03-10 01:21:51 	 Global solution: PZ23_solution_0.pdb
2026-03-10 01:21:52 	 SKIP already recorded (refined): Bujnicki_1
2026-03-10 01:21:52 	 SKIP already recorded (refined): Bujnicki_2
2026-03-10 01:21:52 	 SKIP already recorded (refined): Bujnicki_3
2026-03-10 01:21:52 	 SKIP already recorded (refined): Chen_1
2026-03-10 01:21:52 	 SKIP already recorded (refined): Chen_2
2026-03-10 01:21:52 	 SKIP already recorded (refined): Chen_3
2026-03-10 01:21:52 	 SKIP already recorded (refined): Das_1
2026-03-10 01:21:52 	 SKIP already recorded (refined): Das_10
2026-03-10 01:21:52 	 SKIP already recorded (refined): Das_2
2026-03-10 01:21:52 	 SKIP already recorded (refined): Das_3
2026-03-10 01:21:52 	 SKIP already recorded (refined): Das_4
2026-03-10 01:21:52 	 SKIP already recorded (refined): Das_5
2026-03-10 01:21:52 	 SKIP already recorded (refined): Das_6
2026-03-10 01:21:52 	 SKIP already recorded (refined): Das_7
2026-03-10 01:21:52 	 SKIP already recorded (refined): Das_8
2026-03-10 01:21:52 	 SKIP already recorded (refined): Das_9
2026-03-10 01:21:52 	 SKIP already recorded (refined): Ding_1
2026-03-10 01:21:52 	 SKIP already recorded (refined): Ding_2
2026-03-10 01:21:52 	 SKIP already recorded (refined): Ding_3
2026-03-10 01:21:52 	 SKIP already recorded (refined): Ding_4
2026-03-10 01:21:52 	 SKIP already recorded (refined): Ding_5
2026-03-10 01:21:52 	 SKIP already recorded (refined): Dokholyan_1
2026-03-10 01:21:52 	 SKIP already recorded (refined): SimRNA_1
2026-03-10 01:21:52 	 SKIP already recorded (refined): SimRNA_2
2026-03-10 01:21:52 	 SKIP already recorded (refined): SimRNA_3
2026-03-10 01:21:52 	 SKIP already recorded (refined): SimRNA_4
2026-03-10 01:21:52 	 SKIP already recorded (refined): SimRNA_5
2026-03-10 01:21:52 	 SKIP already recorded (refined): Szachniuk_1
2026-03-10 01:21:52 	 SKIP already recorded (refined): Szachniuk_2
2026-03-10 01:21:52 	 SKIP already recorded (refined): Szachniuk_3
2026-03-10 01:21:52 	 SKIP already recorded (refined): Xiao_1
2026-03-10 01:21:52 	 SKIP already recorded (refined): Xiao_2
2026-03-10 01:21:52 	 SKIP already recorded (refined): Xiao_3
2026-03-10 01:21:52 	 SKIP already recorded (refined): Xiao_4
2026-03-10 01:21:52 	 SKIP already recorded (refined): Xiao_5
2026-03-10 01:21:52 	 SKIP (model is a solution file): PZ23_Bujnicki_1_solution.pdb
2026-03-10 01:21:52 	 SKIP (model is a solution file): PZ23_Bujnicki_2_solution.pdb
2026-03-10 01:21:52 	 SKIP (model is a solution file): PZ23_Bujnicki_3_solution.pdb
2026-03-10 01:21:52 	 SKIP (model is a solution file): PZ23_Chen_1_solution.pdb
2026-03-10 01:21:52 	 SKIP (model is a solution file): PZ23_Chen_2_solution.pdb
2026-03-10 01:21:52 	 SKIP (model is a solution file): PZ23_Chen_3_solution.pdb
2026-03-10 01:21:52 	 SKIP (model is a solution file): PZ23_Das_1_solution.pdb
2026-03-10 01:21:52 	 SKIP (model is a solution file): PZ23_Das_10_solution.pdb
2026-03-10 01:21:52 	 SKIP (model is a solution file): PZ23_Das_2_solution.pdb
2026-03-10 01:21:52 	 SKIP (model is a solution file): PZ23_Das_3_solution.pdb
2026-03-10 01:21:52 	 SKIP (model is a solution file): PZ23_Das_4_solution.pdb
2026-03-10 01:21:52 	 SKIP (model is a solution file): PZ23_Das_5_solution.pdb
2026-03-10 01:21:52 	 SKIP (model is a solution file): PZ23_Das_6_solution.pdb
2026-03-10 01:21:52 	 SKIP (model is a solution file): PZ23_Das_7_solution.pdb
2026-03-10 01:21:52 	 SKIP (model is a solution file): PZ23_Das_8_solution.pdb
2026-03-10 01:21:52 	 SKIP (model is a solution file): PZ23_Das_9_solution.pdb
2026-03-10 01:21:52 	 SKIP (model is a solution file): PZ23_Ding_1_solution.pdb
2026-03-10 01:21:52 	 SKIP (model is a solution file): PZ23_Ding_2_solution.pdb
2026-03-10 01:21:52 	 SKIP (model is a solution file): PZ23_Ding_3_solution.pdb
2026-03-10 01:21:52 	 SKIP (model is a solution file): PZ23_Ding_4_solution.pdb
2026-03-10 01:21:52 	 SKIP (model is a solution file): PZ23_Ding_5_solution.pdb
2026-03-10 01:21:52 	 SKIP (model is a solution file): PZ23_Dokholyan_1_solution.pdb
2026-03-10 01:21:52 	 SKIP (model is a solution file): PZ23_SimRNA_1_solution.pdb
2026-03-10 01:21:52 	 SKIP (model is a solution file): PZ23_SimRNA_2_solution.pdb
2026-03-10 01:21:52 	 SKIP (model is a solution file): PZ23_SimRNA_3_solution.pdb
2026-03-10 01:21:52 	 SKIP (model is a solution file): PZ23_SimRNA_4_solution.pdb
2026-03-10 01:21:52 	 SKIP (model is a solution file): PZ23_SimRNA_5_solution.pdb
2026-03-10 01:21:52 	 SKIP (model is a solution file): PZ23_solution_0.pdb
2026-03-10 01:21:52 	 SKIP (model is a solution file): PZ23_Szachniuk_1_solution.pdb
2026-03-10 01:21:52 	 SKIP (model is a solution file): PZ23_Szachniuk_2_solution.pdb
2026-03-10 01:21:52 	 SKIP (model is a solution file): PZ23_Szachniuk_3_solution.pdb
2026-03-10 01:21:52 	 SKIP (model is a solution file): PZ23_Xiao_1_solution.pdb
2026-03-10 01:21:52 	 SKIP (model is a solution file): PZ23_Xiao_2_solution.pdb
2026-03-10 01:21:52 	 SKIP (model is a solution file): PZ23_Xiao_3_solution.pdb
2026-03-10 01:21:52 	 SKIP (model is a solution file): PZ23_Xiao_4_solution.pdb
2026-03-10 01:21:52 	 SKIP (model is a solution file): PZ23_Xiao_5_solution.pdb
2026-03-10 01:21:52 	 DONE case: PZ23
