{
  "native_pdb": "/tmp/rna_inf_adcsc2ev/24_3dRNA_1_solution_normalized.pdb",
  "native_index": null,
  "model_pdb": "/tmp/rna_inf_02cx5xpw/24_3dRNA_1_refined_normalized.pdb",
  "model_index": null,
  "rmsd": 15.595973837314766,
  "inf_all": 0.8188005844911938,
  "inf_wc": 0.8872621047656614,
  "inf_nwc": 0.0,
  "inf_stack": 0.8067406545071267
}
{
  "native_pdb": "/tmp/rna_inf_0g21txyf/24_3dRNA_2_solution_normalized.pdb",
  "native_index": null,
  "model_pdb": "/tmp/rna_inf_a9qcm8o9/24_3dRNA_2_refined_normalized.pdb",
  "model_index": null,
  "rmsd": 19.85867822548767,
  "inf_all": 0.8177709315015244,
  "inf_wc": 0.8755097699185569,
  "inf_nwc": 0.0,
  "inf_stack": 0.8047833012178126
}
{
  "native_pdb": "/tmp/rna_inf_bj4diz7d/24_3dRNA_3_solution_normalized.pdb",
  "native_index": null,
  "model_pdb": "/tmp/rna_inf_xqv5v65y/24_3dRNA_3_refined_normalized.pdb",
  "model_index": null,
  "rmsd": 18.324232985682006,
  "inf_all": 0.840778405268881,
  "inf_wc": 0.9453131868733218,
  "inf_nwc": 0.0,
  "inf_stack": 0.8132359171881373
}
{
  "native_pdb": "/tmp/rna_inf_ie5ls5t3/24_3dRNA_4_solution_normalized.pdb",
  "native_index": null,
  "model_pdb": "/tmp/rna_inf_5tmwtpd9/24_3dRNA_4_refined_normalized.pdb",
  "model_index": null,
  "rmsd": 15.71281918104321,
  "inf_all": 0.81562076438357,
  "inf_wc": 0.9453131868733218,
  "inf_nwc": 0.0,
  "inf_stack": 0.7644793757025894
}
{
  "native_pdb": "/tmp/rna_inf_vt393ti0/24_3dRNA_5_solution_normalized.pdb",
  "native_index": null,
  "model_pdb": "/tmp/rna_inf_grkqv4_6/24_3dRNA_5_refined_normalized.pdb",
  "model_index": null,
  "rmsd": 18.401429978413756,
  "inf_all": 0.8324716923361618,
  "inf_wc": 0.934256511930271,
  "inf_nwc": 0.0,
  "inf_stack": 0.8094487507439182
}
{
  "native_pdb": "/tmp/rna_inf_28c_9kng/24_Adamiak_1_solution_normalized.pdb",
  "native_index": null,
  "model_pdb": "/tmp/rna_inf_jxlho_qf/24_Adamiak_1_refined_normalized.pdb",
  "model_index": null,
  "rmsd": 10.26544152847841,
  "inf_all": 0.7940884882117993,
  "inf_wc": 0.8915150331730377,
  "inf_nwc": 0.0,
  "inf_stack": 0.7603975304348121
}
{
  "native_pdb": "/tmp/rna_inf_fd9wylov/24_Adamiak_2_solution_normalized.pdb",
  "native_index": null,
  "model_pdb": "/tmp/rna_inf_gxataqnw/24_Adamiak_2_refined_normalized.pdb",
  "model_index": null,
  "rmsd": 10.954023522022776,
  "inf_all": 0.7753551726330554,
  "inf_wc": 0.9120123092652647,
  "inf_nwc": 0.0,
  "inf_stack": 0.7132745229577347
}
{
  "native_pdb": "/tmp/rna_inf_xgxuo0ta/24_Adamiak_3_solution_normalized.pdb",
  "native_index": null,
  "model_pdb": "/tmp/rna_inf_t8gpg17q/24_Adamiak_3_refined_normalized.pdb",
  "model_index": null,
  "rmsd": 14.347003392854504,
  "inf_all": 0.8124099666811835,
  "inf_wc": 0.9235789439804392,
  "inf_nwc": -1.0,
  "inf_stack": 0.7601282990758209
}
{
  "native_pdb": "/tmp/rna_inf_ec1aku3t/24_Adamiak_4_solution_normalized.pdb",
  "native_index": null,
  "model_pdb": "/tmp/rna_inf_ssk2_s36/24_Adamiak_4_refined_normalized.pdb",
  "model_index": null,
  "rmsd": 15.043160828436326,
  "inf_all": 0.8158199212674029,
  "inf_wc": 0.9350035713766005,
  "inf_nwc": 0.0,
  "inf_stack": 0.7653837971759038
}
{
  "native_pdb": "/tmp/rna_inf_0ldu3su_/24_Adamiak_5_solution_normalized.pdb",
  "native_index": null,
  "model_pdb": "/tmp/rna_inf_zl1on_hk/24_Adamiak_5_refined_normalized.pdb",
  "model_index": null,
  "rmsd": 9.849284360833309,
  "inf_all": 0.8234444065128926,
  "inf_wc": 0.9132593022748191,
  "inf_nwc": 0.0,
  "inf_stack": 0.7893020408376508
}
{
  "native_pdb": "/tmp/rna_inf_g_a9qvhw/24_Bujnicki_1_solution_normalized.pdb",
  "native_index": null,
  "model_pdb": "/tmp/rna_inf_inkc_3mr/24_Bujnicki_1_refined_normalized.pdb",
  "model_index": null,
  "rmsd": 15.145347748611188,
  "inf_all": 0.8416996375102309,
  "inf_wc": 0.9574468085106383,
  "inf_nwc": 0.0,
  "inf_stack": 0.7987964472242907
}
{
  "native_pdb": "/tmp/rna_inf_156y77td/24_Bujnicki_2_solution_normalized.pdb",
  "native_index": null,
  "model_pdb": "/tmp/rna_inf_3kid6f7f/24_Bujnicki_2_refined_normalized.pdb",
  "model_index": null,
  "rmsd": 9.754932894765494,
  "inf_all": 0.8703735626477848,
  "inf_wc": 0.9263671131731709,
  "inf_nwc": 0.0,
  "inf_stack": 0.8653348183368602
}
{
  "native_pdb": "/tmp/rna_inf_f0nbolb2/24_Bujnicki_3_solution_normalized.pdb",
  "native_index": null,
  "model_pdb": "/tmp/rna_inf_sbe8l1zo/24_Bujnicki_3_refined_normalized.pdb",
  "model_index": null,
  "rmsd": 10.771615784072626,
  "inf_all": 0.8070622576887474,
  "inf_wc": 0.8915150331730377,
  "inf_nwc": 0.0,
  "inf_stack": 0.7915457172050325
}
{
  "native_pdb": "/tmp/rna_inf_ohdozafi/24_Bujnicki_4_solution_normalized.pdb",
  "native_index": null,
  "model_pdb": "/tmp/rna_inf_choh043l/24_Bujnicki_4_refined_normalized.pdb",
  "model_index": null,
  "rmsd": 18.29301973400147,
  "inf_all": 0.8429602220919491,
  "inf_wc": 0.9361702127659575,
  "inf_nwc": 0.0,
  "inf_stack": 0.8195444068924541
}
{
  "native_pdb": "/tmp/rna_inf_d71lqfbt/24_Bujnicki_5_solution_normalized.pdb",
  "native_index": null,
  "model_pdb": "/tmp/rna_inf_gz22oudp/24_Bujnicki_5_refined_normalized.pdb",
  "model_index": null,
  "rmsd": 14.569733540616014,
  "inf_all": 0.8244204211037355,
  "inf_wc": 0.9148936170212766,
  "inf_nwc": 0.0,
  "inf_stack": 0.7912565680749445
}
{
  "native_pdb": "/tmp/rna_inf_1adhz6ir/24_Das_1_solution_normalized.pdb",
  "native_index": null,
  "model_pdb": "/tmp/rna_inf_2va03znu/24_Das_1_refined_normalized.pdb",
  "model_index": null,
  "rmsd": 15.92078039303265,
  "inf_all": 0.8686404572076677,
  "inf_wc": 0.9893045053244826,
  "inf_nwc": 0.0,
  "inf_stack": 0.8423669640678029
}
{
  "native_pdb": "/tmp/rna_inf_cryv9pu0/24_Das_10_solution_normalized.pdb",
  "native_index": null,
  "model_pdb": "/tmp/rna_inf_xexapjw3/24_Das_10_refined_normalized.pdb",
  "model_index": null,
  "rmsd": 16.464227591347672,
  "inf_all": 0.8550679500637979,
  "inf_wc": 0.9893045053244826,
  "inf_nwc": 0.0,
  "inf_stack": 0.8258401390153339
}
{
  "native_pdb": "/tmp/rna_inf_dqyaic3z/24_Das_2_solution_normalized.pdb",
  "native_index": null,
  "model_pdb": "/tmp/rna_inf_zmbnvsg7/24_Das_2_refined_normalized.pdb",
  "model_index": null,
  "rmsd": 17.249441640137654,
  "inf_all": 0.8686404572076677,
  "inf_wc": 0.9893045053244826,
  "inf_nwc": 0.0,
  "inf_stack": 0.8423669640678029
}
{
  "native_pdb": "/tmp/rna_inf_hwi3yxb8/24_Das_3_solution_normalized.pdb",
  "native_index": null,
  "model_pdb": "/tmp/rna_inf_saianx46/24_Das_3_refined_normalized.pdb",
  "model_index": null,
  "rmsd": 16.75923766909455,
  "inf_all": 0.8590695301087095,
  "inf_wc": 0.9893045053244826,
  "inf_nwc": 0.0,
  "inf_stack": 0.8320941962133175
}
{
  "native_pdb": "/tmp/rna_inf_g0wivvpv/24_Das_4_solution_normalized.pdb",
  "native_index": null,
  "model_pdb": "/tmp/rna_inf_bnt8lxnt/24_Das_4_refined_normalized.pdb",
  "model_index": null,
  "rmsd": 14.998493695285678,
  "inf_all": 0.8686404572076677,
  "inf_wc": 0.9893045053244826,
  "inf_nwc": 0.0,
  "inf_stack": 0.8423669640678029
}
{
  "native_pdb": "/tmp/rna_inf_uzjuut14/24_Das_5_solution_normalized.pdb",
  "native_index": null,
  "model_pdb": "/tmp/rna_inf_9udy0uvu/24_Das_5_refined_normalized.pdb",
  "model_index": null,
  "rmsd": 14.357790395791266,
  "inf_all": 0.8630542870002506,
  "inf_wc": 0.9893045053244826,
  "inf_nwc": 0.0,
  "inf_stack": 0.8383073406122689
}
{
  "native_pdb": "/tmp/rna_inf_dj9r4ud8/24_Das_6_solution_normalized.pdb",
  "native_index": null,
  "model_pdb": "/tmp/rna_inf_qu40isly/24_Das_6_refined_normalized.pdb",
  "model_index": null,
  "rmsd": 14.580734864924866,
  "inf_all": 0.8538442590213278,
  "inf_wc": 0.9893045053244826,
  "inf_nwc": 0.0,
  "inf_stack": 0.8195444068924541
}
{
  "native_pdb": "/tmp/rna_inf_jrv5by0k/24_Das_7_solution_normalized.pdb",
  "native_index": null,
  "model_pdb": "/tmp/rna_inf_5d5nbnc0/24_Das_7_refined_normalized.pdb",
  "model_index": null,
  "rmsd": 13.612200292962429,
  "inf_all": 0.8618542036357328,
  "inf_wc": 0.9893045053244826,
  "inf_nwc": 0.0,
  "inf_stack": 0.8320941962133175
}
{
  "native_pdb": "/tmp/rna_inf_fdxshph2/24_Das_8_solution_normalized.pdb",
  "native_index": null,
  "model_pdb": "/tmp/rna_inf_ykdsy4g6/24_Das_8_refined_normalized.pdb",
  "model_index": null,
  "rmsd": 14.919508972590043,
  "inf_all": 0.8606750130934985,
  "inf_wc": 0.9893045053244826,
  "inf_nwc": 0.0,
  "inf_stack": 0.8299183867265357
}
{
  "native_pdb": "/tmp/rna_inf_metiesn2/24_Das_9_solution_normalized.pdb",
  "native_index": null,
  "model_pdb": "/tmp/rna_inf_p3r3un5x/24_Das_9_refined_normalized.pdb",
  "model_index": null,
  "rmsd": 14.128619190944377,
  "inf_all": 0.852641563573936,
  "inf_wc": 0.9784921095801633,
  "inf_nwc": 0.0,
  "inf_stack": 0.8236319355254453
}
{
  "native_pdb": "/tmp/rna_inf_9gxbv1uz/24_DasTFN_1_solution_normalized.pdb",
  "native_index": null,
  "model_pdb": "/tmp/rna_inf_wf29srmr/24_DasTFN_1_refined_normalized.pdb",
  "model_index": null,
  "rmsd": 10.899485074066098,
  "inf_all": 0.8320122220737894,
  "inf_wc": 0.9053133151465079,
  "inf_nwc": 0.0,
  "inf_stack": 0.8178608201095307
}
{
  "native_pdb": "/tmp/rna_inf_d_bq8xqv/24_DasTFN_10_solution_normalized.pdb",
  "native_index": null,
  "model_pdb": "/tmp/rna_inf_o1lg9j0g/24_DasTFN_10_refined_normalized.pdb",
  "model_index": null,
  "rmsd": 4.824454802741152,
  "inf_all": 0.8630542870002506,
  "inf_wc": 0.8751899489873672,
  "inf_nwc": 0.0,
  "inf_stack": 0.8708665406267857
}
{
  "native_pdb": "/tmp/rna_inf_hzj677gy/24_DasTFN_2_solution_normalized.pdb",
  "native_index": null,
  "model_pdb": "/tmp/rna_inf_q2o4beb2/24_DasTFN_2_refined_normalized.pdb",
  "model_index": null,
  "rmsd": 13.326274692169322,
  "inf_all": 0.7891588609894022,
  "inf_wc": 0.8632057190931819,
  "inf_nwc": 0.0,
  "inf_stack": 0.7649117797120165
}
{
  "native_pdb": "/tmp/rna_inf_z1kh02cs/24_DasTFN_3_solution_normalized.pdb",
  "native_index": null,
  "model_pdb": "/tmp/rna_inf_9g2xdst9/24_DasTFN_3_refined_normalized.pdb",
  "model_index": null,
  "rmsd": 16.783825339826805,
  "inf_all": 0.8141029280836659,
  "inf_wc": 0.8842595171198449,
  "inf_nwc": 0.0,
  "inf_stack": 0.7963465103851132
}
{
  "native_pdb": "/tmp/rna_inf_yzy9ct4i/24_DasTFN_4_solution_normalized.pdb",
  "native_index": null,
  "model_pdb": "/tmp/rna_inf_d2b9qd59/24_DasTFN_4_refined_normalized.pdb",
  "model_index": null,
  "rmsd": 21.933591794129846,
  "inf_all": 0.8126763812025554,
  "inf_wc": 0.8842595171198449,
  "inf_nwc": 0.0,
  "inf_stack": 0.7898676222583775
}
{
  "native_pdb": "/tmp/rna_inf_h3y_gzxr/24_DasTFN_5_solution_normalized.pdb",
  "native_index": null,
  "model_pdb": "/tmp/rna_inf_102yj2ux/24_DasTFN_5_refined_normalized.pdb",
  "model_index": null,
  "rmsd": 19.60477958640902,
  "inf_all": 0.8347091893479932,
  "inf_wc": 0.9053133151465079,
  "inf_nwc": 0.0,
  "inf_stack": 0.821821428358832
}
{
  "native_pdb": "/tmp/rna_inf_4e2om__h/24_DasTFN_6_solution_normalized.pdb",
  "native_index": null,
  "model_pdb": "/tmp/rna_inf_et0wvh_5/24_DasTFN_6_refined_normalized.pdb",
  "model_index": null,
  "rmsd": 6.579741372810417,
  "inf_all": 0.7914488369964678,
  "inf_wc": 0.8751899489873672,
  "inf_nwc": 0.0,
  "inf_stack": 0.7600731178168231
}
{
  "native_pdb": "/tmp/rna_inf_fh_q54o_/24_DasTFN_7_solution_normalized.pdb",
  "native_index": null,
  "model_pdb": "/tmp/rna_inf_587olkt0/24_DasTFN_7_refined_normalized.pdb",
  "model_index": null,
  "rmsd": 16.78291047154633,
  "inf_all": 0.8445384301816412,
  "inf_wc": 0.8842595171198449,
  "inf_nwc": 0.0,
  "inf_stack": 0.8382594846159086
}
{
  "native_pdb": "/tmp/rna_inf_ayh_gae4/24_DasTFN_8_solution_normalized.pdb",
  "native_index": null,
  "model_pdb": "/tmp/rna_inf_8tyynqct/24_DasTFN_8_refined_normalized.pdb",
  "model_index": null,
  "rmsd": 10.633926700657556,
  "inf_all": 0.8618542036357328,
  "inf_wc": 0.8960278049156379,
  "inf_nwc": 0.0,
  "inf_stack": 0.8629124997767736
}
{
  "native_pdb": "/tmp/rna_inf_1klfpdv3/24_DasTFN_9_solution_normalized.pdb",
  "native_index": null,
  "model_pdb": "/tmp/rna_inf_8mb9w8d6/24_DasTFN_9_refined_normalized.pdb",
  "model_index": null,
  "rmsd": 8.927560622675342,
  "inf_all": 0.8401827508769867,
  "inf_wc": 0.8960278049156379,
  "inf_nwc": 0.0,
  "inf_stack": 0.8340576562282991
}
{
  "native_pdb": "/tmp/rna_inf_sn8inpsj/24_Ding_1_solution_normalized.pdb",
  "native_index": null,
  "model_pdb": "/tmp/rna_inf_92u2dmp6/24_Ding_1_refined_normalized.pdb",
  "model_index": null,
  "rmsd": 20.0493700985079,
  "inf_all": 0.6221013409304452,
  "inf_wc": 0.6126329642911571,
  "inf_nwc": -1.0,
  "inf_stack": 0.6355171025060142
}
{
  "native_pdb": "/tmp/rna_inf_qmqaw3rf/24_Ding_10_solution_normalized.pdb",
  "native_index": null,
  "model_pdb": "/tmp/rna_inf_eymdxn0z/24_Ding_10_refined_normalized.pdb",
  "model_index": null,
  "rmsd": 19.659228495815572,
  "inf_all": 0.6268870233894787,
  "inf_wc": 0.6007360460751542,
  "inf_nwc": 0.0,
  "inf_stack": 0.6653478391304605
}
{
  "native_pdb": "/tmp/rna_inf_lavz1fo7/24_Ding_2_solution_normalized.pdb",
  "native_index": null,
  "model_pdb": "/tmp/rna_inf_d60v9iob/24_Ding_2_refined_normalized.pdb",
  "model_index": null,
  "rmsd": 20.890862843202648,
  "inf_all": 0.6084375666182796,
  "inf_wc": 0.6082990646724735,
  "inf_nwc": 0.0,
  "inf_stack": 0.6379372155125361
}
{
  "native_pdb": "/tmp/rna_inf_zoqaidrg/24_Ding_3_solution_normalized.pdb",
  "native_index": null,
  "model_pdb": "/tmp/rna_inf_78zthk6f/24_Ding_3_refined_normalized.pdb",
  "model_index": null,
  "rmsd": 20.861077087373623,
  "inf_all": 0.633729538147396,
  "inf_wc": 0.6293425244596854,
  "inf_nwc": 0.0,
  "inf_stack": 0.6544613235110215
}
{
  "native_pdb": "/tmp/rna_inf_c_tc4jg8/24_Ding_4_solution_normalized.pdb",
  "native_index": null,
  "model_pdb": "/tmp/rna_inf_pg41j2c6/24_Ding_4_refined_normalized.pdb",
  "model_index": null,
  "rmsd": 27.76070297676817,
  "inf_all": 0.6920181427026713,
  "inf_wc": 0.5834599659915782,
  "inf_nwc": -1.0,
  "inf_stack": 0.7483633609700691
}
{
  "native_pdb": "/tmp/rna_inf_t0kh3szk/24_Ding_5_solution_normalized.pdb",
  "native_index": null,
  "model_pdb": "/tmp/rna_inf_zx6h_z4h/24_Ding_5_refined_normalized.pdb",
  "model_index": null,
  "rmsd": 19.182614130493175,
  "inf_all": 0.6327560354009522,
  "inf_wc": 0.5954913341754137,
  "inf_nwc": 0.0,
  "inf_stack": 0.6729004614769563
}
{
  "native_pdb": "/tmp/rna_inf_8u6m2un_/24_Ding_6_solution_normalized.pdb",
  "native_index": null,
  "model_pdb": "/tmp/rna_inf_0_x2m7ip/24_Ding_6_refined_normalized.pdb",
  "model_index": null,
  "rmsd": 19.22040251143158,
  "inf_all": 0.625390991592825,
  "inf_wc": 0.561434614044346,
  "inf_nwc": 0.0,
  "inf_stack": 0.6757756323766119
}
{
  "native_pdb": "/tmp/rna_inf_lzzz2984/24_Ding_7_solution_normalized.pdb",
  "native_index": null,
  "model_pdb": "/tmp/rna_inf_brtwsve8/24_Ding_7_refined_normalized.pdb",
  "model_index": null,
  "rmsd": 26.337544826604542,
  "inf_all": 0.5985530064603601,
  "inf_wc": 0.5834599659915782,
  "inf_nwc": 0.0,
  "inf_stack": 0.6230559828490335
}
{
  "native_pdb": "/tmp/rna_inf_bfjzti9r/24_Ding_8_solution_normalized.pdb",
  "native_index": null,
  "model_pdb": "/tmp/rna_inf_7eit8j79/24_Ding_8_refined_normalized.pdb",
  "model_index": null,
  "rmsd": 24.004505637281163,
  "inf_all": 0.6200996361383004,
  "inf_wc": 0.6126329642911571,
  "inf_nwc": 0.0,
  "inf_stack": 0.6423416693719285
}
{
  "native_pdb": "/tmp/rna_inf_3qb4ow5h/24_Ding_9_solution_normalized.pdb",
  "native_index": null,
  "model_pdb": "/tmp/rna_inf_avscrxkt/24_Ding_9_refined_normalized.pdb",
  "model_index": null,
  "rmsd": 21.20829495664899,
  "inf_all": 0.6446382789117459,
  "inf_wc": 0.5834599659915782,
  "inf_nwc": 0.0,
  "inf_stack": 0.6853615811339369
}
{
  "native_pdb": "/tmp/rna_inf__2lf5fcl/24_FARFAR2_1_solution_normalized.pdb",
  "native_index": null,
  "model_pdb": "/tmp/rna_inf_g8zh5k39/24_FARFAR2_1_refined_normalized.pdb",
  "model_index": null,
  "rmsd": 16.783825339826805,
  "inf_all": 0.8141029280836659,
  "inf_wc": 0.8842595171198449,
  "inf_nwc": 0.0,
  "inf_stack": 0.7963465103851132
}
{
  "native_pdb": "/tmp/rna_inf_dhsq7k46/24_FARFAR2_10_solution_normalized.pdb",
  "native_index": null,
  "model_pdb": "/tmp/rna_inf_s_wzvrfz/24_FARFAR2_10_refined_normalized.pdb",
  "model_index": null,
  "rmsd": 10.124170720197323,
  "inf_all": 0.8333519968048161,
  "inf_wc": 0.9032780266006144,
  "inf_nwc": 0.0,
  "inf_stack": 0.8258401390153339
}
{
  "native_pdb": "/tmp/rna_inf_z5nqmhnl/24_FARFAR2_2_solution_normalized.pdb",
  "native_index": null,
  "model_pdb": "/tmp/rna_inf_kjh5p83t/24_FARFAR2_2_refined_normalized.pdb",
  "model_index": null,
  "rmsd": 16.876769302295415,
  "inf_all": 0.7991982264439629,
  "inf_wc": 0.8870222717825623,
  "inf_nwc": 0.0,
  "inf_stack": 0.7833429495453574
}
{
  "native_pdb": "/tmp/rna_inf__shjp93i/24_FARFAR2_3_solution_normalized.pdb",
  "native_index": null,
  "model_pdb": "/tmp/rna_inf_vkr58por/24_FARFAR2_3_refined_normalized.pdb",
  "model_index": null,
  "rmsd": 19.056424055353514,
  "inf_all": 0.8563116753830611,
  "inf_wc": 0.8870222717825623,
  "inf_nwc": 0.0,
  "inf_stack": 0.8546547739343037
}
{
  "native_pdb": "/tmp/rna_inf_juui5cfh/24_FARFAR2_4_solution_normalized.pdb",
  "native_index": null,
  "model_pdb": "/tmp/rna_inf__3dl5q2v/24_FARFAR2_4_refined_normalized.pdb",
  "model_index": null,
  "rmsd": 13.544983530351825,
  "inf_all": 0.8170073702056668,
  "inf_wc": 0.8723404255319149,
  "inf_nwc": 0.0,
  "inf_stack": 0.8076375598581615
}
{
  "native_pdb": "/tmp/rna_inf_4l8b9p5c/24_FARFAR2_5_solution_normalized.pdb",
  "native_index": null,
  "model_pdb": "/tmp/rna_inf__vsh6e36/24_FARFAR2_5_refined_normalized.pdb",
  "model_index": null,
  "rmsd": 18.382607344838526,
  "inf_all": 0.8292535518140313,
  "inf_wc": 0.8936170212765957,
  "inf_nwc": 0.0,
  "inf_stack": 0.8155171372776423
}
{
  "native_pdb": "/tmp/rna_inf_g6mtamhf/24_FARFAR2_6_solution_normalized.pdb",
  "native_index": null,
  "model_pdb": "/tmp/rna_inf_1zjtmg9e/24_FARFAR2_6_refined_normalized.pdb",
  "model_index": null,
  "rmsd": 8.927560622675342,
  "inf_all": 0.8401827508769867,
  "inf_wc": 0.8960278049156379,
  "inf_nwc": 0.0,
  "inf_stack": 0.8340576562282991
}
{
  "native_pdb": "/tmp/rna_inf_cr0eji33/24_FARFAR2_7_solution_normalized.pdb",
  "native_index": null,
  "model_pdb": "/tmp/rna_inf__s4h8zz0/24_FARFAR2_7_refined_normalized.pdb",
  "model_index": null,
  "rmsd": 12.187272884991193,
  "inf_all": 0.8563116753830611,
  "inf_wc": 0.8960278049156379,
  "inf_nwc": 0.0,
  "inf_stack": 0.8587538611150072
}
{
  "native_pdb": "/tmp/rna_inf_ynnc0mva/24_FARFAR2_8_solution_normalized.pdb",
  "native_index": null,
  "model_pdb": "/tmp/rna_inf__a7iafro/24_FARFAR2_8_refined_normalized.pdb",
  "model_index": null,
  "rmsd": 12.914362476391029,
  "inf_all": 0.8606750130934985,
  "inf_wc": 0.9247846462815815,
  "inf_nwc": 0.0,
  "inf_stack": 0.8444803123398475
}
{
  "native_pdb": "/tmp/rna_inf_sbn8_8zb/24_FARFAR2_9_solution_normalized.pdb",
  "native_index": null,
  "model_pdb": "/tmp/rna_inf_84psw1z1/24_FARFAR2_9_refined_normalized.pdb",
  "model_index": null,
  "rmsd": 7.680552310871738,
  "inf_all": 0.8510493439642363,
  "inf_wc": 0.8960278049156379,
  "inf_nwc": 0.0,
  "inf_stack": 0.8464861424907173
}
{
  "native_pdb": "/tmp/rna_inf_1fk6x1s8/24_iFoldRNA_1_solution_normalized.pdb",
  "native_index": null,
  "model_pdb": "/tmp/rna_inf_qiu20nge/24_iFoldRNA_1_refined_normalized.pdb",
  "model_index": null,
  "rmsd": 19.38350000600478,
  "inf_all": 0.8058388158509491,
  "inf_wc": 0.934256511930271,
  "inf_nwc": 0.0,
  "inf_stack": 0.7735869289794366
}
{
  "native_pdb": "/tmp/rna_inf_lu704_lx/24_iFoldRNA_2_solution_normalized.pdb",
  "native_index": null,
  "model_pdb": "/tmp/rna_inf_5tvcc5rd/24_iFoldRNA_2_refined_normalized.pdb",
  "model_index": null,
  "rmsd": 10.280825857831633,
  "inf_all": 0.8535181977224164,
  "inf_wc": 0.9567478404783819,
  "inf_nwc": -1.0,
  "inf_stack": 0.8094487507439182
}
{
  "native_pdb": "/tmp/rna_inf_wh3r004n/24_iFoldRNA_3_solution_normalized.pdb",
  "native_index": null,
  "model_pdb": "/tmp/rna_inf_10bpq1t1/24_iFoldRNA_3_refined_normalized.pdb",
  "model_index": null,
  "rmsd": 20.431656439965895,
  "inf_all": 0.7414226880391382,
  "inf_wc": 0.7707840291806354,
  "inf_nwc": 0.0,
  "inf_stack": 0.7494966104540604
}
{
  "native_pdb": "/tmp/rna_inf_co_sm6v_/24_iFoldRNA_4_solution_normalized.pdb",
  "native_index": null,
  "model_pdb": "/tmp/rna_inf_4yq7bn9v/24_iFoldRNA_4_refined_normalized.pdb",
  "model_index": null,
  "rmsd": 27.158669913374933,
  "inf_all": 0.6910734297837446,
  "inf_wc": 0.625390991592825,
  "inf_nwc": 0.0,
  "inf_stack": 0.7437026593235699
}
{
  "native_pdb": "/tmp/rna_inf_j0_zfodp/24_iFoldRNA_5_solution_normalized.pdb",
  "native_index": null,
  "model_pdb": "/tmp/rna_inf_w19pcrpt/24_iFoldRNA_5_refined_normalized.pdb",
  "model_index": null,
  "rmsd": 23.21449678405805,
  "inf_all": 0.670435409397093,
  "inf_wc": 0.6657034581740763,
  "inf_nwc": 0.0,
  "inf_stack": 0.7176371380087273
}
{
  "native_pdb": "/tmp/rna_inf_0ipgxlrp/24_Kollmann_1_solution_normalized.pdb",
  "native_index": null,
  "model_pdb": "/tmp/rna_inf_nld8vy_a/24_Kollmann_1_refined_normalized.pdb",
  "model_index": null,
  "rmsd": 30.38747753122506,
  "inf_all": 0.6253195142519901,
  "inf_wc": 0.5239465423517419,
  "inf_nwc": 0.0,
  "inf_stack": 0.7176371380087273
}
{
  "native_pdb": "/tmp/rna_inf_2c5n_fa1/24_Kollmann_10_solution_normalized.pdb",
  "native_index": null,
  "model_pdb": "/tmp/rna_inf_wkxdmm1b/24_Kollmann_10_refined_normalized.pdb",
  "model_index": null,
  "rmsd": 29.6728004199866,
  "inf_all": 0.46735252903082775,
  "inf_wc": 0.22780284450075733,
  "inf_nwc": 0.0,
  "inf_stack": 0.6255432421712243
}
{
  "native_pdb": "/tmp/rna_inf_tcjge8f6/24_Kollmann_2_solution_normalized.pdb",
  "native_index": null,
  "model_pdb": "/tmp/rna_inf_a3gdclnl/24_Kollmann_2_refined_normalized.pdb",
  "model_index": null,
  "rmsd": 25.34485312460162,
  "inf_all": 0.5898943055287652,
  "inf_wc": 0.47960113771116836,
  "inf_nwc": 0.0,
  "inf_stack": 0.6936290661906629
}
{
  "native_pdb": "/tmp/rna_inf_2lzfycin/24_Kollmann_3_solution_normalized.pdb",
  "native_index": null,
  "model_pdb": "/tmp/rna_inf_qf1a8wzx/24_Kollmann_3_refined_normalized.pdb",
  "model_index": null,
  "rmsd": 33.01010140352532,
  "inf_all": 0.5665385650811128,
  "inf_wc": 0.457053044507123,
  "inf_nwc": 0.0,
  "inf_stack": 0.6787006317892075
}
{
  "native_pdb": "/tmp/rna_inf_h4jk1ib3/24_Kollmann_4_solution_normalized.pdb",
  "native_index": null,
  "model_pdb": "/tmp/rna_inf_h5s1b0ye/24_Kollmann_4_refined_normalized.pdb",
  "model_index": null,
  "rmsd": 32.19748801895371,
  "inf_all": 0.55208056799487,
  "inf_wc": 0.468457989085461,
  "inf_nwc": 0.0,
  "inf_stack": 0.6457925788671688
}
{
  "native_pdb": "/tmp/rna_inf_g4s59dv2/24_Kollmann_5_solution_normalized.pdb",
  "native_index": null,
  "model_pdb": "/tmp/rna_inf_q7k28n1j/24_Kollmann_5_refined_normalized.pdb",
  "model_index": null,
  "rmsd": 32.67560758812091,
  "inf_all": 0.6103786175297989,
  "inf_wc": 0.5937293211302823,
  "inf_nwc": 0.0,
  "inf_stack": 0.6577517006980423
}
{
  "native_pdb": "/tmp/rna_inf_uwdpvhes/24_Kollmann_6_solution_normalized.pdb",
  "native_index": null,
  "model_pdb": "/tmp/rna_inf_mf1mo_gz/24_Kollmann_6_refined_normalized.pdb",
  "model_index": null,
  "rmsd": 30.637657012931644,
  "inf_all": 0.5974570530355443,
  "inf_wc": 0.4276416797760265,
  "inf_nwc": 0.0,
  "inf_stack": 0.7082882469748285
}
{
  "native_pdb": "/tmp/rna_inf_gcbfcp84/24_Kollmann_7_solution_normalized.pdb",
  "native_index": null,
  "model_pdb": "/tmp/rna_inf_cmwvilql/24_Kollmann_7_refined_normalized.pdb",
  "model_index": null,
  "rmsd": 29.036321618294586,
  "inf_all": 0.5046731966936553,
  "inf_wc": 0.29614369785098454,
  "inf_nwc": 0.0,
  "inf_stack": 0.6457925788671688
}
{
  "native_pdb": "/tmp/rna_inf_0jn4baw3/24_Kollmann_8_solution_normalized.pdb",
  "native_index": null,
  "model_pdb": "/tmp/rna_inf_aa37asax/24_Kollmann_8_refined_normalized.pdb",
  "model_index": null,
  "rmsd": 32.67177041748924,
  "inf_all": 0.494745750867908,
  "inf_wc": 0.42592367185227087,
  "inf_nwc": 0.0,
  "inf_stack": 0.5731670273767512
}
{
  "native_pdb": "/tmp/rna_inf_lrhvlfim/24_Kollmann_9_solution_normalized.pdb",
  "native_index": null,
  "model_pdb": "/tmp/rna_inf_ab34pu7u/24_Kollmann_9_refined_normalized.pdb",
  "model_index": null,
  "rmsd": 29.65882115705976,
  "inf_all": 0.45376485040674247,
  "inf_wc": 0.1892994097121204,
  "inf_nwc": 0.0,
  "inf_stack": 0.6218743352054218
}
{
  "native_pdb": "/tmp/rna_inf_iylvp90m/24_RNAComposer_1_solution_normalized.pdb",
  "native_index": null,
  "model_pdb": "/tmp/rna_inf_wy8269lf/24_RNAComposer_1_refined_normalized.pdb",
  "model_index": null,
  "rmsd": 13.299922188545697,
  "inf_all": 0.820959061315946,
  "inf_wc": 0.9247846462815815,
  "inf_nwc": 0.0,
  "inf_stack": 0.7802714459800286
}
{
  "native_pdb": "/tmp/rna_inf_byyfatur/24_RNAComposer_2_solution_normalized.pdb",
  "native_index": null,
  "model_pdb": "/tmp/rna_inf_15x6q5b9/24_RNAComposer_2_refined_normalized.pdb",
  "model_index": null,
  "rmsd": 10.240703846997887,
  "inf_all": 0.8115282148459182,
  "inf_wc": 0.9350035713766005,
  "inf_nwc": 0.0,
  "inf_stack": 0.758430874440346
}
{
  "native_pdb": "/tmp/rna_inf_jlb57gzj/24_RNAComposer_3_solution_normalized.pdb",
  "native_index": null,
  "model_pdb": "/tmp/rna_inf_h71qmzm1/24_RNAComposer_3_refined_normalized.pdb",
  "model_index": null,
  "rmsd": 13.028735764905607,
  "inf_all": 0.7909057560124448,
  "inf_wc": 0.8884310935529536,
  "inf_nwc": 0.0,
  "inf_stack": 0.7645528515426074
}
{
  "native_pdb": "/tmp/rna_inf_zqyew6zn/24_RNAComposer_4_solution_normalized.pdb",
  "native_index": null,
  "model_pdb": "/tmp/rna_inf_m4wdlvj9/24_RNAComposer_4_refined_normalized.pdb",
  "model_index": null,
  "rmsd": 12.869542924316997,
  "inf_all": 0.8072148070252744,
  "inf_wc": 0.9565007145952775,
  "inf_nwc": 0.0,
  "inf_stack": 0.7514185566237654
}
{
  "native_pdb": "/tmp/rna_inf_t7t_nicf/24_RNAComposer_5_solution_normalized.pdb",
  "native_index": null,
  "model_pdb": "/tmp/rna_inf_a7andqk9/24_RNAComposer_5_refined_normalized.pdb",
  "model_index": null,
  "rmsd": 17.097782399644718,
  "inf_all": 0.7471995540579952,
  "inf_wc": 0.8675239039352517,
  "inf_nwc": 0.0,
  "inf_stack": 0.7009914733695923
}
{
  "native_pdb": "/tmp/rna_inf_6neyfyfp/24_SimRNA_1_solution_normalized.pdb",
  "native_index": null,
  "model_pdb": "/tmp/rna_inf_35xw2jth/24_SimRNA_1_refined_normalized.pdb",
  "model_index": null,
  "rmsd": 21.20232295059967,
  "inf_all": 0.6474965637894193,
  "inf_wc": 0.5106382978723404,
  "inf_nwc": 0.0,
  "inf_stack": 0.7323977713970784
}
{
  "native_pdb": "/tmp/rna_inf_s_9vj1ma/24_SimRNA_2_solution_normalized.pdb",
  "native_index": null,
  "model_pdb": "/tmp/rna_inf_67tx4_on/24_SimRNA_2_refined_normalized.pdb",
  "model_index": null,
  "rmsd": 24.79450650487649,
  "inf_all": 0.5003382538372786,
  "inf_wc": 0.1979097737100941,
  "inf_nwc": 0.0,
  "inf_stack": 0.6751791955066816
}
{
  "native_pdb": "/tmp/rna_inf_a18ly3hs/24_SimRNA_3_solution_normalized.pdb",
  "native_index": null,
  "model_pdb": "/tmp/rna_inf_w46k1l85/24_SimRNA_3_refined_normalized.pdb",
  "model_index": null,
  "rmsd": 13.740675130754356,
  "inf_all": 0.6848150343017257,
  "inf_wc": 0.5937293211302823,
  "inf_nwc": 0.0,
  "inf_stack": 0.7529687174283256
}
{
  "native_pdb": "/tmp/rna_inf_j8liw2e2/24_SimRNA_4_solution_normalized.pdb",
  "native_index": null,
  "model_pdb": "/tmp/rna_inf_l9qvc9l6/24_SimRNA_4_refined_normalized.pdb",
  "model_index": null,
  "rmsd": 26.205615971203027,
  "inf_all": 0.5892818478631618,
  "inf_wc": 0.38711915425740623,
  "inf_nwc": 0.0,
  "inf_stack": 0.720954056218999
}
{
  "native_pdb": "/tmp/rna_inf_dxriew_j/24_SimRNA_5_solution_normalized.pdb",
  "native_index": null,
  "model_pdb": "/tmp/rna_inf_avw9_zwa/24_SimRNA_5_refined_normalized.pdb",
  "model_index": null,
  "rmsd": 15.433486689264393,
  "inf_all": 0.6806472756101137,
  "inf_wc": 0.6005934719551743,
  "inf_nwc": 0.0,
  "inf_stack": 0.7389806899365263
}
{
  "native_pdb": "/tmp/rna_inf_u0x3vaka/24_Vfold3D_1_solution_normalized.pdb",
  "native_index": null,
  "model_pdb": "/tmp/rna_inf_wjokfg_s/24_Vfold3D_1_refined_normalized.pdb",
  "model_index": null,
  "rmsd": 14.719662468046062,
  "inf_all": 0.8470764588683752,
  "inf_wc": 0.9784921095801633,
  "inf_nwc": 0.0,
  "inf_stack": 0.798206406983586
}
{
  "native_pdb": "/tmp/rna_inf_cq2odb_4/24_Vfold3D_2_solution_normalized.pdb",
  "native_index": null,
  "model_pdb": "/tmp/rna_inf_t3mo22jq/24_Vfold3D_2_refined_normalized.pdb",
  "model_index": null,
  "rmsd": 12.790373742322945,
  "inf_all": 0.8135030633270861,
  "inf_wc": 0.9784921095801633,
  "inf_nwc": 0.0,
  "inf_stack": 0.7389806899365263
}
{
  "native_pdb": "/tmp/rna_inf_v0f9l7uh/24_Vfold3D_3_solution_normalized.pdb",
  "native_index": null,
  "model_pdb": "/tmp/rna_inf_w6gszweo/24_Vfold3D_3_refined_normalized.pdb",
  "model_index": null,
  "rmsd": 15.47125154961465,
  "inf_all": 0.8159967830915087,
  "inf_wc": 0.9675588936937934,
  "inf_nwc": -1.0,
  "inf_stack": 0.7405144756997374
}
{
  "native_pdb": "/tmp/rna_inf_529lv6_b/24_Vfold3D_4_solution_normalized.pdb",
  "native_index": null,
  "model_pdb": "/tmp/rna_inf_lhz4wjcz/24_Vfold3D_4_refined_normalized.pdb",
  "model_index": null,
  "rmsd": 14.203276320908106,
  "inf_all": 0.8145449980924704,
  "inf_wc": 0.9787234042553191,
  "inf_nwc": -1.0,
  "inf_stack": 0.7343475364892471
}
{
  "native_pdb": "/tmp/rna_inf_wgkuzlw8/24_Vfold3D_5_solution_normalized.pdb",
  "native_index": null,
  "model_pdb": "/tmp/rna_inf_0f2h4f5q/24_Vfold3D_5_refined_normalized.pdb",
  "model_index": null,
  "rmsd": 11.059202662414833,
  "inf_all": 0.8346361883062181,
  "inf_wc": 0.9677978856435155,
  "inf_nwc": -1.0,
  "inf_stack": 0.7735267838285931
}
{
  "native_pdb": "/tmp/rna_inf_bhv7iqbi/24_VfoldLA_1_solution_normalized.pdb",
  "native_index": null,
  "model_pdb": "/tmp/rna_inf_rzcgtk_s/24_VfoldLA_1_refined_normalized.pdb",
  "model_index": null,
  "rmsd": 15.028136775238217,
  "inf_all": 0.7460451798801788,
  "inf_wc": 0.9112113780030293,
  "inf_nwc": 0.0,
  "inf_stack": 0.7058246282165999
}
{
  "native_pdb": "/tmp/rna_inf_rxodd8sr/24_VfoldLA_2_solution_normalized.pdb",
  "native_index": null,
  "model_pdb": "/tmp/rna_inf_uikfv6me/24_VfoldLA_2_refined_normalized.pdb",
  "model_index": null,
  "rmsd": 15.366628215122013,
  "inf_all": 0.7824361887625901,
  "inf_wc": 0.933991662453105,
  "inf_nwc": 0.0,
  "inf_stack": 0.7414779978653264
}
{
  "native_pdb": "/tmp/rna_inf_z6x0w79v/24_VfoldLA_3_solution_normalized.pdb",
  "native_index": null,
  "model_pdb": "/tmp/rna_inf_z3w6k5ci/24_VfoldLA_3_refined_normalized.pdb",
  "model_index": null,
  "rmsd": 14.362104298552634,
  "inf_all": 0.7256477372297949,
  "inf_wc": 0.9002982732126874,
  "inf_nwc": 0.0,
  "inf_stack": 0.6830290187405539
}
{
  "native_pdb": "/tmp/rna_inf_0rbepuvv/24_VfoldLA_4_solution_normalized.pdb",
  "native_index": null,
  "model_pdb": "/tmp/rna_inf_c57tdbmd/24_VfoldLA_4_refined_normalized.pdb",
  "model_index": null,
  "rmsd": 14.325711509211482,
  "inf_all": 0.8029603511982328,
  "inf_wc": 0.9784921095801633,
  "inf_nwc": 0.0,
  "inf_stack": 0.7167682983211945
}
{
  "native_pdb": "/tmp/rna_inf_ib99l8x9/24_VfoldLA_5_solution_normalized.pdb",
  "native_index": null,
  "model_pdb": "/tmp/rna_inf_bpjoo3x7/24_VfoldLA_5_refined_normalized.pdb",
  "model_index": null,
  "rmsd": 13.701369531640443,
  "inf_all": 0.7314519478702812,
  "inf_wc": 0.933991662453105,
  "inf_nwc": 0.0,
  "inf_stack": 0.6460582824697987
}
