2026-03-10 00:32:00 	 START case: PZ25
2026-03-10 00:32:00 	 caseDir: D:\Studia\Projekty\gsp-lab\data\finished\PZ25
2026-03-10 00:32:00 	 pdbDir: D:\Studia\Projekty\gsp-lab\data\finished\PZ25\pdb
2026-03-10 00:32:00 	 Found pdb count: 95
2026-03-10 00:32:00 	 Global solution: PZ25_solution_0.pdb
2026-03-10 00:32:00 	 RUN refined_pair target=PZ25_Adamiak_1_solution.pdb model=PZ25_Adamiak_1_refined.pdb -> id=Adamiak_1
2026-03-10 00:32:00 	 Docker cmd: docker run --rm -v D:\Studia\Projekty\gsp-lab:/work -v D:\Studia\Projekty\RNA_assessment:/rna_assessment -e RNA_ASSESSMENT_ROOT=/rna_assessment -e PYTHONPATH=/rna_assessment mcannotate-runtime python3 /work/src/utils/INF.py /work/data/finished/PZ25/pdb/PZ25_Adamiak_1_solution.pdb /work/data/finished/PZ25/pdb/PZ25_Adamiak_1_refined.pdb
2026-03-10 00:32:03 	 Docker exit code: 0
2026-03-10 00:32:03 	 Docker output length: 370
2026-03-10 00:32:03 	 Saved CSV: PZ25,Adamiak_1,Adamiak,1,refined_pair,0.8030801984049089,0.9304842103984708,0.6154574548966637,PZ25_Adamiak_1_solution.pdb,PZ25_Adamiak_1_refined.pdb
2026-03-10 00:32:03 	 RUN refined_pair target=PZ25_Adamiak_2_solution.pdb model=PZ25_Adamiak_2_refined.pdb -> id=Adamiak_2
2026-03-10 00:32:03 	 Docker cmd: docker run --rm -v D:\Studia\Projekty\gsp-lab:/work -v D:\Studia\Projekty\RNA_assessment:/rna_assessment -e RNA_ASSESSMENT_ROOT=/rna_assessment -e PYTHONPATH=/rna_assessment mcannotate-runtime python3 /work/src/utils/INF.py /work/data/finished/PZ25/pdb/PZ25_Adamiak_2_solution.pdb /work/data/finished/PZ25/pdb/PZ25_Adamiak_2_refined.pdb
2026-03-10 00:32:06 	 Docker exit code: 0
2026-03-10 00:32:06 	 Docker output length: 369
2026-03-10 00:32:06 	 Saved CSV: PZ25,Adamiak_2,Adamiak,2,refined_pair,0.7744030926623663,0.9523809523809523,0.4264014327112209,PZ25_Adamiak_2_solution.pdb,PZ25_Adamiak_2_refined.pdb
2026-03-10 00:32:06 	 RUN refined_pair target=PZ25_Adamiak_3_solution.pdb model=PZ25_Adamiak_3_refined.pdb -> id=Adamiak_3
2026-03-10 00:32:06 	 Docker cmd: docker run --rm -v D:\Studia\Projekty\gsp-lab:/work -v D:\Studia\Projekty\RNA_assessment:/rna_assessment -e RNA_ASSESSMENT_ROOT=/rna_assessment -e PYTHONPATH=/rna_assessment mcannotate-runtime python3 /work/src/utils/INF.py /work/data/finished/PZ25/pdb/PZ25_Adamiak_3_solution.pdb /work/data/finished/PZ25/pdb/PZ25_Adamiak_3_refined.pdb
2026-03-10 00:32:09 	 Docker exit code: 0
2026-03-10 00:32:09 	 Docker output length: 369
2026-03-10 00:32:09 	 Saved CSV: PZ25,Adamiak_3,Adamiak,3,refined_pair,0.8156283265049855,0.9523809523809523,0.5698028822981898,PZ25_Adamiak_3_solution.pdb,PZ25_Adamiak_3_refined.pdb
2026-03-10 00:32:09 	 RUN refined_pair target=PZ25_Adamiak_4_solution.pdb model=PZ25_Adamiak_4_refined.pdb -> id=Adamiak_4
2026-03-10 00:32:09 	 Docker cmd: docker run --rm -v D:\Studia\Projekty\gsp-lab:/work -v D:\Studia\Projekty\RNA_assessment:/rna_assessment -e RNA_ASSESSMENT_ROOT=/rna_assessment -e PYTHONPATH=/rna_assessment mcannotate-runtime python3 /work/src/utils/INF.py /work/data/finished/PZ25/pdb/PZ25_Adamiak_4_solution.pdb /work/data/finished/PZ25/pdb/PZ25_Adamiak_4_refined.pdb
2026-03-10 00:32:12 	 Docker exit code: 0
2026-03-10 00:32:12 	 Docker output length: 368
2026-03-10 00:32:12 	 Saved CSV: PZ25,Adamiak_4,Adamiak,4,refined_pair,0.821272880543812,0.9523809523809523,0.5330017908890261,PZ25_Adamiak_4_solution.pdb,PZ25_Adamiak_4_refined.pdb
2026-03-10 00:32:12 	 RUN refined_pair target=PZ25_Adamiak_5_solution.pdb model=PZ25_Adamiak_5_refined.pdb -> id=Adamiak_5
2026-03-10 00:32:12 	 Docker cmd: docker run --rm -v D:\Studia\Projekty\gsp-lab:/work -v D:\Studia\Projekty\RNA_assessment:/rna_assessment -e RNA_ASSESSMENT_ROOT=/rna_assessment -e PYTHONPATH=/rna_assessment mcannotate-runtime python3 /work/src/utils/INF.py /work/data/finished/PZ25/pdb/PZ25_Adamiak_5_solution.pdb /work/data/finished/PZ25/pdb/PZ25_Adamiak_5_refined.pdb
2026-03-10 00:32:14 	 Docker exit code: 0
2026-03-10 00:32:14 	 Docker output length: 369
2026-03-10 00:32:14 	 Saved CSV: PZ25,Adamiak_5,Adamiak,5,refined_pair,0.7833679783648668,0.9523809523809523,0.4264014327112209,PZ25_Adamiak_5_solution.pdb,PZ25_Adamiak_5_refined.pdb
2026-03-10 00:32:14 	 RUN refined_pair target=PZ25_Bujnicki_1_solution.pdb model=PZ25_Bujnicki_1_refined.pdb -> id=Bujnicki_1
2026-03-10 00:32:14 	 Docker cmd: docker run --rm -v D:\Studia\Projekty\gsp-lab:/work -v D:\Studia\Projekty\RNA_assessment:/rna_assessment -e RNA_ASSESSMENT_ROOT=/rna_assessment -e PYTHONPATH=/rna_assessment mcannotate-runtime python3 /work/src/utils/INF.py /work/data/finished/PZ25/pdb/PZ25_Bujnicki_1_solution.pdb /work/data/finished/PZ25/pdb/PZ25_Bujnicki_1_refined.pdb
2026-03-10 00:32:17 	 Docker exit code: 0
2026-03-10 00:32:17 	 Docker output length: 372
2026-03-10 00:32:17 	 Saved CSV: PZ25,Bujnicki_1,Bujnicki,1,refined_pair,0.8169256610881573,0.9304842103984708,0.7035264706814485,PZ25_Bujnicki_1_solution.pdb,PZ25_Bujnicki_1_refined.pdb
2026-03-10 00:32:17 	 RUN refined_pair target=PZ25_Bujnicki_2_solution.pdb model=PZ25_Bujnicki_2_refined.pdb -> id=Bujnicki_2
2026-03-10 00:32:17 	 Docker cmd: docker run --rm -v D:\Studia\Projekty\gsp-lab:/work -v D:\Studia\Projekty\RNA_assessment:/rna_assessment -e RNA_ASSESSMENT_ROOT=/rna_assessment -e PYTHONPATH=/rna_assessment mcannotate-runtime python3 /work/src/utils/INF.py /work/data/finished/PZ25/pdb/PZ25_Bujnicki_2_solution.pdb /work/data/finished/PZ25/pdb/PZ25_Bujnicki_2_refined.pdb
2026-03-10 00:32:20 	 Docker exit code: 0
2026-03-10 00:32:20 	 Docker output length: 371
2026-03-10 00:32:20 	 Saved CSV: PZ25,Bujnicki_2,Bujnicki,2,refined_pair,0.8081679637226792,0.9304842103984708,0.6674238124719146,PZ25_Bujnicki_2_solution.pdb,PZ25_Bujnicki_2_refined.pdb
2026-03-10 00:32:20 	 RUN refined_pair target=PZ25_Bujnicki_3_solution.pdb model=PZ25_Bujnicki_3_refined.pdb -> id=Bujnicki_3
2026-03-10 00:32:20 	 Docker cmd: docker run --rm -v D:\Studia\Projekty\gsp-lab:/work -v D:\Studia\Projekty\RNA_assessment:/rna_assessment -e RNA_ASSESSMENT_ROOT=/rna_assessment -e PYTHONPATH=/rna_assessment mcannotate-runtime python3 /work/src/utils/INF.py /work/data/finished/PZ25/pdb/PZ25_Bujnicki_3_solution.pdb /work/data/finished/PZ25/pdb/PZ25_Bujnicki_3_refined.pdb
2026-03-10 00:32:22 	 Docker exit code: 0
2026-03-10 00:32:22 	 Docker output length: 371
2026-03-10 00:32:22 	 Saved CSV: PZ25,Bujnicki_3,Bujnicki,3,refined_pair,0.810040581877445,0.9304842103984708,0.6030226891555273,PZ25_Bujnicki_3_solution.pdb,PZ25_Bujnicki_3_refined.pdb
2026-03-10 00:32:22 	 RUN refined_pair target=PZ25_Bujnicki_4_solution.pdb model=PZ25_Bujnicki_4_refined.pdb -> id=Bujnicki_4
2026-03-10 00:32:22 	 Docker cmd: docker run --rm -v D:\Studia\Projekty\gsp-lab:/work -v D:\Studia\Projekty\RNA_assessment:/rna_assessment -e RNA_ASSESSMENT_ROOT=/rna_assessment -e PYTHONPATH=/rna_assessment mcannotate-runtime python3 /work/src/utils/INF.py /work/data/finished/PZ25/pdb/PZ25_Bujnicki_4_solution.pdb /work/data/finished/PZ25/pdb/PZ25_Bujnicki_4_refined.pdb
2026-03-10 00:32:25 	 Docker exit code: 0
2026-03-10 00:32:25 	 Docker output length: 372
2026-03-10 00:32:25 	 Saved CSV: PZ25,Bujnicki_4,Bujnicki,4,refined_pair,0.8185963687481157,0.9304842103984708,0.6674238124719146,PZ25_Bujnicki_4_solution.pdb,PZ25_Bujnicki_4_refined.pdb
2026-03-10 00:32:25 	 RUN refined_pair target=PZ25_Bujnicki_5_solution.pdb model=PZ25_Bujnicki_5_refined.pdb -> id=Bujnicki_5
2026-03-10 00:32:25 	 Docker cmd: docker run --rm -v D:\Studia\Projekty\gsp-lab:/work -v D:\Studia\Projekty\RNA_assessment:/rna_assessment -e RNA_ASSESSMENT_ROOT=/rna_assessment -e PYTHONPATH=/rna_assessment mcannotate-runtime python3 /work/src/utils/INF.py /work/data/finished/PZ25/pdb/PZ25_Bujnicki_5_solution.pdb /work/data/finished/PZ25/pdb/PZ25_Bujnicki_5_refined.pdb
2026-03-10 00:32:28 	 Docker exit code: 0
2026-03-10 00:32:28 	 Docker output length: 371
2026-03-10 00:32:28 	 Saved CSV: PZ25,Bujnicki_5,Bujnicki,5,refined_pair,0.8539325943847089,0.9555330859059091,0.7035264706814485,PZ25_Bujnicki_5_solution.pdb,PZ25_Bujnicki_5_refined.pdb
2026-03-10 00:32:28 	 RUN refined_pair target=PZ25_Chen_1_solution.pdb model=PZ25_Chen_1_refined.pdb -> id=Chen_1
2026-03-10 00:32:28 	 Docker cmd: docker run --rm -v D:\Studia\Projekty\gsp-lab:/work -v D:\Studia\Projekty\RNA_assessment:/rna_assessment -e RNA_ASSESSMENT_ROOT=/rna_assessment -e PYTHONPATH=/rna_assessment mcannotate-runtime python3 /work/src/utils/INF.py /work/data/finished/PZ25/pdb/PZ25_Chen_1_solution.pdb /work/data/finished/PZ25/pdb/PZ25_Chen_1_refined.pdb
2026-03-10 00:32:31 	 Docker exit code: 0
2026-03-10 00:32:31 	 Docker output length: 363
2026-03-10 00:32:31 	 Saved CSV: PZ25,Chen_1,Chen,1,refined_pair,0.7932466564189354,0.9100315103865801,0.5698028822981898,PZ25_Chen_1_solution.pdb,PZ25_Chen_1_refined.pdb
2026-03-10 00:32:31 	 RUN refined_pair target=PZ25_Chen_10_solution.pdb model=PZ25_Chen_10_refined.pdb -> id=Chen_10
2026-03-10 00:32:31 	 Docker cmd: docker run --rm -v D:\Studia\Projekty\gsp-lab:/work -v D:\Studia\Projekty\RNA_assessment:/rna_assessment -e RNA_ASSESSMENT_ROOT=/rna_assessment -e PYTHONPATH=/rna_assessment mcannotate-runtime python3 /work/src/utils/INF.py /work/data/finished/PZ25/pdb/PZ25_Chen_10_solution.pdb /work/data/finished/PZ25/pdb/PZ25_Chen_10_refined.pdb
2026-03-10 00:32:34 	 Docker exit code: 0
2026-03-10 00:32:34 	 Docker output length: 365
2026-03-10 00:32:34 	 Saved CSV: PZ25,Chen_10,Chen,10,refined_pair,0.8208229615058645,0.9770084209183945,0.502518907629606,PZ25_Chen_10_solution.pdb,PZ25_Chen_10_refined.pdb
2026-03-10 00:32:34 	 RUN refined_pair target=PZ25_Chen_2_solution.pdb model=PZ25_Chen_2_refined.pdb -> id=Chen_2
2026-03-10 00:32:34 	 Docker cmd: docker run --rm -v D:\Studia\Projekty\gsp-lab:/work -v D:\Studia\Projekty\RNA_assessment:/rna_assessment -e RNA_ASSESSMENT_ROOT=/rna_assessment -e PYTHONPATH=/rna_assessment mcannotate-runtime python3 /work/src/utils/INF.py /work/data/finished/PZ25/pdb/PZ25_Chen_2_solution.pdb /work/data/finished/PZ25/pdb/PZ25_Chen_2_refined.pdb
2026-03-10 00:32:37 	 Docker exit code: 0
2026-03-10 00:32:37 	 Docker output length: 364
2026-03-10 00:32:37 	 Saved CSV: PZ25,Chen_2,Chen,2,refined_pair,0.7814071540843244,0.9100315103865801,0.5698028822981898,PZ25_Chen_2_solution.pdb,PZ25_Chen_2_refined.pdb
2026-03-10 00:32:37 	 RUN refined_pair target=PZ25_Chen_3_solution.pdb model=PZ25_Chen_3_refined.pdb -> id=Chen_3
2026-03-10 00:32:37 	 Docker cmd: docker run --rm -v D:\Studia\Projekty\gsp-lab:/work -v D:\Studia\Projekty\RNA_assessment:/rna_assessment -e RNA_ASSESSMENT_ROOT=/rna_assessment -e PYTHONPATH=/rna_assessment mcannotate-runtime python3 /work/src/utils/INF.py /work/data/finished/PZ25/pdb/PZ25_Chen_3_solution.pdb /work/data/finished/PZ25/pdb/PZ25_Chen_3_refined.pdb
2026-03-10 00:32:40 	 Docker exit code: 0
2026-03-10 00:32:40 	 Docker output length: 362
2026-03-10 00:32:40 	 Saved CSV: PZ25,Chen_3,Chen,3,refined_pair,0.8275862068965517,0.9555330859059091,0.5698028822981898,PZ25_Chen_3_solution.pdb,PZ25_Chen_3_refined.pdb
2026-03-10 00:32:40 	 RUN refined_pair target=PZ25_Chen_4_solution.pdb model=PZ25_Chen_4_refined.pdb -> id=Chen_4
2026-03-10 00:32:40 	 Docker cmd: docker run --rm -v D:\Studia\Projekty\gsp-lab:/work -v D:\Studia\Projekty\RNA_assessment:/rna_assessment -e RNA_ASSESSMENT_ROOT=/rna_assessment -e PYTHONPATH=/rna_assessment mcannotate-runtime python3 /work/src/utils/INF.py /work/data/finished/PZ25/pdb/PZ25_Chen_4_solution.pdb /work/data/finished/PZ25/pdb/PZ25_Chen_4_refined.pdb
2026-03-10 00:32:42 	 Docker exit code: 0
2026-03-10 00:32:42 	 Docker output length: 364
2026-03-10 00:32:42 	 Saved CSV: PZ25,Chen_4,Chen,4,refined_pair,0.8092620747240918,0.9354143466934853,0.5330017908890261,PZ25_Chen_4_solution.pdb,PZ25_Chen_4_refined.pdb
2026-03-10 00:32:42 	 RUN refined_pair target=PZ25_Chen_5_solution.pdb model=PZ25_Chen_5_refined.pdb -> id=Chen_5
2026-03-10 00:32:42 	 Docker cmd: docker run --rm -v D:\Studia\Projekty\gsp-lab:/work -v D:\Studia\Projekty\RNA_assessment:/rna_assessment -e RNA_ASSESSMENT_ROOT=/rna_assessment -e PYTHONPATH=/rna_assessment mcannotate-runtime python3 /work/src/utils/INF.py /work/data/finished/PZ25/pdb/PZ25_Chen_5_solution.pdb /work/data/finished/PZ25/pdb/PZ25_Chen_5_refined.pdb
2026-03-10 00:32:45 	 Docker exit code: 0
2026-03-10 00:32:45 	 Docker output length: 364
2026-03-10 00:32:45 	 Saved CSV: PZ25,Chen_5,Chen,5,refined_pair,0.8323838482876372,0.9770084209183945,0.5330017908890261,PZ25_Chen_5_solution.pdb,PZ25_Chen_5_refined.pdb
2026-03-10 00:32:45 	 RUN refined_pair target=PZ25_Chen_6_solution.pdb model=PZ25_Chen_6_refined.pdb -> id=Chen_6
2026-03-10 00:32:45 	 Docker cmd: docker run --rm -v D:\Studia\Projekty\gsp-lab:/work -v D:\Studia\Projekty\RNA_assessment:/rna_assessment -e RNA_ASSESSMENT_ROOT=/rna_assessment -e PYTHONPATH=/rna_assessment mcannotate-runtime python3 /work/src/utils/INF.py /work/data/finished/PZ25/pdb/PZ25_Chen_6_solution.pdb /work/data/finished/PZ25/pdb/PZ25_Chen_6_refined.pdb
2026-03-10 00:32:48 	 Docker exit code: 0
2026-03-10 00:32:48 	 Docker output length: 363
2026-03-10 00:32:48 	 Saved CSV: PZ25,Chen_6,Chen,6,refined_pair,0.8119895091837775,0.9354143466934853,0.5330017908890261,PZ25_Chen_6_solution.pdb,PZ25_Chen_6_refined.pdb
2026-03-10 00:32:48 	 RUN refined_pair target=PZ25_Chen_7_solution.pdb model=PZ25_Chen_7_refined.pdb -> id=Chen_7
2026-03-10 00:32:48 	 Docker cmd: docker run --rm -v D:\Studia\Projekty\gsp-lab:/work -v D:\Studia\Projekty\RNA_assessment:/rna_assessment -e RNA_ASSESSMENT_ROOT=/rna_assessment -e PYTHONPATH=/rna_assessment mcannotate-runtime python3 /work/src/utils/INF.py /work/data/finished/PZ25/pdb/PZ25_Chen_7_solution.pdb /work/data/finished/PZ25/pdb/PZ25_Chen_7_refined.pdb
2026-03-10 00:32:50 	 Docker exit code: 0
2026-03-10 00:32:50 	 Docker output length: 363
2026-03-10 00:32:50 	 Saved CSV: PZ25,Chen_7,Chen,7,refined_pair,0.8305371808399225,0.9354143466934853,0.5698028822981898,PZ25_Chen_7_solution.pdb,PZ25_Chen_7_refined.pdb
2026-03-10 00:32:50 	 RUN refined_pair target=PZ25_Chen_8_solution.pdb model=PZ25_Chen_8_refined.pdb -> id=Chen_8
2026-03-10 00:32:50 	 Docker cmd: docker run --rm -v D:\Studia\Projekty\gsp-lab:/work -v D:\Studia\Projekty\RNA_assessment:/rna_assessment -e RNA_ASSESSMENT_ROOT=/rna_assessment -e PYTHONPATH=/rna_assessment mcannotate-runtime python3 /work/src/utils/INF.py /work/data/finished/PZ25/pdb/PZ25_Chen_8_solution.pdb /work/data/finished/PZ25/pdb/PZ25_Chen_8_refined.pdb
2026-03-10 00:32:53 	 Docker exit code: 0
2026-03-10 00:32:53 	 Docker output length: 363
2026-03-10 00:32:53 	 Saved CSV: PZ25,Chen_8,Chen,8,refined_pair,0.8169256610881573,0.9555330859059091,0.6030226891555273,PZ25_Chen_8_solution.pdb,PZ25_Chen_8_refined.pdb
2026-03-10 00:32:53 	 RUN refined_pair target=PZ25_Chen_9_solution.pdb model=PZ25_Chen_9_refined.pdb -> id=Chen_9
2026-03-10 00:32:53 	 Docker cmd: docker run --rm -v D:\Studia\Projekty\gsp-lab:/work -v D:\Studia\Projekty\RNA_assessment:/rna_assessment -e RNA_ASSESSMENT_ROOT=/rna_assessment -e PYTHONPATH=/rna_assessment mcannotate-runtime python3 /work/src/utils/INF.py /work/data/finished/PZ25/pdb/PZ25_Chen_9_solution.pdb /work/data/finished/PZ25/pdb/PZ25_Chen_9_refined.pdb
2026-03-10 00:32:55 	 Docker exit code: 0
2026-03-10 00:32:55 	 Docker output length: 364
2026-03-10 00:32:56 	 Saved CSV: PZ25,Chen_9,Chen,9,refined_pair,0.8372659068557381,0.9770084209183945,0.6030226891555273,PZ25_Chen_9_solution.pdb,PZ25_Chen_9_refined.pdb
2026-03-10 00:32:56 	 RUN refined_pair target=PZ25_Das_1_solution.pdb model=PZ25_Das_1_refined.pdb -> id=Das_1
2026-03-10 00:32:56 	 Docker cmd: docker run --rm -v D:\Studia\Projekty\gsp-lab:/work -v D:\Studia\Projekty\RNA_assessment:/rna_assessment -e RNA_ASSESSMENT_ROOT=/rna_assessment -e PYTHONPATH=/rna_assessment mcannotate-runtime python3 /work/src/utils/INF.py /work/data/finished/PZ25/pdb/PZ25_Das_1_solution.pdb /work/data/finished/PZ25/pdb/PZ25_Das_1_refined.pdb
2026-03-10 00:32:58 	 Docker exit code: 0
2026-03-10 00:32:58 	 Docker output length: 362
2026-03-10 00:32:58 	 Saved CSV: PZ25,Das_1,Das,1,refined_pair,0.7200117553899287,0.9523809523809523,0.45454545454545453,PZ25_Das_1_solution.pdb,PZ25_Das_1_refined.pdb
2026-03-10 00:32:58 	 RUN refined_pair target=PZ25_Das_10_solution.pdb model=PZ25_Das_10_refined.pdb -> id=Das_10
2026-03-10 00:32:58 	 Docker cmd: docker run --rm -v D:\Studia\Projekty\gsp-lab:/work -v D:\Studia\Projekty\RNA_assessment:/rna_assessment -e RNA_ASSESSMENT_ROOT=/rna_assessment -e PYTHONPATH=/rna_assessment mcannotate-runtime python3 /work/src/utils/INF.py /work/data/finished/PZ25/pdb/PZ25_Das_10_solution.pdb /work/data/finished/PZ25/pdb/PZ25_Das_10_refined.pdb
2026-03-10 00:33:01 	 Docker exit code: 0
2026-03-10 00:33:01 	 Docker output length: 362
2026-03-10 00:33:01 	 Saved CSV: PZ25,Das_10,Das,10,refined_pair,0.6943098701716358,0.9047619047619048,0.4351941398892446,PZ25_Das_10_solution.pdb,PZ25_Das_10_refined.pdb
2026-03-10 00:33:01 	 RUN refined_pair target=PZ25_Das_2_solution.pdb model=PZ25_Das_2_refined.pdb -> id=Das_2
2026-03-10 00:33:01 	 Docker cmd: docker run --rm -v D:\Studia\Projekty\gsp-lab:/work -v D:\Studia\Projekty\RNA_assessment:/rna_assessment -e RNA_ASSESSMENT_ROOT=/rna_assessment -e PYTHONPATH=/rna_assessment mcannotate-runtime python3 /work/src/utils/INF.py /work/data/finished/PZ25/pdb/PZ25_Das_2_solution.pdb /work/data/finished/PZ25/pdb/PZ25_Das_2_refined.pdb
2026-03-10 00:33:04 	 Docker exit code: 0
2026-03-10 00:33:04 	 Docker output length: 362
2026-03-10 00:33:04 	 Saved CSV: PZ25,Das_2,Das,2,refined_pair,0.6274064050038349,0.8571428571428571,0.28603877677367767,PZ25_Das_2_solution.pdb,PZ25_Das_2_refined.pdb
2026-03-10 00:33:04 	 RUN refined_pair target=PZ25_Das_3_solution.pdb model=PZ25_Das_3_refined.pdb -> id=Das_3
2026-03-10 00:33:04 	 Docker cmd: docker run --rm -v D:\Studia\Projekty\gsp-lab:/work -v D:\Studia\Projekty\RNA_assessment:/rna_assessment -e RNA_ASSESSMENT_ROOT=/rna_assessment -e PYTHONPATH=/rna_assessment mcannotate-runtime python3 /work/src/utils/INF.py /work/data/finished/PZ25/pdb/PZ25_Das_3_solution.pdb /work/data/finished/PZ25/pdb/PZ25_Das_3_refined.pdb
2026-03-10 00:33:07 	 Docker exit code: 0
2026-03-10 00:33:07 	 Docker output length: 361
2026-03-10 00:33:07 	 Saved CSV: PZ25,Das_3,Das,3,refined_pair,0.7340491447458806,0.9759000729485332,0.4767312946227962,PZ25_Das_3_solution.pdb,PZ25_Das_3_refined.pdb
2026-03-10 00:33:07 	 RUN refined_pair target=PZ25_Das_4_solution.pdb model=PZ25_Das_4_refined.pdb -> id=Das_4
2026-03-10 00:33:07 	 Docker cmd: docker run --rm -v D:\Studia\Projekty\gsp-lab:/work -v D:\Studia\Projekty\RNA_assessment:/rna_assessment -e RNA_ASSESSMENT_ROOT=/rna_assessment -e PYTHONPATH=/rna_assessment mcannotate-runtime python3 /work/src/utils/INF.py /work/data/finished/PZ25/pdb/PZ25_Das_4_solution.pdb /work/data/finished/PZ25/pdb/PZ25_Das_4_refined.pdb
2026-03-10 00:33:10 	 Docker exit code: 0
2026-03-10 00:33:10 	 Docker output length: 361
2026-03-10 00:33:10 	 Saved CSV: PZ25,Das_4,Das,4,refined_pair,0.7273196889960366,0.9304842103984708,0.4351941398892446,PZ25_Das_4_solution.pdb,PZ25_Das_4_refined.pdb
2026-03-10 00:33:10 	 RUN refined_pair target=PZ25_Das_5_solution.pdb model=PZ25_Das_5_refined.pdb -> id=Das_5
2026-03-10 00:33:10 	 Docker cmd: docker run --rm -v D:\Studia\Projekty\gsp-lab:/work -v D:\Studia\Projekty\RNA_assessment:/rna_assessment -e RNA_ASSESSMENT_ROOT=/rna_assessment -e PYTHONPATH=/rna_assessment mcannotate-runtime python3 /work/src/utils/INF.py /work/data/finished/PZ25/pdb/PZ25_Das_5_solution.pdb /work/data/finished/PZ25/pdb/PZ25_Das_5_refined.pdb
2026-03-10 00:33:12 	 Docker exit code: 0
2026-03-10 00:33:12 	 Docker output length: 361
2026-03-10 00:33:12 	 Saved CSV: PZ25,Das_5,Das,5,refined_pair,0.776685617480135,0.9770084209183945,0.6396021490668313,PZ25_Das_5_solution.pdb,PZ25_Das_5_refined.pdb
2026-03-10 00:33:12 	 RUN refined_pair target=PZ25_Das_6_solution.pdb model=PZ25_Das_6_refined.pdb -> id=Das_6
2026-03-10 00:33:12 	 Docker cmd: docker run --rm -v D:\Studia\Projekty\gsp-lab:/work -v D:\Studia\Projekty\RNA_assessment:/rna_assessment -e RNA_ASSESSMENT_ROOT=/rna_assessment -e PYTHONPATH=/rna_assessment mcannotate-runtime python3 /work/src/utils/INF.py /work/data/finished/PZ25/pdb/PZ25_Das_6_solution.pdb /work/data/finished/PZ25/pdb/PZ25_Das_6_refined.pdb
2026-03-10 00:33:14 	 Docker exit code: 0
2026-03-10 00:33:14 	 Docker output length: 362
2026-03-10 00:33:14 	 Saved CSV: PZ25,Das_6,Das,6,refined_pair,0.7326076684987708,0.9271050693011065,0.4181210050035454,PZ25_Das_6_solution.pdb,PZ25_Das_6_refined.pdb
2026-03-10 00:33:14 	 RUN refined_pair target=PZ25_Das_7_solution.pdb model=PZ25_Das_7_refined.pdb -> id=Das_7
2026-03-10 00:33:14 	 Docker cmd: docker run --rm -v D:\Studia\Projekty\gsp-lab:/work -v D:\Studia\Projekty\RNA_assessment:/rna_assessment -e RNA_ASSESSMENT_ROOT=/rna_assessment -e PYTHONPATH=/rna_assessment mcannotate-runtime python3 /work/src/utils/INF.py /work/data/finished/PZ25/pdb/PZ25_Das_7_solution.pdb /work/data/finished/PZ25/pdb/PZ25_Das_7_refined.pdb
2026-03-10 00:33:17 	 Docker exit code: 0
2026-03-10 00:33:17 	 Docker output length: 359
2026-03-10 00:33:17 	 Saved CSV: PZ25,Das_7,Das,7,refined_pair,0.772048646977956,0.9304842103984708,0.6363636363636364,PZ25_Das_7_solution.pdb,PZ25_Das_7_refined.pdb
2026-03-10 00:33:17 	 RUN refined_pair target=PZ25_Das_8_solution.pdb model=PZ25_Das_8_refined.pdb -> id=Das_8
2026-03-10 00:33:17 	 Docker cmd: docker run --rm -v D:\Studia\Projekty\gsp-lab:/work -v D:\Studia\Projekty\RNA_assessment:/rna_assessment -e RNA_ASSESSMENT_ROOT=/rna_assessment -e PYTHONPATH=/rna_assessment mcannotate-runtime python3 /work/src/utils/INF.py /work/data/finished/PZ25/pdb/PZ25_Das_8_solution.pdb /work/data/finished/PZ25/pdb/PZ25_Das_8_refined.pdb
2026-03-10 00:33:19 	 Docker exit code: 0
2026-03-10 00:33:19 	 Docker output length: 362
2026-03-10 00:33:19 	 Saved CSV: PZ25,Das_8,Das,8,refined_pair,0.7624744003120868,0.9304842103984708,0.5330017908890261,PZ25_Das_8_solution.pdb,PZ25_Das_8_refined.pdb
2026-03-10 00:33:19 	 RUN refined_pair target=PZ25_Das_9_solution.pdb model=PZ25_Das_9_refined.pdb -> id=Das_9
2026-03-10 00:33:19 	 Docker cmd: docker run --rm -v D:\Studia\Projekty\gsp-lab:/work -v D:\Studia\Projekty\RNA_assessment:/rna_assessment -e RNA_ASSESSMENT_ROOT=/rna_assessment -e PYTHONPATH=/rna_assessment mcannotate-runtime python3 /work/src/utils/INF.py /work/data/finished/PZ25/pdb/PZ25_Das_9_solution.pdb /work/data/finished/PZ25/pdb/PZ25_Das_9_refined.pdb
2026-03-10 00:33:22 	 Docker exit code: 0
2026-03-10 00:33:22 	 Docker output length: 361
2026-03-10 00:33:22 	 Saved CSV: PZ25,Das_9,Das,9,refined_pair,0.6707739423692075,0.9047619047619048,0.4181210050035454,PZ25_Das_9_solution.pdb,PZ25_Das_9_refined.pdb
2026-03-10 00:33:22 	 RUN refined_pair target=PZ25_Ding_1_solution.pdb model=PZ25_Ding_1_refined.pdb -> id=Ding_1
2026-03-10 00:33:22 	 Docker cmd: docker run --rm -v D:\Studia\Projekty\gsp-lab:/work -v D:\Studia\Projekty\RNA_assessment:/rna_assessment -e RNA_ASSESSMENT_ROOT=/rna_assessment -e PYTHONPATH=/rna_assessment mcannotate-runtime python3 /work/src/utils/INF.py /work/data/finished/PZ25/pdb/PZ25_Ding_1_solution.pdb /work/data/finished/PZ25/pdb/PZ25_Ding_1_refined.pdb
2026-03-10 00:33:25 	 Docker exit code: 0
2026-03-10 00:33:25 	 Docker output length: 349
2026-03-10 00:33:25 	 Saved CSV: PZ25,Ding_1,Ding,1,refined_pair,0.6679949026096729,0.9759000729485332,0,PZ25_Ding_1_solution.pdb,PZ25_Ding_1_refined.pdb
2026-03-10 00:33:25 	 RUN refined_pair target=PZ25_Ding_2_solution.pdb model=PZ25_Ding_2_refined.pdb -> id=Ding_2
2026-03-10 00:33:25 	 Docker cmd: docker run --rm -v D:\Studia\Projekty\gsp-lab:/work -v D:\Studia\Projekty\RNA_assessment:/rna_assessment -e RNA_ASSESSMENT_ROOT=/rna_assessment -e PYTHONPATH=/rna_assessment mcannotate-runtime python3 /work/src/utils/INF.py /work/data/finished/PZ25/pdb/PZ25_Ding_2_solution.pdb /work/data/finished/PZ25/pdb/PZ25_Ding_2_refined.pdb
2026-03-10 00:33:27 	 Docker exit code: 0
2026-03-10 00:33:27 	 Docker output length: 347
2026-03-10 00:33:27 	 Saved CSV: PZ25,Ding_2,Ding,2,refined_pair,0.6914918072835209,0.9759000729485332,0,PZ25_Ding_2_solution.pdb,PZ25_Ding_2_refined.pdb
2026-03-10 00:33:27 	 RUN refined_pair target=PZ25_Ding_3_solution.pdb model=PZ25_Ding_3_refined.pdb -> id=Ding_3
2026-03-10 00:33:27 	 Docker cmd: docker run --rm -v D:\Studia\Projekty\gsp-lab:/work -v D:\Studia\Projekty\RNA_assessment:/rna_assessment -e RNA_ASSESSMENT_ROOT=/rna_assessment -e PYTHONPATH=/rna_assessment mcannotate-runtime python3 /work/src/utils/INF.py /work/data/finished/PZ25/pdb/PZ25_Ding_3_solution.pdb /work/data/finished/PZ25/pdb/PZ25_Ding_3_refined.pdb
2026-03-10 00:33:30 	 Docker exit code: 0
2026-03-10 00:33:30 	 Docker output length: 348
2026-03-10 00:33:30 	 Saved CSV: PZ25,Ding_3,Ding,3,refined_pair,0.7102745543300392,0.9759000729485332,0,PZ25_Ding_3_solution.pdb,PZ25_Ding_3_refined.pdb
2026-03-10 00:33:30 	 RUN refined_pair target=PZ25_iFoldRNA_1_solution.pdb model=PZ25_iFoldRNA_1_refined.pdb -> id=iFoldRNA_1
2026-03-10 00:33:30 	 Docker cmd: docker run --rm -v D:\Studia\Projekty\gsp-lab:/work -v D:\Studia\Projekty\RNA_assessment:/rna_assessment -e RNA_ASSESSMENT_ROOT=/rna_assessment -e PYTHONPATH=/rna_assessment mcannotate-runtime python3 /work/src/utils/INF.py /work/data/finished/PZ25/pdb/PZ25_iFoldRNA_1_solution.pdb /work/data/finished/PZ25/pdb/PZ25_iFoldRNA_1_refined.pdb
2026-03-10 00:33:33 	 Docker exit code: 0
2026-03-10 00:33:33 	 Docker output length: 356
2026-03-10 00:33:33 	 Saved CSV: PZ25,iFoldRNA_1,iFoldRNA,1,refined_pair,0.6312427686319991,0.7909115788387002,0,PZ25_iFoldRNA_1_solution.pdb,PZ25_iFoldRNA_1_refined.pdb
2026-03-10 00:33:33 	 RUN refined_pair target=PZ25_RNAComposer_1_solution.pdb model=PZ25_RNAComposer_1_refined.pdb -> id=RNAComposer_1
2026-03-10 00:33:33 	 Docker cmd: docker run --rm -v D:\Studia\Projekty\gsp-lab:/work -v D:\Studia\Projekty\RNA_assessment:/rna_assessment -e RNA_ASSESSMENT_ROOT=/rna_assessment -e PYTHONPATH=/rna_assessment mcannotate-runtime python3 /work/src/utils/INF.py /work/data/finished/PZ25/pdb/PZ25_RNAComposer_1_solution.pdb /work/data/finished/PZ25/pdb/PZ25_RNAComposer_1_refined.pdb
2026-03-10 00:33:36 	 Docker exit code: 0
2026-03-10 00:33:36 	 Docker output length: 361
2026-03-10 00:33:36 	 Saved CSV: PZ25,RNAComposer_1,RNAComposer,1,refined_pair,0.6360799487088281,0.901127113779166,-1,PZ25_RNAComposer_1_solution.pdb,PZ25_RNAComposer_1_refined.pdb
2026-03-10 00:33:36 	 RUN refined_pair target=PZ25_RNAComposer_2_solution.pdb model=PZ25_RNAComposer_2_refined.pdb -> id=RNAComposer_2
2026-03-10 00:33:36 	 Docker cmd: docker run --rm -v D:\Studia\Projekty\gsp-lab:/work -v D:\Studia\Projekty\RNA_assessment:/rna_assessment -e RNA_ASSESSMENT_ROOT=/rna_assessment -e PYTHONPATH=/rna_assessment mcannotate-runtime python3 /work/src/utils/INF.py /work/data/finished/PZ25/pdb/PZ25_RNAComposer_2_solution.pdb /work/data/finished/PZ25/pdb/PZ25_RNAComposer_2_refined.pdb
2026-03-10 00:33:39 	 Docker exit code: 0
2026-03-10 00:33:39 	 Docker output length: 361
2026-03-10 00:33:39 	 Saved CSV: PZ25,RNAComposer_2,RNAComposer,2,refined_pair,0.662696920808001,0.901127113779166,0,PZ25_RNAComposer_2_solution.pdb,PZ25_RNAComposer_2_refined.pdb
2026-03-10 00:33:39 	 RUN refined_pair target=PZ25_RNAComposer_3_solution.pdb model=PZ25_RNAComposer_3_refined.pdb -> id=RNAComposer_3
2026-03-10 00:33:39 	 Docker cmd: docker run --rm -v D:\Studia\Projekty\gsp-lab:/work -v D:\Studia\Projekty\RNA_assessment:/rna_assessment -e RNA_ASSESSMENT_ROOT=/rna_assessment -e PYTHONPATH=/rna_assessment mcannotate-runtime python3 /work/src/utils/INF.py /work/data/finished/PZ25/pdb/PZ25_RNAComposer_3_solution.pdb /work/data/finished/PZ25/pdb/PZ25_RNAComposer_3_refined.pdb
2026-03-10 00:33:42 	 Docker exit code: 0
2026-03-10 00:33:42 	 Docker output length: 363
2026-03-10 00:33:42 	 Saved CSV: PZ25,RNAComposer_3,RNAComposer,3,refined_pair,0.6255347431156045,0.9271050693011065,-1,PZ25_RNAComposer_3_solution.pdb,PZ25_RNAComposer_3_refined.pdb
2026-03-10 00:33:42 	 RUN refined_pair target=PZ25_SimRNA_1_solution.pdb model=PZ25_SimRNA_1_refined.pdb -> id=SimRNA_1
2026-03-10 00:33:42 	 Docker cmd: docker run --rm -v D:\Studia\Projekty\gsp-lab:/work -v D:\Studia\Projekty\RNA_assessment:/rna_assessment -e RNA_ASSESSMENT_ROOT=/rna_assessment -e PYTHONPATH=/rna_assessment mcannotate-runtime python3 /work/src/utils/INF.py /work/data/finished/PZ25/pdb/PZ25_SimRNA_1_solution.pdb /work/data/finished/PZ25/pdb/PZ25_SimRNA_1_refined.pdb
2026-03-10 00:33:45 	 Docker exit code: 0
2026-03-10 00:33:45 	 Docker output length: 352
2026-03-10 00:33:45 	 Saved CSV: PZ25,SimRNA_1,SimRNA,1,refined_pair,0.6119341228631366,0.7572401854185358,0,PZ25_SimRNA_1_solution.pdb,PZ25_SimRNA_1_refined.pdb
2026-03-10 00:33:45 	 RUN refined_pair target=PZ25_SimRNA_2_solution.pdb model=PZ25_SimRNA_2_refined.pdb -> id=SimRNA_2
2026-03-10 00:33:45 	 Docker cmd: docker run --rm -v D:\Studia\Projekty\gsp-lab:/work -v D:\Studia\Projekty\RNA_assessment:/rna_assessment -e RNA_ASSESSMENT_ROOT=/rna_assessment -e PYTHONPATH=/rna_assessment mcannotate-runtime python3 /work/src/utils/INF.py /work/data/finished/PZ25/pdb/PZ25_SimRNA_2_solution.pdb /work/data/finished/PZ25/pdb/PZ25_SimRNA_2_refined.pdb
2026-03-10 00:33:48 	 Docker exit code: 0
2026-03-10 00:33:48 	 Docker output length: 352
2026-03-10 00:33:48 	 Saved CSV: PZ25,SimRNA_2,SimRNA,2,refined_pair,0.6667692860264166,0.7855844048495726,0,PZ25_SimRNA_2_solution.pdb,PZ25_SimRNA_2_refined.pdb
2026-03-10 00:33:48 	 RUN refined_pair target=PZ25_SimRNA_3_solution.pdb model=PZ25_SimRNA_3_refined.pdb -> id=SimRNA_3
2026-03-10 00:33:48 	 Docker cmd: docker run --rm -v D:\Studia\Projekty\gsp-lab:/work -v D:\Studia\Projekty\RNA_assessment:/rna_assessment -e RNA_ASSESSMENT_ROOT=/rna_assessment -e PYTHONPATH=/rna_assessment mcannotate-runtime python3 /work/src/utils/INF.py /work/data/finished/PZ25/pdb/PZ25_SimRNA_3_solution.pdb /work/data/finished/PZ25/pdb/PZ25_SimRNA_3_refined.pdb
2026-03-10 00:33:51 	 Docker exit code: 0
2026-03-10 00:33:51 	 Docker output length: 352
2026-03-10 00:33:51 	 Saved CSV: PZ25,SimRNA_3,SimRNA,3,refined_pair,0.6517926325248484,0.8839599998785473,0,PZ25_SimRNA_3_solution.pdb,PZ25_SimRNA_3_refined.pdb
2026-03-10 00:33:51 	 RUN refined_pair target=PZ25_SimRNA_4_solution.pdb model=PZ25_SimRNA_4_refined.pdb -> id=SimRNA_4
2026-03-10 00:33:51 	 Docker cmd: docker run --rm -v D:\Studia\Projekty\gsp-lab:/work -v D:\Studia\Projekty\RNA_assessment:/rna_assessment -e RNA_ASSESSMENT_ROOT=/rna_assessment -e PYTHONPATH=/rna_assessment mcannotate-runtime python3 /work/src/utils/INF.py /work/data/finished/PZ25/pdb/PZ25_SimRNA_4_solution.pdb /work/data/finished/PZ25/pdb/PZ25_SimRNA_4_refined.pdb
2026-03-10 00:33:54 	 Docker exit code: 0
2026-03-10 00:33:54 	 Docker output length: 352
2026-03-10 00:33:54 	 Saved CSV: PZ25,SimRNA_4,SimRNA,4,refined_pair,0.6353285249985376,0.8839599998785473,0,PZ25_SimRNA_4_solution.pdb,PZ25_SimRNA_4_refined.pdb
2026-03-10 00:33:54 	 RUN refined_pair target=PZ25_SimRNA_5_solution.pdb model=PZ25_SimRNA_5_refined.pdb -> id=SimRNA_5
2026-03-10 00:33:54 	 Docker cmd: docker run --rm -v D:\Studia\Projekty\gsp-lab:/work -v D:\Studia\Projekty\RNA_assessment:/rna_assessment -e RNA_ASSESSMENT_ROOT=/rna_assessment -e PYTHONPATH=/rna_assessment mcannotate-runtime python3 /work/src/utils/INF.py /work/data/finished/PZ25/pdb/PZ25_SimRNA_5_solution.pdb /work/data/finished/PZ25/pdb/PZ25_SimRNA_5_refined.pdb
2026-03-10 00:33:56 	 Docker exit code: 0
2026-03-10 00:33:56 	 Docker output length: 351
2026-03-10 00:33:56 	 Saved CSV: PZ25,SimRNA_5,SimRNA,5,refined_pair,0.6148987099291023,0.7443873683187767,0,PZ25_SimRNA_5_solution.pdb,PZ25_SimRNA_5_refined.pdb
2026-03-10 00:33:56 	 RUN refined_pair target=PZ25_Xiao_1_solution.pdb model=PZ25_Xiao_1_refined.pdb -> id=Xiao_1
2026-03-10 00:33:56 	 Docker cmd: docker run --rm -v D:\Studia\Projekty\gsp-lab:/work -v D:\Studia\Projekty\RNA_assessment:/rna_assessment -e RNA_ASSESSMENT_ROOT=/rna_assessment -e PYTHONPATH=/rna_assessment mcannotate-runtime python3 /work/src/utils/INF.py /work/data/finished/PZ25/pdb/PZ25_Xiao_1_solution.pdb /work/data/finished/PZ25/pdb/PZ25_Xiao_1_refined.pdb
2026-03-10 00:33:59 	 Docker exit code: 0
2026-03-10 00:33:59 	 Docker output length: 363
2026-03-10 00:33:59 	 Saved CSV: PZ25,Xiao_1,Xiao,1,refined_pair,0.5680190971230733,0.7324670207647144,0.17407765595569785,PZ25_Xiao_1_solution.pdb,PZ25_Xiao_1_refined.pdb
2026-03-10 00:33:59 	 RUN refined_pair target=PZ25_Xiao_2_solution.pdb model=PZ25_Xiao_2_refined.pdb -> id=Xiao_2
2026-03-10 00:33:59 	 Docker cmd: docker run --rm -v D:\Studia\Projekty\gsp-lab:/work -v D:\Studia\Projekty\RNA_assessment:/rna_assessment -e RNA_ASSESSMENT_ROOT=/rna_assessment -e PYTHONPATH=/rna_assessment mcannotate-runtime python3 /work/src/utils/INF.py /work/data/finished/PZ25/pdb/PZ25_Xiao_2_solution.pdb /work/data/finished/PZ25/pdb/PZ25_Xiao_2_refined.pdb
2026-03-10 00:34:03 	 Docker exit code: 0
2026-03-10 00:34:03 	 Docker output length: 365
2026-03-10 00:34:03 	 Saved CSV: PZ25,Xiao_2,Xiao,2,refined_pair,0.6148987099291023,0.7715167498104596,0.13483997249264842,PZ25_Xiao_2_solution.pdb,PZ25_Xiao_2_refined.pdb
2026-03-10 00:34:03 	 RUN refined_pair target=PZ25_Xiao_3_solution.pdb model=PZ25_Xiao_3_refined.pdb -> id=Xiao_3
2026-03-10 00:34:03 	 Docker cmd: docker run --rm -v D:\Studia\Projekty\gsp-lab:/work -v D:\Studia\Projekty\RNA_assessment:/rna_assessment -e RNA_ASSESSMENT_ROOT=/rna_assessment -e PYTHONPATH=/rna_assessment mcannotate-runtime python3 /work/src/utils/INF.py /work/data/finished/PZ25/pdb/PZ25_Xiao_3_solution.pdb /work/data/finished/PZ25/pdb/PZ25_Xiao_3_refined.pdb
2026-03-10 00:34:06 	 Docker exit code: 0
2026-03-10 00:34:06 	 Docker output length: 364
2026-03-10 00:34:06 	 Saved CSV: PZ25,Xiao_3,Xiao,3,refined_pair,0.6432675209026769,0.8183170883849714,0.17407765595569785,PZ25_Xiao_3_solution.pdb,PZ25_Xiao_3_refined.pdb
2026-03-10 00:34:06 	 RUN refined_pair target=PZ25_Xiao_4_solution.pdb model=PZ25_Xiao_4_refined.pdb -> id=Xiao_4
2026-03-10 00:34:06 	 Docker cmd: docker run --rm -v D:\Studia\Projekty\gsp-lab:/work -v D:\Studia\Projekty\RNA_assessment:/rna_assessment -e RNA_ASSESSMENT_ROOT=/rna_assessment -e PYTHONPATH=/rna_assessment mcannotate-runtime python3 /work/src/utils/INF.py /work/data/finished/PZ25/pdb/PZ25_Xiao_4_solution.pdb /work/data/finished/PZ25/pdb/PZ25_Xiao_4_refined.pdb
2026-03-10 00:34:09 	 Docker exit code: 0
2026-03-10 00:34:09 	 Docker output length: 365
2026-03-10 00:34:09 	 Saved CSV: PZ25,Xiao_4,Xiao,4,refined_pair,0.6298661142172044,0.8183170883849714,0.15075567228888181,PZ25_Xiao_4_solution.pdb,PZ25_Xiao_4_refined.pdb
2026-03-10 00:34:09 	 RUN refined_pair target=PZ25_Xiao_5_solution.pdb model=PZ25_Xiao_5_refined.pdb -> id=Xiao_5
2026-03-10 00:34:09 	 Docker cmd: docker run --rm -v D:\Studia\Projekty\gsp-lab:/work -v D:\Studia\Projekty\RNA_assessment:/rna_assessment -e RNA_ASSESSMENT_ROOT=/rna_assessment -e PYTHONPATH=/rna_assessment mcannotate-runtime python3 /work/src/utils/INF.py /work/data/finished/PZ25/pdb/PZ25_Xiao_5_solution.pdb /work/data/finished/PZ25/pdb/PZ25_Xiao_5_refined.pdb
2026-03-10 00:34:12 	 Docker exit code: 0
2026-03-10 00:34:12 	 Docker output length: 363
2026-03-10 00:34:12 	 Saved CSV: PZ25,Xiao_5,Xiao,5,refined_pair,0.638300129800173,0.8183170883849714,0.15075567228888181,PZ25_Xiao_5_solution.pdb,PZ25_Xiao_5_refined.pdb
2026-03-10 00:34:12 	 SKIP (model is a solution file): PZ25_Adamiak_1_solution.pdb
2026-03-10 00:34:12 	 SKIP (model is a solution file): PZ25_Adamiak_2_solution.pdb
2026-03-10 00:34:12 	 SKIP (model is a solution file): PZ25_Adamiak_3_solution.pdb
2026-03-10 00:34:12 	 SKIP (model is a solution file): PZ25_Adamiak_4_solution.pdb
2026-03-10 00:34:12 	 SKIP (model is a solution file): PZ25_Adamiak_5_solution.pdb
2026-03-10 00:34:12 	 SKIP (model is a solution file): PZ25_Bujnicki_1_solution.pdb
2026-03-10 00:34:12 	 SKIP (model is a solution file): PZ25_Bujnicki_2_solution.pdb
2026-03-10 00:34:12 	 SKIP (model is a solution file): PZ25_Bujnicki_3_solution.pdb
2026-03-10 00:34:12 	 SKIP (model is a solution file): PZ25_Bujnicki_4_solution.pdb
2026-03-10 00:34:12 	 SKIP (model is a solution file): PZ25_Bujnicki_5_solution.pdb
2026-03-10 00:34:12 	 SKIP (model is a solution file): PZ25_Chen_1_solution.pdb
2026-03-10 00:34:12 	 SKIP (model is a solution file): PZ25_Chen_10_solution.pdb
2026-03-10 00:34:12 	 SKIP (model is a solution file): PZ25_Chen_2_solution.pdb
2026-03-10 00:34:12 	 SKIP (model is a solution file): PZ25_Chen_3_solution.pdb
2026-03-10 00:34:12 	 SKIP (model is a solution file): PZ25_Chen_4_solution.pdb
2026-03-10 00:34:12 	 SKIP (model is a solution file): PZ25_Chen_5_solution.pdb
2026-03-10 00:34:12 	 SKIP (model is a solution file): PZ25_Chen_6_solution.pdb
2026-03-10 00:34:12 	 SKIP (model is a solution file): PZ25_Chen_7_solution.pdb
2026-03-10 00:34:12 	 SKIP (model is a solution file): PZ25_Chen_8_solution.pdb
2026-03-10 00:34:12 	 SKIP (model is a solution file): PZ25_Chen_9_solution.pdb
2026-03-10 00:34:12 	 SKIP (model is a solution file): PZ25_Das_1_solution.pdb
2026-03-10 00:34:12 	 SKIP (model is a solution file): PZ25_Das_10_solution.pdb
2026-03-10 00:34:12 	 SKIP (model is a solution file): PZ25_Das_2_solution.pdb
2026-03-10 00:34:12 	 SKIP (model is a solution file): PZ25_Das_3_solution.pdb
2026-03-10 00:34:12 	 SKIP (model is a solution file): PZ25_Das_4_solution.pdb
2026-03-10 00:34:12 	 SKIP (model is a solution file): PZ25_Das_5_solution.pdb
2026-03-10 00:34:12 	 SKIP (model is a solution file): PZ25_Das_6_solution.pdb
2026-03-10 00:34:12 	 SKIP (model is a solution file): PZ25_Das_7_solution.pdb
2026-03-10 00:34:12 	 SKIP (model is a solution file): PZ25_Das_8_solution.pdb
2026-03-10 00:34:12 	 SKIP (model is a solution file): PZ25_Das_9_solution.pdb
2026-03-10 00:34:12 	 SKIP (model is a solution file): PZ25_Ding_1_solution.pdb
2026-03-10 00:34:12 	 SKIP (model is a solution file): PZ25_Ding_2_solution.pdb
2026-03-10 00:34:12 	 SKIP (model is a solution file): PZ25_Ding_3_solution.pdb
2026-03-10 00:34:12 	 SKIP (model is a solution file): PZ25_iFoldRNA_1_solution.pdb
2026-03-10 00:34:12 	 SKIP (model is a solution file): PZ25_RNAComposer_1_solution.pdb
2026-03-10 00:34:12 	 SKIP (model is a solution file): PZ25_RNAComposer_2_solution.pdb
2026-03-10 00:34:12 	 SKIP (model is a solution file): PZ25_RNAComposer_3_solution.pdb
2026-03-10 00:34:12 	 SKIP (model is a solution file): PZ25_SimRNA_1_solution.pdb
2026-03-10 00:34:12 	 SKIP (model is a solution file): PZ25_SimRNA_2_solution.pdb
2026-03-10 00:34:13 	 SKIP (model is a solution file): PZ25_SimRNA_3_solution.pdb
2026-03-10 00:34:13 	 SKIP (model is a solution file): PZ25_SimRNA_4_solution.pdb
2026-03-10 00:34:13 	 SKIP (model is a solution file): PZ25_SimRNA_5_solution.pdb
2026-03-10 00:34:13 	 SKIP (model is a solution file): PZ25_solution_0.pdb
2026-03-10 00:34:13 	 SKIP (model is a solution file): PZ25_Xiao_1_solution.pdb
2026-03-10 00:34:13 	 SKIP (model is a solution file): PZ25_Xiao_2_solution.pdb
2026-03-10 00:34:13 	 SKIP (model is a solution file): PZ25_Xiao_3_solution.pdb
2026-03-10 00:34:13 	 SKIP (model is a solution file): PZ25_Xiao_4_solution.pdb
2026-03-10 00:34:13 	 SKIP (model is a solution file): PZ25_Xiao_5_solution.pdb
2026-03-10 00:34:13 	 DONE case: PZ25
2026-03-10 01:12:41 	 START case: PZ25
2026-03-10 01:12:41 	 caseDir: D:\Studia\Projekty\gsp-lab\data\finished\PZ25
2026-03-10 01:12:41 	 pdbDir: D:\Studia\Projekty\gsp-lab\data\finished\PZ25\pdb
2026-03-10 01:12:41 	 Found pdb count: 95
2026-03-10 01:12:41 	 Global solution: PZ25_solution_0.pdb
2026-03-10 01:12:41 	 SKIP already recorded (refined): Adamiak_1
2026-03-10 01:12:41 	 SKIP already recorded (refined): Adamiak_2
2026-03-10 01:12:41 	 SKIP already recorded (refined): Adamiak_3
2026-03-10 01:12:41 	 SKIP already recorded (refined): Adamiak_4
2026-03-10 01:12:41 	 SKIP already recorded (refined): Adamiak_5
2026-03-10 01:12:41 	 SKIP already recorded (refined): Bujnicki_1
2026-03-10 01:12:41 	 SKIP already recorded (refined): Bujnicki_2
2026-03-10 01:12:41 	 SKIP already recorded (refined): Bujnicki_3
2026-03-10 01:12:41 	 SKIP already recorded (refined): Bujnicki_4
2026-03-10 01:12:41 	 SKIP already recorded (refined): Bujnicki_5
2026-03-10 01:12:41 	 SKIP already recorded (refined): Chen_1
2026-03-10 01:12:42 	 SKIP already recorded (refined): Chen_10
2026-03-10 01:12:42 	 SKIP already recorded (refined): Chen_2
2026-03-10 01:12:42 	 SKIP already recorded (refined): Chen_3
2026-03-10 01:12:42 	 SKIP already recorded (refined): Chen_4
2026-03-10 01:12:42 	 SKIP already recorded (refined): Chen_5
2026-03-10 01:12:42 	 SKIP already recorded (refined): Chen_6
2026-03-10 01:12:42 	 SKIP already recorded (refined): Chen_7
2026-03-10 01:12:42 	 SKIP already recorded (refined): Chen_8
2026-03-10 01:12:42 	 SKIP already recorded (refined): Chen_9
2026-03-10 01:12:42 	 SKIP already recorded (refined): Das_1
2026-03-10 01:12:42 	 SKIP already recorded (refined): Das_10
2026-03-10 01:12:42 	 SKIP already recorded (refined): Das_2
2026-03-10 01:12:42 	 SKIP already recorded (refined): Das_3
2026-03-10 01:12:42 	 SKIP already recorded (refined): Das_4
2026-03-10 01:12:42 	 SKIP already recorded (refined): Das_5
2026-03-10 01:12:42 	 SKIP already recorded (refined): Das_6
2026-03-10 01:12:42 	 SKIP already recorded (refined): Das_7
2026-03-10 01:12:42 	 SKIP already recorded (refined): Das_8
2026-03-10 01:12:42 	 SKIP already recorded (refined): Das_9
2026-03-10 01:12:42 	 SKIP already recorded (refined): Ding_1
2026-03-10 01:12:42 	 SKIP already recorded (refined): Ding_2
2026-03-10 01:12:42 	 SKIP already recorded (refined): Ding_3
2026-03-10 01:12:42 	 SKIP already recorded (refined): iFoldRNA_1
2026-03-10 01:12:42 	 SKIP already recorded (refined): RNAComposer_1
2026-03-10 01:12:42 	 SKIP already recorded (refined): RNAComposer_2
2026-03-10 01:12:42 	 SKIP already recorded (refined): RNAComposer_3
2026-03-10 01:12:42 	 SKIP already recorded (refined): SimRNA_1
2026-03-10 01:12:42 	 SKIP already recorded (refined): SimRNA_2
2026-03-10 01:12:42 	 SKIP already recorded (refined): SimRNA_3
2026-03-10 01:12:42 	 SKIP already recorded (refined): SimRNA_4
2026-03-10 01:12:42 	 SKIP already recorded (refined): SimRNA_5
2026-03-10 01:12:42 	 SKIP already recorded (refined): Xiao_1
2026-03-10 01:12:42 	 SKIP already recorded (refined): Xiao_2
2026-03-10 01:12:42 	 SKIP already recorded (refined): Xiao_3
2026-03-10 01:12:42 	 SKIP already recorded (refined): Xiao_4
2026-03-10 01:12:42 	 SKIP already recorded (refined): Xiao_5
2026-03-10 01:12:42 	 SKIP (model is a solution file): PZ25_Adamiak_1_solution.pdb
2026-03-10 01:12:42 	 SKIP (model is a solution file): PZ25_Adamiak_2_solution.pdb
2026-03-10 01:12:42 	 SKIP (model is a solution file): PZ25_Adamiak_3_solution.pdb
2026-03-10 01:12:42 	 SKIP (model is a solution file): PZ25_Adamiak_4_solution.pdb
2026-03-10 01:12:42 	 SKIP (model is a solution file): PZ25_Adamiak_5_solution.pdb
2026-03-10 01:12:42 	 SKIP (model is a solution file): PZ25_Bujnicki_1_solution.pdb
2026-03-10 01:12:42 	 SKIP (model is a solution file): PZ25_Bujnicki_2_solution.pdb
2026-03-10 01:12:42 	 SKIP (model is a solution file): PZ25_Bujnicki_3_solution.pdb
2026-03-10 01:12:42 	 SKIP (model is a solution file): PZ25_Bujnicki_4_solution.pdb
2026-03-10 01:12:42 	 SKIP (model is a solution file): PZ25_Bujnicki_5_solution.pdb
2026-03-10 01:12:42 	 SKIP (model is a solution file): PZ25_Chen_1_solution.pdb
2026-03-10 01:12:42 	 SKIP (model is a solution file): PZ25_Chen_10_solution.pdb
2026-03-10 01:12:42 	 SKIP (model is a solution file): PZ25_Chen_2_solution.pdb
2026-03-10 01:12:42 	 SKIP (model is a solution file): PZ25_Chen_3_solution.pdb
2026-03-10 01:12:42 	 SKIP (model is a solution file): PZ25_Chen_4_solution.pdb
2026-03-10 01:12:42 	 SKIP (model is a solution file): PZ25_Chen_5_solution.pdb
2026-03-10 01:12:42 	 SKIP (model is a solution file): PZ25_Chen_6_solution.pdb
2026-03-10 01:12:42 	 SKIP (model is a solution file): PZ25_Chen_7_solution.pdb
2026-03-10 01:12:42 	 SKIP (model is a solution file): PZ25_Chen_8_solution.pdb
2026-03-10 01:12:42 	 SKIP (model is a solution file): PZ25_Chen_9_solution.pdb
2026-03-10 01:12:42 	 SKIP (model is a solution file): PZ25_Das_1_solution.pdb
2026-03-10 01:12:42 	 SKIP (model is a solution file): PZ25_Das_10_solution.pdb
2026-03-10 01:12:42 	 SKIP (model is a solution file): PZ25_Das_2_solution.pdb
2026-03-10 01:12:42 	 SKIP (model is a solution file): PZ25_Das_3_solution.pdb
2026-03-10 01:12:42 	 SKIP (model is a solution file): PZ25_Das_4_solution.pdb
2026-03-10 01:12:42 	 SKIP (model is a solution file): PZ25_Das_5_solution.pdb
2026-03-10 01:12:42 	 SKIP (model is a solution file): PZ25_Das_6_solution.pdb
2026-03-10 01:12:42 	 SKIP (model is a solution file): PZ25_Das_7_solution.pdb
2026-03-10 01:12:42 	 SKIP (model is a solution file): PZ25_Das_8_solution.pdb
2026-03-10 01:12:42 	 SKIP (model is a solution file): PZ25_Das_9_solution.pdb
2026-03-10 01:12:42 	 SKIP (model is a solution file): PZ25_Ding_1_solution.pdb
2026-03-10 01:12:42 	 SKIP (model is a solution file): PZ25_Ding_2_solution.pdb
2026-03-10 01:12:42 	 SKIP (model is a solution file): PZ25_Ding_3_solution.pdb
2026-03-10 01:12:42 	 SKIP (model is a solution file): PZ25_iFoldRNA_1_solution.pdb
2026-03-10 01:12:42 	 SKIP (model is a solution file): PZ25_RNAComposer_1_solution.pdb
2026-03-10 01:12:42 	 SKIP (model is a solution file): PZ25_RNAComposer_2_solution.pdb
2026-03-10 01:12:42 	 SKIP (model is a solution file): PZ25_RNAComposer_3_solution.pdb
2026-03-10 01:12:42 	 SKIP (model is a solution file): PZ25_SimRNA_1_solution.pdb
2026-03-10 01:12:42 	 SKIP (model is a solution file): PZ25_SimRNA_2_solution.pdb
2026-03-10 01:12:43 	 SKIP (model is a solution file): PZ25_SimRNA_3_solution.pdb
2026-03-10 01:12:43 	 SKIP (model is a solution file): PZ25_SimRNA_4_solution.pdb
2026-03-10 01:12:43 	 SKIP (model is a solution file): PZ25_SimRNA_5_solution.pdb
2026-03-10 01:12:43 	 SKIP (model is a solution file): PZ25_solution_0.pdb
2026-03-10 01:12:43 	 SKIP (model is a solution file): PZ25_Xiao_1_solution.pdb
2026-03-10 01:12:43 	 SKIP (model is a solution file): PZ25_Xiao_2_solution.pdb
2026-03-10 01:12:43 	 SKIP (model is a solution file): PZ25_Xiao_3_solution.pdb
2026-03-10 01:12:43 	 SKIP (model is a solution file): PZ25_Xiao_4_solution.pdb
2026-03-10 01:12:43 	 SKIP (model is a solution file): PZ25_Xiao_5_solution.pdb
2026-03-10 01:12:43 	 DONE case: PZ25
2026-03-10 01:17:25 	 START case: PZ25
2026-03-10 01:17:25 	 caseDir: D:\Studia\Projekty\gsp-lab\data\finished\PZ25
2026-03-10 01:17:25 	 pdbDir: D:\Studia\Projekty\gsp-lab\data\finished\PZ25\pdb
2026-03-10 01:17:25 	 Found pdb count: 95
2026-03-10 01:17:25 	 Global solution: PZ25_solution_0.pdb
2026-03-10 01:17:25 	 SKIP already recorded (refined): Adamiak_1
2026-03-10 01:17:25 	 SKIP already recorded (refined): Adamiak_2
2026-03-10 01:17:25 	 SKIP already recorded (refined): Adamiak_3
2026-03-10 01:17:26 	 SKIP already recorded (refined): Adamiak_4
2026-03-10 01:17:26 	 SKIP already recorded (refined): Adamiak_5
2026-03-10 01:17:26 	 SKIP already recorded (refined): Bujnicki_1
2026-03-10 01:17:26 	 SKIP already recorded (refined): Bujnicki_2
2026-03-10 01:17:26 	 SKIP already recorded (refined): Bujnicki_3
2026-03-10 01:17:26 	 SKIP already recorded (refined): Bujnicki_4
2026-03-10 01:17:26 	 SKIP already recorded (refined): Bujnicki_5
2026-03-10 01:17:26 	 SKIP already recorded (refined): Chen_1
2026-03-10 01:17:26 	 SKIP already recorded (refined): Chen_10
2026-03-10 01:17:26 	 SKIP already recorded (refined): Chen_2
2026-03-10 01:17:26 	 SKIP already recorded (refined): Chen_3
2026-03-10 01:17:26 	 SKIP already recorded (refined): Chen_4
2026-03-10 01:17:26 	 SKIP already recorded (refined): Chen_5
2026-03-10 01:17:26 	 SKIP already recorded (refined): Chen_6
2026-03-10 01:17:26 	 SKIP already recorded (refined): Chen_7
2026-03-10 01:17:26 	 SKIP already recorded (refined): Chen_8
2026-03-10 01:17:26 	 SKIP already recorded (refined): Chen_9
2026-03-10 01:17:26 	 SKIP already recorded (refined): Das_1
2026-03-10 01:17:26 	 SKIP already recorded (refined): Das_10
2026-03-10 01:17:26 	 SKIP already recorded (refined): Das_2
2026-03-10 01:17:26 	 SKIP already recorded (refined): Das_3
2026-03-10 01:17:26 	 SKIP already recorded (refined): Das_4
2026-03-10 01:17:26 	 SKIP already recorded (refined): Das_5
2026-03-10 01:17:26 	 SKIP already recorded (refined): Das_6
2026-03-10 01:17:26 	 SKIP already recorded (refined): Das_7
2026-03-10 01:17:26 	 SKIP already recorded (refined): Das_8
2026-03-10 01:17:26 	 SKIP already recorded (refined): Das_9
2026-03-10 01:17:26 	 SKIP already recorded (refined): Ding_1
2026-03-10 01:17:26 	 SKIP already recorded (refined): Ding_2
2026-03-10 01:17:26 	 SKIP already recorded (refined): Ding_3
2026-03-10 01:17:26 	 SKIP already recorded (refined): iFoldRNA_1
2026-03-10 01:17:26 	 SKIP already recorded (refined): RNAComposer_1
2026-03-10 01:17:26 	 SKIP already recorded (refined): RNAComposer_2
2026-03-10 01:17:26 	 SKIP already recorded (refined): RNAComposer_3
2026-03-10 01:17:26 	 SKIP already recorded (refined): SimRNA_1
2026-03-10 01:17:26 	 SKIP already recorded (refined): SimRNA_2
2026-03-10 01:17:26 	 SKIP already recorded (refined): SimRNA_3
2026-03-10 01:17:26 	 SKIP already recorded (refined): SimRNA_4
2026-03-10 01:17:26 	 SKIP already recorded (refined): SimRNA_5
2026-03-10 01:17:26 	 SKIP already recorded (refined): Xiao_1
2026-03-10 01:17:26 	 SKIP already recorded (refined): Xiao_2
2026-03-10 01:17:26 	 SKIP already recorded (refined): Xiao_3
2026-03-10 01:17:26 	 SKIP already recorded (refined): Xiao_4
2026-03-10 01:17:26 	 SKIP already recorded (refined): Xiao_5
2026-03-10 01:17:26 	 SKIP (model is a solution file): PZ25_Adamiak_1_solution.pdb
2026-03-10 01:17:26 	 SKIP (model is a solution file): PZ25_Adamiak_2_solution.pdb
2026-03-10 01:17:26 	 SKIP (model is a solution file): PZ25_Adamiak_3_solution.pdb
2026-03-10 01:17:26 	 SKIP (model is a solution file): PZ25_Adamiak_4_solution.pdb
2026-03-10 01:17:26 	 SKIP (model is a solution file): PZ25_Adamiak_5_solution.pdb
2026-03-10 01:17:26 	 SKIP (model is a solution file): PZ25_Bujnicki_1_solution.pdb
2026-03-10 01:17:26 	 SKIP (model is a solution file): PZ25_Bujnicki_2_solution.pdb
2026-03-10 01:17:26 	 SKIP (model is a solution file): PZ25_Bujnicki_3_solution.pdb
2026-03-10 01:17:26 	 SKIP (model is a solution file): PZ25_Bujnicki_4_solution.pdb
2026-03-10 01:17:26 	 SKIP (model is a solution file): PZ25_Bujnicki_5_solution.pdb
2026-03-10 01:17:26 	 SKIP (model is a solution file): PZ25_Chen_1_solution.pdb
2026-03-10 01:17:26 	 SKIP (model is a solution file): PZ25_Chen_10_solution.pdb
2026-03-10 01:17:26 	 SKIP (model is a solution file): PZ25_Chen_2_solution.pdb
2026-03-10 01:17:26 	 SKIP (model is a solution file): PZ25_Chen_3_solution.pdb
2026-03-10 01:17:26 	 SKIP (model is a solution file): PZ25_Chen_4_solution.pdb
2026-03-10 01:17:26 	 SKIP (model is a solution file): PZ25_Chen_5_solution.pdb
2026-03-10 01:17:26 	 SKIP (model is a solution file): PZ25_Chen_6_solution.pdb
2026-03-10 01:17:26 	 SKIP (model is a solution file): PZ25_Chen_7_solution.pdb
2026-03-10 01:17:26 	 SKIP (model is a solution file): PZ25_Chen_8_solution.pdb
2026-03-10 01:17:26 	 SKIP (model is a solution file): PZ25_Chen_9_solution.pdb
2026-03-10 01:17:26 	 SKIP (model is a solution file): PZ25_Das_1_solution.pdb
2026-03-10 01:17:26 	 SKIP (model is a solution file): PZ25_Das_10_solution.pdb
2026-03-10 01:17:26 	 SKIP (model is a solution file): PZ25_Das_2_solution.pdb
2026-03-10 01:17:26 	 SKIP (model is a solution file): PZ25_Das_3_solution.pdb
2026-03-10 01:17:26 	 SKIP (model is a solution file): PZ25_Das_4_solution.pdb
2026-03-10 01:17:26 	 SKIP (model is a solution file): PZ25_Das_5_solution.pdb
2026-03-10 01:17:26 	 SKIP (model is a solution file): PZ25_Das_6_solution.pdb
2026-03-10 01:17:26 	 SKIP (model is a solution file): PZ25_Das_7_solution.pdb
2026-03-10 01:17:26 	 SKIP (model is a solution file): PZ25_Das_8_solution.pdb
2026-03-10 01:17:26 	 SKIP (model is a solution file): PZ25_Das_9_solution.pdb
2026-03-10 01:17:26 	 SKIP (model is a solution file): PZ25_Ding_1_solution.pdb
2026-03-10 01:17:26 	 SKIP (model is a solution file): PZ25_Ding_2_solution.pdb
2026-03-10 01:17:26 	 SKIP (model is a solution file): PZ25_Ding_3_solution.pdb
2026-03-10 01:17:26 	 SKIP (model is a solution file): PZ25_iFoldRNA_1_solution.pdb
2026-03-10 01:17:26 	 SKIP (model is a solution file): PZ25_RNAComposer_1_solution.pdb
2026-03-10 01:17:26 	 SKIP (model is a solution file): PZ25_RNAComposer_2_solution.pdb
2026-03-10 01:17:26 	 SKIP (model is a solution file): PZ25_RNAComposer_3_solution.pdb
2026-03-10 01:17:26 	 SKIP (model is a solution file): PZ25_SimRNA_1_solution.pdb
2026-03-10 01:17:26 	 SKIP (model is a solution file): PZ25_SimRNA_2_solution.pdb
2026-03-10 01:17:26 	 SKIP (model is a solution file): PZ25_SimRNA_3_solution.pdb
2026-03-10 01:17:26 	 SKIP (model is a solution file): PZ25_SimRNA_4_solution.pdb
2026-03-10 01:17:26 	 SKIP (model is a solution file): PZ25_SimRNA_5_solution.pdb
2026-03-10 01:17:27 	 SKIP (model is a solution file): PZ25_solution_0.pdb
2026-03-10 01:17:27 	 SKIP (model is a solution file): PZ25_Xiao_1_solution.pdb
2026-03-10 01:17:27 	 SKIP (model is a solution file): PZ25_Xiao_2_solution.pdb
2026-03-10 01:17:27 	 SKIP (model is a solution file): PZ25_Xiao_3_solution.pdb
2026-03-10 01:17:27 	 SKIP (model is a solution file): PZ25_Xiao_4_solution.pdb
2026-03-10 01:17:27 	 SKIP (model is a solution file): PZ25_Xiao_5_solution.pdb
2026-03-10 01:17:27 	 DONE case: PZ25
2026-03-10 01:21:52 	 START case: PZ25
2026-03-10 01:21:52 	 caseDir: D:\Studia\Projekty\gsp-lab\data\finished\PZ25
2026-03-10 01:21:52 	 pdbDir: D:\Studia\Projekty\gsp-lab\data\finished\PZ25\pdb
2026-03-10 01:21:52 	 Found pdb count: 95
2026-03-10 01:21:52 	 Global solution: PZ25_solution_0.pdb
2026-03-10 01:21:52 	 SKIP already recorded (refined): Adamiak_1
2026-03-10 01:21:52 	 SKIP already recorded (refined): Adamiak_2
2026-03-10 01:21:52 	 SKIP already recorded (refined): Adamiak_3
2026-03-10 01:21:53 	 SKIP already recorded (refined): Adamiak_4
2026-03-10 01:21:53 	 SKIP already recorded (refined): Adamiak_5
2026-03-10 01:21:53 	 SKIP already recorded (refined): Bujnicki_1
2026-03-10 01:21:53 	 SKIP already recorded (refined): Bujnicki_2
2026-03-10 01:21:53 	 SKIP already recorded (refined): Bujnicki_3
2026-03-10 01:21:53 	 SKIP already recorded (refined): Bujnicki_4
2026-03-10 01:21:53 	 SKIP already recorded (refined): Bujnicki_5
2026-03-10 01:21:53 	 SKIP already recorded (refined): Chen_1
2026-03-10 01:21:53 	 SKIP already recorded (refined): Chen_10
2026-03-10 01:21:53 	 SKIP already recorded (refined): Chen_2
2026-03-10 01:21:53 	 SKIP already recorded (refined): Chen_3
2026-03-10 01:21:53 	 SKIP already recorded (refined): Chen_4
2026-03-10 01:21:53 	 SKIP already recorded (refined): Chen_5
2026-03-10 01:21:53 	 SKIP already recorded (refined): Chen_6
2026-03-10 01:21:53 	 SKIP already recorded (refined): Chen_7
2026-03-10 01:21:53 	 SKIP already recorded (refined): Chen_8
2026-03-10 01:21:53 	 SKIP already recorded (refined): Chen_9
2026-03-10 01:21:53 	 SKIP already recorded (refined): Das_1
2026-03-10 01:21:53 	 SKIP already recorded (refined): Das_10
2026-03-10 01:21:53 	 SKIP already recorded (refined): Das_2
2026-03-10 01:21:53 	 SKIP already recorded (refined): Das_3
2026-03-10 01:21:53 	 SKIP already recorded (refined): Das_4
2026-03-10 01:21:53 	 SKIP already recorded (refined): Das_5
2026-03-10 01:21:53 	 SKIP already recorded (refined): Das_6
2026-03-10 01:21:53 	 SKIP already recorded (refined): Das_7
2026-03-10 01:21:53 	 SKIP already recorded (refined): Das_8
2026-03-10 01:21:53 	 SKIP already recorded (refined): Das_9
2026-03-10 01:21:53 	 SKIP already recorded (refined): Ding_1
2026-03-10 01:21:53 	 SKIP already recorded (refined): Ding_2
2026-03-10 01:21:53 	 SKIP already recorded (refined): Ding_3
2026-03-10 01:21:53 	 SKIP already recorded (refined): iFoldRNA_1
2026-03-10 01:21:53 	 SKIP already recorded (refined): RNAComposer_1
2026-03-10 01:21:53 	 SKIP already recorded (refined): RNAComposer_2
2026-03-10 01:21:53 	 SKIP already recorded (refined): RNAComposer_3
2026-03-10 01:21:53 	 SKIP already recorded (refined): SimRNA_1
2026-03-10 01:21:53 	 SKIP already recorded (refined): SimRNA_2
2026-03-10 01:21:53 	 SKIP already recorded (refined): SimRNA_3
2026-03-10 01:21:53 	 SKIP already recorded (refined): SimRNA_4
2026-03-10 01:21:53 	 SKIP already recorded (refined): SimRNA_5
2026-03-10 01:21:53 	 SKIP already recorded (refined): Xiao_1
2026-03-10 01:21:53 	 SKIP already recorded (refined): Xiao_2
2026-03-10 01:21:53 	 SKIP already recorded (refined): Xiao_3
2026-03-10 01:21:53 	 SKIP already recorded (refined): Xiao_4
2026-03-10 01:21:53 	 SKIP already recorded (refined): Xiao_5
2026-03-10 01:21:53 	 SKIP (model is a solution file): PZ25_Adamiak_1_solution.pdb
2026-03-10 01:21:53 	 SKIP (model is a solution file): PZ25_Adamiak_2_solution.pdb
2026-03-10 01:21:53 	 SKIP (model is a solution file): PZ25_Adamiak_3_solution.pdb
2026-03-10 01:21:53 	 SKIP (model is a solution file): PZ25_Adamiak_4_solution.pdb
2026-03-10 01:21:53 	 SKIP (model is a solution file): PZ25_Adamiak_5_solution.pdb
2026-03-10 01:21:53 	 SKIP (model is a solution file): PZ25_Bujnicki_1_solution.pdb
2026-03-10 01:21:53 	 SKIP (model is a solution file): PZ25_Bujnicki_2_solution.pdb
2026-03-10 01:21:53 	 SKIP (model is a solution file): PZ25_Bujnicki_3_solution.pdb
2026-03-10 01:21:53 	 SKIP (model is a solution file): PZ25_Bujnicki_4_solution.pdb
2026-03-10 01:21:53 	 SKIP (model is a solution file): PZ25_Bujnicki_5_solution.pdb
2026-03-10 01:21:53 	 SKIP (model is a solution file): PZ25_Chen_1_solution.pdb
2026-03-10 01:21:53 	 SKIP (model is a solution file): PZ25_Chen_10_solution.pdb
2026-03-10 01:21:53 	 SKIP (model is a solution file): PZ25_Chen_2_solution.pdb
2026-03-10 01:21:53 	 SKIP (model is a solution file): PZ25_Chen_3_solution.pdb
2026-03-10 01:21:53 	 SKIP (model is a solution file): PZ25_Chen_4_solution.pdb
2026-03-10 01:21:53 	 SKIP (model is a solution file): PZ25_Chen_5_solution.pdb
2026-03-10 01:21:53 	 SKIP (model is a solution file): PZ25_Chen_6_solution.pdb
2026-03-10 01:21:53 	 SKIP (model is a solution file): PZ25_Chen_7_solution.pdb
2026-03-10 01:21:53 	 SKIP (model is a solution file): PZ25_Chen_8_solution.pdb
2026-03-10 01:21:53 	 SKIP (model is a solution file): PZ25_Chen_9_solution.pdb
2026-03-10 01:21:54 	 SKIP (model is a solution file): PZ25_Das_1_solution.pdb
2026-03-10 01:21:54 	 SKIP (model is a solution file): PZ25_Das_10_solution.pdb
2026-03-10 01:21:54 	 SKIP (model is a solution file): PZ25_Das_2_solution.pdb
2026-03-10 01:21:54 	 SKIP (model is a solution file): PZ25_Das_3_solution.pdb
2026-03-10 01:21:54 	 SKIP (model is a solution file): PZ25_Das_4_solution.pdb
2026-03-10 01:21:54 	 SKIP (model is a solution file): PZ25_Das_5_solution.pdb
2026-03-10 01:21:54 	 SKIP (model is a solution file): PZ25_Das_6_solution.pdb
2026-03-10 01:21:54 	 SKIP (model is a solution file): PZ25_Das_7_solution.pdb
2026-03-10 01:21:54 	 SKIP (model is a solution file): PZ25_Das_8_solution.pdb
2026-03-10 01:21:54 	 SKIP (model is a solution file): PZ25_Das_9_solution.pdb
2026-03-10 01:21:54 	 SKIP (model is a solution file): PZ25_Ding_1_solution.pdb
2026-03-10 01:21:54 	 SKIP (model is a solution file): PZ25_Ding_2_solution.pdb
2026-03-10 01:21:54 	 SKIP (model is a solution file): PZ25_Ding_3_solution.pdb
2026-03-10 01:21:54 	 SKIP (model is a solution file): PZ25_iFoldRNA_1_solution.pdb
2026-03-10 01:21:54 	 SKIP (model is a solution file): PZ25_RNAComposer_1_solution.pdb
2026-03-10 01:21:54 	 SKIP (model is a solution file): PZ25_RNAComposer_2_solution.pdb
2026-03-10 01:21:54 	 SKIP (model is a solution file): PZ25_RNAComposer_3_solution.pdb
2026-03-10 01:21:54 	 SKIP (model is a solution file): PZ25_SimRNA_1_solution.pdb
2026-03-10 01:21:54 	 SKIP (model is a solution file): PZ25_SimRNA_2_solution.pdb
2026-03-10 01:21:54 	 SKIP (model is a solution file): PZ25_SimRNA_3_solution.pdb
2026-03-10 01:21:54 	 SKIP (model is a solution file): PZ25_SimRNA_4_solution.pdb
2026-03-10 01:21:54 	 SKIP (model is a solution file): PZ25_SimRNA_5_solution.pdb
2026-03-10 01:21:54 	 SKIP (model is a solution file): PZ25_solution_0.pdb
2026-03-10 01:21:54 	 SKIP (model is a solution file): PZ25_Xiao_1_solution.pdb
2026-03-10 01:21:54 	 SKIP (model is a solution file): PZ25_Xiao_2_solution.pdb
2026-03-10 01:21:54 	 SKIP (model is a solution file): PZ25_Xiao_3_solution.pdb
2026-03-10 01:21:54 	 SKIP (model is a solution file): PZ25_Xiao_4_solution.pdb
2026-03-10 01:21:54 	 SKIP (model is a solution file): PZ25_Xiao_5_solution.pdb
2026-03-10 01:21:54 	 DONE case: PZ25
