{
  "native_pdb": "/tmp/rna_inf_nah9fabw/PZ25_Adamiak_1_solution_normalized.pdb",
  "native_index": null,
  "model_pdb": "/tmp/rna_inf_bciz4tte/PZ25_Adamiak_1_refined_normalized.pdb",
  "model_index": null,
  "rmsd": 2.6806062012838128,
  "inf_all": 0.8030801984049089,
  "inf_wc": 0.9304842103984708,
  "inf_nwc": 0.6154574548966637,
  "inf_stack": 0.7839294959021854
}
{
  "native_pdb": "/tmp/rna_inf_06ky28as/PZ25_Adamiak_2_solution_normalized.pdb",
  "native_index": null,
  "model_pdb": "/tmp/rna_inf_4jxxska4/PZ25_Adamiak_2_refined_normalized.pdb",
  "model_index": null,
  "rmsd": 3.170359607816137,
  "inf_all": 0.7744030926623663,
  "inf_wc": 0.9523809523809523,
  "inf_nwc": 0.4264014327112209,
  "inf_stack": 0.7675225788801976
}
{
  "native_pdb": "/tmp/rna_inf_76oagjb7/PZ25_Adamiak_3_solution_normalized.pdb",
  "native_index": null,
  "model_pdb": "/tmp/rna_inf_sj4cic2k/PZ25_Adamiak_3_refined_normalized.pdb",
  "model_index": null,
  "rmsd": 2.692502401345617,
  "inf_all": 0.8156283265049855,
  "inf_wc": 0.9523809523809523,
  "inf_nwc": 0.5698028822981898,
  "inf_stack": 0.8040302522073697
}
{
  "native_pdb": "/tmp/rna_inf_t7t07sbb/PZ25_Adamiak_4_solution_normalized.pdb",
  "native_index": null,
  "model_pdb": "/tmp/rna_inf_nto2msl1/PZ25_Adamiak_4_refined_normalized.pdb",
  "model_index": null,
  "rmsd": 3.085573177538753,
  "inf_all": 0.821272880543812,
  "inf_wc": 0.9523809523809523,
  "inf_nwc": 0.5330017908890261,
  "inf_stack": 0.8225161211526649
}
{
  "native_pdb": "/tmp/rna_inf_3adzvinx/PZ25_Adamiak_5_solution_normalized.pdb",
  "native_index": null,
  "model_pdb": "/tmp/rna_inf_lwdrz7h0/PZ25_Adamiak_5_refined_normalized.pdb",
  "model_index": null,
  "rmsd": 3.179997207014497,
  "inf_all": 0.7833679783648668,
  "inf_wc": 0.9523809523809523,
  "inf_nwc": 0.4264014327112209,
  "inf_stack": 0.7813903150950317
}
{
  "native_pdb": "/tmp/rna_inf_mg8supph/PZ25_Bujnicki_1_solution_normalized.pdb",
  "native_index": null,
  "model_pdb": "/tmp/rna_inf_7cz6q_fp/PZ25_Bujnicki_1_refined_normalized.pdb",
  "model_index": null,
  "rmsd": 3.2182876359011363,
  "inf_all": 0.8169256610881573,
  "inf_wc": 0.9304842103984708,
  "inf_nwc": 0.7035264706814485,
  "inf_stack": 0.7930176576518291
}
{
  "native_pdb": "/tmp/rna_inf_g9phn3ev/PZ25_Bujnicki_2_solution_normalized.pdb",
  "native_index": null,
  "model_pdb": "/tmp/rna_inf_8xyf3hna/PZ25_Bujnicki_2_refined_normalized.pdb",
  "model_index": null,
  "rmsd": 3.045444803626017,
  "inf_all": 0.8081679637226792,
  "inf_wc": 0.9304842103984708,
  "inf_nwc": 0.6674238124719146,
  "inf_stack": 0.7867372576486599
}
{
  "native_pdb": "/tmp/rna_inf_r7abvk9z/PZ25_Bujnicki_3_solution_normalized.pdb",
  "native_index": null,
  "model_pdb": "/tmp/rna_inf_s8k0kz8e/PZ25_Bujnicki_3_refined_normalized.pdb",
  "model_index": null,
  "rmsd": 3.0689613963591964,
  "inf_all": 0.810040581877445,
  "inf_wc": 0.9304842103984708,
  "inf_nwc": 0.6030226891555273,
  "inf_stack": 0.8009085749662975
}
{
  "native_pdb": "/tmp/rna_inf_h0j9kzo6/PZ25_Bujnicki_4_solution_normalized.pdb",
  "native_index": null,
  "model_pdb": "/tmp/rna_inf_mqo50v1h/PZ25_Bujnicki_4_refined_normalized.pdb",
  "model_index": null,
  "rmsd": 3.4716810477433437,
  "inf_all": 0.8185963687481157,
  "inf_wc": 0.9304842103984708,
  "inf_nwc": 0.6674238124719146,
  "inf_stack": 0.8040302522073697
}
{
  "native_pdb": "/tmp/rna_inf_unon0y5v/PZ25_Bujnicki_5_solution_normalized.pdb",
  "native_index": null,
  "model_pdb": "/tmp/rna_inf_ic2qqsbx/PZ25_Bujnicki_5_refined_normalized.pdb",
  "model_index": null,
  "rmsd": 2.860118937356526,
  "inf_all": 0.8539325943847089,
  "inf_wc": 0.9555330859059091,
  "inf_nwc": 0.7035264706814485,
  "inf_stack": 0.8414522910076115
}
{
  "native_pdb": "/tmp/rna_inf_m57sgtl0/PZ25_Chen_1_solution_normalized.pdb",
  "native_index": null,
  "model_pdb": "/tmp/rna_inf_q3fi_wna/PZ25_Chen_1_refined_normalized.pdb",
  "model_index": null,
  "rmsd": 2.902736726223244,
  "inf_all": 0.7932466564189354,
  "inf_wc": 0.9100315103865801,
  "inf_nwc": 0.5698028822981898,
  "inf_stack": 0.7853554716071041
}
{
  "native_pdb": "/tmp/rna_inf_oj8i8vn1/PZ25_Chen_10_solution_normalized.pdb",
  "native_index": null,
  "model_pdb": "/tmp/rna_inf_irzwpkul/PZ25_Chen_10_refined_normalized.pdb",
  "model_index": null,
  "rmsd": 3.0938552053437482,
  "inf_all": 0.8208229615058645,
  "inf_wc": 0.9770084209183945,
  "inf_nwc": 0.502518907629606,
  "inf_stack": 0.8181818181818182
}
{
  "native_pdb": "/tmp/rna_inf_hj86zo3t/PZ25_Chen_2_solution_normalized.pdb",
  "native_index": null,
  "model_pdb": "/tmp/rna_inf_6htz8ybj/PZ25_Chen_2_refined_normalized.pdb",
  "model_index": null,
  "rmsd": 3.3431988643294486,
  "inf_all": 0.7814071540843244,
  "inf_wc": 0.9100315103865801,
  "inf_nwc": 0.5698028822981898,
  "inf_stack": 0.7666565318069349
}
{
  "native_pdb": "/tmp/rna_inf_funn6jul/PZ25_Chen_3_solution_normalized.pdb",
  "native_index": null,
  "model_pdb": "/tmp/rna_inf_ivu4w1_1/PZ25_Chen_3_refined_normalized.pdb",
  "model_index": null,
  "rmsd": 2.841030882229832,
  "inf_all": 0.8275862068965517,
  "inf_wc": 0.9555330859059091,
  "inf_nwc": 0.5698028822981898,
  "inf_stack": 0.821559570324457
}
{
  "native_pdb": "/tmp/rna_inf_ybmx2hzq/PZ25_Chen_4_solution_normalized.pdb",
  "native_index": null,
  "model_pdb": "/tmp/rna_inf_0v605dqq/PZ25_Chen_4_refined_normalized.pdb",
  "model_index": null,
  "rmsd": 3.0555129664417837,
  "inf_all": 0.8092620747240918,
  "inf_wc": 0.9354143466934853,
  "inf_nwc": 0.5330017908890261,
  "inf_stack": 0.8073734277593312
}
{
  "native_pdb": "/tmp/rna_inf_d_t7mnw6/PZ25_Chen_5_solution_normalized.pdb",
  "native_index": null,
  "model_pdb": "/tmp/rna_inf__bpulk4w/PZ25_Chen_5_refined_normalized.pdb",
  "model_index": null,
  "rmsd": 2.5506186351354523,
  "inf_all": 0.8323838482876372,
  "inf_wc": 0.9770084209183945,
  "inf_nwc": 0.5330017908890261,
  "inf_stack": 0.8288624656799142
}
{
  "native_pdb": "/tmp/rna_inf_gd8_y_nx/PZ25_Chen_6_solution_normalized.pdb",
  "native_index": null,
  "model_pdb": "/tmp/rna_inf_dzljiprm/PZ25_Chen_6_refined_normalized.pdb",
  "model_index": null,
  "rmsd": 3.476636586449955,
  "inf_all": 0.8119895091837775,
  "inf_wc": 0.9354143466934853,
  "inf_nwc": 0.5330017908890261,
  "inf_stack": 0.8118990304530631
}
{
  "native_pdb": "/tmp/rna_inf_1_dwjmdx/PZ25_Chen_7_solution_normalized.pdb",
  "native_index": null,
  "model_pdb": "/tmp/rna_inf_6bxnbctt/PZ25_Chen_7_refined_normalized.pdb",
  "model_index": null,
  "rmsd": 3.053572879992112,
  "inf_all": 0.8305371808399225,
  "inf_wc": 0.9354143466934853,
  "inf_nwc": 0.5698028822981898,
  "inf_stack": 0.8334762598987157
}
{
  "native_pdb": "/tmp/rna_inf_pnkyrgkt/PZ25_Chen_8_solution_normalized.pdb",
  "native_index": null,
  "model_pdb": "/tmp/rna_inf_ip3dpuf_/PZ25_Chen_8_refined_normalized.pdb",
  "model_index": null,
  "rmsd": 2.708656374313276,
  "inf_all": 0.8169256610881573,
  "inf_wc": 0.9555330859059091,
  "inf_nwc": 0.6030226891555273,
  "inf_stack": 0.8009085749662975
}
{
  "native_pdb": "/tmp/rna_inf_w797jco4/PZ25_Chen_9_solution_normalized.pdb",
  "native_index": null,
  "model_pdb": "/tmp/rna_inf_d3vhjuh3/PZ25_Chen_9_refined_normalized.pdb",
  "model_index": null,
  "rmsd": 2.8735146204891597,
  "inf_all": 0.8372659068557381,
  "inf_wc": 0.9770084209183945,
  "inf_nwc": 0.6030226891555273,
  "inf_stack": 0.8257228238447705
}
{
  "native_pdb": "/tmp/rna_inf_ojacbun1/PZ25_Das_1_solution_normalized.pdb",
  "native_index": null,
  "model_pdb": "/tmp/rna_inf_f_nz7_y7/PZ25_Das_1_refined_normalized.pdb",
  "model_index": null,
  "rmsd": 5.747660663810465,
  "inf_all": 0.7200117553899287,
  "inf_wc": 0.9523809523809523,
  "inf_nwc": 0.45454545454545453,
  "inf_stack": 0.6847124716486248
}
{
  "native_pdb": "/tmp/rna_inf_i31huc1r/PZ25_Das_10_solution_normalized.pdb",
  "native_index": null,
  "model_pdb": "/tmp/rna_inf_5mxltuq1/PZ25_Das_10_refined_normalized.pdb",
  "model_index": null,
  "rmsd": 6.88684620203141,
  "inf_all": 0.6943098701716358,
  "inf_wc": 0.9047619047619048,
  "inf_nwc": 0.4351941398892446,
  "inf_stack": 0.6674238124719146
}
{
  "native_pdb": "/tmp/rna_inf_nycp1goj/PZ25_Das_2_solution_normalized.pdb",
  "native_index": null,
  "model_pdb": "/tmp/rna_inf_w1fuyfc7/PZ25_Das_2_refined_normalized.pdb",
  "model_index": null,
  "rmsd": 7.020480523196249,
  "inf_all": 0.6274064050038349,
  "inf_wc": 0.8571428571428571,
  "inf_nwc": 0.28603877677367767,
  "inf_stack": 0.6033815244679472
}
{
  "native_pdb": "/tmp/rna_inf_fexjjetj/PZ25_Das_3_solution_normalized.pdb",
  "native_index": null,
  "model_pdb": "/tmp/rna_inf_7smgi3of/PZ25_Das_3_refined_normalized.pdb",
  "model_index": null,
  "rmsd": 6.646212160218443,
  "inf_all": 0.7340491447458806,
  "inf_wc": 0.9759000729485332,
  "inf_nwc": 0.4767312946227962,
  "inf_stack": 0.6918607726062583
}
{
  "native_pdb": "/tmp/rna_inf_2ns7h4lr/PZ25_Das_4_solution_normalized.pdb",
  "native_index": null,
  "model_pdb": "/tmp/rna_inf_x28bx062/PZ25_Das_4_refined_normalized.pdb",
  "model_index": null,
  "rmsd": 7.169810465013913,
  "inf_all": 0.7273196889960366,
  "inf_wc": 0.9304842103984708,
  "inf_nwc": 0.4351941398892446,
  "inf_stack": 0.7090909090909091
}
{
  "native_pdb": "/tmp/rna_inf_f1n9k5bx/PZ25_Das_5_solution_normalized.pdb",
  "native_index": null,
  "model_pdb": "/tmp/rna_inf_ru1ffd2j/PZ25_Das_5_refined_normalized.pdb",
  "model_index": null,
  "rmsd": 3.5287410333346254,
  "inf_all": 0.776685617480135,
  "inf_wc": 0.9770084209183945,
  "inf_nwc": 0.6396021490668313,
  "inf_stack": 0.7223460919122201
}
{
  "native_pdb": "/tmp/rna_inf_0pqadf5g/PZ25_Das_6_solution_normalized.pdb",
  "native_index": null,
  "model_pdb": "/tmp/rna_inf_9alvf_bx/PZ25_Das_6_refined_normalized.pdb",
  "model_index": null,
  "rmsd": 6.6378563843341984,
  "inf_all": 0.7326076684987708,
  "inf_wc": 0.9271050693011065,
  "inf_nwc": 0.4181210050035454,
  "inf_stack": 0.7292586522065966
}
{
  "native_pdb": "/tmp/rna_inf_sv_2rb_7/PZ25_Das_7_solution_normalized.pdb",
  "native_index": null,
  "model_pdb": "/tmp/rna_inf_eja8t14m/PZ25_Das_7_refined_normalized.pdb",
  "model_index": null,
  "rmsd": 3.699539926540656,
  "inf_all": 0.772048646977956,
  "inf_wc": 0.9304842103984708,
  "inf_nwc": 0.6363636363636364,
  "inf_stack": 0.736373539248127
}
{
  "native_pdb": "/tmp/rna_inf_b5znctg4/PZ25_Das_8_solution_normalized.pdb",
  "native_index": null,
  "model_pdb": "/tmp/rna_inf_epy4j92y/PZ25_Das_8_refined_normalized.pdb",
  "model_index": null,
  "rmsd": 4.2110796751234725,
  "inf_all": 0.7624744003120868,
  "inf_wc": 0.9304842103984708,
  "inf_nwc": 0.5330017908890261,
  "inf_stack": 0.7355995645509783
}
{
  "native_pdb": "/tmp/rna_inf_6dysowu9/PZ25_Das_9_solution_normalized.pdb",
  "native_index": null,
  "model_pdb": "/tmp/rna_inf_rytgkoyw/PZ25_Das_9_refined_normalized.pdb",
  "model_index": null,
  "rmsd": 5.950870699282546,
  "inf_all": 0.6707739423692075,
  "inf_wc": 0.9047619047619048,
  "inf_nwc": 0.4181210050035454,
  "inf_stack": 0.6356741560367711
}
{
  "native_pdb": "/tmp/rna_inf_7fyua2gf/PZ25_Ding_1_solution_normalized.pdb",
  "native_index": null,
  "model_pdb": "/tmp/rna_inf_f21gc3m5/PZ25_Ding_1_refined_normalized.pdb",
  "model_index": null,
  "rmsd": 10.559773430445672,
  "inf_all": 0.6679949026096729,
  "inf_wc": 0.9759000729485332,
  "inf_nwc": 0.0,
  "inf_stack": 0.6231234454607114
}
{
  "native_pdb": "/tmp/rna_inf_7__0pp7l/PZ25_Ding_2_solution_normalized.pdb",
  "native_index": null,
  "model_pdb": "/tmp/rna_inf_v4c2_ld0/PZ25_Ding_2_refined_normalized.pdb",
  "model_index": null,
  "rmsd": 8.57737716341719,
  "inf_all": 0.6914918072835209,
  "inf_wc": 0.9759000729485332,
  "inf_nwc": 0.0,
  "inf_stack": 0.6580128969221319
}
{
  "native_pdb": "/tmp/rna_inf_ges6jxk2/PZ25_Ding_3_solution_normalized.pdb",
  "native_index": null,
  "model_pdb": "/tmp/rna_inf_3s_at4w6/PZ25_Ding_3_refined_normalized.pdb",
  "model_index": null,
  "rmsd": 9.843236584130329,
  "inf_all": 0.7102745543300392,
  "inf_wc": 0.9759000729485332,
  "inf_nwc": 0.0,
  "inf_stack": 0.6785757999509485
}
{
  "native_pdb": "/tmp/rna_inf_aji6l047/PZ25_iFoldRNA_1_solution_normalized.pdb",
  "native_index": null,
  "model_pdb": "/tmp/rna_inf_i3_wvjkg/PZ25_iFoldRNA_1_refined_normalized.pdb",
  "model_index": null,
  "rmsd": 7.642773597146886,
  "inf_all": 0.6312427686319991,
  "inf_wc": 0.7909115788387002,
  "inf_nwc": 0.0,
  "inf_stack": 0.6482593132545565
}
{
  "native_pdb": "/tmp/rna_inf_h5v2ymt8/PZ25_RNAComposer_1_solution_normalized.pdb",
  "native_index": null,
  "model_pdb": "/tmp/rna_inf_x71_q_qn/PZ25_RNAComposer_1_refined_normalized.pdb",
  "model_index": null,
  "rmsd": 8.23003460874902,
  "inf_all": 0.6360799487088281,
  "inf_wc": 0.901127113779166,
  "inf_nwc": -1.0,
  "inf_stack": 0.5843065474681431
}
{
  "native_pdb": "/tmp/rna_inf_9uc0822u/PZ25_RNAComposer_2_solution_normalized.pdb",
  "native_index": null,
  "model_pdb": "/tmp/rna_inf_6ba0n_29/PZ25_RNAComposer_2_refined_normalized.pdb",
  "model_index": null,
  "rmsd": 10.022257044706151,
  "inf_all": 0.662696920808001,
  "inf_wc": 0.901127113779166,
  "inf_nwc": 0.0,
  "inf_stack": 0.6538852975902517
}
{
  "native_pdb": "/tmp/rna_inf_i_3mgmr6/PZ25_RNAComposer_3_solution_normalized.pdb",
  "native_index": null,
  "model_pdb": "/tmp/rna_inf_y0471j25/PZ25_RNAComposer_3_refined_normalized.pdb",
  "model_index": null,
  "rmsd": 8.646482390067732,
  "inf_all": 0.6255347431156045,
  "inf_wc": 0.9271050693011065,
  "inf_nwc": -1.0,
  "inf_stack": 0.5449492609130661
}
{
  "native_pdb": "/tmp/rna_inf_wxod37gb/PZ25_SimRNA_1_solution_normalized.pdb",
  "native_index": null,
  "model_pdb": "/tmp/rna_inf_i3r072om/PZ25_SimRNA_1_refined_normalized.pdb",
  "model_index": null,
  "rmsd": 7.795848223138502,
  "inf_all": 0.6119341228631366,
  "inf_wc": 0.7572401854185358,
  "inf_nwc": 0.0,
  "inf_stack": 0.6422288629903771
}
{
  "native_pdb": "/tmp/rna_inf_5q6pd14s/PZ25_SimRNA_2_solution_normalized.pdb",
  "native_index": null,
  "model_pdb": "/tmp/rna_inf_o8p1k_en/PZ25_SimRNA_2_refined_normalized.pdb",
  "model_index": null,
  "rmsd": 9.834771639968048,
  "inf_all": 0.6667692860264166,
  "inf_wc": 0.7855844048495726,
  "inf_nwc": 0.0,
  "inf_stack": 0.7090909090909091
}
{
  "native_pdb": "/tmp/rna_inf__xl75h7t/PZ25_SimRNA_3_solution_normalized.pdb",
  "native_index": null,
  "model_pdb": "/tmp/rna_inf_ux1bouy9/PZ25_SimRNA_3_refined_normalized.pdb",
  "model_index": null,
  "rmsd": 9.636519042519394,
  "inf_all": 0.6517926325248484,
  "inf_wc": 0.8839599998785473,
  "inf_nwc": 0.0,
  "inf_stack": 0.6549370092500065
}
{
  "native_pdb": "/tmp/rna_inf_822rboap/PZ25_SimRNA_4_solution_normalized.pdb",
  "native_index": null,
  "model_pdb": "/tmp/rna_inf_zea6p0ko/PZ25_SimRNA_4_refined_normalized.pdb",
  "model_index": null,
  "rmsd": 9.649446372301616,
  "inf_all": 0.6353285249985376,
  "inf_wc": 0.8839599998785473,
  "inf_nwc": 0.0,
  "inf_stack": 0.6170650134055817
}
{
  "native_pdb": "/tmp/rna_inf_wyt75m8d/PZ25_SimRNA_5_solution_normalized.pdb",
  "native_index": null,
  "model_pdb": "/tmp/rna_inf_cublplnd/PZ25_SimRNA_5_refined_normalized.pdb",
  "model_index": null,
  "rmsd": 8.75997362787173,
  "inf_all": 0.6148987099291023,
  "inf_wc": 0.7443873683187767,
  "inf_nwc": 0.0,
  "inf_stack": 0.6419666752419568
}
{
  "native_pdb": "/tmp/rna_inf_np97r_es/PZ25_Xiao_1_solution_normalized.pdb",
  "native_index": null,
  "model_pdb": "/tmp/rna_inf_431ab_mk/PZ25_Xiao_1_refined_normalized.pdb",
  "model_index": null,
  "rmsd": 4.52183421674468,
  "inf_all": 0.5680190971230733,
  "inf_wc": 0.7324670207647144,
  "inf_nwc": 0.17407765595569785,
  "inf_stack": 0.5613835722137897
}
{
  "native_pdb": "/tmp/rna_inf_o1lc8_1u/PZ25_Xiao_2_solution_normalized.pdb",
  "native_index": null,
  "model_pdb": "/tmp/rna_inf_hz1bp312/PZ25_Xiao_2_refined_normalized.pdb",
  "model_index": null,
  "rmsd": 24.843683818650398,
  "inf_all": 0.6148987099291023,
  "inf_wc": 0.7715167498104596,
  "inf_nwc": 0.13483997249264842,
  "inf_stack": 0.6297376185901407
}
{
  "native_pdb": "/tmp/rna_inf_5crrksxy/PZ25_Xiao_3_solution_normalized.pdb",
  "native_index": null,
  "model_pdb": "/tmp/rna_inf_fgigw580/PZ25_Xiao_3_refined_normalized.pdb",
  "model_index": null,
  "rmsd": 4.646553323820929,
  "inf_all": 0.6432675209026769,
  "inf_wc": 0.8183170883849714,
  "inf_nwc": 0.17407765595569785,
  "inf_stack": 0.6432242017658957
}
{
  "native_pdb": "/tmp/rna_inf_cn2iluf2/PZ25_Xiao_4_solution_normalized.pdb",
  "native_index": null,
  "model_pdb": "/tmp/rna_inf_2tpkvszy/PZ25_Xiao_4_refined_normalized.pdb",
  "model_index": null,
  "rmsd": 4.6440701574956105,
  "inf_all": 0.6298661142172044,
  "inf_wc": 0.8183170883849714,
  "inf_nwc": 0.15075567228888181,
  "inf_stack": 0.6301646118408498
}
{
  "native_pdb": "/tmp/rna_inf_h_efd5pu/PZ25_Xiao_5_solution_normalized.pdb",
  "native_index": null,
  "model_pdb": "/tmp/rna_inf_ahe15bn3/PZ25_Xiao_5_refined_normalized.pdb",
  "model_index": null,
  "rmsd": 4.645640260906085,
  "inf_all": 0.638300129800173,
  "inf_wc": 0.8183170883849714,
  "inf_nwc": 0.15075567228888181,
  "inf_stack": 0.6432242017658957
}
