{
  "native_pdb": "/tmp/rna_inf_1mh8fzxb/PZ26tBox_Adamiak_1_solution_normalized.pdb",
  "native_index": null,
  "model_pdb": "/tmp/rna_inf_vsg9qby3/PZ26tBox_Adamiak_1_refined_normalized.pdb",
  "model_index": null,
  "rmsd": 18.756178706631584,
  "inf_all": 0.8198070874566453,
  "inf_wc": 0.9689042833036098,
  "inf_nwc": 0.4472135954999579,
  "inf_stack": 0.7698496908660363
}
{
  "native_pdb": "/tmp/rna_inf_9j5y0jus/PZ26tBox_Adamiak_2_solution_normalized.pdb",
  "native_index": null,
  "model_pdb": "/tmp/rna_inf_372dj655/PZ26tBox_Adamiak_2_refined_normalized.pdb",
  "model_index": null,
  "rmsd": 19.123480807140332,
  "inf_all": 0.8216476627908349,
  "inf_wc": 0.9689042833036098,
  "inf_nwc": 0.5773502691896257,
  "inf_stack": 0.7653130340994871
}
{
  "native_pdb": "/tmp/rna_inf_spk9von0/PZ26tBox_Adamiak_3_solution_normalized.pdb",
  "native_index": null,
  "model_pdb": "/tmp/rna_inf_eojm8f1a/PZ26tBox_Adamiak_3_refined_normalized.pdb",
  "model_index": null,
  "rmsd": 18.80019676608823,
  "inf_all": 0.8516624609365033,
  "inf_wc": 0.9689042833036098,
  "inf_nwc": 0.6666666666666666,
  "inf_stack": 0.8085106382978723
}
{
  "native_pdb": "/tmp/rna_inf_taf_ufas/PZ26tBox_Adamiak_4_solution_normalized.pdb",
  "native_index": null,
  "model_pdb": "/tmp/rna_inf_1mlyfe1t/PZ26tBox_Adamiak_4_refined_normalized.pdb",
  "model_index": null,
  "rmsd": 20.701200878595717,
  "inf_all": 0.8307269181118627,
  "inf_wc": 0.9689042833036098,
  "inf_nwc": 0.5773502691896257,
  "inf_stack": 0.7785470932752259
}
{
  "native_pdb": "/tmp/rna_inf_hpeoyz21/PZ26tBox_Bujnicki_1_solution_normalized.pdb",
  "native_index": null,
  "model_pdb": "/tmp/rna_inf_3apwqfrv/PZ26tBox_Bujnicki_1_refined_normalized.pdb",
  "model_index": null,
  "rmsd": 16.528064583178967,
  "inf_all": 0.8661618609512486,
  "inf_wc": 0.989743318610787,
  "inf_nwc": 0.629940788348712,
  "inf_stack": 0.8284112490595411
}
{
  "native_pdb": "/tmp/rna_inf_h4mh9ls2/PZ26tBox_Bujnicki_2_solution_normalized.pdb",
  "native_index": null,
  "model_pdb": "/tmp/rna_inf_j5pbo93j/PZ26tBox_Bujnicki_2_refined_normalized.pdb",
  "model_index": null,
  "rmsd": 15.408341796905088,
  "inf_all": 0.8547821036505565,
  "inf_wc": 0.9293403409880339,
  "inf_nwc": 0.6804138174397717,
  "inf_stack": 0.8344403617868832
}
{
  "native_pdb": "/tmp/rna_inf_1ivn_1e0/PZ26tBox_Bujnicki_3_solution_normalized.pdb",
  "native_index": null,
  "model_pdb": "/tmp/rna_inf__6yxksxi/PZ26tBox_Bujnicki_3_refined_normalized.pdb",
  "model_index": null,
  "rmsd": 15.201277004880184,
  "inf_all": 0.857322323526012,
  "inf_wc": 0.9691236661397289,
  "inf_nwc": 0.6804138174397717,
  "inf_stack": 0.8211123292584102
}
{
  "native_pdb": "/tmp/rna_inf_eusgmbj6/PZ26tBox_Bujnicki_4_solution_normalized.pdb",
  "native_index": null,
  "model_pdb": "/tmp/rna_inf_ipbgk3_2/PZ26tBox_Bujnicki_4_refined_normalized.pdb",
  "model_index": null,
  "rmsd": 15.68070930154922,
  "inf_all": 0.8610213890786628,
  "inf_wc": 0.989743318610787,
  "inf_nwc": 0.7453559924999299,
  "inf_stack": 0.8140029977898474
}
{
  "native_pdb": "/tmp/rna_inf_5gjd4v9p/PZ26tBox_Bujnicki_5_solution_normalized.pdb",
  "native_index": null,
  "model_pdb": "/tmp/rna_inf_s_3u0zu3/PZ26tBox_Bujnicki_5_refined_normalized.pdb",
  "model_index": null,
  "rmsd": 13.986461245611054,
  "inf_all": 0.8411910241920598,
  "inf_wc": 0.9793792286287205,
  "inf_nwc": 0.629940788348712,
  "inf_stack": 0.7939884455672183
}
{
  "native_pdb": "/tmp/rna_inf_mzsxk3j9/PZ26tBox_Chen_1_solution_normalized.pdb",
  "native_index": null,
  "model_pdb": "/tmp/rna_inf_dz7v3tf8/PZ26tBox_Chen_1_refined_normalized.pdb",
  "model_index": null,
  "rmsd": 21.563602880446332,
  "inf_all": 0.8256707308193716,
  "inf_wc": 0.9689042833036098,
  "inf_nwc": 0.6804138174397717,
  "inf_stack": 0.7659574468085106
}
{
  "native_pdb": "/tmp/rna_inf_tq9qpiii/PZ26tBox_Chen_10_solution_normalized.pdb",
  "native_index": null,
  "model_pdb": "/tmp/rna_inf_5sf46eft/PZ26tBox_Chen_10_refined_normalized.pdb",
  "model_index": null,
  "rmsd": 21.46156538934304,
  "inf_all": 0.8235470023452034,
  "inf_wc": 0.9583148474999099,
  "inf_nwc": 0.5892556509887896,
  "inf_stack": 0.7799898990881786
}
{
  "native_pdb": "/tmp/rna_inf_yduk0u0x/PZ26tBox_Chen_2_solution_normalized.pdb",
  "native_index": null,
  "model_pdb": "/tmp/rna_inf_vbnja985/PZ26tBox_Chen_2_refined_normalized.pdb",
  "model_index": null,
  "rmsd": 18.588703601626886,
  "inf_all": 0.8079647378096768,
  "inf_wc": 0.9585413727004499,
  "inf_nwc": 0.7453559924999299,
  "inf_stack": 0.7397438854536081
}
{
  "native_pdb": "/tmp/rna_inf_cy29sta_/PZ26tBox_Chen_3_solution_normalized.pdb",
  "native_index": null,
  "model_pdb": "/tmp/rna_inf_ith9f_pu/PZ26tBox_Chen_3_refined_normalized.pdb",
  "model_index": null,
  "rmsd": 23.761050084971004,
  "inf_all": 0.8278327231656524,
  "inf_wc": 0.9793792286287205,
  "inf_nwc": 0.7453559924999299,
  "inf_stack": 0.7605817413818787
}
{
  "native_pdb": "/tmp/rna_inf_4kajjagr/PZ26tBox_Chen_4_solution_normalized.pdb",
  "native_index": null,
  "model_pdb": "/tmp/rna_inf_8psxp4zc/PZ26tBox_Chen_4_refined_normalized.pdb",
  "model_index": null,
  "rmsd": 21.825633521321876,
  "inf_all": 0.8161676358069048,
  "inf_wc": 0.9793792286287205,
  "inf_nwc": 0.7453559924999299,
  "inf_stack": 0.7407511093795489
}
{
  "native_pdb": "/tmp/rna_inf_loc86qgk/PZ26tBox_Chen_5_solution_normalized.pdb",
  "native_index": null,
  "model_pdb": "/tmp/rna_inf_msu11n3x/PZ26tBox_Chen_5_refined_normalized.pdb",
  "model_index": null,
  "rmsd": 18.2114404611142,
  "inf_all": 0.8362373317693695,
  "inf_wc": 0.9585413727004499,
  "inf_nwc": 0.6804138174397717,
  "inf_stack": 0.7872340425531915
}
{
  "native_pdb": "/tmp/rna_inf_gyiqaeix/PZ26tBox_Chen_6_solution_normalized.pdb",
  "native_index": null,
  "model_pdb": "/tmp/rna_inf_rck96i4r/PZ26tBox_Chen_6_refined_normalized.pdb",
  "model_index": null,
  "rmsd": 21.446593602878288,
  "inf_all": 0.8067383799322808,
  "inf_wc": 0.9793792286287205,
  "inf_nwc": 0.6804138174397717,
  "inf_stack": 0.7301689506741269
}
{
  "native_pdb": "/tmp/rna_inf_tbvzq4et/PZ26tBox_Chen_7_solution_normalized.pdb",
  "native_index": null,
  "model_pdb": "/tmp/rna_inf_c_nc13ci/PZ26tBox_Chen_7_refined_normalized.pdb",
  "model_index": null,
  "rmsd": 23.867391212440396,
  "inf_all": 0.8043478797733642,
  "inf_wc": 0.9583148474999099,
  "inf_nwc": 0.6804138174397717,
  "inf_stack": 0.737978466409426
}
{
  "native_pdb": "/tmp/rna_inf_mf_3ynt8/PZ26tBox_Chen_8_solution_normalized.pdb",
  "native_index": null,
  "model_pdb": "/tmp/rna_inf_k5uru6a0/PZ26tBox_Chen_8_refined_normalized.pdb",
  "model_index": null,
  "rmsd": 22.24044326238432,
  "inf_all": 0.7975886538929158,
  "inf_wc": 0.9476070829586857,
  "inf_nwc": 0.5270462766947299,
  "inf_stack": 0.7501772840114586
}
{
  "native_pdb": "/tmp/rna_inf_u59ueqq3/PZ26tBox_Chen_9_solution_normalized.pdb",
  "native_index": null,
  "model_pdb": "/tmp/rna_inf_5x3s7ynq/PZ26tBox_Chen_9_refined_normalized.pdb",
  "model_index": null,
  "rmsd": 18.40113675647964,
  "inf_all": 0.8306060398892665,
  "inf_wc": 0.9689042833036098,
  "inf_nwc": 0.629940788348712,
  "inf_stack": 0.77899052698653
}
{
  "native_pdb": "/tmp/rna_inf_u2ooi5zb/PZ26tBox_Das_1_solution_normalized.pdb",
  "native_index": null,
  "model_pdb": "/tmp/rna_inf_i8uf2b05/PZ26tBox_Das_1_refined_normalized.pdb",
  "model_index": null,
  "rmsd": 15.260329277944095,
  "inf_all": 0.8297922114605535,
  "inf_wc": 0.989743318610787,
  "inf_nwc": 0.5555555555555556,
  "inf_stack": 0.7761570016953835
}
{
  "native_pdb": "/tmp/rna_inf_khb74087/PZ26tBox_Das_10_solution_normalized.pdb",
  "native_index": null,
  "model_pdb": "/tmp/rna_inf_gea73t2o/PZ26tBox_Das_10_refined_normalized.pdb",
  "model_index": null,
  "rmsd": 17.554814861942955,
  "inf_all": 0.8404310075419817,
  "inf_wc": 0.989743318610787,
  "inf_nwc": 0.629940788348712,
  "inf_stack": 0.783880147156683
}
{
  "native_pdb": "/tmp/rna_inf_5c2cvicx/PZ26tBox_Das_2_solution_normalized.pdb",
  "native_index": null,
  "model_pdb": "/tmp/rna_inf_80dtqj09/PZ26tBox_Das_2_refined_normalized.pdb",
  "model_index": null,
  "rmsd": 14.313026505130491,
  "inf_all": 0.8225562820921754,
  "inf_wc": 0.9691236661397289,
  "inf_nwc": 0.5555555555555556,
  "inf_stack": 0.7790622698806087
}
{
  "native_pdb": "/tmp/rna_inf_58yxpe9q/PZ26tBox_Das_3_solution_normalized.pdb",
  "native_index": null,
  "model_pdb": "/tmp/rna_inf_l85rbyws/PZ26tBox_Das_3_refined_normalized.pdb",
  "model_index": null,
  "rmsd": 15.650501589956729,
  "inf_all": 0.8385488419889461,
  "inf_wc": 0.989743318610787,
  "inf_nwc": 0.5270462766947299,
  "inf_stack": 0.796571473369268
}
{
  "native_pdb": "/tmp/rna_inf_89s8y7ia/PZ26tBox_Das_4_solution_normalized.pdb",
  "native_index": null,
  "model_pdb": "/tmp/rna_inf_8zuwd0sp/PZ26tBox_Das_4_refined_normalized.pdb",
  "model_index": null,
  "rmsd": 16.84573595124038,
  "inf_all": 0.8285026496055422,
  "inf_wc": 0.9691236661397289,
  "inf_nwc": 0.5892556509887896,
  "inf_stack": 0.7831853783004329
}
{
  "native_pdb": "/tmp/rna_inf_6ll_xi2r/PZ26tBox_Das_5_solution_normalized.pdb",
  "native_index": null,
  "model_pdb": "/tmp/rna_inf_s5dcaysh/PZ26tBox_Das_5_refined_normalized.pdb",
  "model_index": null,
  "rmsd": 15.280013353389965,
  "inf_all": 0.8309943925237004,
  "inf_wc": 0.989743318610787,
  "inf_nwc": 0.5892556509887896,
  "inf_stack": 0.7769030419280516
}
{
  "native_pdb": "/tmp/rna_inf_7svf4e9j/PZ26tBox_Das_6_solution_normalized.pdb",
  "native_index": null,
  "model_pdb": "/tmp/rna_inf_8o4f4jxm/PZ26tBox_Das_6_refined_normalized.pdb",
  "model_index": null,
  "rmsd": 17.136091102728525,
  "inf_all": 0.8159495791569733,
  "inf_wc": 0.9585413727004499,
  "inf_nwc": 0.5892556509887896,
  "inf_stack": 0.7699351608906323
}
{
  "native_pdb": "/tmp/rna_inf_vcfk9jds/PZ26tBox_Das_7_solution_normalized.pdb",
  "native_index": null,
  "model_pdb": "/tmp/rna_inf_coery_79/PZ26tBox_Das_7_refined_normalized.pdb",
  "model_index": null,
  "rmsd": 16.45898181051786,
  "inf_all": 0.8298249619381315,
  "inf_wc": 0.989743318610787,
  "inf_nwc": 0.5892556509887896,
  "inf_stack": 0.7762235923598915
}
{
  "native_pdb": "/tmp/rna_inf_ar_a56p4/PZ26tBox_Das_8_solution_normalized.pdb",
  "native_index": null,
  "model_pdb": "/tmp/rna_inf_sl1q3gkn/PZ26tBox_Das_8_refined_normalized.pdb",
  "model_index": null,
  "rmsd": 17.60528521341093,
  "inf_all": 0.8211597929591752,
  "inf_wc": 0.9591836734693877,
  "inf_nwc": 0.5555555555555556,
  "inf_stack": 0.7796811755854505
}
{
  "native_pdb": "/tmp/rna_inf_8hdskok9/PZ26tBox_Das_9_solution_normalized.pdb",
  "native_index": null,
  "model_pdb": "/tmp/rna_inf_n0bdmmey/PZ26tBox_Das_9_refined_normalized.pdb",
  "model_index": null,
  "rmsd": 13.3383277009524,
  "inf_all": 0.8377329877141364,
  "inf_wc": 0.989743318610787,
  "inf_nwc": 0.629940788348712,
  "inf_stack": 0.7799898990881786
}
{
  "native_pdb": "/tmp/rna_inf_ksqeva86/PZ26tBox_Ding_1_solution_normalized.pdb",
  "native_index": null,
  "model_pdb": "/tmp/rna_inf_mhcuup1w/PZ26tBox_Ding_1_refined_normalized.pdb",
  "model_index": null,
  "rmsd": 19.339601138361324,
  "inf_all": 0.756988385478056,
  "inf_wc": 0.9583148474999099,
  "inf_nwc": 0.0,
  "inf_stack": 0.6906004579827679
}
{
  "native_pdb": "/tmp/rna_inf_bbpcvtu0/PZ26tBox_Ding_2_solution_normalized.pdb",
  "native_index": null,
  "model_pdb": "/tmp/rna_inf_y3euf15y/PZ26tBox_Ding_2_refined_normalized.pdb",
  "model_index": null,
  "rmsd": 17.502752820468878,
  "inf_all": 0.6944166908915425,
  "inf_wc": 0.9147320339189784,
  "inf_nwc": 0.0,
  "inf_stack": 0.6193109875424302
}
{
  "native_pdb": "/tmp/rna_inf_z9zslc9u/PZ26tBox_Ding_3_solution_normalized.pdb",
  "native_index": null,
  "model_pdb": "/tmp/rna_inf_1kc10l9s/PZ26tBox_Ding_3_refined_normalized.pdb",
  "model_index": null,
  "rmsd": 20.176196081345797,
  "inf_all": 0.7292503918683461,
  "inf_wc": 0.9689042833036098,
  "inf_nwc": 0.0,
  "inf_stack": 0.6523280730534422
}
{
  "native_pdb": "/tmp/rna_inf_sbeeh90v/PZ26tBox_FARFAR2_1_solution_normalized.pdb",
  "native_index": null,
  "model_pdb": "/tmp/rna_inf_fnab0e5g/PZ26tBox_FARFAR2_1_refined_normalized.pdb",
  "model_index": null,
  "rmsd": 14.313026505130491,
  "inf_all": 0.8225562820921754,
  "inf_wc": 0.9691236661397289,
  "inf_nwc": 0.5555555555555556,
  "inf_stack": 0.7790622698806087
}
{
  "native_pdb": "/tmp/rna_inf_j50cw3dq/PZ26tBox_FARFAR2_10_solution_normalized.pdb",
  "native_index": null,
  "model_pdb": "/tmp/rna_inf_ezoxosjm/PZ26tBox_FARFAR2_10_refined_normalized.pdb",
  "model_index": null,
  "rmsd": 15.650501589956729,
  "inf_all": 0.8385488419889461,
  "inf_wc": 0.989743318610787,
  "inf_nwc": 0.5270462766947299,
  "inf_stack": 0.796571473369268
}
{
  "native_pdb": "/tmp/rna_inf_nid8n68p/PZ26tBox_FARFAR2_2_solution_normalized.pdb",
  "native_index": null,
  "model_pdb": "/tmp/rna_inf_wfwv_955/PZ26tBox_FARFAR2_2_refined_normalized.pdb",
  "model_index": null,
  "rmsd": 16.84573595124038,
  "inf_all": 0.8285026496055422,
  "inf_wc": 0.9691236661397289,
  "inf_nwc": 0.5892556509887896,
  "inf_stack": 0.7831853783004329
}
{
  "native_pdb": "/tmp/rna_inf_3favmuws/PZ26tBox_FARFAR2_3_solution_normalized.pdb",
  "native_index": null,
  "model_pdb": "/tmp/rna_inf_anyss6sz/PZ26tBox_FARFAR2_3_refined_normalized.pdb",
  "model_index": null,
  "rmsd": 15.280013353389965,
  "inf_all": 0.8309943925237004,
  "inf_wc": 0.989743318610787,
  "inf_nwc": 0.5892556509887896,
  "inf_stack": 0.7769030419280516
}
{
  "native_pdb": "/tmp/rna_inf_m0jhvx9j/PZ26tBox_FARFAR2_4_solution_normalized.pdb",
  "native_index": null,
  "model_pdb": "/tmp/rna_inf_dbpv7dz3/PZ26tBox_FARFAR2_4_refined_normalized.pdb",
  "model_index": null,
  "rmsd": 17.136091102728525,
  "inf_all": 0.8159495791569733,
  "inf_wc": 0.9585413727004499,
  "inf_nwc": 0.5892556509887896,
  "inf_stack": 0.7699351608906323
}
{
  "native_pdb": "/tmp/rna_inf_vwj8hfpw/PZ26tBox_FARFAR2_5_solution_normalized.pdb",
  "native_index": null,
  "model_pdb": "/tmp/rna_inf_sz4sb5vn/PZ26tBox_FARFAR2_5_refined_normalized.pdb",
  "model_index": null,
  "rmsd": 14.887305145936194,
  "inf_all": 0.836046076697931,
  "inf_wc": 0.9585413727004499,
  "inf_nwc": 0.5892556509887896,
  "inf_stack": 0.8002171284498066
}
{
  "native_pdb": "/tmp/rna_inf_675ychj9/PZ26tBox_FARFAR2_6_solution_normalized.pdb",
  "native_index": null,
  "model_pdb": "/tmp/rna_inf__8aqs0e3/PZ26tBox_FARFAR2_6_refined_normalized.pdb",
  "model_index": null,
  "rmsd": 16.45898181051786,
  "inf_all": 0.8298249619381315,
  "inf_wc": 0.989743318610787,
  "inf_nwc": 0.5892556509887896,
  "inf_stack": 0.7762235923598915
}
{
  "native_pdb": "/tmp/rna_inf_3rrmwnik/PZ26tBox_FARFAR2_7_solution_normalized.pdb",
  "native_index": null,
  "model_pdb": "/tmp/rna_inf_13t5o0ds/PZ26tBox_FARFAR2_7_refined_normalized.pdb",
  "model_index": null,
  "rmsd": 17.60528521341093,
  "inf_all": 0.8211597929591752,
  "inf_wc": 0.9591836734693877,
  "inf_nwc": 0.5555555555555556,
  "inf_stack": 0.7796811755854505
}
{
  "native_pdb": "/tmp/rna_inf_9trpjhjc/PZ26tBox_FARFAR2_8_solution_normalized.pdb",
  "native_index": null,
  "model_pdb": "/tmp/rna_inf_geypj3r4/PZ26tBox_FARFAR2_8_refined_normalized.pdb",
  "model_index": null,
  "rmsd": 14.970287335812905,
  "inf_all": 0.8173463910819189,
  "inf_wc": 0.9793792286287205,
  "inf_nwc": 0.5892556509887896,
  "inf_stack": 0.7631514589578164
}
{
  "native_pdb": "/tmp/rna_inf_lp7qe48c/PZ26tBox_FARFAR2_9_solution_normalized.pdb",
  "native_index": null,
  "model_pdb": "/tmp/rna_inf_k9kknou_/PZ26tBox_FARFAR2_9_refined_normalized.pdb",
  "model_index": null,
  "rmsd": 19.980210859259977,
  "inf_all": 0.8197753604518802,
  "inf_wc": 0.9691236661397289,
  "inf_nwc": 0.629940788348712,
  "inf_stack": 0.7665207974553928
}
{
  "native_pdb": "/tmp/rna_inf_7wxlu5l3/PZ26tBox_iFoldRNA_1_solution_normalized.pdb",
  "native_index": null,
  "model_pdb": "/tmp/rna_inf_py940xpb/PZ26tBox_iFoldRNA_1_refined_normalized.pdb",
  "model_index": null,
  "rmsd": 23.430084069595342,
  "inf_all": 0.7291989533028903,
  "inf_wc": 0.8866450562554967,
  "inf_nwc": 0.0,
  "inf_stack": 0.6876492456329315
}
{
  "native_pdb": "/tmp/rna_inf_b7oa9182/PZ26tBox_iFoldRNA_2_solution_normalized.pdb",
  "native_index": null,
  "model_pdb": "/tmp/rna_inf_n8utkqdl/PZ26tBox_iFoldRNA_2_refined_normalized.pdb",
  "model_index": null,
  "rmsd": 24.608972033427698,
  "inf_all": 0.6986302914538675,
  "inf_wc": 0.766651877999928,
  "inf_nwc": 0.0,
  "inf_stack": 0.7204717593123949
}
{
  "native_pdb": "/tmp/rna_inf_jotup4ew/PZ26tBox_RNAComposer_1_solution_normalized.pdb",
  "native_index": null,
  "model_pdb": "/tmp/rna_inf_t5udzkhd/PZ26tBox_RNAComposer_1_refined_normalized.pdb",
  "model_index": null,
  "rmsd": 20.74651972168774,
  "inf_all": 0.7998463958573198,
  "inf_wc": 0.9367769320431429,
  "inf_nwc": 0.5962847939999439,
  "inf_stack": 0.7476591451270223
}
{
  "native_pdb": "/tmp/rna_inf_n5q4uqsi/PZ26tBox_RNAComposer_2_solution_normalized.pdb",
  "native_index": null,
  "model_pdb": "/tmp/rna_inf_mcrbgrtt/PZ26tBox_RNAComposer_2_refined_normalized.pdb",
  "model_index": null,
  "rmsd": 22.19571926818549,
  "inf_all": 0.7836357114308058,
  "inf_wc": 0.9367769320431429,
  "inf_nwc": 0.3849001794597505,
  "inf_stack": 0.734058687945213
}
{
  "native_pdb": "/tmp/rna_inf_vf45wn8u/PZ26tBox_RNAComposer_3_solution_normalized.pdb",
  "native_index": null,
  "model_pdb": "/tmp/rna_inf_pc1crsz6/PZ26tBox_RNAComposer_3_refined_normalized.pdb",
  "model_index": null,
  "rmsd": 18.963056862847345,
  "inf_all": 0.8078384583741822,
  "inf_wc": 0.9476070829586857,
  "inf_nwc": 0.6666666666666666,
  "inf_stack": 0.7501772840114586
}
{
  "native_pdb": "/tmp/rna_inf_b7cc5hq7/PZ26tBox_SimRNA_1_solution_normalized.pdb",
  "native_index": null,
  "model_pdb": "/tmp/rna_inf_5jyzdj35/PZ26tBox_SimRNA_1_refined_normalized.pdb",
  "model_index": null,
  "rmsd": 16.17121500929965,
  "inf_all": 0.778705964227451,
  "inf_wc": 0.9201840552184065,
  "inf_nwc": 0.0,
  "inf_stack": 0.7434469474109303
}
{
  "native_pdb": "/tmp/rna_inf_dxwwomjx/PZ26tBox_SimRNA_2_solution_normalized.pdb",
  "native_index": null,
  "model_pdb": "/tmp/rna_inf_r0zsbl4f/PZ26tBox_SimRNA_2_refined_normalized.pdb",
  "model_index": null,
  "rmsd": 21.44102928695702,
  "inf_all": 0.7309333151025545,
  "inf_wc": 0.9183673469387755,
  "inf_nwc": 0.0,
  "inf_stack": 0.6842484358665467
}
{
  "native_pdb": "/tmp/rna_inf_ci2yqrjv/PZ26tBox_SimRNA_3_solution_normalized.pdb",
  "native_index": null,
  "model_pdb": "/tmp/rna_inf_b9veq4cr/PZ26tBox_SimRNA_3_refined_normalized.pdb",
  "model_index": null,
  "rmsd": 18.721094511097057,
  "inf_all": 0.7054131098174972,
  "inf_wc": 0.8846517369293827,
  "inf_nwc": 0.0,
  "inf_stack": 0.6631110857591943
}
{
  "native_pdb": "/tmp/rna_inf_coms5bjx/PZ26tBox_SimRNA_4_solution_normalized.pdb",
  "native_index": null,
  "model_pdb": "/tmp/rna_inf_t6nv54q_/PZ26tBox_SimRNA_4_refined_normalized.pdb",
  "model_index": null,
  "rmsd": 29.1793082517948,
  "inf_all": 0.6874726222731293,
  "inf_wc": 0.7924288517503273,
  "inf_nwc": 0.0,
  "inf_stack": 0.6745377845553642
}
{
  "native_pdb": "/tmp/rna_inf_hmifuvax/PZ26tBox_SimRNA_5_solution_normalized.pdb",
  "native_index": null,
  "model_pdb": "/tmp/rna_inf_77c1r012/PZ26tBox_SimRNA_5_refined_normalized.pdb",
  "model_index": null,
  "rmsd": 18.219832194966028,
  "inf_all": 0.7773109762515704,
  "inf_wc": 0.9183673469387755,
  "inf_nwc": 0.0,
  "inf_stack": 0.7527316888338454
}
{
  "native_pdb": "/tmp/rna_inf_jubbtk8i/PZ26tBox_TFN_1_solution_normalized.pdb",
  "native_index": null,
  "model_pdb": "/tmp/rna_inf_0h0b0we4/PZ26tBox_TFN_1_refined_normalized.pdb",
  "model_index": null,
  "rmsd": 15.79645054688553,
  "inf_all": 0.8145653727058887,
  "inf_wc": 0.989743318610787,
  "inf_nwc": 0.5270462766947299,
  "inf_stack": 0.7578055412948498
}
{
  "native_pdb": "/tmp/rna_inf_mlg1n5za/PZ26tBox_TFN_10_solution_normalized.pdb",
  "native_index": null,
  "model_pdb": "/tmp/rna_inf_w_fo712t/PZ26tBox_TFN_10_refined_normalized.pdb",
  "model_index": null,
  "rmsd": 19.979053963149575,
  "inf_all": 0.8197753604518802,
  "inf_wc": 0.9585413727004499,
  "inf_nwc": 0.5892556509887896,
  "inf_stack": 0.7762235923598915
}
{
  "native_pdb": "/tmp/rna_inf_avvo4dq4/PZ26tBox_TFN_2_solution_normalized.pdb",
  "native_index": null,
  "model_pdb": "/tmp/rna_inf_d87umx9n/PZ26tBox_TFN_2_refined_normalized.pdb",
  "model_index": null,
  "rmsd": 17.74402333176887,
  "inf_all": 0.8309943925237004,
  "inf_wc": 0.9691236661397289,
  "inf_nwc": 0.6804138174397717,
  "inf_stack": 0.7796811755854505
}
{
  "native_pdb": "/tmp/rna_inf_c0j43w32/PZ26tBox_TFN_3_solution_normalized.pdb",
  "native_index": null,
  "model_pdb": "/tmp/rna_inf_5msum9nt/PZ26tBox_TFN_3_refined_normalized.pdb",
  "model_index": null,
  "rmsd": 12.476263399633527,
  "inf_all": 0.8448066691679681,
  "inf_wc": 0.989743318610787,
  "inf_nwc": 0.5555555555555556,
  "inf_stack": 0.8027650127579437
}
{
  "native_pdb": "/tmp/rna_inf_g111pk8l/PZ26tBox_TFN_4_solution_normalized.pdb",
  "native_index": null,
  "model_pdb": "/tmp/rna_inf_kia9mviw/PZ26tBox_TFN_4_refined_normalized.pdb",
  "model_index": null,
  "rmsd": 17.29413133660023,
  "inf_all": 0.8372898045882738,
  "inf_wc": 0.989743318610787,
  "inf_nwc": 0.5270462766947299,
  "inf_stack": 0.7939884455672183
}
{
  "native_pdb": "/tmp/rna_inf_25ssby2t/PZ26tBox_TFN_5_solution_normalized.pdb",
  "native_index": null,
  "model_pdb": "/tmp/rna_inf_dwim7yuq/PZ26tBox_TFN_5_refined_normalized.pdb",
  "model_index": null,
  "rmsd": 22.8435532712438,
  "inf_all": 0.8461376739735587,
  "inf_wc": 0.9691236661397289,
  "inf_nwc": 0.5892556509887896,
  "inf_stack": 0.810096352257829
}
{
  "native_pdb": "/tmp/rna_inf_7fdw68ob/PZ26tBox_TFN_6_solution_normalized.pdb",
  "native_index": null,
  "model_pdb": "/tmp/rna_inf_8qnrv51e/PZ26tBox_TFN_6_refined_normalized.pdb",
  "model_index": null,
  "rmsd": 17.11336514445603,
  "inf_all": 0.8309943925237004,
  "inf_wc": 0.9793792286287205,
  "inf_nwc": 0.5555555555555556,
  "inf_stack": 0.7867372576486599
}
{
  "native_pdb": "/tmp/rna_inf_oh3gi31y/PZ26tBox_TFN_7_solution_normalized.pdb",
  "native_index": null,
  "model_pdb": "/tmp/rna_inf_0qwjr80g/PZ26tBox_TFN_7_refined_normalized.pdb",
  "model_index": null,
  "rmsd": 12.747063664955839,
  "inf_all": 0.8246989804591269,
  "inf_wc": 0.9691236661397289,
  "inf_nwc": 0.629940788348712,
  "inf_stack": 0.7733955610716774
}
{
  "native_pdb": "/tmp/rna_inf_u2w0lbzp/PZ26tBox_TFN_8_solution_normalized.pdb",
  "native_index": null,
  "model_pdb": "/tmp/rna_inf_w8fy2jwp/PZ26tBox_TFN_8_refined_normalized.pdb",
  "model_index": null,
  "rmsd": 14.697393064823304,
  "inf_all": 0.8195474703660571,
  "inf_wc": 0.9691236661397289,
  "inf_nwc": 0.5892556509887896,
  "inf_stack": 0.7677766668382031
}
{
  "native_pdb": "/tmp/rna_inf_s_9txg4t/PZ26tBox_TFN_9_solution_normalized.pdb",
  "native_index": null,
  "model_pdb": "/tmp/rna_inf_btpmh_62/PZ26tBox_TFN_9_refined_normalized.pdb",
  "model_index": null,
  "rmsd": 18.100393553044427,
  "inf_all": 0.8285026496055422,
  "inf_wc": 0.9691236661397289,
  "inf_nwc": 0.629940788348712,
  "inf_stack": 0.7796811755854505
}
{
  "native_pdb": "/tmp/rna_inf_vn9ue17_/PZ26tBox_Xiao_1_solution_normalized.pdb",
  "native_index": null,
  "model_pdb": "/tmp/rna_inf_seajfb6y/PZ26tBox_Xiao_1_refined_normalized.pdb",
  "model_index": null,
  "rmsd": 29.546160144501698,
  "inf_all": 0.5594896472800314,
  "inf_wc": 0.5939441718716427,
  "inf_nwc": 0.0,
  "inf_stack": 0.5773872681495272
}
{
  "native_pdb": "/tmp/rna_inf_bnnishlf/PZ26tBox_Xiao_2_solution_normalized.pdb",
  "native_index": null,
  "model_pdb": "/tmp/rna_inf_aqq2jsq7/PZ26tBox_Xiao_2_refined_normalized.pdb",
  "model_index": null,
  "rmsd": 28.089219790989574,
  "inf_all": 0.5213827272083664,
  "inf_wc": 0.42931483143468957,
  "inf_nwc": 0.0,
  "inf_stack": 0.5937293211302823
}
{
  "native_pdb": "/tmp/rna_inf_pf9n_u9g/PZ26tBox_Xiao_3_solution_normalized.pdb",
  "native_index": null,
  "model_pdb": "/tmp/rna_inf_95aa328b/PZ26tBox_Xiao_3_refined_normalized.pdb",
  "model_index": null,
  "rmsd": 20.59196184858897,
  "inf_all": 0.5265724662943427,
  "inf_wc": 0.4361843049221676,
  "inf_nwc": 0.0,
  "inf_stack": 0.6081898057466398
}
{
  "native_pdb": "/tmp/rna_inf_w88d_v0k/PZ26tBox_Xiao_4_solution_normalized.pdb",
  "native_index": null,
  "model_pdb": "/tmp/rna_inf_l1w55dws/PZ26tBox_Xiao_4_refined_normalized.pdb",
  "model_index": null,
  "rmsd": 29.83779919151084,
  "inf_all": 0.5309064691552228,
  "inf_wc": 0.4361843049221676,
  "inf_nwc": 0.0,
  "inf_stack": 0.6081898057466398
}
{
  "native_pdb": "/tmp/rna_inf_gua6a376/PZ26tBox_Xiao_5_solution_normalized.pdb",
  "native_index": null,
  "model_pdb": "/tmp/rna_inf_e_vplg_0/PZ26tBox_Xiao_5_refined_normalized.pdb",
  "model_index": null,
  "rmsd": 22.61747566721663,
  "inf_all": 0.5309064691552228,
  "inf_wc": 0.4361843049221676,
  "inf_nwc": 0.0,
  "inf_stack": 0.6081898057466398
}
