{
  "native_pdb": "/tmp/rna_inf_ujrcjevo/PZ26tRNA_Adamiak_1_solution_normalized.pdb",
  "native_index": null,
  "model_pdb": "/tmp/rna_inf_qo26m4aq/PZ26tRNA_Adamiak_1_refined_normalized.pdb",
  "model_index": null,
  "rmsd": 18.756176548757356,
  "inf_all": 0.8198070874566453,
  "inf_wc": 0.9689042833036098,
  "inf_nwc": 0.4472135954999579,
  "inf_stack": 0.7698496908660363
}
{
  "native_pdb": "/tmp/rna_inf_06sks8na/PZ26tRNA_Adamiak_2_solution_normalized.pdb",
  "native_index": null,
  "model_pdb": "/tmp/rna_inf_so6olgwr/PZ26tRNA_Adamiak_2_refined_normalized.pdb",
  "model_index": null,
  "rmsd": 19.12347761308339,
  "inf_all": 0.8216476627908349,
  "inf_wc": 0.9689042833036098,
  "inf_nwc": 0.5773502691896257,
  "inf_stack": 0.7653130340994871
}
{
  "native_pdb": "/tmp/rna_inf_px4pwo90/PZ26tRNA_Adamiak_3_solution_normalized.pdb",
  "native_index": null,
  "model_pdb": "/tmp/rna_inf_svu5hc8t/PZ26tRNA_Adamiak_3_refined_normalized.pdb",
  "model_index": null,
  "rmsd": 18.800185140167937,
  "inf_all": 0.8516624609365033,
  "inf_wc": 0.9689042833036098,
  "inf_nwc": 0.6666666666666666,
  "inf_stack": 0.8085106382978723
}
{
  "native_pdb": "/tmp/rna_inf_ui4c02e1/PZ26tRNA_Adamiak_4_solution_normalized.pdb",
  "native_index": null,
  "model_pdb": "/tmp/rna_inf_i4f1nixv/PZ26tRNA_Adamiak_4_refined_normalized.pdb",
  "model_index": null,
  "rmsd": 20.701208861457875,
  "inf_all": 0.8307269181118627,
  "inf_wc": 0.9689042833036098,
  "inf_nwc": 0.5773502691896257,
  "inf_stack": 0.7785470932752259
}
{
  "native_pdb": "/tmp/rna_inf_tky960xo/PZ26tRNA_Bujnicki_1_solution_normalized.pdb",
  "native_index": null,
  "model_pdb": "/tmp/rna_inf_gcd226xd/PZ26tRNA_Bujnicki_1_refined_normalized.pdb",
  "model_index": null,
  "rmsd": 16.52806616839672,
  "inf_all": 0.8661618609512486,
  "inf_wc": 0.989743318610787,
  "inf_nwc": 0.629940788348712,
  "inf_stack": 0.8284112490595411
}
{
  "native_pdb": "/tmp/rna_inf_3dc6t6u5/PZ26tRNA_Bujnicki_2_solution_normalized.pdb",
  "native_index": null,
  "model_pdb": "/tmp/rna_inf_f32tz5jv/PZ26tRNA_Bujnicki_2_refined_normalized.pdb",
  "model_index": null,
  "rmsd": 15.408337991939385,
  "inf_all": 0.8547821036505565,
  "inf_wc": 0.9293403409880339,
  "inf_nwc": 0.6804138174397717,
  "inf_stack": 0.8344403617868832
}
{
  "native_pdb": "/tmp/rna_inf_jr96wxfj/PZ26tRNA_Bujnicki_3_solution_normalized.pdb",
  "native_index": null,
  "model_pdb": "/tmp/rna_inf_q55ei8uk/PZ26tRNA_Bujnicki_3_refined_normalized.pdb",
  "model_index": null,
  "rmsd": 15.201282254258675,
  "inf_all": 0.857322323526012,
  "inf_wc": 0.9691236661397289,
  "inf_nwc": 0.6804138174397717,
  "inf_stack": 0.8211123292584102
}
{
  "native_pdb": "/tmp/rna_inf_xi1x6ktq/PZ26tRNA_Bujnicki_4_solution_normalized.pdb",
  "native_index": null,
  "model_pdb": "/tmp/rna_inf_fl5emgl0/PZ26tRNA_Bujnicki_4_refined_normalized.pdb",
  "model_index": null,
  "rmsd": 15.680708718981519,
  "inf_all": 0.8610213890786628,
  "inf_wc": 0.989743318610787,
  "inf_nwc": 0.7453559924999299,
  "inf_stack": 0.8140029977898474
}
{
  "native_pdb": "/tmp/rna_inf_flzmaqgq/PZ26tRNA_Bujnicki_5_solution_normalized.pdb",
  "native_index": null,
  "model_pdb": "/tmp/rna_inf_n082df9b/PZ26tRNA_Bujnicki_5_refined_normalized.pdb",
  "model_index": null,
  "rmsd": 13.986458166392431,
  "inf_all": 0.8411910241920598,
  "inf_wc": 0.9793792286287205,
  "inf_nwc": 0.629940788348712,
  "inf_stack": 0.7939884455672183
}
{
  "native_pdb": "/tmp/rna_inf_mj1k9nus/PZ26tRNA_Chen_1_solution_normalized.pdb",
  "native_index": null,
  "model_pdb": "/tmp/rna_inf_6zjzpi7v/PZ26tRNA_Chen_1_refined_normalized.pdb",
  "model_index": null,
  "rmsd": 21.56360971464435,
  "inf_all": 0.8256707308193716,
  "inf_wc": 0.9689042833036098,
  "inf_nwc": 0.6804138174397717,
  "inf_stack": 0.7659574468085106
}
{
  "native_pdb": "/tmp/rna_inf_t6iee9mw/PZ26tRNA_Chen_10_solution_normalized.pdb",
  "native_index": null,
  "model_pdb": "/tmp/rna_inf_hwa4y8ms/PZ26tRNA_Chen_10_refined_normalized.pdb",
  "model_index": null,
  "rmsd": 21.46156196604855,
  "inf_all": 0.8235470023452034,
  "inf_wc": 0.9583148474999099,
  "inf_nwc": 0.5892556509887896,
  "inf_stack": 0.7799898990881786
}
{
  "native_pdb": "/tmp/rna_inf_tnpdfdu7/PZ26tRNA_Chen_2_solution_normalized.pdb",
  "native_index": null,
  "model_pdb": "/tmp/rna_inf_gljcqt0z/PZ26tRNA_Chen_2_refined_normalized.pdb",
  "model_index": null,
  "rmsd": 18.588712450522145,
  "inf_all": 0.8079647378096768,
  "inf_wc": 0.9585413727004499,
  "inf_nwc": 0.7453559924999299,
  "inf_stack": 0.7397438854536081
}
{
  "native_pdb": "/tmp/rna_inf_u_o2kw9t/PZ26tRNA_Chen_3_solution_normalized.pdb",
  "native_index": null,
  "model_pdb": "/tmp/rna_inf_9_ug0hu4/PZ26tRNA_Chen_3_refined_normalized.pdb",
  "model_index": null,
  "rmsd": 23.761053176771625,
  "inf_all": 0.8278327231656524,
  "inf_wc": 0.9793792286287205,
  "inf_nwc": 0.7453559924999299,
  "inf_stack": 0.7605817413818787
}
{
  "native_pdb": "/tmp/rna_inf_xpujwc_7/PZ26tRNA_Chen_4_solution_normalized.pdb",
  "native_index": null,
  "model_pdb": "/tmp/rna_inf_a1gn8axi/PZ26tRNA_Chen_4_refined_normalized.pdb",
  "model_index": null,
  "rmsd": 21.825628287779633,
  "inf_all": 0.8161676358069048,
  "inf_wc": 0.9793792286287205,
  "inf_nwc": 0.7453559924999299,
  "inf_stack": 0.7407511093795489
}
{
  "native_pdb": "/tmp/rna_inf_z68w2z1x/PZ26tRNA_Chen_5_solution_normalized.pdb",
  "native_index": null,
  "model_pdb": "/tmp/rna_inf_p5m5gssc/PZ26tRNA_Chen_5_refined_normalized.pdb",
  "model_index": null,
  "rmsd": 18.211439947358787,
  "inf_all": 0.8362373317693695,
  "inf_wc": 0.9585413727004499,
  "inf_nwc": 0.6804138174397717,
  "inf_stack": 0.7872340425531915
}
{
  "native_pdb": "/tmp/rna_inf_k_tk_38f/PZ26tRNA_Chen_6_solution_normalized.pdb",
  "native_index": null,
  "model_pdb": "/tmp/rna_inf_sduvaohr/PZ26tRNA_Chen_6_refined_normalized.pdb",
  "model_index": null,
  "rmsd": 21.446592081548467,
  "inf_all": 0.8067383799322808,
  "inf_wc": 0.9793792286287205,
  "inf_nwc": 0.6804138174397717,
  "inf_stack": 0.7301689506741269
}
{
  "native_pdb": "/tmp/rna_inf_del612tr/PZ26tRNA_Chen_7_solution_normalized.pdb",
  "native_index": null,
  "model_pdb": "/tmp/rna_inf_d6bjfns0/PZ26tRNA_Chen_7_refined_normalized.pdb",
  "model_index": null,
  "rmsd": 23.867390723338538,
  "inf_all": 0.8043478797733642,
  "inf_wc": 0.9583148474999099,
  "inf_nwc": 0.6804138174397717,
  "inf_stack": 0.737978466409426
}
{
  "native_pdb": "/tmp/rna_inf_1basa6m9/PZ26tRNA_Chen_8_solution_normalized.pdb",
  "native_index": null,
  "model_pdb": "/tmp/rna_inf_k1dmb0hs/PZ26tRNA_Chen_8_refined_normalized.pdb",
  "model_index": null,
  "rmsd": 22.24045856672601,
  "inf_all": 0.7975886538929158,
  "inf_wc": 0.9476070829586857,
  "inf_nwc": 0.5270462766947299,
  "inf_stack": 0.7501772840114586
}
{
  "native_pdb": "/tmp/rna_inf__xiezse9/PZ26tRNA_Chen_9_solution_normalized.pdb",
  "native_index": null,
  "model_pdb": "/tmp/rna_inf_x5jy4pqb/PZ26tRNA_Chen_9_refined_normalized.pdb",
  "model_index": null,
  "rmsd": 18.401138098505722,
  "inf_all": 0.8306060398892665,
  "inf_wc": 0.9689042833036098,
  "inf_nwc": 0.629940788348712,
  "inf_stack": 0.77899052698653
}
{
  "native_pdb": "/tmp/rna_inf_g8tdpypr/PZ26tRNA_Das_1_solution_normalized.pdb",
  "native_index": null,
  "model_pdb": "/tmp/rna_inf_6ilb_kwb/PZ26tRNA_Das_1_refined_normalized.pdb",
  "model_index": null,
  "rmsd": 15.260326090661502,
  "inf_all": 0.8324139943329636,
  "inf_wc": 0.989743318610787,
  "inf_nwc": 0.5555555555555556,
  "inf_stack": 0.7799898990881786
}
{
  "native_pdb": "/tmp/rna_inf_703bdjvw/PZ26tRNA_Das_10_solution_normalized.pdb",
  "native_index": null,
  "model_pdb": "/tmp/rna_inf_vdb2bkyp/PZ26tRNA_Das_10_refined_normalized.pdb",
  "model_index": null,
  "rmsd": 17.55480632852016,
  "inf_all": 0.8431552643058035,
  "inf_wc": 0.989743318610787,
  "inf_nwc": 0.629940788348712,
  "inf_stack": 0.7878291905234223
}
{
  "native_pdb": "/tmp/rna_inf_buinv6dq/PZ26tRNA_Das_2_solution_normalized.pdb",
  "native_index": null,
  "model_pdb": "/tmp/rna_inf_dfl9rvz7/PZ26tRNA_Das_2_refined_normalized.pdb",
  "model_index": null,
  "rmsd": 14.313042341291236,
  "inf_all": 0.8225562820921754,
  "inf_wc": 0.9691236661397289,
  "inf_nwc": 0.5555555555555556,
  "inf_stack": 0.7790622698806087
}
{
  "native_pdb": "/tmp/rna_inf_a1fo2vzs/PZ26tRNA_Das_3_solution_normalized.pdb",
  "native_index": null,
  "model_pdb": "/tmp/rna_inf_iusxf39g/PZ26tRNA_Das_3_refined_normalized.pdb",
  "model_index": null,
  "rmsd": 15.650508393631432,
  "inf_all": 0.8385488419889461,
  "inf_wc": 0.989743318610787,
  "inf_nwc": 0.5270462766947299,
  "inf_stack": 0.796571473369268
}
{
  "native_pdb": "/tmp/rna_inf_pt8tdnjh/PZ26tRNA_Das_4_solution_normalized.pdb",
  "native_index": null,
  "model_pdb": "/tmp/rna_inf_z50vshxh/PZ26tRNA_Das_4_refined_normalized.pdb",
  "model_index": null,
  "rmsd": 16.84572775326589,
  "inf_all": 0.8285026496055422,
  "inf_wc": 0.9691236661397289,
  "inf_nwc": 0.5892556509887896,
  "inf_stack": 0.7831853783004329
}
{
  "native_pdb": "/tmp/rna_inf_307al8fa/PZ26tRNA_Das_5_solution_normalized.pdb",
  "native_index": null,
  "model_pdb": "/tmp/rna_inf_qcuyqkyd/PZ26tRNA_Das_5_refined_normalized.pdb",
  "model_index": null,
  "rmsd": 15.280017482166413,
  "inf_all": 0.8309943925237004,
  "inf_wc": 0.989743318610787,
  "inf_nwc": 0.5892556509887896,
  "inf_stack": 0.7769030419280516
}
{
  "native_pdb": "/tmp/rna_inf_994cad09/PZ26tRNA_Das_6_solution_normalized.pdb",
  "native_index": null,
  "model_pdb": "/tmp/rna_inf_gj6jecjp/PZ26tRNA_Das_6_refined_normalized.pdb",
  "model_index": null,
  "rmsd": 17.136078360144392,
  "inf_all": 0.8184035683945534,
  "inf_wc": 0.9585413727004499,
  "inf_nwc": 0.5892556509887896,
  "inf_stack": 0.7733955610716774
}
{
  "native_pdb": "/tmp/rna_inf_crdv2c60/PZ26tRNA_Das_7_solution_normalized.pdb",
  "native_index": null,
  "model_pdb": "/tmp/rna_inf_e79ugc7k/PZ26tRNA_Das_7_refined_normalized.pdb",
  "model_index": null,
  "rmsd": 16.458986202421805,
  "inf_all": 0.8298249619381315,
  "inf_wc": 0.989743318610787,
  "inf_nwc": 0.5892556509887896,
  "inf_stack": 0.7762235923598915
}
{
  "native_pdb": "/tmp/rna_inf_ab19d5b9/PZ26tRNA_Das_8_solution_normalized.pdb",
  "native_index": null,
  "model_pdb": "/tmp/rna_inf_1wj8cl_8/PZ26tRNA_Das_8_refined_normalized.pdb",
  "model_index": null,
  "rmsd": 17.605287905241738,
  "inf_all": 0.8187552203212656,
  "inf_wc": 0.9591836734693877,
  "inf_nwc": 0.5555555555555556,
  "inf_stack": 0.7762235923598915
}
{
  "native_pdb": "/tmp/rna_inf_8cuodsr2/PZ26tRNA_Das_9_solution_normalized.pdb",
  "native_index": null,
  "model_pdb": "/tmp/rna_inf_xqzohitv/PZ26tRNA_Das_9_refined_normalized.pdb",
  "model_index": null,
  "rmsd": 13.338330770390366,
  "inf_all": 0.8377329877141364,
  "inf_wc": 0.989743318610787,
  "inf_nwc": 0.629940788348712,
  "inf_stack": 0.7799898990881786
}
{
  "native_pdb": "/tmp/rna_inf_csna4s4i/PZ26tRNA_Ding_1_solution_normalized.pdb",
  "native_index": null,
  "model_pdb": "/tmp/rna_inf_cz2ifdvs/PZ26tRNA_Ding_1_refined_normalized.pdb",
  "model_index": null,
  "rmsd": 19.339607062516315,
  "inf_all": 0.756988385478056,
  "inf_wc": 0.9583148474999099,
  "inf_nwc": 0.0,
  "inf_stack": 0.6906004579827679
}
{
  "native_pdb": "/tmp/rna_inf_mt7_zaow/PZ26tRNA_Ding_2_solution_normalized.pdb",
  "native_index": null,
  "model_pdb": "/tmp/rna_inf_ac2yilne/PZ26tRNA_Ding_2_refined_normalized.pdb",
  "model_index": null,
  "rmsd": 17.502743526684885,
  "inf_all": 0.6944166908915425,
  "inf_wc": 0.9147320339189784,
  "inf_nwc": 0.0,
  "inf_stack": 0.6193109875424302
}
{
  "native_pdb": "/tmp/rna_inf_19icosec/PZ26tRNA_Ding_3_solution_normalized.pdb",
  "native_index": null,
  "model_pdb": "/tmp/rna_inf_q3xr2a6b/PZ26tRNA_Ding_3_refined_normalized.pdb",
  "model_index": null,
  "rmsd": 20.176193495015475,
  "inf_all": 0.7292503918683461,
  "inf_wc": 0.9689042833036098,
  "inf_nwc": 0.0,
  "inf_stack": 0.6523280730534422
}
{
  "native_pdb": "/tmp/rna_inf_83ja5hx2/PZ26tRNA_FARFAR2_1_solution_normalized.pdb",
  "native_index": null,
  "model_pdb": "/tmp/rna_inf_7493ncqs/PZ26tRNA_FARFAR2_1_refined_normalized.pdb",
  "model_index": null,
  "rmsd": 14.313042341291236,
  "inf_all": 0.8225562820921754,
  "inf_wc": 0.9691236661397289,
  "inf_nwc": 0.5555555555555556,
  "inf_stack": 0.7790622698806087
}
{
  "native_pdb": "/tmp/rna_inf__jszt2cp/PZ26tRNA_FARFAR2_10_solution_normalized.pdb",
  "native_index": null,
  "model_pdb": "/tmp/rna_inf_t878nt8g/PZ26tRNA_FARFAR2_10_refined_normalized.pdb",
  "model_index": null,
  "rmsd": 15.650508393631432,
  "inf_all": 0.8385488419889461,
  "inf_wc": 0.989743318610787,
  "inf_nwc": 0.5270462766947299,
  "inf_stack": 0.796571473369268
}
{
  "native_pdb": "/tmp/rna_inf_kz6bi5_3/PZ26tRNA_FARFAR2_2_solution_normalized.pdb",
  "native_index": null,
  "model_pdb": "/tmp/rna_inf_ic2u3i8h/PZ26tRNA_FARFAR2_2_refined_normalized.pdb",
  "model_index": null,
  "rmsd": 16.84572775326589,
  "inf_all": 0.8285026496055422,
  "inf_wc": 0.9691236661397289,
  "inf_nwc": 0.5892556509887896,
  "inf_stack": 0.7831853783004329
}
{
  "native_pdb": "/tmp/rna_inf_r2a7vn07/PZ26tRNA_FARFAR2_3_solution_normalized.pdb",
  "native_index": null,
  "model_pdb": "/tmp/rna_inf_6ypvvono/PZ26tRNA_FARFAR2_3_refined_normalized.pdb",
  "model_index": null,
  "rmsd": 15.280017482166413,
  "inf_all": 0.8309943925237004,
  "inf_wc": 0.989743318610787,
  "inf_nwc": 0.5892556509887896,
  "inf_stack": 0.7769030419280516
}
{
  "native_pdb": "/tmp/rna_inf_swoh8zc2/PZ26tRNA_FARFAR2_4_solution_normalized.pdb",
  "native_index": null,
  "model_pdb": "/tmp/rna_inf_bkn4qpx9/PZ26tRNA_FARFAR2_4_refined_normalized.pdb",
  "model_index": null,
  "rmsd": 17.136078360144392,
  "inf_all": 0.8184035683945534,
  "inf_wc": 0.9585413727004499,
  "inf_nwc": 0.5892556509887896,
  "inf_stack": 0.7733955610716774
}
{
  "native_pdb": "/tmp/rna_inf_n9wh_xho/PZ26tRNA_FARFAR2_5_solution_normalized.pdb",
  "native_index": null,
  "model_pdb": "/tmp/rna_inf_gjvi37z2/PZ26tRNA_FARFAR2_5_refined_normalized.pdb",
  "model_index": null,
  "rmsd": 14.88728364495304,
  "inf_all": 0.836046076697931,
  "inf_wc": 0.9585413727004499,
  "inf_nwc": 0.5892556509887896,
  "inf_stack": 0.8002171284498066
}
{
  "native_pdb": "/tmp/rna_inf_bz9ri01z/PZ26tRNA_FARFAR2_6_solution_normalized.pdb",
  "native_index": null,
  "model_pdb": "/tmp/rna_inf_beh8n5_y/PZ26tRNA_FARFAR2_6_refined_normalized.pdb",
  "model_index": null,
  "rmsd": 16.458986202421805,
  "inf_all": 0.8298249619381315,
  "inf_wc": 0.989743318610787,
  "inf_nwc": 0.5892556509887896,
  "inf_stack": 0.7762235923598915
}
{
  "native_pdb": "/tmp/rna_inf_o9d0bn7d/PZ26tRNA_FARFAR2_7_solution_normalized.pdb",
  "native_index": null,
  "model_pdb": "/tmp/rna_inf_ajt1dqd_/PZ26tRNA_FARFAR2_7_refined_normalized.pdb",
  "model_index": null,
  "rmsd": 17.605287905241738,
  "inf_all": 0.8187552203212656,
  "inf_wc": 0.9591836734693877,
  "inf_nwc": 0.5555555555555556,
  "inf_stack": 0.7762235923598915
}
{
  "native_pdb": "/tmp/rna_inf_8ei9qmta/PZ26tRNA_FARFAR2_8_solution_normalized.pdb",
  "native_index": null,
  "model_pdb": "/tmp/rna_inf_51pgpud5/PZ26tRNA_FARFAR2_8_refined_normalized.pdb",
  "model_index": null,
  "rmsd": 14.970283586754167,
  "inf_all": 0.8197753604518802,
  "inf_wc": 0.9793792286287205,
  "inf_nwc": 0.5892556509887896,
  "inf_stack": 0.7665207974553928
}
{
  "native_pdb": "/tmp/rna_inf_w_ikt6u1/PZ26tRNA_FARFAR2_9_solution_normalized.pdb",
  "native_index": null,
  "model_pdb": "/tmp/rna_inf_bcr0ex7c/PZ26tRNA_FARFAR2_9_refined_normalized.pdb",
  "model_index": null,
  "rmsd": 19.98021049279891,
  "inf_all": 0.8222261143812577,
  "inf_wc": 0.9691236661397289,
  "inf_nwc": 0.629940788348712,
  "inf_stack": 0.7699351608906323
}
{
  "native_pdb": "/tmp/rna_inf_3_seb85l/PZ26tRNA_iFoldRNA_1_solution_normalized.pdb",
  "native_index": null,
  "model_pdb": "/tmp/rna_inf_tmztgzhr/PZ26tRNA_iFoldRNA_1_refined_normalized.pdb",
  "model_index": null,
  "rmsd": 23.430086068348544,
  "inf_all": 0.7291989533028903,
  "inf_wc": 0.8866450562554967,
  "inf_nwc": 0.0,
  "inf_stack": 0.6876492456329315
}
{
  "native_pdb": "/tmp/rna_inf_niii3i74/PZ26tRNA_iFoldRNA_2_solution_normalized.pdb",
  "native_index": null,
  "model_pdb": "/tmp/rna_inf_lvpkypfw/PZ26tRNA_iFoldRNA_2_refined_normalized.pdb",
  "model_index": null,
  "rmsd": 24.608974892664353,
  "inf_all": 0.6986302914538675,
  "inf_wc": 0.766651877999928,
  "inf_nwc": 0.0,
  "inf_stack": 0.7204717593123949
}
{
  "native_pdb": "/tmp/rna_inf_7wx60mib/PZ26tRNA_RNAComposer_1_solution_normalized.pdb",
  "native_index": null,
  "model_pdb": "/tmp/rna_inf_0ladolxh/PZ26tRNA_RNAComposer_1_refined_normalized.pdb",
  "model_index": null,
  "rmsd": 20.746537756712573,
  "inf_all": 0.7998463958573198,
  "inf_wc": 0.9367769320431429,
  "inf_nwc": 0.5962847939999439,
  "inf_stack": 0.7476591451270223
}
{
  "native_pdb": "/tmp/rna_inf_050_xsw8/PZ26tRNA_RNAComposer_2_solution_normalized.pdb",
  "native_index": null,
  "model_pdb": "/tmp/rna_inf_tlck5hlj/PZ26tRNA_RNAComposer_2_refined_normalized.pdb",
  "model_index": null,
  "rmsd": 22.195728864880998,
  "inf_all": 0.7877173445839877,
  "inf_wc": 0.9367769320431429,
  "inf_nwc": 0.3849001794597505,
  "inf_stack": 0.7408857633640884
}
{
  "native_pdb": "/tmp/rna_inf_sa_pt04c/PZ26tRNA_RNAComposer_3_solution_normalized.pdb",
  "native_index": null,
  "model_pdb": "/tmp/rna_inf_gkebycb3/PZ26tRNA_RNAComposer_3_refined_normalized.pdb",
  "model_index": null,
  "rmsd": 18.963060333437756,
  "inf_all": 0.8078384583741822,
  "inf_wc": 0.9476070829586857,
  "inf_nwc": 0.6666666666666666,
  "inf_stack": 0.7501772840114586
}
{
  "native_pdb": "/tmp/rna_inf_54rjvhl4/PZ26tRNA_SimRNA_1_solution_normalized.pdb",
  "native_index": null,
  "model_pdb": "/tmp/rna_inf_j0hh0l1t/PZ26tRNA_SimRNA_1_refined_normalized.pdb",
  "model_index": null,
  "rmsd": 16.171207788249735,
  "inf_all": 0.778705964227451,
  "inf_wc": 0.9201840552184065,
  "inf_nwc": 0.0,
  "inf_stack": 0.7434469474109303
}
{
  "native_pdb": "/tmp/rna_inf_ntc2l6dj/PZ26tRNA_SimRNA_2_solution_normalized.pdb",
  "native_index": null,
  "model_pdb": "/tmp/rna_inf_rwfsti_s/PZ26tRNA_SimRNA_2_refined_normalized.pdb",
  "model_index": null,
  "rmsd": 21.441030858436847,
  "inf_all": 0.7309333151025545,
  "inf_wc": 0.9183673469387755,
  "inf_nwc": 0.0,
  "inf_stack": 0.6842484358665467
}
{
  "native_pdb": "/tmp/rna_inf_m375aavo/PZ26tRNA_SimRNA_3_solution_normalized.pdb",
  "native_index": null,
  "model_pdb": "/tmp/rna_inf_4m7ovpzo/PZ26tRNA_SimRNA_3_refined_normalized.pdb",
  "model_index": null,
  "rmsd": 18.7210910705071,
  "inf_all": 0.7054131098174972,
  "inf_wc": 0.8846517369293827,
  "inf_nwc": 0.0,
  "inf_stack": 0.6631110857591943
}
{
  "native_pdb": "/tmp/rna_inf_8d7mb4lf/PZ26tRNA_SimRNA_4_solution_normalized.pdb",
  "native_index": null,
  "model_pdb": "/tmp/rna_inf_b4qxgdyg/PZ26tRNA_SimRNA_4_refined_normalized.pdb",
  "model_index": null,
  "rmsd": 29.179307995284596,
  "inf_all": 0.6874726222731293,
  "inf_wc": 0.7924288517503273,
  "inf_nwc": 0.0,
  "inf_stack": 0.6745377845553642
}
{
  "native_pdb": "/tmp/rna_inf_ayvtxxn2/PZ26tRNA_SimRNA_5_solution_normalized.pdb",
  "native_index": null,
  "model_pdb": "/tmp/rna_inf_hqc8zmjb/PZ26tRNA_SimRNA_5_refined_normalized.pdb",
  "model_index": null,
  "rmsd": 18.21982570122142,
  "inf_all": 0.7773109762515704,
  "inf_wc": 0.9183673469387755,
  "inf_nwc": 0.0,
  "inf_stack": 0.7527316888338454
}
{
  "native_pdb": "/tmp/rna_inf_i5bdleyn/PZ26tRNA_TFN_1_solution_normalized.pdb",
  "native_index": null,
  "model_pdb": "/tmp/rna_inf_spbodygw/PZ26tRNA_TFN_1_refined_normalized.pdb",
  "model_index": null,
  "rmsd": 15.796451253331199,
  "inf_all": 0.8170450295002507,
  "inf_wc": 0.989743318610787,
  "inf_nwc": 0.5270462766947299,
  "inf_stack": 0.7613717047158179
}
{
  "native_pdb": "/tmp/rna_inf_k5r01zkh/PZ26tRNA_TFN_10_solution_normalized.pdb",
  "native_index": null,
  "model_pdb": "/tmp/rna_inf_blvum7at/PZ26tRNA_TFN_10_refined_normalized.pdb",
  "model_index": null,
  "rmsd": 19.97905292323925,
  "inf_all": 0.8197753604518802,
  "inf_wc": 0.9585413727004499,
  "inf_nwc": 0.5892556509887896,
  "inf_stack": 0.7762235923598915
}
{
  "native_pdb": "/tmp/rna_inf_lcxjm86s/PZ26tRNA_TFN_2_solution_normalized.pdb",
  "native_index": null,
  "model_pdb": "/tmp/rna_inf_g32a95sg/PZ26tRNA_TFN_2_refined_normalized.pdb",
  "model_index": null,
  "rmsd": 17.744013021164918,
  "inf_all": 0.8309943925237004,
  "inf_wc": 0.9691236661397289,
  "inf_nwc": 0.6804138174397717,
  "inf_stack": 0.7796811755854505
}
{
  "native_pdb": "/tmp/rna_inf_9m1w9yta/PZ26tRNA_TFN_3_solution_normalized.pdb",
  "native_index": null,
  "model_pdb": "/tmp/rna_inf_9huik_00/PZ26tRNA_TFN_3_refined_normalized.pdb",
  "model_index": null,
  "rmsd": 12.476252179537333,
  "inf_all": 0.8448066691679681,
  "inf_wc": 0.989743318610787,
  "inf_nwc": 0.5555555555555556,
  "inf_stack": 0.8027650127579437
}
{
  "native_pdb": "/tmp/rna_inf_2ue42a42/PZ26tRNA_TFN_4_solution_normalized.pdb",
  "native_index": null,
  "model_pdb": "/tmp/rna_inf_otz68tdi/PZ26tRNA_TFN_4_refined_normalized.pdb",
  "model_index": null,
  "rmsd": 17.294131074319765,
  "inf_all": 0.8398232137200248,
  "inf_wc": 0.989743318610787,
  "inf_nwc": 0.5270462766947299,
  "inf_stack": 0.797690043468263
}
{
  "native_pdb": "/tmp/rna_inf_g081uq_f/PZ26tRNA_TFN_5_solution_normalized.pdb",
  "native_index": null,
  "model_pdb": "/tmp/rna_inf_bw7sv6ws/PZ26tRNA_TFN_5_refined_normalized.pdb",
  "model_index": null,
  "rmsd": 22.843564548211187,
  "inf_all": 0.8461376739735587,
  "inf_wc": 0.9691236661397289,
  "inf_nwc": 0.5892556509887896,
  "inf_stack": 0.810096352257829
}
{
  "native_pdb": "/tmp/rna_inf_ff99gf21/PZ26tRNA_TFN_6_solution_normalized.pdb",
  "native_index": null,
  "model_pdb": "/tmp/rna_inf_3hbhrvrh/PZ26tRNA_TFN_6_refined_normalized.pdb",
  "model_index": null,
  "rmsd": 17.11335493032586,
  "inf_all": 0.8335087534664907,
  "inf_wc": 0.9793792286287205,
  "inf_nwc": 0.5555555555555556,
  "inf_stack": 0.7903379046417844
}
{
  "native_pdb": "/tmp/rna_inf_hvhhcrwj/PZ26tRNA_TFN_7_solution_normalized.pdb",
  "native_index": null,
  "model_pdb": "/tmp/rna_inf_nco5poqt/PZ26tRNA_TFN_7_refined_normalized.pdb",
  "model_index": null,
  "rmsd": 12.74706522702818,
  "inf_all": 0.8246989804591269,
  "inf_wc": 0.9691236661397289,
  "inf_nwc": 0.629940788348712,
  "inf_stack": 0.7733955610716774
}
{
  "native_pdb": "/tmp/rna_inf_7af053d7/PZ26tRNA_TFN_8_solution_normalized.pdb",
  "native_index": null,
  "model_pdb": "/tmp/rna_inf_rw4llpyh/PZ26tRNA_TFN_8_refined_normalized.pdb",
  "model_index": null,
  "rmsd": 14.69739724576524,
  "inf_all": 0.8170450295002507,
  "inf_wc": 0.9691236661397289,
  "inf_nwc": 0.5892556509887896,
  "inf_stack": 0.7642138788584475
}
{
  "native_pdb": "/tmp/rna_inf_8gm3vdlz/PZ26tRNA_TFN_9_solution_normalized.pdb",
  "native_index": null,
  "model_pdb": "/tmp/rna_inf_ezvdrv34/PZ26tRNA_TFN_9_refined_normalized.pdb",
  "model_index": null,
  "rmsd": 18.10039498231018,
  "inf_all": 0.8285026496055422,
  "inf_wc": 0.9691236661397289,
  "inf_nwc": 0.629940788348712,
  "inf_stack": 0.7796811755854505
}
{
  "native_pdb": "/tmp/rna_inf_dl_of0qc/PZ26tRNA_Xiao_1_solution_normalized.pdb",
  "native_index": null,
  "model_pdb": "/tmp/rna_inf_qkpz57js/PZ26tRNA_Xiao_1_refined_normalized.pdb",
  "model_index": null,
  "rmsd": 29.546159934098338,
  "inf_all": 0.5594896472800314,
  "inf_wc": 0.5939441718716427,
  "inf_nwc": 0.0,
  "inf_stack": 0.5773872681495272
}
{
  "native_pdb": "/tmp/rna_inf_p_hwpktw/PZ26tRNA_Xiao_2_solution_normalized.pdb",
  "native_index": null,
  "model_pdb": "/tmp/rna_inf_fseux28c/PZ26tRNA_Xiao_2_refined_normalized.pdb",
  "model_index": null,
  "rmsd": 28.08921637533437,
  "inf_all": 0.5213827272083664,
  "inf_wc": 0.42931483143468957,
  "inf_nwc": 0.0,
  "inf_stack": 0.5937293211302823
}
{
  "native_pdb": "/tmp/rna_inf_b_evte6m/PZ26tRNA_Xiao_3_solution_normalized.pdb",
  "native_index": null,
  "model_pdb": "/tmp/rna_inf_lx4zw_er/PZ26tRNA_Xiao_3_refined_normalized.pdb",
  "model_index": null,
  "rmsd": 20.59195512262337,
  "inf_all": 0.5265724662943427,
  "inf_wc": 0.4361843049221676,
  "inf_nwc": 0.0,
  "inf_stack": 0.6081898057466398
}
{
  "native_pdb": "/tmp/rna_inf_5oaedjm6/PZ26tRNA_Xiao_4_solution_normalized.pdb",
  "native_index": null,
  "model_pdb": "/tmp/rna_inf_0ez7opwf/PZ26tRNA_Xiao_4_refined_normalized.pdb",
  "model_index": null,
  "rmsd": 29.83779700206556,
  "inf_all": 0.5309064691552228,
  "inf_wc": 0.4361843049221676,
  "inf_nwc": 0.0,
  "inf_stack": 0.6081898057466398
}
{
  "native_pdb": "/tmp/rna_inf_n93vr_s7/PZ26tRNA_Xiao_5_solution_normalized.pdb",
  "native_index": null,
  "model_pdb": "/tmp/rna_inf_7x4_qd1m/PZ26tRNA_Xiao_5_refined_normalized.pdb",
  "model_index": null,
  "rmsd": 22.61746844984781,
  "inf_all": 0.5309064691552228,
  "inf_wc": 0.4361843049221676,
  "inf_nwc": 0.0,
  "inf_stack": 0.6081898057466398
}
