{
  "native_pdb": "/tmp/rna_inf_xw1zd79v/PZ26_Adamiak_1_solution_normalized.pdb",
  "native_index": null,
  "model_pdb": "/tmp/rna_inf_q7jnskvi/PZ26_Adamiak_1_refined_normalized.pdb",
  "model_index": null,
  "rmsd": 18.756167603299183,
  "inf_all": 0.8198070874566453,
  "inf_wc": 0.9689042833036098,
  "inf_nwc": 0.4472135954999579,
  "inf_stack": 0.7698496908660363
}
{
  "native_pdb": "/tmp/rna_inf_d4kc8mm7/PZ26_Adamiak_2_solution_normalized.pdb",
  "native_index": null,
  "model_pdb": "/tmp/rna_inf__2fcxecy/PZ26_Adamiak_2_refined_normalized.pdb",
  "model_index": null,
  "rmsd": 19.12346942702356,
  "inf_all": 0.8216476627908349,
  "inf_wc": 0.9689042833036098,
  "inf_nwc": 0.5773502691896257,
  "inf_stack": 0.7653130340994871
}
{
  "native_pdb": "/tmp/rna_inf_sw2gybbu/PZ26_Adamiak_3_solution_normalized.pdb",
  "native_index": null,
  "model_pdb": "/tmp/rna_inf_hcrgpgte/PZ26_Adamiak_3_refined_normalized.pdb",
  "model_index": null,
  "rmsd": 18.80019197623727,
  "inf_all": 0.8516624609365033,
  "inf_wc": 0.9689042833036098,
  "inf_nwc": 0.6666666666666666,
  "inf_stack": 0.8085106382978723
}
{
  "native_pdb": "/tmp/rna_inf_al00b7b_/PZ26_Adamiak_4_solution_normalized.pdb",
  "native_index": null,
  "model_pdb": "/tmp/rna_inf_chkuhlko/PZ26_Adamiak_4_refined_normalized.pdb",
  "model_index": null,
  "rmsd": 20.701201973212697,
  "inf_all": 0.8307269181118627,
  "inf_wc": 0.9689042833036098,
  "inf_nwc": 0.5773502691896257,
  "inf_stack": 0.7785470932752259
}
{
  "native_pdb": "/tmp/rna_inf_h7r5px7i/PZ26_Bujnicki_1_solution_normalized.pdb",
  "native_index": null,
  "model_pdb": "/tmp/rna_inf_37mmckjr/PZ26_Bujnicki_1_refined_normalized.pdb",
  "model_index": null,
  "rmsd": 16.528070826825825,
  "inf_all": 0.8661618609512486,
  "inf_wc": 0.989743318610787,
  "inf_nwc": 0.629940788348712,
  "inf_stack": 0.8284112490595411
}
{
  "native_pdb": "/tmp/rna_inf_8t4_gbc0/PZ26_Bujnicki_2_solution_normalized.pdb",
  "native_index": null,
  "model_pdb": "/tmp/rna_inf_fgup6evo/PZ26_Bujnicki_2_refined_normalized.pdb",
  "model_index": null,
  "rmsd": 15.40834826320986,
  "inf_all": 0.8547821036505565,
  "inf_wc": 0.9293403409880339,
  "inf_nwc": 0.6804138174397717,
  "inf_stack": 0.8344403617868832
}
{
  "native_pdb": "/tmp/rna_inf_a1akgspb/PZ26_Bujnicki_3_solution_normalized.pdb",
  "native_index": null,
  "model_pdb": "/tmp/rna_inf_7osagyf_/PZ26_Bujnicki_3_refined_normalized.pdb",
  "model_index": null,
  "rmsd": 15.201275255438418,
  "inf_all": 0.857322323526012,
  "inf_wc": 0.9691236661397289,
  "inf_nwc": 0.6804138174397717,
  "inf_stack": 0.8211123292584102
}
{
  "native_pdb": "/tmp/rna_inf_tkzy4tgz/PZ26_Bujnicki_4_solution_normalized.pdb",
  "native_index": null,
  "model_pdb": "/tmp/rna_inf_dx61pjll/PZ26_Bujnicki_4_refined_normalized.pdb",
  "model_index": null,
  "rmsd": 15.680703676064576,
  "inf_all": 0.8610213890786628,
  "inf_wc": 0.989743318610787,
  "inf_nwc": 0.7453559924999299,
  "inf_stack": 0.8140029977898474
}
{
  "native_pdb": "/tmp/rna_inf_kj57_sx2/PZ26_Bujnicki_5_solution_normalized.pdb",
  "native_index": null,
  "model_pdb": "/tmp/rna_inf_802_g951/PZ26_Bujnicki_5_refined_normalized.pdb",
  "model_index": null,
  "rmsd": 13.986468811780606,
  "inf_all": 0.8411910241920598,
  "inf_wc": 0.9793792286287205,
  "inf_nwc": 0.629940788348712,
  "inf_stack": 0.7939884455672183
}
{
  "native_pdb": "/tmp/rna_inf_lem9zgm7/PZ26_Chen_1_solution_normalized.pdb",
  "native_index": null,
  "model_pdb": "/tmp/rna_inf_2al_3cyb/PZ26_Chen_1_refined_normalized.pdb",
  "model_index": null,
  "rmsd": 21.56360675052398,
  "inf_all": 0.8256707308193716,
  "inf_wc": 0.9689042833036098,
  "inf_nwc": 0.6804138174397717,
  "inf_stack": 0.7659574468085106
}
{
  "native_pdb": "/tmp/rna_inf_9uspj1_f/PZ26_Chen_10_solution_normalized.pdb",
  "native_index": null,
  "model_pdb": "/tmp/rna_inf_mp300k5e/PZ26_Chen_10_refined_normalized.pdb",
  "model_index": null,
  "rmsd": 21.461548906979505,
  "inf_all": 0.8235470023452034,
  "inf_wc": 0.9583148474999099,
  "inf_nwc": 0.5892556509887896,
  "inf_stack": 0.7799898990881786
}
{
  "native_pdb": "/tmp/rna_inf_5izb_uja/PZ26_Chen_2_solution_normalized.pdb",
  "native_index": null,
  "model_pdb": "/tmp/rna_inf_lyd7h8em/PZ26_Chen_2_refined_normalized.pdb",
  "model_index": null,
  "rmsd": 18.58870485984477,
  "inf_all": 0.8079647378096768,
  "inf_wc": 0.9585413727004499,
  "inf_nwc": 0.7453559924999299,
  "inf_stack": 0.7397438854536081
}
{
  "native_pdb": "/tmp/rna_inf_x4c4zzom/PZ26_Chen_3_solution_normalized.pdb",
  "native_index": null,
  "model_pdb": "/tmp/rna_inf_vwmg83t5/PZ26_Chen_3_refined_normalized.pdb",
  "model_index": null,
  "rmsd": 23.76105084461954,
  "inf_all": 0.8278327231656524,
  "inf_wc": 0.9793792286287205,
  "inf_nwc": 0.7453559924999299,
  "inf_stack": 0.7605817413818787
}
{
  "native_pdb": "/tmp/rna_inf_qrkkdywz/PZ26_Chen_4_solution_normalized.pdb",
  "native_index": null,
  "model_pdb": "/tmp/rna_inf_8lixyb9b/PZ26_Chen_4_refined_normalized.pdb",
  "model_index": null,
  "rmsd": 21.82562304295359,
  "inf_all": 0.8161676358069048,
  "inf_wc": 0.9793792286287205,
  "inf_nwc": 0.7453559924999299,
  "inf_stack": 0.7407511093795489
}
{
  "native_pdb": "/tmp/rna_inf_hayzc86h/PZ26_Chen_5_solution_normalized.pdb",
  "native_index": null,
  "model_pdb": "/tmp/rna_inf_jvt1a0ml/PZ26_Chen_5_refined_normalized.pdb",
  "model_index": null,
  "rmsd": 18.211451895807656,
  "inf_all": 0.8362373317693695,
  "inf_wc": 0.9585413727004499,
  "inf_nwc": 0.6804138174397717,
  "inf_stack": 0.7872340425531915
}
{
  "native_pdb": "/tmp/rna_inf__8_fe1iq/PZ26_Chen_6_solution_normalized.pdb",
  "native_index": null,
  "model_pdb": "/tmp/rna_inf_uo0fl04d/PZ26_Chen_6_refined_normalized.pdb",
  "model_index": null,
  "rmsd": 21.44658448343445,
  "inf_all": 0.8067383799322808,
  "inf_wc": 0.9793792286287205,
  "inf_nwc": 0.6804138174397717,
  "inf_stack": 0.7301689506741269
}
{
  "native_pdb": "/tmp/rna_inf_k4mti_8u/PZ26_Chen_7_solution_normalized.pdb",
  "native_index": null,
  "model_pdb": "/tmp/rna_inf_kelltur4/PZ26_Chen_7_refined_normalized.pdb",
  "model_index": null,
  "rmsd": 23.86739282951337,
  "inf_all": 0.8043478797733642,
  "inf_wc": 0.9583148474999099,
  "inf_nwc": 0.6804138174397717,
  "inf_stack": 0.737978466409426
}
{
  "native_pdb": "/tmp/rna_inf_x9qzlgcn/PZ26_Chen_8_solution_normalized.pdb",
  "native_index": null,
  "model_pdb": "/tmp/rna_inf_zf0egrve/PZ26_Chen_8_refined_normalized.pdb",
  "model_index": null,
  "rmsd": 22.24045083746735,
  "inf_all": 0.7975886538929158,
  "inf_wc": 0.9476070829586857,
  "inf_nwc": 0.5270462766947299,
  "inf_stack": 0.7501772840114586
}
{
  "native_pdb": "/tmp/rna_inf_kfilvfc5/PZ26_Chen_9_solution_normalized.pdb",
  "native_index": null,
  "model_pdb": "/tmp/rna_inf_r6ica26c/PZ26_Chen_9_refined_normalized.pdb",
  "model_index": null,
  "rmsd": 18.401138116338558,
  "inf_all": 0.8306060398892665,
  "inf_wc": 0.9689042833036098,
  "inf_nwc": 0.629940788348712,
  "inf_stack": 0.77899052698653
}
{
  "native_pdb": "/tmp/rna_inf_dfiw2bww/PZ26_Das_1_solution_normalized.pdb",
  "native_index": null,
  "model_pdb": "/tmp/rna_inf_47phfl4j/PZ26_Das_1_refined_normalized.pdb",
  "model_index": null,
  "rmsd": 15.26032649341911,
  "inf_all": 0.8297922114605535,
  "inf_wc": 0.989743318610787,
  "inf_nwc": 0.5555555555555556,
  "inf_stack": 0.7761570016953835
}
{
  "native_pdb": "/tmp/rna_inf_sm6o4ptt/PZ26_Das_10_solution_normalized.pdb",
  "native_index": null,
  "model_pdb": "/tmp/rna_inf_bth91k6g/PZ26_Das_10_refined_normalized.pdb",
  "model_index": null,
  "rmsd": 17.554814368697407,
  "inf_all": 0.8404310075419817,
  "inf_wc": 0.989743318610787,
  "inf_nwc": 0.629940788348712,
  "inf_stack": 0.783880147156683
}
{
  "native_pdb": "/tmp/rna_inf_626cddvm/PZ26_Das_2_solution_normalized.pdb",
  "native_index": null,
  "model_pdb": "/tmp/rna_inf_0c3m0axd/PZ26_Das_2_refined_normalized.pdb",
  "model_index": null,
  "rmsd": 14.313033883505167,
  "inf_all": 0.8225562820921754,
  "inf_wc": 0.9691236661397289,
  "inf_nwc": 0.5555555555555556,
  "inf_stack": 0.7790622698806087
}
{
  "native_pdb": "/tmp/rna_inf_qxgukd1i/PZ26_Das_3_solution_normalized.pdb",
  "native_index": null,
  "model_pdb": "/tmp/rna_inf_fwdad9sb/PZ26_Das_3_refined_normalized.pdb",
  "model_index": null,
  "rmsd": 15.650506265730334,
  "inf_all": 0.8385488419889461,
  "inf_wc": 0.989743318610787,
  "inf_nwc": 0.5270462766947299,
  "inf_stack": 0.796571473369268
}
{
  "native_pdb": "/tmp/rna_inf_mc8jiuff/PZ26_Das_4_solution_normalized.pdb",
  "native_index": null,
  "model_pdb": "/tmp/rna_inf_ds63_7fm/PZ26_Das_4_refined_normalized.pdb",
  "model_index": null,
  "rmsd": 16.845732429862757,
  "inf_all": 0.8309943925237004,
  "inf_wc": 0.9691236661397289,
  "inf_nwc": 0.5892556509887896,
  "inf_stack": 0.7867372576486599
}
{
  "native_pdb": "/tmp/rna_inf_jpqht7ot/PZ26_Das_5_solution_normalized.pdb",
  "native_index": null,
  "model_pdb": "/tmp/rna_inf_wovw7swe/PZ26_Das_5_refined_normalized.pdb",
  "model_index": null,
  "rmsd": 15.280020060553388,
  "inf_all": 0.8309943925237004,
  "inf_wc": 0.989743318610787,
  "inf_nwc": 0.5892556509887896,
  "inf_stack": 0.7769030419280516
}
{
  "native_pdb": "/tmp/rna_inf_jh987oxq/PZ26_Das_6_solution_normalized.pdb",
  "native_index": null,
  "model_pdb": "/tmp/rna_inf_kbrfw1v3/PZ26_Das_6_refined_normalized.pdb",
  "model_index": null,
  "rmsd": 17.136089073477343,
  "inf_all": 0.8184035683945534,
  "inf_wc": 0.9585413727004499,
  "inf_nwc": 0.5892556509887896,
  "inf_stack": 0.7733955610716774
}
{
  "native_pdb": "/tmp/rna_inf_0xhiracw/PZ26_Das_7_solution_normalized.pdb",
  "native_index": null,
  "model_pdb": "/tmp/rna_inf_ozod5h5j/PZ26_Das_7_refined_normalized.pdb",
  "model_index": null,
  "rmsd": 16.458985978327632,
  "inf_all": 0.8322910148099241,
  "inf_wc": 0.989743318610787,
  "inf_nwc": 0.5892556509887896,
  "inf_stack": 0.7796811755854505
}
{
  "native_pdb": "/tmp/rna_inf_7mriqz6l/PZ26_Das_8_solution_normalized.pdb",
  "native_index": null,
  "model_pdb": "/tmp/rna_inf_nw45pudo/PZ26_Das_8_refined_normalized.pdb",
  "model_index": null,
  "rmsd": 17.6052884144536,
  "inf_all": 0.8211597929591752,
  "inf_wc": 0.9591836734693877,
  "inf_nwc": 0.5555555555555556,
  "inf_stack": 0.7796811755854505
}
{
  "native_pdb": "/tmp/rna_inf_6hmfkn53/PZ26_Das_9_solution_normalized.pdb",
  "native_index": null,
  "model_pdb": "/tmp/rna_inf_j2gj0vxm/PZ26_Das_9_refined_normalized.pdb",
  "model_index": null,
  "rmsd": 13.338326232434046,
  "inf_all": 0.8377329877141364,
  "inf_wc": 0.989743318610787,
  "inf_nwc": 0.629940788348712,
  "inf_stack": 0.7799898990881786
}
{
  "native_pdb": "/tmp/rna_inf_56p7dl5v/PZ26_Ding_1_solution_normalized.pdb",
  "native_index": null,
  "model_pdb": "/tmp/rna_inf_fo2rkypo/PZ26_Ding_1_refined_normalized.pdb",
  "model_index": null,
  "rmsd": 19.33960983236475,
  "inf_all": 0.756988385478056,
  "inf_wc": 0.9583148474999099,
  "inf_nwc": 0.0,
  "inf_stack": 0.6906004579827679
}
{
  "native_pdb": "/tmp/rna_inf_0ridf44v/PZ26_Ding_2_solution_normalized.pdb",
  "native_index": null,
  "model_pdb": "/tmp/rna_inf_snop4xfl/PZ26_Ding_2_refined_normalized.pdb",
  "model_index": null,
  "rmsd": 17.5027476555764,
  "inf_all": 0.6944166908915425,
  "inf_wc": 0.9147320339189784,
  "inf_nwc": 0.0,
  "inf_stack": 0.6193109875424302
}
{
  "native_pdb": "/tmp/rna_inf_w3mv9qts/PZ26_Ding_3_solution_normalized.pdb",
  "native_index": null,
  "model_pdb": "/tmp/rna_inf_2m409dau/PZ26_Ding_3_refined_normalized.pdb",
  "model_index": null,
  "rmsd": 20.176183894448126,
  "inf_all": 0.7292503918683461,
  "inf_wc": 0.9689042833036098,
  "inf_nwc": 0.0,
  "inf_stack": 0.6523280730534422
}
{
  "native_pdb": "/tmp/rna_inf_tt595w__/PZ26_FARFAR2_1_solution_normalized.pdb",
  "native_index": null,
  "model_pdb": "/tmp/rna_inf_jsv4rurs/PZ26_FARFAR2_1_refined_normalized.pdb",
  "model_index": null,
  "rmsd": 14.313033883505167,
  "inf_all": 0.8225562820921754,
  "inf_wc": 0.9691236661397289,
  "inf_nwc": 0.5555555555555556,
  "inf_stack": 0.7790622698806087
}
{
  "native_pdb": "/tmp/rna_inf_m63cuqj2/PZ26_FARFAR2_10_solution_normalized.pdb",
  "native_index": null,
  "model_pdb": "/tmp/rna_inf__300jkac/PZ26_FARFAR2_10_refined_normalized.pdb",
  "model_index": null,
  "rmsd": 15.650506265730334,
  "inf_all": 0.8385488419889461,
  "inf_wc": 0.989743318610787,
  "inf_nwc": 0.5270462766947299,
  "inf_stack": 0.796571473369268
}
{
  "native_pdb": "/tmp/rna_inf_p_86z4eq/PZ26_FARFAR2_2_solution_normalized.pdb",
  "native_index": null,
  "model_pdb": "/tmp/rna_inf_c1q03p8e/PZ26_FARFAR2_2_refined_normalized.pdb",
  "model_index": null,
  "rmsd": 16.845732429862757,
  "inf_all": 0.8309943925237004,
  "inf_wc": 0.9691236661397289,
  "inf_nwc": 0.5892556509887896,
  "inf_stack": 0.7867372576486599
}
{
  "native_pdb": "/tmp/rna_inf_l3q11d34/PZ26_FARFAR2_3_solution_normalized.pdb",
  "native_index": null,
  "model_pdb": "/tmp/rna_inf_s2ninbbj/PZ26_FARFAR2_3_refined_normalized.pdb",
  "model_index": null,
  "rmsd": 15.280020060553388,
  "inf_all": 0.8309943925237004,
  "inf_wc": 0.989743318610787,
  "inf_nwc": 0.5892556509887896,
  "inf_stack": 0.7769030419280516
}
{
  "native_pdb": "/tmp/rna_inf_pknb8jtf/PZ26_FARFAR2_4_solution_normalized.pdb",
  "native_index": null,
  "model_pdb": "/tmp/rna_inf_ks15m94m/PZ26_FARFAR2_4_refined_normalized.pdb",
  "model_index": null,
  "rmsd": 17.136089073477343,
  "inf_all": 0.8184035683945534,
  "inf_wc": 0.9585413727004499,
  "inf_nwc": 0.5892556509887896,
  "inf_stack": 0.7733955610716774
}
{
  "native_pdb": "/tmp/rna_inf_q47csk43/PZ26_FARFAR2_5_solution_normalized.pdb",
  "native_index": null,
  "model_pdb": "/tmp/rna_inf_j1oer0i1/PZ26_FARFAR2_5_refined_normalized.pdb",
  "model_index": null,
  "rmsd": 14.887292453990076,
  "inf_all": 0.836046076697931,
  "inf_wc": 0.9585413727004499,
  "inf_nwc": 0.5892556509887896,
  "inf_stack": 0.8002171284498066
}
{
  "native_pdb": "/tmp/rna_inf_3s6376_l/PZ26_FARFAR2_6_solution_normalized.pdb",
  "native_index": null,
  "model_pdb": "/tmp/rna_inf_xmjoryc1/PZ26_FARFAR2_6_refined_normalized.pdb",
  "model_index": null,
  "rmsd": 16.458985978327632,
  "inf_all": 0.8322910148099241,
  "inf_wc": 0.989743318610787,
  "inf_nwc": 0.5892556509887896,
  "inf_stack": 0.7796811755854505
}
{
  "native_pdb": "/tmp/rna_inf_5q20ubzn/PZ26_FARFAR2_7_solution_normalized.pdb",
  "native_index": null,
  "model_pdb": "/tmp/rna_inf_xpuubor5/PZ26_FARFAR2_7_refined_normalized.pdb",
  "model_index": null,
  "rmsd": 17.6052884144536,
  "inf_all": 0.8211597929591752,
  "inf_wc": 0.9591836734693877,
  "inf_nwc": 0.5555555555555556,
  "inf_stack": 0.7796811755854505
}
{
  "native_pdb": "/tmp/rna_inf_b1ot92__/PZ26_FARFAR2_8_solution_normalized.pdb",
  "native_index": null,
  "model_pdb": "/tmp/rna_inf_kqn5_w6i/PZ26_FARFAR2_8_refined_normalized.pdb",
  "model_index": null,
  "rmsd": 14.970283767508773,
  "inf_all": 0.8173463910819189,
  "inf_wc": 0.9793792286287205,
  "inf_nwc": 0.5892556509887896,
  "inf_stack": 0.7631514589578164
}
{
  "native_pdb": "/tmp/rna_inf_o7mzdd8b/PZ26_FARFAR2_9_solution_normalized.pdb",
  "native_index": null,
  "model_pdb": "/tmp/rna_inf_eipx_av4/PZ26_FARFAR2_9_refined_normalized.pdb",
  "model_index": null,
  "rmsd": 19.98020523980046,
  "inf_all": 0.8222261143812577,
  "inf_wc": 0.9691236661397289,
  "inf_nwc": 0.629940788348712,
  "inf_stack": 0.7699351608906323
}
{
  "native_pdb": "/tmp/rna_inf_sdfh69ed/PZ26_iFoldRNA_1_solution_normalized.pdb",
  "native_index": null,
  "model_pdb": "/tmp/rna_inf_x482294q/PZ26_iFoldRNA_1_refined_normalized.pdb",
  "model_index": null,
  "rmsd": 23.430086777326878,
  "inf_all": 0.7291989533028903,
  "inf_wc": 0.8866450562554967,
  "inf_nwc": 0.0,
  "inf_stack": 0.6876492456329315
}
{
  "native_pdb": "/tmp/rna_inf_7u0efki3/PZ26_iFoldRNA_2_solution_normalized.pdb",
  "native_index": null,
  "model_pdb": "/tmp/rna_inf_97n_aej1/PZ26_iFoldRNA_2_refined_normalized.pdb",
  "model_index": null,
  "rmsd": 24.608975264106114,
  "inf_all": 0.6986302914538675,
  "inf_wc": 0.766651877999928,
  "inf_nwc": 0.0,
  "inf_stack": 0.7204717593123949
}
{
  "native_pdb": "/tmp/rna_inf_moh8bgqb/PZ26_RNAComposer_1_solution_normalized.pdb",
  "native_index": null,
  "model_pdb": "/tmp/rna_inf_fjoflurq/PZ26_RNAComposer_1_refined_normalized.pdb",
  "model_index": null,
  "rmsd": 20.74652508303745,
  "inf_all": 0.7998463958573198,
  "inf_wc": 0.9367769320431429,
  "inf_nwc": 0.5962847939999439,
  "inf_stack": 0.7476591451270223
}
{
  "native_pdb": "/tmp/rna_inf_mlg32gc9/PZ26_RNAComposer_2_solution_normalized.pdb",
  "native_index": null,
  "model_pdb": "/tmp/rna_inf_rp6dahkp/PZ26_RNAComposer_2_refined_normalized.pdb",
  "model_index": null,
  "rmsd": 22.195725409481216,
  "inf_all": 0.7877173445839877,
  "inf_wc": 0.9367769320431429,
  "inf_nwc": 0.3849001794597505,
  "inf_stack": 0.7408857633640884
}
{
  "native_pdb": "/tmp/rna_inf_9jk7h5p3/PZ26_RNAComposer_3_solution_normalized.pdb",
  "native_index": null,
  "model_pdb": "/tmp/rna_inf_azmssdne/PZ26_RNAComposer_3_refined_normalized.pdb",
  "model_index": null,
  "rmsd": 18.963054503480908,
  "inf_all": 0.8078384583741822,
  "inf_wc": 0.9476070829586857,
  "inf_nwc": 0.6666666666666666,
  "inf_stack": 0.7501772840114586
}
{
  "native_pdb": "/tmp/rna_inf_7x0mesdp/PZ26_SimRNA_1_solution_normalized.pdb",
  "native_index": null,
  "model_pdb": "/tmp/rna_inf_6belu4z8/PZ26_SimRNA_1_refined_normalized.pdb",
  "model_index": null,
  "rmsd": 16.17121077988716,
  "inf_all": 0.778705964227451,
  "inf_wc": 0.9201840552184065,
  "inf_nwc": 0.0,
  "inf_stack": 0.7434469474109303
}
{
  "native_pdb": "/tmp/rna_inf_rfadgjgx/PZ26_SimRNA_2_solution_normalized.pdb",
  "native_index": null,
  "model_pdb": "/tmp/rna_inf_507pu84b/PZ26_SimRNA_2_refined_normalized.pdb",
  "model_index": null,
  "rmsd": 21.441032924482577,
  "inf_all": 0.7309333151025545,
  "inf_wc": 0.9183673469387755,
  "inf_nwc": 0.0,
  "inf_stack": 0.6842484358665467
}
{
  "native_pdb": "/tmp/rna_inf_fws0rocv/PZ26_SimRNA_3_solution_normalized.pdb",
  "native_index": null,
  "model_pdb": "/tmp/rna_inf_9td2c1y0/PZ26_SimRNA_3_refined_normalized.pdb",
  "model_index": null,
  "rmsd": 18.721087881583973,
  "inf_all": 0.7054131098174972,
  "inf_wc": 0.8846517369293827,
  "inf_nwc": 0.0,
  "inf_stack": 0.6631110857591943
}
{
  "native_pdb": "/tmp/rna_inf__qz029z8/PZ26_SimRNA_4_solution_normalized.pdb",
  "native_index": null,
  "model_pdb": "/tmp/rna_inf_a771e6zy/PZ26_SimRNA_4_refined_normalized.pdb",
  "model_index": null,
  "rmsd": 29.17930351895017,
  "inf_all": 0.6874726222731293,
  "inf_wc": 0.7924288517503273,
  "inf_nwc": 0.0,
  "inf_stack": 0.6745377845553642
}
{
  "native_pdb": "/tmp/rna_inf_u06c5atj/PZ26_SimRNA_5_solution_normalized.pdb",
  "native_index": null,
  "model_pdb": "/tmp/rna_inf_3f03bfcr/PZ26_SimRNA_5_refined_normalized.pdb",
  "model_index": null,
  "rmsd": 18.219831736680284,
  "inf_all": 0.7773109762515704,
  "inf_wc": 0.9183673469387755,
  "inf_nwc": 0.0,
  "inf_stack": 0.7527316888338454
}
{
  "native_pdb": "/tmp/rna_inf_advmes1b/PZ26_TFN_1_solution_normalized.pdb",
  "native_index": null,
  "model_pdb": "/tmp/rna_inf_9kpvnqlk/PZ26_TFN_1_refined_normalized.pdb",
  "model_index": null,
  "rmsd": 15.796450554977136,
  "inf_all": 0.8170450295002507,
  "inf_wc": 0.989743318610787,
  "inf_nwc": 0.5270462766947299,
  "inf_stack": 0.7613717047158179
}
{
  "native_pdb": "/tmp/rna_inf_kkcr6o6l/PZ26_TFN_10_solution_normalized.pdb",
  "native_index": null,
  "model_pdb": "/tmp/rna_inf_ymwoxbq0/PZ26_TFN_10_refined_normalized.pdb",
  "model_index": null,
  "rmsd": 19.979046540457354,
  "inf_all": 0.8197753604518802,
  "inf_wc": 0.9585413727004499,
  "inf_nwc": 0.5892556509887896,
  "inf_stack": 0.7762235923598915
}
{
  "native_pdb": "/tmp/rna_inf_t1zu8moo/PZ26_TFN_2_solution_normalized.pdb",
  "native_index": null,
  "model_pdb": "/tmp/rna_inf_vzjh05ea/PZ26_TFN_2_refined_normalized.pdb",
  "model_index": null,
  "rmsd": 17.744025695283185,
  "inf_all": 0.8309943925237004,
  "inf_wc": 0.9691236661397289,
  "inf_nwc": 0.6804138174397717,
  "inf_stack": 0.7796811755854505
}
{
  "native_pdb": "/tmp/rna_inf_4uswsa7d/PZ26_TFN_3_solution_normalized.pdb",
  "native_index": null,
  "model_pdb": "/tmp/rna_inf_k2ioq7n3/PZ26_TFN_3_refined_normalized.pdb",
  "model_index": null,
  "rmsd": 12.476254865797733,
  "inf_all": 0.8448066691679681,
  "inf_wc": 0.989743318610787,
  "inf_nwc": 0.5555555555555556,
  "inf_stack": 0.8027650127579437
}
{
  "native_pdb": "/tmp/rna_inf_iip4jyyu/PZ26_TFN_4_solution_normalized.pdb",
  "native_index": null,
  "model_pdb": "/tmp/rna_inf_t26gudb8/PZ26_TFN_4_refined_normalized.pdb",
  "model_index": null,
  "rmsd": 17.294135895807305,
  "inf_all": 0.8398232137200248,
  "inf_wc": 0.989743318610787,
  "inf_nwc": 0.5270462766947299,
  "inf_stack": 0.797690043468263
}
{
  "native_pdb": "/tmp/rna_inf_iojqyusy/PZ26_TFN_5_solution_normalized.pdb",
  "native_index": null,
  "model_pdb": "/tmp/rna_inf_045xfiia/PZ26_TFN_5_refined_normalized.pdb",
  "model_index": null,
  "rmsd": 22.84355835054953,
  "inf_all": 0.8461376739735587,
  "inf_wc": 0.9691236661397289,
  "inf_nwc": 0.5892556509887896,
  "inf_stack": 0.810096352257829
}
{
  "native_pdb": "/tmp/rna_inf_jtv64aiu/PZ26_TFN_6_solution_normalized.pdb",
  "native_index": null,
  "model_pdb": "/tmp/rna_inf_47xsolj4/PZ26_TFN_6_refined_normalized.pdb",
  "model_index": null,
  "rmsd": 17.11335244252634,
  "inf_all": 0.8335087534664907,
  "inf_wc": 0.9793792286287205,
  "inf_nwc": 0.5555555555555556,
  "inf_stack": 0.7903379046417844
}
{
  "native_pdb": "/tmp/rna_inf_9swqiob1/PZ26_TFN_7_solution_normalized.pdb",
  "native_index": null,
  "model_pdb": "/tmp/rna_inf_lvg_2_my/PZ26_TFN_7_refined_normalized.pdb",
  "model_index": null,
  "rmsd": 12.747063082713902,
  "inf_all": 0.8246989804591269,
  "inf_wc": 0.9691236661397289,
  "inf_nwc": 0.629940788348712,
  "inf_stack": 0.7733955610716774
}
{
  "native_pdb": "/tmp/rna_inf_mi0ycgxi/PZ26_TFN_8_solution_normalized.pdb",
  "native_index": null,
  "model_pdb": "/tmp/rna_inf_71k0sp_x/PZ26_TFN_8_refined_normalized.pdb",
  "model_index": null,
  "rmsd": 14.69739463154596,
  "inf_all": 0.8170450295002507,
  "inf_wc": 0.9691236661397289,
  "inf_nwc": 0.5892556509887896,
  "inf_stack": 0.7642138788584475
}
{
  "native_pdb": "/tmp/rna_inf__h14gfvw/PZ26_TFN_9_solution_normalized.pdb",
  "native_index": null,
  "model_pdb": "/tmp/rna_inf_1a_8wivp/PZ26_TFN_9_refined_normalized.pdb",
  "model_index": null,
  "rmsd": 18.100392397501345,
  "inf_all": 0.8285026496055422,
  "inf_wc": 0.9691236661397289,
  "inf_nwc": 0.629940788348712,
  "inf_stack": 0.7796811755854505
}
{
  "native_pdb": "/tmp/rna_inf_hxir1r6h/PZ26_Xiao_1_solution_normalized.pdb",
  "native_index": null,
  "model_pdb": "/tmp/rna_inf_fs16e03x/PZ26_Xiao_1_refined_normalized.pdb",
  "model_index": null,
  "rmsd": 29.54616930711921,
  "inf_all": 0.5594896472800314,
  "inf_wc": 0.5939441718716427,
  "inf_nwc": 0.0,
  "inf_stack": 0.5773872681495272
}
{
  "native_pdb": "/tmp/rna_inf_ko8z6lqz/PZ26_Xiao_2_solution_normalized.pdb",
  "native_index": null,
  "model_pdb": "/tmp/rna_inf_mnvv8kub/PZ26_Xiao_2_refined_normalized.pdb",
  "model_index": null,
  "rmsd": 28.089213460546535,
  "inf_all": 0.5213827272083664,
  "inf_wc": 0.42931483143468957,
  "inf_nwc": 0.0,
  "inf_stack": 0.5937293211302823
}
{
  "native_pdb": "/tmp/rna_inf_1x3ib8lu/PZ26_Xiao_3_solution_normalized.pdb",
  "native_index": null,
  "model_pdb": "/tmp/rna_inf_7erolm6u/PZ26_Xiao_3_refined_normalized.pdb",
  "model_index": null,
  "rmsd": 20.591946021980974,
  "inf_all": 0.5265724662943427,
  "inf_wc": 0.4361843049221676,
  "inf_nwc": 0.0,
  "inf_stack": 0.6081898057466398
}
{
  "native_pdb": "/tmp/rna_inf_24ov9fvh/PZ26_Xiao_4_solution_normalized.pdb",
  "native_index": null,
  "model_pdb": "/tmp/rna_inf_rr75b6ef/PZ26_Xiao_4_refined_normalized.pdb",
  "model_index": null,
  "rmsd": 29.83780575155181,
  "inf_all": 0.5309064691552228,
  "inf_wc": 0.4361843049221676,
  "inf_nwc": 0.0,
  "inf_stack": 0.6081898057466398
}
{
  "native_pdb": "/tmp/rna_inf_obv8jpak/PZ26_Xiao_5_solution_normalized.pdb",
  "native_index": null,
  "model_pdb": "/tmp/rna_inf_87ravzze/PZ26_Xiao_5_refined_normalized.pdb",
  "model_index": null,
  "rmsd": 22.617473448797988,
  "inf_all": 0.5309064691552228,
  "inf_wc": 0.4361843049221676,
  "inf_nwc": 0.0,
  "inf_stack": 0.6081898057466398
}
