2026-03-10 00:33:14 	 START case: PZ27tRNA
2026-03-10 00:33:14 	 caseDir: D:\Studia\Projekty\gsp-lab\data\finished\PZ27tRNA
2026-03-10 00:33:14 	 pdbDir: D:\Studia\Projekty\gsp-lab\data\finished\PZ27tRNA\pdb
2026-03-10 00:33:14 	 Found pdb count: 135
2026-03-10 00:33:14 	 Global solution: PZ27tRNA_solution_0.pdb
2026-03-10 00:33:14 	 RUN refined_pair target=PZ27tRNA_Adamiak_1_solution.pdb model=PZ27tRNA_Adamiak_1_refined.pdb -> id=Adamiak_1
2026-03-10 00:33:14 	 Docker cmd: docker run --rm -v D:\Studia\Projekty\gsp-lab:/work -v D:\Studia\Projekty\RNA_assessment:/rna_assessment -e RNA_ASSESSMENT_ROOT=/rna_assessment -e PYTHONPATH=/rna_assessment mcannotate-runtime python3 /work/src/utils/INF.py /work/data/finished/PZ27tRNA/pdb/PZ27tRNA_Adamiak_1_solution.pdb /work/data/finished/PZ27tRNA/pdb/PZ27tRNA_Adamiak_1_refined.pdb
2026-03-10 00:33:17 	 Docker exit code: 0
2026-03-10 00:33:17 	 Docker output length: 375
2026-03-10 00:33:17 	 Saved CSV: PZ27tRNA,Adamiak_1,Adamiak,1,refined_pair,0.7805976659824845,0.9650585620411924,0.501280411827603,PZ27tRNA_Adamiak_1_solution.pdb,PZ27tRNA_Adamiak_1_refined.pdb
2026-03-10 00:33:17 	 RUN refined_pair target=PZ27tRNA_Adamiak_2_solution.pdb model=PZ27tRNA_Adamiak_2_refined.pdb -> id=Adamiak_2
2026-03-10 00:33:17 	 Docker cmd: docker run --rm -v D:\Studia\Projekty\gsp-lab:/work -v D:\Studia\Projekty\RNA_assessment:/rna_assessment -e RNA_ASSESSMENT_ROOT=/rna_assessment -e PYTHONPATH=/rna_assessment mcannotate-runtime python3 /work/src/utils/INF.py /work/data/finished/PZ27tRNA/pdb/PZ27tRNA_Adamiak_2_solution.pdb /work/data/finished/PZ27tRNA/pdb/PZ27tRNA_Adamiak_2_refined.pdb
2026-03-10 00:33:20 	 Docker exit code: 0
2026-03-10 00:33:20 	 Docker output length: 377
2026-03-10 00:33:20 	 Saved CSV: PZ27tRNA,Adamiak_2,Adamiak,2,refined_pair,0.7808767068696055,0.9650585620411924,0.5163977794943222,PZ27tRNA_Adamiak_2_solution.pdb,PZ27tRNA_Adamiak_2_refined.pdb
2026-03-10 00:33:20 	 RUN refined_pair target=PZ27tRNA_Bujnicki_1_solution.pdb model=PZ27tRNA_Bujnicki_1_refined.pdb -> id=Bujnicki_1
2026-03-10 00:33:20 	 Docker cmd: docker run --rm -v D:\Studia\Projekty\gsp-lab:/work -v D:\Studia\Projekty\RNA_assessment:/rna_assessment -e RNA_ASSESSMENT_ROOT=/rna_assessment -e PYTHONPATH=/rna_assessment mcannotate-runtime python3 /work/src/utils/INF.py /work/data/finished/PZ27tRNA/pdb/PZ27tRNA_Bujnicki_1_solution.pdb /work/data/finished/PZ27tRNA/pdb/PZ27tRNA_Bujnicki_1_refined.pdb
2026-03-10 00:33:23 	 Docker exit code: 0
2026-03-10 00:33:23 	 Docker output length: 379
2026-03-10 00:33:23 	 Saved CSV: PZ27tRNA,Bujnicki_1,Bujnicki,1,refined_pair,0.7131170915383855,0.7972222903818547,0.5728918992315463,PZ27tRNA_Bujnicki_1_solution.pdb,PZ27tRNA_Bujnicki_1_refined.pdb
2026-03-10 00:33:23 	 RUN refined_pair target=PZ27tRNA_Bujnicki_2_solution.pdb model=PZ27tRNA_Bujnicki_2_refined.pdb -> id=Bujnicki_2
2026-03-10 00:33:23 	 Docker cmd: docker run --rm -v D:\Studia\Projekty\gsp-lab:/work -v D:\Studia\Projekty\RNA_assessment:/rna_assessment -e RNA_ASSESSMENT_ROOT=/rna_assessment -e PYTHONPATH=/rna_assessment mcannotate-runtime python3 /work/src/utils/INF.py /work/data/finished/PZ27tRNA/pdb/PZ27tRNA_Bujnicki_2_solution.pdb /work/data/finished/PZ27tRNA/pdb/PZ27tRNA_Bujnicki_2_refined.pdb
2026-03-10 00:33:26 	 Docker exit code: 0
2026-03-10 00:33:26 	 Docker output length: 380
2026-03-10 00:33:26 	 Saved CSV: PZ27tRNA,Bujnicki_2,Bujnicki,2,refined_pair,0.7130851605973887,0.8062771972092695,0.5962847939999438,PZ27tRNA_Bujnicki_2_solution.pdb,PZ27tRNA_Bujnicki_2_refined.pdb
2026-03-10 00:33:27 	 RUN refined_pair target=PZ27tRNA_Bujnicki_3_solution.pdb model=PZ27tRNA_Bujnicki_3_refined.pdb -> id=Bujnicki_3
2026-03-10 00:33:27 	 Docker cmd: docker run --rm -v D:\Studia\Projekty\gsp-lab:/work -v D:\Studia\Projekty\RNA_assessment:/rna_assessment -e RNA_ASSESSMENT_ROOT=/rna_assessment -e PYTHONPATH=/rna_assessment mcannotate-runtime python3 /work/src/utils/INF.py /work/data/finished/PZ27tRNA/pdb/PZ27tRNA_Bujnicki_3_solution.pdb /work/data/finished/PZ27tRNA/pdb/PZ27tRNA_Bujnicki_3_refined.pdb
2026-03-10 00:33:31 	 Docker exit code: 0
2026-03-10 00:33:31 	 Docker output length: 380
2026-03-10 00:33:31 	 Saved CSV: PZ27tRNA,Bujnicki_3,Bujnicki,3,refined_pair,0.7065618047809736,0.7620634755325443,0.5962847939999438,PZ27tRNA_Bujnicki_3_solution.pdb,PZ27tRNA_Bujnicki_3_refined.pdb
2026-03-10 00:33:31 	 RUN refined_pair target=PZ27tRNA_Bujnicki_4_solution.pdb model=PZ27tRNA_Bujnicki_4_refined.pdb -> id=Bujnicki_4
2026-03-10 00:33:31 	 Docker cmd: docker run --rm -v D:\Studia\Projekty\gsp-lab:/work -v D:\Studia\Projekty\RNA_assessment:/rna_assessment -e RNA_ASSESSMENT_ROOT=/rna_assessment -e PYTHONPATH=/rna_assessment mcannotate-runtime python3 /work/src/utils/INF.py /work/data/finished/PZ27tRNA/pdb/PZ27tRNA_Bujnicki_4_solution.pdb /work/data/finished/PZ27tRNA/pdb/PZ27tRNA_Bujnicki_4_refined.pdb
2026-03-10 00:33:34 	 Docker exit code: 0
2026-03-10 00:33:34 	 Docker output length: 379
2026-03-10 00:33:34 	 Saved CSV: PZ27tRNA,Bujnicki_4,Bujnicki,4,refined_pair,0.7104293407163834,0.8062771972092695,0.5962847939999438,PZ27tRNA_Bujnicki_4_solution.pdb,PZ27tRNA_Bujnicki_4_refined.pdb
2026-03-10 00:33:34 	 RUN refined_pair target=PZ27tRNA_Bujnicki_5_solution.pdb model=PZ27tRNA_Bujnicki_5_refined.pdb -> id=Bujnicki_5
2026-03-10 00:33:34 	 Docker cmd: docker run --rm -v D:\Studia\Projekty\gsp-lab:/work -v D:\Studia\Projekty\RNA_assessment:/rna_assessment -e RNA_ASSESSMENT_ROOT=/rna_assessment -e PYTHONPATH=/rna_assessment mcannotate-runtime python3 /work/src/utils/INF.py /work/data/finished/PZ27tRNA/pdb/PZ27tRNA_Bujnicki_5_solution.pdb /work/data/finished/PZ27tRNA/pdb/PZ27tRNA_Bujnicki_5_refined.pdb
2026-03-10 00:33:37 	 Docker exit code: 0
2026-03-10 00:33:37 	 Docker output length: 379
2026-03-10 00:33:37 	 Saved CSV: PZ27tRNA,Bujnicki_5,Bujnicki,5,refined_pair,0.7117535344856182,0.7888106377466155,0.6227991553292184,PZ27tRNA_Bujnicki_5_solution.pdb,PZ27tRNA_Bujnicki_5_refined.pdb
2026-03-10 00:33:37 	 RUN refined_pair target=PZ27tRNA_Chen_1_solution.pdb model=PZ27tRNA_Chen_1_refined.pdb -> id=Chen_1
2026-03-10 00:33:37 	 Docker cmd: docker run --rm -v D:\Studia\Projekty\gsp-lab:/work -v D:\Studia\Projekty\RNA_assessment:/rna_assessment -e RNA_ASSESSMENT_ROOT=/rna_assessment -e PYTHONPATH=/rna_assessment mcannotate-runtime python3 /work/src/utils/INF.py /work/data/finished/PZ27tRNA/pdb/PZ27tRNA_Chen_1_solution.pdb /work/data/finished/PZ27tRNA/pdb/PZ27tRNA_Chen_1_refined.pdb
2026-03-10 00:33:40 	 Docker exit code: 0
2026-03-10 00:33:40 	 Docker output length: 372
2026-03-10 00:33:40 	 Saved CSV: PZ27tRNA,Chen_1,Chen,1,refined_pair,0.7449548884453167,0.9296696802013682,0.5163977794943222,PZ27tRNA_Chen_1_solution.pdb,PZ27tRNA_Chen_1_refined.pdb
2026-03-10 00:33:40 	 RUN refined_pair target=PZ27tRNA_Chen_10_solution.pdb model=PZ27tRNA_Chen_10_refined.pdb -> id=Chen_10
2026-03-10 00:33:40 	 Docker cmd: docker run --rm -v D:\Studia\Projekty\gsp-lab:/work -v D:\Studia\Projekty\RNA_assessment:/rna_assessment -e RNA_ASSESSMENT_ROOT=/rna_assessment -e PYTHONPATH=/rna_assessment mcannotate-runtime python3 /work/src/utils/INF.py /work/data/finished/PZ27tRNA/pdb/PZ27tRNA_Chen_10_solution.pdb /work/data/finished/PZ27tRNA/pdb/PZ27tRNA_Chen_10_refined.pdb
2026-03-10 00:33:44 	 Docker exit code: 0
2026-03-10 00:33:44 	 Docker output length: 359
2026-03-10 00:33:44 	 Saved CSV: PZ27tRNA,Chen_10,Chen,10,refined_pair,0.8100949735301471,0.9661876207644758,0.6,PZ27tRNA_Chen_10_solution.pdb,PZ27tRNA_Chen_10_refined.pdb
2026-03-10 00:33:44 	 RUN refined_pair target=PZ27tRNA_Chen_2_solution.pdb model=PZ27tRNA_Chen_2_refined.pdb -> id=Chen_2
2026-03-10 00:33:44 	 Docker cmd: docker run --rm -v D:\Studia\Projekty\gsp-lab:/work -v D:\Studia\Projekty\RNA_assessment:/rna_assessment -e RNA_ASSESSMENT_ROOT=/rna_assessment -e PYTHONPATH=/rna_assessment mcannotate-runtime python3 /work/src/utils/INF.py /work/data/finished/PZ27tRNA/pdb/PZ27tRNA_Chen_2_solution.pdb /work/data/finished/PZ27tRNA/pdb/PZ27tRNA_Chen_2_refined.pdb
2026-03-10 00:33:47 	 Docker exit code: 0
2026-03-10 00:33:47 	 Docker output length: 357
2026-03-10 00:33:47 	 Saved CSV: PZ27tRNA,Chen_2,Chen,2,refined_pair,0.7814923602139573,0.9517467718927232,0.6,PZ27tRNA_Chen_2_solution.pdb,PZ27tRNA_Chen_2_refined.pdb
2026-03-10 00:33:47 	 RUN refined_pair target=PZ27tRNA_Chen_3_solution.pdb model=PZ27tRNA_Chen_3_refined.pdb -> id=Chen_3
2026-03-10 00:33:47 	 Docker cmd: docker run --rm -v D:\Studia\Projekty\gsp-lab:/work -v D:\Studia\Projekty\RNA_assessment:/rna_assessment -e RNA_ASSESSMENT_ROOT=/rna_assessment -e PYTHONPATH=/rna_assessment mcannotate-runtime python3 /work/src/utils/INF.py /work/data/finished/PZ27tRNA/pdb/PZ27tRNA_Chen_3_solution.pdb /work/data/finished/PZ27tRNA/pdb/PZ27tRNA_Chen_3_refined.pdb
2026-03-10 00:33:50 	 Docker exit code: 0
2026-03-10 00:33:50 	 Docker output length: 371
2026-03-10 00:33:50 	 Saved CSV: PZ27tRNA,Chen_3,Chen,3,refined_pair,0.7659421150521517,0.9444444444444444,0.5636018619766345,PZ27tRNA_Chen_3_solution.pdb,PZ27tRNA_Chen_3_refined.pdb
2026-03-10 00:33:50 	 RUN refined_pair target=PZ27tRNA_Chen_4_solution.pdb model=PZ27tRNA_Chen_4_refined.pdb -> id=Chen_4
2026-03-10 00:33:50 	 Docker cmd: docker run --rm -v D:\Studia\Projekty\gsp-lab:/work -v D:\Studia\Projekty\RNA_assessment:/rna_assessment -e RNA_ASSESSMENT_ROOT=/rna_assessment -e PYTHONPATH=/rna_assessment mcannotate-runtime python3 /work/src/utils/INF.py /work/data/finished/PZ27tRNA/pdb/PZ27tRNA_Chen_4_solution.pdb /work/data/finished/PZ27tRNA/pdb/PZ27tRNA_Chen_4_refined.pdb
2026-03-10 00:33:54 	 Docker exit code: 0
2026-03-10 00:33:54 	 Docker output length: 357
2026-03-10 00:33:54 	 Saved CSV: PZ27tRNA,Chen_4,Chen,4,refined_pair,0.7889940153387539,0.9589940926145842,0.6,PZ27tRNA_Chen_4_solution.pdb,PZ27tRNA_Chen_4_refined.pdb
2026-03-10 00:33:54 	 RUN refined_pair target=PZ27tRNA_Chen_5_solution.pdb model=PZ27tRNA_Chen_5_refined.pdb -> id=Chen_5
2026-03-10 00:33:54 	 Docker cmd: docker run --rm -v D:\Studia\Projekty\gsp-lab:/work -v D:\Studia\Projekty\RNA_assessment:/rna_assessment -e RNA_ASSESSMENT_ROOT=/rna_assessment -e PYTHONPATH=/rna_assessment mcannotate-runtime python3 /work/src/utils/INF.py /work/data/finished/PZ27tRNA/pdb/PZ27tRNA_Chen_5_solution.pdb /work/data/finished/PZ27tRNA/pdb/PZ27tRNA_Chen_5_refined.pdb
2026-03-10 00:33:57 	 Docker exit code: 0
2026-03-10 00:33:57 	 Docker output length: 372
2026-03-10 00:33:57 	 Saved CSV: PZ27tRNA,Chen_5,Chen,5,refined_pair,0.7739314046910322,0.9296696802013682,0.5809475019311126,PZ27tRNA_Chen_5_solution.pdb,PZ27tRNA_Chen_5_refined.pdb
2026-03-10 00:33:57 	 RUN refined_pair target=PZ27tRNA_Chen_6_solution.pdb model=PZ27tRNA_Chen_6_refined.pdb -> id=Chen_6
2026-03-10 00:33:57 	 Docker cmd: docker run --rm -v D:\Studia\Projekty\gsp-lab:/work -v D:\Studia\Projekty\RNA_assessment:/rna_assessment -e RNA_ASSESSMENT_ROOT=/rna_assessment -e PYTHONPATH=/rna_assessment mcannotate-runtime python3 /work/src/utils/INF.py /work/data/finished/PZ27tRNA/pdb/PZ27tRNA_Chen_6_solution.pdb /work/data/finished/PZ27tRNA/pdb/PZ27tRNA_Chen_6_refined.pdb
2026-03-10 00:34:01 	 Docker exit code: 0
2026-03-10 00:34:01 	 Docker output length: 370
2026-03-10 00:34:01 	 Saved CSV: PZ27tRNA,Chen_6,Chen,6,refined_pair,0.7937613914571299,0.951072206069581,0.5809475019311126,PZ27tRNA_Chen_6_solution.pdb,PZ27tRNA_Chen_6_refined.pdb
2026-03-10 00:34:01 	 RUN refined_pair target=PZ27tRNA_Chen_7_solution.pdb model=PZ27tRNA_Chen_7_refined.pdb -> id=Chen_7
2026-03-10 00:34:01 	 Docker cmd: docker run --rm -v D:\Studia\Projekty\gsp-lab:/work -v D:\Studia\Projekty\RNA_assessment:/rna_assessment -e RNA_ASSESSMENT_ROOT=/rna_assessment -e PYTHONPATH=/rna_assessment mcannotate-runtime python3 /work/src/utils/INF.py /work/data/finished/PZ27tRNA/pdb/PZ27tRNA_Chen_7_solution.pdb /work/data/finished/PZ27tRNA/pdb/PZ27tRNA_Chen_7_refined.pdb
2026-03-10 00:34:04 	 Docker exit code: 0
2026-03-10 00:34:04 	 Docker output length: 372
2026-03-10 00:34:04 	 Saved CSV: PZ27tRNA,Chen_7,Chen,7,refined_pair,0.7908163473153064,0.9589940926145842,0.6210590034081188,PZ27tRNA_Chen_7_solution.pdb,PZ27tRNA_Chen_7_refined.pdb
2026-03-10 00:34:04 	 RUN refined_pair target=PZ27tRNA_Chen_8_solution.pdb model=PZ27tRNA_Chen_8_refined.pdb -> id=Chen_8
2026-03-10 00:34:04 	 Docker cmd: docker run --rm -v D:\Studia\Projekty\gsp-lab:/work -v D:\Studia\Projekty\RNA_assessment:/rna_assessment -e RNA_ASSESSMENT_ROOT=/rna_assessment -e PYTHONPATH=/rna_assessment mcannotate-runtime python3 /work/src/utils/INF.py /work/data/finished/PZ27tRNA/pdb/PZ27tRNA_Chen_8_solution.pdb /work/data/finished/PZ27tRNA/pdb/PZ27tRNA_Chen_8_refined.pdb
2026-03-10 00:34:07 	 Docker exit code: 0
2026-03-10 00:34:07 	 Docker output length: 371
2026-03-10 00:34:07 	 Saved CSV: PZ27tRNA,Chen_8,Chen,8,refined_pair,0.7982394288704936,0.9525793444156804,0.6210590034081188,PZ27tRNA_Chen_8_solution.pdb,PZ27tRNA_Chen_8_refined.pdb
2026-03-10 00:34:07 	 RUN refined_pair target=PZ27tRNA_Chen_9_solution.pdb model=PZ27tRNA_Chen_9_refined.pdb -> id=Chen_9
2026-03-10 00:34:07 	 Docker cmd: docker run --rm -v D:\Studia\Projekty\gsp-lab:/work -v D:\Studia\Projekty\RNA_assessment:/rna_assessment -e RNA_ASSESSMENT_ROOT=/rna_assessment -e PYTHONPATH=/rna_assessment mcannotate-runtime python3 /work/src/utils/INF.py /work/data/finished/PZ27tRNA/pdb/PZ27tRNA_Chen_9_solution.pdb /work/data/finished/PZ27tRNA/pdb/PZ27tRNA_Chen_9_refined.pdb
2026-03-10 00:34:10 	 Docker exit code: 0
2026-03-10 00:34:10 	 Docker output length: 372
2026-03-10 00:34:10 	 Saved CSV: PZ27tRNA,Chen_9,Chen,9,refined_pair,0.8136201946751876,0.9726940082233639,0.5636018619766345,PZ27tRNA_Chen_9_solution.pdb,PZ27tRNA_Chen_9_refined.pdb
2026-03-10 00:34:10 	 RUN refined_pair target=PZ27tRNA_Das_1_solution.pdb model=PZ27tRNA_Das_1_refined.pdb -> id=Das_1
2026-03-10 00:34:10 	 Docker cmd: docker run --rm -v D:\Studia\Projekty\gsp-lab:/work -v D:\Studia\Projekty\RNA_assessment:/rna_assessment -e RNA_ASSESSMENT_ROOT=/rna_assessment -e PYTHONPATH=/rna_assessment mcannotate-runtime python3 /work/src/utils/INF.py /work/data/finished/PZ27tRNA/pdb/PZ27tRNA_Das_1_solution.pdb /work/data/finished/PZ27tRNA/pdb/PZ27tRNA_Das_1_refined.pdb
2026-03-10 00:34:13 	 Docker exit code: 0
2026-03-10 00:34:13 	 Docker output length: 370
2026-03-10 00:34:13 	 Saved CSV: PZ27tRNA,Das_1,Das,1,refined_pair,0.8013683817652019,0.9223309842157773,0.6900655593423543,PZ27tRNA_Das_1_solution.pdb,PZ27tRNA_Das_1_refined.pdb
2026-03-10 00:34:13 	 RUN refined_pair target=PZ27tRNA_Das_10_solution.pdb model=PZ27tRNA_Das_10_refined.pdb -> id=Das_10
2026-03-10 00:34:13 	 Docker cmd: docker run --rm -v D:\Studia\Projekty\gsp-lab:/work -v D:\Studia\Projekty\RNA_assessment:/rna_assessment -e RNA_ASSESSMENT_ROOT=/rna_assessment -e PYTHONPATH=/rna_assessment mcannotate-runtime python3 /work/src/utils/INF.py /work/data/finished/PZ27tRNA/pdb/PZ27tRNA_Das_10_solution.pdb /work/data/finished/PZ27tRNA/pdb/PZ27tRNA_Das_10_refined.pdb
2026-03-10 00:34:16 	 Docker exit code: 0
2026-03-10 00:34:16 	 Docker output length: 370
2026-03-10 00:34:16 	 Saved CSV: PZ27tRNA,Das_10,Das,10,refined_pair,0.7964376238426417,0.9340808971963416,0.6262242910851494,PZ27tRNA_Das_10_solution.pdb,PZ27tRNA_Das_10_refined.pdb
2026-03-10 00:34:16 	 RUN refined_pair target=PZ27tRNA_Das_2_solution.pdb model=PZ27tRNA_Das_2_refined.pdb -> id=Das_2
2026-03-10 00:34:16 	 Docker cmd: docker run --rm -v D:\Studia\Projekty\gsp-lab:/work -v D:\Studia\Projekty\RNA_assessment:/rna_assessment -e RNA_ASSESSMENT_ROOT=/rna_assessment -e PYTHONPATH=/rna_assessment mcannotate-runtime python3 /work/src/utils/INF.py /work/data/finished/PZ27tRNA/pdb/PZ27tRNA_Das_2_solution.pdb /work/data/finished/PZ27tRNA/pdb/PZ27tRNA_Das_2_refined.pdb
2026-03-10 00:34:19 	 Docker exit code: 0
2026-03-10 00:34:19 	 Docker output length: 370
2026-03-10 00:34:19 	 Saved CSV: PZ27tRNA,Das_2,Das,2,refined_pair,0.8009789931250891,0.9525793444156804,0.5923488777590924,PZ27tRNA_Das_2_solution.pdb,PZ27tRNA_Das_2_refined.pdb
2026-03-10 00:34:19 	 RUN refined_pair target=PZ27tRNA_Das_3_solution.pdb model=PZ27tRNA_Das_3_refined.pdb -> id=Das_3
2026-03-10 00:34:19 	 Docker cmd: docker run --rm -v D:\Studia\Projekty\gsp-lab:/work -v D:\Studia\Projekty\RNA_assessment:/rna_assessment -e RNA_ASSESSMENT_ROOT=/rna_assessment -e PYTHONPATH=/rna_assessment mcannotate-runtime python3 /work/src/utils/INF.py /work/data/finished/PZ27tRNA/pdb/PZ27tRNA_Das_3_solution.pdb /work/data/finished/PZ27tRNA/pdb/PZ27tRNA_Das_3_refined.pdb
2026-03-10 00:34:23 	 Docker exit code: 0
2026-03-10 00:34:23 	 Docker output length: 370
2026-03-10 00:34:23 	 Saved CSV: PZ27tRNA,Das_3,Das,3,refined_pair,0.8003417298418702,0.9340808971963416,0.6666666666666666,PZ27tRNA_Das_3_solution.pdb,PZ27tRNA_Das_3_refined.pdb
2026-03-10 00:34:23 	 RUN refined_pair target=PZ27tRNA_Das_4_solution.pdb model=PZ27tRNA_Das_4_refined.pdb -> id=Das_4
2026-03-10 00:34:23 	 Docker cmd: docker run --rm -v D:\Studia\Projekty\gsp-lab:/work -v D:\Studia\Projekty\RNA_assessment:/rna_assessment -e RNA_ASSESSMENT_ROOT=/rna_assessment -e PYTHONPATH=/rna_assessment mcannotate-runtime python3 /work/src/utils/INF.py /work/data/finished/PZ27tRNA/pdb/PZ27tRNA_Das_4_solution.pdb /work/data/finished/PZ27tRNA/pdb/PZ27tRNA_Das_4_refined.pdb
2026-03-10 00:34:26 	 Docker exit code: 0
2026-03-10 00:34:26 	 Docker output length: 369
2026-03-10 00:34:26 	 Saved CSV: PZ27tRNA,Das_4,Das,4,refined_pair,0.805258519540761,0.9462916232627814,0.6454972243679028,PZ27tRNA_Das_4_solution.pdb,PZ27tRNA_Das_4_refined.pdb
2026-03-10 00:34:26 	 RUN refined_pair target=PZ27tRNA_Das_5_solution.pdb model=PZ27tRNA_Das_5_refined.pdb -> id=Das_5
2026-03-10 00:34:26 	 Docker cmd: docker run --rm -v D:\Studia\Projekty\gsp-lab:/work -v D:\Studia\Projekty\RNA_assessment:/rna_assessment -e RNA_ASSESSMENT_ROOT=/rna_assessment -e PYTHONPATH=/rna_assessment mcannotate-runtime python3 /work/src/utils/INF.py /work/data/finished/PZ27tRNA/pdb/PZ27tRNA_Das_5_solution.pdb /work/data/finished/PZ27tRNA/pdb/PZ27tRNA_Das_5_refined.pdb
2026-03-10 00:34:30 	 Docker exit code: 0
2026-03-10 00:34:30 	 Docker output length: 370
2026-03-10 00:34:30 	 Saved CSV: PZ27tRNA,Das_5,Das,5,refined_pair,0.8028032412521738,0.9589940926145842,0.6666666666666666,PZ27tRNA_Das_5_solution.pdb,PZ27tRNA_Das_5_refined.pdb
2026-03-10 00:34:30 	 RUN refined_pair target=PZ27tRNA_Das_6_solution.pdb model=PZ27tRNA_Das_6_refined.pdb -> id=Das_6
2026-03-10 00:34:30 	 Docker cmd: docker run --rm -v D:\Studia\Projekty\gsp-lab:/work -v D:\Studia\Projekty\RNA_assessment:/rna_assessment -e RNA_ASSESSMENT_ROOT=/rna_assessment -e PYTHONPATH=/rna_assessment mcannotate-runtime python3 /work/src/utils/INF.py /work/data/finished/PZ27tRNA/pdb/PZ27tRNA_Das_6_solution.pdb /work/data/finished/PZ27tRNA/pdb/PZ27tRNA_Das_6_refined.pdb
2026-03-10 00:34:33 	 Docker exit code: 0
2026-03-10 00:34:33 	 Docker output length: 370
2026-03-10 00:34:33 	 Saved CSV: PZ27tRNA,Das_6,Das,6,refined_pair,0.8013683817652019,0.9462916232627814,0.6900655593423543,PZ27tRNA_Das_6_solution.pdb,PZ27tRNA_Das_6_refined.pdb
2026-03-10 00:34:33 	 RUN refined_pair target=PZ27tRNA_Das_7_solution.pdb model=PZ27tRNA_Das_7_refined.pdb -> id=Das_7
2026-03-10 00:34:33 	 Docker cmd: docker run --rm -v D:\Studia\Projekty\gsp-lab:/work -v D:\Studia\Projekty\RNA_assessment:/rna_assessment -e RNA_ASSESSMENT_ROOT=/rna_assessment -e PYTHONPATH=/rna_assessment mcannotate-runtime python3 /work/src/utils/INF.py /work/data/finished/PZ27tRNA/pdb/PZ27tRNA_Das_7_solution.pdb /work/data/finished/PZ27tRNA/pdb/PZ27tRNA_Das_7_refined.pdb
2026-03-10 00:34:36 	 Docker exit code: 0
2026-03-10 00:34:36 	 Docker output length: 370
2026-03-10 00:34:36 	 Saved CSV: PZ27tRNA,Das_7,Das,7,refined_pair,0.7995675753005185,0.9462916232627814,0.6085806194501846,PZ27tRNA_Das_7_solution.pdb,PZ27tRNA_Das_7_refined.pdb
2026-03-10 00:34:36 	 RUN refined_pair target=PZ27tRNA_Das_8_solution.pdb model=PZ27tRNA_Das_8_refined.pdb -> id=Das_8
2026-03-10 00:34:36 	 Docker cmd: docker run --rm -v D:\Studia\Projekty\gsp-lab:/work -v D:\Studia\Projekty\RNA_assessment:/rna_assessment -e RNA_ASSESSMENT_ROOT=/rna_assessment -e PYTHONPATH=/rna_assessment mcannotate-runtime python3 /work/src/utils/INF.py /work/data/finished/PZ27tRNA/pdb/PZ27tRNA_Das_8_solution.pdb /work/data/finished/PZ27tRNA/pdb/PZ27tRNA_Das_8_refined.pdb
2026-03-10 00:34:39 	 Docker exit code: 0
2026-03-10 00:34:39 	 Docker output length: 370
2026-03-10 00:34:39 	 Saved CSV: PZ27tRNA,Das_8,Das,8,refined_pair,0.7989061381392993,0.9340808971963416,0.6666666666666666,PZ27tRNA_Das_8_solution.pdb,PZ27tRNA_Das_8_refined.pdb
2026-03-10 00:34:39 	 RUN refined_pair target=PZ27tRNA_Das_9_solution.pdb model=PZ27tRNA_Das_9_refined.pdb -> id=Das_9
2026-03-10 00:34:39 	 Docker cmd: docker run --rm -v D:\Studia\Projekty\gsp-lab:/work -v D:\Studia\Projekty\RNA_assessment:/rna_assessment -e RNA_ASSESSMENT_ROOT=/rna_assessment -e PYTHONPATH=/rna_assessment mcannotate-runtime python3 /work/src/utils/INF.py /work/data/finished/PZ27tRNA/pdb/PZ27tRNA_Das_9_solution.pdb /work/data/finished/PZ27tRNA/pdb/PZ27tRNA_Das_9_refined.pdb
2026-03-10 00:34:42 	 Docker exit code: 0
2026-03-10 00:34:42 	 Docker output length: 370
2026-03-10 00:34:42 	 Saved CSV: PZ27tRNA,Das_9,Das,9,refined_pair,0.8028032412521738,0.9401267913629436,0.6666666666666666,PZ27tRNA_Das_9_solution.pdb,PZ27tRNA_Das_9_refined.pdb
2026-03-10 00:34:42 	 RUN refined_pair target=PZ27tRNA_FARFAR2_1_solution.pdb model=PZ27tRNA_FARFAR2_1_refined.pdb -> id=FARFAR2_1
2026-03-10 00:34:42 	 Docker cmd: docker run --rm -v D:\Studia\Projekty\gsp-lab:/work -v D:\Studia\Projekty\RNA_assessment:/rna_assessment -e RNA_ASSESSMENT_ROOT=/rna_assessment -e PYTHONPATH=/rna_assessment mcannotate-runtime python3 /work/src/utils/INF.py /work/data/finished/PZ27tRNA/pdb/PZ27tRNA_FARFAR2_1_solution.pdb /work/data/finished/PZ27tRNA/pdb/PZ27tRNA_FARFAR2_1_refined.pdb
2026-03-10 00:34:45 	 Docker exit code: 0
2026-03-10 00:34:45 	 Docker output length: 378
2026-03-10 00:34:45 	 Saved CSV: PZ27tRNA,FARFAR2_1,FARFAR2,1,refined_pair,0.7989061381392993,0.9340808971963416,0.6666666666666666,PZ27tRNA_FARFAR2_1_solution.pdb,PZ27tRNA_FARFAR2_1_refined.pdb
2026-03-10 00:34:45 	 RUN refined_pair target=PZ27tRNA_FARFAR2_10_solution.pdb model=PZ27tRNA_FARFAR2_10_refined.pdb -> id=FARFAR2_10
2026-03-10 00:34:45 	 Docker cmd: docker run --rm -v D:\Studia\Projekty\gsp-lab:/work -v D:\Studia\Projekty\RNA_assessment:/rna_assessment -e RNA_ASSESSMENT_ROOT=/rna_assessment -e PYTHONPATH=/rna_assessment mcannotate-runtime python3 /work/src/utils/INF.py /work/data/finished/PZ27tRNA/pdb/PZ27tRNA_FARFAR2_10_solution.pdb /work/data/finished/PZ27tRNA/pdb/PZ27tRNA_FARFAR2_10_refined.pdb
2026-03-10 00:34:48 	 Docker exit code: 0
2026-03-10 00:34:48 	 Docker output length: 379
2026-03-10 00:34:48 	 Saved CSV: PZ27tRNA,FARFAR2_10,FARFAR2,10,refined_pair,0.8046953887783311,0.9401267913629436,0.7161148740394329,PZ27tRNA_FARFAR2_10_solution.pdb,PZ27tRNA_FARFAR2_10_refined.pdb
2026-03-10 00:34:48 	 RUN refined_pair target=PZ27tRNA_FARFAR2_2_solution.pdb model=PZ27tRNA_FARFAR2_2_refined.pdb -> id=FARFAR2_2
2026-03-10 00:34:48 	 Docker cmd: docker run --rm -v D:\Studia\Projekty\gsp-lab:/work -v D:\Studia\Projekty\RNA_assessment:/rna_assessment -e RNA_ASSESSMENT_ROOT=/rna_assessment -e PYTHONPATH=/rna_assessment mcannotate-runtime python3 /work/src/utils/INF.py /work/data/finished/PZ27tRNA/pdb/PZ27tRNA_FARFAR2_2_solution.pdb /work/data/finished/PZ27tRNA/pdb/PZ27tRNA_FARFAR2_2_refined.pdb
2026-03-10 00:34:51 	 Docker exit code: 0
2026-03-10 00:34:51 	 Docker output length: 378
2026-03-10 00:34:51 	 Saved CSV: PZ27tRNA,FARFAR2_2,FARFAR2,2,refined_pair,0.8009789931250891,0.9525793444156804,0.5923488777590924,PZ27tRNA_FARFAR2_2_solution.pdb,PZ27tRNA_FARFAR2_2_refined.pdb
2026-03-10 00:34:51 	 RUN refined_pair target=PZ27tRNA_FARFAR2_3_solution.pdb model=PZ27tRNA_FARFAR2_3_refined.pdb -> id=FARFAR2_3
2026-03-10 00:34:51 	 Docker cmd: docker run --rm -v D:\Studia\Projekty\gsp-lab:/work -v D:\Studia\Projekty\RNA_assessment:/rna_assessment -e RNA_ASSESSMENT_ROOT=/rna_assessment -e PYTHONPATH=/rna_assessment mcannotate-runtime python3 /work/src/utils/INF.py /work/data/finished/PZ27tRNA/pdb/PZ27tRNA_FARFAR2_3_solution.pdb /work/data/finished/PZ27tRNA/pdb/PZ27tRNA_FARFAR2_3_refined.pdb
2026-03-10 00:34:55 	 Docker exit code: 0
2026-03-10 00:34:55 	 Docker output length: 378
2026-03-10 00:34:55 	 Saved CSV: PZ27tRNA,FARFAR2_3,FARFAR2,3,refined_pair,0.8013683817652019,0.9223309842157773,0.6900655593423543,PZ27tRNA_FARFAR2_3_solution.pdb,PZ27tRNA_FARFAR2_3_refined.pdb
2026-03-10 00:34:55 	 RUN refined_pair target=PZ27tRNA_FARFAR2_4_solution.pdb model=PZ27tRNA_FARFAR2_4_refined.pdb -> id=FARFAR2_4
2026-03-10 00:34:55 	 Docker cmd: docker run --rm -v D:\Studia\Projekty\gsp-lab:/work -v D:\Studia\Projekty\RNA_assessment:/rna_assessment -e RNA_ASSESSMENT_ROOT=/rna_assessment -e PYTHONPATH=/rna_assessment mcannotate-runtime python3 /work/src/utils/INF.py /work/data/finished/PZ27tRNA/pdb/PZ27tRNA_FARFAR2_4_solution.pdb /work/data/finished/PZ27tRNA/pdb/PZ27tRNA_FARFAR2_4_refined.pdb
2026-03-10 00:34:58 	 Docker exit code: 0
2026-03-10 00:34:58 	 Docker output length: 378
2026-03-10 00:34:58 	 Saved CSV: PZ27tRNA,FARFAR2_4,FARFAR2,4,refined_pair,0.8003417298418702,0.9340808971963416,0.6666666666666666,PZ27tRNA_FARFAR2_4_solution.pdb,PZ27tRNA_FARFAR2_4_refined.pdb
2026-03-10 00:34:58 	 RUN refined_pair target=PZ27tRNA_FARFAR2_5_solution.pdb model=PZ27tRNA_FARFAR2_5_refined.pdb -> id=FARFAR2_5
2026-03-10 00:34:59 	 Docker cmd: docker run --rm -v D:\Studia\Projekty\gsp-lab:/work -v D:\Studia\Projekty\RNA_assessment:/rna_assessment -e RNA_ASSESSMENT_ROOT=/rna_assessment -e PYTHONPATH=/rna_assessment mcannotate-runtime python3 /work/src/utils/INF.py /work/data/finished/PZ27tRNA/pdb/PZ27tRNA_FARFAR2_5_solution.pdb /work/data/finished/PZ27tRNA/pdb/PZ27tRNA_FARFAR2_5_refined.pdb
2026-03-10 00:35:02 	 Docker exit code: 0
2026-03-10 00:35:02 	 Docker output length: 377
2026-03-10 00:35:02 	 Saved CSV: PZ27tRNA,FARFAR2_5,FARFAR2,5,refined_pair,0.805258519540761,0.9462916232627814,0.6454972243679028,PZ27tRNA_FARFAR2_5_solution.pdb,PZ27tRNA_FARFAR2_5_refined.pdb
2026-03-10 00:35:02 	 RUN refined_pair target=PZ27tRNA_FARFAR2_6_solution.pdb model=PZ27tRNA_FARFAR2_6_refined.pdb -> id=FARFAR2_6
2026-03-10 00:35:02 	 Docker cmd: docker run --rm -v D:\Studia\Projekty\gsp-lab:/work -v D:\Studia\Projekty\RNA_assessment:/rna_assessment -e RNA_ASSESSMENT_ROOT=/rna_assessment -e PYTHONPATH=/rna_assessment mcannotate-runtime python3 /work/src/utils/INF.py /work/data/finished/PZ27tRNA/pdb/PZ27tRNA_FARFAR2_6_solution.pdb /work/data/finished/PZ27tRNA/pdb/PZ27tRNA_FARFAR2_6_refined.pdb
2026-03-10 00:35:05 	 Docker exit code: 0
2026-03-10 00:35:05 	 Docker output length: 378
2026-03-10 00:35:05 	 Saved CSV: PZ27tRNA,FARFAR2_6,FARFAR2,6,refined_pair,0.7993180586474211,0.9525793444156804,0.6900655593423543,PZ27tRNA_FARFAR2_6_solution.pdb,PZ27tRNA_FARFAR2_6_refined.pdb
2026-03-10 00:35:05 	 RUN refined_pair target=PZ27tRNA_FARFAR2_7_solution.pdb model=PZ27tRNA_FARFAR2_7_refined.pdb -> id=FARFAR2_7
2026-03-10 00:35:05 	 Docker cmd: docker run --rm -v D:\Studia\Projekty\gsp-lab:/work -v D:\Studia\Projekty\RNA_assessment:/rna_assessment -e RNA_ASSESSMENT_ROOT=/rna_assessment -e PYTHONPATH=/rna_assessment mcannotate-runtime python3 /work/src/utils/INF.py /work/data/finished/PZ27tRNA/pdb/PZ27tRNA_FARFAR2_7_solution.pdb /work/data/finished/PZ27tRNA/pdb/PZ27tRNA_FARFAR2_7_refined.pdb
2026-03-10 00:35:08 	 Docker exit code: 0
2026-03-10 00:35:08 	 Docker output length: 378
2026-03-10 00:35:08 	 Saved CSV: PZ27tRNA,FARFAR2_7,FARFAR2,7,refined_pair,0.7995675753005185,0.9462916232627814,0.6085806194501846,PZ27tRNA_FARFAR2_7_solution.pdb,PZ27tRNA_FARFAR2_7_refined.pdb
2026-03-10 00:35:08 	 RUN refined_pair target=PZ27tRNA_FARFAR2_8_solution.pdb model=PZ27tRNA_FARFAR2_8_refined.pdb -> id=FARFAR2_8
2026-03-10 00:35:08 	 Docker cmd: docker run --rm -v D:\Studia\Projekty\gsp-lab:/work -v D:\Studia\Projekty\RNA_assessment:/rna_assessment -e RNA_ASSESSMENT_ROOT=/rna_assessment -e PYTHONPATH=/rna_assessment mcannotate-runtime python3 /work/src/utils/INF.py /work/data/finished/PZ27tRNA/pdb/PZ27tRNA_FARFAR2_8_solution.pdb /work/data/finished/PZ27tRNA/pdb/PZ27tRNA_FARFAR2_8_refined.pdb
2026-03-10 00:35:11 	 Docker exit code: 0
2026-03-10 00:35:11 	 Docker output length: 378
2026-03-10 00:35:11 	 Saved CSV: PZ27tRNA,FARFAR2_8,FARFAR2,8,refined_pair,0.8028032412521738,0.9589940926145842,0.6666666666666666,PZ27tRNA_FARFAR2_8_solution.pdb,PZ27tRNA_FARFAR2_8_refined.pdb
2026-03-10 00:35:11 	 RUN refined_pair target=PZ27tRNA_FARFAR2_9_solution.pdb model=PZ27tRNA_FARFAR2_9_refined.pdb -> id=FARFAR2_9
2026-03-10 00:35:11 	 Docker cmd: docker run --rm -v D:\Studia\Projekty\gsp-lab:/work -v D:\Studia\Projekty\RNA_assessment:/rna_assessment -e RNA_ASSESSMENT_ROOT=/rna_assessment -e PYTHONPATH=/rna_assessment mcannotate-runtime python3 /work/src/utils/INF.py /work/data/finished/PZ27tRNA/pdb/PZ27tRNA_FARFAR2_9_solution.pdb /work/data/finished/PZ27tRNA/pdb/PZ27tRNA_FARFAR2_9_refined.pdb
2026-03-10 00:35:14 	 Docker exit code: 0
2026-03-10 00:35:14 	 Docker output length: 378
2026-03-10 00:35:14 	 Saved CSV: PZ27tRNA,FARFAR2_9,FARFAR2,9,refined_pair,0.8013683817652019,0.9462916232627814,0.6900655593423543,PZ27tRNA_FARFAR2_9_solution.pdb,PZ27tRNA_FARFAR2_9_refined.pdb
2026-03-10 00:35:14 	 RUN refined_pair target=PZ27tRNA_iFoldRNA_1_solution.pdb model=PZ27tRNA_iFoldRNA_1_refined.pdb -> id=iFoldRNA_1
2026-03-10 00:35:14 	 Docker cmd: docker run --rm -v D:\Studia\Projekty\gsp-lab:/work -v D:\Studia\Projekty\RNA_assessment:/rna_assessment -e RNA_ASSESSMENT_ROOT=/rna_assessment -e PYTHONPATH=/rna_assessment mcannotate-runtime python3 /work/src/utils/INF.py /work/data/finished/PZ27tRNA/pdb/PZ27tRNA_iFoldRNA_1_solution.pdb /work/data/finished/PZ27tRNA/pdb/PZ27tRNA_iFoldRNA_1_refined.pdb
2026-03-10 00:35:17 	 Docker exit code: 0
2026-03-10 00:35:17 	 Docker output length: 363
2026-03-10 00:35:17 	 Saved CSV: PZ27tRNA,iFoldRNA_1,iFoldRNA,1,refined_pair,0.50768495088121,0.41147559989891175,0,PZ27tRNA_iFoldRNA_1_solution.pdb,PZ27tRNA_iFoldRNA_1_refined.pdb
2026-03-10 00:35:17 	 RUN refined_pair target=PZ27tRNA_iFoldRNA_2_solution.pdb model=PZ27tRNA_iFoldRNA_2_refined.pdb -> id=iFoldRNA_2
2026-03-10 00:35:17 	 Docker cmd: docker run --rm -v D:\Studia\Projekty\gsp-lab:/work -v D:\Studia\Projekty\RNA_assessment:/rna_assessment -e RNA_ASSESSMENT_ROOT=/rna_assessment -e PYTHONPATH=/rna_assessment mcannotate-runtime python3 /work/src/utils/INF.py /work/data/finished/PZ27tRNA/pdb/PZ27tRNA_iFoldRNA_2_solution.pdb /work/data/finished/PZ27tRNA/pdb/PZ27tRNA_iFoldRNA_2_refined.pdb
2026-03-10 00:35:20 	 Docker exit code: 0
2026-03-10 00:35:20 	 Docker output length: 363
2026-03-10 00:35:20 	 Saved CSV: PZ27tRNA,iFoldRNA_2,iFoldRNA,2,refined_pair,0.4731769307474221,0.43207928260904654,0,PZ27tRNA_iFoldRNA_2_solution.pdb,PZ27tRNA_iFoldRNA_2_refined.pdb
2026-03-10 00:35:20 	 RUN refined_pair target=PZ27tRNA_iFoldRNA_3_solution.pdb model=PZ27tRNA_iFoldRNA_3_refined.pdb -> id=iFoldRNA_3
2026-03-10 00:35:20 	 Docker cmd: docker run --rm -v D:\Studia\Projekty\gsp-lab:/work -v D:\Studia\Projekty\RNA_assessment:/rna_assessment -e RNA_ASSESSMENT_ROOT=/rna_assessment -e PYTHONPATH=/rna_assessment mcannotate-runtime python3 /work/src/utils/INF.py /work/data/finished/PZ27tRNA/pdb/PZ27tRNA_iFoldRNA_3_solution.pdb /work/data/finished/PZ27tRNA/pdb/PZ27tRNA_iFoldRNA_3_refined.pdb
2026-03-10 00:35:23 	 Docker exit code: 0
2026-03-10 00:35:23 	 Docker output length: 364
2026-03-10 00:35:23 	 Saved CSV: PZ27tRNA,iFoldRNA_3,iFoldRNA,3,refined_pair,0.4844384105989373,0.4473962434942994,0,PZ27tRNA_iFoldRNA_3_solution.pdb,PZ27tRNA_iFoldRNA_3_refined.pdb
2026-03-10 00:35:23 	 RUN refined_pair target=PZ27tRNA_iFoldRNA_4_solution.pdb model=PZ27tRNA_iFoldRNA_4_refined.pdb -> id=iFoldRNA_4
2026-03-10 00:35:23 	 Docker cmd: docker run --rm -v D:\Studia\Projekty\gsp-lab:/work -v D:\Studia\Projekty\RNA_assessment:/rna_assessment -e RNA_ASSESSMENT_ROOT=/rna_assessment -e PYTHONPATH=/rna_assessment mcannotate-runtime python3 /work/src/utils/INF.py /work/data/finished/PZ27tRNA/pdb/PZ27tRNA_iFoldRNA_4_solution.pdb /work/data/finished/PZ27tRNA/pdb/PZ27tRNA_iFoldRNA_4_refined.pdb
2026-03-10 00:35:26 	 Docker exit code: 0
2026-03-10 00:35:26 	 Docker output length: 365
2026-03-10 00:35:26 	 Saved CSV: PZ27tRNA,iFoldRNA_4,iFoldRNA,4,refined_pair,0.48674257662689296,0.4473962434942994,0,PZ27tRNA_iFoldRNA_4_solution.pdb,PZ27tRNA_iFoldRNA_4_refined.pdb
2026-03-10 00:35:26 	 RUN refined_pair target=PZ27tRNA_iFoldRNA_5_solution.pdb model=PZ27tRNA_iFoldRNA_5_refined.pdb -> id=iFoldRNA_5
2026-03-10 00:35:26 	 Docker cmd: docker run --rm -v D:\Studia\Projekty\gsp-lab:/work -v D:\Studia\Projekty\RNA_assessment:/rna_assessment -e RNA_ASSESSMENT_ROOT=/rna_assessment -e PYTHONPATH=/rna_assessment mcannotate-runtime python3 /work/src/utils/INF.py /work/data/finished/PZ27tRNA/pdb/PZ27tRNA_iFoldRNA_5_solution.pdb /work/data/finished/PZ27tRNA/pdb/PZ27tRNA_iFoldRNA_5_refined.pdb
2026-03-10 00:35:30 	 Docker exit code: 0
2026-03-10 00:35:30 	 Docker output length: 367
2026-03-10 00:35:30 	 Saved CSV: PZ27tRNA,iFoldRNA_5,iFoldRNA,5,refined_pair,0.49066791998678727,0.45550680550843436,0,PZ27tRNA_iFoldRNA_5_solution.pdb,PZ27tRNA_iFoldRNA_5_refined.pdb
2026-03-10 00:35:30 	 RUN refined_pair target=PZ27tRNA_RNAComposer_1_solution.pdb model=PZ27tRNA_RNAComposer_1_refined.pdb -> id=RNAComposer_1
2026-03-10 00:35:30 	 Docker cmd: docker run --rm -v D:\Studia\Projekty\gsp-lab:/work -v D:\Studia\Projekty\RNA_assessment:/rna_assessment -e RNA_ASSESSMENT_ROOT=/rna_assessment -e PYTHONPATH=/rna_assessment mcannotate-runtime python3 /work/src/utils/INF.py /work/data/finished/PZ27tRNA/pdb/PZ27tRNA_RNAComposer_1_solution.pdb /work/data/finished/PZ27tRNA/pdb/PZ27tRNA_RNAComposer_1_refined.pdb
2026-03-10 00:35:33 	 Docker exit code: 0
2026-03-10 00:35:33 	 Docker output length: 386
2026-03-10 00:35:33 	 Saved CSV: PZ27tRNA,RNAComposer_1,RNAComposer,1,refined_pair,0.7547584472298502,0.9452941770058044,0.4564354645876384,PZ27tRNA_RNAComposer_1_solution.pdb,PZ27tRNA_RNAComposer_1_refined.pdb
2026-03-10 00:35:33 	 RUN refined_pair target=PZ27tRNA_RNAComposer_2_solution.pdb model=PZ27tRNA_RNAComposer_2_refined.pdb -> id=RNAComposer_2
2026-03-10 00:35:33 	 Docker cmd: docker run --rm -v D:\Studia\Projekty\gsp-lab:/work -v D:\Studia\Projekty\RNA_assessment:/rna_assessment -e RNA_ASSESSMENT_ROOT=/rna_assessment -e PYTHONPATH=/rna_assessment mcannotate-runtime python3 /work/src/utils/INF.py /work/data/finished/PZ27tRNA/pdb/PZ27tRNA_RNAComposer_2_solution.pdb /work/data/finished/PZ27tRNA/pdb/PZ27tRNA_RNAComposer_2_refined.pdb
2026-03-10 00:35:36 	 Docker exit code: 0
2026-03-10 00:35:36 	 Docker output length: 384
2026-03-10 00:35:36 	 Saved CSV: PZ27tRNA,RNAComposer_2,RNAComposer,2,refined_pair,0.785052518136288,0.9583333333333334,0.5715476066494082,PZ27tRNA_RNAComposer_2_solution.pdb,PZ27tRNA_RNAComposer_2_refined.pdb
2026-03-10 00:35:36 	 RUN refined_pair target=PZ27tRNA_RNAComposer_3_solution.pdb model=PZ27tRNA_RNAComposer_3_refined.pdb -> id=RNAComposer_3
2026-03-10 00:35:36 	 Docker cmd: docker run --rm -v D:\Studia\Projekty\gsp-lab:/work -v D:\Studia\Projekty\RNA_assessment:/rna_assessment -e RNA_ASSESSMENT_ROOT=/rna_assessment -e PYTHONPATH=/rna_assessment mcannotate-runtime python3 /work/src/utils/INF.py /work/data/finished/PZ27tRNA/pdb/PZ27tRNA_RNAComposer_3_solution.pdb /work/data/finished/PZ27tRNA/pdb/PZ27tRNA_RNAComposer_3_refined.pdb
2026-03-10 00:35:40 	 Docker exit code: 0
2026-03-10 00:35:40 	 Docker output length: 386
2026-03-10 00:35:40 	 Saved CSV: PZ27tRNA,RNAComposer_3,RNAComposer,3,refined_pair,0.7510615380804445,0.9315942613970246,0.6024640760767093,PZ27tRNA_RNAComposer_3_solution.pdb,PZ27tRNA_RNAComposer_3_refined.pdb
2026-03-10 00:35:40 	 RUN refined_pair target=PZ27tRNA_RNAComposer_4_solution.pdb model=PZ27tRNA_RNAComposer_4_refined.pdb -> id=RNAComposer_4
2026-03-10 00:35:40 	 Docker cmd: docker run --rm -v D:\Studia\Projekty\gsp-lab:/work -v D:\Studia\Projekty\RNA_assessment:/rna_assessment -e RNA_ASSESSMENT_ROOT=/rna_assessment -e PYTHONPATH=/rna_assessment mcannotate-runtime python3 /work/src/utils/INF.py /work/data/finished/PZ27tRNA/pdb/PZ27tRNA_RNAComposer_4_solution.pdb /work/data/finished/PZ27tRNA/pdb/PZ27tRNA_RNAComposer_4_refined.pdb
2026-03-10 00:35:42 	 Docker exit code: 0
2026-03-10 00:35:42 	 Docker output length: 387
2026-03-10 00:35:43 	 Saved CSV: PZ27tRNA,RNAComposer_4,RNAComposer,4,refined_pair,0.7521642259464936,0.9253627917180894,0.46188021535170065,PZ27tRNA_RNAComposer_4_solution.pdb,PZ27tRNA_RNAComposer_4_refined.pdb
2026-03-10 00:35:43 	 RUN refined_pair target=PZ27tRNA_RNAComposer_5_solution.pdb model=PZ27tRNA_RNAComposer_5_refined.pdb -> id=RNAComposer_5
2026-03-10 00:35:43 	 Docker cmd: docker run --rm -v D:\Studia\Projekty\gsp-lab:/work -v D:\Studia\Projekty\RNA_assessment:/rna_assessment -e RNA_ASSESSMENT_ROOT=/rna_assessment -e PYTHONPATH=/rna_assessment mcannotate-runtime python3 /work/src/utils/INF.py /work/data/finished/PZ27tRNA/pdb/PZ27tRNA_RNAComposer_5_solution.pdb /work/data/finished/PZ27tRNA/pdb/PZ27tRNA_RNAComposer_5_refined.pdb
2026-03-10 00:35:46 	 Docker exit code: 0
2026-03-10 00:35:46 	 Docker output length: 385
2026-03-10 00:35:46 	 Saved CSV: PZ27tRNA,RNAComposer_5,RNAComposer,5,refined_pair,0.7669491525423728,0.937953340416017,0.46188021535170065,PZ27tRNA_RNAComposer_5_solution.pdb,PZ27tRNA_RNAComposer_5_refined.pdb
2026-03-10 00:35:46 	 RUN refined_pair target=PZ27tRNA_SimRNA_1_solution.pdb model=PZ27tRNA_SimRNA_1_refined.pdb -> id=SimRNA_1
2026-03-10 00:35:46 	 Docker cmd: docker run --rm -v D:\Studia\Projekty\gsp-lab:/work -v D:\Studia\Projekty\RNA_assessment:/rna_assessment -e RNA_ASSESSMENT_ROOT=/rna_assessment -e PYTHONPATH=/rna_assessment mcannotate-runtime python3 /work/src/utils/INF.py /work/data/finished/PZ27tRNA/pdb/PZ27tRNA_SimRNA_1_solution.pdb /work/data/finished/PZ27tRNA/pdb/PZ27tRNA_SimRNA_1_refined.pdb
2026-03-10 00:35:49 	 Docker exit code: 0
2026-03-10 00:35:49 	 Docker output length: 361
2026-03-10 00:35:49 	 Saved CSV: PZ27tRNA,SimRNA_1,SimRNA,1,refined_pair,0.4804014238439461,0.42947784519366666,0,PZ27tRNA_SimRNA_1_solution.pdb,PZ27tRNA_SimRNA_1_refined.pdb
2026-03-10 00:35:49 	 RUN refined_pair target=PZ27tRNA_SimRNA_2_solution.pdb model=PZ27tRNA_SimRNA_2_refined.pdb -> id=SimRNA_2
2026-03-10 00:35:49 	 Docker cmd: docker run --rm -v D:\Studia\Projekty\gsp-lab:/work -v D:\Studia\Projekty\RNA_assessment:/rna_assessment -e RNA_ASSESSMENT_ROOT=/rna_assessment -e PYTHONPATH=/rna_assessment mcannotate-runtime python3 /work/src/utils/INF.py /work/data/finished/PZ27tRNA/pdb/PZ27tRNA_SimRNA_2_solution.pdb /work/data/finished/PZ27tRNA/pdb/PZ27tRNA_SimRNA_2_refined.pdb
2026-03-10 00:35:53 	 Docker exit code: 0
2026-03-10 00:35:53 	 Docker output length: 362
2026-03-10 00:35:53 	 Saved CSV: PZ27tRNA,SimRNA_2,SimRNA,2,refined_pair,0.49012672775719734,0.44610890810959697,0,PZ27tRNA_SimRNA_2_solution.pdb,PZ27tRNA_SimRNA_2_refined.pdb
2026-03-10 00:35:53 	 RUN refined_pair target=PZ27tRNA_SimRNA_3_solution.pdb model=PZ27tRNA_SimRNA_3_refined.pdb -> id=SimRNA_3
2026-03-10 00:35:53 	 Docker cmd: docker run --rm -v D:\Studia\Projekty\gsp-lab:/work -v D:\Studia\Projekty\RNA_assessment:/rna_assessment -e RNA_ASSESSMENT_ROOT=/rna_assessment -e PYTHONPATH=/rna_assessment mcannotate-runtime python3 /work/src/utils/INF.py /work/data/finished/PZ27tRNA/pdb/PZ27tRNA_SimRNA_3_solution.pdb /work/data/finished/PZ27tRNA/pdb/PZ27tRNA_SimRNA_3_refined.pdb
2026-03-10 00:35:56 	 Docker exit code: 0
2026-03-10 00:35:56 	 Docker output length: 360
2026-03-10 00:35:56 	 Saved CSV: PZ27tRNA,SimRNA_3,SimRNA,3,refined_pair,0.4988996430440585,0.4375565062966515,0,PZ27tRNA_SimRNA_3_solution.pdb,PZ27tRNA_SimRNA_3_refined.pdb
2026-03-10 00:35:56 	 RUN refined_pair target=PZ27tRNA_SimRNA_4_solution.pdb model=PZ27tRNA_SimRNA_4_refined.pdb -> id=SimRNA_4
2026-03-10 00:35:56 	 Docker cmd: docker run --rm -v D:\Studia\Projekty\gsp-lab:/work -v D:\Studia\Projekty\RNA_assessment:/rna_assessment -e RNA_ASSESSMENT_ROOT=/rna_assessment -e PYTHONPATH=/rna_assessment mcannotate-runtime python3 /work/src/utils/INF.py /work/data/finished/PZ27tRNA/pdb/PZ27tRNA_SimRNA_4_solution.pdb /work/data/finished/PZ27tRNA/pdb/PZ27tRNA_SimRNA_4_refined.pdb
2026-03-10 00:35:59 	 Docker exit code: 0
2026-03-10 00:35:59 	 Docker output length: 359
2026-03-10 00:35:59 	 Saved CSV: PZ27tRNA,SimRNA_4,SimRNA,4,refined_pair,0.5073988007332115,0.4657971306985123,0,PZ27tRNA_SimRNA_4_solution.pdb,PZ27tRNA_SimRNA_4_refined.pdb
2026-03-10 00:35:59 	 RUN refined_pair target=PZ27tRNA_SimRNA_5_solution.pdb model=PZ27tRNA_SimRNA_5_refined.pdb -> id=SimRNA_5
2026-03-10 00:35:59 	 Docker cmd: docker run --rm -v D:\Studia\Projekty\gsp-lab:/work -v D:\Studia\Projekty\RNA_assessment:/rna_assessment -e RNA_ASSESSMENT_ROOT=/rna_assessment -e PYTHONPATH=/rna_assessment mcannotate-runtime python3 /work/src/utils/INF.py /work/data/finished/PZ27tRNA/pdb/PZ27tRNA_SimRNA_5_solution.pdb /work/data/finished/PZ27tRNA/pdb/PZ27tRNA_SimRNA_5_refined.pdb
2026-03-10 00:36:02 	 Docker exit code: 0
2026-03-10 00:36:02 	 Docker output length: 361
2026-03-10 00:36:02 	 Saved CSV: PZ27tRNA,SimRNA_5,SimRNA,5,refined_pair,0.4728592592194616,0.4731458116313907,0,PZ27tRNA_SimRNA_5_solution.pdb,PZ27tRNA_SimRNA_5_refined.pdb
2026-03-10 00:36:02 	 RUN refined_pair target=PZ27tRNA_TFN_1_solution.pdb model=PZ27tRNA_TFN_1_refined.pdb -> id=TFN_1
2026-03-10 00:36:02 	 Docker cmd: docker run --rm -v D:\Studia\Projekty\gsp-lab:/work -v D:\Studia\Projekty\RNA_assessment:/rna_assessment -e RNA_ASSESSMENT_ROOT=/rna_assessment -e PYTHONPATH=/rna_assessment mcannotate-runtime python3 /work/src/utils/INF.py /work/data/finished/PZ27tRNA/pdb/PZ27tRNA_TFN_1_solution.pdb /work/data/finished/PZ27tRNA/pdb/PZ27tRNA_TFN_1_refined.pdb
2026-03-10 00:36:06 	 Docker exit code: 0
2026-03-10 00:36:06 	 Docker output length: 370
2026-03-10 00:36:06 	 Saved CSV: PZ27tRNA,TFN_1,TFN,1,refined_pair,0.8100949735301471,0.9589940926145842,0.6454972243679028,PZ27tRNA_TFN_1_solution.pdb,PZ27tRNA_TFN_1_refined.pdb
2026-03-10 00:36:06 	 RUN refined_pair target=PZ27tRNA_TFN_10_solution.pdb model=PZ27tRNA_TFN_10_refined.pdb -> id=TFN_10
2026-03-10 00:36:06 	 Docker cmd: docker run --rm -v D:\Studia\Projekty\gsp-lab:/work -v D:\Studia\Projekty\RNA_assessment:/rna_assessment -e RNA_ASSESSMENT_ROOT=/rna_assessment -e PYTHONPATH=/rna_assessment mcannotate-runtime python3 /work/src/utils/INF.py /work/data/finished/PZ27tRNA/pdb/PZ27tRNA_TFN_10_solution.pdb /work/data/finished/PZ27tRNA/pdb/PZ27tRNA_TFN_10_refined.pdb
2026-03-10 00:36:10 	 Docker exit code: 0
2026-03-10 00:36:10 	 Docker output length: 372
2026-03-10 00:36:10 	 Saved CSV: PZ27tRNA,TFN_10,TFN,10,refined_pair,0.8081499418403276,0.9401267913629436,0.6900655593423543,PZ27tRNA_TFN_10_solution.pdb,PZ27tRNA_TFN_10_refined.pdb
2026-03-10 00:36:10 	 RUN refined_pair target=PZ27tRNA_TFN_2_solution.pdb model=PZ27tRNA_TFN_2_refined.pdb -> id=TFN_2
2026-03-10 00:36:10 	 Docker cmd: docker run --rm -v D:\Studia\Projekty\gsp-lab:/work -v D:\Studia\Projekty\RNA_assessment:/rna_assessment -e RNA_ASSESSMENT_ROOT=/rna_assessment -e PYTHONPATH=/rna_assessment mcannotate-runtime python3 /work/src/utils/INF.py /work/data/finished/PZ27tRNA/pdb/PZ27tRNA_TFN_2_solution.pdb /work/data/finished/PZ27tRNA/pdb/PZ27tRNA_TFN_2_refined.pdb
2026-03-10 00:36:13 	 Docker exit code: 0
2026-03-10 00:36:13 	 Docker output length: 369
2026-03-10 00:36:13 	 Saved CSV: PZ27tRNA,TFN_2,TFN,2,refined_pair,0.8056962352805483,0.9589940926145842,0.6085806194501846,PZ27tRNA_TFN_2_solution.pdb,PZ27tRNA_TFN_2_refined.pdb
2026-03-10 00:36:13 	 RUN refined_pair target=PZ27tRNA_TFN_3_solution.pdb model=PZ27tRNA_TFN_3_refined.pdb -> id=TFN_3
2026-03-10 00:36:13 	 Docker cmd: docker run --rm -v D:\Studia\Projekty\gsp-lab:/work -v D:\Studia\Projekty\RNA_assessment:/rna_assessment -e RNA_ASSESSMENT_ROOT=/rna_assessment -e PYTHONPATH=/rna_assessment mcannotate-runtime python3 /work/src/utils/INF.py /work/data/finished/PZ27tRNA/pdb/PZ27tRNA_TFN_3_solution.pdb /work/data/finished/PZ27tRNA/pdb/PZ27tRNA_TFN_3_refined.pdb
2026-03-10 00:36:16 	 Docker exit code: 0
2026-03-10 00:36:16 	 Docker output length: 370
2026-03-10 00:36:16 	 Saved CSV: PZ27tRNA,TFN_3,TFN,3,refined_pair,0.7989061381392993,0.9525793444156804,0.5923488777590924,PZ27tRNA_TFN_3_solution.pdb,PZ27tRNA_TFN_3_refined.pdb
2026-03-10 00:36:16 	 RUN refined_pair target=PZ27tRNA_TFN_4_solution.pdb model=PZ27tRNA_TFN_4_refined.pdb -> id=TFN_4
2026-03-10 00:36:16 	 Docker cmd: docker run --rm -v D:\Studia\Projekty\gsp-lab:/work -v D:\Studia\Projekty\RNA_assessment:/rna_assessment -e RNA_ASSESSMENT_ROOT=/rna_assessment -e PYTHONPATH=/rna_assessment mcannotate-runtime python3 /work/src/utils/INF.py /work/data/finished/PZ27tRNA/pdb/PZ27tRNA_TFN_4_solution.pdb /work/data/finished/PZ27tRNA/pdb/PZ27tRNA_TFN_4_refined.pdb
2026-03-10 00:36:19 	 Docker exit code: 0
2026-03-10 00:36:19 	 Docker output length: 370
2026-03-10 00:36:19 	 Saved CSV: PZ27tRNA,TFN_4,TFN,4,refined_pair,0.8036979164123763,0.9462916232627814,0.6900655593423543,PZ27tRNA_TFN_4_solution.pdb,PZ27tRNA_TFN_4_refined.pdb
2026-03-10 00:36:19 	 RUN refined_pair target=PZ27tRNA_TFN_5_solution.pdb model=PZ27tRNA_TFN_5_refined.pdb -> id=TFN_5
2026-03-10 00:36:19 	 Docker cmd: docker run --rm -v D:\Studia\Projekty\gsp-lab:/work -v D:\Studia\Projekty\RNA_assessment:/rna_assessment -e RNA_ASSESSMENT_ROOT=/rna_assessment -e PYTHONPATH=/rna_assessment mcannotate-runtime python3 /work/src/utils/INF.py /work/data/finished/PZ27tRNA/pdb/PZ27tRNA_TFN_5_solution.pdb /work/data/finished/PZ27tRNA/pdb/PZ27tRNA_TFN_5_refined.pdb
2026-03-10 00:36:23 	 Docker exit code: 0
2026-03-10 00:36:23 	 Docker output length: 370
2026-03-10 00:36:23 	 Saved CSV: PZ27tRNA,TFN_5,TFN,5,refined_pair,0.7972800846627242,0.9462916232627814,0.6900655593423543,PZ27tRNA_TFN_5_solution.pdb,PZ27tRNA_TFN_5_refined.pdb
2026-03-10 00:36:23 	 RUN refined_pair target=PZ27tRNA_TFN_6_solution.pdb model=PZ27tRNA_TFN_6_refined.pdb -> id=TFN_6
2026-03-10 00:36:23 	 Docker cmd: docker run --rm -v D:\Studia\Projekty\gsp-lab:/work -v D:\Studia\Projekty\RNA_assessment:/rna_assessment -e RNA_ASSESSMENT_ROOT=/rna_assessment -e PYTHONPATH=/rna_assessment mcannotate-runtime python3 /work/src/utils/INF.py /work/data/finished/PZ27tRNA/pdb/PZ27tRNA_TFN_6_solution.pdb /work/data/finished/PZ27tRNA/pdb/PZ27tRNA_TFN_6_refined.pdb
2026-03-10 00:36:26 	 Docker exit code: 0
2026-03-10 00:36:26 	 Docker output length: 369
2026-03-10 00:36:26 	 Saved CSV: PZ27tRNA,TFN_6,TFN,6,refined_pair,0.8012270157749158,0.9525793444156804,0.6666666666666666,PZ27tRNA_TFN_6_solution.pdb,PZ27tRNA_TFN_6_refined.pdb
2026-03-10 00:36:26 	 RUN refined_pair target=PZ27tRNA_TFN_7_solution.pdb model=PZ27tRNA_TFN_7_refined.pdb -> id=TFN_7
2026-03-10 00:36:26 	 Docker cmd: docker run --rm -v D:\Studia\Projekty\gsp-lab:/work -v D:\Studia\Projekty\RNA_assessment:/rna_assessment -e RNA_ASSESSMENT_ROOT=/rna_assessment -e PYTHONPATH=/rna_assessment mcannotate-runtime python3 /work/src/utils/INF.py /work/data/finished/PZ27tRNA/pdb/PZ27tRNA_TFN_7_solution.pdb /work/data/finished/PZ27tRNA/pdb/PZ27tRNA_TFN_7_refined.pdb
2026-03-10 00:36:29 	 Docker exit code: 0
2026-03-10 00:36:29 	 Docker output length: 370
2026-03-10 00:36:29 	 Saved CSV: PZ27tRNA,TFN_7,TFN,7,refined_pair,0.8096073820537549,0.9589940926145842,0.6454972243679028,PZ27tRNA_TFN_7_solution.pdb,PZ27tRNA_TFN_7_refined.pdb
2026-03-10 00:36:29 	 RUN refined_pair target=PZ27tRNA_TFN_8_solution.pdb model=PZ27tRNA_TFN_8_refined.pdb -> id=TFN_8
2026-03-10 00:36:29 	 Docker cmd: docker run --rm -v D:\Studia\Projekty\gsp-lab:/work -v D:\Studia\Projekty\RNA_assessment:/rna_assessment -e RNA_ASSESSMENT_ROOT=/rna_assessment -e PYTHONPATH=/rna_assessment mcannotate-runtime python3 /work/src/utils/INF.py /work/data/finished/PZ27tRNA/pdb/PZ27tRNA_TFN_8_solution.pdb /work/data/finished/PZ27tRNA/pdb/PZ27tRNA_TFN_8_refined.pdb
2026-03-10 00:36:32 	 Docker exit code: 0
2026-03-10 00:36:32 	 Docker output length: 369
2026-03-10 00:36:32 	 Saved CSV: PZ27tRNA,TFN_8,TFN,8,refined_pair,0.8027039331864475,0.9525793444156804,0.7161148740394329,PZ27tRNA_TFN_8_solution.pdb,PZ27tRNA_TFN_8_refined.pdb
2026-03-10 00:36:32 	 RUN refined_pair target=PZ27tRNA_TFN_9_solution.pdb model=PZ27tRNA_TFN_9_refined.pdb -> id=TFN_9
2026-03-10 00:36:32 	 Docker cmd: docker run --rm -v D:\Studia\Projekty\gsp-lab:/work -v D:\Studia\Projekty\RNA_assessment:/rna_assessment -e RNA_ASSESSMENT_ROOT=/rna_assessment -e PYTHONPATH=/rna_assessment mcannotate-runtime python3 /work/src/utils/INF.py /work/data/finished/PZ27tRNA/pdb/PZ27tRNA_TFN_9_solution.pdb /work/data/finished/PZ27tRNA/pdb/PZ27tRNA_TFN_9_refined.pdb
2026-03-10 00:36:36 	 Docker exit code: 0
2026-03-10 00:36:36 	 Docker output length: 370
2026-03-10 00:36:36 	 Saved CSV: PZ27tRNA,TFN_9,TFN,9,refined_pair,0.8081499418403276,0.9589940926145842,0.6900655593423543,PZ27tRNA_TFN_9_solution.pdb,PZ27tRNA_TFN_9_refined.pdb
2026-03-10 00:36:36 	 RUN refined_pair target=PZ27tRNA_Xiao_1_solution.pdb model=PZ27tRNA_Xiao_1_refined.pdb -> id=Xiao_1
2026-03-10 00:36:36 	 Docker cmd: docker run --rm -v D:\Studia\Projekty\gsp-lab:/work -v D:\Studia\Projekty\RNA_assessment:/rna_assessment -e RNA_ASSESSMENT_ROOT=/rna_assessment -e PYTHONPATH=/rna_assessment mcannotate-runtime python3 /work/src/utils/INF.py /work/data/finished/PZ27tRNA/pdb/PZ27tRNA_Xiao_1_solution.pdb /work/data/finished/PZ27tRNA/pdb/PZ27tRNA_Xiao_1_refined.pdb
2026-03-10 00:36:38 	 Docker exit code: 0
2026-03-10 00:36:38 	 Docker output length: 357
2026-03-10 00:36:39 	 Saved CSV: PZ27tRNA,Xiao_1,Xiao,1,refined_pair,0.4217871425438081,0.2862098876231264,0,PZ27tRNA_Xiao_1_solution.pdb,PZ27tRNA_Xiao_1_refined.pdb
2026-03-10 00:36:39 	 RUN refined_pair target=PZ27tRNA_Xiao_2_solution.pdb model=PZ27tRNA_Xiao_2_refined.pdb -> id=Xiao_2
2026-03-10 00:36:39 	 Docker cmd: docker run --rm -v D:\Studia\Projekty\gsp-lab:/work -v D:\Studia\Projekty\RNA_assessment:/rna_assessment -e RNA_ASSESSMENT_ROOT=/rna_assessment -e PYTHONPATH=/rna_assessment mcannotate-runtime python3 /work/src/utils/INF.py /work/data/finished/PZ27tRNA/pdb/PZ27tRNA_Xiao_2_solution.pdb /work/data/finished/PZ27tRNA/pdb/PZ27tRNA_Xiao_2_refined.pdb
2026-03-10 00:36:42 	 Docker exit code: 0
2026-03-10 00:36:42 	 Docker output length: 357
2026-03-10 00:36:42 	 Saved CSV: PZ27tRNA,Xiao_2,Xiao,2,refined_pair,0.4238496836580028,0.2862098876231264,0,PZ27tRNA_Xiao_2_solution.pdb,PZ27tRNA_Xiao_2_refined.pdb
2026-03-10 00:36:42 	 RUN refined_pair target=PZ27tRNA_Xiao_3_solution.pdb model=PZ27tRNA_Xiao_3_refined.pdb -> id=Xiao_3
2026-03-10 00:36:42 	 Docker cmd: docker run --rm -v D:\Studia\Projekty\gsp-lab:/work -v D:\Studia\Projekty\RNA_assessment:/rna_assessment -e RNA_ASSESSMENT_ROOT=/rna_assessment -e PYTHONPATH=/rna_assessment mcannotate-runtime python3 /work/src/utils/INF.py /work/data/finished/PZ27tRNA/pdb/PZ27tRNA_Xiao_3_solution.pdb /work/data/finished/PZ27tRNA/pdb/PZ27tRNA_Xiao_3_refined.pdb
2026-03-10 00:36:45 	 Docker exit code: 0
2026-03-10 00:36:45 	 Docker output length: 356
2026-03-10 00:36:45 	 Saved CSV: PZ27tRNA,Xiao_3,Xiao,3,refined_pair,0.4238496836580028,0.2862098876231264,0,PZ27tRNA_Xiao_3_solution.pdb,PZ27tRNA_Xiao_3_refined.pdb
2026-03-10 00:36:45 	 RUN refined_pair target=PZ27tRNA_Xiao_4_solution.pdb model=PZ27tRNA_Xiao_4_refined.pdb -> id=Xiao_4
2026-03-10 00:36:45 	 Docker cmd: docker run --rm -v D:\Studia\Projekty\gsp-lab:/work -v D:\Studia\Projekty\RNA_assessment:/rna_assessment -e RNA_ASSESSMENT_ROOT=/rna_assessment -e PYTHONPATH=/rna_assessment mcannotate-runtime python3 /work/src/utils/INF.py /work/data/finished/PZ27tRNA/pdb/PZ27tRNA_Xiao_4_solution.pdb /work/data/finished/PZ27tRNA/pdb/PZ27tRNA_Xiao_4_refined.pdb
2026-03-10 00:36:47 	 Docker exit code: 0
2026-03-10 00:36:47 	 Docker output length: 357
2026-03-10 00:36:47 	 Saved CSV: PZ27tRNA,Xiao_4,Xiao,4,refined_pair,0.6164709448224535,0.7308816827558576,0,PZ27tRNA_Xiao_4_solution.pdb,PZ27tRNA_Xiao_4_refined.pdb
2026-03-10 00:36:47 	 RUN refined_pair target=PZ27tRNA_Xiao_5_solution.pdb model=PZ27tRNA_Xiao_5_refined.pdb -> id=Xiao_5
2026-03-10 00:36:47 	 Docker cmd: docker run --rm -v D:\Studia\Projekty\gsp-lab:/work -v D:\Studia\Projekty\RNA_assessment:/rna_assessment -e RNA_ASSESSMENT_ROOT=/rna_assessment -e PYTHONPATH=/rna_assessment mcannotate-runtime python3 /work/src/utils/INF.py /work/data/finished/PZ27tRNA/pdb/PZ27tRNA_Xiao_5_solution.pdb /work/data/finished/PZ27tRNA/pdb/PZ27tRNA_Xiao_5_refined.pdb
2026-03-10 00:36:50 	 Docker exit code: 0
2026-03-10 00:36:50 	 Docker output length: 356
2026-03-10 00:36:50 	 Saved CSV: PZ27tRNA,Xiao_5,Xiao,5,refined_pair,0.6164709448224535,0.7308816827558576,0,PZ27tRNA_Xiao_5_solution.pdb,PZ27tRNA_Xiao_5_refined.pdb
2026-03-10 00:36:50 	 SKIP (model is a solution file): PZ27tRNA_Adamiak_1_solution.pdb
2026-03-10 00:36:50 	 SKIP (model is a solution file): PZ27tRNA_Adamiak_2_solution.pdb
2026-03-10 00:36:50 	 SKIP (model is a solution file): PZ27tRNA_Bujnicki_1_solution.pdb
2026-03-10 00:36:50 	 SKIP (model is a solution file): PZ27tRNA_Bujnicki_2_solution.pdb
2026-03-10 00:36:50 	 SKIP (model is a solution file): PZ27tRNA_Bujnicki_3_solution.pdb
2026-03-10 00:36:50 	 SKIP (model is a solution file): PZ27tRNA_Bujnicki_4_solution.pdb
2026-03-10 00:36:50 	 SKIP (model is a solution file): PZ27tRNA_Bujnicki_5_solution.pdb
2026-03-10 00:36:51 	 SKIP (model is a solution file): PZ27tRNA_Chen_1_solution.pdb
2026-03-10 00:36:51 	 SKIP (model is a solution file): PZ27tRNA_Chen_10_solution.pdb
2026-03-10 00:36:51 	 SKIP (model is a solution file): PZ27tRNA_Chen_2_solution.pdb
2026-03-10 00:36:51 	 SKIP (model is a solution file): PZ27tRNA_Chen_3_solution.pdb
2026-03-10 00:36:51 	 SKIP (model is a solution file): PZ27tRNA_Chen_4_solution.pdb
2026-03-10 00:36:51 	 SKIP (model is a solution file): PZ27tRNA_Chen_5_solution.pdb
2026-03-10 00:36:51 	 SKIP (model is a solution file): PZ27tRNA_Chen_6_solution.pdb
2026-03-10 00:36:51 	 SKIP (model is a solution file): PZ27tRNA_Chen_7_solution.pdb
2026-03-10 00:36:51 	 SKIP (model is a solution file): PZ27tRNA_Chen_8_solution.pdb
2026-03-10 00:36:51 	 SKIP (model is a solution file): PZ27tRNA_Chen_9_solution.pdb
2026-03-10 00:36:51 	 SKIP (model is a solution file): PZ27tRNA_Das_1_solution.pdb
2026-03-10 00:36:51 	 SKIP (model is a solution file): PZ27tRNA_Das_10_solution.pdb
2026-03-10 00:36:51 	 SKIP (model is a solution file): PZ27tRNA_Das_2_solution.pdb
2026-03-10 00:36:51 	 SKIP (model is a solution file): PZ27tRNA_Das_3_solution.pdb
2026-03-10 00:36:51 	 SKIP (model is a solution file): PZ27tRNA_Das_4_solution.pdb
2026-03-10 00:36:51 	 SKIP (model is a solution file): PZ27tRNA_Das_5_solution.pdb
2026-03-10 00:36:51 	 SKIP (model is a solution file): PZ27tRNA_Das_6_solution.pdb
2026-03-10 00:36:51 	 SKIP (model is a solution file): PZ27tRNA_Das_7_solution.pdb
2026-03-10 00:36:51 	 SKIP (model is a solution file): PZ27tRNA_Das_8_solution.pdb
2026-03-10 00:36:51 	 SKIP (model is a solution file): PZ27tRNA_Das_9_solution.pdb
2026-03-10 00:36:51 	 SKIP (model is a solution file): PZ27tRNA_FARFAR2_1_solution.pdb
2026-03-10 00:36:51 	 SKIP (model is a solution file): PZ27tRNA_FARFAR2_10_solution.pdb
2026-03-10 00:36:51 	 SKIP (model is a solution file): PZ27tRNA_FARFAR2_2_solution.pdb
2026-03-10 00:36:51 	 SKIP (model is a solution file): PZ27tRNA_FARFAR2_3_solution.pdb
2026-03-10 00:36:51 	 SKIP (model is a solution file): PZ27tRNA_FARFAR2_4_solution.pdb
2026-03-10 00:36:51 	 SKIP (model is a solution file): PZ27tRNA_FARFAR2_5_solution.pdb
2026-03-10 00:36:51 	 SKIP (model is a solution file): PZ27tRNA_FARFAR2_6_solution.pdb
2026-03-10 00:36:51 	 SKIP (model is a solution file): PZ27tRNA_FARFAR2_7_solution.pdb
2026-03-10 00:36:51 	 SKIP (model is a solution file): PZ27tRNA_FARFAR2_8_solution.pdb
2026-03-10 00:36:51 	 SKIP (model is a solution file): PZ27tRNA_FARFAR2_9_solution.pdb
2026-03-10 00:36:51 	 SKIP (model is a solution file): PZ27tRNA_iFoldRNA_1_solution.pdb
2026-03-10 00:36:51 	 SKIP (model is a solution file): PZ27tRNA_iFoldRNA_2_solution.pdb
2026-03-10 00:36:51 	 SKIP (model is a solution file): PZ27tRNA_iFoldRNA_3_solution.pdb
2026-03-10 00:36:51 	 SKIP (model is a solution file): PZ27tRNA_iFoldRNA_4_solution.pdb
2026-03-10 00:36:51 	 SKIP (model is a solution file): PZ27tRNA_iFoldRNA_5_solution.pdb
2026-03-10 00:36:51 	 SKIP (model is a solution file): PZ27tRNA_RNAComposer_1_solution.pdb
2026-03-10 00:36:51 	 SKIP (model is a solution file): PZ27tRNA_RNAComposer_2_solution.pdb
2026-03-10 00:36:51 	 SKIP (model is a solution file): PZ27tRNA_RNAComposer_3_solution.pdb
2026-03-10 00:36:51 	 SKIP (model is a solution file): PZ27tRNA_RNAComposer_4_solution.pdb
2026-03-10 00:36:51 	 SKIP (model is a solution file): PZ27tRNA_RNAComposer_5_solution.pdb
2026-03-10 00:36:51 	 SKIP (model is a solution file): PZ27tRNA_SimRNA_1_solution.pdb
2026-03-10 00:36:51 	 SKIP (model is a solution file): PZ27tRNA_SimRNA_2_solution.pdb
2026-03-10 00:36:51 	 SKIP (model is a solution file): PZ27tRNA_SimRNA_3_solution.pdb
2026-03-10 00:36:51 	 SKIP (model is a solution file): PZ27tRNA_SimRNA_4_solution.pdb
2026-03-10 00:36:51 	 SKIP (model is a solution file): PZ27tRNA_SimRNA_5_solution.pdb
2026-03-10 00:36:51 	 SKIP (model is a solution file): PZ27tRNA_solution_0.pdb
2026-03-10 00:36:51 	 SKIP (model is a solution file): PZ27tRNA_TFN_1_solution.pdb
2026-03-10 00:36:51 	 SKIP (model is a solution file): PZ27tRNA_TFN_10_solution.pdb
2026-03-10 00:36:51 	 SKIP (model is a solution file): PZ27tRNA_TFN_2_solution.pdb
2026-03-10 00:36:51 	 SKIP (model is a solution file): PZ27tRNA_TFN_3_solution.pdb
2026-03-10 00:36:51 	 SKIP (model is a solution file): PZ27tRNA_TFN_4_solution.pdb
2026-03-10 00:36:51 	 SKIP (model is a solution file): PZ27tRNA_TFN_5_solution.pdb
2026-03-10 00:36:51 	 SKIP (model is a solution file): PZ27tRNA_TFN_6_solution.pdb
2026-03-10 00:36:51 	 SKIP (model is a solution file): PZ27tRNA_TFN_7_solution.pdb
2026-03-10 00:36:51 	 SKIP (model is a solution file): PZ27tRNA_TFN_8_solution.pdb
2026-03-10 00:36:51 	 SKIP (model is a solution file): PZ27tRNA_TFN_9_solution.pdb
2026-03-10 00:36:51 	 SKIP (model is a solution file): PZ27tRNA_Xiao_1_solution.pdb
2026-03-10 00:36:51 	 SKIP (model is a solution file): PZ27tRNA_Xiao_2_solution.pdb
2026-03-10 00:36:51 	 SKIP (model is a solution file): PZ27tRNA_Xiao_3_solution.pdb
2026-03-10 00:36:51 	 SKIP (model is a solution file): PZ27tRNA_Xiao_4_solution.pdb
2026-03-10 00:36:51 	 SKIP (model is a solution file): PZ27tRNA_Xiao_5_solution.pdb
2026-03-10 00:36:51 	 DONE case: PZ27tRNA
2026-03-10 01:12:42 	 START case: PZ27tRNA
2026-03-10 01:12:42 	 caseDir: D:\Studia\Projekty\gsp-lab\data\finished\PZ27tRNA
2026-03-10 01:12:42 	 pdbDir: D:\Studia\Projekty\gsp-lab\data\finished\PZ27tRNA\pdb
2026-03-10 01:12:42 	 Found pdb count: 135
2026-03-10 01:12:42 	 Global solution: PZ27tRNA_solution_0.pdb
2026-03-10 01:12:42 	 SKIP already recorded (refined): Adamiak_1
2026-03-10 01:12:42 	 SKIP already recorded (refined): Adamiak_2
2026-03-10 01:12:42 	 SKIP already recorded (refined): Bujnicki_1
2026-03-10 01:12:42 	 SKIP already recorded (refined): Bujnicki_2
2026-03-10 01:12:42 	 SKIP already recorded (refined): Bujnicki_3
2026-03-10 01:12:42 	 SKIP already recorded (refined): Bujnicki_4
2026-03-10 01:12:42 	 SKIP already recorded (refined): Bujnicki_5
2026-03-10 01:12:42 	 SKIP already recorded (refined): Chen_1
2026-03-10 01:12:42 	 SKIP already recorded (refined): Chen_10
2026-03-10 01:12:42 	 SKIP already recorded (refined): Chen_2
2026-03-10 01:12:42 	 SKIP already recorded (refined): Chen_3
2026-03-10 01:12:42 	 SKIP already recorded (refined): Chen_4
2026-03-10 01:12:42 	 SKIP already recorded (refined): Chen_5
2026-03-10 01:12:42 	 SKIP already recorded (refined): Chen_6
2026-03-10 01:12:42 	 SKIP already recorded (refined): Chen_7
2026-03-10 01:12:42 	 SKIP already recorded (refined): Chen_8
2026-03-10 01:12:42 	 SKIP already recorded (refined): Chen_9
2026-03-10 01:12:42 	 SKIP already recorded (refined): Das_1
2026-03-10 01:12:42 	 SKIP already recorded (refined): Das_10
2026-03-10 01:12:42 	 SKIP already recorded (refined): Das_2
2026-03-10 01:12:42 	 SKIP already recorded (refined): Das_3
2026-03-10 01:12:42 	 SKIP already recorded (refined): Das_4
2026-03-10 01:12:42 	 SKIP already recorded (refined): Das_5
2026-03-10 01:12:42 	 SKIP already recorded (refined): Das_6
2026-03-10 01:12:42 	 SKIP already recorded (refined): Das_7
2026-03-10 01:12:42 	 SKIP already recorded (refined): Das_8
2026-03-10 01:12:42 	 SKIP already recorded (refined): Das_9
2026-03-10 01:12:42 	 SKIP already recorded (refined): FARFAR2_1
2026-03-10 01:12:43 	 SKIP already recorded (refined): FARFAR2_10
2026-03-10 01:12:43 	 SKIP already recorded (refined): FARFAR2_2
2026-03-10 01:12:43 	 SKIP already recorded (refined): FARFAR2_3
2026-03-10 01:12:43 	 SKIP already recorded (refined): FARFAR2_4
2026-03-10 01:12:43 	 SKIP already recorded (refined): FARFAR2_5
2026-03-10 01:12:43 	 SKIP already recorded (refined): FARFAR2_6
2026-03-10 01:12:43 	 SKIP already recorded (refined): FARFAR2_7
2026-03-10 01:12:43 	 SKIP already recorded (refined): FARFAR2_8
2026-03-10 01:12:43 	 SKIP already recorded (refined): FARFAR2_9
2026-03-10 01:12:43 	 SKIP already recorded (refined): iFoldRNA_1
2026-03-10 01:12:43 	 SKIP already recorded (refined): iFoldRNA_2
2026-03-10 01:12:43 	 SKIP already recorded (refined): iFoldRNA_3
2026-03-10 01:12:43 	 SKIP already recorded (refined): iFoldRNA_4
2026-03-10 01:12:43 	 SKIP already recorded (refined): iFoldRNA_5
2026-03-10 01:12:43 	 SKIP already recorded (refined): RNAComposer_1
2026-03-10 01:12:43 	 SKIP already recorded (refined): RNAComposer_2
2026-03-10 01:12:43 	 SKIP already recorded (refined): RNAComposer_3
2026-03-10 01:12:43 	 SKIP already recorded (refined): RNAComposer_4
2026-03-10 01:12:43 	 SKIP already recorded (refined): RNAComposer_5
2026-03-10 01:12:43 	 SKIP already recorded (refined): SimRNA_1
2026-03-10 01:12:43 	 SKIP already recorded (refined): SimRNA_2
2026-03-10 01:12:43 	 SKIP already recorded (refined): SimRNA_3
2026-03-10 01:12:43 	 SKIP already recorded (refined): SimRNA_4
2026-03-10 01:12:43 	 SKIP already recorded (refined): SimRNA_5
2026-03-10 01:12:43 	 SKIP already recorded (refined): TFN_1
2026-03-10 01:12:43 	 SKIP already recorded (refined): TFN_10
2026-03-10 01:12:43 	 SKIP already recorded (refined): TFN_2
2026-03-10 01:12:43 	 SKIP already recorded (refined): TFN_3
2026-03-10 01:12:43 	 SKIP already recorded (refined): TFN_4
2026-03-10 01:12:43 	 SKIP already recorded (refined): TFN_5
2026-03-10 01:12:43 	 SKIP already recorded (refined): TFN_6
2026-03-10 01:12:43 	 SKIP already recorded (refined): TFN_7
2026-03-10 01:12:43 	 SKIP already recorded (refined): TFN_8
2026-03-10 01:12:43 	 SKIP already recorded (refined): TFN_9
2026-03-10 01:12:43 	 SKIP already recorded (refined): Xiao_1
2026-03-10 01:12:43 	 SKIP already recorded (refined): Xiao_2
2026-03-10 01:12:43 	 SKIP already recorded (refined): Xiao_3
2026-03-10 01:12:43 	 SKIP already recorded (refined): Xiao_4
2026-03-10 01:12:43 	 SKIP already recorded (refined): Xiao_5
2026-03-10 01:12:43 	 SKIP (model is a solution file): PZ27tRNA_Adamiak_1_solution.pdb
2026-03-10 01:12:43 	 SKIP (model is a solution file): PZ27tRNA_Adamiak_2_solution.pdb
2026-03-10 01:12:43 	 SKIP (model is a solution file): PZ27tRNA_Bujnicki_1_solution.pdb
2026-03-10 01:12:43 	 SKIP (model is a solution file): PZ27tRNA_Bujnicki_2_solution.pdb
2026-03-10 01:12:43 	 SKIP (model is a solution file): PZ27tRNA_Bujnicki_3_solution.pdb
2026-03-10 01:12:43 	 SKIP (model is a solution file): PZ27tRNA_Bujnicki_4_solution.pdb
2026-03-10 01:12:43 	 SKIP (model is a solution file): PZ27tRNA_Bujnicki_5_solution.pdb
2026-03-10 01:12:43 	 SKIP (model is a solution file): PZ27tRNA_Chen_1_solution.pdb
2026-03-10 01:12:43 	 SKIP (model is a solution file): PZ27tRNA_Chen_10_solution.pdb
2026-03-10 01:12:43 	 SKIP (model is a solution file): PZ27tRNA_Chen_2_solution.pdb
2026-03-10 01:12:43 	 SKIP (model is a solution file): PZ27tRNA_Chen_3_solution.pdb
2026-03-10 01:12:43 	 SKIP (model is a solution file): PZ27tRNA_Chen_4_solution.pdb
2026-03-10 01:12:43 	 SKIP (model is a solution file): PZ27tRNA_Chen_5_solution.pdb
2026-03-10 01:12:43 	 SKIP (model is a solution file): PZ27tRNA_Chen_6_solution.pdb
2026-03-10 01:12:43 	 SKIP (model is a solution file): PZ27tRNA_Chen_7_solution.pdb
2026-03-10 01:12:43 	 SKIP (model is a solution file): PZ27tRNA_Chen_8_solution.pdb
2026-03-10 01:12:43 	 SKIP (model is a solution file): PZ27tRNA_Chen_9_solution.pdb
2026-03-10 01:12:43 	 SKIP (model is a solution file): PZ27tRNA_Das_1_solution.pdb
2026-03-10 01:12:43 	 SKIP (model is a solution file): PZ27tRNA_Das_10_solution.pdb
2026-03-10 01:12:43 	 SKIP (model is a solution file): PZ27tRNA_Das_2_solution.pdb
2026-03-10 01:12:43 	 SKIP (model is a solution file): PZ27tRNA_Das_3_solution.pdb
2026-03-10 01:12:43 	 SKIP (model is a solution file): PZ27tRNA_Das_4_solution.pdb
2026-03-10 01:12:43 	 SKIP (model is a solution file): PZ27tRNA_Das_5_solution.pdb
2026-03-10 01:12:43 	 SKIP (model is a solution file): PZ27tRNA_Das_6_solution.pdb
2026-03-10 01:12:43 	 SKIP (model is a solution file): PZ27tRNA_Das_7_solution.pdb
2026-03-10 01:12:43 	 SKIP (model is a solution file): PZ27tRNA_Das_8_solution.pdb
2026-03-10 01:12:43 	 SKIP (model is a solution file): PZ27tRNA_Das_9_solution.pdb
2026-03-10 01:12:43 	 SKIP (model is a solution file): PZ27tRNA_FARFAR2_1_solution.pdb
2026-03-10 01:12:43 	 SKIP (model is a solution file): PZ27tRNA_FARFAR2_10_solution.pdb
2026-03-10 01:12:43 	 SKIP (model is a solution file): PZ27tRNA_FARFAR2_2_solution.pdb
2026-03-10 01:12:43 	 SKIP (model is a solution file): PZ27tRNA_FARFAR2_3_solution.pdb
2026-03-10 01:12:43 	 SKIP (model is a solution file): PZ27tRNA_FARFAR2_4_solution.pdb
2026-03-10 01:12:43 	 SKIP (model is a solution file): PZ27tRNA_FARFAR2_5_solution.pdb
2026-03-10 01:12:43 	 SKIP (model is a solution file): PZ27tRNA_FARFAR2_6_solution.pdb
2026-03-10 01:12:43 	 SKIP (model is a solution file): PZ27tRNA_FARFAR2_7_solution.pdb
2026-03-10 01:12:43 	 SKIP (model is a solution file): PZ27tRNA_FARFAR2_8_solution.pdb
2026-03-10 01:12:43 	 SKIP (model is a solution file): PZ27tRNA_FARFAR2_9_solution.pdb
2026-03-10 01:12:43 	 SKIP (model is a solution file): PZ27tRNA_iFoldRNA_1_solution.pdb
2026-03-10 01:12:43 	 SKIP (model is a solution file): PZ27tRNA_iFoldRNA_2_solution.pdb
2026-03-10 01:12:43 	 SKIP (model is a solution file): PZ27tRNA_iFoldRNA_3_solution.pdb
2026-03-10 01:12:43 	 SKIP (model is a solution file): PZ27tRNA_iFoldRNA_4_solution.pdb
2026-03-10 01:12:43 	 SKIP (model is a solution file): PZ27tRNA_iFoldRNA_5_solution.pdb
2026-03-10 01:12:43 	 SKIP (model is a solution file): PZ27tRNA_RNAComposer_1_solution.pdb
2026-03-10 01:12:43 	 SKIP (model is a solution file): PZ27tRNA_RNAComposer_2_solution.pdb
2026-03-10 01:12:43 	 SKIP (model is a solution file): PZ27tRNA_RNAComposer_3_solution.pdb
2026-03-10 01:12:44 	 SKIP (model is a solution file): PZ27tRNA_RNAComposer_4_solution.pdb
2026-03-10 01:12:44 	 SKIP (model is a solution file): PZ27tRNA_RNAComposer_5_solution.pdb
2026-03-10 01:12:44 	 SKIP (model is a solution file): PZ27tRNA_SimRNA_1_solution.pdb
2026-03-10 01:12:44 	 SKIP (model is a solution file): PZ27tRNA_SimRNA_2_solution.pdb
2026-03-10 01:12:44 	 SKIP (model is a solution file): PZ27tRNA_SimRNA_3_solution.pdb
2026-03-10 01:12:44 	 SKIP (model is a solution file): PZ27tRNA_SimRNA_4_solution.pdb
2026-03-10 01:12:44 	 SKIP (model is a solution file): PZ27tRNA_SimRNA_5_solution.pdb
2026-03-10 01:12:44 	 SKIP (model is a solution file): PZ27tRNA_solution_0.pdb
2026-03-10 01:12:44 	 SKIP (model is a solution file): PZ27tRNA_TFN_1_solution.pdb
2026-03-10 01:12:44 	 SKIP (model is a solution file): PZ27tRNA_TFN_10_solution.pdb
2026-03-10 01:12:44 	 SKIP (model is a solution file): PZ27tRNA_TFN_2_solution.pdb
2026-03-10 01:12:44 	 SKIP (model is a solution file): PZ27tRNA_TFN_3_solution.pdb
2026-03-10 01:12:44 	 SKIP (model is a solution file): PZ27tRNA_TFN_4_solution.pdb
2026-03-10 01:12:44 	 SKIP (model is a solution file): PZ27tRNA_TFN_5_solution.pdb
2026-03-10 01:12:44 	 SKIP (model is a solution file): PZ27tRNA_TFN_6_solution.pdb
2026-03-10 01:12:44 	 SKIP (model is a solution file): PZ27tRNA_TFN_7_solution.pdb
2026-03-10 01:12:44 	 SKIP (model is a solution file): PZ27tRNA_TFN_8_solution.pdb
2026-03-10 01:12:44 	 SKIP (model is a solution file): PZ27tRNA_TFN_9_solution.pdb
2026-03-10 01:12:44 	 SKIP (model is a solution file): PZ27tRNA_Xiao_1_solution.pdb
2026-03-10 01:12:44 	 SKIP (model is a solution file): PZ27tRNA_Xiao_2_solution.pdb
2026-03-10 01:12:44 	 SKIP (model is a solution file): PZ27tRNA_Xiao_3_solution.pdb
2026-03-10 01:12:44 	 SKIP (model is a solution file): PZ27tRNA_Xiao_4_solution.pdb
2026-03-10 01:12:44 	 SKIP (model is a solution file): PZ27tRNA_Xiao_5_solution.pdb
2026-03-10 01:12:44 	 DONE case: PZ27tRNA
2026-03-10 01:17:26 	 START case: PZ27tRNA
2026-03-10 01:17:26 	 caseDir: D:\Studia\Projekty\gsp-lab\data\finished\PZ27tRNA
2026-03-10 01:17:26 	 pdbDir: D:\Studia\Projekty\gsp-lab\data\finished\PZ27tRNA\pdb
2026-03-10 01:17:26 	 Found pdb count: 135
2026-03-10 01:17:26 	 Global solution: PZ27tRNA_solution_0.pdb
2026-03-10 01:17:26 	 SKIP already recorded (refined): Adamiak_1
2026-03-10 01:17:26 	 SKIP already recorded (refined): Adamiak_2
2026-03-10 01:17:26 	 SKIP already recorded (refined): Bujnicki_1
2026-03-10 01:17:26 	 SKIP already recorded (refined): Bujnicki_2
2026-03-10 01:17:26 	 SKIP already recorded (refined): Bujnicki_3
2026-03-10 01:17:26 	 SKIP already recorded (refined): Bujnicki_4
2026-03-10 01:17:26 	 SKIP already recorded (refined): Bujnicki_5
2026-03-10 01:17:26 	 SKIP already recorded (refined): Chen_1
2026-03-10 01:17:26 	 SKIP already recorded (refined): Chen_10
2026-03-10 01:17:26 	 SKIP already recorded (refined): Chen_2
2026-03-10 01:17:26 	 SKIP already recorded (refined): Chen_3
2026-03-10 01:17:26 	 SKIP already recorded (refined): Chen_4
2026-03-10 01:17:26 	 SKIP already recorded (refined): Chen_5
2026-03-10 01:17:26 	 SKIP already recorded (refined): Chen_6
2026-03-10 01:17:26 	 SKIP already recorded (refined): Chen_7
2026-03-10 01:17:26 	 SKIP already recorded (refined): Chen_8
2026-03-10 01:17:26 	 SKIP already recorded (refined): Chen_9
2026-03-10 01:17:26 	 SKIP already recorded (refined): Das_1
2026-03-10 01:17:26 	 SKIP already recorded (refined): Das_10
2026-03-10 01:17:26 	 SKIP already recorded (refined): Das_2
2026-03-10 01:17:26 	 SKIP already recorded (refined): Das_3
2026-03-10 01:17:26 	 SKIP already recorded (refined): Das_4
2026-03-10 01:17:26 	 SKIP already recorded (refined): Das_5
2026-03-10 01:17:26 	 SKIP already recorded (refined): Das_6
2026-03-10 01:17:26 	 SKIP already recorded (refined): Das_7
2026-03-10 01:17:26 	 SKIP already recorded (refined): Das_8
2026-03-10 01:17:26 	 SKIP already recorded (refined): Das_9
2026-03-10 01:17:26 	 SKIP already recorded (refined): FARFAR2_1
2026-03-10 01:17:26 	 SKIP already recorded (refined): FARFAR2_10
2026-03-10 01:17:26 	 SKIP already recorded (refined): FARFAR2_2
2026-03-10 01:17:26 	 SKIP already recorded (refined): FARFAR2_3
2026-03-10 01:17:26 	 SKIP already recorded (refined): FARFAR2_4
2026-03-10 01:17:26 	 SKIP already recorded (refined): FARFAR2_5
2026-03-10 01:17:26 	 SKIP already recorded (refined): FARFAR2_6
2026-03-10 01:17:26 	 SKIP already recorded (refined): FARFAR2_7
2026-03-10 01:17:27 	 SKIP already recorded (refined): FARFAR2_8
2026-03-10 01:17:27 	 SKIP already recorded (refined): FARFAR2_9
2026-03-10 01:17:27 	 SKIP already recorded (refined): iFoldRNA_1
2026-03-10 01:17:27 	 SKIP already recorded (refined): iFoldRNA_2
2026-03-10 01:17:27 	 SKIP already recorded (refined): iFoldRNA_3
2026-03-10 01:17:27 	 SKIP already recorded (refined): iFoldRNA_4
2026-03-10 01:17:27 	 SKIP already recorded (refined): iFoldRNA_5
2026-03-10 01:17:27 	 SKIP already recorded (refined): RNAComposer_1
2026-03-10 01:17:27 	 SKIP already recorded (refined): RNAComposer_2
2026-03-10 01:17:27 	 SKIP already recorded (refined): RNAComposer_3
2026-03-10 01:17:27 	 SKIP already recorded (refined): RNAComposer_4
2026-03-10 01:17:27 	 SKIP already recorded (refined): RNAComposer_5
2026-03-10 01:17:27 	 SKIP already recorded (refined): SimRNA_1
2026-03-10 01:17:27 	 SKIP already recorded (refined): SimRNA_2
2026-03-10 01:17:27 	 SKIP already recorded (refined): SimRNA_3
2026-03-10 01:17:27 	 SKIP already recorded (refined): SimRNA_4
2026-03-10 01:17:27 	 SKIP already recorded (refined): SimRNA_5
2026-03-10 01:17:27 	 SKIP already recorded (refined): TFN_1
2026-03-10 01:17:27 	 SKIP already recorded (refined): TFN_10
2026-03-10 01:17:27 	 SKIP already recorded (refined): TFN_2
2026-03-10 01:17:27 	 SKIP already recorded (refined): TFN_3
2026-03-10 01:17:27 	 SKIP already recorded (refined): TFN_4
2026-03-10 01:17:27 	 SKIP already recorded (refined): TFN_5
2026-03-10 01:17:27 	 SKIP already recorded (refined): TFN_6
2026-03-10 01:17:27 	 SKIP already recorded (refined): TFN_7
2026-03-10 01:17:27 	 SKIP already recorded (refined): TFN_8
2026-03-10 01:17:27 	 SKIP already recorded (refined): TFN_9
2026-03-10 01:17:27 	 SKIP already recorded (refined): Xiao_1
2026-03-10 01:17:27 	 SKIP already recorded (refined): Xiao_2
2026-03-10 01:17:27 	 SKIP already recorded (refined): Xiao_3
2026-03-10 01:17:27 	 SKIP already recorded (refined): Xiao_4
2026-03-10 01:17:27 	 SKIP already recorded (refined): Xiao_5
2026-03-10 01:17:27 	 SKIP (model is a solution file): PZ27tRNA_Adamiak_1_solution.pdb
2026-03-10 01:17:27 	 SKIP (model is a solution file): PZ27tRNA_Adamiak_2_solution.pdb
2026-03-10 01:17:27 	 SKIP (model is a solution file): PZ27tRNA_Bujnicki_1_solution.pdb
2026-03-10 01:17:27 	 SKIP (model is a solution file): PZ27tRNA_Bujnicki_2_solution.pdb
2026-03-10 01:17:27 	 SKIP (model is a solution file): PZ27tRNA_Bujnicki_3_solution.pdb
2026-03-10 01:17:27 	 SKIP (model is a solution file): PZ27tRNA_Bujnicki_4_solution.pdb
2026-03-10 01:17:27 	 SKIP (model is a solution file): PZ27tRNA_Bujnicki_5_solution.pdb
2026-03-10 01:17:27 	 SKIP (model is a solution file): PZ27tRNA_Chen_1_solution.pdb
2026-03-10 01:17:27 	 SKIP (model is a solution file): PZ27tRNA_Chen_10_solution.pdb
2026-03-10 01:17:27 	 SKIP (model is a solution file): PZ27tRNA_Chen_2_solution.pdb
2026-03-10 01:17:27 	 SKIP (model is a solution file): PZ27tRNA_Chen_3_solution.pdb
2026-03-10 01:17:27 	 SKIP (model is a solution file): PZ27tRNA_Chen_4_solution.pdb
2026-03-10 01:17:27 	 SKIP (model is a solution file): PZ27tRNA_Chen_5_solution.pdb
2026-03-10 01:17:27 	 SKIP (model is a solution file): PZ27tRNA_Chen_6_solution.pdb
2026-03-10 01:17:27 	 SKIP (model is a solution file): PZ27tRNA_Chen_7_solution.pdb
2026-03-10 01:17:27 	 SKIP (model is a solution file): PZ27tRNA_Chen_8_solution.pdb
2026-03-10 01:17:27 	 SKIP (model is a solution file): PZ27tRNA_Chen_9_solution.pdb
2026-03-10 01:17:27 	 SKIP (model is a solution file): PZ27tRNA_Das_1_solution.pdb
2026-03-10 01:17:27 	 SKIP (model is a solution file): PZ27tRNA_Das_10_solution.pdb
2026-03-10 01:17:27 	 SKIP (model is a solution file): PZ27tRNA_Das_2_solution.pdb
2026-03-10 01:17:27 	 SKIP (model is a solution file): PZ27tRNA_Das_3_solution.pdb
2026-03-10 01:17:27 	 SKIP (model is a solution file): PZ27tRNA_Das_4_solution.pdb
2026-03-10 01:17:27 	 SKIP (model is a solution file): PZ27tRNA_Das_5_solution.pdb
2026-03-10 01:17:27 	 SKIP (model is a solution file): PZ27tRNA_Das_6_solution.pdb
2026-03-10 01:17:27 	 SKIP (model is a solution file): PZ27tRNA_Das_7_solution.pdb
2026-03-10 01:17:27 	 SKIP (model is a solution file): PZ27tRNA_Das_8_solution.pdb
2026-03-10 01:17:27 	 SKIP (model is a solution file): PZ27tRNA_Das_9_solution.pdb
2026-03-10 01:17:27 	 SKIP (model is a solution file): PZ27tRNA_FARFAR2_1_solution.pdb
2026-03-10 01:17:27 	 SKIP (model is a solution file): PZ27tRNA_FARFAR2_10_solution.pdb
2026-03-10 01:17:27 	 SKIP (model is a solution file): PZ27tRNA_FARFAR2_2_solution.pdb
2026-03-10 01:17:27 	 SKIP (model is a solution file): PZ27tRNA_FARFAR2_3_solution.pdb
2026-03-10 01:17:27 	 SKIP (model is a solution file): PZ27tRNA_FARFAR2_4_solution.pdb
2026-03-10 01:17:27 	 SKIP (model is a solution file): PZ27tRNA_FARFAR2_5_solution.pdb
2026-03-10 01:17:27 	 SKIP (model is a solution file): PZ27tRNA_FARFAR2_6_solution.pdb
2026-03-10 01:17:27 	 SKIP (model is a solution file): PZ27tRNA_FARFAR2_7_solution.pdb
2026-03-10 01:17:27 	 SKIP (model is a solution file): PZ27tRNA_FARFAR2_8_solution.pdb
2026-03-10 01:17:27 	 SKIP (model is a solution file): PZ27tRNA_FARFAR2_9_solution.pdb
2026-03-10 01:17:27 	 SKIP (model is a solution file): PZ27tRNA_iFoldRNA_1_solution.pdb
2026-03-10 01:17:27 	 SKIP (model is a solution file): PZ27tRNA_iFoldRNA_2_solution.pdb
2026-03-10 01:17:27 	 SKIP (model is a solution file): PZ27tRNA_iFoldRNA_3_solution.pdb
2026-03-10 01:17:27 	 SKIP (model is a solution file): PZ27tRNA_iFoldRNA_4_solution.pdb
2026-03-10 01:17:27 	 SKIP (model is a solution file): PZ27tRNA_iFoldRNA_5_solution.pdb
2026-03-10 01:17:27 	 SKIP (model is a solution file): PZ27tRNA_RNAComposer_1_solution.pdb
2026-03-10 01:17:27 	 SKIP (model is a solution file): PZ27tRNA_RNAComposer_2_solution.pdb
2026-03-10 01:17:27 	 SKIP (model is a solution file): PZ27tRNA_RNAComposer_3_solution.pdb
2026-03-10 01:17:27 	 SKIP (model is a solution file): PZ27tRNA_RNAComposer_4_solution.pdb
2026-03-10 01:17:27 	 SKIP (model is a solution file): PZ27tRNA_RNAComposer_5_solution.pdb
2026-03-10 01:17:27 	 SKIP (model is a solution file): PZ27tRNA_SimRNA_1_solution.pdb
2026-03-10 01:17:27 	 SKIP (model is a solution file): PZ27tRNA_SimRNA_2_solution.pdb
2026-03-10 01:17:27 	 SKIP (model is a solution file): PZ27tRNA_SimRNA_3_solution.pdb
2026-03-10 01:17:27 	 SKIP (model is a solution file): PZ27tRNA_SimRNA_4_solution.pdb
2026-03-10 01:17:27 	 SKIP (model is a solution file): PZ27tRNA_SimRNA_5_solution.pdb
2026-03-10 01:17:27 	 SKIP (model is a solution file): PZ27tRNA_solution_0.pdb
2026-03-10 01:17:27 	 SKIP (model is a solution file): PZ27tRNA_TFN_1_solution.pdb
2026-03-10 01:17:27 	 SKIP (model is a solution file): PZ27tRNA_TFN_10_solution.pdb
2026-03-10 01:17:28 	 SKIP (model is a solution file): PZ27tRNA_TFN_2_solution.pdb
2026-03-10 01:17:28 	 SKIP (model is a solution file): PZ27tRNA_TFN_3_solution.pdb
2026-03-10 01:17:28 	 SKIP (model is a solution file): PZ27tRNA_TFN_4_solution.pdb
2026-03-10 01:17:28 	 SKIP (model is a solution file): PZ27tRNA_TFN_5_solution.pdb
2026-03-10 01:17:28 	 SKIP (model is a solution file): PZ27tRNA_TFN_6_solution.pdb
2026-03-10 01:17:28 	 SKIP (model is a solution file): PZ27tRNA_TFN_7_solution.pdb
2026-03-10 01:17:28 	 SKIP (model is a solution file): PZ27tRNA_TFN_8_solution.pdb
2026-03-10 01:17:28 	 SKIP (model is a solution file): PZ27tRNA_TFN_9_solution.pdb
2026-03-10 01:17:28 	 SKIP (model is a solution file): PZ27tRNA_Xiao_1_solution.pdb
2026-03-10 01:17:28 	 SKIP (model is a solution file): PZ27tRNA_Xiao_2_solution.pdb
2026-03-10 01:17:28 	 SKIP (model is a solution file): PZ27tRNA_Xiao_3_solution.pdb
2026-03-10 01:17:28 	 SKIP (model is a solution file): PZ27tRNA_Xiao_4_solution.pdb
2026-03-10 01:17:28 	 SKIP (model is a solution file): PZ27tRNA_Xiao_5_solution.pdb
2026-03-10 01:17:28 	 DONE case: PZ27tRNA
2026-03-10 01:21:53 	 START case: PZ27tRNA
2026-03-10 01:21:53 	 caseDir: D:\Studia\Projekty\gsp-lab\data\finished\PZ27tRNA
2026-03-10 01:21:53 	 pdbDir: D:\Studia\Projekty\gsp-lab\data\finished\PZ27tRNA\pdb
2026-03-10 01:21:53 	 Found pdb count: 135
2026-03-10 01:21:53 	 Global solution: PZ27tRNA_solution_0.pdb
2026-03-10 01:21:53 	 SKIP already recorded (refined): Adamiak_1
2026-03-10 01:21:53 	 SKIP already recorded (refined): Adamiak_2
2026-03-10 01:21:53 	 SKIP already recorded (refined): Bujnicki_1
2026-03-10 01:21:53 	 SKIP already recorded (refined): Bujnicki_2
2026-03-10 01:21:53 	 SKIP already recorded (refined): Bujnicki_3
2026-03-10 01:21:53 	 SKIP already recorded (refined): Bujnicki_4
2026-03-10 01:21:53 	 SKIP already recorded (refined): Bujnicki_5
2026-03-10 01:21:53 	 SKIP already recorded (refined): Chen_1
2026-03-10 01:21:53 	 SKIP already recorded (refined): Chen_10
2026-03-10 01:21:53 	 SKIP already recorded (refined): Chen_2
2026-03-10 01:21:53 	 SKIP already recorded (refined): Chen_3
2026-03-10 01:21:53 	 SKIP already recorded (refined): Chen_4
2026-03-10 01:21:53 	 SKIP already recorded (refined): Chen_5
2026-03-10 01:21:53 	 SKIP already recorded (refined): Chen_6
2026-03-10 01:21:53 	 SKIP already recorded (refined): Chen_7
2026-03-10 01:21:53 	 SKIP already recorded (refined): Chen_8
2026-03-10 01:21:53 	 SKIP already recorded (refined): Chen_9
2026-03-10 01:21:53 	 SKIP already recorded (refined): Das_1
2026-03-10 01:21:53 	 SKIP already recorded (refined): Das_10
2026-03-10 01:21:53 	 SKIP already recorded (refined): Das_2
2026-03-10 01:21:53 	 SKIP already recorded (refined): Das_3
2026-03-10 01:21:53 	 SKIP already recorded (refined): Das_4
2026-03-10 01:21:53 	 SKIP already recorded (refined): Das_5
2026-03-10 01:21:53 	 SKIP already recorded (refined): Das_6
2026-03-10 01:21:53 	 SKIP already recorded (refined): Das_7
2026-03-10 01:21:53 	 SKIP already recorded (refined): Das_8
2026-03-10 01:21:53 	 SKIP already recorded (refined): Das_9
2026-03-10 01:21:53 	 SKIP already recorded (refined): FARFAR2_1
2026-03-10 01:21:53 	 SKIP already recorded (refined): FARFAR2_10
2026-03-10 01:21:53 	 SKIP already recorded (refined): FARFAR2_2
2026-03-10 01:21:53 	 SKIP already recorded (refined): FARFAR2_3
2026-03-10 01:21:53 	 SKIP already recorded (refined): FARFAR2_4
2026-03-10 01:21:53 	 SKIP already recorded (refined): FARFAR2_5
2026-03-10 01:21:53 	 SKIP already recorded (refined): FARFAR2_6
2026-03-10 01:21:53 	 SKIP already recorded (refined): FARFAR2_7
2026-03-10 01:21:53 	 SKIP already recorded (refined): FARFAR2_8
2026-03-10 01:21:53 	 SKIP already recorded (refined): FARFAR2_9
2026-03-10 01:21:53 	 SKIP already recorded (refined): iFoldRNA_1
2026-03-10 01:21:53 	 SKIP already recorded (refined): iFoldRNA_2
2026-03-10 01:21:54 	 SKIP already recorded (refined): iFoldRNA_3
2026-03-10 01:21:54 	 SKIP already recorded (refined): iFoldRNA_4
2026-03-10 01:21:54 	 SKIP already recorded (refined): iFoldRNA_5
2026-03-10 01:21:54 	 SKIP already recorded (refined): RNAComposer_1
2026-03-10 01:21:54 	 SKIP already recorded (refined): RNAComposer_2
2026-03-10 01:21:54 	 SKIP already recorded (refined): RNAComposer_3
2026-03-10 01:21:54 	 SKIP already recorded (refined): RNAComposer_4
2026-03-10 01:21:54 	 SKIP already recorded (refined): RNAComposer_5
2026-03-10 01:21:54 	 SKIP already recorded (refined): SimRNA_1
2026-03-10 01:21:54 	 SKIP already recorded (refined): SimRNA_2
2026-03-10 01:21:54 	 SKIP already recorded (refined): SimRNA_3
2026-03-10 01:21:54 	 SKIP already recorded (refined): SimRNA_4
2026-03-10 01:21:54 	 SKIP already recorded (refined): SimRNA_5
2026-03-10 01:21:54 	 SKIP already recorded (refined): TFN_1
2026-03-10 01:21:54 	 SKIP already recorded (refined): TFN_10
2026-03-10 01:21:54 	 SKIP already recorded (refined): TFN_2
2026-03-10 01:21:54 	 SKIP already recorded (refined): TFN_3
2026-03-10 01:21:54 	 SKIP already recorded (refined): TFN_4
2026-03-10 01:21:54 	 SKIP already recorded (refined): TFN_5
2026-03-10 01:21:54 	 SKIP already recorded (refined): TFN_6
2026-03-10 01:21:54 	 SKIP already recorded (refined): TFN_7
2026-03-10 01:21:54 	 SKIP already recorded (refined): TFN_8
2026-03-10 01:21:54 	 SKIP already recorded (refined): TFN_9
2026-03-10 01:21:54 	 SKIP already recorded (refined): Xiao_1
2026-03-10 01:21:54 	 SKIP already recorded (refined): Xiao_2
2026-03-10 01:21:54 	 SKIP already recorded (refined): Xiao_3
2026-03-10 01:21:54 	 SKIP already recorded (refined): Xiao_4
2026-03-10 01:21:54 	 SKIP already recorded (refined): Xiao_5
2026-03-10 01:21:54 	 SKIP (model is a solution file): PZ27tRNA_Adamiak_1_solution.pdb
2026-03-10 01:21:54 	 SKIP (model is a solution file): PZ27tRNA_Adamiak_2_solution.pdb
2026-03-10 01:21:54 	 SKIP (model is a solution file): PZ27tRNA_Bujnicki_1_solution.pdb
2026-03-10 01:21:54 	 SKIP (model is a solution file): PZ27tRNA_Bujnicki_2_solution.pdb
2026-03-10 01:21:54 	 SKIP (model is a solution file): PZ27tRNA_Bujnicki_3_solution.pdb
2026-03-10 01:21:54 	 SKIP (model is a solution file): PZ27tRNA_Bujnicki_4_solution.pdb
2026-03-10 01:21:54 	 SKIP (model is a solution file): PZ27tRNA_Bujnicki_5_solution.pdb
2026-03-10 01:21:54 	 SKIP (model is a solution file): PZ27tRNA_Chen_1_solution.pdb
2026-03-10 01:21:54 	 SKIP (model is a solution file): PZ27tRNA_Chen_10_solution.pdb
2026-03-10 01:21:54 	 SKIP (model is a solution file): PZ27tRNA_Chen_2_solution.pdb
2026-03-10 01:21:54 	 SKIP (model is a solution file): PZ27tRNA_Chen_3_solution.pdb
2026-03-10 01:21:54 	 SKIP (model is a solution file): PZ27tRNA_Chen_4_solution.pdb
2026-03-10 01:21:54 	 SKIP (model is a solution file): PZ27tRNA_Chen_5_solution.pdb
2026-03-10 01:21:54 	 SKIP (model is a solution file): PZ27tRNA_Chen_6_solution.pdb
2026-03-10 01:21:54 	 SKIP (model is a solution file): PZ27tRNA_Chen_7_solution.pdb
2026-03-10 01:21:54 	 SKIP (model is a solution file): PZ27tRNA_Chen_8_solution.pdb
2026-03-10 01:21:54 	 SKIP (model is a solution file): PZ27tRNA_Chen_9_solution.pdb
2026-03-10 01:21:54 	 SKIP (model is a solution file): PZ27tRNA_Das_1_solution.pdb
2026-03-10 01:21:54 	 SKIP (model is a solution file): PZ27tRNA_Das_10_solution.pdb
2026-03-10 01:21:54 	 SKIP (model is a solution file): PZ27tRNA_Das_2_solution.pdb
2026-03-10 01:21:54 	 SKIP (model is a solution file): PZ27tRNA_Das_3_solution.pdb
2026-03-10 01:21:54 	 SKIP (model is a solution file): PZ27tRNA_Das_4_solution.pdb
2026-03-10 01:21:54 	 SKIP (model is a solution file): PZ27tRNA_Das_5_solution.pdb
2026-03-10 01:21:54 	 SKIP (model is a solution file): PZ27tRNA_Das_6_solution.pdb
2026-03-10 01:21:54 	 SKIP (model is a solution file): PZ27tRNA_Das_7_solution.pdb
2026-03-10 01:21:54 	 SKIP (model is a solution file): PZ27tRNA_Das_8_solution.pdb
2026-03-10 01:21:54 	 SKIP (model is a solution file): PZ27tRNA_Das_9_solution.pdb
2026-03-10 01:21:54 	 SKIP (model is a solution file): PZ27tRNA_FARFAR2_1_solution.pdb
2026-03-10 01:21:54 	 SKIP (model is a solution file): PZ27tRNA_FARFAR2_10_solution.pdb
2026-03-10 01:21:54 	 SKIP (model is a solution file): PZ27tRNA_FARFAR2_2_solution.pdb
2026-03-10 01:21:54 	 SKIP (model is a solution file): PZ27tRNA_FARFAR2_3_solution.pdb
2026-03-10 01:21:54 	 SKIP (model is a solution file): PZ27tRNA_FARFAR2_4_solution.pdb
2026-03-10 01:21:54 	 SKIP (model is a solution file): PZ27tRNA_FARFAR2_5_solution.pdb
2026-03-10 01:21:54 	 SKIP (model is a solution file): PZ27tRNA_FARFAR2_6_solution.pdb
2026-03-10 01:21:54 	 SKIP (model is a solution file): PZ27tRNA_FARFAR2_7_solution.pdb
2026-03-10 01:21:54 	 SKIP (model is a solution file): PZ27tRNA_FARFAR2_8_solution.pdb
2026-03-10 01:21:54 	 SKIP (model is a solution file): PZ27tRNA_FARFAR2_9_solution.pdb
2026-03-10 01:21:54 	 SKIP (model is a solution file): PZ27tRNA_iFoldRNA_1_solution.pdb
2026-03-10 01:21:54 	 SKIP (model is a solution file): PZ27tRNA_iFoldRNA_2_solution.pdb
2026-03-10 01:21:54 	 SKIP (model is a solution file): PZ27tRNA_iFoldRNA_3_solution.pdb
2026-03-10 01:21:54 	 SKIP (model is a solution file): PZ27tRNA_iFoldRNA_4_solution.pdb
2026-03-10 01:21:54 	 SKIP (model is a solution file): PZ27tRNA_iFoldRNA_5_solution.pdb
2026-03-10 01:21:54 	 SKIP (model is a solution file): PZ27tRNA_RNAComposer_1_solution.pdb
2026-03-10 01:21:54 	 SKIP (model is a solution file): PZ27tRNA_RNAComposer_2_solution.pdb
2026-03-10 01:21:55 	 SKIP (model is a solution file): PZ27tRNA_RNAComposer_3_solution.pdb
2026-03-10 01:21:55 	 SKIP (model is a solution file): PZ27tRNA_RNAComposer_4_solution.pdb
2026-03-10 01:21:55 	 SKIP (model is a solution file): PZ27tRNA_RNAComposer_5_solution.pdb
2026-03-10 01:21:55 	 SKIP (model is a solution file): PZ27tRNA_SimRNA_1_solution.pdb
2026-03-10 01:21:55 	 SKIP (model is a solution file): PZ27tRNA_SimRNA_2_solution.pdb
2026-03-10 01:21:55 	 SKIP (model is a solution file): PZ27tRNA_SimRNA_3_solution.pdb
2026-03-10 01:21:55 	 SKIP (model is a solution file): PZ27tRNA_SimRNA_4_solution.pdb
2026-03-10 01:21:55 	 SKIP (model is a solution file): PZ27tRNA_SimRNA_5_solution.pdb
2026-03-10 01:21:55 	 SKIP (model is a solution file): PZ27tRNA_solution_0.pdb
2026-03-10 01:21:55 	 SKIP (model is a solution file): PZ27tRNA_TFN_1_solution.pdb
2026-03-10 01:21:55 	 SKIP (model is a solution file): PZ27tRNA_TFN_10_solution.pdb
2026-03-10 01:21:55 	 SKIP (model is a solution file): PZ27tRNA_TFN_2_solution.pdb
2026-03-10 01:21:55 	 SKIP (model is a solution file): PZ27tRNA_TFN_3_solution.pdb
2026-03-10 01:21:55 	 SKIP (model is a solution file): PZ27tRNA_TFN_4_solution.pdb
2026-03-10 01:21:55 	 SKIP (model is a solution file): PZ27tRNA_TFN_5_solution.pdb
2026-03-10 01:21:55 	 SKIP (model is a solution file): PZ27tRNA_TFN_6_solution.pdb
2026-03-10 01:21:55 	 SKIP (model is a solution file): PZ27tRNA_TFN_7_solution.pdb
2026-03-10 01:21:55 	 SKIP (model is a solution file): PZ27tRNA_TFN_8_solution.pdb
2026-03-10 01:21:55 	 SKIP (model is a solution file): PZ27tRNA_TFN_9_solution.pdb
2026-03-10 01:21:55 	 SKIP (model is a solution file): PZ27tRNA_Xiao_1_solution.pdb
2026-03-10 01:21:55 	 SKIP (model is a solution file): PZ27tRNA_Xiao_2_solution.pdb
2026-03-10 01:21:55 	 SKIP (model is a solution file): PZ27tRNA_Xiao_3_solution.pdb
2026-03-10 01:21:55 	 SKIP (model is a solution file): PZ27tRNA_Xiao_4_solution.pdb
2026-03-10 01:21:55 	 SKIP (model is a solution file): PZ27tRNA_Xiao_5_solution.pdb
2026-03-10 01:21:55 	 DONE case: PZ27tRNA
