{
  "native_pdb": "/tmp/rna_inf_t937j1cl/PZ27tRNA_Adamiak_1_solution_normalized.pdb",
  "native_index": null,
  "model_pdb": "/tmp/rna_inf_n4cyai04/PZ27tRNA_Adamiak_1_refined_normalized.pdb",
  "model_index": null,
  "rmsd": 19.1399422321989,
  "inf_all": 0.7805976659824845,
  "inf_wc": 0.9650585620411924,
  "inf_nwc": 0.501280411827603,
  "inf_stack": 0.7195699249143751
}
{
  "native_pdb": "/tmp/rna_inf_4r1hxnfq/PZ27tRNA_Adamiak_2_solution_normalized.pdb",
  "native_index": null,
  "model_pdb": "/tmp/rna_inf_biuvuqkq/PZ27tRNA_Adamiak_2_refined_normalized.pdb",
  "model_index": null,
  "rmsd": 19.20076170416304,
  "inf_all": 0.7808767068696055,
  "inf_wc": 0.9650585620411924,
  "inf_nwc": 0.5163977794943222,
  "inf_stack": 0.7215015223400041
}
{
  "native_pdb": "/tmp/rna_inf_cpnlskab/PZ27tRNA_Bujnicki_1_solution_normalized.pdb",
  "native_index": null,
  "model_pdb": "/tmp/rna_inf_i4zf3u8m/PZ27tRNA_Bujnicki_1_refined_normalized.pdb",
  "model_index": null,
  "rmsd": 15.730122050758919,
  "inf_all": 0.7131170915383855,
  "inf_wc": 0.7972222903818547,
  "inf_nwc": 0.5728918992315463,
  "inf_stack": 0.691738763391588
}
{
  "native_pdb": "/tmp/rna_inf_o33o5qm1/PZ27tRNA_Bujnicki_2_solution_normalized.pdb",
  "native_index": null,
  "model_pdb": "/tmp/rna_inf_i_1kqcqx/PZ27tRNA_Bujnicki_2_refined_normalized.pdb",
  "model_index": null,
  "rmsd": 16.489910850103495,
  "inf_all": 0.7130851605973887,
  "inf_wc": 0.8062771972092695,
  "inf_nwc": 0.5962847939999438,
  "inf_stack": 0.6871092284475535
}
{
  "native_pdb": "/tmp/rna_inf_br1tpxhi/PZ27tRNA_Bujnicki_3_solution_normalized.pdb",
  "native_index": null,
  "model_pdb": "/tmp/rna_inf_6mzjh_us/PZ27tRNA_Bujnicki_3_refined_normalized.pdb",
  "model_index": null,
  "rmsd": 15.933550730624402,
  "inf_all": 0.7065618047809736,
  "inf_wc": 0.7620634755325443,
  "inf_nwc": 0.5962847939999438,
  "inf_stack": 0.6930840913036193
}
{
  "native_pdb": "/tmp/rna_inf_c1q30et3/PZ27tRNA_Bujnicki_4_solution_normalized.pdb",
  "native_index": null,
  "model_pdb": "/tmp/rna_inf_9_j2p943/PZ27tRNA_Bujnicki_4_refined_normalized.pdb",
  "model_index": null,
  "rmsd": 23.50132897727272,
  "inf_all": 0.7104293407163834,
  "inf_wc": 0.8062771972092695,
  "inf_nwc": 0.5962847939999438,
  "inf_stack": 0.6834832969188631
}
{
  "native_pdb": "/tmp/rna_inf_nfucfy7b/PZ27tRNA_Bujnicki_5_solution_normalized.pdb",
  "native_index": null,
  "model_pdb": "/tmp/rna_inf_9igi2t26/PZ27tRNA_Bujnicki_5_refined_normalized.pdb",
  "model_index": null,
  "rmsd": 23.52808041683816,
  "inf_all": 0.7117535344856182,
  "inf_wc": 0.7888106377466155,
  "inf_nwc": 0.6227991553292184,
  "inf_stack": 0.6889439693063261
}
{
  "native_pdb": "/tmp/rna_inf_1i5yb6n7/PZ27tRNA_Chen_1_solution_normalized.pdb",
  "native_index": null,
  "model_pdb": "/tmp/rna_inf_80wmullk/PZ27tRNA_Chen_1_refined_normalized.pdb",
  "model_index": null,
  "rmsd": 14.629039401442187,
  "inf_all": 0.7449548884453167,
  "inf_wc": 0.9296696802013682,
  "inf_nwc": 0.5163977794943222,
  "inf_stack": 0.6880912287629081
}
{
  "native_pdb": "/tmp/rna_inf_2zzueieo/PZ27tRNA_Chen_10_solution_normalized.pdb",
  "native_index": null,
  "model_pdb": "/tmp/rna_inf_r99dgs0a/PZ27tRNA_Chen_10_refined_normalized.pdb",
  "model_index": null,
  "rmsd": 15.822634794753254,
  "inf_all": 0.8100949735301471,
  "inf_wc": 0.9661876207644758,
  "inf_nwc": 0.6,
  "inf_stack": 0.7609716885069214
}
{
  "native_pdb": "/tmp/rna_inf_e2m25ug6/PZ27tRNA_Chen_2_solution_normalized.pdb",
  "native_index": null,
  "model_pdb": "/tmp/rna_inf_m25vb4od/PZ27tRNA_Chen_2_refined_normalized.pdb",
  "model_index": null,
  "rmsd": 11.817634889837393,
  "inf_all": 0.7814923602139573,
  "inf_wc": 0.9517467718927232,
  "inf_nwc": 0.6,
  "inf_stack": 0.7247349414351631
}
{
  "native_pdb": "/tmp/rna_inf_4l3lz2ea/PZ27tRNA_Chen_3_solution_normalized.pdb",
  "native_index": null,
  "model_pdb": "/tmp/rna_inf_8eg8siec/PZ27tRNA_Chen_3_refined_normalized.pdb",
  "model_index": null,
  "rmsd": 13.70981488091049,
  "inf_all": 0.7659421150521517,
  "inf_wc": 0.9444444444444444,
  "inf_nwc": 0.5636018619766345,
  "inf_stack": 0.7057998084471734
}
{
  "native_pdb": "/tmp/rna_inf_yjqpxe0i/PZ27tRNA_Chen_4_solution_normalized.pdb",
  "native_index": null,
  "model_pdb": "/tmp/rna_inf_dlh3gln7/PZ27tRNA_Chen_4_refined_normalized.pdb",
  "model_index": null,
  "rmsd": 11.874160604542169,
  "inf_all": 0.7889940153387539,
  "inf_wc": 0.9589940926145842,
  "inf_nwc": 0.6,
  "inf_stack": 0.7328417858328713
}
{
  "native_pdb": "/tmp/rna_inf_vk8zxf6f/PZ27tRNA_Chen_5_solution_normalized.pdb",
  "native_index": null,
  "model_pdb": "/tmp/rna_inf_858c3pm8/PZ27tRNA_Chen_5_refined_normalized.pdb",
  "model_index": null,
  "rmsd": 15.343314792728428,
  "inf_all": 0.7739314046910322,
  "inf_wc": 0.9296696802013682,
  "inf_nwc": 0.5809475019311126,
  "inf_stack": 0.7267123937911688
}
{
  "native_pdb": "/tmp/rna_inf_a71n6muv/PZ27tRNA_Chen_6_solution_normalized.pdb",
  "native_index": null,
  "model_pdb": "/tmp/rna_inf_n0k_ox4x/PZ27tRNA_Chen_6_refined_normalized.pdb",
  "model_index": null,
  "rmsd": 17.13802875660776,
  "inf_all": 0.7937613914571299,
  "inf_wc": 0.951072206069581,
  "inf_nwc": 0.5809475019311126,
  "inf_stack": 0.7452697394194467
}
{
  "native_pdb": "/tmp/rna_inf_7seeafoz/PZ27tRNA_Chen_7_solution_normalized.pdb",
  "native_index": null,
  "model_pdb": "/tmp/rna_inf_xpgp0rja/PZ27tRNA_Chen_7_refined_normalized.pdb",
  "model_index": null,
  "rmsd": 16.196140475635257,
  "inf_all": 0.7908163473153064,
  "inf_wc": 0.9589940926145842,
  "inf_nwc": 0.6210590034081188,
  "inf_stack": 0.7290317968708719
}
{
  "native_pdb": "/tmp/rna_inf_1994jkkq/PZ27tRNA_Chen_8_solution_normalized.pdb",
  "native_index": null,
  "model_pdb": "/tmp/rna_inf_iwcz7ktg/PZ27tRNA_Chen_8_refined_normalized.pdb",
  "model_index": null,
  "rmsd": 14.89271603387825,
  "inf_all": 0.7982394288704936,
  "inf_wc": 0.9525793444156804,
  "inf_nwc": 0.6210590034081188,
  "inf_stack": 0.7450846270762318
}
{
  "native_pdb": "/tmp/rna_inf_fkny0ady/PZ27tRNA_Chen_9_solution_normalized.pdb",
  "native_index": null,
  "model_pdb": "/tmp/rna_inf_8ujskmuf/PZ27tRNA_Chen_9_refined_normalized.pdb",
  "model_index": null,
  "rmsd": 11.862475705531859,
  "inf_all": 0.8136201946751876,
  "inf_wc": 0.9726940082233639,
  "inf_nwc": 0.5636018619766345,
  "inf_stack": 0.7675503563324496
}
{
  "native_pdb": "/tmp/rna_inf_17yg1p3a/PZ27tRNA_Das_1_solution_normalized.pdb",
  "native_index": null,
  "model_pdb": "/tmp/rna_inf_0b84hz22/PZ27tRNA_Das_1_refined_normalized.pdb",
  "model_index": null,
  "rmsd": 12.374586672748825,
  "inf_all": 0.8013683817652019,
  "inf_wc": 0.9223309842157773,
  "inf_nwc": 0.6900655593423543,
  "inf_stack": 0.7568693853683752
}
{
  "native_pdb": "/tmp/rna_inf_it0wix99/PZ27tRNA_Das_10_solution_normalized.pdb",
  "native_index": null,
  "model_pdb": "/tmp/rna_inf_h3vfl4td/PZ27tRNA_Das_10_refined_normalized.pdb",
  "model_index": null,
  "rmsd": 13.2809346740194,
  "inf_all": 0.7964376238426417,
  "inf_wc": 0.9340808971963416,
  "inf_nwc": 0.6262242910851494,
  "inf_stack": 0.7509361402508744
}
{
  "native_pdb": "/tmp/rna_inf_hjckyy3s/PZ27tRNA_Das_2_solution_normalized.pdb",
  "native_index": null,
  "model_pdb": "/tmp/rna_inf_5f2ung8i/PZ27tRNA_Das_2_refined_normalized.pdb",
  "model_index": null,
  "rmsd": 10.205120371423563,
  "inf_all": 0.8009789931250891,
  "inf_wc": 0.9525793444156804,
  "inf_nwc": 0.5923488777590924,
  "inf_stack": 0.7567974928774981
}
{
  "native_pdb": "/tmp/rna_inf_b3ftyejz/PZ27tRNA_Das_3_solution_normalized.pdb",
  "native_index": null,
  "model_pdb": "/tmp/rna_inf_19ey_m9f/PZ27tRNA_Das_3_refined_normalized.pdb",
  "model_index": null,
  "rmsd": 12.261717589523256,
  "inf_all": 0.8003417298418702,
  "inf_wc": 0.9340808971963416,
  "inf_nwc": 0.6666666666666666,
  "inf_stack": 0.7528891085644884
}
{
  "native_pdb": "/tmp/rna_inf_ql2l824x/PZ27tRNA_Das_4_solution_normalized.pdb",
  "native_index": null,
  "model_pdb": "/tmp/rna_inf_ib_8itc6/PZ27tRNA_Das_4_refined_normalized.pdb",
  "model_index": null,
  "rmsd": 14.872647971589862,
  "inf_all": 0.805258519540761,
  "inf_wc": 0.9462916232627814,
  "inf_nwc": 0.6454972243679028,
  "inf_stack": 0.7588075827203418
}
{
  "native_pdb": "/tmp/rna_inf_qvz246b9/PZ27tRNA_Das_5_solution_normalized.pdb",
  "native_index": null,
  "model_pdb": "/tmp/rna_inf_60gnicrd/PZ27tRNA_Das_5_refined_normalized.pdb",
  "model_index": null,
  "rmsd": 10.766371932890387,
  "inf_all": 0.8028032412521738,
  "inf_wc": 0.9589940926145842,
  "inf_nwc": 0.6666666666666666,
  "inf_stack": 0.7488599601024064
}
{
  "native_pdb": "/tmp/rna_inf_0zvukjzy/PZ27tRNA_Das_6_solution_normalized.pdb",
  "native_index": null,
  "model_pdb": "/tmp/rna_inf_yiqtg8zu/PZ27tRNA_Das_6_refined_normalized.pdb",
  "model_index": null,
  "rmsd": 11.871820092129285,
  "inf_all": 0.8013683817652019,
  "inf_wc": 0.9462916232627814,
  "inf_nwc": 0.6900655593423543,
  "inf_stack": 0.7488599601024064
}
{
  "native_pdb": "/tmp/rna_inf_0tawmprl/PZ27tRNA_Das_7_solution_normalized.pdb",
  "native_index": null,
  "model_pdb": "/tmp/rna_inf_3z_wbdr9/PZ27tRNA_Das_7_refined_normalized.pdb",
  "model_index": null,
  "rmsd": 12.217281049745205,
  "inf_all": 0.7995675753005185,
  "inf_wc": 0.9462916232627814,
  "inf_nwc": 0.6085806194501846,
  "inf_stack": 0.7548032931190922
}
{
  "native_pdb": "/tmp/rna_inf_v0o36fh5/PZ27tRNA_Das_8_solution_normalized.pdb",
  "native_index": null,
  "model_pdb": "/tmp/rna_inf_l7nn_06r/PZ27tRNA_Das_8_refined_normalized.pdb",
  "model_index": null,
  "rmsd": 10.927740711200654,
  "inf_all": 0.7989061381392993,
  "inf_wc": 0.9340808971963416,
  "inf_nwc": 0.6666666666666666,
  "inf_stack": 0.7508624854844993
}
{
  "native_pdb": "/tmp/rna_inf_e5_o4pjy/PZ27tRNA_Das_9_solution_normalized.pdb",
  "native_index": null,
  "model_pdb": "/tmp/rna_inf_vwip720t/PZ27tRNA_Das_9_refined_normalized.pdb",
  "model_index": null,
  "rmsd": 11.889113290258559,
  "inf_all": 0.8028032412521738,
  "inf_wc": 0.9401267913629436,
  "inf_nwc": 0.6666666666666666,
  "inf_stack": 0.7548429576747573
}
{
  "native_pdb": "/tmp/rna_inf_qhifwuee/PZ27tRNA_FARFAR2_1_solution_normalized.pdb",
  "native_index": null,
  "model_pdb": "/tmp/rna_inf_cuf84273/PZ27tRNA_FARFAR2_1_refined_normalized.pdb",
  "model_index": null,
  "rmsd": 10.927740711200654,
  "inf_all": 0.7989061381392993,
  "inf_wc": 0.9340808971963416,
  "inf_nwc": 0.6666666666666666,
  "inf_stack": 0.7508624854844993
}
{
  "native_pdb": "/tmp/rna_inf_e021xmkh/PZ27tRNA_FARFAR2_10_solution_normalized.pdb",
  "native_index": null,
  "model_pdb": "/tmp/rna_inf_4x72z48l/PZ27tRNA_FARFAR2_10_refined_normalized.pdb",
  "model_index": null,
  "rmsd": 16.65884012482123,
  "inf_all": 0.8046953887783311,
  "inf_wc": 0.9401267913629436,
  "inf_nwc": 0.7161148740394329,
  "inf_stack": 0.7528891085644884
}
{
  "native_pdb": "/tmp/rna_inf_650qns86/PZ27tRNA_FARFAR2_2_solution_normalized.pdb",
  "native_index": null,
  "model_pdb": "/tmp/rna_inf_zsdyijst/PZ27tRNA_FARFAR2_2_refined_normalized.pdb",
  "model_index": null,
  "rmsd": 10.205120371423563,
  "inf_all": 0.8009789931250891,
  "inf_wc": 0.9525793444156804,
  "inf_nwc": 0.5923488777590924,
  "inf_stack": 0.7567974928774981
}
{
  "native_pdb": "/tmp/rna_inf_b6dum9tb/PZ27tRNA_FARFAR2_3_solution_normalized.pdb",
  "native_index": null,
  "model_pdb": "/tmp/rna_inf_vdzfi4o7/PZ27tRNA_FARFAR2_3_refined_normalized.pdb",
  "model_index": null,
  "rmsd": 12.374586672748825,
  "inf_all": 0.8013683817652019,
  "inf_wc": 0.9223309842157773,
  "inf_nwc": 0.6900655593423543,
  "inf_stack": 0.7568693853683752
}
{
  "native_pdb": "/tmp/rna_inf_t2bisbwc/PZ27tRNA_FARFAR2_4_solution_normalized.pdb",
  "native_index": null,
  "model_pdb": "/tmp/rna_inf_rhpvwje1/PZ27tRNA_FARFAR2_4_refined_normalized.pdb",
  "model_index": null,
  "rmsd": 12.261717589523256,
  "inf_all": 0.8003417298418702,
  "inf_wc": 0.9340808971963416,
  "inf_nwc": 0.6666666666666666,
  "inf_stack": 0.7528891085644884
}
{
  "native_pdb": "/tmp/rna_inf_95vm7_3b/PZ27tRNA_FARFAR2_5_solution_normalized.pdb",
  "native_index": null,
  "model_pdb": "/tmp/rna_inf_f2gbd6_c/PZ27tRNA_FARFAR2_5_refined_normalized.pdb",
  "model_index": null,
  "rmsd": 14.872647971589862,
  "inf_all": 0.805258519540761,
  "inf_wc": 0.9462916232627814,
  "inf_nwc": 0.6454972243679028,
  "inf_stack": 0.7588075827203418
}
{
  "native_pdb": "/tmp/rna_inf_tcdzasfq/PZ27tRNA_FARFAR2_6_solution_normalized.pdb",
  "native_index": null,
  "model_pdb": "/tmp/rna_inf_4g1kmp16/PZ27tRNA_FARFAR2_6_refined_normalized.pdb",
  "model_index": null,
  "rmsd": 10.448403794302076,
  "inf_all": 0.7993180586474211,
  "inf_wc": 0.9525793444156804,
  "inf_nwc": 0.6900655593423543,
  "inf_stack": 0.7428613234259517
}
{
  "native_pdb": "/tmp/rna_inf_xq8jon5d/PZ27tRNA_FARFAR2_7_solution_normalized.pdb",
  "native_index": null,
  "model_pdb": "/tmp/rna_inf_50vax6s3/PZ27tRNA_FARFAR2_7_refined_normalized.pdb",
  "model_index": null,
  "rmsd": 12.217281049745205,
  "inf_all": 0.7995675753005185,
  "inf_wc": 0.9462916232627814,
  "inf_nwc": 0.6085806194501846,
  "inf_stack": 0.7548032931190922
}
{
  "native_pdb": "/tmp/rna_inf_2tnxpbfg/PZ27tRNA_FARFAR2_8_solution_normalized.pdb",
  "native_index": null,
  "model_pdb": "/tmp/rna_inf_h0vhicx8/PZ27tRNA_FARFAR2_8_refined_normalized.pdb",
  "model_index": null,
  "rmsd": 10.766371932890387,
  "inf_all": 0.8028032412521738,
  "inf_wc": 0.9589940926145842,
  "inf_nwc": 0.6666666666666666,
  "inf_stack": 0.7488599601024064
}
{
  "native_pdb": "/tmp/rna_inf_ij_xgr0e/PZ27tRNA_FARFAR2_9_solution_normalized.pdb",
  "native_index": null,
  "model_pdb": "/tmp/rna_inf_5wmb4g5q/PZ27tRNA_FARFAR2_9_refined_normalized.pdb",
  "model_index": null,
  "rmsd": 11.871820092129285,
  "inf_all": 0.8013683817652019,
  "inf_wc": 0.9462916232627814,
  "inf_nwc": 0.6900655593423543,
  "inf_stack": 0.7488599601024064
}
{
  "native_pdb": "/tmp/rna_inf_l0p87_x1/PZ27tRNA_iFoldRNA_1_solution_normalized.pdb",
  "native_index": null,
  "model_pdb": "/tmp/rna_inf_ctw9u796/PZ27tRNA_iFoldRNA_1_refined_normalized.pdb",
  "model_index": null,
  "rmsd": 68.36477254950086,
  "inf_all": 0.50768495088121,
  "inf_wc": 0.41147559989891175,
  "inf_nwc": 0.0,
  "inf_stack": 0.5804681370102908
}
{
  "native_pdb": "/tmp/rna_inf_5y2usa0v/PZ27tRNA_iFoldRNA_2_solution_normalized.pdb",
  "native_index": null,
  "model_pdb": "/tmp/rna_inf_rqvsjrux/PZ27tRNA_iFoldRNA_2_refined_normalized.pdb",
  "model_index": null,
  "rmsd": 57.505511167029,
  "inf_all": 0.4731769307474221,
  "inf_wc": 0.43207928260904654,
  "inf_nwc": 0.0,
  "inf_stack": 0.5248914004880288
}
{
  "native_pdb": "/tmp/rna_inf_1agv2wzt/PZ27tRNA_iFoldRNA_3_solution_normalized.pdb",
  "native_index": null,
  "model_pdb": "/tmp/rna_inf_w9op2pc9/PZ27tRNA_iFoldRNA_3_refined_normalized.pdb",
  "model_index": null,
  "rmsd": 53.25489508565582,
  "inf_all": 0.4844384105989373,
  "inf_wc": 0.4473962434942994,
  "inf_nwc": 0.0,
  "inf_stack": 0.5294229211115635
}
{
  "native_pdb": "/tmp/rna_inf_0z5zrhsy/PZ27tRNA_iFoldRNA_4_solution_normalized.pdb",
  "native_index": null,
  "model_pdb": "/tmp/rna_inf_6fc02snj/PZ27tRNA_iFoldRNA_4_refined_normalized.pdb",
  "model_index": null,
  "rmsd": 72.60285003397078,
  "inf_all": 0.48674257662689296,
  "inf_wc": 0.4473962434942994,
  "inf_nwc": 0.0,
  "inf_stack": 0.5389783587284502
}
{
  "native_pdb": "/tmp/rna_inf_r8e6wmdy/PZ27tRNA_iFoldRNA_5_solution_normalized.pdb",
  "native_index": null,
  "model_pdb": "/tmp/rna_inf_4osavjox/PZ27tRNA_iFoldRNA_5_refined_normalized.pdb",
  "model_index": null,
  "rmsd": 59.814350234352894,
  "inf_all": 0.49066791998678727,
  "inf_wc": 0.45550680550843436,
  "inf_nwc": 0.0,
  "inf_stack": 0.5363131839289357
}
{
  "native_pdb": "/tmp/rna_inf_siusr04z/PZ27tRNA_RNAComposer_1_solution_normalized.pdb",
  "native_index": null,
  "model_pdb": "/tmp/rna_inf_h0bx3f6n/PZ27tRNA_RNAComposer_1_refined_normalized.pdb",
  "model_index": null,
  "rmsd": 20.792058863420902,
  "inf_all": 0.7547584472298502,
  "inf_wc": 0.9452941770058044,
  "inf_nwc": 0.4564354645876384,
  "inf_stack": 0.6886747640568583
}
{
  "native_pdb": "/tmp/rna_inf_ap9hwmk8/PZ27tRNA_RNAComposer_2_solution_normalized.pdb",
  "native_index": null,
  "model_pdb": "/tmp/rna_inf_30v37i4x/PZ27tRNA_RNAComposer_2_refined_normalized.pdb",
  "model_index": null,
  "rmsd": 21.66040451535328,
  "inf_all": 0.785052518136288,
  "inf_wc": 0.9583333333333334,
  "inf_nwc": 0.5715476066494082,
  "inf_stack": 0.7231226258864156
}
{
  "native_pdb": "/tmp/rna_inf_vnko2qzt/PZ27tRNA_RNAComposer_3_solution_normalized.pdb",
  "native_index": null,
  "model_pdb": "/tmp/rna_inf_ltrbty77/PZ27tRNA_RNAComposer_3_refined_normalized.pdb",
  "model_index": null,
  "rmsd": 15.992492254064658,
  "inf_all": 0.7510615380804445,
  "inf_wc": 0.9315942613970246,
  "inf_nwc": 0.6024640760767093,
  "inf_stack": 0.6777636008172533
}
{
  "native_pdb": "/tmp/rna_inf_w1utmcln/PZ27tRNA_RNAComposer_4_solution_normalized.pdb",
  "native_index": null,
  "model_pdb": "/tmp/rna_inf_cchyup48/PZ27tRNA_RNAComposer_4_refined_normalized.pdb",
  "model_index": null,
  "rmsd": 14.101934526263015,
  "inf_all": 0.7521642259464936,
  "inf_wc": 0.9253627917180894,
  "inf_nwc": 0.46188021535170065,
  "inf_stack": 0.6910642251878698
}
{
  "native_pdb": "/tmp/rna_inf_ea19n1mz/PZ27tRNA_RNAComposer_5_solution_normalized.pdb",
  "native_index": null,
  "model_pdb": "/tmp/rna_inf_x0ivkxo5/PZ27tRNA_RNAComposer_5_refined_normalized.pdb",
  "model_index": null,
  "rmsd": 21.564894618768033,
  "inf_all": 0.7669491525423728,
  "inf_wc": 0.937953340416017,
  "inf_nwc": 0.46188021535170065,
  "inf_stack": 0.710403054760033
}
{
  "native_pdb": "/tmp/rna_inf_vihepxpm/PZ27tRNA_SimRNA_1_solution_normalized.pdb",
  "native_index": null,
  "model_pdb": "/tmp/rna_inf_5wq4gn2f/PZ27tRNA_SimRNA_1_refined_normalized.pdb",
  "model_index": null,
  "rmsd": 69.39810882215419,
  "inf_all": 0.4804014238439461,
  "inf_wc": 0.42947784519366666,
  "inf_nwc": 0.0,
  "inf_stack": 0.5451889959208259
}
{
  "native_pdb": "/tmp/rna_inf_zhd07e0n/PZ27tRNA_SimRNA_2_solution_normalized.pdb",
  "native_index": null,
  "model_pdb": "/tmp/rna_inf_i_49o6d1/PZ27tRNA_SimRNA_2_refined_normalized.pdb",
  "model_index": null,
  "rmsd": 52.92752130874396,
  "inf_all": 0.49012672775719734,
  "inf_wc": 0.44610890810959697,
  "inf_nwc": 0.0,
  "inf_stack": 0.5450396075425897
}
{
  "native_pdb": "/tmp/rna_inf_1hhjvp9k/PZ27tRNA_SimRNA_3_solution_normalized.pdb",
  "native_index": null,
  "model_pdb": "/tmp/rna_inf_k5eqss74/PZ27tRNA_SimRNA_3_refined_normalized.pdb",
  "model_index": null,
  "rmsd": 61.22116085404606,
  "inf_all": 0.4988996430440585,
  "inf_wc": 0.4375565062966515,
  "inf_nwc": 0.0,
  "inf_stack": 0.5697386324448219
}
{
  "native_pdb": "/tmp/rna_inf_6gubr5e5/PZ27tRNA_SimRNA_4_solution_normalized.pdb",
  "native_index": null,
  "model_pdb": "/tmp/rna_inf_inngfa8q/PZ27tRNA_SimRNA_4_refined_normalized.pdb",
  "model_index": null,
  "rmsd": 65.8974988069817,
  "inf_all": 0.5073988007332115,
  "inf_wc": 0.4657971306985123,
  "inf_nwc": 0.0,
  "inf_stack": 0.5676163547812659
}
{
  "native_pdb": "/tmp/rna_inf_izn1ybwl/PZ27tRNA_SimRNA_5_solution_normalized.pdb",
  "native_index": null,
  "model_pdb": "/tmp/rna_inf_o4m5ztfy/PZ27tRNA_SimRNA_5_refined_normalized.pdb",
  "model_index": null,
  "rmsd": 42.229064180963476,
  "inf_all": 0.4728592592194616,
  "inf_wc": 0.4731458116313907,
  "inf_nwc": 0.0,
  "inf_stack": 0.5165946599694666
}
{
  "native_pdb": "/tmp/rna_inf_6wr_qa5f/PZ27tRNA_TFN_1_solution_normalized.pdb",
  "native_index": null,
  "model_pdb": "/tmp/rna_inf_mti9hjre/PZ27tRNA_TFN_1_refined_normalized.pdb",
  "model_index": null,
  "rmsd": 13.091297482765754,
  "inf_all": 0.8100949735301471,
  "inf_wc": 0.9589940926145842,
  "inf_nwc": 0.6454972243679028,
  "inf_stack": 0.7609716885069214
}
{
  "native_pdb": "/tmp/rna_inf_6s51y21z/PZ27tRNA_TFN_10_solution_normalized.pdb",
  "native_index": null,
  "model_pdb": "/tmp/rna_inf_q7zknuy0/PZ27tRNA_TFN_10_refined_normalized.pdb",
  "model_index": null,
  "rmsd": 11.027288988477114,
  "inf_all": 0.8081499418403276,
  "inf_wc": 0.9401267913629436,
  "inf_nwc": 0.6900655593423543,
  "inf_stack": 0.7608337747991601
}
{
  "native_pdb": "/tmp/rna_inf_nemxiow8/PZ27tRNA_TFN_2_solution_normalized.pdb",
  "native_index": null,
  "model_pdb": "/tmp/rna_inf_pk4lkts9/PZ27tRNA_TFN_2_refined_normalized.pdb",
  "model_index": null,
  "rmsd": 9.645319124439565,
  "inf_all": 0.8056962352805483,
  "inf_wc": 0.9589940926145842,
  "inf_nwc": 0.6085806194501846,
  "inf_stack": 0.7589122214330043
}
{
  "native_pdb": "/tmp/rna_inf_rno0h_f_/PZ27tRNA_TFN_3_solution_normalized.pdb",
  "native_index": null,
  "model_pdb": "/tmp/rna_inf_oou3dsdt/PZ27tRNA_TFN_3_refined_normalized.pdb",
  "model_index": null,
  "rmsd": 11.304616455845881,
  "inf_all": 0.7989061381392993,
  "inf_wc": 0.9525793444156804,
  "inf_nwc": 0.5923488777590924,
  "inf_stack": 0.7528891085644884
}
{
  "native_pdb": "/tmp/rna_inf_sc_irxl6/PZ27tRNA_TFN_4_solution_normalized.pdb",
  "native_index": null,
  "model_pdb": "/tmp/rna_inf__0hat7hw/PZ27tRNA_TFN_4_refined_normalized.pdb",
  "model_index": null,
  "rmsd": 11.735556866018145,
  "inf_all": 0.8036979164123763,
  "inf_wc": 0.9462916232627814,
  "inf_nwc": 0.6900655593423543,
  "inf_stack": 0.7509361402508744
}
{
  "native_pdb": "/tmp/rna_inf_9a4qg5to/PZ27tRNA_TFN_5_solution_normalized.pdb",
  "native_index": null,
  "model_pdb": "/tmp/rna_inf_qahymuxq/PZ27tRNA_TFN_5_refined_normalized.pdb",
  "model_index": null,
  "rmsd": 13.852954824294974,
  "inf_all": 0.7972800846627242,
  "inf_wc": 0.9462916232627814,
  "inf_nwc": 0.6900655593423543,
  "inf_stack": 0.7408512235514744
}
{
  "native_pdb": "/tmp/rna_inf_wvds__or/PZ27tRNA_TFN_6_solution_normalized.pdb",
  "native_index": null,
  "model_pdb": "/tmp/rna_inf_v0_37bvz/PZ27tRNA_TFN_6_refined_normalized.pdb",
  "model_index": null,
  "rmsd": 12.55206207613112,
  "inf_all": 0.8012270157749158,
  "inf_wc": 0.9525793444156804,
  "inf_nwc": 0.6666666666666666,
  "inf_stack": 0.7469237745641913
}
{
  "native_pdb": "/tmp/rna_inf_lbst3t1l/PZ27tRNA_TFN_7_solution_normalized.pdb",
  "native_index": null,
  "model_pdb": "/tmp/rna_inf_sa6ys0gc/PZ27tRNA_TFN_7_refined_normalized.pdb",
  "model_index": null,
  "rmsd": 13.442606709392196,
  "inf_all": 0.8096073820537549,
  "inf_wc": 0.9589940926145842,
  "inf_nwc": 0.6454972243679028,
  "inf_stack": 0.7608337747991601
}
{
  "native_pdb": "/tmp/rna_inf_e0un__kk/PZ27tRNA_TFN_8_solution_normalized.pdb",
  "native_index": null,
  "model_pdb": "/tmp/rna_inf_anapdkey/PZ27tRNA_TFN_8_refined_normalized.pdb",
  "model_index": null,
  "rmsd": 15.287155912788418,
  "inf_all": 0.8027039331864475,
  "inf_wc": 0.9525793444156804,
  "inf_nwc": 0.7161148740394329,
  "inf_stack": 0.744880203635948
}
{
  "native_pdb": "/tmp/rna_inf_v2vav78f/PZ27tRNA_TFN_9_solution_normalized.pdb",
  "native_index": null,
  "model_pdb": "/tmp/rna_inf_qsxa6kd9/PZ27tRNA_TFN_9_refined_normalized.pdb",
  "model_index": null,
  "rmsd": 11.674063966392476,
  "inf_all": 0.8081499418403276,
  "inf_wc": 0.9589940926145842,
  "inf_nwc": 0.6900655593423543,
  "inf_stack": 0.7548032931190922
}
{
  "native_pdb": "/tmp/rna_inf_kdp0lco1/PZ27tRNA_Xiao_1_solution_normalized.pdb",
  "native_index": null,
  "model_pdb": "/tmp/rna_inf_l7agbc2x/PZ27tRNA_Xiao_1_refined_normalized.pdb",
  "model_index": null,
  "rmsd": 41.060653111294094,
  "inf_all": 0.4217871425438081,
  "inf_wc": 0.2862098876231264,
  "inf_nwc": 0.0,
  "inf_stack": 0.5083640471888949
}
{
  "native_pdb": "/tmp/rna_inf_o20kz7xx/PZ27tRNA_Xiao_2_solution_normalized.pdb",
  "native_index": null,
  "model_pdb": "/tmp/rna_inf__i12i_ut/PZ27tRNA_Xiao_2_refined_normalized.pdb",
  "model_index": null,
  "rmsd": 43.034286317430826,
  "inf_all": 0.4238496836580028,
  "inf_wc": 0.2862098876231264,
  "inf_nwc": 0.0,
  "inf_stack": 0.5083640471888949
}
{
  "native_pdb": "/tmp/rna_inf_m1xsw3cc/PZ27tRNA_Xiao_3_solution_normalized.pdb",
  "native_index": null,
  "model_pdb": "/tmp/rna_inf_ig0y8b9_/PZ27tRNA_Xiao_3_refined_normalized.pdb",
  "model_index": null,
  "rmsd": 45.24622647399781,
  "inf_all": 0.4238496836580028,
  "inf_wc": 0.2862098876231264,
  "inf_nwc": 0.0,
  "inf_stack": 0.5083640471888949
}
{
  "native_pdb": "/tmp/rna_inf_7y1kxoad/PZ27tRNA_Xiao_4_solution_normalized.pdb",
  "native_index": null,
  "model_pdb": "/tmp/rna_inf_42b8ulnr/PZ27tRNA_Xiao_4_refined_normalized.pdb",
  "model_index": null,
  "rmsd": 30.355985822910323,
  "inf_all": 0.6164709448224535,
  "inf_wc": 0.7308816827558576,
  "inf_nwc": 0.0,
  "inf_stack": 0.6042146514838475
}
{
  "native_pdb": "/tmp/rna_inf_6ov87nit/PZ27tRNA_Xiao_5_solution_normalized.pdb",
  "native_index": null,
  "model_pdb": "/tmp/rna_inf_txijjuz1/PZ27tRNA_Xiao_5_refined_normalized.pdb",
  "model_index": null,
  "rmsd": 27.27643711686259,
  "inf_all": 0.6164709448224535,
  "inf_wc": 0.7308816827558576,
  "inf_nwc": 0.0,
  "inf_stack": 0.6042146514838475
}
