{
  "native_pdb": "/tmp/rna_inf_6o6y1sk7/PZ28_solution_0_normalized.pdb",
  "native_index": null,
  "model_pdb": "/tmp/rna_inf_uokay8ds/PZ28_Adamiak_1_normalized.pdb",
  "model_index": null,
  "rmsd": 30.96716333880783,
  "inf_all": 0.7865439358257224,
  "inf_wc": 0.9299676884052652,
  "inf_nwc": 0.5368754921931593,
  "inf_stack": 0.7500106102296766
}
{
  "native_pdb": "/tmp/rna_inf_k57bqrsn/PZ28_solution_0_normalized.pdb",
  "native_index": null,
  "model_pdb": "/tmp/rna_inf_k587p77t/PZ28_Adamiak_2_normalized.pdb",
  "model_index": null,
  "rmsd": 18.171947184537295,
  "inf_all": 0.7756630173800768,
  "inf_wc": 0.9361344502232992,
  "inf_nwc": 0.6301260378126045,
  "inf_stack": 0.7223607177772163
}
{
  "native_pdb": "/tmp/rna_inf_t0jtlc3b/PZ28_solution_0_normalized.pdb",
  "native_index": null,
  "model_pdb": "/tmp/rna_inf_kiriojkc/PZ28_Adamiak_3_normalized.pdb",
  "model_index": null,
  "rmsd": 23.58851730721642,
  "inf_all": 0.7756630173800768,
  "inf_wc": 0.9456108576893003,
  "inf_nwc": 0.53813823519705,
  "inf_stack": 0.7287252523618719
}
{
  "native_pdb": "/tmp/rna_inf_rpqyory9/PZ28_solution_0_normalized.pdb",
  "native_index": null,
  "model_pdb": "/tmp/rna_inf_uia4u59g/PZ28_Adamiak_4_normalized.pdb",
  "model_index": null,
  "rmsd": 31.02203016870522,
  "inf_all": 0.7835343275736114,
  "inf_wc": 0.9475142485638551,
  "inf_nwc": 0.5144957554275266,
  "inf_stack": 0.7389335066653341
}
{
  "native_pdb": "/tmp/rna_inf_cufgsqm0/PZ28_solution_0_normalized.pdb",
  "native_index": null,
  "model_pdb": "/tmp/rna_inf_omzxdfzx/PZ28_Adamiak_5_normalized.pdb",
  "model_index": null,
  "rmsd": 28.660274993181616,
  "inf_all": 0.7835343275736114,
  "inf_wc": 0.9642857142857143,
  "inf_nwc": 0.4287464628562721,
  "inf_stack": 0.7407317712102527
}
{
  "native_pdb": "/tmp/rna_inf_dklcxhzl/PZ28_solution_0_normalized.pdb",
  "native_index": null,
  "model_pdb": "/tmp/rna_inf_c57chwq2/PZ28_Bujnicki_1_normalized.pdb",
  "model_index": null,
  "rmsd": 34.00132250175521,
  "inf_all": 0.7128324356402512,
  "inf_wc": 0.8351913809763263,
  "inf_nwc": 0.3834824944236852,
  "inf_stack": 0.6938929379265296
}
{
  "native_pdb": "/tmp/rna_inf_0pzem8p8/PZ28_solution_0_normalized.pdb",
  "native_index": null,
  "model_pdb": "/tmp/rna_inf_sejgvw61/PZ28_Bujnicki_2_normalized.pdb",
  "model_index": null,
  "rmsd": 29.44430707496715,
  "inf_all": 0.700732001151539,
  "inf_wc": 0.8422348876123157,
  "inf_nwc": 0.3834824944236852,
  "inf_stack": 0.6742405737861538
}
{
  "native_pdb": "/tmp/rna_inf_xl13zj0l/PZ28_solution_0_normalized.pdb",
  "native_index": null,
  "model_pdb": "/tmp/rna_inf_foi01oox/PZ28_Bujnicki_3_normalized.pdb",
  "model_index": null,
  "rmsd": 27.48085925407103,
  "inf_all": 0.7268292682926829,
  "inf_wc": 0.8554823885364436,
  "inf_nwc": 0.45834924851410563,
  "inf_stack": 0.6990055184947306
}
{
  "native_pdb": "/tmp/rna_inf_hv675alb/PZ28_solution_0_normalized.pdb",
  "native_index": null,
  "model_pdb": "/tmp/rna_inf_1t7jeikp/PZ28_Bujnicki_4_normalized.pdb",
  "model_index": null,
  "rmsd": 20.049555337169927,
  "inf_all": 0.7068042895879381,
  "inf_wc": 0.8351913809763263,
  "inf_nwc": 0.3834824944236852,
  "inf_stack": 0.6841330606544171
}
{
  "native_pdb": "/tmp/rna_inf_wgm844y9/PZ28_solution_0_normalized.pdb",
  "native_index": null,
  "model_pdb": "/tmp/rna_inf_b97hw_ir/PZ28_Bujnicki_5_normalized.pdb",
  "model_index": null,
  "rmsd": 28.281477836799738,
  "inf_all": 0.718124412140701,
  "inf_wc": 0.8586296628693791,
  "inf_nwc": 0.45834924851410563,
  "inf_stack": 0.6841194928661809
}
{
  "native_pdb": "/tmp/rna_inf_2n_yxqtn/PZ28_solution_0_normalized.pdb",
  "native_index": null,
  "model_pdb": "/tmp/rna_inf_3o0k87v9/PZ28_Chen_1_normalized.pdb",
  "model_index": null,
  "rmsd": 38.39027180145577,
  "inf_all": 0.7660103651279797,
  "inf_wc": 0.9274260335029676,
  "inf_nwc": 0.6054055145966812,
  "inf_stack": 0.7118238160125436
}
{
  "native_pdb": "/tmp/rna_inf_7xht003h/PZ28_solution_0_normalized.pdb",
  "native_index": null,
  "model_pdb": "/tmp/rna_inf_97s1ewfb/PZ28_Chen_10_normalized.pdb",
  "model_index": null,
  "rmsd": 37.0572664622428,
  "inf_all": 0.7920977985961543,
  "inf_wc": 0.9549937104572924,
  "inf_nwc": 0.6467616667635545,
  "inf_stack": 0.7371567694338408
}
{
  "native_pdb": "/tmp/rna_inf_o5dxx83j/PZ28_solution_0_normalized.pdb",
  "native_index": null,
  "model_pdb": "/tmp/rna_inf_20njczn6/PZ28_Chen_2_normalized.pdb",
  "model_index": null,
  "rmsd": 38.57458213152265,
  "inf_all": 0.8107509316496231,
  "inf_wc": 0.9557896392964647,
  "inf_nwc": 0.6902684899626335,
  "inf_stack": 0.7586495031754352
}
{
  "native_pdb": "/tmp/rna_inf_zj75u34u/PZ28_solution_0_normalized.pdb",
  "native_index": null,
  "model_pdb": "/tmp/rna_inf_3g59tog7/PZ28_Chen_3_normalized.pdb",
  "model_index": null,
  "rmsd": 35.2378269935195,
  "inf_all": 0.7874585364780666,
  "inf_wc": 0.963795681875633,
  "inf_nwc": 0.583383351196948,
  "inf_stack": 0.7336390799938275
}
{
  "native_pdb": "/tmp/rna_inf_ghlvimpq/PZ28_solution_0_normalized.pdb",
  "native_index": null,
  "model_pdb": "/tmp/rna_inf_bnlli_jw/PZ28_Chen_4_normalized.pdb",
  "model_index": null,
  "rmsd": 34.35248750939026,
  "inf_all": 0.8124402829186254,
  "inf_wc": 0.963795681875633,
  "inf_nwc": 0.7701540462154054,
  "inf_stack": 0.7488781376326007
}
{
  "native_pdb": "/tmp/rna_inf_e7dzhz00/PZ28_solution_0_normalized.pdb",
  "native_index": null,
  "model_pdb": "/tmp/rna_inf_zpn1713p/PZ28_Chen_5_normalized.pdb",
  "model_index": null,
  "rmsd": 33.8952667413334,
  "inf_all": 0.7949570823317732,
  "inf_wc": 0.9642857142857143,
  "inf_nwc": 0.6726727939963125,
  "inf_stack": 0.7320494154386097
}
{
  "native_pdb": "/tmp/rna_inf_e91t7yrm/PZ28_solution_0_normalized.pdb",
  "native_index": null,
  "model_pdb": "/tmp/rna_inf_25jerhtp/PZ28_Chen_6_normalized.pdb",
  "model_index": null,
  "rmsd": 32.77446145487154,
  "inf_all": 0.7852434588510765,
  "inf_wc": 0.9265616458263765,
  "inf_nwc": 0.6726727939963125,
  "inf_stack": 0.7369131765457132
}
{
  "native_pdb": "/tmp/rna_inf_uzv2ad4_/PZ28_solution_0_normalized.pdb",
  "native_index": null,
  "model_pdb": "/tmp/rna_inf_genthojx/PZ28_Chen_7_normalized.pdb",
  "model_index": null,
  "rmsd": 37.98637415561433,
  "inf_all": 0.8166531972051196,
  "inf_wc": 0.963795681875633,
  "inf_nwc": 0.7399400733959437,
  "inf_stack": 0.7600451155481349
}
{
  "native_pdb": "/tmp/rna_inf_wbegqp3t/PZ28_solution_0_normalized.pdb",
  "native_index": null,
  "model_pdb": "/tmp/rna_inf_pnjw85xj/PZ28_Chen_8_normalized.pdb",
  "model_index": null,
  "rmsd": 39.14653559600862,
  "inf_all": 0.7972749083909003,
  "inf_wc": 0.9361344502232992,
  "inf_nwc": 0.6262242910851494,
  "inf_stack": 0.7581297814690037
}
{
  "native_pdb": "/tmp/rna_inf_agskm23b/PZ28_solution_0_normalized.pdb",
  "native_index": null,
  "model_pdb": "/tmp/rna_inf_rqg_oq8p/PZ28_Chen_9_normalized.pdb",
  "model_index": null,
  "rmsd": 37.7856210915795,
  "inf_all": 0.7881711997056079,
  "inf_wc": 0.9544900276786581,
  "inf_nwc": 0.6726727939963125,
  "inf_stack": 0.7270404145828628
}
{
  "native_pdb": "/tmp/rna_inf_h0l1mtc9/PZ28_solution_0_normalized.pdb",
  "native_index": null,
  "model_pdb": "/tmp/rna_inf_b9ayjjrg/PZ28_Das_1_normalized.pdb",
  "model_index": null,
  "rmsd": 30.82688738879749,
  "inf_all": 0.8202594630642389,
  "inf_wc": 0.9315885051121782,
  "inf_nwc": 0.583383351196948,
  "inf_stack": 0.8001976040538967
}
{
  "native_pdb": "/tmp/rna_inf_9kr0x6ih/PZ28_solution_0_normalized.pdb",
  "native_index": null,
  "model_pdb": "/tmp/rna_inf_tigq4iad/PZ28_Das_10_normalized.pdb",
  "model_index": null,
  "rmsd": 28.840158830239567,
  "inf_all": 0.8318172931885258,
  "inf_wc": 0.9315885051121782,
  "inf_nwc": 0.6301260378126045,
  "inf_stack": 0.8120790737744387
}
{
  "native_pdb": "/tmp/rna_inf_b34j8msq/PZ28_solution_0_normalized.pdb",
  "native_index": null,
  "model_pdb": "/tmp/rna_inf_5omzas4t/PZ28_Das_2_normalized.pdb",
  "model_index": null,
  "rmsd": 35.366644951527846,
  "inf_all": 0.8031245441546832,
  "inf_wc": 0.9315885051121782,
  "inf_nwc": 0.5636018619766345,
  "inf_stack": 0.7769791116025916
}
{
  "native_pdb": "/tmp/rna_inf_z33ax28j/PZ28_solution_0_normalized.pdb",
  "native_index": null,
  "model_pdb": "/tmp/rna_inf_zrdwjkaa/PZ28_Das_3_normalized.pdb",
  "model_index": null,
  "rmsd": 31.446773754512986,
  "inf_all": 0.8335696394016966,
  "inf_wc": 0.9394501508629484,
  "inf_nwc": 0.583383351196948,
  "inf_stack": 0.818063253134435
}
{
  "native_pdb": "/tmp/rna_inf_hzwxikyr/PZ28_solution_0_normalized.pdb",
  "native_index": null,
  "model_pdb": "/tmp/rna_inf_dy53wvkf/PZ28_Das_4_normalized.pdb",
  "model_index": null,
  "rmsd": 31.44035580951159,
  "inf_all": 0.8259662196686594,
  "inf_wc": 0.9315885051121782,
  "inf_nwc": 0.583383351196948,
  "inf_stack": 0.809173593712687
}
{
  "native_pdb": "/tmp/rna_inf_2jlfkzgh/PZ28_solution_0_normalized.pdb",
  "native_index": null,
  "model_pdb": "/tmp/rna_inf_8gtl47bi/PZ28_Das_5_normalized.pdb",
  "model_index": null,
  "rmsd": 32.63371952999026,
  "inf_all": 0.8355149620925746,
  "inf_wc": 0.9299676884052652,
  "inf_nwc": 0.583383351196948,
  "inf_stack": 0.8253673893231352
}
{
  "native_pdb": "/tmp/rna_inf_ipxi0pq9/PZ28_solution_0_normalized.pdb",
  "native_index": null,
  "model_pdb": "/tmp/rna_inf_520kuhw6/PZ28_Das_6_normalized.pdb",
  "model_index": null,
  "rmsd": 31.703237642585997,
  "inf_all": 0.8058347374809701,
  "inf_wc": 0.9220529258469679,
  "inf_nwc": 0.6054055145966812,
  "inf_stack": 0.7790753966241908
}
{
  "native_pdb": "/tmp/rna_inf_7snzezlx/PZ28_solution_0_normalized.pdb",
  "native_index": null,
  "model_pdb": "/tmp/rna_inf_nkhukh8s/PZ28_Das_7_normalized.pdb",
  "model_index": null,
  "rmsd": 31.223920445636402,
  "inf_all": 0.8211918484567018,
  "inf_wc": 0.9299676884052652,
  "inf_nwc": 0.6301260378126045,
  "inf_stack": 0.7978559231302818
}
{
  "native_pdb": "/tmp/rna_inf_lgtrp8yn/PZ28_solution_0_normalized.pdb",
  "native_index": null,
  "model_pdb": "/tmp/rna_inf_7a31hwj_/PZ28_Das_8_normalized.pdb",
  "model_index": null,
  "rmsd": 30.971001842830898,
  "inf_all": 0.7962752682377993,
  "inf_wc": 0.9299676884052652,
  "inf_nwc": 0.5144957554275266,
  "inf_stack": 0.7762058642344917
}
{
  "native_pdb": "/tmp/rna_inf_w5oxn27w/PZ28_solution_0_normalized.pdb",
  "native_index": null,
  "model_pdb": "/tmp/rna_inf_drh4nct1/PZ28_Das_9_normalized.pdb",
  "model_index": null,
  "rmsd": 33.13167538039446,
  "inf_all": 0.8183317060794199,
  "inf_wc": 0.9475142485638551,
  "inf_nwc": 0.5457051563317492,
  "inf_stack": 0.7973139997058125
}
{
  "native_pdb": "/tmp/rna_inf_zha08k8u/PZ28_solution_0_normalized.pdb",
  "native_index": null,
  "model_pdb": "/tmp/rna_inf_idyq4gn3/PZ28_Ding_1_normalized.pdb",
  "model_index": null,
  "rmsd": 34.346618974401835,
  "inf_all": 0.660528220954389,
  "inf_wc": 0.8288624656799142,
  "inf_nwc": 0.32539568672798425,
  "inf_stack": 0.6149087828947706
}
{
  "native_pdb": "/tmp/rna_inf_k5qu8gga/PZ28_solution_0_normalized.pdb",
  "native_index": null,
  "model_pdb": "/tmp/rna_inf_a1vjb9sw/PZ28_Ding_2_normalized.pdb",
  "model_index": null,
  "rmsd": 39.45628613303281,
  "inf_all": 0.7091753772429563,
  "inf_wc": 0.875,
  "inf_nwc": 0.36380343755449945,
  "inf_stack": 0.6669446181762069
}
{
  "native_pdb": "/tmp/rna_inf_07d_w7do/PZ28_solution_0_normalized.pdb",
  "native_index": null,
  "model_pdb": "/tmp/rna_inf_5fr0gz93/PZ28_FARFAR2_1_normalized.pdb",
  "model_index": null,
  "rmsd": 29.82517543830867,
  "inf_all": 0.8297194126316894,
  "inf_wc": 0.9394501508629484,
  "inf_nwc": 0.583383351196948,
  "inf_stack": 0.8123623944599232
}
{
  "native_pdb": "/tmp/rna_inf__3_idln6/PZ28_solution_0_normalized.pdb",
  "native_index": null,
  "model_pdb": "/tmp/rna_inf_zf3elsq9/PZ28_FARFAR2_10_normalized.pdb",
  "model_index": null,
  "rmsd": 29.969517499490394,
  "inf_all": 0.8318172931885258,
  "inf_wc": 0.9475142485638551,
  "inf_nwc": 0.6054055145966812,
  "inf_stack": 0.809173593712687
}
{
  "native_pdb": "/tmp/rna_inf_refmff8_/PZ28_solution_0_normalized.pdb",
  "native_index": null,
  "model_pdb": "/tmp/rna_inf_ag6lmbnx/PZ28_FARFAR2_2_normalized.pdb",
  "model_index": null,
  "rmsd": 30.22250427788315,
  "inf_all": 0.8430961495662874,
  "inf_wc": 0.9394501508629484,
  "inf_nwc": 0.6482037235521644,
  "inf_stack": 0.8253673893231352
}
{
  "native_pdb": "/tmp/rna_inf_ym7pq0xq/PZ28_solution_0_normalized.pdb",
  "native_index": null,
  "model_pdb": "/tmp/rna_inf_poc_lmxo/PZ28_FARFAR2_3_normalized.pdb",
  "model_index": null,
  "rmsd": 22.172955345454852,
  "inf_all": 0.8211918484567018,
  "inf_wc": 0.9299676884052652,
  "inf_nwc": 0.6726727939963125,
  "inf_stack": 0.7933622165797498
}
{
  "native_pdb": "/tmp/rna_inf_smv4urmd/PZ28_solution_0_normalized.pdb",
  "native_index": null,
  "model_pdb": "/tmp/rna_inf_n80fghvs/PZ28_FARFAR2_4_normalized.pdb",
  "model_index": null,
  "rmsd": 33.950539855399114,
  "inf_all": 0.8088927316593926,
  "inf_wc": 0.9239209796193592,
  "inf_nwc": 0.5457051563317492,
  "inf_stack": 0.7916390948403764
}
{
  "native_pdb": "/tmp/rna_inf_y9hy58xa/PZ28_solution_0_normalized.pdb",
  "native_index": null,
  "model_pdb": "/tmp/rna_inf_hhbw5uke/PZ28_FARFAR2_5_normalized.pdb",
  "model_index": null,
  "rmsd": 35.17030598002536,
  "inf_all": 0.8250563020295268,
  "inf_wc": 0.9239209796193592,
  "inf_nwc": 0.6301260378126045,
  "inf_stack": 0.8046965367401255
}
{
  "native_pdb": "/tmp/rna_inf_oi17thlp/PZ28_solution_0_normalized.pdb",
  "native_index": null,
  "model_pdb": "/tmp/rna_inf_tb_ldv81/PZ28_FARFAR2_6_normalized.pdb",
  "model_index": null,
  "rmsd": 35.366644951527846,
  "inf_all": 0.8031245441546832,
  "inf_wc": 0.9315885051121782,
  "inf_nwc": 0.5636018619766345,
  "inf_stack": 0.7769791116025916
}
{
  "native_pdb": "/tmp/rna_inf_u33so6t9/PZ28_solution_0_normalized.pdb",
  "native_index": null,
  "model_pdb": "/tmp/rna_inf_gzl5pw7k/PZ28_FARFAR2_7_normalized.pdb",
  "model_index": null,
  "rmsd": 34.563316416095894,
  "inf_all": 0.8298531409948148,
  "inf_wc": 0.9315885051121782,
  "inf_nwc": 0.6301260378126045,
  "inf_stack": 0.809173593712687
}
{
  "native_pdb": "/tmp/rna_inf_qk874slv/PZ28_solution_0_normalized.pdb",
  "native_index": null,
  "model_pdb": "/tmp/rna_inf_6wh4hm5l/PZ28_FARFAR2_8_normalized.pdb",
  "model_index": null,
  "rmsd": 28.840158830239567,
  "inf_all": 0.8318172931885258,
  "inf_wc": 0.9315885051121782,
  "inf_nwc": 0.6301260378126045,
  "inf_stack": 0.8120790737744387
}
{
  "native_pdb": "/tmp/rna_inf_6qhubf1b/PZ28_solution_0_normalized.pdb",
  "native_index": null,
  "model_pdb": "/tmp/rna_inf_tuhw2vjs/PZ28_FARFAR2_9_normalized.pdb",
  "model_index": null,
  "rmsd": 34.97607091013737,
  "inf_all": 0.8106891636103735,
  "inf_wc": 0.9464285714285714,
  "inf_nwc": 0.6262242910851494,
  "inf_stack": 0.7762058642344917
}
{
  "native_pdb": "/tmp/rna_inf_zcpkpc2u/PZ28_solution_0_normalized.pdb",
  "native_index": null,
  "model_pdb": "/tmp/rna_inf_ryb2aoo1/PZ28_iFoldRNA_1_normalized.pdb",
  "model_index": null,
  "rmsd": 34.225131914078645,
  "inf_all": 0.6254045254066467,
  "inf_wc": 0.7127180599416806,
  "inf_nwc": 0.0,
  "inf_stack": 0.6385371094552885
}
{
  "native_pdb": "/tmp/rna_inf_95e9_098/PZ28_solution_0_normalized.pdb",
  "native_index": null,
  "model_pdb": "/tmp/rna_inf_jel5veoa/PZ28_iFoldRNA_2_normalized.pdb",
  "model_index": null,
  "rmsd": 31.62857575357486,
  "inf_all": 0.6361907543796814,
  "inf_wc": 0.7787915579452676,
  "inf_nwc": 0.06262242910851495,
  "inf_stack": 0.6446036254878612
}
{
  "native_pdb": "/tmp/rna_inf_ayv0eveh/PZ28_solution_0_normalized.pdb",
  "native_index": null,
  "model_pdb": "/tmp/rna_inf_the1r1as/PZ28_iFoldRNA_3_normalized.pdb",
  "model_index": null,
  "rmsd": 28.287375659955174,
  "inf_all": 0.6082743065551554,
  "inf_wc": 0.7576144084141581,
  "inf_nwc": 0.0,
  "inf_stack": 0.6107048165524593
}
{
  "native_pdb": "/tmp/rna_inf_tv7q5ypw/PZ28_solution_0_normalized.pdb",
  "native_index": null,
  "model_pdb": "/tmp/rna_inf_6e7tf6lj/PZ28_iFoldRNA_4_normalized.pdb",
  "model_index": null,
  "rmsd": 22.390330122063133,
  "inf_all": 0.6183715870648644,
  "inf_wc": 0.7186052063706126,
  "inf_nwc": 0.0,
  "inf_stack": 0.6331217169742315
}
{
  "native_pdb": "/tmp/rna_inf_8rn9ptz1/PZ28_solution_0_normalized.pdb",
  "native_index": null,
  "model_pdb": "/tmp/rna_inf_mngsytpt/PZ28_iFoldRNA_5_normalized.pdb",
  "model_index": null,
  "rmsd": 35.51260918016268,
  "inf_all": 0.6183715870648644,
  "inf_wc": 0.7787915579452676,
  "inf_nwc": 0.14625448482542613,
  "inf_stack": 0.5994441870043727
}
{
  "native_pdb": "/tmp/rna_inf__a2dtze9/PZ28_solution_0_normalized.pdb",
  "native_index": null,
  "model_pdb": "/tmp/rna_inf_ur3foetl/PZ28_RNAComposer_1_normalized.pdb",
  "model_index": null,
  "rmsd": 19.62978496299083,
  "inf_all": 0.8094132155889688,
  "inf_wc": 0.9642857142857143,
  "inf_nwc": 0.6482037235521644,
  "inf_stack": 0.7612586017792846
}
{
  "native_pdb": "/tmp/rna_inf_xb7au4kz/PZ28_solution_0_normalized.pdb",
  "native_index": null,
  "model_pdb": "/tmp/rna_inf_5dchpk4e/PZ28_RNAComposer_2_normalized.pdb",
  "model_index": null,
  "rmsd": 28.173966279455268,
  "inf_all": 0.7950935776044273,
  "inf_wc": 0.9557896392964647,
  "inf_nwc": 0.49009802940980346,
  "inf_stack": 0.7581297814690037
}
{
  "native_pdb": "/tmp/rna_inf_3k7i5p2s/PZ28_solution_0_normalized.pdb",
  "native_index": null,
  "model_pdb": "/tmp/rna_inf_b8i73vwr/PZ28_RNAComposer_3_normalized.pdb",
  "model_index": null,
  "rmsd": 26.825557620145165,
  "inf_all": 0.7328938949276714,
  "inf_wc": 0.9456108576893003,
  "inf_nwc": 0.46017899330842227,
  "inf_stack": 0.6684585169941752
}
{
  "native_pdb": "/tmp/rna_inf_zgvj_s0i/PZ28_solution_0_normalized.pdb",
  "native_index": null,
  "model_pdb": "/tmp/rna_inf_dpstmfby/PZ28_RNAComposer_4_normalized.pdb",
  "model_index": null,
  "rmsd": 24.60314179669637,
  "inf_all": 0.7236050967505415,
  "inf_wc": 0.9464285714285714,
  "inf_nwc": 0.3429971702850177,
  "inf_stack": 0.6626708884311169
}
{
  "native_pdb": "/tmp/rna_inf_ku4aeotb/PZ28_solution_0_normalized.pdb",
  "native_index": null,
  "model_pdb": "/tmp/rna_inf_dg7nmuu1/PZ28_RNAComposer_5_normalized.pdb",
  "model_index": null,
  "rmsd": 21.473916170595707,
  "inf_all": 0.7317211048004449,
  "inf_wc": 0.938089831161345,
  "inf_nwc": 0.27500954910846337,
  "inf_stack": 0.6815632488566367
}
{
  "native_pdb": "/tmp/rna_inf_vo5rup9x/PZ28_solution_0_normalized.pdb",
  "native_index": null,
  "model_pdb": "/tmp/rna_inf_2_bnp2i1/PZ28_SimRNA_1_normalized.pdb",
  "model_index": null,
  "rmsd": 27.808684218806523,
  "inf_all": 0.6634557603685637,
  "inf_wc": 0.8249579113843054,
  "inf_nwc": 0.0,
  "inf_stack": 0.6520128625624343
}
{
  "native_pdb": "/tmp/rna_inf_4jxmqn10/PZ28_solution_0_normalized.pdb",
  "native_index": null,
  "model_pdb": "/tmp/rna_inf_u3empmzy/PZ28_SimRNA_2_normalized.pdb",
  "model_index": null,
  "rmsd": 22.169979718382923,
  "inf_all": 0.6468942765449536,
  "inf_wc": 0.8017837257372731,
  "inf_nwc": 0.0,
  "inf_stack": 0.6383691342124489
}
{
  "native_pdb": "/tmp/rna_inf_je_wzcrv/PZ28_solution_0_normalized.pdb",
  "native_index": null,
  "model_pdb": "/tmp/rna_inf_70eokxbd/PZ28_SimRNA_3_normalized.pdb",
  "model_index": null,
  "rmsd": 32.67898900537714,
  "inf_all": 0.6377109256136226,
  "inf_wc": 0.7940495613514014,
  "inf_nwc": 0.0,
  "inf_stack": 0.6240777909042708
}
{
  "native_pdb": "/tmp/rna_inf_ptyqt6qp/PZ28_solution_0_normalized.pdb",
  "native_index": null,
  "model_pdb": "/tmp/rna_inf_e3yg6915/PZ28_SimRNA_4_normalized.pdb",
  "model_index": null,
  "rmsd": 28.145436248744705,
  "inf_all": 0.6535804088874066,
  "inf_wc": 0.7516722428786936,
  "inf_nwc": 0.0,
  "inf_stack": 0.6666666666666666
}
{
  "native_pdb": "/tmp/rna_inf_hmo1eqvk/PZ28_solution_0_normalized.pdb",
  "native_index": null,
  "model_pdb": "/tmp/rna_inf_kpn8e6at/PZ28_SimRNA_5_normalized.pdb",
  "model_index": null,
  "rmsd": 29.099593083265745,
  "inf_all": 0.6328797822377619,
  "inf_wc": 0.8059908263257171,
  "inf_nwc": 0.0,
  "inf_stack": 0.6212121212121212
}
{
  "native_pdb": "/tmp/rna_inf_aoj3vadk/PZ28_solution_0_normalized.pdb",
  "native_index": null,
  "model_pdb": "/tmp/rna_inf_0y2qxvdl/PZ28_TFN_1_normalized.pdb",
  "model_index": null,
  "rmsd": 25.15366502513592,
  "inf_all": 0.7954635987433334,
  "inf_wc": 0.9124211282466754,
  "inf_nwc": 0.6063390625908325,
  "inf_stack": 0.7696491199836993
}
{
  "native_pdb": "/tmp/rna_inf_yn34wsdk/PZ28_solution_0_normalized.pdb",
  "native_index": null,
  "model_pdb": "/tmp/rna_inf_xpnhx3qj/PZ28_TFN_10_normalized.pdb",
  "model_index": null,
  "rmsd": 23.03891621331008,
  "inf_all": 0.8241562045373145,
  "inf_wc": 0.9220529258469679,
  "inf_nwc": 0.6581451817144176,
  "inf_stack": 0.8018174701334809
}
{
  "native_pdb": "/tmp/rna_inf_5joybmni/PZ28_solution_0_normalized.pdb",
  "native_index": null,
  "model_pdb": "/tmp/rna_inf_5ybbyqs1/PZ28_TFN_2_normalized.pdb",
  "model_index": null,
  "rmsd": 35.992298966706706,
  "inf_all": 0.8212024952811154,
  "inf_wc": 0.9143368661286193,
  "inf_nwc": 0.583383351196948,
  "inf_stack": 0.8095562983566902
}
{
  "native_pdb": "/tmp/rna_inf_g0y3cg7j/PZ28_solution_0_normalized.pdb",
  "native_index": null,
  "model_pdb": "/tmp/rna_inf_sy0w4jtn/PZ28_TFN_3_normalized.pdb",
  "model_index": null,
  "rmsd": 14.50353197899611,
  "inf_all": 0.8297194126316894,
  "inf_wc": 0.9220529258469679,
  "inf_nwc": 0.583383351196948,
  "inf_stack": 0.819615630124744
}
{
  "native_pdb": "/tmp/rna_inf_rf87ra56/PZ28_solution_0_normalized.pdb",
  "native_index": null,
  "model_pdb": "/tmp/rna_inf_uc8549jo/PZ28_TFN_4_normalized.pdb",
  "model_index": null,
  "rmsd": 31.91321055557387,
  "inf_all": 0.8058689461683751,
  "inf_wc": 0.9068113318486303,
  "inf_nwc": 0.6301260378126045,
  "inf_stack": 0.7825489256371864
}
{
  "native_pdb": "/tmp/rna_inf_oyovgxtn/PZ28_solution_0_normalized.pdb",
  "native_index": null,
  "model_pdb": "/tmp/rna_inf_f9e873uu/PZ28_TFN_5_normalized.pdb",
  "model_index": null,
  "rmsd": 30.06929821615004,
  "inf_all": 0.8430961495662874,
  "inf_wc": 0.9394501508629484,
  "inf_nwc": 0.6482037235521644,
  "inf_stack": 0.8253673893231352
}
{
  "native_pdb": "/tmp/rna_inf_6xr9lltw/PZ28_solution_0_normalized.pdb",
  "native_index": null,
  "model_pdb": "/tmp/rna_inf_03hjmyfg/PZ28_TFN_6_normalized.pdb",
  "model_index": null,
  "rmsd": 31.363549332745464,
  "inf_all": 0.8221334091050898,
  "inf_wc": 0.9143368661286193,
  "inf_nwc": 0.5636018619766345,
  "inf_stack": 0.8136290696970536
}
{
  "native_pdb": "/tmp/rna_inf_bwm6a3b9/PZ28_solution_0_normalized.pdb",
  "native_index": null,
  "model_pdb": "/tmp/rna_inf_lvhlnt6l/PZ28_TFN_7_normalized.pdb",
  "model_index": null,
  "rmsd": 30.51770144522888,
  "inf_all": 0.8087605750141634,
  "inf_wc": 0.9068113318486303,
  "inf_nwc": 0.583383351196948,
  "inf_stack": 0.7927883669793235
}
{
  "native_pdb": "/tmp/rna_inf_w63473oz/PZ28_solution_0_normalized.pdb",
  "native_index": null,
  "model_pdb": "/tmp/rna_inf_r4dl1b45/PZ28_TFN_8_normalized.pdb",
  "model_index": null,
  "rmsd": 33.06145587057857,
  "inf_all": 0.8183317060794199,
  "inf_wc": 0.9315885051121782,
  "inf_nwc": 0.6054055145966812,
  "inf_stack": 0.7944613465542747
}
{
  "native_pdb": "/tmp/rna_inf_0k69hc_c/PZ28_solution_0_normalized.pdb",
  "native_index": null,
  "model_pdb": "/tmp/rna_inf_lk9z_shk/PZ28_TFN_9_normalized.pdb",
  "model_index": null,
  "rmsd": 29.104301421505017,
  "inf_all": 0.8211918484567018,
  "inf_wc": 0.9315885051121782,
  "inf_nwc": 0.5882352941176471,
  "inf_stack": 0.8031127233769245
}
{
  "native_pdb": "/tmp/rna_inf_1kscz75k/PZ28_solution_0_normalized.pdb",
  "native_index": null,
  "model_pdb": "/tmp/rna_inf_jze74vl9/PZ28_Xiao_1_normalized.pdb",
  "model_index": null,
  "rmsd": 32.58165953694937,
  "inf_all": 0.5312453004061719,
  "inf_wc": 0.47425200683433544,
  "inf_nwc": 0.0,
  "inf_stack": 0.6087309419470925
}
{
  "native_pdb": "/tmp/rna_inf_0rsf_ejh/PZ28_solution_0_normalized.pdb",
  "native_index": null,
  "model_pdb": "/tmp/rna_inf_0_dor0x5/PZ28_Xiao_2_normalized.pdb",
  "model_index": null,
  "rmsd": 29.403167635242355,
  "inf_all": 0.5142296580847199,
  "inf_wc": 0.42882464657199776,
  "inf_nwc": 0.0,
  "inf_stack": 0.6002501563585861
}
{
  "native_pdb": "/tmp/rna_inf_lcsbvz12/PZ28_solution_0_normalized.pdb",
  "native_index": null,
  "model_pdb": "/tmp/rna_inf_lah9s5ne/PZ28_Xiao_3_normalized.pdb",
  "model_index": null,
  "rmsd": 31.670479714469092,
  "inf_all": 0.5399286092011687,
  "inf_wc": 0.46334820431459367,
  "inf_nwc": 0.0,
  "inf_stack": 0.6141827746434741
}
{
  "native_pdb": "/tmp/rna_inf_taodpzet/PZ28_solution_0_normalized.pdb",
  "native_index": null,
  "model_pdb": "/tmp/rna_inf_mu5ww5qk/PZ28_Xiao_4_normalized.pdb",
  "model_index": null,
  "rmsd": 32.313506050215764,
  "inf_all": 0.5406858170054862,
  "inf_wc": 0.5361109642475097,
  "inf_nwc": 0.0,
  "inf_stack": 0.5946473740283672
}
{
  "native_pdb": "/tmp/rna_inf_i5_fosny/PZ28_solution_0_normalized.pdb",
  "native_index": null,
  "model_pdb": "/tmp/rna_inf_u0sjy74_/PZ28_Xiao_5_normalized.pdb",
  "model_index": null,
  "rmsd": 32.12236216580802,
  "inf_all": 0.6652342334590529,
  "inf_wc": 0.807813166395078,
  "inf_nwc": 0.0,
  "inf_stack": 0.6670822799096824
}
