{
  "native_pdb": "/tmp/rna_inf_087b307s/PZ28tBox_solution_0_normalized.pdb",
  "native_index": null,
  "model_pdb": "/tmp/rna_inf_ploizi5q/PZ28tBox_Adamiak_1_normalized.pdb",
  "model_index": null,
  "rmsd": 30.967168099460277,
  "inf_all": 0.7865439358257224,
  "inf_wc": 0.9299676884052652,
  "inf_nwc": 0.5368754921931593,
  "inf_stack": 0.7500106102296766
}
{
  "native_pdb": "/tmp/rna_inf_gr5ohz6_/PZ28tBox_solution_0_normalized.pdb",
  "native_index": null,
  "model_pdb": "/tmp/rna_inf_51z25woi/PZ28tBox_Adamiak_2_normalized.pdb",
  "model_index": null,
  "rmsd": 18.171939677452134,
  "inf_all": 0.7756630173800768,
  "inf_wc": 0.9361344502232992,
  "inf_nwc": 0.6301260378126045,
  "inf_stack": 0.7223607177772163
}
{
  "native_pdb": "/tmp/rna_inf_j5xl1jpd/PZ28tBox_solution_0_normalized.pdb",
  "native_index": null,
  "model_pdb": "/tmp/rna_inf_4hbs22vq/PZ28tBox_Adamiak_3_normalized.pdb",
  "model_index": null,
  "rmsd": 23.588519899334184,
  "inf_all": 0.7756630173800768,
  "inf_wc": 0.9456108576893003,
  "inf_nwc": 0.53813823519705,
  "inf_stack": 0.7287252523618719
}
{
  "native_pdb": "/tmp/rna_inf_z7d26d57/PZ28tBox_solution_0_normalized.pdb",
  "native_index": null,
  "model_pdb": "/tmp/rna_inf_94usrjb0/PZ28tBox_Adamiak_4_normalized.pdb",
  "model_index": null,
  "rmsd": 31.022035156488815,
  "inf_all": 0.7835343275736114,
  "inf_wc": 0.9475142485638551,
  "inf_nwc": 0.5144957554275266,
  "inf_stack": 0.7389335066653341
}
{
  "native_pdb": "/tmp/rna_inf_gt8unx4n/PZ28tBox_solution_0_normalized.pdb",
  "native_index": null,
  "model_pdb": "/tmp/rna_inf_i02ock_a/PZ28tBox_Adamiak_5_normalized.pdb",
  "model_index": null,
  "rmsd": 28.660283503272783,
  "inf_all": 0.7835343275736114,
  "inf_wc": 0.9642857142857143,
  "inf_nwc": 0.4287464628562721,
  "inf_stack": 0.7407317712102527
}
{
  "native_pdb": "/tmp/rna_inf_0gee0_86/PZ28tBox_solution_0_normalized.pdb",
  "native_index": null,
  "model_pdb": "/tmp/rna_inf_g8wccnv1/PZ28tBox_Bujnicki_1_normalized.pdb",
  "model_index": null,
  "rmsd": 34.00132142377382,
  "inf_all": 0.7128324356402512,
  "inf_wc": 0.8351913809763263,
  "inf_nwc": 0.3834824944236852,
  "inf_stack": 0.6938929379265296
}
{
  "native_pdb": "/tmp/rna_inf_2uc13ft6/PZ28tBox_solution_0_normalized.pdb",
  "native_index": null,
  "model_pdb": "/tmp/rna_inf_g47gbtj7/PZ28tBox_Bujnicki_2_normalized.pdb",
  "model_index": null,
  "rmsd": 29.444310398776523,
  "inf_all": 0.700732001151539,
  "inf_wc": 0.8422348876123157,
  "inf_nwc": 0.3834824944236852,
  "inf_stack": 0.6742405737861538
}
{
  "native_pdb": "/tmp/rna_inf_9ly4v20t/PZ28tBox_solution_0_normalized.pdb",
  "native_index": null,
  "model_pdb": "/tmp/rna_inf__7eo_cev/PZ28tBox_Bujnicki_3_normalized.pdb",
  "model_index": null,
  "rmsd": 27.480850747531328,
  "inf_all": 0.7268292682926829,
  "inf_wc": 0.8554823885364436,
  "inf_nwc": 0.45834924851410563,
  "inf_stack": 0.6990055184947306
}
{
  "native_pdb": "/tmp/rna_inf_basai9g6/PZ28tBox_solution_0_normalized.pdb",
  "native_index": null,
  "model_pdb": "/tmp/rna_inf_x8qhd83q/PZ28tBox_Bujnicki_4_normalized.pdb",
  "model_index": null,
  "rmsd": 20.049556658314483,
  "inf_all": 0.7036655313593446,
  "inf_wc": 0.8249579113843054,
  "inf_nwc": 0.3834824944236852,
  "inf_stack": 0.6841330606544171
}
{
  "native_pdb": "/tmp/rna_inf_5iyrop7v/PZ28tBox_solution_0_normalized.pdb",
  "native_index": null,
  "model_pdb": "/tmp/rna_inf_8fgqp143/PZ28tBox_Bujnicki_5_normalized.pdb",
  "model_index": null,
  "rmsd": 28.281471798412234,
  "inf_all": 0.718124412140701,
  "inf_wc": 0.8586296628693791,
  "inf_nwc": 0.45834924851410563,
  "inf_stack": 0.6841194928661809
}
{
  "native_pdb": "/tmp/rna_inf_y3gtamsw/PZ28tBox_solution_0_normalized.pdb",
  "native_index": null,
  "model_pdb": "/tmp/rna_inf_qov3v2of/PZ28tBox_Chen_1_normalized.pdb",
  "model_index": null,
  "rmsd": 38.39028264680467,
  "inf_all": 0.7660103651279797,
  "inf_wc": 0.9274260335029676,
  "inf_nwc": 0.6054055145966812,
  "inf_stack": 0.7118238160125436
}
{
  "native_pdb": "/tmp/rna_inf_zukdxm6c/PZ28tBox_solution_0_normalized.pdb",
  "native_index": null,
  "model_pdb": "/tmp/rna_inf_ml5v5oiz/PZ28tBox_Chen_10_normalized.pdb",
  "model_index": null,
  "rmsd": 37.0572671543495,
  "inf_all": 0.7920977985961543,
  "inf_wc": 0.9549937104572924,
  "inf_nwc": 0.6467616667635545,
  "inf_stack": 0.7371567694338408
}
{
  "native_pdb": "/tmp/rna_inf_q0z4dj0f/PZ28tBox_solution_0_normalized.pdb",
  "native_index": null,
  "model_pdb": "/tmp/rna_inf_hxcv7wi0/PZ28tBox_Chen_2_normalized.pdb",
  "model_index": null,
  "rmsd": 38.574582717696565,
  "inf_all": 0.8107509316496231,
  "inf_wc": 0.9557896392964647,
  "inf_nwc": 0.6902684899626335,
  "inf_stack": 0.7586495031754352
}
{
  "native_pdb": "/tmp/rna_inf_mfhut50f/PZ28tBox_solution_0_normalized.pdb",
  "native_index": null,
  "model_pdb": "/tmp/rna_inf_n50xa18w/PZ28tBox_Chen_3_normalized.pdb",
  "model_index": null,
  "rmsd": 35.237832538140786,
  "inf_all": 0.7874585364780666,
  "inf_wc": 0.963795681875633,
  "inf_nwc": 0.583383351196948,
  "inf_stack": 0.7336390799938275
}
{
  "native_pdb": "/tmp/rna_inf_qy0q860s/PZ28tBox_solution_0_normalized.pdb",
  "native_index": null,
  "model_pdb": "/tmp/rna_inf_m7zsghak/PZ28tBox_Chen_4_normalized.pdb",
  "model_index": null,
  "rmsd": 34.35248788685386,
  "inf_all": 0.8124402829186254,
  "inf_wc": 0.963795681875633,
  "inf_nwc": 0.7701540462154054,
  "inf_stack": 0.7488781376326007
}
{
  "native_pdb": "/tmp/rna_inf_akdrmo47/PZ28tBox_solution_0_normalized.pdb",
  "native_index": null,
  "model_pdb": "/tmp/rna_inf_v8vw4zdo/PZ28tBox_Chen_5_normalized.pdb",
  "model_index": null,
  "rmsd": 33.89526557077063,
  "inf_all": 0.7949570823317732,
  "inf_wc": 0.9642857142857143,
  "inf_nwc": 0.6726727939963125,
  "inf_stack": 0.7320494154386097
}
{
  "native_pdb": "/tmp/rna_inf_chi4_mkp/PZ28tBox_solution_0_normalized.pdb",
  "native_index": null,
  "model_pdb": "/tmp/rna_inf_k3xdv3lc/PZ28tBox_Chen_6_normalized.pdb",
  "model_index": null,
  "rmsd": 32.77446786813099,
  "inf_all": 0.7852434588510765,
  "inf_wc": 0.9265616458263765,
  "inf_nwc": 0.6726727939963125,
  "inf_stack": 0.7369131765457132
}
{
  "native_pdb": "/tmp/rna_inf_tam07oy4/PZ28tBox_solution_0_normalized.pdb",
  "native_index": null,
  "model_pdb": "/tmp/rna_inf_s7uh5vs9/PZ28tBox_Chen_7_normalized.pdb",
  "model_index": null,
  "rmsd": 37.98637316744459,
  "inf_all": 0.8166531972051196,
  "inf_wc": 0.963795681875633,
  "inf_nwc": 0.7399400733959437,
  "inf_stack": 0.7600451155481349
}
{
  "native_pdb": "/tmp/rna_inf_q4q9u042/PZ28tBox_solution_0_normalized.pdb",
  "native_index": null,
  "model_pdb": "/tmp/rna_inf_o4riis7n/PZ28tBox_Chen_8_normalized.pdb",
  "model_index": null,
  "rmsd": 39.14655146675318,
  "inf_all": 0.7972749083909003,
  "inf_wc": 0.9361344502232992,
  "inf_nwc": 0.6262242910851494,
  "inf_stack": 0.7581297814690037
}
{
  "native_pdb": "/tmp/rna_inf_lnqulpy2/PZ28tBox_solution_0_normalized.pdb",
  "native_index": null,
  "model_pdb": "/tmp/rna_inf_mvsl0fsl/PZ28tBox_Chen_9_normalized.pdb",
  "model_index": null,
  "rmsd": 37.78561791644454,
  "inf_all": 0.7881711997056079,
  "inf_wc": 0.9544900276786581,
  "inf_nwc": 0.6726727939963125,
  "inf_stack": 0.7270404145828628
}
{
  "native_pdb": "/tmp/rna_inf_9dlwt25k/PZ28tBox_solution_0_normalized.pdb",
  "native_index": null,
  "model_pdb": "/tmp/rna_inf_uhoidyi4/PZ28tBox_Das_1_normalized.pdb",
  "model_index": null,
  "rmsd": 30.826867523018574,
  "inf_all": 0.8202594630642389,
  "inf_wc": 0.9315885051121782,
  "inf_nwc": 0.583383351196948,
  "inf_stack": 0.8001976040538967
}
{
  "native_pdb": "/tmp/rna_inf_za0ibpxe/PZ28tBox_solution_0_normalized.pdb",
  "native_index": null,
  "model_pdb": "/tmp/rna_inf_wjtx_vqj/PZ28tBox_Das_10_normalized.pdb",
  "model_index": null,
  "rmsd": 28.84016107108776,
  "inf_all": 0.8318172931885258,
  "inf_wc": 0.9315885051121782,
  "inf_nwc": 0.6301260378126045,
  "inf_stack": 0.8120790737744387
}
{
  "native_pdb": "/tmp/rna_inf_lvi_j8ou/PZ28tBox_solution_0_normalized.pdb",
  "native_index": null,
  "model_pdb": "/tmp/rna_inf_5equfp03/PZ28tBox_Das_2_normalized.pdb",
  "model_index": null,
  "rmsd": 35.36663783648436,
  "inf_all": 0.8031245441546832,
  "inf_wc": 0.9315885051121782,
  "inf_nwc": 0.5636018619766345,
  "inf_stack": 0.7769791116025916
}
{
  "native_pdb": "/tmp/rna_inf_2optb50_/PZ28tBox_solution_0_normalized.pdb",
  "native_index": null,
  "model_pdb": "/tmp/rna_inf_19hy6rj0/PZ28tBox_Das_3_normalized.pdb",
  "model_index": null,
  "rmsd": 31.446774997634442,
  "inf_all": 0.8335696394016966,
  "inf_wc": 0.9394501508629484,
  "inf_nwc": 0.583383351196948,
  "inf_stack": 0.818063253134435
}
{
  "native_pdb": "/tmp/rna_inf_u1f2c6k3/PZ28tBox_solution_0_normalized.pdb",
  "native_index": null,
  "model_pdb": "/tmp/rna_inf_a_6tctjv/PZ28tBox_Das_4_normalized.pdb",
  "model_index": null,
  "rmsd": 31.44036736109454,
  "inf_all": 0.8259662196686594,
  "inf_wc": 0.9315885051121782,
  "inf_nwc": 0.583383351196948,
  "inf_stack": 0.809173593712687
}
{
  "native_pdb": "/tmp/rna_inf_uqbfxsok/PZ28tBox_solution_0_normalized.pdb",
  "native_index": null,
  "model_pdb": "/tmp/rna_inf_dnkdlf06/PZ28tBox_Das_5_normalized.pdb",
  "model_index": null,
  "rmsd": 32.63371702525146,
  "inf_all": 0.8355149620925746,
  "inf_wc": 0.9299676884052652,
  "inf_nwc": 0.583383351196948,
  "inf_stack": 0.8253673893231352
}
{
  "native_pdb": "/tmp/rna_inf_p0gg_et2/PZ28tBox_solution_0_normalized.pdb",
  "native_index": null,
  "model_pdb": "/tmp/rna_inf_5m04w1fx/PZ28tBox_Das_6_normalized.pdb",
  "model_index": null,
  "rmsd": 31.70325194612484,
  "inf_all": 0.8058347374809701,
  "inf_wc": 0.9220529258469679,
  "inf_nwc": 0.6054055145966812,
  "inf_stack": 0.7790753966241908
}
{
  "native_pdb": "/tmp/rna_inf_rgcdhqxb/PZ28tBox_solution_0_normalized.pdb",
  "native_index": null,
  "model_pdb": "/tmp/rna_inf_u94g_9eo/PZ28tBox_Das_7_normalized.pdb",
  "model_index": null,
  "rmsd": 31.22390847940376,
  "inf_all": 0.8211918484567018,
  "inf_wc": 0.9299676884052652,
  "inf_nwc": 0.6301260378126045,
  "inf_stack": 0.7978559231302818
}
{
  "native_pdb": "/tmp/rna_inf_fuzb83m5/PZ28tBox_solution_0_normalized.pdb",
  "native_index": null,
  "model_pdb": "/tmp/rna_inf_nd_hkquo/PZ28tBox_Das_8_normalized.pdb",
  "model_index": null,
  "rmsd": 30.970993650832373,
  "inf_all": 0.7962752682377993,
  "inf_wc": 0.9299676884052652,
  "inf_nwc": 0.5144957554275266,
  "inf_stack": 0.7762058642344917
}
{
  "native_pdb": "/tmp/rna_inf_me_uwbhg/PZ28tBox_solution_0_normalized.pdb",
  "native_index": null,
  "model_pdb": "/tmp/rna_inf_yo2ldfka/PZ28tBox_Das_9_normalized.pdb",
  "model_index": null,
  "rmsd": 33.131681391700056,
  "inf_all": 0.8183317060794199,
  "inf_wc": 0.9475142485638551,
  "inf_nwc": 0.5457051563317492,
  "inf_stack": 0.7973139997058125
}
{
  "native_pdb": "/tmp/rna_inf_a1gh65og/PZ28tBox_solution_0_normalized.pdb",
  "native_index": null,
  "model_pdb": "/tmp/rna_inf_x9jx405h/PZ28tBox_Ding_1_normalized.pdb",
  "model_index": null,
  "rmsd": 34.346622510373315,
  "inf_all": 0.660528220954389,
  "inf_wc": 0.8288624656799142,
  "inf_nwc": 0.32539568672798425,
  "inf_stack": 0.6149087828947706
}
{
  "native_pdb": "/tmp/rna_inf_h957l6he/PZ28tBox_solution_0_normalized.pdb",
  "native_index": null,
  "model_pdb": "/tmp/rna_inf_gm4dn91i/PZ28tBox_Ding_2_normalized.pdb",
  "model_index": null,
  "rmsd": 39.45627990968906,
  "inf_all": 0.7091753772429563,
  "inf_wc": 0.875,
  "inf_nwc": 0.36380343755449945,
  "inf_stack": 0.6669446181762069
}
{
  "native_pdb": "/tmp/rna_inf_dy_pmjr8/PZ28tBox_solution_0_normalized.pdb",
  "native_index": null,
  "model_pdb": "/tmp/rna_inf_5q6fejh8/PZ28tBox_FARFAR2_1_normalized.pdb",
  "model_index": null,
  "rmsd": 29.8251727926411,
  "inf_all": 0.8297194126316894,
  "inf_wc": 0.9394501508629484,
  "inf_nwc": 0.583383351196948,
  "inf_stack": 0.8123623944599232
}
{
  "native_pdb": "/tmp/rna_inf_zcxwp1id/PZ28tBox_solution_0_normalized.pdb",
  "native_index": null,
  "model_pdb": "/tmp/rna_inf_6tlg5k8v/PZ28tBox_FARFAR2_10_normalized.pdb",
  "model_index": null,
  "rmsd": 29.96952258497025,
  "inf_all": 0.8318172931885258,
  "inf_wc": 0.9475142485638551,
  "inf_nwc": 0.6054055145966812,
  "inf_stack": 0.809173593712687
}
{
  "native_pdb": "/tmp/rna_inf_7tueh3ea/PZ28tBox_solution_0_normalized.pdb",
  "native_index": null,
  "model_pdb": "/tmp/rna_inf_vrp6ajlf/PZ28tBox_FARFAR2_2_normalized.pdb",
  "model_index": null,
  "rmsd": 30.222509063187363,
  "inf_all": 0.8430961495662874,
  "inf_wc": 0.9394501508629484,
  "inf_nwc": 0.6482037235521644,
  "inf_stack": 0.8253673893231352
}
{
  "native_pdb": "/tmp/rna_inf_534xlndu/PZ28tBox_solution_0_normalized.pdb",
  "native_index": null,
  "model_pdb": "/tmp/rna_inf_30jgvlnf/PZ28tBox_FARFAR2_3_normalized.pdb",
  "model_index": null,
  "rmsd": 22.172949718091555,
  "inf_all": 0.8211918484567018,
  "inf_wc": 0.9299676884052652,
  "inf_nwc": 0.6726727939963125,
  "inf_stack": 0.7933622165797498
}
{
  "native_pdb": "/tmp/rna_inf_xgjh2mma/PZ28tBox_solution_0_normalized.pdb",
  "native_index": null,
  "model_pdb": "/tmp/rna_inf_mqfmaqo3/PZ28tBox_FARFAR2_4_normalized.pdb",
  "model_index": null,
  "rmsd": 33.95054611177884,
  "inf_all": 0.8088927316593926,
  "inf_wc": 0.9239209796193592,
  "inf_nwc": 0.5457051563317492,
  "inf_stack": 0.7916390948403764
}
{
  "native_pdb": "/tmp/rna_inf_oxif41gm/PZ28tBox_solution_0_normalized.pdb",
  "native_index": null,
  "model_pdb": "/tmp/rna_inf_j211nsff/PZ28tBox_FARFAR2_5_normalized.pdb",
  "model_index": null,
  "rmsd": 35.17030036866222,
  "inf_all": 0.8250563020295268,
  "inf_wc": 0.9239209796193592,
  "inf_nwc": 0.6301260378126045,
  "inf_stack": 0.8046965367401255
}
{
  "native_pdb": "/tmp/rna_inf_3ox4szr7/PZ28tBox_solution_0_normalized.pdb",
  "native_index": null,
  "model_pdb": "/tmp/rna_inf_gpwgvr0y/PZ28tBox_FARFAR2_6_normalized.pdb",
  "model_index": null,
  "rmsd": 35.36663783648436,
  "inf_all": 0.8031245441546832,
  "inf_wc": 0.9315885051121782,
  "inf_nwc": 0.5636018619766345,
  "inf_stack": 0.7769791116025916
}
{
  "native_pdb": "/tmp/rna_inf_2ugxskqc/PZ28tBox_solution_0_normalized.pdb",
  "native_index": null,
  "model_pdb": "/tmp/rna_inf_7px51i2q/PZ28tBox_FARFAR2_7_normalized.pdb",
  "model_index": null,
  "rmsd": 34.56329873744419,
  "inf_all": 0.8298531409948148,
  "inf_wc": 0.9315885051121782,
  "inf_nwc": 0.6301260378126045,
  "inf_stack": 0.809173593712687
}
{
  "native_pdb": "/tmp/rna_inf_qx9oir0d/PZ28tBox_solution_0_normalized.pdb",
  "native_index": null,
  "model_pdb": "/tmp/rna_inf_u0a9ni16/PZ28tBox_FARFAR2_8_normalized.pdb",
  "model_index": null,
  "rmsd": 28.84016107108776,
  "inf_all": 0.8318172931885258,
  "inf_wc": 0.9315885051121782,
  "inf_nwc": 0.6301260378126045,
  "inf_stack": 0.8120790737744387
}
{
  "native_pdb": "/tmp/rna_inf_ursq70qs/PZ28tBox_solution_0_normalized.pdb",
  "native_index": null,
  "model_pdb": "/tmp/rna_inf_blk0x_lb/PZ28tBox_FARFAR2_9_normalized.pdb",
  "model_index": null,
  "rmsd": 34.97608290523603,
  "inf_all": 0.8106891636103735,
  "inf_wc": 0.9464285714285714,
  "inf_nwc": 0.6262242910851494,
  "inf_stack": 0.7762058642344917
}
{
  "native_pdb": "/tmp/rna_inf_8z0tqlzg/PZ28tBox_solution_0_normalized.pdb",
  "native_index": null,
  "model_pdb": "/tmp/rna_inf_dpu799hs/PZ28tBox_iFoldRNA_1_normalized.pdb",
  "model_index": null,
  "rmsd": 34.22511837207571,
  "inf_all": 0.6254045254066467,
  "inf_wc": 0.7127180599416806,
  "inf_nwc": 0.0,
  "inf_stack": 0.6385371094552885
}
{
  "native_pdb": "/tmp/rna_inf_cfpcra3o/PZ28tBox_solution_0_normalized.pdb",
  "native_index": null,
  "model_pdb": "/tmp/rna_inf_mu80d92x/PZ28tBox_iFoldRNA_2_normalized.pdb",
  "model_index": null,
  "rmsd": 31.62857533500899,
  "inf_all": 0.6361907543796814,
  "inf_wc": 0.7787915579452676,
  "inf_nwc": 0.06262242910851495,
  "inf_stack": 0.6446036254878612
}
{
  "native_pdb": "/tmp/rna_inf_7zbh5jfw/PZ28tBox_solution_0_normalized.pdb",
  "native_index": null,
  "model_pdb": "/tmp/rna_inf_ab4znj90/PZ28tBox_iFoldRNA_3_normalized.pdb",
  "model_index": null,
  "rmsd": 28.287372132888212,
  "inf_all": 0.6082743065551554,
  "inf_wc": 0.7576144084141581,
  "inf_nwc": 0.0,
  "inf_stack": 0.6107048165524593
}
{
  "native_pdb": "/tmp/rna_inf__rqu93pl/PZ28tBox_solution_0_normalized.pdb",
  "native_index": null,
  "model_pdb": "/tmp/rna_inf_cuu90vb5/PZ28tBox_iFoldRNA_4_normalized.pdb",
  "model_index": null,
  "rmsd": 22.390329870249055,
  "inf_all": 0.6183715870648644,
  "inf_wc": 0.7186052063706126,
  "inf_nwc": 0.0,
  "inf_stack": 0.6331217169742315
}
{
  "native_pdb": "/tmp/rna_inf_pr2xh1f8/PZ28tBox_solution_0_normalized.pdb",
  "native_index": null,
  "model_pdb": "/tmp/rna_inf__fi4kxz2/PZ28tBox_iFoldRNA_5_normalized.pdb",
  "model_index": null,
  "rmsd": 35.51261139522799,
  "inf_all": 0.6183715870648644,
  "inf_wc": 0.7787915579452676,
  "inf_nwc": 0.14625448482542613,
  "inf_stack": 0.5994441870043727
}
{
  "native_pdb": "/tmp/rna_inf__2j0lbyw/PZ28tBox_solution_0_normalized.pdb",
  "native_index": null,
  "model_pdb": "/tmp/rna_inf_4da8jb1o/PZ28tBox_RNAComposer_1_normalized.pdb",
  "model_index": null,
  "rmsd": 19.62978355090593,
  "inf_all": 0.8073244038084455,
  "inf_wc": 0.9642857142857143,
  "inf_nwc": 0.6482037235521644,
  "inf_stack": 0.7581827968703759
}
{
  "native_pdb": "/tmp/rna_inf_h_5eb836/PZ28tBox_solution_0_normalized.pdb",
  "native_index": null,
  "model_pdb": "/tmp/rna_inf_bnbuslm3/PZ28tBox_RNAComposer_2_normalized.pdb",
  "model_index": null,
  "rmsd": 28.173963084828685,
  "inf_all": 0.7950935776044273,
  "inf_wc": 0.9557896392964647,
  "inf_nwc": 0.49009802940980346,
  "inf_stack": 0.7581297814690037
}
{
  "native_pdb": "/tmp/rna_inf_lgpj90o7/PZ28tBox_solution_0_normalized.pdb",
  "native_index": null,
  "model_pdb": "/tmp/rna_inf_os8q514t/PZ28tBox_RNAComposer_3_normalized.pdb",
  "model_index": null,
  "rmsd": 26.825564976522813,
  "inf_all": 0.7328938949276714,
  "inf_wc": 0.9456108576893003,
  "inf_nwc": 0.46017899330842227,
  "inf_stack": 0.6684585169941752
}
{
  "native_pdb": "/tmp/rna_inf_zngixfi1/PZ28tBox_solution_0_normalized.pdb",
  "native_index": null,
  "model_pdb": "/tmp/rna_inf_1pp96tnv/PZ28tBox_RNAComposer_4_normalized.pdb",
  "model_index": null,
  "rmsd": 24.60313721488882,
  "inf_all": 0.7236050967505415,
  "inf_wc": 0.9464285714285714,
  "inf_nwc": 0.3429971702850177,
  "inf_stack": 0.6626708884311169
}
{
  "native_pdb": "/tmp/rna_inf_dvjrodtw/PZ28tBox_solution_0_normalized.pdb",
  "native_index": null,
  "model_pdb": "/tmp/rna_inf_m94mcye8/PZ28tBox_RNAComposer_5_normalized.pdb",
  "model_index": null,
  "rmsd": 21.473915691853737,
  "inf_all": 0.7317211048004449,
  "inf_wc": 0.938089831161345,
  "inf_nwc": 0.27500954910846337,
  "inf_stack": 0.6815632488566367
}
{
  "native_pdb": "/tmp/rna_inf_x_rcquru/PZ28tBox_solution_0_normalized.pdb",
  "native_index": null,
  "model_pdb": "/tmp/rna_inf_3mgj1w28/PZ28tBox_SimRNA_1_normalized.pdb",
  "model_index": null,
  "rmsd": 27.80868558541136,
  "inf_all": 0.6634557603685637,
  "inf_wc": 0.8249579113843054,
  "inf_nwc": 0.0,
  "inf_stack": 0.6520128625624343
}
{
  "native_pdb": "/tmp/rna_inf_p1vnxme5/PZ28tBox_solution_0_normalized.pdb",
  "native_index": null,
  "model_pdb": "/tmp/rna_inf_4v1203sx/PZ28tBox_SimRNA_2_normalized.pdb",
  "model_index": null,
  "rmsd": 22.169977434806924,
  "inf_all": 0.643553629673397,
  "inf_wc": 0.7912861598992318,
  "inf_nwc": 0.0,
  "inf_stack": 0.6383691342124489
}
{
  "native_pdb": "/tmp/rna_inf_skz_341n/PZ28tBox_solution_0_normalized.pdb",
  "native_index": null,
  "model_pdb": "/tmp/rna_inf_48_dmck0/PZ28tBox_SimRNA_3_normalized.pdb",
  "model_index": null,
  "rmsd": 32.67898500053993,
  "inf_all": 0.6377109256136226,
  "inf_wc": 0.7940495613514014,
  "inf_nwc": 0.0,
  "inf_stack": 0.6240777909042708
}
{
  "native_pdb": "/tmp/rna_inf__yely6f4/PZ28tBox_solution_0_normalized.pdb",
  "native_index": null,
  "model_pdb": "/tmp/rna_inf_uwdi_u9q/PZ28tBox_SimRNA_4_normalized.pdb",
  "model_index": null,
  "rmsd": 28.14543007382758,
  "inf_all": 0.6535804088874066,
  "inf_wc": 0.7516722428786936,
  "inf_nwc": 0.0,
  "inf_stack": 0.6666666666666666
}
{
  "native_pdb": "/tmp/rna_inf_e9kutbrb/PZ28tBox_solution_0_normalized.pdb",
  "native_index": null,
  "model_pdb": "/tmp/rna_inf_zjfvqmh4/PZ28tBox_SimRNA_5_normalized.pdb",
  "model_index": null,
  "rmsd": 29.09958891170991,
  "inf_all": 0.6328797822377619,
  "inf_wc": 0.8059908263257171,
  "inf_nwc": 0.0,
  "inf_stack": 0.6212121212121212
}
{
  "native_pdb": "/tmp/rna_inf_t756lt3n/PZ28tBox_solution_0_normalized.pdb",
  "native_index": null,
  "model_pdb": "/tmp/rna_inf_8z6oog_c/PZ28tBox_TFN_1_normalized.pdb",
  "model_index": null,
  "rmsd": 25.153668046333788,
  "inf_all": 0.7954635987433334,
  "inf_wc": 0.9124211282466754,
  "inf_nwc": 0.6063390625908325,
  "inf_stack": 0.7696491199836993
}
{
  "native_pdb": "/tmp/rna_inf_j30ndye7/PZ28tBox_solution_0_normalized.pdb",
  "native_index": null,
  "model_pdb": "/tmp/rna_inf_ioc0kt9n/PZ28tBox_TFN_10_normalized.pdb",
  "model_index": null,
  "rmsd": 23.038921256737137,
  "inf_all": 0.8241562045373145,
  "inf_wc": 0.9220529258469679,
  "inf_nwc": 0.6581451817144176,
  "inf_stack": 0.8018174701334809
}
{
  "native_pdb": "/tmp/rna_inf__v2j4goa/PZ28tBox_solution_0_normalized.pdb",
  "native_index": null,
  "model_pdb": "/tmp/rna_inf_z3ydaqq5/PZ28tBox_TFN_2_normalized.pdb",
  "model_index": null,
  "rmsd": 35.99228971109737,
  "inf_all": 0.8212024952811154,
  "inf_wc": 0.9143368661286193,
  "inf_nwc": 0.583383351196948,
  "inf_stack": 0.8095562983566902
}
{
  "native_pdb": "/tmp/rna_inf_b4dja368/PZ28tBox_solution_0_normalized.pdb",
  "native_index": null,
  "model_pdb": "/tmp/rna_inf_mjb6x4g1/PZ28tBox_TFN_3_normalized.pdb",
  "model_index": null,
  "rmsd": 14.503523303603433,
  "inf_all": 0.8297194126316894,
  "inf_wc": 0.9220529258469679,
  "inf_nwc": 0.583383351196948,
  "inf_stack": 0.819615630124744
}
{
  "native_pdb": "/tmp/rna_inf_3dlhlmvt/PZ28tBox_solution_0_normalized.pdb",
  "native_index": null,
  "model_pdb": "/tmp/rna_inf_4pkl87sz/PZ28tBox_TFN_4_normalized.pdb",
  "model_index": null,
  "rmsd": 31.913207123319356,
  "inf_all": 0.8058689461683751,
  "inf_wc": 0.9068113318486303,
  "inf_nwc": 0.6301260378126045,
  "inf_stack": 0.7825489256371864
}
{
  "native_pdb": "/tmp/rna_inf_cdawc2wc/PZ28tBox_solution_0_normalized.pdb",
  "native_index": null,
  "model_pdb": "/tmp/rna_inf_5pr3u10i/PZ28tBox_TFN_5_normalized.pdb",
  "model_index": null,
  "rmsd": 30.069298596604114,
  "inf_all": 0.8430961495662874,
  "inf_wc": 0.9394501508629484,
  "inf_nwc": 0.6482037235521644,
  "inf_stack": 0.8253673893231352
}
{
  "native_pdb": "/tmp/rna_inf_zvimagny/PZ28tBox_solution_0_normalized.pdb",
  "native_index": null,
  "model_pdb": "/tmp/rna_inf_086_5hyz/PZ28tBox_TFN_6_normalized.pdb",
  "model_index": null,
  "rmsd": 31.36354725865222,
  "inf_all": 0.8221334091050898,
  "inf_wc": 0.9143368661286193,
  "inf_nwc": 0.5636018619766345,
  "inf_stack": 0.8136290696970536
}
{
  "native_pdb": "/tmp/rna_inf_ih685h40/PZ28tBox_solution_0_normalized.pdb",
  "native_index": null,
  "model_pdb": "/tmp/rna_inf_46doq0jc/PZ28tBox_TFN_7_normalized.pdb",
  "model_index": null,
  "rmsd": 30.51770585554606,
  "inf_all": 0.8087605750141634,
  "inf_wc": 0.9068113318486303,
  "inf_nwc": 0.583383351196948,
  "inf_stack": 0.7927883669793235
}
{
  "native_pdb": "/tmp/rna_inf_4_a7lvc3/PZ28tBox_solution_0_normalized.pdb",
  "native_index": null,
  "model_pdb": "/tmp/rna_inf_goqcym0n/PZ28tBox_TFN_8_normalized.pdb",
  "model_index": null,
  "rmsd": 33.061462572251976,
  "inf_all": 0.8183317060794199,
  "inf_wc": 0.9315885051121782,
  "inf_nwc": 0.6054055145966812,
  "inf_stack": 0.7944613465542747
}
{
  "native_pdb": "/tmp/rna_inf_wqubjcwz/PZ28tBox_solution_0_normalized.pdb",
  "native_index": null,
  "model_pdb": "/tmp/rna_inf_cl5mlmsr/PZ28tBox_TFN_9_normalized.pdb",
  "model_index": null,
  "rmsd": 29.10432050287267,
  "inf_all": 0.8211918484567018,
  "inf_wc": 0.9315885051121782,
  "inf_nwc": 0.5882352941176471,
  "inf_stack": 0.8031127233769245
}
{
  "native_pdb": "/tmp/rna_inf_4ldqtb7y/PZ28tBox_solution_0_normalized.pdb",
  "native_index": null,
  "model_pdb": "/tmp/rna_inf_rgh4nop0/PZ28tBox_Xiao_1_normalized.pdb",
  "model_index": null,
  "rmsd": 32.58163938345032,
  "inf_all": 0.5312453004061719,
  "inf_wc": 0.47425200683433544,
  "inf_nwc": 0.0,
  "inf_stack": 0.6087309419470925
}
{
  "native_pdb": "/tmp/rna_inf_oaydbnxh/PZ28tBox_solution_0_normalized.pdb",
  "native_index": null,
  "model_pdb": "/tmp/rna_inf_vego6o_b/PZ28tBox_Xiao_2_normalized.pdb",
  "model_index": null,
  "rmsd": 29.403163764237426,
  "inf_all": 0.5142296580847199,
  "inf_wc": 0.42882464657199776,
  "inf_nwc": 0.0,
  "inf_stack": 0.6002501563585861
}
{
  "native_pdb": "/tmp/rna_inf_4erx7qe0/PZ28tBox_solution_0_normalized.pdb",
  "native_index": null,
  "model_pdb": "/tmp/rna_inf_b9qo5_l_/PZ28tBox_Xiao_3_normalized.pdb",
  "model_index": null,
  "rmsd": 31.6704855474595,
  "inf_all": 0.5399286092011687,
  "inf_wc": 0.46334820431459367,
  "inf_nwc": 0.0,
  "inf_stack": 0.6141827746434741
}
{
  "native_pdb": "/tmp/rna_inf_bvrh2cmo/PZ28tBox_solution_0_normalized.pdb",
  "native_index": null,
  "model_pdb": "/tmp/rna_inf_5hu6m6yo/PZ28tBox_Xiao_4_normalized.pdb",
  "model_index": null,
  "rmsd": 32.31349938137845,
  "inf_all": 0.5406858170054862,
  "inf_wc": 0.5361109642475097,
  "inf_nwc": 0.0,
  "inf_stack": 0.5946473740283672
}
{
  "native_pdb": "/tmp/rna_inf_oja4vkph/PZ28tBox_solution_0_normalized.pdb",
  "native_index": null,
  "model_pdb": "/tmp/rna_inf_u22wg1dp/PZ28tBox_Xiao_5_normalized.pdb",
  "model_index": null,
  "rmsd": 32.12235080812563,
  "inf_all": 0.6652342334590529,
  "inf_wc": 0.807813166395078,
  "inf_nwc": 0.0,
  "inf_stack": 0.6670822799096824
}
