2026-03-10 00:33:40 	 START case: PZ28tRNA
2026-03-10 00:33:40 	 caseDir: D:\Studia\Projekty\gsp-lab\data\finished\PZ28tRNA
2026-03-10 00:33:40 	 pdbDir: D:\Studia\Projekty\gsp-lab\data\finished\PZ28tRNA\pdb
2026-03-10 00:33:40 	 Found pdb count: 73
2026-03-10 00:33:40 	 Global solution: PZ28tRNA_solution_0.pdb
2026-03-10 00:33:40 	 RUN fallback_pair: model=PZ28tRNA_Adamiak_1.pdb against global=PZ28tRNA_solution_0.pdb -> id=Adamiak_1
2026-03-10 00:33:40 	 Docker cmd: docker run --rm -v D:\Studia\Projekty\gsp-lab:/work -v D:\Studia\Projekty\RNA_assessment:/rna_assessment -e RNA_ASSESSMENT_ROOT=/rna_assessment -e PYTHONPATH=/rna_assessment mcannotate-runtime python3 /work/src/utils/INF.py /work/data/finished/PZ28tRNA/pdb/PZ28tRNA_solution_0.pdb /work/data/finished/PZ28tRNA/pdb/PZ28tRNA_Adamiak_1.pdb
2026-03-10 00:33:43 	 Docker exit code: 0
2026-03-10 00:33:43 	 Docker output length: 361
2026-03-10 00:33:43 	 Saved CSV: PZ28tRNA,Adamiak_1,Adamiak,1,fallback_pair,0.7865439358257224,0.9299676884052652,0.5368754921931593,PZ28tRNA_solution_0.pdb,PZ28tRNA_Adamiak_1.pdb
2026-03-10 00:33:43 	 RUN fallback_pair: model=PZ28tRNA_Adamiak_2.pdb against global=PZ28tRNA_solution_0.pdb -> id=Adamiak_2
2026-03-10 00:33:43 	 Docker cmd: docker run --rm -v D:\Studia\Projekty\gsp-lab:/work -v D:\Studia\Projekty\RNA_assessment:/rna_assessment -e RNA_ASSESSMENT_ROOT=/rna_assessment -e PYTHONPATH=/rna_assessment mcannotate-runtime python3 /work/src/utils/INF.py /work/data/finished/PZ28tRNA/pdb/PZ28tRNA_solution_0.pdb /work/data/finished/PZ28tRNA/pdb/PZ28tRNA_Adamiak_2.pdb
2026-03-10 00:33:47 	 Docker exit code: 0
2026-03-10 00:33:47 	 Docker output length: 362
2026-03-10 00:33:47 	 Saved CSV: PZ28tRNA,Adamiak_2,Adamiak,2,fallback_pair,0.7756630173800768,0.9361344502232992,0.6301260378126045,PZ28tRNA_solution_0.pdb,PZ28tRNA_Adamiak_2.pdb
2026-03-10 00:33:47 	 RUN fallback_pair: model=PZ28tRNA_Adamiak_3.pdb against global=PZ28tRNA_solution_0.pdb -> id=Adamiak_3
2026-03-10 00:33:47 	 Docker cmd: docker run --rm -v D:\Studia\Projekty\gsp-lab:/work -v D:\Studia\Projekty\RNA_assessment:/rna_assessment -e RNA_ASSESSMENT_ROOT=/rna_assessment -e PYTHONPATH=/rna_assessment mcannotate-runtime python3 /work/src/utils/INF.py /work/data/finished/PZ28tRNA/pdb/PZ28tRNA_solution_0.pdb /work/data/finished/PZ28tRNA/pdb/PZ28tRNA_Adamiak_3.pdb
2026-03-10 00:33:49 	 Docker exit code: 0
2026-03-10 00:33:49 	 Docker output length: 360
2026-03-10 00:33:50 	 Saved CSV: PZ28tRNA,Adamiak_3,Adamiak,3,fallback_pair,0.7756630173800768,0.9456108576893003,0.53813823519705,PZ28tRNA_solution_0.pdb,PZ28tRNA_Adamiak_3.pdb
2026-03-10 00:33:50 	 RUN fallback_pair: model=PZ28tRNA_Adamiak_4.pdb against global=PZ28tRNA_solution_0.pdb -> id=Adamiak_4
2026-03-10 00:33:50 	 Docker cmd: docker run --rm -v D:\Studia\Projekty\gsp-lab:/work -v D:\Studia\Projekty\RNA_assessment:/rna_assessment -e RNA_ASSESSMENT_ROOT=/rna_assessment -e PYTHONPATH=/rna_assessment mcannotate-runtime python3 /work/src/utils/INF.py /work/data/finished/PZ28tRNA/pdb/PZ28tRNA_solution_0.pdb /work/data/finished/PZ28tRNA/pdb/PZ28tRNA_Adamiak_4.pdb
2026-03-10 00:33:53 	 Docker exit code: 0
2026-03-10 00:33:53 	 Docker output length: 361
2026-03-10 00:33:53 	 Saved CSV: PZ28tRNA,Adamiak_4,Adamiak,4,fallback_pair,0.7835343275736114,0.9475142485638551,0.5144957554275266,PZ28tRNA_solution_0.pdb,PZ28tRNA_Adamiak_4.pdb
2026-03-10 00:33:53 	 RUN fallback_pair: model=PZ28tRNA_Adamiak_5.pdb against global=PZ28tRNA_solution_0.pdb -> id=Adamiak_5
2026-03-10 00:33:53 	 Docker cmd: docker run --rm -v D:\Studia\Projekty\gsp-lab:/work -v D:\Studia\Projekty\RNA_assessment:/rna_assessment -e RNA_ASSESSMENT_ROOT=/rna_assessment -e PYTHONPATH=/rna_assessment mcannotate-runtime python3 /work/src/utils/INF.py /work/data/finished/PZ28tRNA/pdb/PZ28tRNA_solution_0.pdb /work/data/finished/PZ28tRNA/pdb/PZ28tRNA_Adamiak_5.pdb
2026-03-10 00:33:56 	 Docker exit code: 0
2026-03-10 00:33:56 	 Docker output length: 361
2026-03-10 00:33:56 	 Saved CSV: PZ28tRNA,Adamiak_5,Adamiak,5,fallback_pair,0.7835343275736114,0.9642857142857143,0.4287464628562721,PZ28tRNA_solution_0.pdb,PZ28tRNA_Adamiak_5.pdb
2026-03-10 00:33:56 	 RUN fallback_pair: model=PZ28tRNA_Bujnicki_1.pdb against global=PZ28tRNA_solution_0.pdb -> id=Bujnicki_1
2026-03-10 00:33:56 	 Docker cmd: docker run --rm -v D:\Studia\Projekty\gsp-lab:/work -v D:\Studia\Projekty\RNA_assessment:/rna_assessment -e RNA_ASSESSMENT_ROOT=/rna_assessment -e PYTHONPATH=/rna_assessment mcannotate-runtime python3 /work/src/utils/INF.py /work/data/finished/PZ28tRNA/pdb/PZ28tRNA_solution_0.pdb /work/data/finished/PZ28tRNA/pdb/PZ28tRNA_Bujnicki_1.pdb
2026-03-10 00:34:00 	 Docker exit code: 0
2026-03-10 00:34:00 	 Docker output length: 363
2026-03-10 00:34:00 	 Saved CSV: PZ28tRNA,Bujnicki_1,Bujnicki,1,fallback_pair,0.7128324356402512,0.8351913809763263,0.3834824944236852,PZ28tRNA_solution_0.pdb,PZ28tRNA_Bujnicki_1.pdb
2026-03-10 00:34:00 	 RUN fallback_pair: model=PZ28tRNA_Bujnicki_2.pdb against global=PZ28tRNA_solution_0.pdb -> id=Bujnicki_2
2026-03-10 00:34:00 	 Docker cmd: docker run --rm -v D:\Studia\Projekty\gsp-lab:/work -v D:\Studia\Projekty\RNA_assessment:/rna_assessment -e RNA_ASSESSMENT_ROOT=/rna_assessment -e PYTHONPATH=/rna_assessment mcannotate-runtime python3 /work/src/utils/INF.py /work/data/finished/PZ28tRNA/pdb/PZ28tRNA_solution_0.pdb /work/data/finished/PZ28tRNA/pdb/PZ28tRNA_Bujnicki_2.pdb
2026-03-10 00:34:03 	 Docker exit code: 0
2026-03-10 00:34:03 	 Docker output length: 361
2026-03-10 00:34:03 	 Saved CSV: PZ28tRNA,Bujnicki_2,Bujnicki,2,fallback_pair,0.700732001151539,0.8422348876123157,0.3834824944236852,PZ28tRNA_solution_0.pdb,PZ28tRNA_Bujnicki_2.pdb
2026-03-10 00:34:04 	 RUN fallback_pair: model=PZ28tRNA_Bujnicki_3.pdb against global=PZ28tRNA_solution_0.pdb -> id=Bujnicki_3
2026-03-10 00:34:04 	 Docker cmd: docker run --rm -v D:\Studia\Projekty\gsp-lab:/work -v D:\Studia\Projekty\RNA_assessment:/rna_assessment -e RNA_ASSESSMENT_ROOT=/rna_assessment -e PYTHONPATH=/rna_assessment mcannotate-runtime python3 /work/src/utils/INF.py /work/data/finished/PZ28tRNA/pdb/PZ28tRNA_solution_0.pdb /work/data/finished/PZ28tRNA/pdb/PZ28tRNA_Bujnicki_3.pdb
2026-03-10 00:34:07 	 Docker exit code: 0
2026-03-10 00:34:07 	 Docker output length: 363
2026-03-10 00:34:07 	 Saved CSV: PZ28tRNA,Bujnicki_3,Bujnicki,3,fallback_pair,0.7268292682926829,0.8554823885364436,0.45834924851410563,PZ28tRNA_solution_0.pdb,PZ28tRNA_Bujnicki_3.pdb
2026-03-10 00:34:07 	 RUN fallback_pair: model=PZ28tRNA_Bujnicki_4.pdb against global=PZ28tRNA_solution_0.pdb -> id=Bujnicki_4
2026-03-10 00:34:07 	 Docker cmd: docker run --rm -v D:\Studia\Projekty\gsp-lab:/work -v D:\Studia\Projekty\RNA_assessment:/rna_assessment -e RNA_ASSESSMENT_ROOT=/rna_assessment -e PYTHONPATH=/rna_assessment mcannotate-runtime python3 /work/src/utils/INF.py /work/data/finished/PZ28tRNA/pdb/PZ28tRNA_solution_0.pdb /work/data/finished/PZ28tRNA/pdb/PZ28tRNA_Bujnicki_4.pdb
2026-03-10 00:34:10 	 Docker exit code: 0
2026-03-10 00:34:10 	 Docker output length: 363
2026-03-10 00:34:10 	 Saved CSV: PZ28tRNA,Bujnicki_4,Bujnicki,4,fallback_pair,0.7036655313593446,0.8249579113843054,0.3834824944236852,PZ28tRNA_solution_0.pdb,PZ28tRNA_Bujnicki_4.pdb
2026-03-10 00:34:10 	 RUN fallback_pair: model=PZ28tRNA_Bujnicki_5.pdb against global=PZ28tRNA_solution_0.pdb -> id=Bujnicki_5
2026-03-10 00:34:10 	 Docker cmd: docker run --rm -v D:\Studia\Projekty\gsp-lab:/work -v D:\Studia\Projekty\RNA_assessment:/rna_assessment -e RNA_ASSESSMENT_ROOT=/rna_assessment -e PYTHONPATH=/rna_assessment mcannotate-runtime python3 /work/src/utils/INF.py /work/data/finished/PZ28tRNA/pdb/PZ28tRNA_solution_0.pdb /work/data/finished/PZ28tRNA/pdb/PZ28tRNA_Bujnicki_5.pdb
2026-03-10 00:34:13 	 Docker exit code: 0
2026-03-10 00:34:13 	 Docker output length: 363
2026-03-10 00:34:13 	 Saved CSV: PZ28tRNA,Bujnicki_5,Bujnicki,5,fallback_pair,0.718124412140701,0.8586296628693791,0.45834924851410563,PZ28tRNA_solution_0.pdb,PZ28tRNA_Bujnicki_5.pdb
2026-03-10 00:34:13 	 RUN fallback_pair: model=PZ28tRNA_Chen_1.pdb against global=PZ28tRNA_solution_0.pdb -> id=Chen_1
2026-03-10 00:34:13 	 Docker cmd: docker run --rm -v D:\Studia\Projekty\gsp-lab:/work -v D:\Studia\Projekty\RNA_assessment:/rna_assessment -e RNA_ASSESSMENT_ROOT=/rna_assessment -e PYTHONPATH=/rna_assessment mcannotate-runtime python3 /work/src/utils/INF.py /work/data/finished/PZ28tRNA/pdb/PZ28tRNA_solution_0.pdb /work/data/finished/PZ28tRNA/pdb/PZ28tRNA_Chen_1.pdb
2026-03-10 00:34:16 	 Docker exit code: 0
2026-03-10 00:34:16 	 Docker output length: 358
2026-03-10 00:34:16 	 Saved CSV: PZ28tRNA,Chen_1,Chen,1,fallback_pair,0.7660103651279797,0.9274260335029676,0.6054055145966812,PZ28tRNA_solution_0.pdb,PZ28tRNA_Chen_1.pdb
2026-03-10 00:34:16 	 RUN fallback_pair: model=PZ28tRNA_Chen_10.pdb against global=PZ28tRNA_solution_0.pdb -> id=Chen_10
2026-03-10 00:34:16 	 Docker cmd: docker run --rm -v D:\Studia\Projekty\gsp-lab:/work -v D:\Studia\Projekty\RNA_assessment:/rna_assessment -e RNA_ASSESSMENT_ROOT=/rna_assessment -e PYTHONPATH=/rna_assessment mcannotate-runtime python3 /work/src/utils/INF.py /work/data/finished/PZ28tRNA/pdb/PZ28tRNA_solution_0.pdb /work/data/finished/PZ28tRNA/pdb/PZ28tRNA_Chen_10.pdb
2026-03-10 00:34:19 	 Docker exit code: 0
2026-03-10 00:34:19 	 Docker output length: 359
2026-03-10 00:34:19 	 Saved CSV: PZ28tRNA,Chen_10,Chen,10,fallback_pair,0.7920977985961543,0.9549937104572924,0.6467616667635545,PZ28tRNA_solution_0.pdb,PZ28tRNA_Chen_10.pdb
2026-03-10 00:34:19 	 RUN fallback_pair: model=PZ28tRNA_Chen_2.pdb against global=PZ28tRNA_solution_0.pdb -> id=Chen_2
2026-03-10 00:34:19 	 Docker cmd: docker run --rm -v D:\Studia\Projekty\gsp-lab:/work -v D:\Studia\Projekty\RNA_assessment:/rna_assessment -e RNA_ASSESSMENT_ROOT=/rna_assessment -e PYTHONPATH=/rna_assessment mcannotate-runtime python3 /work/src/utils/INF.py /work/data/finished/PZ28tRNA/pdb/PZ28tRNA_solution_0.pdb /work/data/finished/PZ28tRNA/pdb/PZ28tRNA_Chen_2.pdb
2026-03-10 00:34:22 	 Docker exit code: 0
2026-03-10 00:34:22 	 Docker output length: 358
2026-03-10 00:34:22 	 Saved CSV: PZ28tRNA,Chen_2,Chen,2,fallback_pair,0.8107509316496231,0.9557896392964647,0.6902684899626335,PZ28tRNA_solution_0.pdb,PZ28tRNA_Chen_2.pdb
2026-03-10 00:34:22 	 RUN fallback_pair: model=PZ28tRNA_Chen_3.pdb against global=PZ28tRNA_solution_0.pdb -> id=Chen_3
2026-03-10 00:34:22 	 Docker cmd: docker run --rm -v D:\Studia\Projekty\gsp-lab:/work -v D:\Studia\Projekty\RNA_assessment:/rna_assessment -e RNA_ASSESSMENT_ROOT=/rna_assessment -e PYTHONPATH=/rna_assessment mcannotate-runtime python3 /work/src/utils/INF.py /work/data/finished/PZ28tRNA/pdb/PZ28tRNA_solution_0.pdb /work/data/finished/PZ28tRNA/pdb/PZ28tRNA_Chen_3.pdb
2026-03-10 00:34:25 	 Docker exit code: 0
2026-03-10 00:34:25 	 Docker output length: 357
2026-03-10 00:34:25 	 Saved CSV: PZ28tRNA,Chen_3,Chen,3,fallback_pair,0.7874585364780666,0.963795681875633,0.583383351196948,PZ28tRNA_solution_0.pdb,PZ28tRNA_Chen_3.pdb
2026-03-10 00:34:25 	 RUN fallback_pair: model=PZ28tRNA_Chen_4.pdb against global=PZ28tRNA_solution_0.pdb -> id=Chen_4
2026-03-10 00:34:25 	 Docker cmd: docker run --rm -v D:\Studia\Projekty\gsp-lab:/work -v D:\Studia\Projekty\RNA_assessment:/rna_assessment -e RNA_ASSESSMENT_ROOT=/rna_assessment -e PYTHONPATH=/rna_assessment mcannotate-runtime python3 /work/src/utils/INF.py /work/data/finished/PZ28tRNA/pdb/PZ28tRNA_solution_0.pdb /work/data/finished/PZ28tRNA/pdb/PZ28tRNA_Chen_4.pdb
2026-03-10 00:34:28 	 Docker exit code: 0
2026-03-10 00:34:28 	 Docker output length: 357
2026-03-10 00:34:28 	 Saved CSV: PZ28tRNA,Chen_4,Chen,4,fallback_pair,0.8124402829186254,0.963795681875633,0.7701540462154054,PZ28tRNA_solution_0.pdb,PZ28tRNA_Chen_4.pdb
2026-03-10 00:34:28 	 RUN fallback_pair: model=PZ28tRNA_Chen_5.pdb against global=PZ28tRNA_solution_0.pdb -> id=Chen_5
2026-03-10 00:34:28 	 Docker cmd: docker run --rm -v D:\Studia\Projekty\gsp-lab:/work -v D:\Studia\Projekty\RNA_assessment:/rna_assessment -e RNA_ASSESSMENT_ROOT=/rna_assessment -e PYTHONPATH=/rna_assessment mcannotate-runtime python3 /work/src/utils/INF.py /work/data/finished/PZ28tRNA/pdb/PZ28tRNA_solution_0.pdb /work/data/finished/PZ28tRNA/pdb/PZ28tRNA_Chen_5.pdb
2026-03-10 00:34:32 	 Docker exit code: 0
2026-03-10 00:34:32 	 Docker output length: 359
2026-03-10 00:34:32 	 Saved CSV: PZ28tRNA,Chen_5,Chen,5,fallback_pair,0.7949570823317732,0.9642857142857143,0.6726727939963125,PZ28tRNA_solution_0.pdb,PZ28tRNA_Chen_5.pdb
2026-03-10 00:34:32 	 RUN fallback_pair: model=PZ28tRNA_Chen_6.pdb against global=PZ28tRNA_solution_0.pdb -> id=Chen_6
2026-03-10 00:34:32 	 Docker cmd: docker run --rm -v D:\Studia\Projekty\gsp-lab:/work -v D:\Studia\Projekty\RNA_assessment:/rna_assessment -e RNA_ASSESSMENT_ROOT=/rna_assessment -e PYTHONPATH=/rna_assessment mcannotate-runtime python3 /work/src/utils/INF.py /work/data/finished/PZ28tRNA/pdb/PZ28tRNA_solution_0.pdb /work/data/finished/PZ28tRNA/pdb/PZ28tRNA_Chen_6.pdb
2026-03-10 00:34:35 	 Docker exit code: 0
2026-03-10 00:34:35 	 Docker output length: 359
2026-03-10 00:34:35 	 Saved CSV: PZ28tRNA,Chen_6,Chen,6,fallback_pair,0.7852434588510765,0.9265616458263765,0.6726727939963125,PZ28tRNA_solution_0.pdb,PZ28tRNA_Chen_6.pdb
2026-03-10 00:34:35 	 RUN fallback_pair: model=PZ28tRNA_Chen_7.pdb against global=PZ28tRNA_solution_0.pdb -> id=Chen_7
2026-03-10 00:34:35 	 Docker cmd: docker run --rm -v D:\Studia\Projekty\gsp-lab:/work -v D:\Studia\Projekty\RNA_assessment:/rna_assessment -e RNA_ASSESSMENT_ROOT=/rna_assessment -e PYTHONPATH=/rna_assessment mcannotate-runtime python3 /work/src/utils/INF.py /work/data/finished/PZ28tRNA/pdb/PZ28tRNA_solution_0.pdb /work/data/finished/PZ28tRNA/pdb/PZ28tRNA_Chen_7.pdb
2026-03-10 00:34:38 	 Docker exit code: 0
2026-03-10 00:34:38 	 Docker output length: 357
2026-03-10 00:34:38 	 Saved CSV: PZ28tRNA,Chen_7,Chen,7,fallback_pair,0.8166531972051196,0.963795681875633,0.7399400733959437,PZ28tRNA_solution_0.pdb,PZ28tRNA_Chen_7.pdb
2026-03-10 00:34:38 	 RUN fallback_pair: model=PZ28tRNA_Chen_8.pdb against global=PZ28tRNA_solution_0.pdb -> id=Chen_8
2026-03-10 00:34:38 	 Docker cmd: docker run --rm -v D:\Studia\Projekty\gsp-lab:/work -v D:\Studia\Projekty\RNA_assessment:/rna_assessment -e RNA_ASSESSMENT_ROOT=/rna_assessment -e PYTHONPATH=/rna_assessment mcannotate-runtime python3 /work/src/utils/INF.py /work/data/finished/PZ28tRNA/pdb/PZ28tRNA_solution_0.pdb /work/data/finished/PZ28tRNA/pdb/PZ28tRNA_Chen_8.pdb
2026-03-10 00:34:41 	 Docker exit code: 0
2026-03-10 00:34:41 	 Docker output length: 358
2026-03-10 00:34:41 	 Saved CSV: PZ28tRNA,Chen_8,Chen,8,fallback_pair,0.7972749083909003,0.9361344502232992,0.6262242910851494,PZ28tRNA_solution_0.pdb,PZ28tRNA_Chen_8.pdb
2026-03-10 00:34:41 	 RUN fallback_pair: model=PZ28tRNA_Chen_9.pdb against global=PZ28tRNA_solution_0.pdb -> id=Chen_9
2026-03-10 00:34:41 	 Docker cmd: docker run --rm -v D:\Studia\Projekty\gsp-lab:/work -v D:\Studia\Projekty\RNA_assessment:/rna_assessment -e RNA_ASSESSMENT_ROOT=/rna_assessment -e PYTHONPATH=/rna_assessment mcannotate-runtime python3 /work/src/utils/INF.py /work/data/finished/PZ28tRNA/pdb/PZ28tRNA_solution_0.pdb /work/data/finished/PZ28tRNA/pdb/PZ28tRNA_Chen_9.pdb
2026-03-10 00:34:44 	 Docker exit code: 0
2026-03-10 00:34:44 	 Docker output length: 358
2026-03-10 00:34:44 	 Saved CSV: PZ28tRNA,Chen_9,Chen,9,fallback_pair,0.7881711997056079,0.9544900276786581,0.6726727939963125,PZ28tRNA_solution_0.pdb,PZ28tRNA_Chen_9.pdb
2026-03-10 00:34:44 	 RUN fallback_pair: model=PZ28tRNA_Das_1.pdb against global=PZ28tRNA_solution_0.pdb -> id=Das_1
2026-03-10 00:34:44 	 Docker cmd: docker run --rm -v D:\Studia\Projekty\gsp-lab:/work -v D:\Studia\Projekty\RNA_assessment:/rna_assessment -e RNA_ASSESSMENT_ROOT=/rna_assessment -e PYTHONPATH=/rna_assessment mcannotate-runtime python3 /work/src/utils/INF.py /work/data/finished/PZ28tRNA/pdb/PZ28tRNA_solution_0.pdb /work/data/finished/PZ28tRNA/pdb/PZ28tRNA_Das_1.pdb
2026-03-10 00:34:48 	 Docker exit code: 0
2026-03-10 00:34:48 	 Docker output length: 357
2026-03-10 00:34:48 	 Saved CSV: PZ28tRNA,Das_1,Das,1,fallback_pair,0.8202594630642389,0.9315885051121782,0.583383351196948,PZ28tRNA_solution_0.pdb,PZ28tRNA_Das_1.pdb
2026-03-10 00:34:48 	 RUN fallback_pair: model=PZ28tRNA_Das_10.pdb against global=PZ28tRNA_solution_0.pdb -> id=Das_10
2026-03-10 00:34:48 	 Docker cmd: docker run --rm -v D:\Studia\Projekty\gsp-lab:/work -v D:\Studia\Projekty\RNA_assessment:/rna_assessment -e RNA_ASSESSMENT_ROOT=/rna_assessment -e PYTHONPATH=/rna_assessment mcannotate-runtime python3 /work/src/utils/INF.py /work/data/finished/PZ28tRNA/pdb/PZ28tRNA_solution_0.pdb /work/data/finished/PZ28tRNA/pdb/PZ28tRNA_Das_10.pdb
2026-03-10 00:34:51 	 Docker exit code: 0
2026-03-10 00:34:51 	 Docker output length: 358
2026-03-10 00:34:51 	 Saved CSV: PZ28tRNA,Das_10,Das,10,fallback_pair,0.8318172931885258,0.9315885051121782,0.6301260378126045,PZ28tRNA_solution_0.pdb,PZ28tRNA_Das_10.pdb
2026-03-10 00:34:51 	 RUN fallback_pair: model=PZ28tRNA_Das_2.pdb against global=PZ28tRNA_solution_0.pdb -> id=Das_2
2026-03-10 00:34:51 	 Docker cmd: docker run --rm -v D:\Studia\Projekty\gsp-lab:/work -v D:\Studia\Projekty\RNA_assessment:/rna_assessment -e RNA_ASSESSMENT_ROOT=/rna_assessment -e PYTHONPATH=/rna_assessment mcannotate-runtime python3 /work/src/utils/INF.py /work/data/finished/PZ28tRNA/pdb/PZ28tRNA_solution_0.pdb /work/data/finished/PZ28tRNA/pdb/PZ28tRNA_Das_2.pdb
2026-03-10 00:34:54 	 Docker exit code: 0
2026-03-10 00:34:54 	 Docker output length: 357
2026-03-10 00:34:54 	 Saved CSV: PZ28tRNA,Das_2,Das,2,fallback_pair,0.8031245441546832,0.9315885051121782,0.5636018619766345,PZ28tRNA_solution_0.pdb,PZ28tRNA_Das_2.pdb
2026-03-10 00:34:54 	 RUN fallback_pair: model=PZ28tRNA_Das_3.pdb against global=PZ28tRNA_solution_0.pdb -> id=Das_3
2026-03-10 00:34:54 	 Docker cmd: docker run --rm -v D:\Studia\Projekty\gsp-lab:/work -v D:\Studia\Projekty\RNA_assessment:/rna_assessment -e RNA_ASSESSMENT_ROOT=/rna_assessment -e PYTHONPATH=/rna_assessment mcannotate-runtime python3 /work/src/utils/INF.py /work/data/finished/PZ28tRNA/pdb/PZ28tRNA_solution_0.pdb /work/data/finished/PZ28tRNA/pdb/PZ28tRNA_Das_3.pdb
2026-03-10 00:34:58 	 Docker exit code: 0
2026-03-10 00:34:58 	 Docker output length: 356
2026-03-10 00:34:58 	 Saved CSV: PZ28tRNA,Das_3,Das,3,fallback_pair,0.8335696394016966,0.9394501508629484,0.583383351196948,PZ28tRNA_solution_0.pdb,PZ28tRNA_Das_3.pdb
2026-03-10 00:34:58 	 RUN fallback_pair: model=PZ28tRNA_Das_4.pdb against global=PZ28tRNA_solution_0.pdb -> id=Das_4
2026-03-10 00:34:58 	 Docker cmd: docker run --rm -v D:\Studia\Projekty\gsp-lab:/work -v D:\Studia\Projekty\RNA_assessment:/rna_assessment -e RNA_ASSESSMENT_ROOT=/rna_assessment -e PYTHONPATH=/rna_assessment mcannotate-runtime python3 /work/src/utils/INF.py /work/data/finished/PZ28tRNA/pdb/PZ28tRNA_solution_0.pdb /work/data/finished/PZ28tRNA/pdb/PZ28tRNA_Das_4.pdb
2026-03-10 00:35:01 	 Docker exit code: 0
2026-03-10 00:35:01 	 Docker output length: 355
2026-03-10 00:35:01 	 Saved CSV: PZ28tRNA,Das_4,Das,4,fallback_pair,0.8259662196686594,0.9315885051121782,0.583383351196948,PZ28tRNA_solution_0.pdb,PZ28tRNA_Das_4.pdb
2026-03-10 00:35:01 	 RUN fallback_pair: model=PZ28tRNA_Das_5.pdb against global=PZ28tRNA_solution_0.pdb -> id=Das_5
2026-03-10 00:35:01 	 Docker cmd: docker run --rm -v D:\Studia\Projekty\gsp-lab:/work -v D:\Studia\Projekty\RNA_assessment:/rna_assessment -e RNA_ASSESSMENT_ROOT=/rna_assessment -e PYTHONPATH=/rna_assessment mcannotate-runtime python3 /work/src/utils/INF.py /work/data/finished/PZ28tRNA/pdb/PZ28tRNA_solution_0.pdb /work/data/finished/PZ28tRNA/pdb/PZ28tRNA_Das_5.pdb
2026-03-10 00:35:05 	 Docker exit code: 0
2026-03-10 00:35:05 	 Docker output length: 356
2026-03-10 00:35:05 	 Saved CSV: PZ28tRNA,Das_5,Das,5,fallback_pair,0.8355149620925746,0.9299676884052652,0.583383351196948,PZ28tRNA_solution_0.pdb,PZ28tRNA_Das_5.pdb
2026-03-10 00:35:05 	 RUN fallback_pair: model=PZ28tRNA_Das_6.pdb against global=PZ28tRNA_solution_0.pdb -> id=Das_6
2026-03-10 00:35:05 	 Docker cmd: docker run --rm -v D:\Studia\Projekty\gsp-lab:/work -v D:\Studia\Projekty\RNA_assessment:/rna_assessment -e RNA_ASSESSMENT_ROOT=/rna_assessment -e PYTHONPATH=/rna_assessment mcannotate-runtime python3 /work/src/utils/INF.py /work/data/finished/PZ28tRNA/pdb/PZ28tRNA_solution_0.pdb /work/data/finished/PZ28tRNA/pdb/PZ28tRNA_Das_6.pdb
2026-03-10 00:35:08 	 Docker exit code: 0
2026-03-10 00:35:08 	 Docker output length: 357
2026-03-10 00:35:08 	 Saved CSV: PZ28tRNA,Das_6,Das,6,fallback_pair,0.8058347374809701,0.9220529258469679,0.6054055145966812,PZ28tRNA_solution_0.pdb,PZ28tRNA_Das_6.pdb
2026-03-10 00:35:08 	 RUN fallback_pair: model=PZ28tRNA_Das_7.pdb against global=PZ28tRNA_solution_0.pdb -> id=Das_7
2026-03-10 00:35:08 	 Docker cmd: docker run --rm -v D:\Studia\Projekty\gsp-lab:/work -v D:\Studia\Projekty\RNA_assessment:/rna_assessment -e RNA_ASSESSMENT_ROOT=/rna_assessment -e PYTHONPATH=/rna_assessment mcannotate-runtime python3 /work/src/utils/INF.py /work/data/finished/PZ28tRNA/pdb/PZ28tRNA_solution_0.pdb /work/data/finished/PZ28tRNA/pdb/PZ28tRNA_Das_7.pdb
2026-03-10 00:35:11 	 Docker exit code: 0
2026-03-10 00:35:11 	 Docker output length: 358
2026-03-10 00:35:11 	 Saved CSV: PZ28tRNA,Das_7,Das,7,fallback_pair,0.8211918484567018,0.9299676884052652,0.6301260378126045,PZ28tRNA_solution_0.pdb,PZ28tRNA_Das_7.pdb
2026-03-10 00:35:11 	 RUN fallback_pair: model=PZ28tRNA_Das_8.pdb against global=PZ28tRNA_solution_0.pdb -> id=Das_8
2026-03-10 00:35:11 	 Docker cmd: docker run --rm -v D:\Studia\Projekty\gsp-lab:/work -v D:\Studia\Projekty\RNA_assessment:/rna_assessment -e RNA_ASSESSMENT_ROOT=/rna_assessment -e PYTHONPATH=/rna_assessment mcannotate-runtime python3 /work/src/utils/INF.py /work/data/finished/PZ28tRNA/pdb/PZ28tRNA_solution_0.pdb /work/data/finished/PZ28tRNA/pdb/PZ28tRNA_Das_8.pdb
2026-03-10 00:35:14 	 Docker exit code: 0
2026-03-10 00:35:14 	 Docker output length: 358
2026-03-10 00:35:14 	 Saved CSV: PZ28tRNA,Das_8,Das,8,fallback_pair,0.7962752682377993,0.9299676884052652,0.5144957554275266,PZ28tRNA_solution_0.pdb,PZ28tRNA_Das_8.pdb
2026-03-10 00:35:14 	 RUN fallback_pair: model=PZ28tRNA_Das_9.pdb against global=PZ28tRNA_solution_0.pdb -> id=Das_9
2026-03-10 00:35:14 	 Docker cmd: docker run --rm -v D:\Studia\Projekty\gsp-lab:/work -v D:\Studia\Projekty\RNA_assessment:/rna_assessment -e RNA_ASSESSMENT_ROOT=/rna_assessment -e PYTHONPATH=/rna_assessment mcannotate-runtime python3 /work/src/utils/INF.py /work/data/finished/PZ28tRNA/pdb/PZ28tRNA_solution_0.pdb /work/data/finished/PZ28tRNA/pdb/PZ28tRNA_Das_9.pdb
2026-03-10 00:35:17 	 Docker exit code: 0
2026-03-10 00:35:17 	 Docker output length: 357
2026-03-10 00:35:17 	 Saved CSV: PZ28tRNA,Das_9,Das,9,fallback_pair,0.8183317060794199,0.9475142485638551,0.5457051563317492,PZ28tRNA_solution_0.pdb,PZ28tRNA_Das_9.pdb
2026-03-10 00:35:17 	 RUN fallback_pair: model=PZ28tRNA_Ding_1.pdb against global=PZ28tRNA_solution_0.pdb -> id=Ding_1
2026-03-10 00:35:17 	 Docker cmd: docker run --rm -v D:\Studia\Projekty\gsp-lab:/work -v D:\Studia\Projekty\RNA_assessment:/rna_assessment -e RNA_ASSESSMENT_ROOT=/rna_assessment -e PYTHONPATH=/rna_assessment mcannotate-runtime python3 /work/src/utils/INF.py /work/data/finished/PZ28tRNA/pdb/PZ28tRNA_solution_0.pdb /work/data/finished/PZ28tRNA/pdb/PZ28tRNA_Ding_1.pdb
2026-03-10 00:35:20 	 Docker exit code: 0
2026-03-10 00:35:20 	 Docker output length: 359
2026-03-10 00:35:20 	 Saved CSV: PZ28tRNA,Ding_1,Ding,1,fallback_pair,0.660528220954389,0.8288624656799142,0.32539568672798425,PZ28tRNA_solution_0.pdb,PZ28tRNA_Ding_1.pdb
2026-03-10 00:35:20 	 RUN fallback_pair: model=PZ28tRNA_Ding_2.pdb against global=PZ28tRNA_solution_0.pdb -> id=Ding_2
2026-03-10 00:35:20 	 Docker cmd: docker run --rm -v D:\Studia\Projekty\gsp-lab:/work -v D:\Studia\Projekty\RNA_assessment:/rna_assessment -e RNA_ASSESSMENT_ROOT=/rna_assessment -e PYTHONPATH=/rna_assessment mcannotate-runtime python3 /work/src/utils/INF.py /work/data/finished/PZ28tRNA/pdb/PZ28tRNA_solution_0.pdb /work/data/finished/PZ28tRNA/pdb/PZ28tRNA_Ding_2.pdb
2026-03-10 00:35:23 	 Docker exit code: 0
2026-03-10 00:35:23 	 Docker output length: 346
2026-03-10 00:35:23 	 Saved CSV: PZ28tRNA,Ding_2,Ding,2,fallback_pair,0.7091753772429563,0.875,0.36380343755449945,PZ28tRNA_solution_0.pdb,PZ28tRNA_Ding_2.pdb
2026-03-10 00:35:23 	 RUN fallback_pair: model=PZ28tRNA_FARFAR2_1.pdb against global=PZ28tRNA_solution_0.pdb -> id=FARFAR2_1
2026-03-10 00:35:23 	 Docker cmd: docker run --rm -v D:\Studia\Projekty\gsp-lab:/work -v D:\Studia\Projekty\RNA_assessment:/rna_assessment -e RNA_ASSESSMENT_ROOT=/rna_assessment -e PYTHONPATH=/rna_assessment mcannotate-runtime python3 /work/src/utils/INF.py /work/data/finished/PZ28tRNA/pdb/PZ28tRNA_solution_0.pdb /work/data/finished/PZ28tRNA/pdb/PZ28tRNA_FARFAR2_1.pdb
2026-03-10 00:35:26 	 Docker exit code: 0
2026-03-10 00:35:26 	 Docker output length: 361
2026-03-10 00:35:26 	 Saved CSV: PZ28tRNA,FARFAR2_1,FARFAR2,1,fallback_pair,0.8297194126316894,0.9394501508629484,0.583383351196948,PZ28tRNA_solution_0.pdb,PZ28tRNA_FARFAR2_1.pdb
2026-03-10 00:35:26 	 RUN fallback_pair: model=PZ28tRNA_FARFAR2_10.pdb against global=PZ28tRNA_solution_0.pdb -> id=FARFAR2_10
2026-03-10 00:35:26 	 Docker cmd: docker run --rm -v D:\Studia\Projekty\gsp-lab:/work -v D:\Studia\Projekty\RNA_assessment:/rna_assessment -e RNA_ASSESSMENT_ROOT=/rna_assessment -e PYTHONPATH=/rna_assessment mcannotate-runtime python3 /work/src/utils/INF.py /work/data/finished/PZ28tRNA/pdb/PZ28tRNA_solution_0.pdb /work/data/finished/PZ28tRNA/pdb/PZ28tRNA_FARFAR2_10.pdb
2026-03-10 00:35:29 	 Docker exit code: 0
2026-03-10 00:35:29 	 Docker output length: 362
2026-03-10 00:35:29 	 Saved CSV: PZ28tRNA,FARFAR2_10,FARFAR2,10,fallback_pair,0.8318172931885258,0.9475142485638551,0.6054055145966812,PZ28tRNA_solution_0.pdb,PZ28tRNA_FARFAR2_10.pdb
2026-03-10 00:35:29 	 RUN fallback_pair: model=PZ28tRNA_FARFAR2_2.pdb against global=PZ28tRNA_solution_0.pdb -> id=FARFAR2_2
2026-03-10 00:35:29 	 Docker cmd: docker run --rm -v D:\Studia\Projekty\gsp-lab:/work -v D:\Studia\Projekty\RNA_assessment:/rna_assessment -e RNA_ASSESSMENT_ROOT=/rna_assessment -e PYTHONPATH=/rna_assessment mcannotate-runtime python3 /work/src/utils/INF.py /work/data/finished/PZ28tRNA/pdb/PZ28tRNA_solution_0.pdb /work/data/finished/PZ28tRNA/pdb/PZ28tRNA_FARFAR2_2.pdb
2026-03-10 00:35:32 	 Docker exit code: 0
2026-03-10 00:35:32 	 Docker output length: 362
2026-03-10 00:35:32 	 Saved CSV: PZ28tRNA,FARFAR2_2,FARFAR2,2,fallback_pair,0.8430961495662874,0.9394501508629484,0.6482037235521644,PZ28tRNA_solution_0.pdb,PZ28tRNA_FARFAR2_2.pdb
2026-03-10 00:35:32 	 RUN fallback_pair: model=PZ28tRNA_FARFAR2_3.pdb against global=PZ28tRNA_solution_0.pdb -> id=FARFAR2_3
2026-03-10 00:35:32 	 Docker cmd: docker run --rm -v D:\Studia\Projekty\gsp-lab:/work -v D:\Studia\Projekty\RNA_assessment:/rna_assessment -e RNA_ASSESSMENT_ROOT=/rna_assessment -e PYTHONPATH=/rna_assessment mcannotate-runtime python3 /work/src/utils/INF.py /work/data/finished/PZ28tRNA/pdb/PZ28tRNA_solution_0.pdb /work/data/finished/PZ28tRNA/pdb/PZ28tRNA_FARFAR2_3.pdb
2026-03-10 00:35:36 	 Docker exit code: 0
2026-03-10 00:35:36 	 Docker output length: 362
2026-03-10 00:35:36 	 Saved CSV: PZ28tRNA,FARFAR2_3,FARFAR2,3,fallback_pair,0.8211918484567018,0.9299676884052652,0.6726727939963125,PZ28tRNA_solution_0.pdb,PZ28tRNA_FARFAR2_3.pdb
2026-03-10 00:35:36 	 RUN fallback_pair: model=PZ28tRNA_FARFAR2_4.pdb against global=PZ28tRNA_solution_0.pdb -> id=FARFAR2_4
2026-03-10 00:35:36 	 Docker cmd: docker run --rm -v D:\Studia\Projekty\gsp-lab:/work -v D:\Studia\Projekty\RNA_assessment:/rna_assessment -e RNA_ASSESSMENT_ROOT=/rna_assessment -e PYTHONPATH=/rna_assessment mcannotate-runtime python3 /work/src/utils/INF.py /work/data/finished/PZ28tRNA/pdb/PZ28tRNA_solution_0.pdb /work/data/finished/PZ28tRNA/pdb/PZ28tRNA_FARFAR2_4.pdb
2026-03-10 00:35:39 	 Docker exit code: 0
2026-03-10 00:35:39 	 Docker output length: 362
2026-03-10 00:35:39 	 Saved CSV: PZ28tRNA,FARFAR2_4,FARFAR2,4,fallback_pair,0.8088927316593926,0.9239209796193592,0.5457051563317492,PZ28tRNA_solution_0.pdb,PZ28tRNA_FARFAR2_4.pdb
2026-03-10 00:35:39 	 RUN fallback_pair: model=PZ28tRNA_FARFAR2_5.pdb against global=PZ28tRNA_solution_0.pdb -> id=FARFAR2_5
2026-03-10 00:35:39 	 Docker cmd: docker run --rm -v D:\Studia\Projekty\gsp-lab:/work -v D:\Studia\Projekty\RNA_assessment:/rna_assessment -e RNA_ASSESSMENT_ROOT=/rna_assessment -e PYTHONPATH=/rna_assessment mcannotate-runtime python3 /work/src/utils/INF.py /work/data/finished/PZ28tRNA/pdb/PZ28tRNA_solution_0.pdb /work/data/finished/PZ28tRNA/pdb/PZ28tRNA_FARFAR2_5.pdb
2026-03-10 00:35:43 	 Docker exit code: 0
2026-03-10 00:35:43 	 Docker output length: 362
2026-03-10 00:35:43 	 Saved CSV: PZ28tRNA,FARFAR2_5,FARFAR2,5,fallback_pair,0.8250563020295268,0.9239209796193592,0.6301260378126045,PZ28tRNA_solution_0.pdb,PZ28tRNA_FARFAR2_5.pdb
2026-03-10 00:35:43 	 RUN fallback_pair: model=PZ28tRNA_FARFAR2_6.pdb against global=PZ28tRNA_solution_0.pdb -> id=FARFAR2_6
2026-03-10 00:35:43 	 Docker cmd: docker run --rm -v D:\Studia\Projekty\gsp-lab:/work -v D:\Studia\Projekty\RNA_assessment:/rna_assessment -e RNA_ASSESSMENT_ROOT=/rna_assessment -e PYTHONPATH=/rna_assessment mcannotate-runtime python3 /work/src/utils/INF.py /work/data/finished/PZ28tRNA/pdb/PZ28tRNA_solution_0.pdb /work/data/finished/PZ28tRNA/pdb/PZ28tRNA_FARFAR2_6.pdb
2026-03-10 00:35:45 	 Docker exit code: 0
2026-03-10 00:35:45 	 Docker output length: 361
2026-03-10 00:35:45 	 Saved CSV: PZ28tRNA,FARFAR2_6,FARFAR2,6,fallback_pair,0.8031245441546832,0.9315885051121782,0.5636018619766345,PZ28tRNA_solution_0.pdb,PZ28tRNA_FARFAR2_6.pdb
2026-03-10 00:35:45 	 RUN fallback_pair: model=PZ28tRNA_FARFAR2_7.pdb against global=PZ28tRNA_solution_0.pdb -> id=FARFAR2_7
2026-03-10 00:35:46 	 Docker cmd: docker run --rm -v D:\Studia\Projekty\gsp-lab:/work -v D:\Studia\Projekty\RNA_assessment:/rna_assessment -e RNA_ASSESSMENT_ROOT=/rna_assessment -e PYTHONPATH=/rna_assessment mcannotate-runtime python3 /work/src/utils/INF.py /work/data/finished/PZ28tRNA/pdb/PZ28tRNA_solution_0.pdb /work/data/finished/PZ28tRNA/pdb/PZ28tRNA_FARFAR2_7.pdb
2026-03-10 00:35:49 	 Docker exit code: 0
2026-03-10 00:35:49 	 Docker output length: 359
2026-03-10 00:35:49 	 Saved CSV: PZ28tRNA,FARFAR2_7,FARFAR2,7,fallback_pair,0.8298531409948148,0.9315885051121782,0.6301260378126045,PZ28tRNA_solution_0.pdb,PZ28tRNA_FARFAR2_7.pdb
2026-03-10 00:35:49 	 RUN fallback_pair: model=PZ28tRNA_FARFAR2_8.pdb against global=PZ28tRNA_solution_0.pdb -> id=FARFAR2_8
2026-03-10 00:35:49 	 Docker cmd: docker run --rm -v D:\Studia\Projekty\gsp-lab:/work -v D:\Studia\Projekty\RNA_assessment:/rna_assessment -e RNA_ASSESSMENT_ROOT=/rna_assessment -e PYTHONPATH=/rna_assessment mcannotate-runtime python3 /work/src/utils/INF.py /work/data/finished/PZ28tRNA/pdb/PZ28tRNA_solution_0.pdb /work/data/finished/PZ28tRNA/pdb/PZ28tRNA_FARFAR2_8.pdb
2026-03-10 00:35:52 	 Docker exit code: 0
2026-03-10 00:35:52 	 Docker output length: 361
2026-03-10 00:35:52 	 Saved CSV: PZ28tRNA,FARFAR2_8,FARFAR2,8,fallback_pair,0.8318172931885258,0.9315885051121782,0.6301260378126045,PZ28tRNA_solution_0.pdb,PZ28tRNA_FARFAR2_8.pdb
2026-03-10 00:35:52 	 RUN fallback_pair: model=PZ28tRNA_FARFAR2_9.pdb against global=PZ28tRNA_solution_0.pdb -> id=FARFAR2_9
2026-03-10 00:35:52 	 Docker cmd: docker run --rm -v D:\Studia\Projekty\gsp-lab:/work -v D:\Studia\Projekty\RNA_assessment:/rna_assessment -e RNA_ASSESSMENT_ROOT=/rna_assessment -e PYTHONPATH=/rna_assessment mcannotate-runtime python3 /work/src/utils/INF.py /work/data/finished/PZ28tRNA/pdb/PZ28tRNA_solution_0.pdb /work/data/finished/PZ28tRNA/pdb/PZ28tRNA_FARFAR2_9.pdb
2026-03-10 00:35:55 	 Docker exit code: 0
2026-03-10 00:35:55 	 Docker output length: 361
2026-03-10 00:35:55 	 Saved CSV: PZ28tRNA,FARFAR2_9,FARFAR2,9,fallback_pair,0.8106891636103735,0.9464285714285714,0.6262242910851494,PZ28tRNA_solution_0.pdb,PZ28tRNA_FARFAR2_9.pdb
2026-03-10 00:35:55 	 RUN fallback_pair: model=PZ28tRNA_iFoldRNA_1.pdb against global=PZ28tRNA_solution_0.pdb -> id=iFoldRNA_1
2026-03-10 00:35:55 	 Docker cmd: docker run --rm -v D:\Studia\Projekty\gsp-lab:/work -v D:\Studia\Projekty\RNA_assessment:/rna_assessment -e RNA_ASSESSMENT_ROOT=/rna_assessment -e PYTHONPATH=/rna_assessment mcannotate-runtime python3 /work/src/utils/INF.py /work/data/finished/PZ28tRNA/pdb/PZ28tRNA_solution_0.pdb /work/data/finished/PZ28tRNA/pdb/PZ28tRNA_iFoldRNA_1.pdb
2026-03-10 00:35:59 	 Docker exit code: 0
2026-03-10 00:35:59 	 Docker output length: 347
2026-03-10 00:35:59 	 Saved CSV: PZ28tRNA,iFoldRNA_1,iFoldRNA,1,fallback_pair,0.6254045254066467,0.7127180599416806,0,PZ28tRNA_solution_0.pdb,PZ28tRNA_iFoldRNA_1.pdb
2026-03-10 00:35:59 	 RUN fallback_pair: model=PZ28tRNA_iFoldRNA_2.pdb against global=PZ28tRNA_solution_0.pdb -> id=iFoldRNA_2
2026-03-10 00:35:59 	 Docker cmd: docker run --rm -v D:\Studia\Projekty\gsp-lab:/work -v D:\Studia\Projekty\RNA_assessment:/rna_assessment -e RNA_ASSESSMENT_ROOT=/rna_assessment -e PYTHONPATH=/rna_assessment mcannotate-runtime python3 /work/src/utils/INF.py /work/data/finished/PZ28tRNA/pdb/PZ28tRNA_solution_0.pdb /work/data/finished/PZ28tRNA/pdb/PZ28tRNA_iFoldRNA_2.pdb
2026-03-10 00:36:02 	 Docker exit code: 0
2026-03-10 00:36:02 	 Docker output length: 364
2026-03-10 00:36:02 	 Saved CSV: PZ28tRNA,iFoldRNA_2,iFoldRNA,2,fallback_pair,0.6361907543796814,0.7787915579452676,0.06262242910851495,PZ28tRNA_solution_0.pdb,PZ28tRNA_iFoldRNA_2.pdb
2026-03-10 00:36:02 	 RUN fallback_pair: model=PZ28tRNA_iFoldRNA_3.pdb against global=PZ28tRNA_solution_0.pdb -> id=iFoldRNA_3
2026-03-10 00:36:02 	 Docker cmd: docker run --rm -v D:\Studia\Projekty\gsp-lab:/work -v D:\Studia\Projekty\RNA_assessment:/rna_assessment -e RNA_ASSESSMENT_ROOT=/rna_assessment -e PYTHONPATH=/rna_assessment mcannotate-runtime python3 /work/src/utils/INF.py /work/data/finished/PZ28tRNA/pdb/PZ28tRNA_solution_0.pdb /work/data/finished/PZ28tRNA/pdb/PZ28tRNA_iFoldRNA_3.pdb
2026-03-10 00:36:06 	 Docker exit code: 0
2026-03-10 00:36:06 	 Docker output length: 347
2026-03-10 00:36:06 	 Saved CSV: PZ28tRNA,iFoldRNA_3,iFoldRNA,3,fallback_pair,0.6068032661754292,0.7576144084141581,0,PZ28tRNA_solution_0.pdb,PZ28tRNA_iFoldRNA_3.pdb
2026-03-10 00:36:06 	 RUN fallback_pair: model=PZ28tRNA_iFoldRNA_4.pdb against global=PZ28tRNA_solution_0.pdb -> id=iFoldRNA_4
2026-03-10 00:36:06 	 Docker cmd: docker run --rm -v D:\Studia\Projekty\gsp-lab:/work -v D:\Studia\Projekty\RNA_assessment:/rna_assessment -e RNA_ASSESSMENT_ROOT=/rna_assessment -e PYTHONPATH=/rna_assessment mcannotate-runtime python3 /work/src/utils/INF.py /work/data/finished/PZ28tRNA/pdb/PZ28tRNA_solution_0.pdb /work/data/finished/PZ28tRNA/pdb/PZ28tRNA_iFoldRNA_4.pdb
2026-03-10 00:36:09 	 Docker exit code: 0
2026-03-10 00:36:09 	 Docker output length: 348
2026-03-10 00:36:09 	 Saved CSV: PZ28tRNA,iFoldRNA_4,iFoldRNA,4,fallback_pair,0.6183715870648644,0.7186052063706126,0,PZ28tRNA_solution_0.pdb,PZ28tRNA_iFoldRNA_4.pdb
2026-03-10 00:36:09 	 RUN fallback_pair: model=PZ28tRNA_iFoldRNA_5.pdb against global=PZ28tRNA_solution_0.pdb -> id=iFoldRNA_5
2026-03-10 00:36:09 	 Docker cmd: docker run --rm -v D:\Studia\Projekty\gsp-lab:/work -v D:\Studia\Projekty\RNA_assessment:/rna_assessment -e RNA_ASSESSMENT_ROOT=/rna_assessment -e PYTHONPATH=/rna_assessment mcannotate-runtime python3 /work/src/utils/INF.py /work/data/finished/PZ28tRNA/pdb/PZ28tRNA_solution_0.pdb /work/data/finished/PZ28tRNA/pdb/PZ28tRNA_iFoldRNA_5.pdb
2026-03-10 00:36:13 	 Docker exit code: 0
2026-03-10 00:36:13 	 Docker output length: 363
2026-03-10 00:36:13 	 Saved CSV: PZ28tRNA,iFoldRNA_5,iFoldRNA,5,fallback_pair,0.6183715870648644,0.7787915579452676,0.14625448482542613,PZ28tRNA_solution_0.pdb,PZ28tRNA_iFoldRNA_5.pdb
2026-03-10 00:36:13 	 RUN fallback_pair: model=PZ28tRNA_RNAComposer_1.pdb against global=PZ28tRNA_solution_0.pdb -> id=RNAComposer_1
2026-03-10 00:36:13 	 Docker cmd: docker run --rm -v D:\Studia\Projekty\gsp-lab:/work -v D:\Studia\Projekty\RNA_assessment:/rna_assessment -e RNA_ASSESSMENT_ROOT=/rna_assessment -e PYTHONPATH=/rna_assessment mcannotate-runtime python3 /work/src/utils/INF.py /work/data/finished/PZ28tRNA/pdb/PZ28tRNA_solution_0.pdb /work/data/finished/PZ28tRNA/pdb/PZ28tRNA_RNAComposer_1.pdb
2026-03-10 00:36:15 	 Docker exit code: 0
2026-03-10 00:36:15 	 Docker output length: 364
2026-03-10 00:36:16 	 Saved CSV: PZ28tRNA,RNAComposer_1,RNAComposer,1,fallback_pair,0.8094132155889688,0.9642857142857143,0.6482037235521644,PZ28tRNA_solution_0.pdb,PZ28tRNA_RNAComposer_1.pdb
2026-03-10 00:36:16 	 RUN fallback_pair: model=PZ28tRNA_RNAComposer_2.pdb against global=PZ28tRNA_solution_0.pdb -> id=RNAComposer_2
2026-03-10 00:36:16 	 Docker cmd: docker run --rm -v D:\Studia\Projekty\gsp-lab:/work -v D:\Studia\Projekty\RNA_assessment:/rna_assessment -e RNA_ASSESSMENT_ROOT=/rna_assessment -e PYTHONPATH=/rna_assessment mcannotate-runtime python3 /work/src/utils/INF.py /work/data/finished/PZ28tRNA/pdb/PZ28tRNA_solution_0.pdb /work/data/finished/PZ28tRNA/pdb/PZ28tRNA_RNAComposer_2.pdb
2026-03-10 00:36:19 	 Docker exit code: 0
2026-03-10 00:36:19 	 Docker output length: 366
2026-03-10 00:36:19 	 Saved CSV: PZ28tRNA,RNAComposer_2,RNAComposer,2,fallback_pair,0.7950935776044273,0.9557896392964647,0.49009802940980346,PZ28tRNA_solution_0.pdb,PZ28tRNA_RNAComposer_2.pdb
2026-03-10 00:36:19 	 RUN fallback_pair: model=PZ28tRNA_RNAComposer_3.pdb against global=PZ28tRNA_solution_0.pdb -> id=RNAComposer_3
2026-03-10 00:36:19 	 Docker cmd: docker run --rm -v D:\Studia\Projekty\gsp-lab:/work -v D:\Studia\Projekty\RNA_assessment:/rna_assessment -e RNA_ASSESSMENT_ROOT=/rna_assessment -e PYTHONPATH=/rna_assessment mcannotate-runtime python3 /work/src/utils/INF.py /work/data/finished/PZ28tRNA/pdb/PZ28tRNA_solution_0.pdb /work/data/finished/PZ28tRNA/pdb/PZ28tRNA_RNAComposer_3.pdb
2026-03-10 00:36:22 	 Docker exit code: 0
2026-03-10 00:36:22 	 Docker output length: 367
2026-03-10 00:36:22 	 Saved CSV: PZ28tRNA,RNAComposer_3,RNAComposer,3,fallback_pair,0.7328938949276714,0.9456108576893003,0.46017899330842227,PZ28tRNA_solution_0.pdb,PZ28tRNA_RNAComposer_3.pdb
2026-03-10 00:36:22 	 RUN fallback_pair: model=PZ28tRNA_RNAComposer_4.pdb against global=PZ28tRNA_solution_0.pdb -> id=RNAComposer_4
2026-03-10 00:36:22 	 Docker cmd: docker run --rm -v D:\Studia\Projekty\gsp-lab:/work -v D:\Studia\Projekty\RNA_assessment:/rna_assessment -e RNA_ASSESSMENT_ROOT=/rna_assessment -e PYTHONPATH=/rna_assessment mcannotate-runtime python3 /work/src/utils/INF.py /work/data/finished/PZ28tRNA/pdb/PZ28tRNA_solution_0.pdb /work/data/finished/PZ28tRNA/pdb/PZ28tRNA_RNAComposer_4.pdb
2026-03-10 00:36:25 	 Docker exit code: 0
2026-03-10 00:36:25 	 Docker output length: 365
2026-03-10 00:36:25 	 Saved CSV: PZ28tRNA,RNAComposer_4,RNAComposer,4,fallback_pair,0.7236050967505415,0.9464285714285714,0.3429971702850177,PZ28tRNA_solution_0.pdb,PZ28tRNA_RNAComposer_4.pdb
2026-03-10 00:36:25 	 RUN fallback_pair: model=PZ28tRNA_RNAComposer_5.pdb against global=PZ28tRNA_solution_0.pdb -> id=RNAComposer_5
2026-03-10 00:36:25 	 Docker cmd: docker run --rm -v D:\Studia\Projekty\gsp-lab:/work -v D:\Studia\Projekty\RNA_assessment:/rna_assessment -e RNA_ASSESSMENT_ROOT=/rna_assessment -e PYTHONPATH=/rna_assessment mcannotate-runtime python3 /work/src/utils/INF.py /work/data/finished/PZ28tRNA/pdb/PZ28tRNA_solution_0.pdb /work/data/finished/PZ28tRNA/pdb/PZ28tRNA_RNAComposer_5.pdb
2026-03-10 00:36:28 	 Docker exit code: 0
2026-03-10 00:36:28 	 Docker output length: 366
2026-03-10 00:36:28 	 Saved CSV: PZ28tRNA,RNAComposer_5,RNAComposer,5,fallback_pair,0.7317211048004449,0.938089831161345,0.27500954910846337,PZ28tRNA_solution_0.pdb,PZ28tRNA_RNAComposer_5.pdb
2026-03-10 00:36:28 	 RUN fallback_pair: model=PZ28tRNA_SimRNA_1.pdb against global=PZ28tRNA_solution_0.pdb -> id=SimRNA_1
2026-03-10 00:36:28 	 Docker cmd: docker run --rm -v D:\Studia\Projekty\gsp-lab:/work -v D:\Studia\Projekty\RNA_assessment:/rna_assessment -e RNA_ASSESSMENT_ROOT=/rna_assessment -e PYTHONPATH=/rna_assessment mcannotate-runtime python3 /work/src/utils/INF.py /work/data/finished/PZ28tRNA/pdb/PZ28tRNA_solution_0.pdb /work/data/finished/PZ28tRNA/pdb/PZ28tRNA_SimRNA_1.pdb
2026-03-10 00:36:31 	 Docker exit code: 0
2026-03-10 00:36:31 	 Docker output length: 346
2026-03-10 00:36:31 	 Saved CSV: PZ28tRNA,SimRNA_1,SimRNA,1,fallback_pair,0.6634557603685637,0.8249579113843054,0,PZ28tRNA_solution_0.pdb,PZ28tRNA_SimRNA_1.pdb
2026-03-10 00:36:31 	 RUN fallback_pair: model=PZ28tRNA_SimRNA_2.pdb against global=PZ28tRNA_solution_0.pdb -> id=SimRNA_2
2026-03-10 00:36:31 	 Docker cmd: docker run --rm -v D:\Studia\Projekty\gsp-lab:/work -v D:\Studia\Projekty\RNA_assessment:/rna_assessment -e RNA_ASSESSMENT_ROOT=/rna_assessment -e PYTHONPATH=/rna_assessment mcannotate-runtime python3 /work/src/utils/INF.py /work/data/finished/PZ28tRNA/pdb/PZ28tRNA_solution_0.pdb /work/data/finished/PZ28tRNA/pdb/PZ28tRNA_SimRNA_2.pdb
2026-03-10 00:36:35 	 Docker exit code: 0
2026-03-10 00:36:35 	 Docker output length: 346
2026-03-10 00:36:35 	 Saved CSV: PZ28tRNA,SimRNA_2,SimRNA,2,fallback_pair,0.6468942765449536,0.8017837257372731,0,PZ28tRNA_solution_0.pdb,PZ28tRNA_SimRNA_2.pdb
2026-03-10 00:36:35 	 RUN fallback_pair: model=PZ28tRNA_SimRNA_3.pdb against global=PZ28tRNA_solution_0.pdb -> id=SimRNA_3
2026-03-10 00:36:35 	 Docker cmd: docker run --rm -v D:\Studia\Projekty\gsp-lab:/work -v D:\Studia\Projekty\RNA_assessment:/rna_assessment -e RNA_ASSESSMENT_ROOT=/rna_assessment -e PYTHONPATH=/rna_assessment mcannotate-runtime python3 /work/src/utils/INF.py /work/data/finished/PZ28tRNA/pdb/PZ28tRNA_solution_0.pdb /work/data/finished/PZ28tRNA/pdb/PZ28tRNA_SimRNA_3.pdb
2026-03-10 00:36:38 	 Docker exit code: 0
2026-03-10 00:36:38 	 Docker output length: 345
2026-03-10 00:36:38 	 Saved CSV: PZ28tRNA,SimRNA_3,SimRNA,3,fallback_pair,0.6377109256136226,0.7940495613514014,0,PZ28tRNA_solution_0.pdb,PZ28tRNA_SimRNA_3.pdb
2026-03-10 00:36:38 	 RUN fallback_pair: model=PZ28tRNA_SimRNA_4.pdb against global=PZ28tRNA_solution_0.pdb -> id=SimRNA_4
2026-03-10 00:36:38 	 Docker cmd: docker run --rm -v D:\Studia\Projekty\gsp-lab:/work -v D:\Studia\Projekty\RNA_assessment:/rna_assessment -e RNA_ASSESSMENT_ROOT=/rna_assessment -e PYTHONPATH=/rna_assessment mcannotate-runtime python3 /work/src/utils/INF.py /work/data/finished/PZ28tRNA/pdb/PZ28tRNA_solution_0.pdb /work/data/finished/PZ28tRNA/pdb/PZ28tRNA_SimRNA_4.pdb
2026-03-10 00:36:42 	 Docker exit code: 0
2026-03-10 00:36:42 	 Docker output length: 345
2026-03-10 00:36:42 	 Saved CSV: PZ28tRNA,SimRNA_4,SimRNA,4,fallback_pair,0.6535804088874066,0.7516722428786936,0,PZ28tRNA_solution_0.pdb,PZ28tRNA_SimRNA_4.pdb
2026-03-10 00:36:42 	 RUN fallback_pair: model=PZ28tRNA_SimRNA_5.pdb against global=PZ28tRNA_solution_0.pdb -> id=SimRNA_5
2026-03-10 00:36:42 	 Docker cmd: docker run --rm -v D:\Studia\Projekty\gsp-lab:/work -v D:\Studia\Projekty\RNA_assessment:/rna_assessment -e RNA_ASSESSMENT_ROOT=/rna_assessment -e PYTHONPATH=/rna_assessment mcannotate-runtime python3 /work/src/utils/INF.py /work/data/finished/PZ28tRNA/pdb/PZ28tRNA_solution_0.pdb /work/data/finished/PZ28tRNA/pdb/PZ28tRNA_SimRNA_5.pdb
2026-03-10 00:36:44 	 Docker exit code: 0
2026-03-10 00:36:44 	 Docker output length: 345
2026-03-10 00:36:44 	 Saved CSV: PZ28tRNA,SimRNA_5,SimRNA,5,fallback_pair,0.6328797822377619,0.8059908263257171,0,PZ28tRNA_solution_0.pdb,PZ28tRNA_SimRNA_5.pdb
2026-03-10 00:36:44 	 SKIP (model is a solution file): PZ28tRNA_solution_0.pdb
2026-03-10 00:36:44 	 RUN fallback_pair: model=PZ28tRNA_TFN_1.pdb against global=PZ28tRNA_solution_0.pdb -> id=TFN_1
2026-03-10 00:36:44 	 Docker cmd: docker run --rm -v D:\Studia\Projekty\gsp-lab:/work -v D:\Studia\Projekty\RNA_assessment:/rna_assessment -e RNA_ASSESSMENT_ROOT=/rna_assessment -e PYTHONPATH=/rna_assessment mcannotate-runtime python3 /work/src/utils/INF.py /work/data/finished/PZ28tRNA/pdb/PZ28tRNA_solution_0.pdb /work/data/finished/PZ28tRNA/pdb/PZ28tRNA_TFN_1.pdb
2026-03-10 00:36:47 	 Docker exit code: 0
2026-03-10 00:36:47 	 Docker output length: 357
2026-03-10 00:36:47 	 Saved CSV: PZ28tRNA,TFN_1,TFN,1,fallback_pair,0.7954635987433334,0.9124211282466754,0.6063390625908325,PZ28tRNA_solution_0.pdb,PZ28tRNA_TFN_1.pdb
2026-03-10 00:36:47 	 RUN fallback_pair: model=PZ28tRNA_TFN_10.pdb against global=PZ28tRNA_solution_0.pdb -> id=TFN_10
2026-03-10 00:36:47 	 Docker cmd: docker run --rm -v D:\Studia\Projekty\gsp-lab:/work -v D:\Studia\Projekty\RNA_assessment:/rna_assessment -e RNA_ASSESSMENT_ROOT=/rna_assessment -e PYTHONPATH=/rna_assessment mcannotate-runtime python3 /work/src/utils/INF.py /work/data/finished/PZ28tRNA/pdb/PZ28tRNA_solution_0.pdb /work/data/finished/PZ28tRNA/pdb/PZ28tRNA_TFN_10.pdb
2026-03-10 00:36:50 	 Docker exit code: 0
2026-03-10 00:36:50 	 Docker output length: 358
2026-03-10 00:36:50 	 Saved CSV: PZ28tRNA,TFN_10,TFN,10,fallback_pair,0.8241562045373145,0.9220529258469679,0.6581451817144176,PZ28tRNA_solution_0.pdb,PZ28tRNA_TFN_10.pdb
2026-03-10 00:36:50 	 RUN fallback_pair: model=PZ28tRNA_TFN_2.pdb against global=PZ28tRNA_solution_0.pdb -> id=TFN_2
2026-03-10 00:36:50 	 Docker cmd: docker run --rm -v D:\Studia\Projekty\gsp-lab:/work -v D:\Studia\Projekty\RNA_assessment:/rna_assessment -e RNA_ASSESSMENT_ROOT=/rna_assessment -e PYTHONPATH=/rna_assessment mcannotate-runtime python3 /work/src/utils/INF.py /work/data/finished/PZ28tRNA/pdb/PZ28tRNA_solution_0.pdb /work/data/finished/PZ28tRNA/pdb/PZ28tRNA_TFN_2.pdb
2026-03-10 00:36:53 	 Docker exit code: 0
2026-03-10 00:36:53 	 Docker output length: 356
2026-03-10 00:36:53 	 Saved CSV: PZ28tRNA,TFN_2,TFN,2,fallback_pair,0.8212024952811154,0.9143368661286193,0.583383351196948,PZ28tRNA_solution_0.pdb,PZ28tRNA_TFN_2.pdb
2026-03-10 00:36:53 	 RUN fallback_pair: model=PZ28tRNA_TFN_3.pdb against global=PZ28tRNA_solution_0.pdb -> id=TFN_3
2026-03-10 00:36:53 	 Docker cmd: docker run --rm -v D:\Studia\Projekty\gsp-lab:/work -v D:\Studia\Projekty\RNA_assessment:/rna_assessment -e RNA_ASSESSMENT_ROOT=/rna_assessment -e PYTHONPATH=/rna_assessment mcannotate-runtime python3 /work/src/utils/INF.py /work/data/finished/PZ28tRNA/pdb/PZ28tRNA_solution_0.pdb /work/data/finished/PZ28tRNA/pdb/PZ28tRNA_TFN_3.pdb
2026-03-10 00:36:56 	 Docker exit code: 0
2026-03-10 00:36:56 	 Docker output length: 356
2026-03-10 00:36:56 	 Saved CSV: PZ28tRNA,TFN_3,TFN,3,fallback_pair,0.8297194126316894,0.9220529258469679,0.583383351196948,PZ28tRNA_solution_0.pdb,PZ28tRNA_TFN_3.pdb
2026-03-10 00:36:56 	 RUN fallback_pair: model=PZ28tRNA_TFN_4.pdb against global=PZ28tRNA_solution_0.pdb -> id=TFN_4
2026-03-10 00:36:56 	 Docker cmd: docker run --rm -v D:\Studia\Projekty\gsp-lab:/work -v D:\Studia\Projekty\RNA_assessment:/rna_assessment -e RNA_ASSESSMENT_ROOT=/rna_assessment -e PYTHONPATH=/rna_assessment mcannotate-runtime python3 /work/src/utils/INF.py /work/data/finished/PZ28tRNA/pdb/PZ28tRNA_solution_0.pdb /work/data/finished/PZ28tRNA/pdb/PZ28tRNA_TFN_4.pdb
2026-03-10 00:37:00 	 Docker exit code: 0
2026-03-10 00:37:00 	 Docker output length: 358
2026-03-10 00:37:00 	 Saved CSV: PZ28tRNA,TFN_4,TFN,4,fallback_pair,0.8058689461683751,0.9068113318486303,0.6301260378126045,PZ28tRNA_solution_0.pdb,PZ28tRNA_TFN_4.pdb
2026-03-10 00:37:00 	 RUN fallback_pair: model=PZ28tRNA_TFN_5.pdb against global=PZ28tRNA_solution_0.pdb -> id=TFN_5
2026-03-10 00:37:00 	 Docker cmd: docker run --rm -v D:\Studia\Projekty\gsp-lab:/work -v D:\Studia\Projekty\RNA_assessment:/rna_assessment -e RNA_ASSESSMENT_ROOT=/rna_assessment -e PYTHONPATH=/rna_assessment mcannotate-runtime python3 /work/src/utils/INF.py /work/data/finished/PZ28tRNA/pdb/PZ28tRNA_solution_0.pdb /work/data/finished/PZ28tRNA/pdb/PZ28tRNA_TFN_5.pdb
2026-03-10 00:37:03 	 Docker exit code: 0
2026-03-10 00:37:03 	 Docker output length: 357
2026-03-10 00:37:03 	 Saved CSV: PZ28tRNA,TFN_5,TFN,5,fallback_pair,0.8430961495662874,0.9394501508629484,0.6482037235521644,PZ28tRNA_solution_0.pdb,PZ28tRNA_TFN_5.pdb
2026-03-10 00:37:03 	 RUN fallback_pair: model=PZ28tRNA_TFN_6.pdb against global=PZ28tRNA_solution_0.pdb -> id=TFN_6
2026-03-10 00:37:03 	 Docker cmd: docker run --rm -v D:\Studia\Projekty\gsp-lab:/work -v D:\Studia\Projekty\RNA_assessment:/rna_assessment -e RNA_ASSESSMENT_ROOT=/rna_assessment -e PYTHONPATH=/rna_assessment mcannotate-runtime python3 /work/src/utils/INF.py /work/data/finished/PZ28tRNA/pdb/PZ28tRNA_solution_0.pdb /work/data/finished/PZ28tRNA/pdb/PZ28tRNA_TFN_6.pdb
2026-03-10 00:37:05 	 Docker exit code: 0
2026-03-10 00:37:05 	 Docker output length: 358
2026-03-10 00:37:05 	 Saved CSV: PZ28tRNA,TFN_6,TFN,6,fallback_pair,0.8221334091050898,0.9143368661286193,0.5636018619766345,PZ28tRNA_solution_0.pdb,PZ28tRNA_TFN_6.pdb
2026-03-10 00:37:05 	 RUN fallback_pair: model=PZ28tRNA_TFN_7.pdb against global=PZ28tRNA_solution_0.pdb -> id=TFN_7
2026-03-10 00:37:05 	 Docker cmd: docker run --rm -v D:\Studia\Projekty\gsp-lab:/work -v D:\Studia\Projekty\RNA_assessment:/rna_assessment -e RNA_ASSESSMENT_ROOT=/rna_assessment -e PYTHONPATH=/rna_assessment mcannotate-runtime python3 /work/src/utils/INF.py /work/data/finished/PZ28tRNA/pdb/PZ28tRNA_solution_0.pdb /work/data/finished/PZ28tRNA/pdb/PZ28tRNA_TFN_7.pdb
2026-03-10 00:37:09 	 Docker exit code: 0
2026-03-10 00:37:09 	 Docker output length: 356
2026-03-10 00:37:09 	 Saved CSV: PZ28tRNA,TFN_7,TFN,7,fallback_pair,0.8087605750141634,0.9068113318486303,0.583383351196948,PZ28tRNA_solution_0.pdb,PZ28tRNA_TFN_7.pdb
2026-03-10 00:37:09 	 RUN fallback_pair: model=PZ28tRNA_TFN_8.pdb against global=PZ28tRNA_solution_0.pdb -> id=TFN_8
2026-03-10 00:37:09 	 Docker cmd: docker run --rm -v D:\Studia\Projekty\gsp-lab:/work -v D:\Studia\Projekty\RNA_assessment:/rna_assessment -e RNA_ASSESSMENT_ROOT=/rna_assessment -e PYTHONPATH=/rna_assessment mcannotate-runtime python3 /work/src/utils/INF.py /work/data/finished/PZ28tRNA/pdb/PZ28tRNA_solution_0.pdb /work/data/finished/PZ28tRNA/pdb/PZ28tRNA_TFN_8.pdb
2026-03-10 00:37:12 	 Docker exit code: 0
2026-03-10 00:37:12 	 Docker output length: 357
2026-03-10 00:37:12 	 Saved CSV: PZ28tRNA,TFN_8,TFN,8,fallback_pair,0.8183317060794199,0.9315885051121782,0.6054055145966812,PZ28tRNA_solution_0.pdb,PZ28tRNA_TFN_8.pdb
2026-03-10 00:37:12 	 RUN fallback_pair: model=PZ28tRNA_TFN_9.pdb against global=PZ28tRNA_solution_0.pdb -> id=TFN_9
2026-03-10 00:37:12 	 Docker cmd: docker run --rm -v D:\Studia\Projekty\gsp-lab:/work -v D:\Studia\Projekty\RNA_assessment:/rna_assessment -e RNA_ASSESSMENT_ROOT=/rna_assessment -e PYTHONPATH=/rna_assessment mcannotate-runtime python3 /work/src/utils/INF.py /work/data/finished/PZ28tRNA/pdb/PZ28tRNA_solution_0.pdb /work/data/finished/PZ28tRNA/pdb/PZ28tRNA_TFN_9.pdb
2026-03-10 00:37:14 	 Docker exit code: 0
2026-03-10 00:37:14 	 Docker output length: 358
2026-03-10 00:37:14 	 Saved CSV: PZ28tRNA,TFN_9,TFN,9,fallback_pair,0.8211918484567018,0.9315885051121782,0.5882352941176471,PZ28tRNA_solution_0.pdb,PZ28tRNA_TFN_9.pdb
2026-03-10 00:37:14 	 RUN fallback_pair: model=PZ28tRNA_Xiao_1.pdb against global=PZ28tRNA_solution_0.pdb -> id=Xiao_1
2026-03-10 00:37:14 	 Docker cmd: docker run --rm -v D:\Studia\Projekty\gsp-lab:/work -v D:\Studia\Projekty\RNA_assessment:/rna_assessment -e RNA_ASSESSMENT_ROOT=/rna_assessment -e PYTHONPATH=/rna_assessment mcannotate-runtime python3 /work/src/utils/INF.py /work/data/finished/PZ28tRNA/pdb/PZ28tRNA_solution_0.pdb /work/data/finished/PZ28tRNA/pdb/PZ28tRNA_Xiao_1.pdb
2026-03-10 00:37:17 	 Docker exit code: 0
2026-03-10 00:37:17 	 Docker output length: 345
2026-03-10 00:37:17 	 Saved CSV: PZ28tRNA,Xiao_1,Xiao,1,fallback_pair,0.5312453004061719,0.47425200683433544,0,PZ28tRNA_solution_0.pdb,PZ28tRNA_Xiao_1.pdb
2026-03-10 00:37:17 	 RUN fallback_pair: model=PZ28tRNA_Xiao_2.pdb against global=PZ28tRNA_solution_0.pdb -> id=Xiao_2
2026-03-10 00:37:17 	 Docker cmd: docker run --rm -v D:\Studia\Projekty\gsp-lab:/work -v D:\Studia\Projekty\RNA_assessment:/rna_assessment -e RNA_ASSESSMENT_ROOT=/rna_assessment -e PYTHONPATH=/rna_assessment mcannotate-runtime python3 /work/src/utils/INF.py /work/data/finished/PZ28tRNA/pdb/PZ28tRNA_solution_0.pdb /work/data/finished/PZ28tRNA/pdb/PZ28tRNA_Xiao_2.pdb
2026-03-10 00:37:20 	 Docker exit code: 0
2026-03-10 00:37:20 	 Docker output length: 344
2026-03-10 00:37:21 	 Saved CSV: PZ28tRNA,Xiao_2,Xiao,2,fallback_pair,0.5142296580847199,0.42882464657199776,0,PZ28tRNA_solution_0.pdb,PZ28tRNA_Xiao_2.pdb
2026-03-10 00:37:21 	 RUN fallback_pair: model=PZ28tRNA_Xiao_3.pdb against global=PZ28tRNA_solution_0.pdb -> id=Xiao_3
2026-03-10 00:37:21 	 Docker cmd: docker run --rm -v D:\Studia\Projekty\gsp-lab:/work -v D:\Studia\Projekty\RNA_assessment:/rna_assessment -e RNA_ASSESSMENT_ROOT=/rna_assessment -e PYTHONPATH=/rna_assessment mcannotate-runtime python3 /work/src/utils/INF.py /work/data/finished/PZ28tRNA/pdb/PZ28tRNA_solution_0.pdb /work/data/finished/PZ28tRNA/pdb/PZ28tRNA_Xiao_3.pdb
2026-03-10 00:37:24 	 Docker exit code: 0
2026-03-10 00:37:24 	 Docker output length: 345
2026-03-10 00:37:24 	 Saved CSV: PZ28tRNA,Xiao_3,Xiao,3,fallback_pair,0.5399286092011687,0.46334820431459367,0,PZ28tRNA_solution_0.pdb,PZ28tRNA_Xiao_3.pdb
2026-03-10 00:37:24 	 RUN fallback_pair: model=PZ28tRNA_Xiao_4.pdb against global=PZ28tRNA_solution_0.pdb -> id=Xiao_4
2026-03-10 00:37:24 	 Docker cmd: docker run --rm -v D:\Studia\Projekty\gsp-lab:/work -v D:\Studia\Projekty\RNA_assessment:/rna_assessment -e RNA_ASSESSMENT_ROOT=/rna_assessment -e PYTHONPATH=/rna_assessment mcannotate-runtime python3 /work/src/utils/INF.py /work/data/finished/PZ28tRNA/pdb/PZ28tRNA_solution_0.pdb /work/data/finished/PZ28tRNA/pdb/PZ28tRNA_Xiao_4.pdb
2026-03-10 00:37:26 	 Docker exit code: 0
2026-03-10 00:37:26 	 Docker output length: 343
2026-03-10 00:37:26 	 Saved CSV: PZ28tRNA,Xiao_4,Xiao,4,fallback_pair,0.5406858170054862,0.5361109642475097,0,PZ28tRNA_solution_0.pdb,PZ28tRNA_Xiao_4.pdb
2026-03-10 00:37:26 	 RUN fallback_pair: model=PZ28tRNA_Xiao_5.pdb against global=PZ28tRNA_solution_0.pdb -> id=Xiao_5
2026-03-10 00:37:26 	 Docker cmd: docker run --rm -v D:\Studia\Projekty\gsp-lab:/work -v D:\Studia\Projekty\RNA_assessment:/rna_assessment -e RNA_ASSESSMENT_ROOT=/rna_assessment -e PYTHONPATH=/rna_assessment mcannotate-runtime python3 /work/src/utils/INF.py /work/data/finished/PZ28tRNA/pdb/PZ28tRNA_solution_0.pdb /work/data/finished/PZ28tRNA/pdb/PZ28tRNA_Xiao_5.pdb
2026-03-10 00:37:30 	 Docker exit code: 0
2026-03-10 00:37:30 	 Docker output length: 343
2026-03-10 00:37:30 	 Saved CSV: PZ28tRNA,Xiao_5,Xiao,5,fallback_pair,0.6652342334590529,0.807813166395078,0,PZ28tRNA_solution_0.pdb,PZ28tRNA_Xiao_5.pdb
2026-03-10 00:37:30 	 DONE case: PZ28tRNA
2026-03-10 01:12:42 	 START case: PZ28tRNA
2026-03-10 01:12:42 	 caseDir: D:\Studia\Projekty\gsp-lab\data\finished\PZ28tRNA
2026-03-10 01:12:42 	 pdbDir: D:\Studia\Projekty\gsp-lab\data\finished\PZ28tRNA\pdb
2026-03-10 01:12:42 	 Found pdb count: 73
2026-03-10 01:12:42 	 Global solution: PZ28tRNA_solution_0.pdb
2026-03-10 01:12:42 	 SKIP already recorded (fallback): Adamiak_1
2026-03-10 01:12:42 	 SKIP already recorded (fallback): Adamiak_2
2026-03-10 01:12:42 	 SKIP already recorded (fallback): Adamiak_3
2026-03-10 01:12:42 	 SKIP already recorded (fallback): Adamiak_4
2026-03-10 01:12:42 	 SKIP already recorded (fallback): Adamiak_5
2026-03-10 01:12:42 	 SKIP already recorded (fallback): Bujnicki_1
2026-03-10 01:12:43 	 SKIP already recorded (fallback): Bujnicki_2
2026-03-10 01:12:43 	 SKIP already recorded (fallback): Bujnicki_3
2026-03-10 01:12:43 	 SKIP already recorded (fallback): Bujnicki_4
2026-03-10 01:12:43 	 SKIP already recorded (fallback): Bujnicki_5
2026-03-10 01:12:43 	 SKIP already recorded (fallback): Chen_1
2026-03-10 01:12:43 	 SKIP already recorded (fallback): Chen_10
2026-03-10 01:12:43 	 SKIP already recorded (fallback): Chen_2
2026-03-10 01:12:43 	 SKIP already recorded (fallback): Chen_3
2026-03-10 01:12:43 	 SKIP already recorded (fallback): Chen_4
2026-03-10 01:12:43 	 SKIP already recorded (fallback): Chen_5
2026-03-10 01:12:43 	 SKIP already recorded (fallback): Chen_6
2026-03-10 01:12:43 	 SKIP already recorded (fallback): Chen_7
2026-03-10 01:12:43 	 SKIP already recorded (fallback): Chen_8
2026-03-10 01:12:43 	 SKIP already recorded (fallback): Chen_9
2026-03-10 01:12:43 	 SKIP already recorded (fallback): Das_1
2026-03-10 01:12:43 	 SKIP already recorded (fallback): Das_10
2026-03-10 01:12:43 	 SKIP already recorded (fallback): Das_2
2026-03-10 01:12:43 	 SKIP already recorded (fallback): Das_3
2026-03-10 01:12:43 	 SKIP already recorded (fallback): Das_4
2026-03-10 01:12:43 	 SKIP already recorded (fallback): Das_5
2026-03-10 01:12:43 	 SKIP already recorded (fallback): Das_6
2026-03-10 01:12:43 	 SKIP already recorded (fallback): Das_7
2026-03-10 01:12:43 	 SKIP already recorded (fallback): Das_8
2026-03-10 01:12:43 	 SKIP already recorded (fallback): Das_9
2026-03-10 01:12:43 	 SKIP already recorded (fallback): Ding_1
2026-03-10 01:12:43 	 SKIP already recorded (fallback): Ding_2
2026-03-10 01:12:43 	 SKIP already recorded (fallback): FARFAR2_1
2026-03-10 01:12:43 	 SKIP already recorded (fallback): FARFAR2_10
2026-03-10 01:12:43 	 SKIP already recorded (fallback): FARFAR2_2
2026-03-10 01:12:43 	 SKIP already recorded (fallback): FARFAR2_3
2026-03-10 01:12:43 	 SKIP already recorded (fallback): FARFAR2_4
2026-03-10 01:12:43 	 SKIP already recorded (fallback): FARFAR2_5
2026-03-10 01:12:43 	 SKIP already recorded (fallback): FARFAR2_6
2026-03-10 01:12:43 	 SKIP already recorded (fallback): FARFAR2_7
2026-03-10 01:12:43 	 SKIP already recorded (fallback): FARFAR2_8
2026-03-10 01:12:43 	 SKIP already recorded (fallback): FARFAR2_9
2026-03-10 01:12:43 	 SKIP already recorded (fallback): iFoldRNA_1
2026-03-10 01:12:43 	 SKIP already recorded (fallback): iFoldRNA_2
2026-03-10 01:12:43 	 SKIP already recorded (fallback): iFoldRNA_3
2026-03-10 01:12:43 	 SKIP already recorded (fallback): iFoldRNA_4
2026-03-10 01:12:43 	 SKIP already recorded (fallback): iFoldRNA_5
2026-03-10 01:12:43 	 SKIP already recorded (fallback): RNAComposer_1
2026-03-10 01:12:43 	 SKIP already recorded (fallback): RNAComposer_2
2026-03-10 01:12:43 	 SKIP already recorded (fallback): RNAComposer_3
2026-03-10 01:12:43 	 SKIP already recorded (fallback): RNAComposer_4
2026-03-10 01:12:43 	 SKIP already recorded (fallback): RNAComposer_5
2026-03-10 01:12:43 	 SKIP already recorded (fallback): SimRNA_1
2026-03-10 01:12:43 	 SKIP already recorded (fallback): SimRNA_2
2026-03-10 01:12:43 	 SKIP already recorded (fallback): SimRNA_3
2026-03-10 01:12:43 	 SKIP already recorded (fallback): SimRNA_4
2026-03-10 01:12:43 	 SKIP already recorded (fallback): SimRNA_5
2026-03-10 01:12:43 	 SKIP (model is a solution file): PZ28tRNA_solution_0.pdb
2026-03-10 01:12:43 	 SKIP already recorded (fallback): TFN_1
2026-03-10 01:12:43 	 SKIP already recorded (fallback): TFN_10
2026-03-10 01:12:43 	 SKIP already recorded (fallback): TFN_2
2026-03-10 01:12:43 	 SKIP already recorded (fallback): TFN_3
2026-03-10 01:12:43 	 SKIP already recorded (fallback): TFN_4
2026-03-10 01:12:43 	 SKIP already recorded (fallback): TFN_5
2026-03-10 01:12:43 	 SKIP already recorded (fallback): TFN_6
2026-03-10 01:12:43 	 SKIP already recorded (fallback): TFN_7
2026-03-10 01:12:43 	 SKIP already recorded (fallback): TFN_8
2026-03-10 01:12:43 	 SKIP already recorded (fallback): TFN_9
2026-03-10 01:12:43 	 SKIP already recorded (fallback): Xiao_1
2026-03-10 01:12:43 	 SKIP already recorded (fallback): Xiao_2
2026-03-10 01:12:43 	 SKIP already recorded (fallback): Xiao_3
2026-03-10 01:12:43 	 SKIP already recorded (fallback): Xiao_4
2026-03-10 01:12:43 	 SKIP already recorded (fallback): Xiao_5
2026-03-10 01:12:43 	 DONE case: PZ28tRNA
2026-03-10 01:17:26 	 START case: PZ28tRNA
2026-03-10 01:17:26 	 caseDir: D:\Studia\Projekty\gsp-lab\data\finished\PZ28tRNA
2026-03-10 01:17:26 	 pdbDir: D:\Studia\Projekty\gsp-lab\data\finished\PZ28tRNA\pdb
2026-03-10 01:17:26 	 Found pdb count: 73
2026-03-10 01:17:26 	 Global solution: PZ28tRNA_solution_0.pdb
2026-03-10 01:17:26 	 SKIP already recorded (fallback): Adamiak_1
2026-03-10 01:17:26 	 SKIP already recorded (fallback): Adamiak_2
2026-03-10 01:17:26 	 SKIP already recorded (fallback): Adamiak_3
2026-03-10 01:17:26 	 SKIP already recorded (fallback): Adamiak_4
2026-03-10 01:17:26 	 SKIP already recorded (fallback): Adamiak_5
2026-03-10 01:17:26 	 SKIP already recorded (fallback): Bujnicki_1
2026-03-10 01:17:26 	 SKIP already recorded (fallback): Bujnicki_2
2026-03-10 01:17:26 	 SKIP already recorded (fallback): Bujnicki_3
2026-03-10 01:17:26 	 SKIP already recorded (fallback): Bujnicki_4
2026-03-10 01:17:27 	 SKIP already recorded (fallback): Bujnicki_5
2026-03-10 01:17:27 	 SKIP already recorded (fallback): Chen_1
2026-03-10 01:17:27 	 SKIP already recorded (fallback): Chen_10
2026-03-10 01:17:27 	 SKIP already recorded (fallback): Chen_2
2026-03-10 01:17:27 	 SKIP already recorded (fallback): Chen_3
2026-03-10 01:17:27 	 SKIP already recorded (fallback): Chen_4
2026-03-10 01:17:27 	 SKIP already recorded (fallback): Chen_5
2026-03-10 01:17:27 	 SKIP already recorded (fallback): Chen_6
2026-03-10 01:17:27 	 SKIP already recorded (fallback): Chen_7
2026-03-10 01:17:27 	 SKIP already recorded (fallback): Chen_8
2026-03-10 01:17:27 	 SKIP already recorded (fallback): Chen_9
2026-03-10 01:17:27 	 SKIP already recorded (fallback): Das_1
2026-03-10 01:17:27 	 SKIP already recorded (fallback): Das_10
2026-03-10 01:17:27 	 SKIP already recorded (fallback): Das_2
2026-03-10 01:17:27 	 SKIP already recorded (fallback): Das_3
2026-03-10 01:17:27 	 SKIP already recorded (fallback): Das_4
2026-03-10 01:17:27 	 SKIP already recorded (fallback): Das_5
2026-03-10 01:17:27 	 SKIP already recorded (fallback): Das_6
2026-03-10 01:17:27 	 SKIP already recorded (fallback): Das_7
2026-03-10 01:17:27 	 SKIP already recorded (fallback): Das_8
2026-03-10 01:17:27 	 SKIP already recorded (fallback): Das_9
2026-03-10 01:17:27 	 SKIP already recorded (fallback): Ding_1
2026-03-10 01:17:27 	 SKIP already recorded (fallback): Ding_2
2026-03-10 01:17:27 	 SKIP already recorded (fallback): FARFAR2_1
2026-03-10 01:17:27 	 SKIP already recorded (fallback): FARFAR2_10
2026-03-10 01:17:27 	 SKIP already recorded (fallback): FARFAR2_2
2026-03-10 01:17:27 	 SKIP already recorded (fallback): FARFAR2_3
2026-03-10 01:17:27 	 SKIP already recorded (fallback): FARFAR2_4
2026-03-10 01:17:27 	 SKIP already recorded (fallback): FARFAR2_5
2026-03-10 01:17:27 	 SKIP already recorded (fallback): FARFAR2_6
2026-03-10 01:17:27 	 SKIP already recorded (fallback): FARFAR2_7
2026-03-10 01:17:27 	 SKIP already recorded (fallback): FARFAR2_8
2026-03-10 01:17:27 	 SKIP already recorded (fallback): FARFAR2_9
2026-03-10 01:17:27 	 SKIP already recorded (fallback): iFoldRNA_1
2026-03-10 01:17:27 	 SKIP already recorded (fallback): iFoldRNA_2
2026-03-10 01:17:27 	 SKIP already recorded (fallback): iFoldRNA_3
2026-03-10 01:17:27 	 SKIP already recorded (fallback): iFoldRNA_4
2026-03-10 01:17:27 	 SKIP already recorded (fallback): iFoldRNA_5
2026-03-10 01:17:27 	 SKIP already recorded (fallback): RNAComposer_1
2026-03-10 01:17:27 	 SKIP already recorded (fallback): RNAComposer_2
2026-03-10 01:17:27 	 SKIP already recorded (fallback): RNAComposer_3
2026-03-10 01:17:27 	 SKIP already recorded (fallback): RNAComposer_4
2026-03-10 01:17:27 	 SKIP already recorded (fallback): RNAComposer_5
2026-03-10 01:17:27 	 SKIP already recorded (fallback): SimRNA_1
2026-03-10 01:17:27 	 SKIP already recorded (fallback): SimRNA_2
2026-03-10 01:17:27 	 SKIP already recorded (fallback): SimRNA_3
2026-03-10 01:17:27 	 SKIP already recorded (fallback): SimRNA_4
2026-03-10 01:17:27 	 SKIP already recorded (fallback): SimRNA_5
2026-03-10 01:17:27 	 SKIP (model is a solution file): PZ28tRNA_solution_0.pdb
2026-03-10 01:17:27 	 SKIP already recorded (fallback): TFN_1
2026-03-10 01:17:27 	 SKIP already recorded (fallback): TFN_10
2026-03-10 01:17:27 	 SKIP already recorded (fallback): TFN_2
2026-03-10 01:17:27 	 SKIP already recorded (fallback): TFN_3
2026-03-10 01:17:27 	 SKIP already recorded (fallback): TFN_4
2026-03-10 01:17:27 	 SKIP already recorded (fallback): TFN_5
2026-03-10 01:17:27 	 SKIP already recorded (fallback): TFN_6
2026-03-10 01:17:27 	 SKIP already recorded (fallback): TFN_7
2026-03-10 01:17:27 	 SKIP already recorded (fallback): TFN_8
2026-03-10 01:17:27 	 SKIP already recorded (fallback): TFN_9
2026-03-10 01:17:27 	 SKIP already recorded (fallback): Xiao_1
2026-03-10 01:17:27 	 SKIP already recorded (fallback): Xiao_2
2026-03-10 01:17:27 	 SKIP already recorded (fallback): Xiao_3
2026-03-10 01:17:27 	 SKIP already recorded (fallback): Xiao_4
2026-03-10 01:17:27 	 SKIP already recorded (fallback): Xiao_5
2026-03-10 01:17:27 	 DONE case: PZ28tRNA
2026-03-10 01:21:53 	 START case: PZ28tRNA
2026-03-10 01:21:53 	 caseDir: D:\Studia\Projekty\gsp-lab\data\finished\PZ28tRNA
2026-03-10 01:21:53 	 pdbDir: D:\Studia\Projekty\gsp-lab\data\finished\PZ28tRNA\pdb
2026-03-10 01:21:53 	 Found pdb count: 73
2026-03-10 01:21:53 	 Global solution: PZ28tRNA_solution_0.pdb
2026-03-10 01:21:54 	 SKIP already recorded (fallback): Adamiak_1
2026-03-10 01:21:54 	 SKIP already recorded (fallback): Adamiak_2
2026-03-10 01:21:54 	 SKIP already recorded (fallback): Adamiak_3
2026-03-10 01:21:54 	 SKIP already recorded (fallback): Adamiak_4
2026-03-10 01:21:54 	 SKIP already recorded (fallback): Adamiak_5
2026-03-10 01:21:54 	 SKIP already recorded (fallback): Bujnicki_1
2026-03-10 01:21:54 	 SKIP already recorded (fallback): Bujnicki_2
2026-03-10 01:21:54 	 SKIP already recorded (fallback): Bujnicki_3
2026-03-10 01:21:54 	 SKIP already recorded (fallback): Bujnicki_4
2026-03-10 01:21:54 	 SKIP already recorded (fallback): Bujnicki_5
2026-03-10 01:21:54 	 SKIP already recorded (fallback): Chen_1
2026-03-10 01:21:54 	 SKIP already recorded (fallback): Chen_10
2026-03-10 01:21:54 	 SKIP already recorded (fallback): Chen_2
2026-03-10 01:21:54 	 SKIP already recorded (fallback): Chen_3
2026-03-10 01:21:54 	 SKIP already recorded (fallback): Chen_4
2026-03-10 01:21:54 	 SKIP already recorded (fallback): Chen_5
2026-03-10 01:21:54 	 SKIP already recorded (fallback): Chen_6
2026-03-10 01:21:54 	 SKIP already recorded (fallback): Chen_7
2026-03-10 01:21:54 	 SKIP already recorded (fallback): Chen_8
2026-03-10 01:21:54 	 SKIP already recorded (fallback): Chen_9
2026-03-10 01:21:54 	 SKIP already recorded (fallback): Das_1
2026-03-10 01:21:54 	 SKIP already recorded (fallback): Das_10
2026-03-10 01:21:54 	 SKIP already recorded (fallback): Das_2
2026-03-10 01:21:54 	 SKIP already recorded (fallback): Das_3
2026-03-10 01:21:54 	 SKIP already recorded (fallback): Das_4
2026-03-10 01:21:54 	 SKIP already recorded (fallback): Das_5
2026-03-10 01:21:54 	 SKIP already recorded (fallback): Das_6
2026-03-10 01:21:54 	 SKIP already recorded (fallback): Das_7
2026-03-10 01:21:54 	 SKIP already recorded (fallback): Das_8
2026-03-10 01:21:54 	 SKIP already recorded (fallback): Das_9
2026-03-10 01:21:54 	 SKIP already recorded (fallback): Ding_1
2026-03-10 01:21:54 	 SKIP already recorded (fallback): Ding_2
2026-03-10 01:21:54 	 SKIP already recorded (fallback): FARFAR2_1
2026-03-10 01:21:54 	 SKIP already recorded (fallback): FARFAR2_10
2026-03-10 01:21:54 	 SKIP already recorded (fallback): FARFAR2_2
2026-03-10 01:21:54 	 SKIP already recorded (fallback): FARFAR2_3
2026-03-10 01:21:54 	 SKIP already recorded (fallback): FARFAR2_4
2026-03-10 01:21:54 	 SKIP already recorded (fallback): FARFAR2_5
2026-03-10 01:21:54 	 SKIP already recorded (fallback): FARFAR2_6
2026-03-10 01:21:54 	 SKIP already recorded (fallback): FARFAR2_7
2026-03-10 01:21:54 	 SKIP already recorded (fallback): FARFAR2_8
2026-03-10 01:21:54 	 SKIP already recorded (fallback): FARFAR2_9
2026-03-10 01:21:54 	 SKIP already recorded (fallback): iFoldRNA_1
2026-03-10 01:21:54 	 SKIP already recorded (fallback): iFoldRNA_2
2026-03-10 01:21:54 	 SKIP already recorded (fallback): iFoldRNA_3
2026-03-10 01:21:54 	 SKIP already recorded (fallback): iFoldRNA_4
2026-03-10 01:21:54 	 SKIP already recorded (fallback): iFoldRNA_5
2026-03-10 01:21:54 	 SKIP already recorded (fallback): RNAComposer_1
2026-03-10 01:21:54 	 SKIP already recorded (fallback): RNAComposer_2
2026-03-10 01:21:54 	 SKIP already recorded (fallback): RNAComposer_3
2026-03-10 01:21:54 	 SKIP already recorded (fallback): RNAComposer_4
2026-03-10 01:21:54 	 SKIP already recorded (fallback): RNAComposer_5
2026-03-10 01:21:54 	 SKIP already recorded (fallback): SimRNA_1
2026-03-10 01:21:54 	 SKIP already recorded (fallback): SimRNA_2
2026-03-10 01:21:54 	 SKIP already recorded (fallback): SimRNA_3
2026-03-10 01:21:54 	 SKIP already recorded (fallback): SimRNA_4
2026-03-10 01:21:54 	 SKIP already recorded (fallback): SimRNA_5
2026-03-10 01:21:54 	 SKIP (model is a solution file): PZ28tRNA_solution_0.pdb
2026-03-10 01:21:54 	 SKIP already recorded (fallback): TFN_1
2026-03-10 01:21:54 	 SKIP already recorded (fallback): TFN_10
2026-03-10 01:21:54 	 SKIP already recorded (fallback): TFN_2
2026-03-10 01:21:54 	 SKIP already recorded (fallback): TFN_3
2026-03-10 01:21:54 	 SKIP already recorded (fallback): TFN_4
2026-03-10 01:21:54 	 SKIP already recorded (fallback): TFN_5
2026-03-10 01:21:55 	 SKIP already recorded (fallback): TFN_6
2026-03-10 01:21:55 	 SKIP already recorded (fallback): TFN_7
2026-03-10 01:21:55 	 SKIP already recorded (fallback): TFN_8
2026-03-10 01:21:55 	 SKIP already recorded (fallback): TFN_9
2026-03-10 01:21:55 	 SKIP already recorded (fallback): Xiao_1
2026-03-10 01:21:55 	 SKIP already recorded (fallback): Xiao_2
2026-03-10 01:21:55 	 SKIP already recorded (fallback): Xiao_3
2026-03-10 01:21:55 	 SKIP already recorded (fallback): Xiao_4
2026-03-10 01:21:55 	 SKIP already recorded (fallback): Xiao_5
2026-03-10 01:21:55 	 DONE case: PZ28tRNA
