{
  "native_pdb": "/tmp/rna_inf_7b6xqc0v/PZ29_Chen_1_solution_normalized.pdb",
  "native_index": null,
  "model_pdb": "/tmp/rna_inf_xpb0epv1/PZ29_Chen_1_refined_normalized.pdb",
  "model_index": null,
  "rmsd": 12.344179740576445,
  "inf_all": 0.734968415259167,
  "inf_wc": 0.8743856497851875,
  "inf_nwc": 0.0,
  "inf_stack": 0.7027819284987273
}
{
  "native_pdb": "/tmp/rna_inf_vrlcu54f/PZ29_Chen_10_solution_normalized.pdb",
  "native_index": null,
  "model_pdb": "/tmp/rna_inf_szgph3w2/PZ29_Chen_10_refined_normalized.pdb",
  "model_index": null,
  "rmsd": 5.240880458986284,
  "inf_all": 0.789823242704962,
  "inf_wc": 0.8997354108424374,
  "inf_nwc": 0.7071067811865476,
  "inf_stack": 0.7391491482878365
}
{
  "native_pdb": "/tmp/rna_inf_vj1jkv7j/PZ29_Chen_2_solution_normalized.pdb",
  "native_index": null,
  "model_pdb": "/tmp/rna_inf_2x5qi0cr/PZ29_Chen_2_refined_normalized.pdb",
  "model_index": null,
  "rmsd": 9.216854978093341,
  "inf_all": 0.7453783886776516,
  "inf_wc": 0.8997354108424374,
  "inf_nwc": 0.408248290463863,
  "inf_stack": 0.6901970379677909
}
{
  "native_pdb": "/tmp/rna_inf__hzvxuzr/PZ29_Chen_3_solution_normalized.pdb",
  "native_index": null,
  "model_pdb": "/tmp/rna_inf_lt0pk__s/PZ29_Chen_3_refined_normalized.pdb",
  "model_index": null,
  "rmsd": 7.770811821914553,
  "inf_all": 0.7554831017177897,
  "inf_wc": 0.8743856497851875,
  "inf_nwc": 0.0,
  "inf_stack": 0.7454128010052142
}
{
  "native_pdb": "/tmp/rna_inf_mv_3l325/PZ29_Chen_4_solution_normalized.pdb",
  "native_index": null,
  "model_pdb": "/tmp/rna_inf_qyhbybpw/PZ29_Chen_4_refined_normalized.pdb",
  "model_index": null,
  "rmsd": 6.010739032013049,
  "inf_all": 0.7654655446197431,
  "inf_wc": 0.8743856497851875,
  "inf_nwc": 0.0,
  "inf_stack": 0.7391491482878365
}
{
  "native_pdb": "/tmp/rna_inf_u_w0_0r2/PZ29_Chen_5_solution_normalized.pdb",
  "native_index": null,
  "model_pdb": "/tmp/rna_inf_99hxlj2x/PZ29_Chen_5_refined_normalized.pdb",
  "model_index": null,
  "rmsd": 6.772061686171805,
  "inf_all": 0.7921848383943094,
  "inf_wc": 0.8997354108424374,
  "inf_nwc": 0.0,
  "inf_stack": 0.7702442489446453
}
{
  "native_pdb": "/tmp/rna_inf_vqpvc0ho/PZ29_Chen_6_solution_normalized.pdb",
  "native_index": null,
  "model_pdb": "/tmp/rna_inf_v0nl8koy/PZ29_Chen_6_refined_normalized.pdb",
  "model_index": null,
  "rmsd": 13.194180885144709,
  "inf_all": 0.8069933131985481,
  "inf_wc": 0.9258200997725514,
  "inf_nwc": -1.0,
  "inf_stack": 0.7655473321552593
}
{
  "native_pdb": "/tmp/rna_inf_ds7tyfno/PZ29_Chen_7_solution_normalized.pdb",
  "native_index": null,
  "model_pdb": "/tmp/rna_inf_nuaukgng/PZ29_Chen_7_refined_normalized.pdb",
  "model_index": null,
  "rmsd": 10.994883780112389,
  "inf_all": 0.7616061053124001,
  "inf_wc": 0.8997354108424374,
  "inf_nwc": -1.0,
  "inf_stack": 0.7161039575709525
}
{
  "native_pdb": "/tmp/rna_inf_f8uj2ftb/PZ29_Chen_8_solution_normalized.pdb",
  "native_index": null,
  "model_pdb": "/tmp/rna_inf_9jn7nr9_/PZ29_Chen_8_refined_normalized.pdb",
  "model_index": null,
  "rmsd": 7.481353583875074,
  "inf_all": 0.7284927963857741,
  "inf_wc": 0.8743856497851875,
  "inf_nwc": 0.0,
  "inf_stack": 0.7027819284987273
}
{
  "native_pdb": "/tmp/rna_inf_t1y7jg4a/PZ29_Chen_9_solution_normalized.pdb",
  "native_index": null,
  "model_pdb": "/tmp/rna_inf_nz7cqixi/PZ29_Chen_9_refined_normalized.pdb",
  "model_index": null,
  "rmsd": 4.676115468641382,
  "inf_all": 0.7907340998506809,
  "inf_wc": 0.8997354108424374,
  "inf_nwc": 0.3535533905932738,
  "inf_stack": 0.7752423010845508
}
ERROR      >> Different number of residues!
{
  "native_pdb": "/tmp/rna_inf_4sm1v3ux/PZ29_DasPOSTDEADLINE_1_solution_normalized.pdb",
  "native_index": null,
  "model_pdb": "/tmp/rna_inf_y18veei1/PZ29_DasPOSTDEADLINE_1_refined_normalized.pdb",
  "model_index": null,
  "rmsd": null,
  "inf_all": 0.7513009550107067,
  "inf_wc": 0.9047619047619048,
  "inf_nwc": 0.408248290463863,
  "inf_stack": 0.69879396686726
}
ERROR      >> Different number of residues!
{
  "native_pdb": "/tmp/rna_inf_origwmdq/PZ29_DasPOSTDEADLINE_10_solution_normalized.pdb",
  "native_index": null,
  "model_pdb": "/tmp/rna_inf_dgt5r7yb/PZ29_DasPOSTDEADLINE_10_refined_normalized.pdb",
  "model_index": null,
  "rmsd": null,
  "inf_all": 0.7768985960673559,
  "inf_wc": 0.9258200997725514,
  "inf_nwc": 0.28867513459481287,
  "inf_stack": 0.7598766434465316
}
WARNING    >> Atom P from residue (' ', 1, ' ') not found in target atom list
WARNING    >> Atom OP1 from residue (' ', 1, ' ') not found in target atom list
WARNING    >> Atom OP2 from residue (' ', 1, ' ') not found in target atom list
{
  "native_pdb": "/tmp/rna_inf_3ksqzk3n/PZ29_DasPOSTDEADLINE_2_solution_normalized.pdb",
  "native_index": null,
  "model_pdb": "/tmp/rna_inf_ji_7ioxp/PZ29_DasPOSTDEADLINE_2_refined_normalized.pdb",
  "model_index": null,
  "rmsd": 5.5728537661463795,
  "inf_all": 0.7778757778761668,
  "inf_wc": 0.8743856497851875,
  "inf_nwc": 0.3535533905932738,
  "inf_stack": 0.765490437403432
}
WARNING    >> Atom P from residue (' ', 1, ' ') not found in target atom list
WARNING    >> Atom OP1 from residue (' ', 1, ' ') not found in target atom list
WARNING    >> Atom OP2 from residue (' ', 1, ' ') not found in target atom list
{
  "native_pdb": "/tmp/rna_inf_23auvqt8/PZ29_DasPOSTDEADLINE_3_solution_normalized.pdb",
  "native_index": null,
  "model_pdb": "/tmp/rna_inf_j82sy88x/PZ29_DasPOSTDEADLINE_3_refined_normalized.pdb",
  "model_index": null,
  "rmsd": 6.799016896555548,
  "inf_all": 0.7693218186208296,
  "inf_wc": 0.9047619047619048,
  "inf_nwc": 0.5,
  "inf_stack": 0.7144882623443114
}
WARNING    >> Atom P from residue (' ', 1, ' ') not found in target atom list
WARNING    >> Atom OP1 from residue (' ', 1, ' ') not found in target atom list
WARNING    >> Atom OP2 from residue (' ', 1, ' ') not found in target atom list
{
  "native_pdb": "/tmp/rna_inf_jxcj12gu/PZ29_DasPOSTDEADLINE_4_solution_normalized.pdb",
  "native_index": null,
  "model_pdb": "/tmp/rna_inf_m2xeon3u/PZ29_DasPOSTDEADLINE_4_refined_normalized.pdb",
  "model_index": null,
  "rmsd": 6.8971541231104245,
  "inf_all": 0.753935382248413,
  "inf_wc": 0.901127113779166,
  "inf_nwc": 0.408248290463863,
  "inf_stack": 0.7063224140220167
}
WARNING    >> Atom P from residue (' ', 1, ' ') not found in target atom list
WARNING    >> Atom OP1 from residue (' ', 1, ' ') not found in target atom list
WARNING    >> Atom OP2 from residue (' ', 1, ' ') not found in target atom list
{
  "native_pdb": "/tmp/rna_inf_l4l3unqm/PZ29_DasPOSTDEADLINE_5_solution_normalized.pdb",
  "native_index": null,
  "model_pdb": "/tmp/rna_inf_nacmtqou/PZ29_DasPOSTDEADLINE_5_refined_normalized.pdb",
  "model_index": null,
  "rmsd": 7.440328715577291,
  "inf_all": 0.7427653516737697,
  "inf_wc": 0.8743856497851875,
  "inf_nwc": 0.3535533905932738,
  "inf_stack": 0.7138235135406812
}
ERROR      >> Different number of residues!
{
  "native_pdb": "/tmp/rna_inf_5mqcsi_3/PZ29_DasPOSTDEADLINE_6_solution_normalized.pdb",
  "native_index": null,
  "model_pdb": "/tmp/rna_inf_hbxuzkm4/PZ29_DasPOSTDEADLINE_6_refined_normalized.pdb",
  "model_index": null,
  "rmsd": null,
  "inf_all": 0.7674598134217786,
  "inf_wc": 0.9258200997725514,
  "inf_nwc": 0.28867513459481287,
  "inf_stack": 0.7449923154875501
}
{
ERROR      >> Different number of residues!
  "native_pdb": "/tmp/rna_inf_11ynggt3/PZ29_DasPOSTDEADLINE_7_solution_normalized.pdb",
  "native_index": null,
  "model_pdb": "/tmp/rna_inf_lizvkha6/PZ29_DasPOSTDEADLINE_7_refined_normalized.pdb",
  "model_index": null,
  "rmsd": null,
  "inf_all": 0.7807637375601463,
  "inf_wc": 0.8743856497851875,
  "inf_nwc": 0.28867513459481287,
  "inf_stack": 0.7889609303340033
}
ERROR      >> Different number of residues!
{
  "native_pdb": "/tmp/rna_inf_x7xlcqk4/PZ29_DasPOSTDEADLINE_8_solution_normalized.pdb",
  "native_index": null,
  "model_pdb": "/tmp/rna_inf_h38ymv5d/PZ29_DasPOSTDEADLINE_8_refined_normalized.pdb",
  "model_index": null,
  "rmsd": null,
  "inf_all": 0.7124483985442281,
  "inf_wc": 0.8743856497851875,
  "inf_nwc": 0.28867513459481287,
  "inf_stack": 0.682778333554616
}
ERROR      >> Different number of residues!
{
  "native_pdb": "/tmp/rna_inf_9pvn6qgi/PZ29_DasPOSTDEADLINE_9_solution_normalized.pdb",
  "native_index": null,
  "model_pdb": "/tmp/rna_inf_snojq9u1/PZ29_DasPOSTDEADLINE_9_refined_normalized.pdb",
  "model_index": null,
  "rmsd": null,
  "inf_all": 0.7417385363711583,
  "inf_wc": 0.8997354108424374,
  "inf_nwc": 0.23570226039551584,
  "inf_stack": 0.7449923154875501
}
{
  "native_pdb": "/tmp/rna_inf_wii83m3j/PZ29_Dokholyan_1_solution_normalized.pdb",
  "native_index": null,
  "model_pdb": "/tmp/rna_inf_n5v7cm33/PZ29_Dokholyan_1_refined_normalized.pdb",
  "model_index": null,
  "rmsd": 15.73366626953251,
  "inf_all": 0.6046693311223912,
  "inf_wc": 0.5292561240249631,
  "inf_nwc": 0.3535533905932738,
  "inf_stack": 0.6592342530872156
}
WARNING    >> Atom P from residue (' ', 1, ' ') not found in target atom list
WARNING    >> Atom OP1 from residue (' ', 1, ' ') not found in target atom list
WARNING    >> Atom OP2 from residue (' ', 1, ' ') not found in target atom list
{
  "native_pdb": "/tmp/rna_inf_nark__r2/PZ29_RNAComposer_1_solution_normalized.pdb",
  "native_index": null,
  "model_pdb": "/tmp/rna_inf_wlt0cckg/PZ29_RNAComposer_1_refined_normalized.pdb",
  "model_index": null,
  "rmsd": 4.297180360516522,
  "inf_all": 0.7800471509417285,
  "inf_wc": 0.8997354108424374,
  "inf_nwc": 0.7071067811865476,
  "inf_stack": 0.7231566384075332
}
WARNING    >> Atom P from residue (' ', 1, ' ') not found in target atom list
WARNING    >> Atom OP1 from residue (' ', 1, ' ') not found in target atom list
WARNING    >> Atom OP2 from residue (' ', 1, ' ') not found in target atom list
{
  "native_pdb": "/tmp/rna_inf_l4fb_nmk/PZ29_RNAComposer_2_solution_normalized.pdb",
  "native_index": null,
  "model_pdb": "/tmp/rna_inf_pfh3xavv/PZ29_RNAComposer_2_refined_normalized.pdb",
  "model_index": null,
  "rmsd": 10.935651033890624,
  "inf_all": 0.7584748452711474,
  "inf_wc": 0.8728715609439694,
  "inf_nwc": 0.5,
  "inf_stack": 0.7188946323483356
}
WARNING    >> Atom P from residue (' ', 1, ' ') not found in target atom list
WARNING    >> Atom OP1 from residue (' ', 1, ' ') not found in target atom list
WARNING    >> Atom OP2 from residue (' ', 1, ' ') not found in target atom list
{
  "native_pdb": "/tmp/rna_inf_9l9a2776/PZ29_RNAComposer_3_solution_normalized.pdb",
  "native_index": null,
  "model_pdb": "/tmp/rna_inf_aqsse48o/PZ29_RNAComposer_3_refined_normalized.pdb",
  "model_index": null,
  "rmsd": 4.829478127274592,
  "inf_all": 0.7753298418327284,
  "inf_wc": 0.8997354108424374,
  "inf_nwc": 0.408248290463863,
  "inf_stack": 0.7391491482878365
}
WARNING    >> Atom P from residue (' ', 1, ' ') not found in target atom list
WARNING    >> Atom OP1 from residue (' ', 1, ' ') not found in target atom list
WARNING    >> Atom OP2 from residue (' ', 1, ' ') not found in target atom list
{
  "native_pdb": "/tmp/rna_inf_1rzfg47r/PZ29_RNAComposer_4_solution_normalized.pdb",
  "native_index": null,
  "model_pdb": "/tmp/rna_inf_fbyji4h2/PZ29_RNAComposer_4_refined_normalized.pdb",
  "model_index": null,
  "rmsd": 7.791031856171731,
  "inf_all": 0.816496580927726,
  "inf_wc": 0.8997354108424374,
  "inf_nwc": 0.7071067811865476,
  "inf_stack": 0.7808688094430303
}
WARNING    >> Atom P from residue (' ', 1, ' ') not found in target atom list
WARNING    >> Atom OP1 from residue (' ', 1, ' ') not found in target atom list
WARNING    >> Atom OP2 from residue (' ', 1, ' ') not found in target atom list
{
  "native_pdb": "/tmp/rna_inf_t98231zp/PZ29_RNAComposer_5_solution_normalized.pdb",
  "native_index": null,
  "model_pdb": "/tmp/rna_inf_9424vjo4/PZ29_RNAComposer_5_refined_normalized.pdb",
  "model_index": null,
  "rmsd": 4.806420360296763,
  "inf_all": 0.722185380728474,
  "inf_wc": 0.8743856497851875,
  "inf_nwc": 0.5,
  "inf_stack": 0.658702969519582
}
WARNING    >> Atom P from residue (' ', 1, ' ') not found in target atom list
WARNING    >> Atom OP1 from residue (' ', 1, ' ') not found in target atom list
WARNING    >> Atom OP2 from residue (' ', 1, ' ') not found in target atom list
{
  "native_pdb": "/tmp/rna_inf__c01np33/PZ29_SimRNA_1_solution_normalized.pdb",
  "native_index": null,
  "model_pdb": "/tmp/rna_inf_1ef54a1p/PZ29_SimRNA_1_refined_normalized.pdb",
  "model_index": null,
  "rmsd": 13.269754523419792,
  "inf_all": 0.71875,
  "inf_wc": 0.8510644963469901,
  "inf_nwc": 0.0,
  "inf_stack": 0.6988459044322258
}
WARNING    >> Atom P from residue (' ', 1, ' ') not found in target atom list
WARNING    >> Atom OP1 from residue (' ', 1, ' ') not found in target atom list
WARNING    >> Atom OP2 from residue (' ', 1, ' ') not found in target atom list
{
  "native_pdb": "/tmp/rna_inf_1980l9gm/PZ29_SimRNA_2_solution_normalized.pdb",
  "native_index": null,
  "model_pdb": "/tmp/rna_inf_gg868lfg/PZ29_SimRNA_2_refined_normalized.pdb",
  "model_index": null,
  "rmsd": 12.850180303203,
  "inf_all": 0.7778757778761668,
  "inf_wc": 0.9271050693011065,
  "inf_nwc": -1.0,
  "inf_stack": 0.7229440390678198
}
WARNING    >> Atom P from residue (' ', 1, ' ') not found in target atom list
WARNING    >> Atom OP1 from residue (' ', 1, ' ') not found in target atom list
WARNING    >> Atom OP2 from residue (' ', 1, ' ') not found in target atom list
{
  "native_pdb": "/tmp/rna_inf_fkoqgvmh/PZ29_SimRNA_3_solution_normalized.pdb",
  "native_index": null,
  "model_pdb": "/tmp/rna_inf_vyqom58w/PZ29_SimRNA_3_refined_normalized.pdb",
  "model_index": null,
  "rmsd": 9.570661855093874,
  "inf_all": 0.7597127493589018,
  "inf_wc": 0.8374357893586238,
  "inf_nwc": 0.5,
  "inf_stack": 0.7317073170731707
}
WARNING    >> Atom P from residue (' ', 1, ' ') not found in target atom list
WARNING    >> Atom OP1 from residue (' ', 1, ' ') not found in target atom list
WARNING    >> Atom OP2 from residue (' ', 1, ' ') not found in target atom list
{
  "native_pdb": "/tmp/rna_inf_zbjekj1g/PZ29_SimRNA_4_solution_normalized.pdb",
  "native_index": null,
  "model_pdb": "/tmp/rna_inf_hxf82ci_/PZ29_SimRNA_4_refined_normalized.pdb",
  "model_index": null,
  "rmsd": 13.087027627276008,
  "inf_all": 0.7745966692414834,
  "inf_wc": 0.8510644963469901,
  "inf_nwc": 0.7071067811865476,
  "inf_stack": 0.7407971974871922
}
WARNING    >> Atom P from residue (' ', 1, ' ') not found in target atom list
WARNING    >> Atom OP1 from residue (' ', 1, ' ') not found in target atom list
WARNING    >> Atom OP2 from residue (' ', 1, ' ') not found in target atom list
{
  "native_pdb": "/tmp/rna_inf_93sjsfx6/PZ29_SimRNA_5_solution_normalized.pdb",
  "native_index": null,
  "model_pdb": "/tmp/rna_inf_rkf_h8rm/PZ29_SimRNA_5_refined_normalized.pdb",
  "model_index": null,
  "rmsd": 12.345980555383756,
  "inf_all": 0.8031745051446079,
  "inf_wc": 0.9271050693011065,
  "inf_nwc": 0.7071067811865476,
  "inf_stack": 0.7470421737034139
}
WARNING    >> Atom P from residue (' ', 1, ' ') not found in target atom list
WARNING    >> Atom OP1 from residue (' ', 1, ' ') not found in target atom list
WARNING    >> Atom OP2 from residue (' ', 1, ' ') not found in target atom list
{
  "native_pdb": "/tmp/rna_inf_i6o2gx6j/PZ29_Szachniuk_1_solution_normalized.pdb",
  "native_index": null,
  "model_pdb": "/tmp/rna_inf_ipz4o07d/PZ29_Szachniuk_1_refined_normalized.pdb",
  "model_index": null,
  "rmsd": 4.986813252316758,
  "inf_all": 0.816496580927726,
  "inf_wc": 0.9258200997725514,
  "inf_nwc": 0.5,
  "inf_stack": 0.7767237968080912
}
WARNING    >> Atom P from residue (' ', 1, ' ') not found in target atom list
WARNING    >> Atom OP1 from residue (' ', 1, ' ') not found in target atom list
WARNING    >> Atom OP2 from residue (' ', 1, ' ') not found in target atom list
{
  "native_pdb": "/tmp/rna_inf_r5b74xif/PZ29_Szachniuk_2_solution_normalized.pdb",
  "native_index": null,
  "model_pdb": "/tmp/rna_inf_6mk8lxvs/PZ29_Szachniuk_2_refined_normalized.pdb",
  "model_index": null,
  "rmsd": 6.469771370820693,
  "inf_all": 0.816496580927726,
  "inf_wc": 0.901127113779166,
  "inf_nwc": 0.7071067811865476,
  "inf_stack": 0.7767237968080912
}
WARNING    >> Atom P from residue (' ', 1, ' ') not found in target atom list
WARNING    >> Atom OP1 from residue (' ', 1, ' ') not found in target atom list
WARNING    >> Atom OP2 from residue (' ', 1, ' ') not found in target atom list
{
  "native_pdb": "/tmp/rna_inf_w4pb0twn/PZ29_Szachniuk_3_solution_normalized.pdb",
  "native_index": null,
  "model_pdb": "/tmp/rna_inf_p9f8xu9m/PZ29_Szachniuk_3_refined_normalized.pdb",
  "model_index": null,
  "rmsd": 4.793211144210963,
  "inf_all": 0.7484551991837488,
  "inf_wc": 0.901127113779166,
  "inf_nwc": 0.408248290463863,
  "inf_stack": 0.6901970379677909
}
WARNING    >> Atom P from residue (' ', 1, ' ') not found in target atom list
WARNING    >> Atom OP1 from residue (' ', 1, ' ') not found in target atom list
WARNING    >> Atom OP2 from residue (' ', 1, ' ') not found in target atom list
{
  "native_pdb": "/tmp/rna_inf_gexqnuyq/PZ29_Szachniuk_4_solution_normalized.pdb",
  "native_index": null,
  "model_pdb": "/tmp/rna_inf_h_a03fuy/PZ29_Szachniuk_4_refined_normalized.pdb",
  "model_index": null,
  "rmsd": 7.211750232521213,
  "inf_all": 0.8299543075027522,
  "inf_wc": 0.9258200997725514,
  "inf_nwc": 0.5,
  "inf_stack": 0.8002501172485685
}
WARNING    >> Atom P from residue (' ', 1, ' ') not found in target atom list
WARNING    >> Atom OP1 from residue (' ', 1, ' ') not found in target atom list
WARNING    >> Atom OP2 from residue (' ', 1, ' ') not found in target atom list
{
  "native_pdb": "/tmp/rna_inf_91j6evji/PZ29_Szachniuk_5_solution_normalized.pdb",
  "native_index": null,
  "model_pdb": "/tmp/rna_inf_apoadgwa/PZ29_Szachniuk_5_refined_normalized.pdb",
  "model_index": null,
  "rmsd": 4.986813252316758,
  "inf_all": 0.816496580927726,
  "inf_wc": 0.9258200997725514,
  "inf_nwc": 0.5,
  "inf_stack": 0.7767237968080912
}
{
ERROR      >> Different number of residues!
  "native_pdb": "/tmp/rna_inf_b261y8he/PZ29_DasPOSTDEADLINE_7_solution_normalized.pdb",
  "native_index": null,
  "model_pdb": "/tmp/rna_inf_ah1v9frs/PZ29_DasPOSTDEADLINE_7_refined_normalized.pdb",
  "model_index": null,
  "rmsd": null,
  "inf_all": 0.7807637375601463,
  "inf_wc": 0.8743856497851875,
  "inf_nwc": 0.28867513459481287,
  "inf_stack": 0.7889609303340033
}
ERROR      >> Different number of residues!
{
  "native_pdb": "/tmp/rna_inf_cdb0cht9/PZ29_DasPOSTDEADLINE_7_solution_normalized.pdb",
  "native_index": null,
  "model_pdb": "/tmp/rna_inf_vrsde7jl/PZ29_DasPOSTDEADLINE_7_refined_normalized.pdb",
  "model_index": null,
  "rmsd": null,
  "inf_all": 0.7807637375601463,
  "inf_wc": 0.8743856497851875,
  "inf_nwc": 0.28867513459481287,
  "inf_stack": 0.7889609303340033
}
