2026-03-10 00:33:49 	 START case: PZ29
2026-03-10 00:33:49 	 caseDir: D:\Studia\Projekty\gsp-lab\data\finished\PZ29
2026-03-10 00:33:49 	 pdbDir: D:\Studia\Projekty\gsp-lab\data\finished\PZ29\pdb
2026-03-10 00:33:49 	 Found pdb count: 73
2026-03-10 00:33:49 	 Global solution: PZ29_solution_0.pdb
2026-03-10 00:33:49 	 RUN refined_pair target=PZ29_Chen_1_solution.pdb model=PZ29_Chen_1_refined.pdb -> id=Chen_1
2026-03-10 00:33:49 	 Docker cmd: docker run --rm -v D:\Studia\Projekty\gsp-lab:/work -v D:\Studia\Projekty\RNA_assessment:/rna_assessment -e RNA_ASSESSMENT_ROOT=/rna_assessment -e PYTHONPATH=/rna_assessment mcannotate-runtime python3 /work/src/utils/INF.py /work/data/finished/PZ29/pdb/PZ29_Chen_1_solution.pdb /work/data/finished/PZ29/pdb/PZ29_Chen_1_refined.pdb
2026-03-10 00:33:52 	 Docker exit code: 0
2026-03-10 00:33:52 	 Docker output length: 348
2026-03-10 00:33:52 	 Saved CSV: PZ29,Chen_1,Chen,1,refined_pair,0.734968415259167,0.8743856497851875,0,PZ29_Chen_1_solution.pdb,PZ29_Chen_1_refined.pdb
2026-03-10 00:33:52 	 RUN refined_pair target=PZ29_Chen_10_solution.pdb model=PZ29_Chen_10_refined.pdb -> id=Chen_10
2026-03-10 00:33:52 	 Docker cmd: docker run --rm -v D:\Studia\Projekty\gsp-lab:/work -v D:\Studia\Projekty\RNA_assessment:/rna_assessment -e RNA_ASSESSMENT_ROOT=/rna_assessment -e PYTHONPATH=/rna_assessment mcannotate-runtime python3 /work/src/utils/INF.py /work/data/finished/PZ29/pdb/PZ29_Chen_10_solution.pdb /work/data/finished/PZ29/pdb/PZ29_Chen_10_refined.pdb
2026-03-10 00:33:56 	 Docker exit code: 0
2026-03-10 00:33:56 	 Docker output length: 364
2026-03-10 00:33:56 	 Saved CSV: PZ29,Chen_10,Chen,10,refined_pair,0.789823242704962,0.8997354108424374,0.7071067811865476,PZ29_Chen_10_solution.pdb,PZ29_Chen_10_refined.pdb
2026-03-10 00:33:56 	 RUN refined_pair target=PZ29_Chen_2_solution.pdb model=PZ29_Chen_2_refined.pdb -> id=Chen_2
2026-03-10 00:33:56 	 Docker cmd: docker run --rm -v D:\Studia\Projekty\gsp-lab:/work -v D:\Studia\Projekty\RNA_assessment:/rna_assessment -e RNA_ASSESSMENT_ROOT=/rna_assessment -e PYTHONPATH=/rna_assessment mcannotate-runtime python3 /work/src/utils/INF.py /work/data/finished/PZ29/pdb/PZ29_Chen_2_solution.pdb /work/data/finished/PZ29/pdb/PZ29_Chen_2_refined.pdb
2026-03-10 00:33:59 	 Docker exit code: 0
2026-03-10 00:33:59 	 Docker output length: 362
2026-03-10 00:33:59 	 Saved CSV: PZ29,Chen_2,Chen,2,refined_pair,0.7453783886776516,0.8997354108424374,0.408248290463863,PZ29_Chen_2_solution.pdb,PZ29_Chen_2_refined.pdb
2026-03-10 00:33:59 	 RUN refined_pair target=PZ29_Chen_3_solution.pdb model=PZ29_Chen_3_refined.pdb -> id=Chen_3
2026-03-10 00:33:59 	 Docker cmd: docker run --rm -v D:\Studia\Projekty\gsp-lab:/work -v D:\Studia\Projekty\RNA_assessment:/rna_assessment -e RNA_ASSESSMENT_ROOT=/rna_assessment -e PYTHONPATH=/rna_assessment mcannotate-runtime python3 /work/src/utils/INF.py /work/data/finished/PZ29/pdb/PZ29_Chen_3_solution.pdb /work/data/finished/PZ29/pdb/PZ29_Chen_3_refined.pdb
2026-03-10 00:34:03 	 Docker exit code: 0
2026-03-10 00:34:03 	 Docker output length: 348
2026-03-10 00:34:03 	 Saved CSV: PZ29,Chen_3,Chen,3,refined_pair,0.7554831017177897,0.8743856497851875,0,PZ29_Chen_3_solution.pdb,PZ29_Chen_3_refined.pdb
2026-03-10 00:34:03 	 RUN refined_pair target=PZ29_Chen_4_solution.pdb model=PZ29_Chen_4_refined.pdb -> id=Chen_4
2026-03-10 00:34:03 	 Docker cmd: docker run --rm -v D:\Studia\Projekty\gsp-lab:/work -v D:\Studia\Projekty\RNA_assessment:/rna_assessment -e RNA_ASSESSMENT_ROOT=/rna_assessment -e PYTHONPATH=/rna_assessment mcannotate-runtime python3 /work/src/utils/INF.py /work/data/finished/PZ29/pdb/PZ29_Chen_4_solution.pdb /work/data/finished/PZ29/pdb/PZ29_Chen_4_refined.pdb
2026-03-10 00:34:06 	 Docker exit code: 0
2026-03-10 00:34:06 	 Docker output length: 348
2026-03-10 00:34:06 	 Saved CSV: PZ29,Chen_4,Chen,4,refined_pair,0.7654655446197431,0.8743856497851875,0,PZ29_Chen_4_solution.pdb,PZ29_Chen_4_refined.pdb
2026-03-10 00:34:06 	 RUN refined_pair target=PZ29_Chen_5_solution.pdb model=PZ29_Chen_5_refined.pdb -> id=Chen_5
2026-03-10 00:34:06 	 Docker cmd: docker run --rm -v D:\Studia\Projekty\gsp-lab:/work -v D:\Studia\Projekty\RNA_assessment:/rna_assessment -e RNA_ASSESSMENT_ROOT=/rna_assessment -e PYTHONPATH=/rna_assessment mcannotate-runtime python3 /work/src/utils/INF.py /work/data/finished/PZ29/pdb/PZ29_Chen_5_solution.pdb /work/data/finished/PZ29/pdb/PZ29_Chen_5_refined.pdb
2026-03-10 00:34:09 	 Docker exit code: 0
2026-03-10 00:34:09 	 Docker output length: 348
2026-03-10 00:34:09 	 Saved CSV: PZ29,Chen_5,Chen,5,refined_pair,0.7921848383943094,0.8997354108424374,0,PZ29_Chen_5_solution.pdb,PZ29_Chen_5_refined.pdb
2026-03-10 00:34:09 	 RUN refined_pair target=PZ29_Chen_6_solution.pdb model=PZ29_Chen_6_refined.pdb -> id=Chen_6
2026-03-10 00:34:09 	 Docker cmd: docker run --rm -v D:\Studia\Projekty\gsp-lab:/work -v D:\Studia\Projekty\RNA_assessment:/rna_assessment -e RNA_ASSESSMENT_ROOT=/rna_assessment -e PYTHONPATH=/rna_assessment mcannotate-runtime python3 /work/src/utils/INF.py /work/data/finished/PZ29/pdb/PZ29_Chen_6_solution.pdb /work/data/finished/PZ29/pdb/PZ29_Chen_6_refined.pdb
2026-03-10 00:34:12 	 Docker exit code: 0
2026-03-10 00:34:12 	 Docker output length: 350
2026-03-10 00:34:12 	 Saved CSV: PZ29,Chen_6,Chen,6,refined_pair,0.8069933131985481,0.9258200997725514,-1,PZ29_Chen_6_solution.pdb,PZ29_Chen_6_refined.pdb
2026-03-10 00:34:12 	 RUN refined_pair target=PZ29_Chen_7_solution.pdb model=PZ29_Chen_7_refined.pdb -> id=Chen_7
2026-03-10 00:34:12 	 Docker cmd: docker run --rm -v D:\Studia\Projekty\gsp-lab:/work -v D:\Studia\Projekty\RNA_assessment:/rna_assessment -e RNA_ASSESSMENT_ROOT=/rna_assessment -e PYTHONPATH=/rna_assessment mcannotate-runtime python3 /work/src/utils/INF.py /work/data/finished/PZ29/pdb/PZ29_Chen_7_solution.pdb /work/data/finished/PZ29/pdb/PZ29_Chen_7_refined.pdb
2026-03-10 00:34:15 	 Docker exit code: 0
2026-03-10 00:34:15 	 Docker output length: 350
2026-03-10 00:34:15 	 Saved CSV: PZ29,Chen_7,Chen,7,refined_pair,0.7616061053124001,0.8997354108424374,-1,PZ29_Chen_7_solution.pdb,PZ29_Chen_7_refined.pdb
2026-03-10 00:34:15 	 RUN refined_pair target=PZ29_Chen_8_solution.pdb model=PZ29_Chen_8_refined.pdb -> id=Chen_8
2026-03-10 00:34:15 	 Docker cmd: docker run --rm -v D:\Studia\Projekty\gsp-lab:/work -v D:\Studia\Projekty\RNA_assessment:/rna_assessment -e RNA_ASSESSMENT_ROOT=/rna_assessment -e PYTHONPATH=/rna_assessment mcannotate-runtime python3 /work/src/utils/INF.py /work/data/finished/PZ29/pdb/PZ29_Chen_8_solution.pdb /work/data/finished/PZ29/pdb/PZ29_Chen_8_refined.pdb
2026-03-10 00:34:18 	 Docker exit code: 0
2026-03-10 00:34:18 	 Docker output length: 348
2026-03-10 00:34:18 	 Saved CSV: PZ29,Chen_8,Chen,8,refined_pair,0.7284927963857741,0.8743856497851875,0,PZ29_Chen_8_solution.pdb,PZ29_Chen_8_refined.pdb
2026-03-10 00:34:18 	 RUN refined_pair target=PZ29_Chen_9_solution.pdb model=PZ29_Chen_9_refined.pdb -> id=Chen_9
2026-03-10 00:34:18 	 Docker cmd: docker run --rm -v D:\Studia\Projekty\gsp-lab:/work -v D:\Studia\Projekty\RNA_assessment:/rna_assessment -e RNA_ASSESSMENT_ROOT=/rna_assessment -e PYTHONPATH=/rna_assessment mcannotate-runtime python3 /work/src/utils/INF.py /work/data/finished/PZ29/pdb/PZ29_Chen_9_solution.pdb /work/data/finished/PZ29/pdb/PZ29_Chen_9_refined.pdb
2026-03-10 00:34:21 	 Docker exit code: 0
2026-03-10 00:34:21 	 Docker output length: 363
2026-03-10 00:34:21 	 Saved CSV: PZ29,Chen_9,Chen,9,refined_pair,0.7907340998506809,0.8997354108424374,0.3535533905932738,PZ29_Chen_9_solution.pdb,PZ29_Chen_9_refined.pdb
2026-03-10 00:34:21 	 RUN refined_pair target=PZ29_DasPOSTDEADLINE_1_solution.pdb model=PZ29_DasPOSTDEADLINE_1_refined.pdb -> id=DasPOSTDEADLINE_1
2026-03-10 00:34:21 	 Docker cmd: docker run --rm -v D:\Studia\Projekty\gsp-lab:/work -v D:\Studia\Projekty\RNA_assessment:/rna_assessment -e RNA_ASSESSMENT_ROOT=/rna_assessment -e PYTHONPATH=/rna_assessment mcannotate-runtime python3 /work/src/utils/INF.py /work/data/finished/PZ29/pdb/PZ29_DasPOSTDEADLINE_1_solution.pdb /work/data/finished/PZ29/pdb/PZ29_DasPOSTDEADLINE_1_refined.pdb
2026-03-10 00:34:24 	 Docker exit code: 0
2026-03-10 00:34:24 	 Docker output length: 413
2026-03-10 00:34:24 	 Saved CSV: PZ29,DasPOSTDEADLINE_1,DasPOSTDEADLINE,1,refined_pair,0.7513009550107067,0.9047619047619048,0.408248290463863,PZ29_DasPOSTDEADLINE_1_solution.pdb,PZ29_DasPOSTDEADLINE_1_refined.pdb
2026-03-10 00:34:24 	 RUN refined_pair target=PZ29_DasPOSTDEADLINE_10_solution.pdb model=PZ29_DasPOSTDEADLINE_10_refined.pdb -> id=DasPOSTDEADLINE_10
2026-03-10 00:34:24 	 Docker cmd: docker run --rm -v D:\Studia\Projekty\gsp-lab:/work -v D:\Studia\Projekty\RNA_assessment:/rna_assessment -e RNA_ASSESSMENT_ROOT=/rna_assessment -e PYTHONPATH=/rna_assessment mcannotate-runtime python3 /work/src/utils/INF.py /work/data/finished/PZ29/pdb/PZ29_DasPOSTDEADLINE_10_solution.pdb /work/data/finished/PZ29/pdb/PZ29_DasPOSTDEADLINE_10_refined.pdb
2026-03-10 00:34:27 	 Docker exit code: 0
2026-03-10 00:34:27 	 Docker output length: 419
2026-03-10 00:34:27 	 Saved CSV: PZ29,DasPOSTDEADLINE_10,DasPOSTDEADLINE,10,refined_pair,0.7768985960673559,0.9258200997725514,0.28867513459481287,PZ29_DasPOSTDEADLINE_10_solution.pdb,PZ29_DasPOSTDEADLINE_10_refined.pdb
2026-03-10 00:34:27 	 RUN refined_pair target=PZ29_DasPOSTDEADLINE_2_solution.pdb model=PZ29_DasPOSTDEADLINE_2_refined.pdb -> id=DasPOSTDEADLINE_2
2026-03-10 00:34:27 	 Docker cmd: docker run --rm -v D:\Studia\Projekty\gsp-lab:/work -v D:\Studia\Projekty\RNA_assessment:/rna_assessment -e RNA_ASSESSMENT_ROOT=/rna_assessment -e PYTHONPATH=/rna_assessment mcannotate-runtime python3 /work/src/utils/INF.py /work/data/finished/PZ29/pdb/PZ29_DasPOSTDEADLINE_2_solution.pdb /work/data/finished/PZ29/pdb/PZ29_DasPOSTDEADLINE_2_refined.pdb
2026-03-10 00:34:29 	 Docker exit code: 0
2026-03-10 00:34:29 	 Docker output length: 623
2026-03-10 00:34:29 	 Saved CSV: PZ29,DasPOSTDEADLINE_2,DasPOSTDEADLINE,2,refined_pair,0.7778757778761668,0.8743856497851875,0.3535533905932738,PZ29_DasPOSTDEADLINE_2_solution.pdb,PZ29_DasPOSTDEADLINE_2_refined.pdb
2026-03-10 00:34:29 	 RUN refined_pair target=PZ29_DasPOSTDEADLINE_3_solution.pdb model=PZ29_DasPOSTDEADLINE_3_refined.pdb -> id=DasPOSTDEADLINE_3
2026-03-10 00:34:29 	 Docker cmd: docker run --rm -v D:\Studia\Projekty\gsp-lab:/work -v D:\Studia\Projekty\RNA_assessment:/rna_assessment -e RNA_ASSESSMENT_ROOT=/rna_assessment -e PYTHONPATH=/rna_assessment mcannotate-runtime python3 /work/src/utils/INF.py /work/data/finished/PZ29/pdb/PZ29_DasPOSTDEADLINE_3_solution.pdb /work/data/finished/PZ29/pdb/PZ29_DasPOSTDEADLINE_3_refined.pdb
2026-03-10 00:34:32 	 Docker exit code: 0
2026-03-10 00:34:32 	 Docker output length: 608
2026-03-10 00:34:32 	 Saved CSV: PZ29,DasPOSTDEADLINE_3,DasPOSTDEADLINE,3,refined_pair,0.7693218186208296,0.9047619047619048,0.5,PZ29_DasPOSTDEADLINE_3_solution.pdb,PZ29_DasPOSTDEADLINE_3_refined.pdb
2026-03-10 00:34:32 	 RUN refined_pair target=PZ29_DasPOSTDEADLINE_4_solution.pdb model=PZ29_DasPOSTDEADLINE_4_refined.pdb -> id=DasPOSTDEADLINE_4
2026-03-10 00:34:32 	 Docker cmd: docker run --rm -v D:\Studia\Projekty\gsp-lab:/work -v D:\Studia\Projekty\RNA_assessment:/rna_assessment -e RNA_ASSESSMENT_ROOT=/rna_assessment -e PYTHONPATH=/rna_assessment mcannotate-runtime python3 /work/src/utils/INF.py /work/data/finished/PZ29/pdb/PZ29_DasPOSTDEADLINE_4_solution.pdb /work/data/finished/PZ29/pdb/PZ29_DasPOSTDEADLINE_4_refined.pdb
2026-03-10 00:34:34 	 Docker exit code: 0
2026-03-10 00:34:34 	 Docker output length: 621
2026-03-10 00:34:34 	 Saved CSV: PZ29,DasPOSTDEADLINE_4,DasPOSTDEADLINE,4,refined_pair,0.753935382248413,0.901127113779166,0.408248290463863,PZ29_DasPOSTDEADLINE_4_solution.pdb,PZ29_DasPOSTDEADLINE_4_refined.pdb
2026-03-10 00:34:34 	 RUN refined_pair target=PZ29_DasPOSTDEADLINE_5_solution.pdb model=PZ29_DasPOSTDEADLINE_5_refined.pdb -> id=DasPOSTDEADLINE_5
2026-03-10 00:34:34 	 Docker cmd: docker run --rm -v D:\Studia\Projekty\gsp-lab:/work -v D:\Studia\Projekty\RNA_assessment:/rna_assessment -e RNA_ASSESSMENT_ROOT=/rna_assessment -e PYTHONPATH=/rna_assessment mcannotate-runtime python3 /work/src/utils/INF.py /work/data/finished/PZ29/pdb/PZ29_DasPOSTDEADLINE_5_solution.pdb /work/data/finished/PZ29/pdb/PZ29_DasPOSTDEADLINE_5_refined.pdb
2026-03-10 00:34:37 	 Docker exit code: 0
2026-03-10 00:34:37 	 Docker output length: 623
2026-03-10 00:34:37 	 Saved CSV: PZ29,DasPOSTDEADLINE_5,DasPOSTDEADLINE,5,refined_pair,0.7427653516737697,0.8743856497851875,0.3535533905932738,PZ29_DasPOSTDEADLINE_5_solution.pdb,PZ29_DasPOSTDEADLINE_5_refined.pdb
2026-03-10 00:34:37 	 RUN refined_pair target=PZ29_DasPOSTDEADLINE_6_solution.pdb model=PZ29_DasPOSTDEADLINE_6_refined.pdb -> id=DasPOSTDEADLINE_6
2026-03-10 00:34:37 	 Docker cmd: docker run --rm -v D:\Studia\Projekty\gsp-lab:/work -v D:\Studia\Projekty\RNA_assessment:/rna_assessment -e RNA_ASSESSMENT_ROOT=/rna_assessment -e PYTHONPATH=/rna_assessment mcannotate-runtime python3 /work/src/utils/INF.py /work/data/finished/PZ29/pdb/PZ29_DasPOSTDEADLINE_6_solution.pdb /work/data/finished/PZ29/pdb/PZ29_DasPOSTDEADLINE_6_refined.pdb
2026-03-10 00:34:40 	 Docker exit code: 0
2026-03-10 00:34:40 	 Docker output length: 417
2026-03-10 00:34:40 	 Saved CSV: PZ29,DasPOSTDEADLINE_6,DasPOSTDEADLINE,6,refined_pair,0.7674598134217786,0.9258200997725514,0.28867513459481287,PZ29_DasPOSTDEADLINE_6_solution.pdb,PZ29_DasPOSTDEADLINE_6_refined.pdb
2026-03-10 00:34:40 	 RUN refined_pair target=PZ29_DasPOSTDEADLINE_7_solution.pdb model=PZ29_DasPOSTDEADLINE_7_refined.pdb -> id=DasPOSTDEADLINE_7
2026-03-10 00:34:40 	 Docker cmd: docker run --rm -v D:\Studia\Projekty\gsp-lab:/work -v D:\Studia\Projekty\RNA_assessment:/rna_assessment -e RNA_ASSESSMENT_ROOT=/rna_assessment -e PYTHONPATH=/rna_assessment mcannotate-runtime python3 /work/src/utils/INF.py /work/data/finished/PZ29/pdb/PZ29_DasPOSTDEADLINE_7_solution.pdb /work/data/finished/PZ29/pdb/PZ29_DasPOSTDEADLINE_7_refined.pdb
2026-03-10 00:34:43 	 Docker exit code: 0
2026-03-10 00:34:43 	 Docker output length: 417
2026-03-10T00:34:43 Parse-JsonFromOutput: ConvertFrom-Json failed. len=417
2026-03-10 00:34:43 	 No usable output for DasPOSTDEADLINE_7, skipping.
2026-03-10 00:34:43 	 RUN refined_pair target=PZ29_DasPOSTDEADLINE_8_solution.pdb model=PZ29_DasPOSTDEADLINE_8_refined.pdb -> id=DasPOSTDEADLINE_8
2026-03-10 00:34:43 	 Docker cmd: docker run --rm -v D:\Studia\Projekty\gsp-lab:/work -v D:\Studia\Projekty\RNA_assessment:/rna_assessment -e RNA_ASSESSMENT_ROOT=/rna_assessment -e PYTHONPATH=/rna_assessment mcannotate-runtime python3 /work/src/utils/INF.py /work/data/finished/PZ29/pdb/PZ29_DasPOSTDEADLINE_8_solution.pdb /work/data/finished/PZ29/pdb/PZ29_DasPOSTDEADLINE_8_refined.pdb
2026-03-10 00:34:45 	 Docker exit code: 0
2026-03-10 00:34:45 	 Docker output length: 416
2026-03-10 00:34:45 	 Saved CSV: PZ29,DasPOSTDEADLINE_8,DasPOSTDEADLINE,8,refined_pair,0.7124483985442281,0.8743856497851875,0.28867513459481287,PZ29_DasPOSTDEADLINE_8_solution.pdb,PZ29_DasPOSTDEADLINE_8_refined.pdb
2026-03-10 00:34:45 	 RUN refined_pair target=PZ29_DasPOSTDEADLINE_9_solution.pdb model=PZ29_DasPOSTDEADLINE_9_refined.pdb -> id=DasPOSTDEADLINE_9
2026-03-10 00:34:45 	 Docker cmd: docker run --rm -v D:\Studia\Projekty\gsp-lab:/work -v D:\Studia\Projekty\RNA_assessment:/rna_assessment -e RNA_ASSESSMENT_ROOT=/rna_assessment -e PYTHONPATH=/rna_assessment mcannotate-runtime python3 /work/src/utils/INF.py /work/data/finished/PZ29/pdb/PZ29_DasPOSTDEADLINE_9_solution.pdb /work/data/finished/PZ29/pdb/PZ29_DasPOSTDEADLINE_9_refined.pdb
2026-03-10 00:34:47 	 Docker exit code: 0
2026-03-10 00:34:47 	 Docker output length: 417
2026-03-10 00:34:47 	 Saved CSV: PZ29,DasPOSTDEADLINE_9,DasPOSTDEADLINE,9,refined_pair,0.7417385363711583,0.8997354108424374,0.23570226039551584,PZ29_DasPOSTDEADLINE_9_solution.pdb,PZ29_DasPOSTDEADLINE_9_refined.pdb
2026-03-10 00:34:47 	 RUN refined_pair target=PZ29_Dokholyan_1_solution.pdb model=PZ29_Dokholyan_1_refined.pdb -> id=Dokholyan_1
2026-03-10 00:34:47 	 Docker cmd: docker run --rm -v D:\Studia\Projekty\gsp-lab:/work -v D:\Studia\Projekty\RNA_assessment:/rna_assessment -e RNA_ASSESSMENT_ROOT=/rna_assessment -e PYTHONPATH=/rna_assessment mcannotate-runtime python3 /work/src/utils/INF.py /work/data/finished/PZ29/pdb/PZ29_Dokholyan_1_solution.pdb /work/data/finished/PZ29/pdb/PZ29_Dokholyan_1_refined.pdb
2026-03-10 00:34:50 	 Docker exit code: 0
2026-03-10 00:34:50 	 Docker output length: 373
2026-03-10 00:34:50 	 Saved CSV: PZ29,Dokholyan_1,Dokholyan,1,refined_pair,0.6046693311223912,0.5292561240249631,0.3535533905932738,PZ29_Dokholyan_1_solution.pdb,PZ29_Dokholyan_1_refined.pdb
2026-03-10 00:34:50 	 RUN refined_pair target=PZ29_RNAComposer_1_solution.pdb model=PZ29_RNAComposer_1_refined.pdb -> id=RNAComposer_1
2026-03-10 00:34:50 	 Docker cmd: docker run --rm -v D:\Studia\Projekty\gsp-lab:/work -v D:\Studia\Projekty\RNA_assessment:/rna_assessment -e RNA_ASSESSMENT_ROOT=/rna_assessment -e PYTHONPATH=/rna_assessment mcannotate-runtime python3 /work/src/utils/INF.py /work/data/finished/PZ29/pdb/PZ29_RNAComposer_1_solution.pdb /work/data/finished/PZ29/pdb/PZ29_RNAComposer_1_refined.pdb
2026-03-10 00:34:53 	 Docker exit code: 0
2026-03-10 00:34:53 	 Docker output length: 615
2026-03-10 00:34:53 	 Saved CSV: PZ29,RNAComposer_1,RNAComposer,1,refined_pair,0.7800471509417285,0.8997354108424374,0.7071067811865476,PZ29_RNAComposer_1_solution.pdb,PZ29_RNAComposer_1_refined.pdb
2026-03-10 00:34:53 	 RUN refined_pair target=PZ29_RNAComposer_2_solution.pdb model=PZ29_RNAComposer_2_refined.pdb -> id=RNAComposer_2
2026-03-10 00:34:53 	 Docker cmd: docker run --rm -v D:\Studia\Projekty\gsp-lab:/work -v D:\Studia\Projekty\RNA_assessment:/rna_assessment -e RNA_ASSESSMENT_ROOT=/rna_assessment -e PYTHONPATH=/rna_assessment mcannotate-runtime python3 /work/src/utils/INF.py /work/data/finished/PZ29/pdb/PZ29_RNAComposer_2_solution.pdb /work/data/finished/PZ29/pdb/PZ29_RNAComposer_2_refined.pdb
2026-03-10 00:34:55 	 Docker exit code: 0
2026-03-10 00:34:55 	 Docker output length: 601
2026-03-10 00:34:55 	 Saved CSV: PZ29,RNAComposer_2,RNAComposer,2,refined_pair,0.7584748452711474,0.8728715609439694,0.5,PZ29_RNAComposer_2_solution.pdb,PZ29_RNAComposer_2_refined.pdb
2026-03-10 00:34:55 	 RUN refined_pair target=PZ29_RNAComposer_3_solution.pdb model=PZ29_RNAComposer_3_refined.pdb -> id=RNAComposer_3
2026-03-10 00:34:55 	 Docker cmd: docker run --rm -v D:\Studia\Projekty\gsp-lab:/work -v D:\Studia\Projekty\RNA_assessment:/rna_assessment -e RNA_ASSESSMENT_ROOT=/rna_assessment -e PYTHONPATH=/rna_assessment mcannotate-runtime python3 /work/src/utils/INF.py /work/data/finished/PZ29/pdb/PZ29_RNAComposer_3_solution.pdb /work/data/finished/PZ29/pdb/PZ29_RNAComposer_3_refined.pdb
2026-03-10 00:34:57 	 Docker exit code: 0
2026-03-10 00:34:57 	 Docker output length: 614
2026-03-10 00:34:57 	 Saved CSV: PZ29,RNAComposer_3,RNAComposer,3,refined_pair,0.7753298418327284,0.8997354108424374,0.408248290463863,PZ29_RNAComposer_3_solution.pdb,PZ29_RNAComposer_3_refined.pdb
2026-03-10 00:34:57 	 RUN refined_pair target=PZ29_RNAComposer_4_solution.pdb model=PZ29_RNAComposer_4_refined.pdb -> id=RNAComposer_4
2026-03-10 00:34:57 	 Docker cmd: docker run --rm -v D:\Studia\Projekty\gsp-lab:/work -v D:\Studia\Projekty\RNA_assessment:/rna_assessment -e RNA_ASSESSMENT_ROOT=/rna_assessment -e PYTHONPATH=/rna_assessment mcannotate-runtime python3 /work/src/utils/INF.py /work/data/finished/PZ29/pdb/PZ29_RNAComposer_4_solution.pdb /work/data/finished/PZ29/pdb/PZ29_RNAComposer_4_refined.pdb
2026-03-10 00:35:00 	 Docker exit code: 0
2026-03-10 00:35:00 	 Docker output length: 614
2026-03-10 00:35:00 	 Saved CSV: PZ29,RNAComposer_4,RNAComposer,4,refined_pair,0.816496580927726,0.8997354108424374,0.7071067811865476,PZ29_RNAComposer_4_solution.pdb,PZ29_RNAComposer_4_refined.pdb
2026-03-10 00:35:00 	 RUN refined_pair target=PZ29_RNAComposer_5_solution.pdb model=PZ29_RNAComposer_5_refined.pdb -> id=RNAComposer_5
2026-03-10 00:35:00 	 Docker cmd: docker run --rm -v D:\Studia\Projekty\gsp-lab:/work -v D:\Studia\Projekty\RNA_assessment:/rna_assessment -e RNA_ASSESSMENT_ROOT=/rna_assessment -e PYTHONPATH=/rna_assessment mcannotate-runtime python3 /work/src/utils/INF.py /work/data/finished/PZ29/pdb/PZ29_RNAComposer_5_solution.pdb /work/data/finished/PZ29/pdb/PZ29_RNAComposer_5_refined.pdb
2026-03-10 00:35:03 	 Docker exit code: 0
2026-03-10 00:35:03 	 Docker output length: 598
2026-03-10 00:35:03 	 Saved CSV: PZ29,RNAComposer_5,RNAComposer,5,refined_pair,0.722185380728474,0.8743856497851875,0.5,PZ29_RNAComposer_5_solution.pdb,PZ29_RNAComposer_5_refined.pdb
2026-03-10 00:35:03 	 RUN refined_pair target=PZ29_SimRNA_1_solution.pdb model=PZ29_SimRNA_1_refined.pdb -> id=SimRNA_1
2026-03-10 00:35:03 	 Docker cmd: docker run --rm -v D:\Studia\Projekty\gsp-lab:/work -v D:\Studia\Projekty\RNA_assessment:/rna_assessment -e RNA_ASSESSMENT_ROOT=/rna_assessment -e PYTHONPATH=/rna_assessment mcannotate-runtime python3 /work/src/utils/INF.py /work/data/finished/PZ29/pdb/PZ29_SimRNA_1_solution.pdb /work/data/finished/PZ29/pdb/PZ29_SimRNA_1_refined.pdb
2026-03-10 00:35:06 	 Docker exit code: 0
2026-03-10 00:35:06 	 Docker output length: 580
2026-03-10 00:35:06 	 Saved CSV: PZ29,SimRNA_1,SimRNA,1,refined_pair,0.71875,0.8510644963469901,0,PZ29_SimRNA_1_solution.pdb,PZ29_SimRNA_1_refined.pdb
2026-03-10 00:35:06 	 RUN refined_pair target=PZ29_SimRNA_2_solution.pdb model=PZ29_SimRNA_2_refined.pdb -> id=SimRNA_2
2026-03-10 00:35:06 	 Docker cmd: docker run --rm -v D:\Studia\Projekty\gsp-lab:/work -v D:\Studia\Projekty\RNA_assessment:/rna_assessment -e RNA_ASSESSMENT_ROOT=/rna_assessment -e PYTHONPATH=/rna_assessment mcannotate-runtime python3 /work/src/utils/INF.py /work/data/finished/PZ29/pdb/PZ29_SimRNA_2_solution.pdb /work/data/finished/PZ29/pdb/PZ29_SimRNA_2_refined.pdb
2026-03-10 00:35:10 	 Docker exit code: 0
2026-03-10 00:35:10 	 Docker output length: 589
2026-03-10 00:35:10 	 Saved CSV: PZ29,SimRNA_2,SimRNA,2,refined_pair,0.7778757778761668,0.9271050693011065,-1,PZ29_SimRNA_2_solution.pdb,PZ29_SimRNA_2_refined.pdb
2026-03-10 00:35:10 	 RUN refined_pair target=PZ29_SimRNA_3_solution.pdb model=PZ29_SimRNA_3_refined.pdb -> id=SimRNA_3
2026-03-10 00:35:10 	 Docker cmd: docker run --rm -v D:\Studia\Projekty\gsp-lab:/work -v D:\Studia\Projekty\RNA_assessment:/rna_assessment -e RNA_ASSESSMENT_ROOT=/rna_assessment -e PYTHONPATH=/rna_assessment mcannotate-runtime python3 /work/src/utils/INF.py /work/data/finished/PZ29/pdb/PZ29_SimRNA_3_solution.pdb /work/data/finished/PZ29/pdb/PZ29_SimRNA_3_refined.pdb
2026-03-10 00:35:12 	 Docker exit code: 0
2026-03-10 00:35:12 	 Docker output length: 590
2026-03-10 00:35:13 	 Saved CSV: PZ29,SimRNA_3,SimRNA,3,refined_pair,0.7597127493589018,0.8374357893586238,0.5,PZ29_SimRNA_3_solution.pdb,PZ29_SimRNA_3_refined.pdb
2026-03-10 00:35:13 	 RUN refined_pair target=PZ29_SimRNA_4_solution.pdb model=PZ29_SimRNA_4_refined.pdb -> id=SimRNA_4
2026-03-10 00:35:13 	 Docker cmd: docker run --rm -v D:\Studia\Projekty\gsp-lab:/work -v D:\Studia\Projekty\RNA_assessment:/rna_assessment -e RNA_ASSESSMENT_ROOT=/rna_assessment -e PYTHONPATH=/rna_assessment mcannotate-runtime python3 /work/src/utils/INF.py /work/data/finished/PZ29/pdb/PZ29_SimRNA_4_solution.pdb /work/data/finished/PZ29/pdb/PZ29_SimRNA_4_refined.pdb
2026-03-10 00:35:14 	 Docker exit code: 0
2026-03-10 00:35:14 	 Docker output length: 606
2026-03-10 00:35:14 	 Saved CSV: PZ29,SimRNA_4,SimRNA,4,refined_pair,0.7745966692414834,0.8510644963469901,0.7071067811865476,PZ29_SimRNA_4_solution.pdb,PZ29_SimRNA_4_refined.pdb
2026-03-10 00:35:15 	 RUN refined_pair target=PZ29_SimRNA_5_solution.pdb model=PZ29_SimRNA_5_refined.pdb -> id=SimRNA_5
2026-03-10 00:35:15 	 Docker cmd: docker run --rm -v D:\Studia\Projekty\gsp-lab:/work -v D:\Studia\Projekty\RNA_assessment:/rna_assessment -e RNA_ASSESSMENT_ROOT=/rna_assessment -e PYTHONPATH=/rna_assessment mcannotate-runtime python3 /work/src/utils/INF.py /work/data/finished/PZ29/pdb/PZ29_SimRNA_5_solution.pdb /work/data/finished/PZ29/pdb/PZ29_SimRNA_5_refined.pdb
2026-03-10 00:35:16 	 Docker exit code: 0
2026-03-10 00:35:16 	 Docker output length: 606
2026-03-10 00:35:16 	 Saved CSV: PZ29,SimRNA_5,SimRNA,5,refined_pair,0.8031745051446079,0.9271050693011065,0.7071067811865476,PZ29_SimRNA_5_solution.pdb,PZ29_SimRNA_5_refined.pdb
2026-03-10 00:35:16 	 RUN refined_pair target=PZ29_Szachniuk_1_solution.pdb model=PZ29_Szachniuk_1_refined.pdb -> id=Szachniuk_1
2026-03-10 00:35:16 	 Docker cmd: docker run --rm -v D:\Studia\Projekty\gsp-lab:/work -v D:\Studia\Projekty\RNA_assessment:/rna_assessment -e RNA_ASSESSMENT_ROOT=/rna_assessment -e PYTHONPATH=/rna_assessment mcannotate-runtime python3 /work/src/utils/INF.py /work/data/finished/PZ29/pdb/PZ29_Szachniuk_1_solution.pdb /work/data/finished/PZ29/pdb/PZ29_Szachniuk_1_refined.pdb
2026-03-10 00:35:19 	 Docker exit code: 0
2026-03-10 00:35:19 	 Docker output length: 595
2026-03-10 00:35:19 	 Saved CSV: PZ29,Szachniuk_1,Szachniuk,1,refined_pair,0.816496580927726,0.9258200997725514,0.5,PZ29_Szachniuk_1_solution.pdb,PZ29_Szachniuk_1_refined.pdb
2026-03-10 00:35:19 	 RUN refined_pair target=PZ29_Szachniuk_2_solution.pdb model=PZ29_Szachniuk_2_refined.pdb -> id=Szachniuk_2
2026-03-10 00:35:19 	 Docker cmd: docker run --rm -v D:\Studia\Projekty\gsp-lab:/work -v D:\Studia\Projekty\RNA_assessment:/rna_assessment -e RNA_ASSESSMENT_ROOT=/rna_assessment -e PYTHONPATH=/rna_assessment mcannotate-runtime python3 /work/src/utils/INF.py /work/data/finished/PZ29/pdb/PZ29_Szachniuk_2_solution.pdb /work/data/finished/PZ29/pdb/PZ29_Szachniuk_2_refined.pdb
2026-03-10 00:35:22 	 Docker exit code: 0
2026-03-10 00:35:22 	 Docker output length: 609
2026-03-10 00:35:22 	 Saved CSV: PZ29,Szachniuk_2,Szachniuk,2,refined_pair,0.816496580927726,0.901127113779166,0.7071067811865476,PZ29_Szachniuk_2_solution.pdb,PZ29_Szachniuk_2_refined.pdb
2026-03-10 00:35:22 	 RUN refined_pair target=PZ29_Szachniuk_3_solution.pdb model=PZ29_Szachniuk_3_refined.pdb -> id=Szachniuk_3
2026-03-10 00:35:22 	 Docker cmd: docker run --rm -v D:\Studia\Projekty\gsp-lab:/work -v D:\Studia\Projekty\RNA_assessment:/rna_assessment -e RNA_ASSESSMENT_ROOT=/rna_assessment -e PYTHONPATH=/rna_assessment mcannotate-runtime python3 /work/src/utils/INF.py /work/data/finished/PZ29/pdb/PZ29_Szachniuk_3_solution.pdb /work/data/finished/PZ29/pdb/PZ29_Szachniuk_3_refined.pdb
2026-03-10 00:35:25 	 Docker exit code: 0
2026-03-10 00:35:25 	 Docker output length: 609
2026-03-10 00:35:25 	 Saved CSV: PZ29,Szachniuk_3,Szachniuk,3,refined_pair,0.7484551991837488,0.901127113779166,0.408248290463863,PZ29_Szachniuk_3_solution.pdb,PZ29_Szachniuk_3_refined.pdb
2026-03-10 00:35:25 	 RUN refined_pair target=PZ29_Szachniuk_4_solution.pdb model=PZ29_Szachniuk_4_refined.pdb -> id=Szachniuk_4
2026-03-10 00:35:25 	 Docker cmd: docker run --rm -v D:\Studia\Projekty\gsp-lab:/work -v D:\Studia\Projekty\RNA_assessment:/rna_assessment -e RNA_ASSESSMENT_ROOT=/rna_assessment -e PYTHONPATH=/rna_assessment mcannotate-runtime python3 /work/src/utils/INF.py /work/data/finished/PZ29/pdb/PZ29_Szachniuk_4_solution.pdb /work/data/finished/PZ29/pdb/PZ29_Szachniuk_4_refined.pdb
2026-03-10 00:35:28 	 Docker exit code: 0
2026-03-10 00:35:28 	 Docker output length: 596
2026-03-10 00:35:28 	 Saved CSV: PZ29,Szachniuk_4,Szachniuk,4,refined_pair,0.8299543075027522,0.9258200997725514,0.5,PZ29_Szachniuk_4_solution.pdb,PZ29_Szachniuk_4_refined.pdb
2026-03-10 00:35:28 	 RUN refined_pair target=PZ29_Szachniuk_5_solution.pdb model=PZ29_Szachniuk_5_refined.pdb -> id=Szachniuk_5
2026-03-10 00:35:28 	 Docker cmd: docker run --rm -v D:\Studia\Projekty\gsp-lab:/work -v D:\Studia\Projekty\RNA_assessment:/rna_assessment -e RNA_ASSESSMENT_ROOT=/rna_assessment -e PYTHONPATH=/rna_assessment mcannotate-runtime python3 /work/src/utils/INF.py /work/data/finished/PZ29/pdb/PZ29_Szachniuk_5_solution.pdb /work/data/finished/PZ29/pdb/PZ29_Szachniuk_5_refined.pdb
2026-03-10 00:35:30 	 Docker exit code: 0
2026-03-10 00:35:30 	 Docker output length: 595
2026-03-10 00:35:30 	 Saved CSV: PZ29,Szachniuk_5,Szachniuk,5,refined_pair,0.816496580927726,0.9258200997725514,0.5,PZ29_Szachniuk_5_solution.pdb,PZ29_Szachniuk_5_refined.pdb
2026-03-10 00:35:30 	 SKIP (model is a solution file): PZ29_Chen_1_solution.pdb
2026-03-10 00:35:30 	 SKIP (model is a solution file): PZ29_Chen_10_solution.pdb
2026-03-10 00:35:30 	 SKIP (model is a solution file): PZ29_Chen_2_solution.pdb
2026-03-10 00:35:30 	 SKIP (model is a solution file): PZ29_Chen_3_solution.pdb
2026-03-10 00:35:31 	 SKIP (model is a solution file): PZ29_Chen_4_solution.pdb
2026-03-10 00:35:31 	 SKIP (model is a solution file): PZ29_Chen_5_solution.pdb
2026-03-10 00:35:31 	 SKIP (model is a solution file): PZ29_Chen_6_solution.pdb
2026-03-10 00:35:31 	 SKIP (model is a solution file): PZ29_Chen_7_solution.pdb
2026-03-10 00:35:31 	 SKIP (model is a solution file): PZ29_Chen_8_solution.pdb
2026-03-10 00:35:31 	 SKIP (model is a solution file): PZ29_Chen_9_solution.pdb
2026-03-10 00:35:31 	 SKIP (model is a solution file): PZ29_DasPOSTDEADLINE_1_solution.pdb
2026-03-10 00:35:31 	 SKIP (model is a solution file): PZ29_DasPOSTDEADLINE_10_solution.pdb
2026-03-10 00:35:31 	 SKIP (model is a solution file): PZ29_DasPOSTDEADLINE_2_solution.pdb
2026-03-10 00:35:31 	 SKIP (model is a solution file): PZ29_DasPOSTDEADLINE_3_solution.pdb
2026-03-10 00:35:31 	 SKIP (model is a solution file): PZ29_DasPOSTDEADLINE_4_solution.pdb
2026-03-10 00:35:31 	 SKIP (model is a solution file): PZ29_DasPOSTDEADLINE_5_solution.pdb
2026-03-10 00:35:31 	 SKIP (model is a solution file): PZ29_DasPOSTDEADLINE_6_solution.pdb
2026-03-10 00:35:31 	 SKIP (model is a solution file): PZ29_DasPOSTDEADLINE_7_solution.pdb
2026-03-10 00:35:31 	 SKIP (model is a solution file): PZ29_DasPOSTDEADLINE_8_solution.pdb
2026-03-10 00:35:31 	 SKIP (model is a solution file): PZ29_DasPOSTDEADLINE_9_solution.pdb
2026-03-10 00:35:31 	 SKIP (model is a solution file): PZ29_Dokholyan_1_solution.pdb
2026-03-10 00:35:31 	 SKIP (model is a solution file): PZ29_RNAComposer_1_solution.pdb
2026-03-10 00:35:31 	 SKIP (model is a solution file): PZ29_RNAComposer_2_solution.pdb
2026-03-10 00:35:31 	 SKIP (model is a solution file): PZ29_RNAComposer_3_solution.pdb
2026-03-10 00:35:31 	 SKIP (model is a solution file): PZ29_RNAComposer_4_solution.pdb
2026-03-10 00:35:31 	 SKIP (model is a solution file): PZ29_RNAComposer_5_solution.pdb
2026-03-10 00:35:31 	 SKIP (model is a solution file): PZ29_SimRNA_1_solution.pdb
2026-03-10 00:35:31 	 SKIP (model is a solution file): PZ29_SimRNA_2_solution.pdb
2026-03-10 00:35:31 	 SKIP (model is a solution file): PZ29_SimRNA_3_solution.pdb
2026-03-10 00:35:31 	 SKIP (model is a solution file): PZ29_SimRNA_4_solution.pdb
2026-03-10 00:35:31 	 SKIP (model is a solution file): PZ29_SimRNA_5_solution.pdb
2026-03-10 00:35:31 	 SKIP (model is a solution file): PZ29_solution_0.pdb
2026-03-10 00:35:31 	 SKIP (model is a solution file): PZ29_Szachniuk_1_solution.pdb
2026-03-10 00:35:31 	 SKIP (model is a solution file): PZ29_Szachniuk_2_solution.pdb
2026-03-10 00:35:31 	 SKIP (model is a solution file): PZ29_Szachniuk_3_solution.pdb
2026-03-10 00:35:31 	 SKIP (model is a solution file): PZ29_Szachniuk_4_solution.pdb
2026-03-10 00:35:31 	 SKIP (model is a solution file): PZ29_Szachniuk_5_solution.pdb
2026-03-10 00:35:31 	 DONE case: PZ29
2026-03-10 01:12:43 	 START case: PZ29
2026-03-10 01:12:43 	 caseDir: D:\Studia\Projekty\gsp-lab\data\finished\PZ29
2026-03-10 01:12:43 	 pdbDir: D:\Studia\Projekty\gsp-lab\data\finished\PZ29\pdb
2026-03-10 01:12:43 	 Found pdb count: 73
2026-03-10 01:12:43 	 Global solution: PZ29_solution_0.pdb
2026-03-10 01:12:43 	 SKIP already recorded (refined): Chen_1
2026-03-10 01:12:43 	 SKIP already recorded (refined): Chen_10
2026-03-10 01:12:43 	 SKIP already recorded (refined): Chen_2
2026-03-10 01:12:43 	 SKIP already recorded (refined): Chen_3
2026-03-10 01:12:43 	 SKIP already recorded (refined): Chen_4
2026-03-10 01:12:43 	 SKIP already recorded (refined): Chen_5
2026-03-10 01:12:43 	 SKIP already recorded (refined): Chen_6
2026-03-10 01:12:43 	 SKIP already recorded (refined): Chen_7
2026-03-10 01:12:43 	 SKIP already recorded (refined): Chen_8
2026-03-10 01:12:43 	 SKIP already recorded (refined): Chen_9
2026-03-10 01:12:43 	 SKIP already recorded (refined): DasPOSTDEADLINE_1
2026-03-10 01:12:43 	 SKIP already recorded (refined): DasPOSTDEADLINE_10
2026-03-10 01:12:43 	 SKIP already recorded (refined): DasPOSTDEADLINE_2
2026-03-10 01:12:43 	 SKIP already recorded (refined): DasPOSTDEADLINE_3
2026-03-10 01:12:43 	 SKIP already recorded (refined): DasPOSTDEADLINE_4
2026-03-10 01:12:43 	 SKIP already recorded (refined): DasPOSTDEADLINE_5
2026-03-10 01:12:43 	 SKIP already recorded (refined): DasPOSTDEADLINE_6
2026-03-10 01:12:43 	 RUN refined_pair target=PZ29_DasPOSTDEADLINE_7_solution.pdb model=PZ29_DasPOSTDEADLINE_7_refined.pdb -> id=DasPOSTDEADLINE_7
2026-03-10 01:12:43 	 Docker cmd: docker run --rm -v D:\Studia\Projekty\gsp-lab:/work -v D:\Studia\Projekty\RNA_assessment:/rna_assessment -e RNA_ASSESSMENT_ROOT=/rna_assessment -e PYTHONPATH=/rna_assessment mcannotate-runtime python3 /work/src/utils/INF.py /work/data/finished/PZ29/pdb/PZ29_DasPOSTDEADLINE_7_solution.pdb /work/data/finished/PZ29/pdb/PZ29_DasPOSTDEADLINE_7_refined.pdb
2026-03-10 01:12:47 	 Docker exit code: 0
2026-03-10 01:12:47 	 Docker output length: 417
2026-03-10T01:12:47 Parse-JsonFromOutput: ConvertFrom-Json failed. len=417
2026-03-10 01:12:47 	 No usable output for DasPOSTDEADLINE_7, skipping.
2026-03-10 01:12:47 	 SKIP already recorded (refined): DasPOSTDEADLINE_8
2026-03-10 01:12:47 	 SKIP already recorded (refined): DasPOSTDEADLINE_9
2026-03-10 01:12:47 	 SKIP already recorded (refined): Dokholyan_1
2026-03-10 01:12:47 	 SKIP already recorded (refined): RNAComposer_1
2026-03-10 01:12:47 	 SKIP already recorded (refined): RNAComposer_2
2026-03-10 01:12:47 	 SKIP already recorded (refined): RNAComposer_3
2026-03-10 01:12:47 	 SKIP already recorded (refined): RNAComposer_4
2026-03-10 01:12:47 	 SKIP already recorded (refined): RNAComposer_5
2026-03-10 01:12:47 	 SKIP already recorded (refined): SimRNA_1
2026-03-10 01:12:47 	 SKIP already recorded (refined): SimRNA_2
2026-03-10 01:12:47 	 SKIP already recorded (refined): SimRNA_3
2026-03-10 01:12:47 	 SKIP already recorded (refined): SimRNA_4
2026-03-10 01:12:47 	 SKIP already recorded (refined): SimRNA_5
2026-03-10 01:12:47 	 SKIP already recorded (refined): Szachniuk_1
2026-03-10 01:12:47 	 SKIP already recorded (refined): Szachniuk_2
2026-03-10 01:12:47 	 SKIP already recorded (refined): Szachniuk_3
2026-03-10 01:12:47 	 SKIP already recorded (refined): Szachniuk_4
2026-03-10 01:12:47 	 SKIP already recorded (refined): Szachniuk_5
2026-03-10 01:12:47 	 SKIP (model is a solution file): PZ29_Chen_1_solution.pdb
2026-03-10 01:12:47 	 SKIP (model is a solution file): PZ29_Chen_10_solution.pdb
2026-03-10 01:12:47 	 SKIP (model is a solution file): PZ29_Chen_2_solution.pdb
2026-03-10 01:12:47 	 SKIP (model is a solution file): PZ29_Chen_3_solution.pdb
2026-03-10 01:12:47 	 SKIP (model is a solution file): PZ29_Chen_4_solution.pdb
2026-03-10 01:12:47 	 SKIP (model is a solution file): PZ29_Chen_5_solution.pdb
2026-03-10 01:12:47 	 SKIP (model is a solution file): PZ29_Chen_6_solution.pdb
2026-03-10 01:12:47 	 SKIP (model is a solution file): PZ29_Chen_7_solution.pdb
2026-03-10 01:12:47 	 SKIP (model is a solution file): PZ29_Chen_8_solution.pdb
2026-03-10 01:12:47 	 SKIP (model is a solution file): PZ29_Chen_9_solution.pdb
2026-03-10 01:12:47 	 SKIP (model is a solution file): PZ29_DasPOSTDEADLINE_1_solution.pdb
2026-03-10 01:12:47 	 SKIP (model is a solution file): PZ29_DasPOSTDEADLINE_10_solution.pdb
2026-03-10 01:12:47 	 SKIP (model is a solution file): PZ29_DasPOSTDEADLINE_2_solution.pdb
2026-03-10 01:12:47 	 SKIP (model is a solution file): PZ29_DasPOSTDEADLINE_3_solution.pdb
2026-03-10 01:12:47 	 SKIP (model is a solution file): PZ29_DasPOSTDEADLINE_4_solution.pdb
2026-03-10 01:12:47 	 SKIP (model is a solution file): PZ29_DasPOSTDEADLINE_5_solution.pdb
2026-03-10 01:12:47 	 SKIP (model is a solution file): PZ29_DasPOSTDEADLINE_6_solution.pdb
2026-03-10 01:12:47 	 SKIP (model is a solution file): PZ29_DasPOSTDEADLINE_7_solution.pdb
2026-03-10 01:12:47 	 SKIP (model is a solution file): PZ29_DasPOSTDEADLINE_8_solution.pdb
2026-03-10 01:12:47 	 SKIP (model is a solution file): PZ29_DasPOSTDEADLINE_9_solution.pdb
2026-03-10 01:12:47 	 SKIP (model is a solution file): PZ29_Dokholyan_1_solution.pdb
2026-03-10 01:12:47 	 SKIP (model is a solution file): PZ29_RNAComposer_1_solution.pdb
2026-03-10 01:12:47 	 SKIP (model is a solution file): PZ29_RNAComposer_2_solution.pdb
2026-03-10 01:12:47 	 SKIP (model is a solution file): PZ29_RNAComposer_3_solution.pdb
2026-03-10 01:12:47 	 SKIP (model is a solution file): PZ29_RNAComposer_4_solution.pdb
2026-03-10 01:12:47 	 SKIP (model is a solution file): PZ29_RNAComposer_5_solution.pdb
2026-03-10 01:12:47 	 SKIP (model is a solution file): PZ29_SimRNA_1_solution.pdb
2026-03-10 01:12:47 	 SKIP (model is a solution file): PZ29_SimRNA_2_solution.pdb
2026-03-10 01:12:47 	 SKIP (model is a solution file): PZ29_SimRNA_3_solution.pdb
2026-03-10 01:12:47 	 SKIP (model is a solution file): PZ29_SimRNA_4_solution.pdb
2026-03-10 01:12:47 	 SKIP (model is a solution file): PZ29_SimRNA_5_solution.pdb
2026-03-10 01:12:47 	 SKIP (model is a solution file): PZ29_solution_0.pdb
2026-03-10 01:12:47 	 SKIP (model is a solution file): PZ29_Szachniuk_1_solution.pdb
2026-03-10 01:12:47 	 SKIP (model is a solution file): PZ29_Szachniuk_2_solution.pdb
2026-03-10 01:12:47 	 SKIP (model is a solution file): PZ29_Szachniuk_3_solution.pdb
2026-03-10 01:12:47 	 SKIP (model is a solution file): PZ29_Szachniuk_4_solution.pdb
2026-03-10 01:12:47 	 SKIP (model is a solution file): PZ29_Szachniuk_5_solution.pdb
2026-03-10 01:12:48 	 DONE case: PZ29
2026-03-10 01:17:26 	 START case: PZ29
2026-03-10 01:17:26 	 caseDir: D:\Studia\Projekty\gsp-lab\data\finished\PZ29
2026-03-10 01:17:26 	 pdbDir: D:\Studia\Projekty\gsp-lab\data\finished\PZ29\pdb
2026-03-10 01:17:26 	 Found pdb count: 73
2026-03-10 01:17:27 	 Global solution: PZ29_solution_0.pdb
2026-03-10 01:17:27 	 SKIP already recorded (refined): Chen_1
2026-03-10 01:17:27 	 SKIP already recorded (refined): Chen_10
2026-03-10 01:17:27 	 SKIP already recorded (refined): Chen_2
2026-03-10 01:17:27 	 SKIP already recorded (refined): Chen_3
2026-03-10 01:17:27 	 SKIP already recorded (refined): Chen_4
2026-03-10 01:17:27 	 SKIP already recorded (refined): Chen_5
2026-03-10 01:17:27 	 SKIP already recorded (refined): Chen_6
2026-03-10 01:17:27 	 SKIP already recorded (refined): Chen_7
2026-03-10 01:17:27 	 SKIP already recorded (refined): Chen_8
2026-03-10 01:17:27 	 SKIP already recorded (refined): Chen_9
2026-03-10 01:17:27 	 SKIP already recorded (refined): DasPOSTDEADLINE_1
2026-03-10 01:17:27 	 SKIP already recorded (refined): DasPOSTDEADLINE_10
2026-03-10 01:17:27 	 SKIP already recorded (refined): DasPOSTDEADLINE_2
2026-03-10 01:17:27 	 SKIP already recorded (refined): DasPOSTDEADLINE_3
2026-03-10 01:17:27 	 SKIP already recorded (refined): DasPOSTDEADLINE_4
2026-03-10 01:17:27 	 SKIP already recorded (refined): DasPOSTDEADLINE_5
2026-03-10 01:17:27 	 SKIP already recorded (refined): DasPOSTDEADLINE_6
2026-03-10 01:17:27 	 RUN refined_pair target=PZ29_DasPOSTDEADLINE_7_solution.pdb model=PZ29_DasPOSTDEADLINE_7_refined.pdb -> id=DasPOSTDEADLINE_7
2026-03-10 01:17:27 	 Docker cmd: docker run --rm -v D:\Studia\Projekty\gsp-lab:/work -v D:\Studia\Projekty\RNA_assessment:/rna_assessment -e RNA_ASSESSMENT_ROOT=/rna_assessment -e PYTHONPATH=/rna_assessment mcannotate-runtime python3 /work/src/utils/INF.py /work/data/finished/PZ29/pdb/PZ29_DasPOSTDEADLINE_7_solution.pdb /work/data/finished/PZ29/pdb/PZ29_DasPOSTDEADLINE_7_refined.pdb
2026-03-10 01:17:31 	 Docker exit code: 0
2026-03-10 01:17:31 	 Docker output length: 417
2026-03-10 01:17:31 	 Saved CSV: PZ29,DasPOSTDEADLINE_7,DasPOSTDEADLINE,7,refined_pair,0.7807637375601463,0.8743856497851875,0.28867513459481287,PZ29_DasPOSTDEADLINE_7_solution.pdb,PZ29_DasPOSTDEADLINE_7_refined.pdb
2026-03-10 01:17:31 	 SKIP already recorded (refined): DasPOSTDEADLINE_8
2026-03-10 01:17:31 	 SKIP already recorded (refined): DasPOSTDEADLINE_9
2026-03-10 01:17:31 	 SKIP already recorded (refined): Dokholyan_1
2026-03-10 01:17:31 	 SKIP already recorded (refined): RNAComposer_1
2026-03-10 01:17:31 	 SKIP already recorded (refined): RNAComposer_2
2026-03-10 01:17:31 	 SKIP already recorded (refined): RNAComposer_3
2026-03-10 01:17:31 	 SKIP already recorded (refined): RNAComposer_4
2026-03-10 01:17:31 	 SKIP already recorded (refined): RNAComposer_5
2026-03-10 01:17:31 	 SKIP already recorded (refined): SimRNA_1
2026-03-10 01:17:31 	 SKIP already recorded (refined): SimRNA_2
2026-03-10 01:17:31 	 SKIP already recorded (refined): SimRNA_3
2026-03-10 01:17:31 	 SKIP already recorded (refined): SimRNA_4
2026-03-10 01:17:31 	 SKIP already recorded (refined): SimRNA_5
2026-03-10 01:17:31 	 SKIP already recorded (refined): Szachniuk_1
2026-03-10 01:17:31 	 SKIP already recorded (refined): Szachniuk_2
2026-03-10 01:17:31 	 SKIP already recorded (refined): Szachniuk_3
2026-03-10 01:17:31 	 SKIP already recorded (refined): Szachniuk_4
2026-03-10 01:17:31 	 SKIP already recorded (refined): Szachniuk_5
2026-03-10 01:17:31 	 SKIP (model is a solution file): PZ29_Chen_1_solution.pdb
2026-03-10 01:17:31 	 SKIP (model is a solution file): PZ29_Chen_10_solution.pdb
2026-03-10 01:17:31 	 SKIP (model is a solution file): PZ29_Chen_2_solution.pdb
2026-03-10 01:17:31 	 SKIP (model is a solution file): PZ29_Chen_3_solution.pdb
2026-03-10 01:17:31 	 SKIP (model is a solution file): PZ29_Chen_4_solution.pdb
2026-03-10 01:17:31 	 SKIP (model is a solution file): PZ29_Chen_5_solution.pdb
2026-03-10 01:17:31 	 SKIP (model is a solution file): PZ29_Chen_6_solution.pdb
2026-03-10 01:17:31 	 SKIP (model is a solution file): PZ29_Chen_7_solution.pdb
2026-03-10 01:17:31 	 SKIP (model is a solution file): PZ29_Chen_8_solution.pdb
2026-03-10 01:17:31 	 SKIP (model is a solution file): PZ29_Chen_9_solution.pdb
2026-03-10 01:17:31 	 SKIP (model is a solution file): PZ29_DasPOSTDEADLINE_1_solution.pdb
2026-03-10 01:17:31 	 SKIP (model is a solution file): PZ29_DasPOSTDEADLINE_10_solution.pdb
2026-03-10 01:17:31 	 SKIP (model is a solution file): PZ29_DasPOSTDEADLINE_2_solution.pdb
2026-03-10 01:17:31 	 SKIP (model is a solution file): PZ29_DasPOSTDEADLINE_3_solution.pdb
2026-03-10 01:17:31 	 SKIP (model is a solution file): PZ29_DasPOSTDEADLINE_4_solution.pdb
2026-03-10 01:17:31 	 SKIP (model is a solution file): PZ29_DasPOSTDEADLINE_5_solution.pdb
2026-03-10 01:17:31 	 SKIP (model is a solution file): PZ29_DasPOSTDEADLINE_6_solution.pdb
2026-03-10 01:17:31 	 SKIP (model is a solution file): PZ29_DasPOSTDEADLINE_7_solution.pdb
2026-03-10 01:17:31 	 SKIP (model is a solution file): PZ29_DasPOSTDEADLINE_8_solution.pdb
2026-03-10 01:17:31 	 SKIP (model is a solution file): PZ29_DasPOSTDEADLINE_9_solution.pdb
2026-03-10 01:17:31 	 SKIP (model is a solution file): PZ29_Dokholyan_1_solution.pdb
2026-03-10 01:17:31 	 SKIP (model is a solution file): PZ29_RNAComposer_1_solution.pdb
2026-03-10 01:17:31 	 SKIP (model is a solution file): PZ29_RNAComposer_2_solution.pdb
2026-03-10 01:17:31 	 SKIP (model is a solution file): PZ29_RNAComposer_3_solution.pdb
2026-03-10 01:17:31 	 SKIP (model is a solution file): PZ29_RNAComposer_4_solution.pdb
2026-03-10 01:17:31 	 SKIP (model is a solution file): PZ29_RNAComposer_5_solution.pdb
2026-03-10 01:17:31 	 SKIP (model is a solution file): PZ29_SimRNA_1_solution.pdb
2026-03-10 01:17:31 	 SKIP (model is a solution file): PZ29_SimRNA_2_solution.pdb
2026-03-10 01:17:31 	 SKIP (model is a solution file): PZ29_SimRNA_3_solution.pdb
2026-03-10 01:17:31 	 SKIP (model is a solution file): PZ29_SimRNA_4_solution.pdb
2026-03-10 01:17:31 	 SKIP (model is a solution file): PZ29_SimRNA_5_solution.pdb
2026-03-10 01:17:31 	 SKIP (model is a solution file): PZ29_solution_0.pdb
2026-03-10 01:17:31 	 SKIP (model is a solution file): PZ29_Szachniuk_1_solution.pdb
2026-03-10 01:17:31 	 SKIP (model is a solution file): PZ29_Szachniuk_2_solution.pdb
2026-03-10 01:17:31 	 SKIP (model is a solution file): PZ29_Szachniuk_3_solution.pdb
2026-03-10 01:17:31 	 SKIP (model is a solution file): PZ29_Szachniuk_4_solution.pdb
2026-03-10 01:17:31 	 SKIP (model is a solution file): PZ29_Szachniuk_5_solution.pdb
2026-03-10 01:17:31 	 DONE case: PZ29
2026-03-10 01:21:53 	 START case: PZ29
2026-03-10 01:21:53 	 caseDir: D:\Studia\Projekty\gsp-lab\data\finished\PZ29
2026-03-10 01:21:54 	 pdbDir: D:\Studia\Projekty\gsp-lab\data\finished\PZ29\pdb
2026-03-10 01:21:54 	 Found pdb count: 73
2026-03-10 01:21:54 	 Global solution: PZ29_solution_0.pdb
2026-03-10 01:21:54 	 SKIP already recorded (refined): Chen_1
2026-03-10 01:21:54 	 SKIP already recorded (refined): Chen_10
2026-03-10 01:21:54 	 SKIP already recorded (refined): Chen_2
2026-03-10 01:21:54 	 SKIP already recorded (refined): Chen_3
2026-03-10 01:21:54 	 SKIP already recorded (refined): Chen_4
2026-03-10 01:21:54 	 SKIP already recorded (refined): Chen_5
2026-03-10 01:21:54 	 SKIP already recorded (refined): Chen_6
2026-03-10 01:21:54 	 SKIP already recorded (refined): Chen_7
2026-03-10 01:21:54 	 SKIP already recorded (refined): Chen_8
2026-03-10 01:21:54 	 SKIP already recorded (refined): Chen_9
2026-03-10 01:21:54 	 SKIP already recorded (refined): DasPOSTDEADLINE_1
2026-03-10 01:21:54 	 SKIP already recorded (refined): DasPOSTDEADLINE_10
2026-03-10 01:21:54 	 SKIP already recorded (refined): DasPOSTDEADLINE_2
2026-03-10 01:21:54 	 SKIP already recorded (refined): DasPOSTDEADLINE_3
2026-03-10 01:21:54 	 SKIP already recorded (refined): DasPOSTDEADLINE_4
2026-03-10 01:21:54 	 SKIP already recorded (refined): DasPOSTDEADLINE_5
2026-03-10 01:21:54 	 SKIP already recorded (refined): DasPOSTDEADLINE_6
2026-03-10 01:21:54 	 SKIP already recorded (refined): DasPOSTDEADLINE_7
2026-03-10 01:21:54 	 SKIP already recorded (refined): DasPOSTDEADLINE_8
2026-03-10 01:21:54 	 SKIP already recorded (refined): DasPOSTDEADLINE_9
2026-03-10 01:21:54 	 SKIP already recorded (refined): Dokholyan_1
2026-03-10 01:21:54 	 SKIP already recorded (refined): RNAComposer_1
2026-03-10 01:21:54 	 SKIP already recorded (refined): RNAComposer_2
2026-03-10 01:21:54 	 SKIP already recorded (refined): RNAComposer_3
2026-03-10 01:21:54 	 SKIP already recorded (refined): RNAComposer_4
2026-03-10 01:21:54 	 SKIP already recorded (refined): RNAComposer_5
2026-03-10 01:21:54 	 SKIP already recorded (refined): SimRNA_1
2026-03-10 01:21:54 	 SKIP already recorded (refined): SimRNA_2
2026-03-10 01:21:54 	 SKIP already recorded (refined): SimRNA_3
2026-03-10 01:21:54 	 SKIP already recorded (refined): SimRNA_4
2026-03-10 01:21:54 	 SKIP already recorded (refined): SimRNA_5
2026-03-10 01:21:54 	 SKIP already recorded (refined): Szachniuk_1
2026-03-10 01:21:54 	 SKIP already recorded (refined): Szachniuk_2
2026-03-10 01:21:54 	 SKIP already recorded (refined): Szachniuk_3
2026-03-10 01:21:54 	 SKIP already recorded (refined): Szachniuk_4
2026-03-10 01:21:54 	 SKIP already recorded (refined): Szachniuk_5
2026-03-10 01:21:54 	 SKIP (model is a solution file): PZ29_Chen_1_solution.pdb
2026-03-10 01:21:54 	 SKIP (model is a solution file): PZ29_Chen_10_solution.pdb
2026-03-10 01:21:54 	 SKIP (model is a solution file): PZ29_Chen_2_solution.pdb
2026-03-10 01:21:54 	 SKIP (model is a solution file): PZ29_Chen_3_solution.pdb
2026-03-10 01:21:54 	 SKIP (model is a solution file): PZ29_Chen_4_solution.pdb
2026-03-10 01:21:54 	 SKIP (model is a solution file): PZ29_Chen_5_solution.pdb
2026-03-10 01:21:54 	 SKIP (model is a solution file): PZ29_Chen_6_solution.pdb
2026-03-10 01:21:54 	 SKIP (model is a solution file): PZ29_Chen_7_solution.pdb
2026-03-10 01:21:54 	 SKIP (model is a solution file): PZ29_Chen_8_solution.pdb
2026-03-10 01:21:54 	 SKIP (model is a solution file): PZ29_Chen_9_solution.pdb
2026-03-10 01:21:54 	 SKIP (model is a solution file): PZ29_DasPOSTDEADLINE_1_solution.pdb
2026-03-10 01:21:55 	 SKIP (model is a solution file): PZ29_DasPOSTDEADLINE_10_solution.pdb
2026-03-10 01:21:55 	 SKIP (model is a solution file): PZ29_DasPOSTDEADLINE_2_solution.pdb
2026-03-10 01:21:55 	 SKIP (model is a solution file): PZ29_DasPOSTDEADLINE_3_solution.pdb
2026-03-10 01:21:55 	 SKIP (model is a solution file): PZ29_DasPOSTDEADLINE_4_solution.pdb
2026-03-10 01:21:55 	 SKIP (model is a solution file): PZ29_DasPOSTDEADLINE_5_solution.pdb
2026-03-10 01:21:55 	 SKIP (model is a solution file): PZ29_DasPOSTDEADLINE_6_solution.pdb
2026-03-10 01:21:55 	 SKIP (model is a solution file): PZ29_DasPOSTDEADLINE_7_solution.pdb
2026-03-10 01:21:55 	 SKIP (model is a solution file): PZ29_DasPOSTDEADLINE_8_solution.pdb
2026-03-10 01:21:55 	 SKIP (model is a solution file): PZ29_DasPOSTDEADLINE_9_solution.pdb
2026-03-10 01:21:55 	 SKIP (model is a solution file): PZ29_Dokholyan_1_solution.pdb
2026-03-10 01:21:55 	 SKIP (model is a solution file): PZ29_RNAComposer_1_solution.pdb
2026-03-10 01:21:55 	 SKIP (model is a solution file): PZ29_RNAComposer_2_solution.pdb
2026-03-10 01:21:55 	 SKIP (model is a solution file): PZ29_RNAComposer_3_solution.pdb
2026-03-10 01:21:55 	 SKIP (model is a solution file): PZ29_RNAComposer_4_solution.pdb
2026-03-10 01:21:55 	 SKIP (model is a solution file): PZ29_RNAComposer_5_solution.pdb
2026-03-10 01:21:55 	 SKIP (model is a solution file): PZ29_SimRNA_1_solution.pdb
2026-03-10 01:21:55 	 SKIP (model is a solution file): PZ29_SimRNA_2_solution.pdb
2026-03-10 01:21:55 	 SKIP (model is a solution file): PZ29_SimRNA_3_solution.pdb
2026-03-10 01:21:55 	 SKIP (model is a solution file): PZ29_SimRNA_4_solution.pdb
2026-03-10 01:21:55 	 SKIP (model is a solution file): PZ29_SimRNA_5_solution.pdb
2026-03-10 01:21:55 	 SKIP (model is a solution file): PZ29_solution_0.pdb
2026-03-10 01:21:55 	 SKIP (model is a solution file): PZ29_Szachniuk_1_solution.pdb
2026-03-10 01:21:55 	 SKIP (model is a solution file): PZ29_Szachniuk_2_solution.pdb
2026-03-10 01:21:55 	 SKIP (model is a solution file): PZ29_Szachniuk_3_solution.pdb
2026-03-10 01:21:55 	 SKIP (model is a solution file): PZ29_Szachniuk_4_solution.pdb
2026-03-10 01:21:55 	 SKIP (model is a solution file): PZ29_Szachniuk_5_solution.pdb
2026-03-10 01:21:55 	 DONE case: PZ29
