2026-03-10 00:34:13 	 START case: PZ3
2026-03-10 00:34:13 	 caseDir: D:\Studia\Projekty\gsp-lab\data\finished\PZ3
2026-03-10 00:34:13 	 pdbDir: D:\Studia\Projekty\gsp-lab\data\finished\PZ3\pdb
2026-03-10 00:34:13 	 Found pdb count: 24
2026-03-10 00:34:13 	 Global solution: 3_bujnicki_1_solution.pdb
2026-03-10 00:34:13 	 RUN refined_pair target=3_bujnicki_1_solution.pdb model=3_bujnicki_1_refined.pdb -> id=bujnicki_1
2026-03-10 00:34:13 	 Docker cmd: docker run --rm -v D:\Studia\Projekty\gsp-lab:/work -v D:\Studia\Projekty\RNA_assessment:/rna_assessment -e RNA_ASSESSMENT_ROOT=/rna_assessment -e PYTHONPATH=/rna_assessment mcannotate-runtime python3 /work/src/utils/INF.py /work/data/finished/PZ3/pdb/3_bujnicki_1_solution.pdb /work/data/finished/PZ3/pdb/3_bujnicki_1_refined.pdb
2026-03-10 00:34:15 	 Docker exit code: 0
2026-03-10 00:34:15 	 Docker output length: 351
2026-03-10 00:34:15 	 Saved CSV: PZ3,bujnicki_1,bujnicki,1,refined_pair,0.7106690545187014,0.8339078479367937,0,3_bujnicki_1_solution.pdb,3_bujnicki_1_refined.pdb
2026-03-10 00:34:15 	 RUN refined_pair target=3_bujnicki_2_solution.pdb model=3_bujnicki_2_refined.pdb -> id=bujnicki_2
2026-03-10 00:34:15 	 Docker cmd: docker run --rm -v D:\Studia\Projekty\gsp-lab:/work -v D:\Studia\Projekty\RNA_assessment:/rna_assessment -e RNA_ASSESSMENT_ROOT=/rna_assessment -e PYTHONPATH=/rna_assessment mcannotate-runtime python3 /work/src/utils/INF.py /work/data/finished/PZ3/pdb/3_bujnicki_2_solution.pdb /work/data/finished/PZ3/pdb/3_bujnicki_2_refined.pdb
2026-03-10 00:34:19 	 Docker exit code: 0
2026-03-10 00:34:19 	 Docker output length: 350
2026-03-10 00:34:19 	 Saved CSV: PZ3,bujnicki_2,bujnicki,2,refined_pair,0.659906979195937,0.8339078479367937,0,3_bujnicki_2_solution.pdb,3_bujnicki_2_refined.pdb
2026-03-10 00:34:19 	 RUN refined_pair target=3_chen_1_solution.pdb model=3_chen_1_refined.pdb -> id=chen_1
2026-03-10 00:34:19 	 Docker cmd: docker run --rm -v D:\Studia\Projekty\gsp-lab:/work -v D:\Studia\Projekty\RNA_assessment:/rna_assessment -e RNA_ASSESSMENT_ROOT=/rna_assessment -e PYTHONPATH=/rna_assessment mcannotate-runtime python3 /work/src/utils/INF.py /work/data/finished/PZ3/pdb/3_chen_1_solution.pdb /work/data/finished/PZ3/pdb/3_chen_1_refined.pdb
2026-03-10 00:34:22 	 Docker exit code: 0
2026-03-10 00:34:22 	 Docker output length: 341
2026-03-10 00:34:22 	 Saved CSV: PZ3,chen_1,chen,1,refined_pair,0.7364380994766491,0.8573214099741123,0,3_chen_1_solution.pdb,3_chen_1_refined.pdb
2026-03-10 00:34:22 	 RUN refined_pair target=3_das_1_solution.pdb model=3_das_1_refined.pdb -> id=das_1
2026-03-10 00:34:22 	 Docker cmd: docker run --rm -v D:\Studia\Projekty\gsp-lab:/work -v D:\Studia\Projekty\RNA_assessment:/rna_assessment -e RNA_ASSESSMENT_ROOT=/rna_assessment -e PYTHONPATH=/rna_assessment mcannotate-runtime python3 /work/src/utils/INF.py /work/data/finished/PZ3/pdb/3_das_1_solution.pdb /work/data/finished/PZ3/pdb/3_das_1_refined.pdb
2026-03-10 00:34:25 	 Docker exit code: 0
2026-03-10 00:34:25 	 Docker output length: 341
2026-03-10 00:34:25 	 Saved CSV: PZ3,das_1,das,1,refined_pair,0.7317091157615132,0.8642416214502247,0.5,3_das_1_solution.pdb,3_das_1_refined.pdb
2026-03-10 00:34:25 	 RUN refined_pair target=3_das_2_solution.pdb model=3_das_2_refined.pdb -> id=das_2
2026-03-10 00:34:25 	 Docker cmd: docker run --rm -v D:\Studia\Projekty\gsp-lab:/work -v D:\Studia\Projekty\RNA_assessment:/rna_assessment -e RNA_ASSESSMENT_ROOT=/rna_assessment -e PYTHONPATH=/rna_assessment mcannotate-runtime python3 /work/src/utils/INF.py /work/data/finished/PZ3/pdb/3_das_2_solution.pdb /work/data/finished/PZ3/pdb/3_das_2_refined.pdb
2026-03-10 00:34:28 	 Docker exit code: 0
2026-03-10 00:34:28 	 Docker output length: 354
2026-03-10 00:34:28 	 Saved CSV: PZ3,das_2,das,2,refined_pair,0.7347382417838769,0.8807048459279792,0.4330127018922193,3_das_2_solution.pdb,3_das_2_refined.pdb
2026-03-10 00:34:28 	 RUN refined_pair target=3_das_3_solution.pdb model=3_das_3_refined.pdb -> id=das_3
2026-03-10 00:34:28 	 Docker cmd: docker run --rm -v D:\Studia\Projekty\gsp-lab:/work -v D:\Studia\Projekty\RNA_assessment:/rna_assessment -e RNA_ASSESSMENT_ROOT=/rna_assessment -e PYTHONPATH=/rna_assessment mcannotate-runtime python3 /work/src/utils/INF.py /work/data/finished/PZ3/pdb/3_das_3_solution.pdb /work/data/finished/PZ3/pdb/3_das_3_refined.pdb
2026-03-10 00:34:31 	 Docker exit code: 0
2026-03-10 00:34:31 	 Docker output length: 356
2026-03-10 00:34:31 	 Saved CSV: PZ3,das_3,das,3,refined_pair,0.7254233709051519,0.8807048459279792,0.4330127018922193,3_das_3_solution.pdb,3_das_3_refined.pdb
2026-03-10 00:34:31 	 RUN refined_pair target=3_das_4_solution.pdb model=3_das_4_refined.pdb -> id=das_4
2026-03-10 00:34:31 	 Docker cmd: docker run --rm -v D:\Studia\Projekty\gsp-lab:/work -v D:\Studia\Projekty\RNA_assessment:/rna_assessment -e RNA_ASSESSMENT_ROOT=/rna_assessment -e PYTHONPATH=/rna_assessment mcannotate-runtime python3 /work/src/utils/INF.py /work/data/finished/PZ3/pdb/3_das_4_solution.pdb /work/data/finished/PZ3/pdb/3_das_4_refined.pdb
2026-03-10 00:34:35 	 Docker exit code: 0
2026-03-10 00:34:35 	 Docker output length: 355
2026-03-10 00:34:35 	 Saved CSV: PZ3,das_4,das,4,refined_pair,0.7254233709051519,0.8642416214502247,0.4330127018922193,3_das_4_solution.pdb,3_das_4_refined.pdb
2026-03-10 00:34:35 	 RUN refined_pair target=3_das_5_solution.pdb model=3_das_5_refined.pdb -> id=das_5
2026-03-10 00:34:35 	 Docker cmd: docker run --rm -v D:\Studia\Projekty\gsp-lab:/work -v D:\Studia\Projekty\RNA_assessment:/rna_assessment -e RNA_ASSESSMENT_ROOT=/rna_assessment -e PYTHONPATH=/rna_assessment mcannotate-runtime python3 /work/src/utils/INF.py /work/data/finished/PZ3/pdb/3_das_5_solution.pdb /work/data/finished/PZ3/pdb/3_das_5_refined.pdb
2026-03-10 00:34:38 	 Docker exit code: 0
2026-03-10 00:34:38 	 Docker output length: 355
2026-03-10 00:34:38 	 Saved CSV: PZ3,das_5,das,5,refined_pair,0.7286837170895121,0.8981462390204986,0.408248290463863,3_das_5_solution.pdb,3_das_5_refined.pdb
2026-03-10 00:34:38 	 RUN refined_pair target=3_dokholyan_1_solution.pdb model=3_dokholyan_1_refined.pdb -> id=dokholyan_1
2026-03-10 00:34:38 	 Docker cmd: docker run --rm -v D:\Studia\Projekty\gsp-lab:/work -v D:\Studia\Projekty\RNA_assessment:/rna_assessment -e RNA_ASSESSMENT_ROOT=/rna_assessment -e PYTHONPATH=/rna_assessment mcannotate-runtime python3 /work/src/utils/INF.py /work/data/finished/PZ3/pdb/3_dokholyan_1_solution.pdb /work/data/finished/PZ3/pdb/3_dokholyan_1_refined.pdb
2026-03-10 00:34:41 	 Docker exit code: 0
2026-03-10 00:34:41 	 Docker output length: 353
2026-03-10 00:34:41 	 Saved CSV: PZ3,dokholyan_1,dokholyan,1,refined_pair,0.7091389668511002,0.9166666666666666,0,3_dokholyan_1_solution.pdb,3_dokholyan_1_refined.pdb
2026-03-10 00:34:41 	 RUN refined_pair target=3_dokholyan_2_solution.pdb model=3_dokholyan_2_refined.pdb -> id=dokholyan_2
2026-03-10 00:34:41 	 Docker cmd: docker run --rm -v D:\Studia\Projekty\gsp-lab:/work -v D:\Studia\Projekty\RNA_assessment:/rna_assessment -e RNA_ASSESSMENT_ROOT=/rna_assessment -e PYTHONPATH=/rna_assessment mcannotate-runtime python3 /work/src/utils/INF.py /work/data/finished/PZ3/pdb/3_dokholyan_2_solution.pdb /work/data/finished/PZ3/pdb/3_dokholyan_2_refined.pdb
2026-03-10 00:34:44 	 Docker exit code: 0
2026-03-10 00:34:44 	 Docker output length: 353
2026-03-10 00:34:44 	 Saved CSV: PZ3,dokholyan_2,dokholyan,2,refined_pair,0.7137289109939083,0.8573214099741123,0,3_dokholyan_2_solution.pdb,3_dokholyan_2_refined.pdb
2026-03-10 00:34:44 	 RUN refined_pair target=3_major_1_solution.pdb model=3_major_1_refined.pdb -> id=major_1
2026-03-10 00:34:44 	 Docker cmd: docker run --rm -v D:\Studia\Projekty\gsp-lab:/work -v D:\Studia\Projekty\RNA_assessment:/rna_assessment -e RNA_ASSESSMENT_ROOT=/rna_assessment -e PYTHONPATH=/rna_assessment mcannotate-runtime python3 /work/src/utils/INF.py /work/data/finished/PZ3/pdb/3_major_1_solution.pdb /work/data/finished/PZ3/pdb/3_major_1_refined.pdb
2026-03-10 00:34:47 	 Docker exit code: 0
2026-03-10 00:34:47 	 Docker output length: 345
2026-03-10 00:34:47 	 Saved CSV: PZ3,major_1,major,1,refined_pair,0.5365548960382199,0.4107919181288746,0,3_major_1_solution.pdb,3_major_1_refined.pdb
2026-03-10 00:34:47 	 RUN refined_pair target=3_major_2_solution.pdb model=3_major_2_refined.pdb -> id=major_2
2026-03-10 00:34:47 	 Docker cmd: docker run --rm -v D:\Studia\Projekty\gsp-lab:/work -v D:\Studia\Projekty\RNA_assessment:/rna_assessment -e RNA_ASSESSMENT_ROOT=/rna_assessment -e PYTHONPATH=/rna_assessment mcannotate-runtime python3 /work/src/utils/INF.py /work/data/finished/PZ3/pdb/3_major_2_solution.pdb /work/data/finished/PZ3/pdb/3_major_2_refined.pdb
2026-03-10 00:34:50 	 Docker exit code: 0
2026-03-10 00:34:50 	 Docker output length: 345
2026-03-10 00:34:50 	 Saved CSV: PZ3,major_2,major,2,refined_pair,0.5865884600854131,0.6805446536716203,0,3_major_2_solution.pdb,3_major_2_refined.pdb
2026-03-10 00:34:50 	 SKIP (model is a solution file): 3_bujnicki_1_solution.pdb
2026-03-10 00:34:50 	 SKIP (model is a solution file): 3_bujnicki_2_solution.pdb
2026-03-10 00:34:50 	 SKIP (model is a solution file): 3_chen_1_solution.pdb
2026-03-10 00:34:50 	 SKIP (model is a solution file): 3_das_1_solution.pdb
2026-03-10 00:34:50 	 SKIP (model is a solution file): 3_das_2_solution.pdb
2026-03-10 00:34:50 	 SKIP (model is a solution file): 3_das_3_solution.pdb
2026-03-10 00:34:50 	 SKIP (model is a solution file): 3_das_4_solution.pdb
2026-03-10 00:34:50 	 SKIP (model is a solution file): 3_das_5_solution.pdb
2026-03-10 00:34:50 	 SKIP (model is a solution file): 3_dokholyan_1_solution.pdb
2026-03-10 00:34:50 	 SKIP (model is a solution file): 3_dokholyan_2_solution.pdb
2026-03-10 00:34:50 	 SKIP (model is a solution file): 3_major_1_solution.pdb
2026-03-10 00:34:50 	 SKIP (model is a solution file): 3_major_2_solution.pdb
2026-03-10 00:34:50 	 DONE case: PZ3
2026-03-10 01:12:43 	 START case: PZ3
2026-03-10 01:12:43 	 caseDir: D:\Studia\Projekty\gsp-lab\data\finished\PZ3
2026-03-10 01:12:43 	 pdbDir: D:\Studia\Projekty\gsp-lab\data\finished\PZ3\pdb
2026-03-10 01:12:43 	 Found pdb count: 24
2026-03-10 01:12:43 	 Global solution: 3_bujnicki_1_solution.pdb
2026-03-10 01:12:43 	 SKIP already recorded (refined): bujnicki_1
2026-03-10 01:12:43 	 SKIP already recorded (refined): bujnicki_2
2026-03-10 01:12:43 	 SKIP already recorded (refined): chen_1
2026-03-10 01:12:43 	 SKIP already recorded (refined): das_1
2026-03-10 01:12:43 	 SKIP already recorded (refined): das_2
2026-03-10 01:12:43 	 SKIP already recorded (refined): das_3
2026-03-10 01:12:43 	 SKIP already recorded (refined): das_4
2026-03-10 01:12:43 	 SKIP already recorded (refined): das_5
2026-03-10 01:12:43 	 SKIP already recorded (refined): dokholyan_1
2026-03-10 01:12:43 	 SKIP already recorded (refined): dokholyan_2
2026-03-10 01:12:43 	 SKIP already recorded (refined): major_1
2026-03-10 01:12:43 	 SKIP already recorded (refined): major_2
2026-03-10 01:12:43 	 SKIP (model is a solution file): 3_bujnicki_1_solution.pdb
2026-03-10 01:12:43 	 SKIP (model is a solution file): 3_bujnicki_2_solution.pdb
2026-03-10 01:12:43 	 SKIP (model is a solution file): 3_chen_1_solution.pdb
2026-03-10 01:12:43 	 SKIP (model is a solution file): 3_das_1_solution.pdb
2026-03-10 01:12:43 	 SKIP (model is a solution file): 3_das_2_solution.pdb
2026-03-10 01:12:43 	 SKIP (model is a solution file): 3_das_3_solution.pdb
2026-03-10 01:12:43 	 SKIP (model is a solution file): 3_das_4_solution.pdb
2026-03-10 01:12:43 	 SKIP (model is a solution file): 3_das_5_solution.pdb
2026-03-10 01:12:43 	 SKIP (model is a solution file): 3_dokholyan_1_solution.pdb
2026-03-10 01:12:43 	 SKIP (model is a solution file): 3_dokholyan_2_solution.pdb
2026-03-10 01:12:43 	 SKIP (model is a solution file): 3_major_1_solution.pdb
2026-03-10 01:12:43 	 SKIP (model is a solution file): 3_major_2_solution.pdb
2026-03-10 01:12:43 	 DONE case: PZ3
2026-03-10 01:17:27 	 START case: PZ3
2026-03-10 01:17:27 	 caseDir: D:\Studia\Projekty\gsp-lab\data\finished\PZ3
2026-03-10 01:17:27 	 pdbDir: D:\Studia\Projekty\gsp-lab\data\finished\PZ3\pdb
2026-03-10 01:17:27 	 Found pdb count: 24
2026-03-10 01:17:27 	 Global solution: 3_bujnicki_1_solution.pdb
2026-03-10 01:17:27 	 SKIP already recorded (refined): bujnicki_1
2026-03-10 01:17:27 	 SKIP already recorded (refined): bujnicki_2
2026-03-10 01:17:27 	 SKIP already recorded (refined): chen_1
2026-03-10 01:17:27 	 SKIP already recorded (refined): das_1
2026-03-10 01:17:27 	 SKIP already recorded (refined): das_2
2026-03-10 01:17:27 	 SKIP already recorded (refined): das_3
2026-03-10 01:17:27 	 SKIP already recorded (refined): das_4
2026-03-10 01:17:27 	 SKIP already recorded (refined): das_5
2026-03-10 01:17:27 	 SKIP already recorded (refined): dokholyan_1
2026-03-10 01:17:27 	 SKIP already recorded (refined): dokholyan_2
2026-03-10 01:17:27 	 SKIP already recorded (refined): major_1
2026-03-10 01:17:27 	 SKIP already recorded (refined): major_2
2026-03-10 01:17:27 	 SKIP (model is a solution file): 3_bujnicki_1_solution.pdb
2026-03-10 01:17:27 	 SKIP (model is a solution file): 3_bujnicki_2_solution.pdb
2026-03-10 01:17:27 	 SKIP (model is a solution file): 3_chen_1_solution.pdb
2026-03-10 01:17:27 	 SKIP (model is a solution file): 3_das_1_solution.pdb
2026-03-10 01:17:27 	 SKIP (model is a solution file): 3_das_2_solution.pdb
2026-03-10 01:17:27 	 SKIP (model is a solution file): 3_das_3_solution.pdb
2026-03-10 01:17:27 	 SKIP (model is a solution file): 3_das_4_solution.pdb
2026-03-10 01:17:27 	 SKIP (model is a solution file): 3_das_5_solution.pdb
2026-03-10 01:17:27 	 SKIP (model is a solution file): 3_dokholyan_1_solution.pdb
2026-03-10 01:17:27 	 SKIP (model is a solution file): 3_dokholyan_2_solution.pdb
2026-03-10 01:17:27 	 SKIP (model is a solution file): 3_major_1_solution.pdb
2026-03-10 01:17:27 	 SKIP (model is a solution file): 3_major_2_solution.pdb
2026-03-10 01:17:27 	 DONE case: PZ3
2026-03-10 01:21:54 	 START case: PZ3
2026-03-10 01:21:54 	 caseDir: D:\Studia\Projekty\gsp-lab\data\finished\PZ3
2026-03-10 01:21:54 	 pdbDir: D:\Studia\Projekty\gsp-lab\data\finished\PZ3\pdb
2026-03-10 01:21:54 	 Found pdb count: 24
2026-03-10 01:21:54 	 Global solution: 3_bujnicki_1_solution.pdb
2026-03-10 01:21:54 	 SKIP already recorded (refined): bujnicki_1
2026-03-10 01:21:54 	 SKIP already recorded (refined): bujnicki_2
2026-03-10 01:21:54 	 SKIP already recorded (refined): chen_1
2026-03-10 01:21:54 	 SKIP already recorded (refined): das_1
2026-03-10 01:21:54 	 SKIP already recorded (refined): das_2
2026-03-10 01:21:54 	 SKIP already recorded (refined): das_3
2026-03-10 01:21:54 	 SKIP already recorded (refined): das_4
2026-03-10 01:21:54 	 SKIP already recorded (refined): das_5
2026-03-10 01:21:54 	 SKIP already recorded (refined): dokholyan_1
2026-03-10 01:21:54 	 SKIP already recorded (refined): dokholyan_2
2026-03-10 01:21:54 	 SKIP already recorded (refined): major_1
2026-03-10 01:21:54 	 SKIP already recorded (refined): major_2
2026-03-10 01:21:54 	 SKIP (model is a solution file): 3_bujnicki_1_solution.pdb
2026-03-10 01:21:54 	 SKIP (model is a solution file): 3_bujnicki_2_solution.pdb
2026-03-10 01:21:54 	 SKIP (model is a solution file): 3_chen_1_solution.pdb
2026-03-10 01:21:54 	 SKIP (model is a solution file): 3_das_1_solution.pdb
2026-03-10 01:21:54 	 SKIP (model is a solution file): 3_das_2_solution.pdb
2026-03-10 01:21:54 	 SKIP (model is a solution file): 3_das_3_solution.pdb
2026-03-10 01:21:54 	 SKIP (model is a solution file): 3_das_4_solution.pdb
2026-03-10 01:21:54 	 SKIP (model is a solution file): 3_das_5_solution.pdb
2026-03-10 01:21:54 	 SKIP (model is a solution file): 3_dokholyan_1_solution.pdb
2026-03-10 01:21:54 	 SKIP (model is a solution file): 3_dokholyan_2_solution.pdb
2026-03-10 01:21:54 	 SKIP (model is a solution file): 3_major_1_solution.pdb
2026-03-10 01:21:54 	 SKIP (model is a solution file): 3_major_2_solution.pdb
2026-03-10 01:21:54 	 DONE case: PZ3
