{
  "native_pdb": "/tmp/rna_inf_dxlkdpay/3_bujnicki_1_solution_normalized.pdb",
  "native_index": null,
  "model_pdb": "/tmp/rna_inf_7hpqlicg/3_bujnicki_1_refined_normalized.pdb",
  "model_index": null,
  "rmsd": 12.164663677789786,
  "inf_all": 0.7106690545187014,
  "inf_wc": 0.8339078479367937,
  "inf_nwc": 0.0,
  "inf_stack": 0.7058823529411765
}
{
  "native_pdb": "/tmp/rna_inf_4qmwsrfy/3_bujnicki_2_solution_normalized.pdb",
  "native_index": null,
  "model_pdb": "/tmp/rna_inf_2afrfd14/3_bujnicki_2_refined_normalized.pdb",
  "model_index": null,
  "rmsd": 14.245071212678068,
  "inf_all": 0.659906979195937,
  "inf_wc": 0.8339078479367937,
  "inf_nwc": 0.0,
  "inf_stack": 0.6323529411764706
}
{
  "native_pdb": "/tmp/rna_inf_7pm62tba/3_chen_1_solution_normalized.pdb",
  "native_index": null,
  "model_pdb": "/tmp/rna_inf_bhxezd7t/3_chen_1_refined_normalized.pdb",
  "model_index": null,
  "rmsd": 7.59673867463636,
  "inf_all": 0.7364380994766491,
  "inf_wc": 0.8573214099741123,
  "inf_nwc": 0.0,
  "inf_stack": 0.7297573605023308
}
{
  "native_pdb": "/tmp/rna_inf_z3cifvze/3_das_1_solution_normalized.pdb",
  "native_index": null,
  "model_pdb": "/tmp/rna_inf_0lqpu7n8/3_das_1_refined_normalized.pdb",
  "model_index": null,
  "rmsd": 15.678098831785178,
  "inf_all": 0.7317091157615132,
  "inf_wc": 0.8642416214502247,
  "inf_nwc": 0.5,
  "inf_stack": 0.7050239879106326
}
{
  "native_pdb": "/tmp/rna_inf_dtvhm0zh/3_das_2_solution_normalized.pdb",
  "native_index": null,
  "model_pdb": "/tmp/rna_inf_bk77yie1/3_das_2_refined_normalized.pdb",
  "model_index": null,
  "rmsd": 12.1508242916959,
  "inf_all": 0.7347382417838769,
  "inf_wc": 0.8807048459279792,
  "inf_nwc": 0.4330127018922193,
  "inf_stack": 0.7141326737180915
}
{
  "native_pdb": "/tmp/rna_inf_bsfj1kzy/3_das_3_solution_normalized.pdb",
  "native_index": null,
  "model_pdb": "/tmp/rna_inf_7qx4p8ed/3_das_3_refined_normalized.pdb",
  "model_index": null,
  "rmsd": 16.917873915764563,
  "inf_all": 0.7254233709051519,
  "inf_wc": 0.8807048459279792,
  "inf_nwc": 0.4330127018922193,
  "inf_stack": 0.7002746713858894
}
{
  "native_pdb": "/tmp/rna_inf_fgaa7vg9/3_das_4_solution_normalized.pdb",
  "native_index": null,
  "model_pdb": "/tmp/rna_inf_4az0jx1d/3_das_4_refined_normalized.pdb",
  "model_index": null,
  "rmsd": 18.21080965355353,
  "inf_all": 0.7254233709051519,
  "inf_wc": 0.8642416214502247,
  "inf_nwc": 0.4330127018922193,
  "inf_stack": 0.7048072408490471
}
{
  "native_pdb": "/tmp/rna_inf_04tyxamw/3_das_5_solution_normalized.pdb",
  "native_index": null,
  "model_pdb": "/tmp/rna_inf_ribjpdgi/3_das_5_refined_normalized.pdb",
  "model_index": null,
  "rmsd": 12.074121772041211,
  "inf_all": 0.7286837170895121,
  "inf_wc": 0.8981462390204986,
  "inf_nwc": 0.408248290463863,
  "inf_stack": 0.7048072408490471
}
{
  "native_pdb": "/tmp/rna_inf_j884ubm2/3_dokholyan_1_solution_normalized.pdb",
  "native_index": null,
  "model_pdb": "/tmp/rna_inf_jin2v3p7/3_dokholyan_1_refined_normalized.pdb",
  "model_index": null,
  "rmsd": 16.851260007815586,
  "inf_all": 0.7091389668511002,
  "inf_wc": 0.9166666666666666,
  "inf_nwc": 0.0,
  "inf_stack": 0.6859943405700354
}
{
  "native_pdb": "/tmp/rna_inf_9sxxg319/3_dokholyan_2_solution_normalized.pdb",
  "native_index": null,
  "model_pdb": "/tmp/rna_inf_ct3sbg43/3_dokholyan_2_refined_normalized.pdb",
  "model_index": null,
  "rmsd": 11.400325312302714,
  "inf_all": 0.7137289109939083,
  "inf_wc": 0.8573214099741123,
  "inf_nwc": 0.0,
  "inf_stack": 0.6962165010816075
}
{
  "native_pdb": "/tmp/rna_inf_ye16w9yr/3_major_1_solution_normalized.pdb",
  "native_index": null,
  "model_pdb": "/tmp/rna_inf_prr16et9/3_major_1_refined_normalized.pdb",
  "model_index": null,
  "rmsd": 24.255412280882254,
  "inf_all": 0.5365548960382199,
  "inf_wc": 0.4107919181288746,
  "inf_nwc": 0.0,
  "inf_stack": 0.6163243593038118
}
{
  "native_pdb": "/tmp/rna_inf_vepn3qvp/3_major_2_solution_normalized.pdb",
  "native_index": null,
  "model_pdb": "/tmp/rna_inf_gmx0w_aw/3_major_2_refined_normalized.pdb",
  "model_index": null,
  "rmsd": 13.801807970521194,
  "inf_all": 0.5865884600854131,
  "inf_wc": 0.6805446536716203,
  "inf_nwc": 0.0,
  "inf_stack": 0.5958540230683373
}
