2026-03-10 00:34:50 	 START case: PZ30
2026-03-10 00:34:50 	 caseDir: D:\Studia\Projekty\gsp-lab\data\finished\PZ30
2026-03-10 00:34:50 	 pdbDir: D:\Studia\Projekty\gsp-lab\data\finished\PZ30\pdb
2026-03-10 00:34:50 	 Found pdb count: 69
2026-03-10 00:34:50 	 Global solution: PZ30_solution_0.pdb
2026-03-10 00:34:50 	 RUN refined_pair target=PZ30_Bujnicki_1_solution.pdb model=PZ30_Bujnicki_1_refined.pdb -> id=Bujnicki_1
2026-03-10 00:34:50 	 Docker cmd: docker run --rm -v D:\Studia\Projekty\gsp-lab:/work -v D:\Studia\Projekty\RNA_assessment:/rna_assessment -e RNA_ASSESSMENT_ROOT=/rna_assessment -e PYTHONPATH=/rna_assessment mcannotate-runtime python3 /work/src/utils/INF.py /work/data/finished/PZ30/pdb/PZ30_Bujnicki_1_solution.pdb /work/data/finished/PZ30/pdb/PZ30_Bujnicki_1_refined.pdb
2026-03-10 00:34:53 	 Docker exit code: 0
2026-03-10 00:34:53 	 Docker output length: 357
2026-03-10 00:34:53 	 Saved CSV: PZ30,Bujnicki_1,Bujnicki,1,refined_pair,0.7175789601773856,0.8784104611578831,-1,PZ30_Bujnicki_1_solution.pdb,PZ30_Bujnicki_1_refined.pdb
2026-03-10 00:34:53 	 RUN refined_pair target=PZ30_Bujnicki_2_solution.pdb model=PZ30_Bujnicki_2_refined.pdb -> id=Bujnicki_2
2026-03-10 00:34:53 	 Docker cmd: docker run --rm -v D:\Studia\Projekty\gsp-lab:/work -v D:\Studia\Projekty\RNA_assessment:/rna_assessment -e RNA_ASSESSMENT_ROOT=/rna_assessment -e PYTHONPATH=/rna_assessment mcannotate-runtime python3 /work/src/utils/INF.py /work/data/finished/PZ30/pdb/PZ30_Bujnicki_2_solution.pdb /work/data/finished/PZ30/pdb/PZ30_Bujnicki_2_refined.pdb
2026-03-10 00:34:57 	 Docker exit code: 0
2026-03-10 00:34:57 	 Docker output length: 357
2026-03-10 00:34:57 	 Saved CSV: PZ30,Bujnicki_2,Bujnicki,2,refined_pair,0.6916266597923983,0.8018753738744802,-1,PZ30_Bujnicki_2_solution.pdb,PZ30_Bujnicki_2_refined.pdb
2026-03-10 00:34:57 	 RUN refined_pair target=PZ30_Bujnicki_3_solution.pdb model=PZ30_Bujnicki_3_refined.pdb -> id=Bujnicki_3
2026-03-10 00:34:57 	 Docker cmd: docker run --rm -v D:\Studia\Projekty\gsp-lab:/work -v D:\Studia\Projekty\RNA_assessment:/rna_assessment -e RNA_ASSESSMENT_ROOT=/rna_assessment -e PYTHONPATH=/rna_assessment mcannotate-runtime python3 /work/src/utils/INF.py /work/data/finished/PZ30/pdb/PZ30_Bujnicki_3_solution.pdb /work/data/finished/PZ30/pdb/PZ30_Bujnicki_3_refined.pdb
2026-03-10 00:35:01 	 Docker exit code: 0
2026-03-10 00:35:01 	 Docker output length: 358
2026-03-10 00:35:01 	 Saved CSV: PZ30,Bujnicki_3,Bujnicki,3,refined_pair,0.6789518464192417,0.7921180343813394,-1,PZ30_Bujnicki_3_solution.pdb,PZ30_Bujnicki_3_refined.pdb
2026-03-10 00:35:01 	 RUN refined_pair target=PZ30_Bujnicki_4_solution.pdb model=PZ30_Bujnicki_4_refined.pdb -> id=Bujnicki_4
2026-03-10 00:35:01 	 Docker cmd: docker run --rm -v D:\Studia\Projekty\gsp-lab:/work -v D:\Studia\Projekty\RNA_assessment:/rna_assessment -e RNA_ASSESSMENT_ROOT=/rna_assessment -e PYTHONPATH=/rna_assessment mcannotate-runtime python3 /work/src/utils/INF.py /work/data/finished/PZ30/pdb/PZ30_Bujnicki_4_solution.pdb /work/data/finished/PZ30/pdb/PZ30_Bujnicki_4_refined.pdb
2026-03-10 00:35:03 	 Docker exit code: 0
2026-03-10 00:35:03 	 Docker output length: 358
2026-03-10 00:35:03 	 Saved CSV: PZ30,Bujnicki_4,Bujnicki,4,refined_pair,0.7023102310642186,0.8432740427115678,-1,PZ30_Bujnicki_4_solution.pdb,PZ30_Bujnicki_4_refined.pdb
2026-03-10 00:35:03 	 RUN refined_pair target=PZ30_Bujnicki_5_solution.pdb model=PZ30_Bujnicki_5_refined.pdb -> id=Bujnicki_5
2026-03-10 00:35:03 	 Docker cmd: docker run --rm -v D:\Studia\Projekty\gsp-lab:/work -v D:\Studia\Projekty\RNA_assessment:/rna_assessment -e RNA_ASSESSMENT_ROOT=/rna_assessment -e PYTHONPATH=/rna_assessment mcannotate-runtime python3 /work/src/utils/INF.py /work/data/finished/PZ30/pdb/PZ30_Bujnicki_5_solution.pdb /work/data/finished/PZ30/pdb/PZ30_Bujnicki_5_refined.pdb
2026-03-10 00:35:07 	 Docker exit code: 0
2026-03-10 00:35:07 	 Docker output length: 358
2026-03-10 00:35:07 	 Saved CSV: PZ30,Bujnicki_5,Bujnicki,5,refined_pair,0.7340491447458806,0.8784104611578831,-1,PZ30_Bujnicki_5_solution.pdb,PZ30_Bujnicki_5_refined.pdb
2026-03-10 00:35:07 	 RUN refined_pair target=PZ30_Chen_1_solution.pdb model=PZ30_Chen_1_refined.pdb -> id=Chen_1
2026-03-10 00:35:07 	 Docker cmd: docker run --rm -v D:\Studia\Projekty\gsp-lab:/work -v D:\Studia\Projekty\RNA_assessment:/rna_assessment -e RNA_ASSESSMENT_ROOT=/rna_assessment -e PYTHONPATH=/rna_assessment mcannotate-runtime python3 /work/src/utils/INF.py /work/data/finished/PZ30/pdb/PZ30_Chen_1_solution.pdb /work/data/finished/PZ30/pdb/PZ30_Chen_1_refined.pdb
2026-03-10 00:35:10 	 Docker exit code: 0
2026-03-10 00:35:10 	 Docker output length: 349
2026-03-10 00:35:10 	 Saved CSV: PZ30,Chen_1,Chen,1,refined_pair,0.7081974910453575,0.9456108576893003,-1,PZ30_Chen_1_solution.pdb,PZ30_Chen_1_refined.pdb
2026-03-10 00:35:10 	 RUN refined_pair target=PZ30_Chen_10_solution.pdb model=PZ30_Chen_10_refined.pdb -> id=Chen_10
2026-03-10 00:35:10 	 Docker cmd: docker run --rm -v D:\Studia\Projekty\gsp-lab:/work -v D:\Studia\Projekty\RNA_assessment:/rna_assessment -e RNA_ASSESSMENT_ROOT=/rna_assessment -e PYTHONPATH=/rna_assessment mcannotate-runtime python3 /work/src/utils/INF.py /work/data/finished/PZ30/pdb/PZ30_Chen_10_solution.pdb /work/data/finished/PZ30/pdb/PZ30_Chen_10_refined.pdb
2026-03-10 00:35:13 	 Docker exit code: 0
2026-03-10 00:35:13 	 Docker output length: 352
2026-03-10 00:35:13 	 Saved CSV: PZ30,Chen_10,Chen,10,refined_pair,0.6393331260689927,0.8040302522073697,-1,PZ30_Chen_10_solution.pdb,PZ30_Chen_10_refined.pdb
2026-03-10 00:35:13 	 RUN refined_pair target=PZ30_Chen_2_solution.pdb model=PZ30_Chen_2_refined.pdb -> id=Chen_2
2026-03-10 00:35:13 	 Docker cmd: docker run --rm -v D:\Studia\Projekty\gsp-lab:/work -v D:\Studia\Projekty\RNA_assessment:/rna_assessment -e RNA_ASSESSMENT_ROOT=/rna_assessment -e PYTHONPATH=/rna_assessment mcannotate-runtime python3 /work/src/utils/INF.py /work/data/finished/PZ30/pdb/PZ30_Chen_2_solution.pdb /work/data/finished/PZ30/pdb/PZ30_Chen_2_refined.pdb
2026-03-10 00:35:16 	 Docker exit code: 0
2026-03-10 00:35:16 	 Docker output length: 350
2026-03-10 00:35:16 	 Saved CSV: PZ30,Chen_2,Chen,2,refined_pair,0.7173359011360019,0.8784104611578831,-1,PZ30_Chen_2_solution.pdb,PZ30_Chen_2_refined.pdb
2026-03-10 00:35:16 	 RUN refined_pair target=PZ30_Chen_3_solution.pdb model=PZ30_Chen_3_refined.pdb -> id=Chen_3
2026-03-10 00:35:16 	 Docker cmd: docker run --rm -v D:\Studia\Projekty\gsp-lab:/work -v D:\Studia\Projekty\RNA_assessment:/rna_assessment -e RNA_ASSESSMENT_ROOT=/rna_assessment -e PYTHONPATH=/rna_assessment mcannotate-runtime python3 /work/src/utils/INF.py /work/data/finished/PZ30/pdb/PZ30_Chen_3_solution.pdb /work/data/finished/PZ30/pdb/PZ30_Chen_3_refined.pdb
2026-03-10 00:35:19 	 Docker exit code: 0
2026-03-10 00:35:19 	 Docker output length: 350
2026-03-10 00:35:19 	 Saved CSV: PZ30,Chen_3,Chen,3,refined_pair,0.7013343843696721,0.8576900278702358,-1,PZ30_Chen_3_solution.pdb,PZ30_Chen_3_refined.pdb
2026-03-10 00:35:19 	 RUN refined_pair target=PZ30_Chen_4_solution.pdb model=PZ30_Chen_4_refined.pdb -> id=Chen_4
2026-03-10 00:35:19 	 Docker cmd: docker run --rm -v D:\Studia\Projekty\gsp-lab:/work -v D:\Studia\Projekty\RNA_assessment:/rna_assessment -e RNA_ASSESSMENT_ROOT=/rna_assessment -e PYTHONPATH=/rna_assessment mcannotate-runtime python3 /work/src/utils/INF.py /work/data/finished/PZ30/pdb/PZ30_Chen_4_solution.pdb /work/data/finished/PZ30/pdb/PZ30_Chen_4_refined.pdb
2026-03-10 00:35:22 	 Docker exit code: 0
2026-03-10 00:35:22 	 Docker output length: 349
2026-03-10 00:35:22 	 Saved CSV: PZ30,Chen_4,Chen,4,refined_pair,0.7365484280076728,0.9259259259259259,-1,PZ30_Chen_4_solution.pdb,PZ30_Chen_4_refined.pdb
2026-03-10 00:35:22 	 RUN refined_pair target=PZ30_Chen_5_solution.pdb model=PZ30_Chen_5_refined.pdb -> id=Chen_5
2026-03-10 00:35:22 	 Docker cmd: docker run --rm -v D:\Studia\Projekty\gsp-lab:/work -v D:\Studia\Projekty\RNA_assessment:/rna_assessment -e RNA_ASSESSMENT_ROOT=/rna_assessment -e PYTHONPATH=/rna_assessment mcannotate-runtime python3 /work/src/utils/INF.py /work/data/finished/PZ30/pdb/PZ30_Chen_5_solution.pdb /work/data/finished/PZ30/pdb/PZ30_Chen_5_refined.pdb
2026-03-10 00:35:25 	 Docker exit code: 0
2026-03-10 00:35:25 	 Docker output length: 349
2026-03-10 00:35:25 	 Saved CSV: PZ30,Chen_5,Chen,5,refined_pair,0.6817401614225738,0.8852704127574262,-1,PZ30_Chen_5_solution.pdb,PZ30_Chen_5_refined.pdb
2026-03-10 00:35:25 	 RUN refined_pair target=PZ30_Chen_6_solution.pdb model=PZ30_Chen_6_refined.pdb -> id=Chen_6
2026-03-10 00:35:25 	 Docker cmd: docker run --rm -v D:\Studia\Projekty\gsp-lab:/work -v D:\Studia\Projekty\RNA_assessment:/rna_assessment -e RNA_ASSESSMENT_ROOT=/rna_assessment -e PYTHONPATH=/rna_assessment mcannotate-runtime python3 /work/src/utils/INF.py /work/data/finished/PZ30/pdb/PZ30_Chen_6_solution.pdb /work/data/finished/PZ30/pdb/PZ30_Chen_6_refined.pdb
2026-03-10 00:35:28 	 Docker exit code: 0
2026-03-10 00:35:28 	 Docker output length: 350
2026-03-10 00:35:28 	 Saved CSV: PZ30,Chen_6,Chen,6,refined_pair,0.7068454221751479,0.9237604307034012,-1,PZ30_Chen_6_solution.pdb,PZ30_Chen_6_refined.pdb
2026-03-10 00:35:28 	 RUN refined_pair target=PZ30_Chen_7_solution.pdb model=PZ30_Chen_7_refined.pdb -> id=Chen_7
2026-03-10 00:35:28 	 Docker cmd: docker run --rm -v D:\Studia\Projekty\gsp-lab:/work -v D:\Studia\Projekty\RNA_assessment:/rna_assessment -e RNA_ASSESSMENT_ROOT=/rna_assessment -e PYTHONPATH=/rna_assessment mcannotate-runtime python3 /work/src/utils/INF.py /work/data/finished/PZ30/pdb/PZ30_Chen_7_solution.pdb /work/data/finished/PZ30/pdb/PZ30_Chen_7_refined.pdb
2026-03-10 00:35:32 	 Docker exit code: 0
2026-03-10 00:35:32 	 Docker output length: 348
2026-03-10 00:35:32 	 Saved CSV: PZ30,Chen_7,Chen,7,refined_pair,0.6877149445104886,0.909241209316635,-1,PZ30_Chen_7_solution.pdb,PZ30_Chen_7_refined.pdb
2026-03-10 00:35:32 	 RUN refined_pair target=PZ30_Chen_8_solution.pdb model=PZ30_Chen_8_refined.pdb -> id=Chen_8
2026-03-10 00:35:32 	 Docker cmd: docker run --rm -v D:\Studia\Projekty\gsp-lab:/work -v D:\Studia\Projekty\RNA_assessment:/rna_assessment -e RNA_ASSESSMENT_ROOT=/rna_assessment -e PYTHONPATH=/rna_assessment mcannotate-runtime python3 /work/src/utils/INF.py /work/data/finished/PZ30/pdb/PZ30_Chen_8_solution.pdb /work/data/finished/PZ30/pdb/PZ30_Chen_8_refined.pdb
2026-03-10 00:35:35 	 Docker exit code: 0
2026-03-10 00:35:35 	 Docker output length: 350
2026-03-10 00:35:35 	 Saved CSV: PZ30,Chen_8,Chen,8,refined_pair,0.6610765508191588,0.8518518518518519,-1,PZ30_Chen_8_solution.pdb,PZ30_Chen_8_refined.pdb
2026-03-10 00:35:35 	 RUN refined_pair target=PZ30_Chen_9_solution.pdb model=PZ30_Chen_9_refined.pdb -> id=Chen_9
2026-03-10 00:35:35 	 Docker cmd: docker run --rm -v D:\Studia\Projekty\gsp-lab:/work -v D:\Studia\Projekty\RNA_assessment:/rna_assessment -e RNA_ASSESSMENT_ROOT=/rna_assessment -e PYTHONPATH=/rna_assessment mcannotate-runtime python3 /work/src/utils/INF.py /work/data/finished/PZ30/pdb/PZ30_Chen_9_solution.pdb /work/data/finished/PZ30/pdb/PZ30_Chen_9_refined.pdb
2026-03-10 00:35:39 	 Docker exit code: 0
2026-03-10 00:35:39 	 Docker output length: 349
2026-03-10 00:35:39 	 Saved CSV: PZ30,Chen_9,Chen,9,refined_pair,0.7127509644204139,0.9291641968594222,-1,PZ30_Chen_9_solution.pdb,PZ30_Chen_9_refined.pdb
2026-03-10 00:35:39 	 RUN refined_pair target=PZ30_Ding_1_solution.pdb model=PZ30_Ding_1_refined.pdb -> id=Ding_1
2026-03-10 00:35:39 	 Docker cmd: docker run --rm -v D:\Studia\Projekty\gsp-lab:/work -v D:\Studia\Projekty\RNA_assessment:/rna_assessment -e RNA_ASSESSMENT_ROOT=/rna_assessment -e PYTHONPATH=/rna_assessment mcannotate-runtime python3 /work/src/utils/INF.py /work/data/finished/PZ30/pdb/PZ30_Ding_1_solution.pdb /work/data/finished/PZ30/pdb/PZ30_Ding_1_refined.pdb
2026-03-10 00:35:42 	 Docker exit code: 0
2026-03-10 00:35:42 	 Docker output length: 586
2026-03-10 00:35:42 	 Saved CSV: PZ30,Ding_1,Ding,1,refined_pair,0.7188946323483356,0.909241209316635,-1,PZ30_Ding_1_solution.pdb,PZ30_Ding_1_refined.pdb
2026-03-10 00:35:42 	 RUN refined_pair target=PZ30_Ding_2_solution.pdb model=PZ30_Ding_2_refined.pdb -> id=Ding_2
2026-03-10 00:35:42 	 Docker cmd: docker run --rm -v D:\Studia\Projekty\gsp-lab:/work -v D:\Studia\Projekty\RNA_assessment:/rna_assessment -e RNA_ASSESSMENT_ROOT=/rna_assessment -e PYTHONPATH=/rna_assessment mcannotate-runtime python3 /work/src/utils/INF.py /work/data/finished/PZ30/pdb/PZ30_Ding_2_solution.pdb /work/data/finished/PZ30/pdb/PZ30_Ding_2_refined.pdb
2026-03-10 00:35:45 	 Docker exit code: 0
2026-03-10 00:35:45 	 Docker output length: 588
2026-03-10 00:35:45 	 Saved CSV: PZ30,Ding_2,Ding,2,refined_pair,0.6914107176547127,0.8934271123648291,-1,PZ30_Ding_2_solution.pdb,PZ30_Ding_2_refined.pdb
2026-03-10 00:35:45 	 RUN refined_pair target=PZ30_Ding_3_solution.pdb model=PZ30_Ding_3_refined.pdb -> id=Ding_3
2026-03-10 00:35:45 	 Docker cmd: docker run --rm -v D:\Studia\Projekty\gsp-lab:/work -v D:\Studia\Projekty\RNA_assessment:/rna_assessment -e RNA_ASSESSMENT_ROOT=/rna_assessment -e PYTHONPATH=/rna_assessment mcannotate-runtime python3 /work/src/utils/INF.py /work/data/finished/PZ30/pdb/PZ30_Ding_3_solution.pdb /work/data/finished/PZ30/pdb/PZ30_Ding_3_refined.pdb
2026-03-10 00:35:48 	 Docker exit code: 0
2026-03-10 00:35:48 	 Docker output length: 588
2026-03-10 00:35:48 	 Saved CSV: PZ30,Ding_3,Ding,3,refined_pair,0.7013343843696721,0.9259259259259259,-1,PZ30_Ding_3_solution.pdb,PZ30_Ding_3_refined.pdb
2026-03-10 00:35:48 	 RUN refined_pair target=PZ30_Ding_4_solution.pdb model=PZ30_Ding_4_refined.pdb -> id=Ding_4
2026-03-10 00:35:48 	 Docker cmd: docker run --rm -v D:\Studia\Projekty\gsp-lab:/work -v D:\Studia\Projekty\RNA_assessment:/rna_assessment -e RNA_ASSESSMENT_ROOT=/rna_assessment -e PYTHONPATH=/rna_assessment mcannotate-runtime python3 /work/src/utils/INF.py /work/data/finished/PZ30/pdb/PZ30_Ding_4_solution.pdb /work/data/finished/PZ30/pdb/PZ30_Ding_4_refined.pdb
2026-03-10 00:35:52 	 Docker exit code: 0
2026-03-10 00:35:52 	 Docker output length: 587
2026-03-10 00:35:52 	 Saved CSV: PZ30,Ding_4,Ding,4,refined_pair,0.7013343843696721,0.909241209316635,-1,PZ30_Ding_4_solution.pdb,PZ30_Ding_4_refined.pdb
2026-03-10 00:35:52 	 RUN refined_pair target=PZ30_Ding_5_solution.pdb model=PZ30_Ding_5_refined.pdb -> id=Ding_5
2026-03-10 00:35:52 	 Docker cmd: docker run --rm -v D:\Studia\Projekty\gsp-lab:/work -v D:\Studia\Projekty\RNA_assessment:/rna_assessment -e RNA_ASSESSMENT_ROOT=/rna_assessment -e PYTHONPATH=/rna_assessment mcannotate-runtime python3 /work/src/utils/INF.py /work/data/finished/PZ30/pdb/PZ30_Ding_5_solution.pdb /work/data/finished/PZ30/pdb/PZ30_Ding_5_refined.pdb
2026-03-10 00:35:55 	 Docker exit code: 0
2026-03-10 00:35:55 	 Docker output length: 587
2026-03-10 00:35:55 	 Saved CSV: PZ30,Ding_5,Ding,5,refined_pair,0.6584994214983149,0.909241209316635,-1,PZ30_Ding_5_solution.pdb,PZ30_Ding_5_refined.pdb
2026-03-10 00:35:55 	 RUN refined_pair target=PZ30_Ding_6_solution.pdb model=PZ30_Ding_6_refined.pdb -> id=Ding_6
2026-03-10 00:35:55 	 Docker cmd: docker run --rm -v D:\Studia\Projekty\gsp-lab:/work -v D:\Studia\Projekty\RNA_assessment:/rna_assessment -e RNA_ASSESSMENT_ROOT=/rna_assessment -e PYTHONPATH=/rna_assessment mcannotate-runtime python3 /work/src/utils/INF.py /work/data/finished/PZ30/pdb/PZ30_Ding_6_solution.pdb /work/data/finished/PZ30/pdb/PZ30_Ding_6_refined.pdb
2026-03-10 00:35:58 	 Docker exit code: 0
2026-03-10 00:35:58 	 Docker output length: 588
2026-03-10 00:35:58 	 Saved CSV: PZ30,Ding_6,Ding,6,refined_pair,0.6547076116029484,0.8365019125713041,-1,PZ30_Ding_6_solution.pdb,PZ30_Ding_6_refined.pdb
2026-03-10 00:35:58 	 RUN refined_pair target=PZ30_Ding_7_solution.pdb model=PZ30_Ding_7_refined.pdb -> id=Ding_7
2026-03-10 00:35:58 	 Docker cmd: docker run --rm -v D:\Studia\Projekty\gsp-lab:/work -v D:\Studia\Projekty\RNA_assessment:/rna_assessment -e RNA_ASSESSMENT_ROOT=/rna_assessment -e PYTHONPATH=/rna_assessment mcannotate-runtime python3 /work/src/utils/INF.py /work/data/finished/PZ30/pdb/PZ30_Ding_7_solution.pdb /work/data/finished/PZ30/pdb/PZ30_Ding_7_refined.pdb
2026-03-10 00:36:01 	 Docker exit code: 0
2026-03-10 00:36:01 	 Docker output length: 587
2026-03-10 00:36:01 	 Saved CSV: PZ30,Ding_7,Ding,7,refined_pair,0.6790640976965929,0.909241209316635,-1,PZ30_Ding_7_solution.pdb,PZ30_Ding_7_refined.pdb
2026-03-10 00:36:01 	 RUN refined_pair target=PZ30_Ding_8_solution.pdb model=PZ30_Ding_8_refined.pdb -> id=Ding_8
2026-03-10 00:36:01 	 Docker cmd: docker run --rm -v D:\Studia\Projekty\gsp-lab:/work -v D:\Studia\Projekty\RNA_assessment:/rna_assessment -e RNA_ASSESSMENT_ROOT=/rna_assessment -e PYTHONPATH=/rna_assessment mcannotate-runtime python3 /work/src/utils/INF.py /work/data/finished/PZ30/pdb/PZ30_Ding_8_solution.pdb /work/data/finished/PZ30/pdb/PZ30_Ding_8_refined.pdb
2026-03-10 00:36:05 	 Docker exit code: 0
2026-03-10 00:36:05 	 Docker output length: 587
2026-03-10 00:36:05 	 Saved CSV: PZ30,Ding_8,Ding,8,refined_pair,0.7220397935118493,0.909241209316635,-1,PZ30_Ding_8_solution.pdb,PZ30_Ding_8_refined.pdb
2026-03-10 00:36:05 	 RUN refined_pair target=PZ30_Nithin_1_solution.pdb model=PZ30_Nithin_1_refined.pdb -> id=Nithin_1
2026-03-10 00:36:05 	 Docker cmd: docker run --rm -v D:\Studia\Projekty\gsp-lab:/work -v D:\Studia\Projekty\RNA_assessment:/rna_assessment -e RNA_ASSESSMENT_ROOT=/rna_assessment -e PYTHONPATH=/rna_assessment mcannotate-runtime python3 /work/src/utils/INF.py /work/data/finished/PZ30/pdb/PZ30_Nithin_1_solution.pdb /work/data/finished/PZ30/pdb/PZ30_Nithin_1_refined.pdb
2026-03-10 00:36:08 	 Docker exit code: 0
2026-03-10 00:36:08 	 Docker output length: 339
2026-03-10 00:36:08 	 Saved CSV: PZ30,Nithin_1,Nithin,1,refined_pair,0.3845921639564076,0,-1,PZ30_Nithin_1_solution.pdb,PZ30_Nithin_1_refined.pdb
2026-03-10 00:36:08 	 RUN refined_pair target=PZ30_Szachniuk_1_solution.pdb model=PZ30_Szachniuk_1_refined.pdb -> id=Szachniuk_1
2026-03-10 00:36:08 	 Docker cmd: docker run --rm -v D:\Studia\Projekty\gsp-lab:/work -v D:\Studia\Projekty\RNA_assessment:/rna_assessment -e RNA_ASSESSMENT_ROOT=/rna_assessment -e PYTHONPATH=/rna_assessment mcannotate-runtime python3 /work/src/utils/INF.py /work/data/finished/PZ30/pdb/PZ30_Szachniuk_1_solution.pdb /work/data/finished/PZ30/pdb/PZ30_Szachniuk_1_refined.pdb
2026-03-10 00:36:12 	 Docker exit code: 0
2026-03-10 00:36:12 	 Docker output length: 598
2026-03-10 00:36:12 	 Saved CSV: PZ30,Szachniuk_1,Szachniuk,1,refined_pair,0.6833484562718362,0.8219529433756427,-1,PZ30_Szachniuk_1_solution.pdb,PZ30_Szachniuk_1_refined.pdb
2026-03-10 00:36:12 	 RUN refined_pair target=PZ30_Szachniuk_2_solution.pdb model=PZ30_Szachniuk_2_refined.pdb -> id=Szachniuk_2
2026-03-10 00:36:12 	 Docker cmd: docker run --rm -v D:\Studia\Projekty\gsp-lab:/work -v D:\Studia\Projekty\RNA_assessment:/rna_assessment -e RNA_ASSESSMENT_ROOT=/rna_assessment -e PYTHONPATH=/rna_assessment mcannotate-runtime python3 /work/src/utils/INF.py /work/data/finished/PZ30/pdb/PZ30_Szachniuk_2_solution.pdb /work/data/finished/PZ30/pdb/PZ30_Szachniuk_2_refined.pdb
2026-03-10 00:36:15 	 Docker exit code: 0
2026-03-10 00:36:15 	 Docker output length: 598
2026-03-10 00:36:15 	 Saved CSV: PZ30,Szachniuk_2,Szachniuk,2,refined_pair,0.7252266687565152,0.7378647873726218,-1,PZ30_Szachniuk_2_solution.pdb,PZ30_Szachniuk_2_refined.pdb
2026-03-10 00:36:15 	 RUN refined_pair target=PZ30_Szachniuk_3_solution.pdb model=PZ30_Szachniuk_3_refined.pdb -> id=Szachniuk_3
2026-03-10 00:36:15 	 Docker cmd: docker run --rm -v D:\Studia\Projekty\gsp-lab:/work -v D:\Studia\Projekty\RNA_assessment:/rna_assessment -e RNA_ASSESSMENT_ROOT=/rna_assessment -e PYTHONPATH=/rna_assessment mcannotate-runtime python3 /work/src/utils/INF.py /work/data/finished/PZ30/pdb/PZ30_Szachniuk_3_solution.pdb /work/data/finished/PZ30/pdb/PZ30_Szachniuk_3_refined.pdb
2026-03-10 00:36:18 	 Docker exit code: 0
2026-03-10 00:36:18 	 Docker output length: 597
2026-03-10 00:36:18 	 Saved CSV: PZ30,Szachniuk_3,Szachniuk,3,refined_pair,0.7636503885656767,0.8986914687663685,-1,PZ30_Szachniuk_3_solution.pdb,PZ30_Szachniuk_3_refined.pdb
2026-03-10 00:36:18 	 RUN refined_pair target=PZ30_Szachniuk_4_solution.pdb model=PZ30_Szachniuk_4_refined.pdb -> id=Szachniuk_4
2026-03-10 00:36:18 	 Docker cmd: docker run --rm -v D:\Studia\Projekty\gsp-lab:/work -v D:\Studia\Projekty\RNA_assessment:/rna_assessment -e RNA_ASSESSMENT_ROOT=/rna_assessment -e PYTHONPATH=/rna_assessment mcannotate-runtime python3 /work/src/utils/INF.py /work/data/finished/PZ30/pdb/PZ30_Szachniuk_4_solution.pdb /work/data/finished/PZ30/pdb/PZ30_Szachniuk_4_refined.pdb
2026-03-10 00:36:20 	 Docker exit code: 0
2026-03-10 00:36:20 	 Docker output length: 597
2026-03-10 00:36:20 	 Saved CSV: PZ30,Szachniuk_4,Szachniuk,4,refined_pair,0.6587889414983066,0.7027283689263065,-1,PZ30_Szachniuk_4_solution.pdb,PZ30_Szachniuk_4_refined.pdb
2026-03-10 00:36:20 	 RUN refined_pair target=PZ30_Szachniuk_5_solution.pdb model=PZ30_Szachniuk_5_refined.pdb -> id=Szachniuk_5
2026-03-10 00:36:20 	 Docker cmd: docker run --rm -v D:\Studia\Projekty\gsp-lab:/work -v D:\Studia\Projekty\RNA_assessment:/rna_assessment -e RNA_ASSESSMENT_ROOT=/rna_assessment -e PYTHONPATH=/rna_assessment mcannotate-runtime python3 /work/src/utils/INF.py /work/data/finished/PZ30/pdb/PZ30_Szachniuk_5_solution.pdb /work/data/finished/PZ30/pdb/PZ30_Szachniuk_5_refined.pdb
2026-03-10 00:36:22 	 Docker exit code: 0
2026-03-10 00:36:22 	 Docker output length: 597
2026-03-10 00:36:22 	 Saved CSV: PZ30,Szachniuk_5,Szachniuk,5,refined_pair,0.6829268292682927,0.909241209316635,-1,PZ30_Szachniuk_5_solution.pdb,PZ30_Szachniuk_5_refined.pdb
2026-03-10 00:36:22 	 RUN refined_pair target=PZ30_Xiao_1_solution.pdb model=PZ30_Xiao_1_refined.pdb -> id=Xiao_1
2026-03-10 00:36:22 	 Docker cmd: docker run --rm -v D:\Studia\Projekty\gsp-lab:/work -v D:\Studia\Projekty\RNA_assessment:/rna_assessment -e RNA_ASSESSMENT_ROOT=/rna_assessment -e PYTHONPATH=/rna_assessment mcannotate-runtime python3 /work/src/utils/INF.py /work/data/finished/PZ30/pdb/PZ30_Xiao_1_solution.pdb /work/data/finished/PZ30/pdb/PZ30_Xiao_1_refined.pdb
2026-03-10 00:36:25 	 Docker exit code: 0
2026-03-10 00:36:25 	 Docker output length: 350
2026-03-10 00:36:25 	 Saved CSV: PZ30,Xiao_1,Xiao,1,refined_pair,0.7408876433940658,0.8728715609439694,-1,PZ30_Xiao_1_solution.pdb,PZ30_Xiao_1_refined.pdb
2026-03-10 00:36:25 	 RUN refined_pair target=PZ30_Xiao_2_solution.pdb model=PZ30_Xiao_2_refined.pdb -> id=Xiao_2
2026-03-10 00:36:25 	 Docker cmd: docker run --rm -v D:\Studia\Projekty\gsp-lab:/work -v D:\Studia\Projekty\RNA_assessment:/rna_assessment -e RNA_ASSESSMENT_ROOT=/rna_assessment -e PYTHONPATH=/rna_assessment mcannotate-runtime python3 /work/src/utils/INF.py /work/data/finished/PZ30/pdb/PZ30_Xiao_2_solution.pdb /work/data/finished/PZ30/pdb/PZ30_Xiao_2_refined.pdb
2026-03-10 00:36:28 	 Docker exit code: 0
2026-03-10 00:36:28 	 Docker output length: 350
2026-03-10 00:36:28 	 Saved CSV: PZ30,Xiao_2,Xiao,2,refined_pair,0.6348329799892771,0.7856742013183862,-1,PZ30_Xiao_2_solution.pdb,PZ30_Xiao_2_refined.pdb
2026-03-10 00:36:28 	 RUN refined_pair target=PZ30_Xiao_3_solution.pdb model=PZ30_Xiao_3_refined.pdb -> id=Xiao_3
2026-03-10 00:36:28 	 Docker cmd: docker run --rm -v D:\Studia\Projekty\gsp-lab:/work -v D:\Studia\Projekty\RNA_assessment:/rna_assessment -e RNA_ASSESSMENT_ROOT=/rna_assessment -e PYTHONPATH=/rna_assessment mcannotate-runtime python3 /work/src/utils/INF.py /work/data/finished/PZ30/pdb/PZ30_Xiao_3_solution.pdb /work/data/finished/PZ30/pdb/PZ30_Xiao_3_refined.pdb
2026-03-10 00:36:31 	 Docker exit code: 0
2026-03-10 00:36:31 	 Docker output length: 349
2026-03-10 00:36:31 	 Saved CSV: PZ30,Xiao_3,Xiao,3,refined_pair,0.6984302957695782,0.8518518518518519,-1,PZ30_Xiao_3_solution.pdb,PZ30_Xiao_3_refined.pdb
2026-03-10 00:36:31 	 RUN refined_pair target=PZ30_Xiao_4_solution.pdb model=PZ30_Xiao_4_refined.pdb -> id=Xiao_4
2026-03-10 00:36:31 	 Docker cmd: docker run --rm -v D:\Studia\Projekty\gsp-lab:/work -v D:\Studia\Projekty\RNA_assessment:/rna_assessment -e RNA_ASSESSMENT_ROOT=/rna_assessment -e PYTHONPATH=/rna_assessment mcannotate-runtime python3 /work/src/utils/INF.py /work/data/finished/PZ30/pdb/PZ30_Xiao_4_solution.pdb /work/data/finished/PZ30/pdb/PZ30_Xiao_4_refined.pdb
2026-03-10 00:36:35 	 Docker exit code: 0
2026-03-10 00:36:35 	 Docker output length: 350
2026-03-10 00:36:35 	 Saved CSV: PZ30,Xiao_4,Xiao,4,refined_pair,0.7306568260253945,0.8365019125713041,-1,PZ30_Xiao_4_solution.pdb,PZ30_Xiao_4_refined.pdb
2026-03-10 00:36:35 	 RUN refined_pair target=PZ30_Xiao_5_solution.pdb model=PZ30_Xiao_5_refined.pdb -> id=Xiao_5
2026-03-10 00:36:35 	 Docker cmd: docker run --rm -v D:\Studia\Projekty\gsp-lab:/work -v D:\Studia\Projekty\RNA_assessment:/rna_assessment -e RNA_ASSESSMENT_ROOT=/rna_assessment -e PYTHONPATH=/rna_assessment mcannotate-runtime python3 /work/src/utils/INF.py /work/data/finished/PZ30/pdb/PZ30_Xiao_5_solution.pdb /work/data/finished/PZ30/pdb/PZ30_Xiao_5_refined.pdb
2026-03-10 00:36:38 	 Docker exit code: 0
2026-03-10 00:36:38 	 Docker output length: 350
2026-03-10 00:36:38 	 Saved CSV: PZ30,Xiao_5,Xiao,5,refined_pair,0.5596226467675051,0.6181150999636871,-1,PZ30_Xiao_5_solution.pdb,PZ30_Xiao_5_refined.pdb
2026-03-10 00:36:38 	 SKIP (model is a solution file): PZ30_Bujnicki_1_solution.pdb
2026-03-10 00:36:38 	 SKIP (model is a solution file): PZ30_Bujnicki_2_solution.pdb
2026-03-10 00:36:38 	 SKIP (model is a solution file): PZ30_Bujnicki_3_solution.pdb
2026-03-10 00:36:38 	 SKIP (model is a solution file): PZ30_Bujnicki_4_solution.pdb
2026-03-10 00:36:38 	 SKIP (model is a solution file): PZ30_Bujnicki_5_solution.pdb
2026-03-10 00:36:38 	 SKIP (model is a solution file): PZ30_Chen_1_solution.pdb
2026-03-10 00:36:38 	 SKIP (model is a solution file): PZ30_Chen_10_solution.pdb
2026-03-10 00:36:38 	 SKIP (model is a solution file): PZ30_Chen_2_solution.pdb
2026-03-10 00:36:38 	 SKIP (model is a solution file): PZ30_Chen_3_solution.pdb
2026-03-10 00:36:38 	 SKIP (model is a solution file): PZ30_Chen_4_solution.pdb
2026-03-10 00:36:38 	 SKIP (model is a solution file): PZ30_Chen_5_solution.pdb
2026-03-10 00:36:38 	 SKIP (model is a solution file): PZ30_Chen_6_solution.pdb
2026-03-10 00:36:38 	 SKIP (model is a solution file): PZ30_Chen_7_solution.pdb
2026-03-10 00:36:38 	 SKIP (model is a solution file): PZ30_Chen_8_solution.pdb
2026-03-10 00:36:38 	 SKIP (model is a solution file): PZ30_Chen_9_solution.pdb
2026-03-10 00:36:38 	 SKIP (model is a solution file): PZ30_Ding_1_solution.pdb
2026-03-10 00:36:38 	 SKIP (model is a solution file): PZ30_Ding_2_solution.pdb
2026-03-10 00:36:38 	 SKIP (model is a solution file): PZ30_Ding_3_solution.pdb
2026-03-10 00:36:38 	 SKIP (model is a solution file): PZ30_Ding_4_solution.pdb
2026-03-10 00:36:38 	 SKIP (model is a solution file): PZ30_Ding_5_solution.pdb
2026-03-10 00:36:38 	 SKIP (model is a solution file): PZ30_Ding_6_solution.pdb
2026-03-10 00:36:38 	 SKIP (model is a solution file): PZ30_Ding_7_solution.pdb
2026-03-10 00:36:38 	 SKIP (model is a solution file): PZ30_Ding_8_solution.pdb
2026-03-10 00:36:39 	 SKIP (model is a solution file): PZ30_Nithin_1_solution.pdb
2026-03-10 00:36:39 	 SKIP (model is a solution file): PZ30_solution_0.pdb
2026-03-10 00:36:39 	 SKIP (model is a solution file): PZ30_Szachniuk_1_solution.pdb
2026-03-10 00:36:39 	 SKIP (model is a solution file): PZ30_Szachniuk_2_solution.pdb
2026-03-10 00:36:39 	 SKIP (model is a solution file): PZ30_Szachniuk_3_solution.pdb
2026-03-10 00:36:39 	 SKIP (model is a solution file): PZ30_Szachniuk_4_solution.pdb
2026-03-10 00:36:39 	 SKIP (model is a solution file): PZ30_Szachniuk_5_solution.pdb
2026-03-10 00:36:39 	 SKIP (model is a solution file): PZ30_Xiao_1_solution.pdb
2026-03-10 00:36:39 	 SKIP (model is a solution file): PZ30_Xiao_2_solution.pdb
2026-03-10 00:36:39 	 SKIP (model is a solution file): PZ30_Xiao_3_solution.pdb
2026-03-10 00:36:39 	 SKIP (model is a solution file): PZ30_Xiao_4_solution.pdb
2026-03-10 00:36:39 	 SKIP (model is a solution file): PZ30_Xiao_5_solution.pdb
2026-03-10 00:36:39 	 DONE case: PZ30
2026-03-10 01:12:43 	 START case: PZ30
2026-03-10 01:12:43 	 caseDir: D:\Studia\Projekty\gsp-lab\data\finished\PZ30
2026-03-10 01:12:43 	 pdbDir: D:\Studia\Projekty\gsp-lab\data\finished\PZ30\pdb
2026-03-10 01:12:43 	 Found pdb count: 69
2026-03-10 01:12:43 	 Global solution: PZ30_solution_0.pdb
2026-03-10 01:12:43 	 SKIP already recorded (refined): Bujnicki_1
2026-03-10 01:12:43 	 SKIP already recorded (refined): Bujnicki_2
2026-03-10 01:12:43 	 SKIP already recorded (refined): Bujnicki_3
2026-03-10 01:12:43 	 SKIP already recorded (refined): Bujnicki_4
2026-03-10 01:12:43 	 SKIP already recorded (refined): Bujnicki_5
2026-03-10 01:12:43 	 SKIP already recorded (refined): Chen_1
2026-03-10 01:12:43 	 SKIP already recorded (refined): Chen_10
2026-03-10 01:12:43 	 SKIP already recorded (refined): Chen_2
2026-03-10 01:12:43 	 SKIP already recorded (refined): Chen_3
2026-03-10 01:12:43 	 SKIP already recorded (refined): Chen_4
2026-03-10 01:12:43 	 SKIP already recorded (refined): Chen_5
2026-03-10 01:12:43 	 SKIP already recorded (refined): Chen_6
2026-03-10 01:12:43 	 SKIP already recorded (refined): Chen_7
2026-03-10 01:12:43 	 SKIP already recorded (refined): Chen_8
2026-03-10 01:12:43 	 SKIP already recorded (refined): Chen_9
2026-03-10 01:12:43 	 SKIP already recorded (refined): Ding_1
2026-03-10 01:12:43 	 SKIP already recorded (refined): Ding_2
2026-03-10 01:12:43 	 SKIP already recorded (refined): Ding_3
2026-03-10 01:12:43 	 SKIP already recorded (refined): Ding_4
2026-03-10 01:12:43 	 SKIP already recorded (refined): Ding_5
2026-03-10 01:12:43 	 SKIP already recorded (refined): Ding_6
2026-03-10 01:12:43 	 SKIP already recorded (refined): Ding_7
2026-03-10 01:12:43 	 SKIP already recorded (refined): Ding_8
2026-03-10 01:12:43 	 SKIP already recorded (refined): Nithin_1
2026-03-10 01:12:43 	 SKIP already recorded (refined): Szachniuk_1
2026-03-10 01:12:43 	 SKIP already recorded (refined): Szachniuk_2
2026-03-10 01:12:43 	 SKIP already recorded (refined): Szachniuk_3
2026-03-10 01:12:44 	 SKIP already recorded (refined): Szachniuk_4
2026-03-10 01:12:44 	 SKIP already recorded (refined): Szachniuk_5
2026-03-10 01:12:44 	 SKIP already recorded (refined): Xiao_1
2026-03-10 01:12:44 	 SKIP already recorded (refined): Xiao_2
2026-03-10 01:12:44 	 SKIP already recorded (refined): Xiao_3
2026-03-10 01:12:44 	 SKIP already recorded (refined): Xiao_4
2026-03-10 01:12:44 	 SKIP already recorded (refined): Xiao_5
2026-03-10 01:12:44 	 SKIP (model is a solution file): PZ30_Bujnicki_1_solution.pdb
2026-03-10 01:12:44 	 SKIP (model is a solution file): PZ30_Bujnicki_2_solution.pdb
2026-03-10 01:12:44 	 SKIP (model is a solution file): PZ30_Bujnicki_3_solution.pdb
2026-03-10 01:12:44 	 SKIP (model is a solution file): PZ30_Bujnicki_4_solution.pdb
2026-03-10 01:12:44 	 SKIP (model is a solution file): PZ30_Bujnicki_5_solution.pdb
2026-03-10 01:12:44 	 SKIP (model is a solution file): PZ30_Chen_1_solution.pdb
2026-03-10 01:12:44 	 SKIP (model is a solution file): PZ30_Chen_10_solution.pdb
2026-03-10 01:12:44 	 SKIP (model is a solution file): PZ30_Chen_2_solution.pdb
2026-03-10 01:12:44 	 SKIP (model is a solution file): PZ30_Chen_3_solution.pdb
2026-03-10 01:12:44 	 SKIP (model is a solution file): PZ30_Chen_4_solution.pdb
2026-03-10 01:12:44 	 SKIP (model is a solution file): PZ30_Chen_5_solution.pdb
2026-03-10 01:12:44 	 SKIP (model is a solution file): PZ30_Chen_6_solution.pdb
2026-03-10 01:12:44 	 SKIP (model is a solution file): PZ30_Chen_7_solution.pdb
2026-03-10 01:12:44 	 SKIP (model is a solution file): PZ30_Chen_8_solution.pdb
2026-03-10 01:12:44 	 SKIP (model is a solution file): PZ30_Chen_9_solution.pdb
2026-03-10 01:12:44 	 SKIP (model is a solution file): PZ30_Ding_1_solution.pdb
2026-03-10 01:12:44 	 SKIP (model is a solution file): PZ30_Ding_2_solution.pdb
2026-03-10 01:12:44 	 SKIP (model is a solution file): PZ30_Ding_3_solution.pdb
2026-03-10 01:12:44 	 SKIP (model is a solution file): PZ30_Ding_4_solution.pdb
2026-03-10 01:12:44 	 SKIP (model is a solution file): PZ30_Ding_5_solution.pdb
2026-03-10 01:12:44 	 SKIP (model is a solution file): PZ30_Ding_6_solution.pdb
2026-03-10 01:12:44 	 SKIP (model is a solution file): PZ30_Ding_7_solution.pdb
2026-03-10 01:12:44 	 SKIP (model is a solution file): PZ30_Ding_8_solution.pdb
2026-03-10 01:12:44 	 SKIP (model is a solution file): PZ30_Nithin_1_solution.pdb
2026-03-10 01:12:44 	 SKIP (model is a solution file): PZ30_solution_0.pdb
2026-03-10 01:12:44 	 SKIP (model is a solution file): PZ30_Szachniuk_1_solution.pdb
2026-03-10 01:12:44 	 SKIP (model is a solution file): PZ30_Szachniuk_2_solution.pdb
2026-03-10 01:12:44 	 SKIP (model is a solution file): PZ30_Szachniuk_3_solution.pdb
2026-03-10 01:12:44 	 SKIP (model is a solution file): PZ30_Szachniuk_4_solution.pdb
2026-03-10 01:12:44 	 SKIP (model is a solution file): PZ30_Szachniuk_5_solution.pdb
2026-03-10 01:12:44 	 SKIP (model is a solution file): PZ30_Xiao_1_solution.pdb
2026-03-10 01:12:44 	 SKIP (model is a solution file): PZ30_Xiao_2_solution.pdb
2026-03-10 01:12:44 	 SKIP (model is a solution file): PZ30_Xiao_3_solution.pdb
2026-03-10 01:12:44 	 SKIP (model is a solution file): PZ30_Xiao_4_solution.pdb
2026-03-10 01:12:44 	 SKIP (model is a solution file): PZ30_Xiao_5_solution.pdb
2026-03-10 01:12:44 	 DONE case: PZ30
2026-03-10 01:17:27 	 START case: PZ30
2026-03-10 01:17:27 	 caseDir: D:\Studia\Projekty\gsp-lab\data\finished\PZ30
2026-03-10 01:17:27 	 pdbDir: D:\Studia\Projekty\gsp-lab\data\finished\PZ30\pdb
2026-03-10 01:17:27 	 Found pdb count: 69
2026-03-10 01:17:27 	 Global solution: PZ30_solution_0.pdb
2026-03-10 01:17:27 	 SKIP already recorded (refined): Bujnicki_1
2026-03-10 01:17:27 	 SKIP already recorded (refined): Bujnicki_2
2026-03-10 01:17:27 	 SKIP already recorded (refined): Bujnicki_3
2026-03-10 01:17:27 	 SKIP already recorded (refined): Bujnicki_4
2026-03-10 01:17:27 	 SKIP already recorded (refined): Bujnicki_5
2026-03-10 01:17:27 	 SKIP already recorded (refined): Chen_1
2026-03-10 01:17:27 	 SKIP already recorded (refined): Chen_10
2026-03-10 01:17:27 	 SKIP already recorded (refined): Chen_2
2026-03-10 01:17:27 	 SKIP already recorded (refined): Chen_3
2026-03-10 01:17:27 	 SKIP already recorded (refined): Chen_4
2026-03-10 01:17:27 	 SKIP already recorded (refined): Chen_5
2026-03-10 01:17:27 	 SKIP already recorded (refined): Chen_6
2026-03-10 01:17:27 	 SKIP already recorded (refined): Chen_7
2026-03-10 01:17:27 	 SKIP already recorded (refined): Chen_8
2026-03-10 01:17:27 	 SKIP already recorded (refined): Chen_9
2026-03-10 01:17:27 	 SKIP already recorded (refined): Ding_1
2026-03-10 01:17:27 	 SKIP already recorded (refined): Ding_2
2026-03-10 01:17:28 	 SKIP already recorded (refined): Ding_3
2026-03-10 01:17:28 	 SKIP already recorded (refined): Ding_4
2026-03-10 01:17:28 	 SKIP already recorded (refined): Ding_5
2026-03-10 01:17:28 	 SKIP already recorded (refined): Ding_6
2026-03-10 01:17:28 	 SKIP already recorded (refined): Ding_7
2026-03-10 01:17:28 	 SKIP already recorded (refined): Ding_8
2026-03-10 01:17:28 	 SKIP already recorded (refined): Nithin_1
2026-03-10 01:17:28 	 SKIP already recorded (refined): Szachniuk_1
2026-03-10 01:17:28 	 SKIP already recorded (refined): Szachniuk_2
2026-03-10 01:17:28 	 SKIP already recorded (refined): Szachniuk_3
2026-03-10 01:17:28 	 SKIP already recorded (refined): Szachniuk_4
2026-03-10 01:17:28 	 SKIP already recorded (refined): Szachniuk_5
2026-03-10 01:17:28 	 SKIP already recorded (refined): Xiao_1
2026-03-10 01:17:28 	 SKIP already recorded (refined): Xiao_2
2026-03-10 01:17:28 	 SKIP already recorded (refined): Xiao_3
2026-03-10 01:17:28 	 SKIP already recorded (refined): Xiao_4
2026-03-10 01:17:28 	 SKIP already recorded (refined): Xiao_5
2026-03-10 01:17:28 	 SKIP (model is a solution file): PZ30_Bujnicki_1_solution.pdb
2026-03-10 01:17:28 	 SKIP (model is a solution file): PZ30_Bujnicki_2_solution.pdb
2026-03-10 01:17:28 	 SKIP (model is a solution file): PZ30_Bujnicki_3_solution.pdb
2026-03-10 01:17:28 	 SKIP (model is a solution file): PZ30_Bujnicki_4_solution.pdb
2026-03-10 01:17:28 	 SKIP (model is a solution file): PZ30_Bujnicki_5_solution.pdb
2026-03-10 01:17:28 	 SKIP (model is a solution file): PZ30_Chen_1_solution.pdb
2026-03-10 01:17:28 	 SKIP (model is a solution file): PZ30_Chen_10_solution.pdb
2026-03-10 01:17:28 	 SKIP (model is a solution file): PZ30_Chen_2_solution.pdb
2026-03-10 01:17:28 	 SKIP (model is a solution file): PZ30_Chen_3_solution.pdb
2026-03-10 01:17:28 	 SKIP (model is a solution file): PZ30_Chen_4_solution.pdb
2026-03-10 01:17:28 	 SKIP (model is a solution file): PZ30_Chen_5_solution.pdb
2026-03-10 01:17:28 	 SKIP (model is a solution file): PZ30_Chen_6_solution.pdb
2026-03-10 01:17:28 	 SKIP (model is a solution file): PZ30_Chen_7_solution.pdb
2026-03-10 01:17:28 	 SKIP (model is a solution file): PZ30_Chen_8_solution.pdb
2026-03-10 01:17:28 	 SKIP (model is a solution file): PZ30_Chen_9_solution.pdb
2026-03-10 01:17:28 	 SKIP (model is a solution file): PZ30_Ding_1_solution.pdb
2026-03-10 01:17:28 	 SKIP (model is a solution file): PZ30_Ding_2_solution.pdb
2026-03-10 01:17:28 	 SKIP (model is a solution file): PZ30_Ding_3_solution.pdb
2026-03-10 01:17:28 	 SKIP (model is a solution file): PZ30_Ding_4_solution.pdb
2026-03-10 01:17:28 	 SKIP (model is a solution file): PZ30_Ding_5_solution.pdb
2026-03-10 01:17:28 	 SKIP (model is a solution file): PZ30_Ding_6_solution.pdb
2026-03-10 01:17:28 	 SKIP (model is a solution file): PZ30_Ding_7_solution.pdb
2026-03-10 01:17:28 	 SKIP (model is a solution file): PZ30_Ding_8_solution.pdb
2026-03-10 01:17:28 	 SKIP (model is a solution file): PZ30_Nithin_1_solution.pdb
2026-03-10 01:17:28 	 SKIP (model is a solution file): PZ30_solution_0.pdb
2026-03-10 01:17:28 	 SKIP (model is a solution file): PZ30_Szachniuk_1_solution.pdb
2026-03-10 01:17:28 	 SKIP (model is a solution file): PZ30_Szachniuk_2_solution.pdb
2026-03-10 01:17:28 	 SKIP (model is a solution file): PZ30_Szachniuk_3_solution.pdb
2026-03-10 01:17:28 	 SKIP (model is a solution file): PZ30_Szachniuk_4_solution.pdb
2026-03-10 01:17:28 	 SKIP (model is a solution file): PZ30_Szachniuk_5_solution.pdb
2026-03-10 01:17:28 	 SKIP (model is a solution file): PZ30_Xiao_1_solution.pdb
2026-03-10 01:17:28 	 SKIP (model is a solution file): PZ30_Xiao_2_solution.pdb
2026-03-10 01:17:28 	 SKIP (model is a solution file): PZ30_Xiao_3_solution.pdb
2026-03-10 01:17:28 	 SKIP (model is a solution file): PZ30_Xiao_4_solution.pdb
2026-03-10 01:17:28 	 SKIP (model is a solution file): PZ30_Xiao_5_solution.pdb
2026-03-10 01:17:28 	 DONE case: PZ30
2026-03-10 01:21:54 	 START case: PZ30
2026-03-10 01:21:54 	 caseDir: D:\Studia\Projekty\gsp-lab\data\finished\PZ30
2026-03-10 01:21:54 	 pdbDir: D:\Studia\Projekty\gsp-lab\data\finished\PZ30\pdb
2026-03-10 01:21:54 	 Found pdb count: 69
2026-03-10 01:21:54 	 Global solution: PZ30_solution_0.pdb
2026-03-10 01:21:54 	 SKIP already recorded (refined): Bujnicki_1
2026-03-10 01:21:54 	 SKIP already recorded (refined): Bujnicki_2
2026-03-10 01:21:54 	 SKIP already recorded (refined): Bujnicki_3
2026-03-10 01:21:54 	 SKIP already recorded (refined): Bujnicki_4
2026-03-10 01:21:54 	 SKIP already recorded (refined): Bujnicki_5
2026-03-10 01:21:54 	 SKIP already recorded (refined): Chen_1
2026-03-10 01:21:54 	 SKIP already recorded (refined): Chen_10
2026-03-10 01:21:54 	 SKIP already recorded (refined): Chen_2
2026-03-10 01:21:54 	 SKIP already recorded (refined): Chen_3
2026-03-10 01:21:54 	 SKIP already recorded (refined): Chen_4
2026-03-10 01:21:54 	 SKIP already recorded (refined): Chen_5
2026-03-10 01:21:55 	 SKIP already recorded (refined): Chen_6
2026-03-10 01:21:55 	 SKIP already recorded (refined): Chen_7
2026-03-10 01:21:55 	 SKIP already recorded (refined): Chen_8
2026-03-10 01:21:55 	 SKIP already recorded (refined): Chen_9
2026-03-10 01:21:55 	 SKIP already recorded (refined): Ding_1
2026-03-10 01:21:55 	 SKIP already recorded (refined): Ding_2
2026-03-10 01:21:55 	 SKIP already recorded (refined): Ding_3
2026-03-10 01:21:55 	 SKIP already recorded (refined): Ding_4
2026-03-10 01:21:55 	 SKIP already recorded (refined): Ding_5
2026-03-10 01:21:55 	 SKIP already recorded (refined): Ding_6
2026-03-10 01:21:55 	 SKIP already recorded (refined): Ding_7
2026-03-10 01:21:55 	 SKIP already recorded (refined): Ding_8
2026-03-10 01:21:55 	 SKIP already recorded (refined): Nithin_1
2026-03-10 01:21:55 	 SKIP already recorded (refined): Szachniuk_1
2026-03-10 01:21:55 	 SKIP already recorded (refined): Szachniuk_2
2026-03-10 01:21:55 	 SKIP already recorded (refined): Szachniuk_3
2026-03-10 01:21:55 	 SKIP already recorded (refined): Szachniuk_4
2026-03-10 01:21:55 	 SKIP already recorded (refined): Szachniuk_5
2026-03-10 01:21:55 	 SKIP already recorded (refined): Xiao_1
2026-03-10 01:21:55 	 SKIP already recorded (refined): Xiao_2
2026-03-10 01:21:55 	 SKIP already recorded (refined): Xiao_3
2026-03-10 01:21:55 	 SKIP already recorded (refined): Xiao_4
2026-03-10 01:21:55 	 SKIP already recorded (refined): Xiao_5
2026-03-10 01:21:55 	 SKIP (model is a solution file): PZ30_Bujnicki_1_solution.pdb
2026-03-10 01:21:55 	 SKIP (model is a solution file): PZ30_Bujnicki_2_solution.pdb
2026-03-10 01:21:55 	 SKIP (model is a solution file): PZ30_Bujnicki_3_solution.pdb
2026-03-10 01:21:55 	 SKIP (model is a solution file): PZ30_Bujnicki_4_solution.pdb
2026-03-10 01:21:55 	 SKIP (model is a solution file): PZ30_Bujnicki_5_solution.pdb
2026-03-10 01:21:55 	 SKIP (model is a solution file): PZ30_Chen_1_solution.pdb
2026-03-10 01:21:55 	 SKIP (model is a solution file): PZ30_Chen_10_solution.pdb
2026-03-10 01:21:55 	 SKIP (model is a solution file): PZ30_Chen_2_solution.pdb
2026-03-10 01:21:55 	 SKIP (model is a solution file): PZ30_Chen_3_solution.pdb
2026-03-10 01:21:55 	 SKIP (model is a solution file): PZ30_Chen_4_solution.pdb
2026-03-10 01:21:55 	 SKIP (model is a solution file): PZ30_Chen_5_solution.pdb
2026-03-10 01:21:55 	 SKIP (model is a solution file): PZ30_Chen_6_solution.pdb
2026-03-10 01:21:55 	 SKIP (model is a solution file): PZ30_Chen_7_solution.pdb
2026-03-10 01:21:55 	 SKIP (model is a solution file): PZ30_Chen_8_solution.pdb
2026-03-10 01:21:55 	 SKIP (model is a solution file): PZ30_Chen_9_solution.pdb
2026-03-10 01:21:55 	 SKIP (model is a solution file): PZ30_Ding_1_solution.pdb
2026-03-10 01:21:55 	 SKIP (model is a solution file): PZ30_Ding_2_solution.pdb
2026-03-10 01:21:55 	 SKIP (model is a solution file): PZ30_Ding_3_solution.pdb
2026-03-10 01:21:55 	 SKIP (model is a solution file): PZ30_Ding_4_solution.pdb
2026-03-10 01:21:55 	 SKIP (model is a solution file): PZ30_Ding_5_solution.pdb
2026-03-10 01:21:55 	 SKIP (model is a solution file): PZ30_Ding_6_solution.pdb
2026-03-10 01:21:55 	 SKIP (model is a solution file): PZ30_Ding_7_solution.pdb
2026-03-10 01:21:55 	 SKIP (model is a solution file): PZ30_Ding_8_solution.pdb
2026-03-10 01:21:55 	 SKIP (model is a solution file): PZ30_Nithin_1_solution.pdb
2026-03-10 01:21:55 	 SKIP (model is a solution file): PZ30_solution_0.pdb
2026-03-10 01:21:55 	 SKIP (model is a solution file): PZ30_Szachniuk_1_solution.pdb
2026-03-10 01:21:55 	 SKIP (model is a solution file): PZ30_Szachniuk_2_solution.pdb
2026-03-10 01:21:55 	 SKIP (model is a solution file): PZ30_Szachniuk_3_solution.pdb
2026-03-10 01:21:55 	 SKIP (model is a solution file): PZ30_Szachniuk_4_solution.pdb
2026-03-10 01:21:55 	 SKIP (model is a solution file): PZ30_Szachniuk_5_solution.pdb
2026-03-10 01:21:55 	 SKIP (model is a solution file): PZ30_Xiao_1_solution.pdb
2026-03-10 01:21:55 	 SKIP (model is a solution file): PZ30_Xiao_2_solution.pdb
2026-03-10 01:21:55 	 SKIP (model is a solution file): PZ30_Xiao_3_solution.pdb
2026-03-10 01:21:55 	 SKIP (model is a solution file): PZ30_Xiao_4_solution.pdb
2026-03-10 01:21:55 	 SKIP (model is a solution file): PZ30_Xiao_5_solution.pdb
2026-03-10 01:21:55 	 DONE case: PZ30
