{
  "native_pdb": "/tmp/rna_inf_ovps5agc/PZ30_Bujnicki_1_solution_normalized.pdb",
  "native_index": null,
  "model_pdb": "/tmp/rna_inf_fskg9qme/PZ30_Bujnicki_1_refined_normalized.pdb",
  "model_index": null,
  "rmsd": 17.99421309407615,
  "inf_all": 0.7175789601773856,
  "inf_wc": 0.8784104611578831,
  "inf_nwc": -1.0,
  "inf_stack": 0.6560505959914564
}
{
  "native_pdb": "/tmp/rna_inf_1qi6or4z/PZ30_Bujnicki_2_solution_normalized.pdb",
  "native_index": null,
  "model_pdb": "/tmp/rna_inf_u0b__b1i/PZ30_Bujnicki_2_refined_normalized.pdb",
  "model_index": null,
  "rmsd": 15.096473729619522,
  "inf_all": 0.6916266597923983,
  "inf_wc": 0.8018753738744802,
  "inf_nwc": -1.0,
  "inf_stack": 0.644087327036082
}
{
  "native_pdb": "/tmp/rna_inf_bxwci4oi/PZ30_Bujnicki_3_solution_normalized.pdb",
  "native_index": null,
  "model_pdb": "/tmp/rna_inf_cffpmguk/PZ30_Bujnicki_3_refined_normalized.pdb",
  "model_index": null,
  "rmsd": 17.535651389345485,
  "inf_all": 0.6789518464192417,
  "inf_wc": 0.7921180343813394,
  "inf_nwc": -1.0,
  "inf_stack": 0.6377181916635354
}
{
  "native_pdb": "/tmp/rna_inf_ojntbt8l/PZ30_Bujnicki_4_solution_normalized.pdb",
  "native_index": null,
  "model_pdb": "/tmp/rna_inf_x9b_dtt5/PZ30_Bujnicki_4_refined_normalized.pdb",
  "model_index": null,
  "rmsd": 14.589570905797775,
  "inf_all": 0.7023102310642186,
  "inf_wc": 0.8432740427115678,
  "inf_nwc": -1.0,
  "inf_stack": 0.6495227594935793
}
{
  "native_pdb": "/tmp/rna_inf_b4goc2hg/PZ30_Bujnicki_5_solution_normalized.pdb",
  "native_index": null,
  "model_pdb": "/tmp/rna_inf_goy5srhv/PZ30_Bujnicki_5_refined_normalized.pdb",
  "model_index": null,
  "rmsd": 18.261098825435553,
  "inf_all": 0.7340491447458806,
  "inf_wc": 0.8784104611578831,
  "inf_nwc": -1.0,
  "inf_stack": 0.6727272727272727
}
{
  "native_pdb": "/tmp/rna_inf_1j18c1g0/PZ30_Chen_1_solution_normalized.pdb",
  "native_index": null,
  "model_pdb": "/tmp/rna_inf_hqyjn4il/PZ30_Chen_1_refined_normalized.pdb",
  "model_index": null,
  "rmsd": 5.021412549464789,
  "inf_all": 0.7081974910453575,
  "inf_wc": 0.9456108576893003,
  "inf_nwc": -1.0,
  "inf_stack": 0.5971484496103001
}
{
  "native_pdb": "/tmp/rna_inf_z35pxsog/PZ30_Chen_10_solution_normalized.pdb",
  "native_index": null,
  "model_pdb": "/tmp/rna_inf_wxfun0_a/PZ30_Chen_10_refined_normalized.pdb",
  "model_index": null,
  "rmsd": 14.078506987781406,
  "inf_all": 0.6393331260689927,
  "inf_wc": 0.8040302522073697,
  "inf_nwc": -1.0,
  "inf_stack": 0.5720775535473553
}
{
  "native_pdb": "/tmp/rna_inf__99el21j/PZ30_Chen_2_solution_normalized.pdb",
  "native_index": null,
  "model_pdb": "/tmp/rna_inf_t88taef9/PZ30_Chen_2_refined_normalized.pdb",
  "model_index": null,
  "rmsd": 13.827870010949345,
  "inf_all": 0.7173359011360019,
  "inf_wc": 0.8784104611578831,
  "inf_nwc": -1.0,
  "inf_stack": 0.6361942179900353
}
{
  "native_pdb": "/tmp/rna_inf_zx7qqmb_/PZ30_Chen_3_solution_normalized.pdb",
  "native_index": null,
  "model_pdb": "/tmp/rna_inf_vj4613n_/PZ30_Chen_3_refined_normalized.pdb",
  "model_index": null,
  "rmsd": 16.612703814520643,
  "inf_all": 0.7013343843696721,
  "inf_wc": 0.8576900278702358,
  "inf_nwc": -1.0,
  "inf_stack": 0.6449940433967712
}
{
  "native_pdb": "/tmp/rna_inf_ctu0590i/PZ30_Chen_4_solution_normalized.pdb",
  "native_index": null,
  "model_pdb": "/tmp/rna_inf_u9g9zrg0/PZ30_Chen_4_refined_normalized.pdb",
  "model_index": null,
  "rmsd": 9.605980983081816,
  "inf_all": 0.7365484280076728,
  "inf_wc": 0.9259259259259259,
  "inf_nwc": -1.0,
  "inf_stack": 0.6562179588897107
}
{
  "native_pdb": "/tmp/rna_inf_tvctwgc3/PZ30_Chen_5_solution_normalized.pdb",
  "native_index": null,
  "model_pdb": "/tmp/rna_inf_x0tfp2h7/PZ30_Chen_5_refined_normalized.pdb",
  "model_index": null,
  "rmsd": 16.05862349863526,
  "inf_all": 0.6817401614225738,
  "inf_wc": 0.8852704127574262,
  "inf_nwc": -1.0,
  "inf_stack": 0.5843065474681431
}
{
  "native_pdb": "/tmp/rna_inf_sx4nkzv7/PZ30_Chen_6_solution_normalized.pdb",
  "native_index": null,
  "model_pdb": "/tmp/rna_inf_cly4sq9_/PZ30_Chen_6_refined_normalized.pdb",
  "model_index": null,
  "rmsd": 16.312921475746947,
  "inf_all": 0.7068454221751479,
  "inf_wc": 0.9237604307034012,
  "inf_nwc": -1.0,
  "inf_stack": 0.5896370411997258
}
{
  "native_pdb": "/tmp/rna_inf_87z1fvqk/PZ30_Chen_7_solution_normalized.pdb",
  "native_index": null,
  "model_pdb": "/tmp/rna_inf_4ln4gq_l/PZ30_Chen_7_refined_normalized.pdb",
  "model_index": null,
  "rmsd": 16.62425833760956,
  "inf_all": 0.6877149445104886,
  "inf_wc": 0.909241209316635,
  "inf_nwc": -1.0,
  "inf_stack": 0.6030226891555273
}
{
  "native_pdb": "/tmp/rna_inf_8xjptr7o/PZ30_Chen_8_solution_normalized.pdb",
  "native_index": null,
  "model_pdb": "/tmp/rna_inf_2pd5e7z8/PZ30_Chen_8_refined_normalized.pdb",
  "model_index": null,
  "rmsd": 19.530209141806235,
  "inf_all": 0.6610765508191588,
  "inf_wc": 0.8518518518518519,
  "inf_nwc": -1.0,
  "inf_stack": 0.5687222310377492
}
{
  "native_pdb": "/tmp/rna_inf_nxqrkx2u/PZ30_Chen_9_solution_normalized.pdb",
  "native_index": null,
  "model_pdb": "/tmp/rna_inf_zi3_jjwu/PZ30_Chen_9_refined_normalized.pdb",
  "model_index": null,
  "rmsd": 7.380622415949067,
  "inf_all": 0.7127509644204139,
  "inf_wc": 0.9291641968594222,
  "inf_nwc": -1.0,
  "inf_stack": 0.5969620057957092
}
WARNING    >> Atom P from residue (' ', 1, ' ') not found in target atom list
WARNING    >> Atom OP1 from residue (' ', 1, ' ') not found in target atom list
WARNING    >> Atom OP2 from residue (' ', 1, ' ') not found in target atom list
{
  "native_pdb": "/tmp/rna_inf_5wstng7z/PZ30_Ding_1_solution_normalized.pdb",
  "native_index": null,
  "model_pdb": "/tmp/rna_inf_7ljh80kx/PZ30_Ding_1_refined_normalized.pdb",
  "model_index": null,
  "rmsd": 14.41829211899742,
  "inf_all": 0.7188946323483356,
  "inf_wc": 0.909241209316635,
  "inf_nwc": -1.0,
  "inf_stack": 0.6231234454607114
}
WARNING    >> Atom P from residue (' ', 1, ' ') not found in target atom list
WARNING    >> Atom OP1 from residue (' ', 1, ' ') not found in target atom list
WARNING    >> Atom OP2 from residue (' ', 1, ' ') not found in target atom list
{
  "native_pdb": "/tmp/rna_inf_ggw1afp5/PZ30_Ding_2_solution_normalized.pdb",
  "native_index": null,
  "model_pdb": "/tmp/rna_inf_ao966d5b/PZ30_Ding_2_refined_normalized.pdb",
  "model_index": null,
  "rmsd": 14.209905054853367,
  "inf_all": 0.6914107176547127,
  "inf_wc": 0.8934271123648291,
  "inf_nwc": -1.0,
  "inf_stack": 0.5911468053322672
}
WARNING    >> Atom P from residue (' ', 1, ' ') not found in target atom list
WARNING    >> Atom OP1 from residue (' ', 1, ' ') not found in target atom list
WARNING    >> Atom OP2 from residue (' ', 1, ' ') not found in target atom list
{
  "native_pdb": "/tmp/rna_inf_a6is92ho/PZ30_Ding_3_solution_normalized.pdb",
  "native_index": null,
  "model_pdb": "/tmp/rna_inf_xf6ucbwj/PZ30_Ding_3_refined_normalized.pdb",
  "model_index": null,
  "rmsd": 12.795314054338597,
  "inf_all": 0.7013343843696721,
  "inf_wc": 0.9259259259259259,
  "inf_nwc": -1.0,
  "inf_stack": 0.5838742081211422
}
WARNING    >> Atom P from residue (' ', 1, ' ') not found in target atom list
WARNING    >> Atom OP1 from residue (' ', 1, ' ') not found in target atom list
WARNING    >> Atom OP2 from residue (' ', 1, ' ') not found in target atom list
{
  "native_pdb": "/tmp/rna_inf_g8u_vzqx/PZ30_Ding_4_solution_normalized.pdb",
  "native_index": null,
  "model_pdb": "/tmp/rna_inf_1udk6tvz/PZ30_Ding_4_refined_normalized.pdb",
  "model_index": null,
  "rmsd": 12.272735374075257,
  "inf_all": 0.7013343843696721,
  "inf_wc": 0.909241209316635,
  "inf_nwc": -1.0,
  "inf_stack": 0.6030226891555273
}
WARNING    >> Atom P from residue (' ', 1, ' ') not found in target atom list
WARNING    >> Atom OP1 from residue (' ', 1, ' ') not found in target atom list
WARNING    >> Atom OP2 from residue (' ', 1, ' ') not found in target atom list
{
  "native_pdb": "/tmp/rna_inf_cp21rfti/PZ30_Ding_5_solution_normalized.pdb",
  "native_index": null,
  "model_pdb": "/tmp/rna_inf_s106my3o/PZ30_Ding_5_refined_normalized.pdb",
  "model_index": null,
  "rmsd": 14.581585381303496,
  "inf_all": 0.6584994214983149,
  "inf_wc": 0.909241209316635,
  "inf_nwc": -1.0,
  "inf_stack": 0.5339390499775317
}
WARNING    >> Atom P from residue (' ', 1, ' ') not found in target atom list
WARNING    >> Atom OP1 from residue (' ', 1, ' ') not found in target atom list
WARNING    >> Atom OP2 from residue (' ', 1, ' ') not found in target atom list
{
  "native_pdb": "/tmp/rna_inf_egh_8jkn/PZ30_Ding_6_solution_normalized.pdb",
  "native_index": null,
  "model_pdb": "/tmp/rna_inf_wasiia7d/PZ30_Ding_6_refined_normalized.pdb",
  "model_index": null,
  "rmsd": 13.278857076193606,
  "inf_all": 0.6547076116029484,
  "inf_wc": 0.8365019125713041,
  "inf_nwc": -1.0,
  "inf_stack": 0.5566699407412808
}
WARNING    >> Atom P from residue (' ', 1, ' ') not found in target atom list
WARNING    >> Atom OP1 from residue (' ', 1, ' ') not found in target atom list
WARNING    >> Atom OP2 from residue (' ', 1, ' ') not found in target atom list
{
  "native_pdb": "/tmp/rna_inf_fo8prtcd/PZ30_Ding_7_solution_normalized.pdb",
  "native_index": null,
  "model_pdb": "/tmp/rna_inf_4svhg2xu/PZ30_Ding_7_refined_normalized.pdb",
  "model_index": null,
  "rmsd": 13.059274870329247,
  "inf_all": 0.6790640976965929,
  "inf_wc": 0.909241209316635,
  "inf_nwc": -1.0,
  "inf_stack": 0.5609681940050742
}
WARNING    >> Atom P from residue (' ', 1, ' ') not found in target atom list
WARNING    >> Atom OP1 from residue (' ', 1, ' ') not found in target atom list
WARNING    >> Atom OP2 from residue (' ', 1, ' ') not found in target atom list
{
  "native_pdb": "/tmp/rna_inf_ujg6uvft/PZ30_Ding_8_solution_normalized.pdb",
  "native_index": null,
  "model_pdb": "/tmp/rna_inf_pmldgkyw/PZ30_Ding_8_refined_normalized.pdb",
  "model_index": null,
  "rmsd": 12.555239696702754,
  "inf_all": 0.7220397935118493,
  "inf_wc": 0.909241209316635,
  "inf_nwc": -1.0,
  "inf_stack": 0.6293898061189279
}
{
  "native_pdb": "/tmp/rna_inf_sc4ehfsy/PZ30_Nithin_1_solution_normalized.pdb",
  "native_index": null,
  "model_pdb": "/tmp/rna_inf_c55oflys/PZ30_Nithin_1_refined_normalized.pdb",
  "model_index": null,
  "rmsd": 27.265608378653308,
  "inf_all": 0.3845921639564076,
  "inf_wc": 0.0,
  "inf_nwc": -1.0,
  "inf_stack": 0.5681488791506196
}
WARNING    >> Atom P from residue (' ', 1, ' ') not found in target atom list
WARNING    >> Atom OP1 from residue (' ', 1, ' ') not found in target atom list
WARNING    >> Atom OP2 from residue (' ', 1, ' ') not found in target atom list
{
  "native_pdb": "/tmp/rna_inf_3ybkvr2b/PZ30_Szachniuk_1_solution_normalized.pdb",
  "native_index": null,
  "model_pdb": "/tmp/rna_inf_g5eo_vmb/PZ30_Szachniuk_1_refined_normalized.pdb",
  "model_index": null,
  "rmsd": 14.865126196891659,
  "inf_all": 0.6833484562718362,
  "inf_wc": 0.8219529433756427,
  "inf_nwc": -1.0,
  "inf_stack": 0.6227991553292184
}
WARNING    >> Atom P from residue (' ', 1, ' ') not found in target atom list
WARNING    >> Atom OP1 from residue (' ', 1, ' ') not found in target atom list
WARNING    >> Atom OP2 from residue (' ', 1, ' ') not found in target atom list
{
  "native_pdb": "/tmp/rna_inf_dmi6_28h/PZ30_Szachniuk_2_solution_normalized.pdb",
  "native_index": null,
  "model_pdb": "/tmp/rna_inf_341800li/PZ30_Szachniuk_2_refined_normalized.pdb",
  "model_index": null,
  "rmsd": 16.965937555038387,
  "inf_all": 0.7252266687565152,
  "inf_wc": 0.7378647873726218,
  "inf_nwc": -1.0,
  "inf_stack": 0.7201115233494088
}
WARNING    >> Atom P from residue (' ', 1, ' ') not found in target atom list
WARNING    >> Atom OP1 from residue (' ', 1, ' ') not found in target atom list
WARNING    >> Atom OP2 from residue (' ', 1, ' ') not found in target atom list
{
  "native_pdb": "/tmp/rna_inf_y3cqlj2e/PZ30_Szachniuk_3_solution_normalized.pdb",
  "native_index": null,
  "model_pdb": "/tmp/rna_inf_bhbqg9d1/PZ30_Szachniuk_3_refined_normalized.pdb",
  "model_index": null,
  "rmsd": 12.31401972387436,
  "inf_all": 0.7636503885656767,
  "inf_wc": 0.8986914687663685,
  "inf_nwc": -1.0,
  "inf_stack": 0.6986107936456589
}
WARNING    >> Atom P from residue (' ', 1, ' ') not found in target atom list
WARNING    >> Atom OP1 from residue (' ', 1, ' ') not found in target atom list
WARNING    >> Atom OP2 from residue (' ', 1, ' ') not found in target atom list
{
  "native_pdb": "/tmp/rna_inf_tw1_97co/PZ30_Szachniuk_4_solution_normalized.pdb",
  "native_index": null,
  "model_pdb": "/tmp/rna_inf_o3cphnjh/PZ30_Szachniuk_4_refined_normalized.pdb",
  "model_index": null,
  "rmsd": 17.10760808510731,
  "inf_all": 0.6587889414983066,
  "inf_wc": 0.7027283689263065,
  "inf_nwc": -1.0,
  "inf_stack": 0.6422288629903771
}
WARNING    >> Atom P from residue (' ', 1, ' ') not found in target atom list
WARNING    >> Atom OP1 from residue (' ', 1, ' ') not found in target atom list
WARNING    >> Atom OP2 from residue (' ', 1, ' ') not found in target atom list
{
  "native_pdb": "/tmp/rna_inf_q8m7rw71/PZ30_Szachniuk_5_solution_normalized.pdb",
  "native_index": null,
  "model_pdb": "/tmp/rna_inf_ir7av476/PZ30_Szachniuk_5_refined_normalized.pdb",
  "model_index": null,
  "rmsd": 18.406059084216718,
  "inf_all": 0.6829268292682927,
  "inf_wc": 0.909241209316635,
  "inf_nwc": -1.0,
  "inf_stack": 0.5796671338052434
}
{
  "native_pdb": "/tmp/rna_inf_dgeds1wi/PZ30_Xiao_1_solution_normalized.pdb",
  "native_index": null,
  "model_pdb": "/tmp/rna_inf_1lbh2pc6/PZ30_Xiao_1_refined_normalized.pdb",
  "model_index": null,
  "rmsd": 15.595476844381817,
  "inf_all": 0.7408876433940658,
  "inf_wc": 0.8728715609439694,
  "inf_nwc": -1.0,
  "inf_stack": 0.6905795747278488
}
{
  "native_pdb": "/tmp/rna_inf_ufth1gu0/PZ30_Xiao_2_solution_normalized.pdb",
  "native_index": null,
  "model_pdb": "/tmp/rna_inf_dvo41z28/PZ30_Xiao_2_refined_normalized.pdb",
  "model_index": null,
  "rmsd": 19.082936632745515,
  "inf_all": 0.6348329799892771,
  "inf_wc": 0.7856742013183862,
  "inf_nwc": -1.0,
  "inf_stack": 0.6112159239257248
}
{
  "native_pdb": "/tmp/rna_inf_krjn85sf/PZ30_Xiao_3_solution_normalized.pdb",
  "native_index": null,
  "model_pdb": "/tmp/rna_inf_gg9w9f0n/PZ30_Xiao_3_refined_normalized.pdb",
  "model_index": null,
  "rmsd": 20.21210126533088,
  "inf_all": 0.6984302957695782,
  "inf_wc": 0.8518518518518519,
  "inf_nwc": -1.0,
  "inf_stack": 0.6550981644117727
}
{
  "native_pdb": "/tmp/rna_inf_2f305owa/PZ30_Xiao_4_solution_normalized.pdb",
  "native_index": null,
  "model_pdb": "/tmp/rna_inf_5zk_sx88/PZ30_Xiao_4_refined_normalized.pdb",
  "model_index": null,
  "rmsd": 14.791420640966916,
  "inf_all": 0.7306568260253945,
  "inf_wc": 0.8365019125713041,
  "inf_nwc": -1.0,
  "inf_stack": 0.6847124716486248
}
{
  "native_pdb": "/tmp/rna_inf_lz52xz43/PZ30_Xiao_5_solution_normalized.pdb",
  "native_index": null,
  "model_pdb": "/tmp/rna_inf_7ybim2b7/PZ30_Xiao_5_refined_normalized.pdb",
  "model_index": null,
  "rmsd": 18.090746965137072,
  "inf_all": 0.5596226467675051,
  "inf_wc": 0.6181150999636871,
  "inf_nwc": -1.0,
  "inf_stack": 0.5644117345171041
}
