{
  "native_pdb": "/tmp/rna_inf_c9ocj2us/PZ31_Bujnicki_1_solution_normalized.pdb",
  "native_index": null,
  "model_pdb": "/tmp/rna_inf_2bcszsfl/PZ31_Bujnicki_1_refined_normalized.pdb",
  "model_index": null,
  "rmsd": 12.673352596644401,
  "inf_all": 0.8226127456606226,
  "inf_wc": 0.9363821838346235,
  "inf_nwc": -1.0,
  "inf_stack": 0.7855533190649868
}
{
  "native_pdb": "/tmp/rna_inf_354zv3qn/PZ31_Bujnicki_2_solution_normalized.pdb",
  "native_index": null,
  "model_pdb": "/tmp/rna_inf_q1cybm7p/PZ31_Bujnicki_2_refined_normalized.pdb",
  "model_index": null,
  "rmsd": 5.555752673326482,
  "inf_all": 0.828078671210825,
  "inf_wc": 0.9130434782608695,
  "inf_nwc": 0.0,
  "inf_stack": 0.8140915784106943
}
{
  "native_pdb": "/tmp/rna_inf_x8vetzsp/PZ31_Bujnicki_3_solution_normalized.pdb",
  "native_index": null,
  "model_pdb": "/tmp/rna_inf_7ws7yk2z/PZ31_Bujnicki_3_refined_normalized.pdb",
  "model_index": null,
  "rmsd": 10.652007371573877,
  "inf_all": 0.8113673800691725,
  "inf_wc": 0.9565217391304348,
  "inf_nwc": 0.0,
  "inf_stack": 0.766651877999928
}
{
  "native_pdb": "/tmp/rna_inf_takwy1wv/PZ31_Bujnicki_4_solution_normalized.pdb",
  "native_index": null,
  "model_pdb": "/tmp/rna_inf_owa0ev9l/PZ31_Bujnicki_4_refined_normalized.pdb",
  "model_index": null,
  "rmsd": 5.8683253174515615,
  "inf_all": 0.8592401589739919,
  "inf_wc": 0.9565217391304348,
  "inf_nwc": -1.0,
  "inf_stack": 0.8305395344999219
}
{
  "native_pdb": "/tmp/rna_inf_axaxvc8z/PZ31_Bujnicki_5_solution_normalized.pdb",
  "native_index": null,
  "model_pdb": "/tmp/rna_inf_ojwqhi2o/PZ31_Bujnicki_5_refined_normalized.pdb",
  "model_index": null,
  "rmsd": 6.987821487282656,
  "inf_all": 0.828078671210825,
  "inf_wc": 0.917463421851129,
  "inf_nwc": 0.0,
  "inf_stack": 0.8176298175326769
}
{
  "native_pdb": "/tmp/rna_inf_ko6dv17j/PZ31_Chen_1_solution_normalized.pdb",
  "native_index": null,
  "model_pdb": "/tmp/rna_inf_m762ny4j/PZ31_Chen_1_refined_normalized.pdb",
  "model_index": null,
  "rmsd": 5.735041351395199,
  "inf_all": 0.8393455655887991,
  "inf_wc": 0.9789450103725609,
  "inf_nwc": 0.0,
  "inf_stack": 0.8132359171881373
}
{
  "native_pdb": "/tmp/rna_inf_gd0m8tum/PZ31_Chen_10_solution_normalized.pdb",
  "native_index": null,
  "model_pdb": "/tmp/rna_inf_yybwqvi2/PZ31_Chen_10_refined_normalized.pdb",
  "model_index": null,
  "rmsd": 6.138553946676903,
  "inf_all": 0.8598492073268774,
  "inf_wc": 0.9130434782608695,
  "inf_nwc": -1.0,
  "inf_stack": 0.8510808565222369
}
{
  "native_pdb": "/tmp/rna_inf_2xe46i9i/PZ31_Chen_2_solution_normalized.pdb",
  "native_index": null,
  "model_pdb": "/tmp/rna_inf_xlroprjy/PZ31_Chen_2_refined_normalized.pdb",
  "model_index": null,
  "rmsd": 5.859459699670061,
  "inf_all": 0.7780780201274198,
  "inf_wc": 0.9130434782608695,
  "inf_nwc": 0.0,
  "inf_stack": 0.7453559924999299
}
{
  "native_pdb": "/tmp/rna_inf_okbdyp40/PZ31_Chen_3_solution_normalized.pdb",
  "native_index": null,
  "model_pdb": "/tmp/rna_inf_9_x5tqew/PZ31_Chen_3_refined_normalized.pdb",
  "model_index": null,
  "rmsd": 5.744755359882667,
  "inf_all": 0.7801614649986327,
  "inf_wc": 0.9335638713962128,
  "inf_nwc": 0.0,
  "inf_stack": 0.7555555555555555
}
{
  "native_pdb": "/tmp/rna_inf_pc4v0mk2/PZ31_Chen_4_solution_normalized.pdb",
  "native_index": null,
  "model_pdb": "/tmp/rna_inf_6rsa6m0k/PZ31_Chen_4_refined_normalized.pdb",
  "model_index": null,
  "rmsd": 13.077412155724758,
  "inf_all": 0.8004760488371309,
  "inf_wc": 0.917463421851129,
  "inf_nwc": 0.0,
  "inf_stack": 0.766651877999928
}
{
  "native_pdb": "/tmp/rna_inf_cz7mulgp/PZ31_Chen_5_solution_normalized.pdb",
  "native_index": null,
  "model_pdb": "/tmp/rna_inf_4aiwj_lq/PZ31_Chen_5_refined_normalized.pdb",
  "model_index": null,
  "rmsd": 5.485968122976357,
  "inf_all": 0.7571428571428571,
  "inf_wc": 0.9130434782608695,
  "inf_nwc": 0.0,
  "inf_stack": 0.7274606287685051
}
{
  "native_pdb": "/tmp/rna_inf_oj_0w3ly/PZ31_Chen_6_solution_normalized.pdb",
  "native_index": null,
  "model_pdb": "/tmp/rna_inf_aaymgmbx/PZ31_Chen_6_refined_normalized.pdb",
  "model_index": null,
  "rmsd": 5.6985513103445395,
  "inf_all": 0.809173593712687,
  "inf_wc": 0.893819357296686,
  "inf_nwc": -1.0,
  "inf_stack": 0.7820743005880014
}
{
  "native_pdb": "/tmp/rna_inf_wtc2tk9p/PZ31_Chen_7_solution_normalized.pdb",
  "native_index": null,
  "model_pdb": "/tmp/rna_inf_vy8l6owc/PZ31_Chen_7_refined_normalized.pdb",
  "model_index": null,
  "rmsd": 5.429091501232266,
  "inf_all": 0.8345539714499836,
  "inf_wc": 0.8996469021204838,
  "inf_nwc": -1.0,
  "inf_stack": 0.8183932073645682
}
{
  "native_pdb": "/tmp/rna_inf_co2i70br/PZ31_Chen_8_solution_normalized.pdb",
  "native_index": null,
  "model_pdb": "/tmp/rna_inf_epj4mfh7/PZ31_Chen_8_refined_normalized.pdb",
  "model_index": null,
  "rmsd": 7.312036527828038,
  "inf_all": 0.8,
  "inf_wc": 0.9565217391304348,
  "inf_nwc": 0.0,
  "inf_stack": 0.7472978698485586
}
{
  "native_pdb": "/tmp/rna_inf_u4geohoa/PZ31_Chen_9_solution_normalized.pdb",
  "native_index": null,
  "model_pdb": "/tmp/rna_inf_r5f4bnqr/PZ31_Chen_9_refined_normalized.pdb",
  "model_index": null,
  "rmsd": 6.771919806131195,
  "inf_all": 0.7980986475663052,
  "inf_wc": 0.9335638713962128,
  "inf_nwc": -1.0,
  "inf_stack": 0.7449923154875501
}
{
  "native_pdb": "/tmp/rna_inf_353i04rn/PZ31_Dfold_1_solution_normalized.pdb",
  "native_index": null,
  "model_pdb": "/tmp/rna_inf_pvl8bin_/PZ31_Dfold_1_refined_normalized.pdb",
  "model_index": null,
  "rmsd": 25.657855572618548,
  "inf_all": 0.4366630316097336,
  "inf_wc": 0.0,
  "inf_nwc": -1.0,
  "inf_stack": 0.6670137985134996
}
{
  "native_pdb": "/tmp/rna_inf_4bvemxn7/PZ31_Dfold_10_solution_normalized.pdb",
  "native_index": null,
  "model_pdb": "/tmp/rna_inf_f0b2ewqt/PZ31_Dfold_10_refined_normalized.pdb",
  "model_index": null,
  "rmsd": 20.416096043540442,
  "inf_all": 0.5002164033860247,
  "inf_wc": 0.36490022459988086,
  "inf_nwc": 0.0,
  "inf_stack": 0.6067798762169179
}
{
  "native_pdb": "/tmp/rna_inf_36t74f4_/PZ31_Dfold_2_solution_normalized.pdb",
  "native_index": null,
  "model_pdb": "/tmp/rna_inf_wexu8kg2/PZ31_Dfold_2_refined_normalized.pdb",
  "model_index": null,
  "rmsd": 13.98981381702077,
  "inf_all": 0.7172648495980161,
  "inf_wc": 0.7506518906054691,
  "inf_nwc": 0.0,
  "inf_stack": 0.7530800950958866
}
{
  "native_pdb": "/tmp/rna_inf_9t1z9pzx/PZ31_Dfold_3_solution_normalized.pdb",
  "native_index": null,
  "model_pdb": "/tmp/rna_inf_xgpm6yv_/PZ31_Dfold_3_refined_normalized.pdb",
  "model_index": null,
  "rmsd": 22.764535968439763,
  "inf_all": 0.46924458035280087,
  "inf_wc": 0.2222771122371935,
  "inf_nwc": 0.0,
  "inf_stack": 0.6239806502223061
}
{
  "native_pdb": "/tmp/rna_inf_wzd06j62/PZ31_Dfold_4_solution_normalized.pdb",
  "native_index": null,
  "model_pdb": "/tmp/rna_inf_jmo9qzay/PZ31_Dfold_4_refined_normalized.pdb",
  "model_index": null,
  "rmsd": 22.593195104239857,
  "inf_all": 0.36776414156615705,
  "inf_wc": 0.0,
  "inf_nwc": 0.0,
  "inf_stack": 0.5692099788303083
}
{
  "native_pdb": "/tmp/rna_inf_m3l37r6x/PZ31_Dfold_5_solution_normalized.pdb",
  "native_index": null,
  "model_pdb": "/tmp/rna_inf_9d1szpmy/PZ31_Dfold_5_refined_normalized.pdb",
  "model_index": null,
  "rmsd": 22.075759149785526,
  "inf_all": 0.38844929803367795,
  "inf_wc": 0.0,
  "inf_nwc": 0.0,
  "inf_stack": 0.6206328908341752
}
{
  "native_pdb": "/tmp/rna_inf_0ikfz4u0/PZ31_Dfold_6_solution_normalized.pdb",
  "native_index": null,
  "model_pdb": "/tmp/rna_inf_d2vvnxgi/PZ31_Dfold_6_refined_normalized.pdb",
  "model_index": null,
  "rmsd": 21.265247994888767,
  "inf_all": 0.40023802441856543,
  "inf_wc": 0.0,
  "inf_nwc": 0.0,
  "inf_stack": 0.5882945988018451
}
{
  "native_pdb": "/tmp/rna_inf_y7bl6duw/PZ31_Dfold_7_solution_normalized.pdb",
  "native_index": null,
  "model_pdb": "/tmp/rna_inf_rx8fza1u/PZ31_Dfold_7_refined_normalized.pdb",
  "model_index": null,
  "rmsd": 24.01386266373903,
  "inf_all": 0.3650510377028557,
  "inf_wc": 0.0,
  "inf_nwc": 0.0,
  "inf_stack": 0.5618332187193684
}
{
  "native_pdb": "/tmp/rna_inf_24ns9plq/PZ31_Dfold_8_solution_normalized.pdb",
  "native_index": null,
  "model_pdb": "/tmp/rna_inf_gtrwr8l8/PZ31_Dfold_8_refined_normalized.pdb",
  "model_index": null,
  "rmsd": 24.7165505863694,
  "inf_all": 0.373508940416998,
  "inf_wc": 0.05212860351426869,
  "inf_nwc": 0.0,
  "inf_stack": 0.5455954715763788
}
{
  "native_pdb": "/tmp/rna_inf_fhe9ottv/PZ31_Dfold_9_solution_normalized.pdb",
  "native_index": null,
  "model_pdb": "/tmp/rna_inf_ovmfg7ou/PZ31_Dfold_9_refined_normalized.pdb",
  "model_index": null,
  "rmsd": 21.613537365303515,
  "inf_all": 0.3688036016357173,
  "inf_wc": 0.0,
  "inf_nwc": 0.0,
  "inf_stack": 0.5653509966463165
}
{
  "native_pdb": "/tmp/rna_inf_a5drjfmz/PZ31_Ding_1_solution_normalized.pdb",
  "native_index": null,
  "model_pdb": "/tmp/rna_inf_gnxwftur/PZ31_Ding_1_refined_normalized.pdb",
  "model_index": null,
  "rmsd": 5.859409466441346,
  "inf_all": 0.7757282939050968,
  "inf_wc": 0.9363821838346235,
  "inf_nwc": -1.0,
  "inf_stack": 0.7006490497453707
}
{
  "native_pdb": "/tmp/rna_inf_r_t1pukg/PZ31_Ding_10_solution_normalized.pdb",
  "native_index": null,
  "model_pdb": "/tmp/rna_inf_e9cessl9/PZ31_Ding_10_refined_normalized.pdb",
  "model_index": null,
  "rmsd": 12.27747772066354,
  "inf_all": 0.6961432213383857,
  "inf_wc": 0.8132202844993978,
  "inf_nwc": -1.0,
  "inf_stack": 0.6487491201346025
}
{
  "native_pdb": "/tmp/rna_inf_idhtrq3a/PZ31_Ding_2_solution_normalized.pdb",
  "native_index": null,
  "model_pdb": "/tmp/rna_inf_ww8j08im/PZ31_Ding_2_refined_normalized.pdb",
  "model_index": null,
  "rmsd": 7.449927780791793,
  "inf_all": 0.7552154687985863,
  "inf_wc": 0.9363821838346235,
  "inf_nwc": -1.0,
  "inf_stack": 0.6643638388299198
}
{
  "native_pdb": "/tmp/rna_inf_upuqcs3p/PZ31_Ding_3_solution_normalized.pdb",
  "native_index": null,
  "model_pdb": "/tmp/rna_inf_ye9knpoe/PZ31_Ding_3_refined_normalized.pdb",
  "model_index": null,
  "rmsd": 6.825500364286818,
  "inf_all": 0.7376236641748547,
  "inf_wc": 0.9363821838346235,
  "inf_nwc": -1.0,
  "inf_stack": 0.6391374907061421
}
{
  "native_pdb": "/tmp/rna_inf_xhgvk0hu/PZ31_Ding_4_solution_normalized.pdb",
  "native_index": null,
  "model_pdb": "/tmp/rna_inf_qap93oe4/PZ31_Ding_4_refined_normalized.pdb",
  "model_index": null,
  "rmsd": 9.060241004207013,
  "inf_all": 0.7387977412160084,
  "inf_wc": 0.889108448948774,
  "inf_nwc": -1.0,
  "inf_stack": 0.6693494407520824
}
{
  "native_pdb": "/tmp/rna_inf_p8w5q78w/PZ31_Ding_5_solution_normalized.pdb",
  "native_index": null,
  "model_pdb": "/tmp/rna_inf_s39e4t5v/PZ31_Ding_5_refined_normalized.pdb",
  "model_index": null,
  "rmsd": 9.607256281527134,
  "inf_all": 0.725225744821832,
  "inf_wc": 0.8392543274162824,
  "inf_nwc": 0.0,
  "inf_stack": 0.6922443782381185
}
{
  "native_pdb": "/tmp/rna_inf_7fdzgo7c/PZ31_Ding_6_solution_normalized.pdb",
  "native_index": null,
  "model_pdb": "/tmp/rna_inf_nn6eksx7/PZ31_Ding_6_refined_normalized.pdb",
  "model_index": null,
  "rmsd": 9.148364816351329,
  "inf_all": 0.6895445584682744,
  "inf_wc": 0.8392543274162824,
  "inf_nwc": -1.0,
  "inf_stack": 0.6227991553292184
}
{
  "native_pdb": "/tmp/rna_inf_tm74ntn8/PZ31_Ding_7_solution_normalized.pdb",
  "native_index": null,
  "model_pdb": "/tmp/rna_inf_y95p3ywf/PZ31_Ding_7_refined_normalized.pdb",
  "model_index": null,
  "rmsd": 14.005590238990157,
  "inf_all": 0.7062354231461375,
  "inf_wc": 0.8392543274162824,
  "inf_nwc": -1.0,
  "inf_stack": 0.6529286250990105
}
{
  "native_pdb": "/tmp/rna_inf_u7oyvkjt/PZ31_Ding_8_solution_normalized.pdb",
  "native_index": null,
  "model_pdb": "/tmp/rna_inf_pcb67up0/PZ31_Ding_8_refined_normalized.pdb",
  "model_index": null,
  "rmsd": 12.028109396409524,
  "inf_all": 0.7171371656006361,
  "inf_wc": 0.8392543274162824,
  "inf_nwc": -1.0,
  "inf_stack": 0.6643638388299198
}
{
  "native_pdb": "/tmp/rna_inf_0zwgoufd/PZ31_Ding_9_solution_normalized.pdb",
  "native_index": null,
  "model_pdb": "/tmp/rna_inf_0w8sytox/PZ31_Ding_9_refined_normalized.pdb",
  "model_index": null,
  "rmsd": 11.582287262607236,
  "inf_all": 0.6973680437544066,
  "inf_wc": 0.8392543274162824,
  "inf_nwc": -1.0,
  "inf_stack": 0.6311528416041716
}
{
  "native_pdb": "/tmp/rna_inf_u88f2wf9/PZ31_Dokholyan_1_solution_normalized.pdb",
  "native_index": null,
  "model_pdb": "/tmp/rna_inf_wdgfdw68/PZ31_Dokholyan_1_refined_normalized.pdb",
  "model_index": null,
  "rmsd": 5.167069875723991,
  "inf_all": 0.8336550215650926,
  "inf_wc": 0.875760539039714,
  "inf_nwc": 0.0,
  "inf_stack": 0.8391463916782737
}
{
  "native_pdb": "/tmp/rna_inf_ft3giica/PZ31_Dokholyan_2_solution_normalized.pdb",
  "native_index": null,
  "model_pdb": "/tmp/rna_inf_yg7pgs5t/PZ31_Dokholyan_2_refined_normalized.pdb",
  "model_index": null,
  "rmsd": 5.017483922118334,
  "inf_all": 0.760638829255665,
  "inf_wc": 0.889108448948774,
  "inf_nwc": 0.0,
  "inf_stack": 0.7393051494605678
}
{
  "native_pdb": "/tmp/rna_inf_h6ymakyj/PZ31_Nithin_1_solution_normalized.pdb",
  "native_index": null,
  "model_pdb": "/tmp/rna_inf_f_es_mvh/PZ31_Nithin_1_refined_normalized.pdb",
  "model_index": null,
  "rmsd": 12.866980282243583,
  "inf_all": 0.8197607712056744,
  "inf_wc": 0.9363821838346235,
  "inf_nwc": -1.0,
  "inf_stack": 0.7800284895082003
}
{
  "native_pdb": "/tmp/rna_inf_5iej60_2/PZ31_Nithin_2_solution_normalized.pdb",
  "native_index": null,
  "model_pdb": "/tmp/rna_inf_j5mnuu_z/PZ31_Nithin_2_refined_normalized.pdb",
  "model_index": null,
  "rmsd": 10.184349554614347,
  "inf_all": 0.8028965419920907,
  "inf_wc": 0.9363821838346235,
  "inf_nwc": -1.0,
  "inf_stack": 0.7530800950958866
}
{
  "native_pdb": "/tmp/rna_inf_d98wmux3/PZ31_Nithin_3_solution_normalized.pdb",
  "native_index": null,
  "model_pdb": "/tmp/rna_inf_52aa_o3g/PZ31_Nithin_3_refined_normalized.pdb",
  "model_index": null,
  "rmsd": 12.691146176510324,
  "inf_all": 0.8197607712056744,
  "inf_wc": 0.9363821838346235,
  "inf_nwc": -1.0,
  "inf_stack": 0.7800284895082003
}
{
  "native_pdb": "/tmp/rna_inf_jwtmonou/PZ31_Nithin_4_solution_normalized.pdb",
  "native_index": null,
  "model_pdb": "/tmp/rna_inf_uxlnnyq_/PZ31_Nithin_4_refined_normalized.pdb",
  "model_index": null,
  "rmsd": 12.547300241531248,
  "inf_all": 0.8169824462375661,
  "inf_wc": 0.9363821838346235,
  "inf_nwc": 0.0,
  "inf_stack": 0.7827936876641306
}
{
  "native_pdb": "/tmp/rna_inf_cr8vluoh/PZ31_Nithin_5_solution_normalized.pdb",
  "native_index": null,
  "model_pdb": "/tmp/rna_inf_goh8mjul/PZ31_Nithin_5_refined_normalized.pdb",
  "model_index": null,
  "rmsd": 11.30931533509322,
  "inf_all": 0.8057762482965359,
  "inf_wc": 0.9363821838346235,
  "inf_nwc": 0.0,
  "inf_stack": 0.764093177458341
}
{
  "native_pdb": "/tmp/rna_inf_3d5cwuz9/PZ31_Perez_1_solution_normalized.pdb",
  "native_index": null,
  "model_pdb": "/tmp/rna_inf_7ov4gb6v/PZ31_Perez_1_refined_normalized.pdb",
  "model_index": null,
  "rmsd": 9.002265754373402,
  "inf_all": 0.6943650748294137,
  "inf_wc": 0.8846517369293828,
  "inf_nwc": 0.0,
  "inf_stack": 0.6285872661926204
}
{
  "native_pdb": "/tmp/rna_inf_182i8s35/PZ31_Perez_10_solution_normalized.pdb",
  "native_index": null,
  "model_pdb": "/tmp/rna_inf_li2u935q/PZ31_Perez_10_refined_normalized.pdb",
  "model_index": null,
  "rmsd": 11.627316128848491,
  "inf_all": 0.7747247335011401,
  "inf_wc": 0.8858795678282981,
  "inf_nwc": 0.0,
  "inf_stack": 0.758946638440411
}
{
  "native_pdb": "/tmp/rna_inf_aanximle/PZ31_Perez_2_solution_normalized.pdb",
  "native_index": null,
  "model_pdb": "/tmp/rna_inf_lk0uxajh/PZ31_Perez_2_refined_normalized.pdb",
  "model_index": null,
  "rmsd": 20.046056903964974,
  "inf_all": 0.667124384994991,
  "inf_wc": 0.8190283593479222,
  "inf_nwc": 0.0,
  "inf_stack": 0.6285872661926204
}
{
  "native_pdb": "/tmp/rna_inf_d5cpx2pv/PZ31_Perez_3_solution_normalized.pdb",
  "native_index": null,
  "model_pdb": "/tmp/rna_inf_1o63g28b/PZ31_Perez_3_refined_normalized.pdb",
  "model_index": null,
  "rmsd": 18.023610967716465,
  "inf_all": 0.7301020754057114,
  "inf_wc": 0.8392543274162824,
  "inf_nwc": 0.0,
  "inf_stack": 0.7111111111111111
}
{
  "native_pdb": "/tmp/rna_inf_nylel2vn/PZ31_Perez_4_solution_normalized.pdb",
  "native_index": null,
  "model_pdb": "/tmp/rna_inf_tg_4z3fl/PZ31_Perez_4_refined_normalized.pdb",
  "model_index": null,
  "rmsd": 16.676777386811924,
  "inf_all": 0.7503246050790371,
  "inf_wc": 0.8190283593479222,
  "inf_nwc": 0.0,
  "inf_stack": 0.7416198487095662
}
{
  "native_pdb": "/tmp/rna_inf_ikkj6bv0/PZ31_Perez_5_solution_normalized.pdb",
  "native_index": null,
  "model_pdb": "/tmp/rna_inf_4nwawbou/PZ31_Perez_5_refined_normalized.pdb",
  "model_index": null,
  "rmsd": 16.24030831079722,
  "inf_all": 0.7694001017897326,
  "inf_wc": 0.8610567718228918,
  "inf_nwc": 0.0,
  "inf_stack": 0.7800284895082003
}
{
  "native_pdb": "/tmp/rna_inf_7of42x94/PZ31_Perez_6_solution_normalized.pdb",
  "native_index": null,
  "model_pdb": "/tmp/rna_inf_jpc8tohh/PZ31_Perez_6_refined_normalized.pdb",
  "model_index": null,
  "rmsd": 14.33272365255771,
  "inf_all": 0.5303948353054367,
  "inf_wc": 0.6255432421712243,
  "inf_nwc": 0.0,
  "inf_stack": 0.5039526306789697
}
{
  "native_pdb": "/tmp/rna_inf_h06i3til/PZ31_Perez_7_solution_normalized.pdb",
  "native_index": null,
  "model_pdb": "/tmp/rna_inf_16pcz6h7/PZ31_Perez_7_refined_normalized.pdb",
  "model_index": null,
  "rmsd": 18.28608431663636,
  "inf_all": 0.6229046508749414,
  "inf_wc": 0.7298004491997617,
  "inf_nwc": 0.0,
  "inf_stack": 0.6126788517448398
}
{
  "native_pdb": "/tmp/rna_inf_0yxx03j6/PZ31_Perez_8_solution_normalized.pdb",
  "native_index": null,
  "model_pdb": "/tmp/rna_inf_kn2pazx2/PZ31_Perez_8_refined_normalized.pdb",
  "model_index": null,
  "rmsd": 17.453807609138472,
  "inf_all": 0.6326437348445769,
  "inf_wc": 0.7372097807744857,
  "inf_nwc": 0.0,
  "inf_stack": 0.6206328908341752
}
{
  "native_pdb": "/tmp/rna_inf_uive7as2/PZ31_Perez_9_solution_normalized.pdb",
  "native_index": null,
  "model_pdb": "/tmp/rna_inf_0mq603o8/PZ31_Perez_9_refined_normalized.pdb",
  "model_index": null,
  "rmsd": 18.860785214917858,
  "inf_all": 0.7437915073806723,
  "inf_wc": 0.8001976040538967,
  "inf_nwc": -1.0,
  "inf_stack": 0.7306770072260991
}
{
  "native_pdb": "/tmp/rna_inf_f5mt7i4g/PZ31_RNAComposer_1_solution_normalized.pdb",
  "native_index": null,
  "model_pdb": "/tmp/rna_inf_mwbk_der/PZ31_RNAComposer_1_refined_normalized.pdb",
  "model_index": null,
  "rmsd": 10.87868849630566,
  "inf_all": 0.749863375533979,
  "inf_wc": 0.9130434782608695,
  "inf_nwc": -1.0,
  "inf_stack": 0.6771111667693442
}
{
  "native_pdb": "/tmp/rna_inf_4wo4vfxb/PZ31_RNAComposer_2_solution_normalized.pdb",
  "native_index": null,
  "model_pdb": "/tmp/rna_inf_wy7u3gfp/PZ31_RNAComposer_2_refined_normalized.pdb",
  "model_index": null,
  "rmsd": 11.14624926943134,
  "inf_all": 0.8110767123122629,
  "inf_wc": 0.9780192938436515,
  "inf_nwc": 0.0,
  "inf_stack": 0.7496587917803454
}
{
  "native_pdb": "/tmp/rna_inf_86k76r8y/PZ31_RNAComposer_3_solution_normalized.pdb",
  "native_index": null,
  "model_pdb": "/tmp/rna_inf_r8nmlu0k/PZ31_RNAComposer_3_refined_normalized.pdb",
  "model_index": null,
  "rmsd": 9.105759108896322,
  "inf_all": 0.7957733781176919,
  "inf_wc": 0.9555330859059091,
  "inf_nwc": -1.0,
  "inf_stack": 0.7306770072260991
}
{
  "native_pdb": "/tmp/rna_inf_cwsg17ne/PZ31_RNAComposer_4_solution_normalized.pdb",
  "native_index": null,
  "model_pdb": "/tmp/rna_inf_yvtvobod/PZ31_RNAComposer_4_refined_normalized.pdb",
  "model_index": null,
  "rmsd": 9.641251290184458,
  "inf_all": 0.7893297629345912,
  "inf_wc": 0.9363821838346235,
  "inf_nwc": -1.0,
  "inf_stack": 0.7254762501100116
}
{
  "native_pdb": "/tmp/rna_inf_tacjqfly/PZ31_RNAComposer_5_solution_normalized.pdb",
  "native_index": null,
  "model_pdb": "/tmp/rna_inf_1pjq3814/PZ31_RNAComposer_5_refined_normalized.pdb",
  "model_index": null,
  "rmsd": 7.60293210919121,
  "inf_all": 0.8005492619939893,
  "inf_wc": 0.9130434782608695,
  "inf_nwc": 0.0,
  "inf_stack": 0.768273325346536
}
{
  "native_pdb": "/tmp/rna_inf_lk1150uj/PZ31_SimRNA_1_solution_normalized.pdb",
  "native_index": null,
  "model_pdb": "/tmp/rna_inf_1cwwox28/PZ31_SimRNA_1_refined_normalized.pdb",
  "model_index": null,
  "rmsd": 6.010027471410794,
  "inf_all": 0.8253564728289858,
  "inf_wc": 0.8996469021204838,
  "inf_nwc": 0.0,
  "inf_stack": 0.8132359171881373
}
{
  "native_pdb": "/tmp/rna_inf_asz9fooa/PZ31_SimRNA_2_solution_normalized.pdb",
  "native_index": null,
  "model_pdb": "/tmp/rna_inf_umhh3p7x/PZ31_SimRNA_2_refined_normalized.pdb",
  "model_index": null,
  "rmsd": 10.350755855010657,
  "inf_all": 0.8004760488371309,
  "inf_wc": 0.917463421851129,
  "inf_nwc": 0.0,
  "inf_stack": 0.766651877999928
}
{
  "native_pdb": "/tmp/rna_inf_btf_2cqo/PZ31_SimRNA_3_solution_normalized.pdb",
  "native_index": null,
  "model_pdb": "/tmp/rna_inf_kuey2_b7/PZ31_SimRNA_3_refined_normalized.pdb",
  "model_index": null,
  "rmsd": 5.971135956731058,
  "inf_all": 0.814277360023978,
  "inf_wc": 0.917463421851129,
  "inf_nwc": 0.0,
  "inf_stack": 0.7961132433870801
}
{
  "native_pdb": "/tmp/rna_inf_8a7wtesl/PZ31_SimRNA_4_solution_normalized.pdb",
  "native_index": null,
  "model_pdb": "/tmp/rna_inf_ysg88elk/PZ31_SimRNA_4_refined_normalized.pdb",
  "model_index": null,
  "rmsd": 7.01184220928944,
  "inf_all": 0.8028965419920907,
  "inf_wc": 0.9363821838346235,
  "inf_nwc": 0.0,
  "inf_stack": 0.7692772189617516
}
{
  "native_pdb": "/tmp/rna_inf_qlorbek6/PZ31_SimRNA_5_solution_normalized.pdb",
  "native_index": null,
  "model_pdb": "/tmp/rna_inf_blbod07f/PZ31_SimRNA_5_refined_normalized.pdb",
  "model_index": null,
  "rmsd": 11.594477495594473,
  "inf_all": 0.7833891945495459,
  "inf_wc": 0.8695652173913043,
  "inf_nwc": 0.0,
  "inf_stack": 0.766651877999928
}
{
  "native_pdb": "/tmp/rna_inf_7h_489rl/PZ31_Szachniuk_1_solution_normalized.pdb",
  "native_index": null,
  "model_pdb": "/tmp/rna_inf_t44iqtkl/PZ31_Szachniuk_1_refined_normalized.pdb",
  "model_index": null,
  "rmsd": 9.380189399637407,
  "inf_all": 0.8301992346604333,
  "inf_wc": 0.9363821838346235,
  "inf_nwc": 0.0,
  "inf_stack": 0.8013876853447538
}
{
  "native_pdb": "/tmp/rna_inf_qelnj4lo/PZ31_Szachniuk_2_solution_normalized.pdb",
  "native_index": null,
  "model_pdb": "/tmp/rna_inf_jxtmks6s/PZ31_Szachniuk_2_refined_normalized.pdb",
  "model_index": null,
  "rmsd": 7.5809296890238285,
  "inf_all": 0.8142857142857143,
  "inf_wc": 0.9363821838346235,
  "inf_nwc": -1.0,
  "inf_stack": 0.7692772189617516
}
{
  "native_pdb": "/tmp/rna_inf_sbc8cftl/PZ31_Szachniuk_3_solution_normalized.pdb",
  "native_index": null,
  "model_pdb": "/tmp/rna_inf_5521uk_o/PZ31_Szachniuk_3_refined_normalized.pdb",
  "model_index": null,
  "rmsd": 5.783442901504791,
  "inf_all": 0.7537023463481829,
  "inf_wc": 0.9325048082403138,
  "inf_nwc": 0.0,
  "inf_stack": 0.695816611257005
}
{
  "native_pdb": "/tmp/rna_inf_iacnblht/PZ31_Szachniuk_4_solution_normalized.pdb",
  "native_index": null,
  "model_pdb": "/tmp/rna_inf_xu0njqil/PZ31_Szachniuk_4_refined_normalized.pdb",
  "model_index": null,
  "rmsd": 12.640309585843951,
  "inf_all": 0.8153742483272113,
  "inf_wc": 0.9363821838346235,
  "inf_nwc": -1.0,
  "inf_stack": 0.768273325346536
}
{
  "native_pdb": "/tmp/rna_inf_t7dzu07a/PZ31_Szachniuk_5_solution_normalized.pdb",
  "native_index": null,
  "model_pdb": "/tmp/rna_inf_sztos7pq/PZ31_Szachniuk_5_refined_normalized.pdb",
  "model_index": null,
  "rmsd": 5.851565428406337,
  "inf_all": 0.760638829255665,
  "inf_wc": 0.8695652173913043,
  "inf_nwc": 0.0,
  "inf_stack": 0.7472978698485586
}
{
  "native_pdb": "/tmp/rna_inf_fvv034nk/PZ31_Xiao_1_solution_normalized.pdb",
  "native_index": null,
  "model_pdb": "/tmp/rna_inf_00hgmkss/PZ31_Xiao_1_refined_normalized.pdb",
  "model_index": null,
  "rmsd": 12.596463094578484,
  "inf_all": 0.7264243303278791,
  "inf_wc": 0.8190283593479222,
  "inf_nwc": -1.0,
  "inf_stack": 0.6966731912120169
}
{
  "native_pdb": "/tmp/rna_inf_ow_ljfaj/PZ31_Xiao_2_solution_normalized.pdb",
  "native_index": null,
  "model_pdb": "/tmp/rna_inf_5gr5ot2_/PZ31_Xiao_2_refined_normalized.pdb",
  "model_index": null,
  "rmsd": 18.495193519486005,
  "inf_all": 0.7378647873726218,
  "inf_wc": 0.8190283593479222,
  "inf_nwc": -1.0,
  "inf_stack": 0.7130677446537661
}
{
  "native_pdb": "/tmp/rna_inf_1g8b33bg/PZ31_Xiao_3_solution_normalized.pdb",
  "native_index": null,
  "model_pdb": "/tmp/rna_inf_o0e5bsq1/PZ31_Xiao_3_refined_normalized.pdb",
  "model_index": null,
  "rmsd": 17.90989447372229,
  "inf_all": 0.7134326703447266,
  "inf_wc": 0.8190283593479222,
  "inf_nwc": -1.0,
  "inf_stack": 0.6751492859105923
}
{
  "native_pdb": "/tmp/rna_inf_m2iw8bez/PZ31_Xiao_4_solution_normalized.pdb",
  "native_index": null,
  "model_pdb": "/tmp/rna_inf_db1g0x17/PZ31_Xiao_4_refined_normalized.pdb",
  "model_index": null,
  "rmsd": 14.488017083006017,
  "inf_all": 0.7194430788361927,
  "inf_wc": 0.8190283593479222,
  "inf_nwc": -1.0,
  "inf_stack": 0.6885303726590963
}
{
  "native_pdb": "/tmp/rna_inf_0eju22ql/PZ31_Xiao_5_solution_normalized.pdb",
  "native_index": null,
  "model_pdb": "/tmp/rna_inf_ycq_48c5/PZ31_Xiao_5_refined_normalized.pdb",
  "model_index": null,
  "rmsd": 11.685529613817176,
  "inf_all": 0.70774785727578,
  "inf_wc": 0.8392543274162824,
  "inf_nwc": -1.0,
  "inf_stack": 0.6592611948214577
}
