2026-03-10 00:35:02 	 START case: PZ31
2026-03-10 00:35:02 	 caseDir: D:\Studia\Projekty\gsp-lab\data\finished\PZ31
2026-03-10 00:35:02 	 pdbDir: D:\Studia\Projekty\gsp-lab\data\finished\PZ31\pdb
2026-03-10 00:35:02 	 Found pdb count: 145
2026-03-10 00:35:02 	 Global solution: PZ31_solution_0.pdb
2026-03-10 00:35:02 	 RUN refined_pair target=PZ31_Bujnicki_1_solution.pdb model=PZ31_Bujnicki_1_refined.pdb -> id=Bujnicki_1
2026-03-10 00:35:02 	 Docker cmd: docker run --rm -v D:\Studia\Projekty\gsp-lab:/work -v D:\Studia\Projekty\RNA_assessment:/rna_assessment -e RNA_ASSESSMENT_ROOT=/rna_assessment -e PYTHONPATH=/rna_assessment mcannotate-runtime python3 /work/src/utils/INF.py /work/data/finished/PZ31/pdb/PZ31_Bujnicki_1_solution.pdb /work/data/finished/PZ31/pdb/PZ31_Bujnicki_1_refined.pdb
2026-03-10 00:35:04 	 Docker exit code: 0
2026-03-10 00:35:04 	 Docker output length: 358
2026-03-10 00:35:04 	 Saved CSV: PZ31,Bujnicki_1,Bujnicki,1,refined_pair,0.8226127456606226,0.9363821838346235,-1,PZ31_Bujnicki_1_solution.pdb,PZ31_Bujnicki_1_refined.pdb
2026-03-10 00:35:04 	 RUN refined_pair target=PZ31_Bujnicki_2_solution.pdb model=PZ31_Bujnicki_2_refined.pdb -> id=Bujnicki_2
2026-03-10 00:35:04 	 Docker cmd: docker run --rm -v D:\Studia\Projekty\gsp-lab:/work -v D:\Studia\Projekty\RNA_assessment:/rna_assessment -e RNA_ASSESSMENT_ROOT=/rna_assessment -e PYTHONPATH=/rna_assessment mcannotate-runtime python3 /work/src/utils/INF.py /work/data/finished/PZ31/pdb/PZ31_Bujnicki_2_solution.pdb /work/data/finished/PZ31/pdb/PZ31_Bujnicki_2_refined.pdb
2026-03-10 00:35:07 	 Docker exit code: 0
2026-03-10 00:35:07 	 Docker output length: 355
2026-03-10 00:35:07 	 Saved CSV: PZ31,Bujnicki_2,Bujnicki,2,refined_pair,0.828078671210825,0.9130434782608695,0,PZ31_Bujnicki_2_solution.pdb,PZ31_Bujnicki_2_refined.pdb
2026-03-10 00:35:07 	 RUN refined_pair target=PZ31_Bujnicki_3_solution.pdb model=PZ31_Bujnicki_3_refined.pdb -> id=Bujnicki_3
2026-03-10 00:35:07 	 Docker cmd: docker run --rm -v D:\Studia\Projekty\gsp-lab:/work -v D:\Studia\Projekty\RNA_assessment:/rna_assessment -e RNA_ASSESSMENT_ROOT=/rna_assessment -e PYTHONPATH=/rna_assessment mcannotate-runtime python3 /work/src/utils/INF.py /work/data/finished/PZ31/pdb/PZ31_Bujnicki_3_solution.pdb /work/data/finished/PZ31/pdb/PZ31_Bujnicki_3_refined.pdb
2026-03-10 00:35:10 	 Docker exit code: 0
2026-03-10 00:35:10 	 Docker output length: 356
2026-03-10 00:35:10 	 Saved CSV: PZ31,Bujnicki_3,Bujnicki,3,refined_pair,0.8113673800691725,0.9565217391304348,0,PZ31_Bujnicki_3_solution.pdb,PZ31_Bujnicki_3_refined.pdb
2026-03-10 00:35:10 	 RUN refined_pair target=PZ31_Bujnicki_4_solution.pdb model=PZ31_Bujnicki_4_refined.pdb -> id=Bujnicki_4
2026-03-10 00:35:10 	 Docker cmd: docker run --rm -v D:\Studia\Projekty\gsp-lab:/work -v D:\Studia\Projekty\RNA_assessment:/rna_assessment -e RNA_ASSESSMENT_ROOT=/rna_assessment -e PYTHONPATH=/rna_assessment mcannotate-runtime python3 /work/src/utils/INF.py /work/data/finished/PZ31/pdb/PZ31_Bujnicki_4_solution.pdb /work/data/finished/PZ31/pdb/PZ31_Bujnicki_4_refined.pdb
2026-03-10 00:35:13 	 Docker exit code: 0
2026-03-10 00:35:13 	 Docker output length: 358
2026-03-10 00:35:13 	 Saved CSV: PZ31,Bujnicki_4,Bujnicki,4,refined_pair,0.8592401589739919,0.9565217391304348,-1,PZ31_Bujnicki_4_solution.pdb,PZ31_Bujnicki_4_refined.pdb
2026-03-10 00:35:13 	 RUN refined_pair target=PZ31_Bujnicki_5_solution.pdb model=PZ31_Bujnicki_5_refined.pdb -> id=Bujnicki_5
2026-03-10 00:35:13 	 Docker cmd: docker run --rm -v D:\Studia\Projekty\gsp-lab:/work -v D:\Studia\Projekty\RNA_assessment:/rna_assessment -e RNA_ASSESSMENT_ROOT=/rna_assessment -e PYTHONPATH=/rna_assessment mcannotate-runtime python3 /work/src/utils/INF.py /work/data/finished/PZ31/pdb/PZ31_Bujnicki_5_solution.pdb /work/data/finished/PZ31/pdb/PZ31_Bujnicki_5_refined.pdb
2026-03-10 00:35:16 	 Docker exit code: 0
2026-03-10 00:35:16 	 Docker output length: 354
2026-03-10 00:35:16 	 Saved CSV: PZ31,Bujnicki_5,Bujnicki,5,refined_pair,0.828078671210825,0.917463421851129,0,PZ31_Bujnicki_5_solution.pdb,PZ31_Bujnicki_5_refined.pdb
2026-03-10 00:35:16 	 RUN refined_pair target=PZ31_Chen_1_solution.pdb model=PZ31_Chen_1_refined.pdb -> id=Chen_1
2026-03-10 00:35:16 	 Docker cmd: docker run --rm -v D:\Studia\Projekty\gsp-lab:/work -v D:\Studia\Projekty\RNA_assessment:/rna_assessment -e RNA_ASSESSMENT_ROOT=/rna_assessment -e PYTHONPATH=/rna_assessment mcannotate-runtime python3 /work/src/utils/INF.py /work/data/finished/PZ31/pdb/PZ31_Chen_1_solution.pdb /work/data/finished/PZ31/pdb/PZ31_Chen_1_refined.pdb
2026-03-10 00:35:19 	 Docker exit code: 0
2026-03-10 00:35:19 	 Docker output length: 348
2026-03-10 00:35:19 	 Saved CSV: PZ31,Chen_1,Chen,1,refined_pair,0.8393455655887991,0.9789450103725609,0,PZ31_Chen_1_solution.pdb,PZ31_Chen_1_refined.pdb
2026-03-10 00:35:19 	 RUN refined_pair target=PZ31_Chen_10_solution.pdb model=PZ31_Chen_10_refined.pdb -> id=Chen_10
2026-03-10 00:35:19 	 Docker cmd: docker run --rm -v D:\Studia\Projekty\gsp-lab:/work -v D:\Studia\Projekty\RNA_assessment:/rna_assessment -e RNA_ASSESSMENT_ROOT=/rna_assessment -e PYTHONPATH=/rna_assessment mcannotate-runtime python3 /work/src/utils/INF.py /work/data/finished/PZ31/pdb/PZ31_Chen_10_solution.pdb /work/data/finished/PZ31/pdb/PZ31_Chen_10_refined.pdb
2026-03-10 00:35:22 	 Docker exit code: 0
2026-03-10 00:35:22 	 Docker output length: 351
2026-03-10 00:35:22 	 Saved CSV: PZ31,Chen_10,Chen,10,refined_pair,0.8598492073268774,0.9130434782608695,-1,PZ31_Chen_10_solution.pdb,PZ31_Chen_10_refined.pdb
2026-03-10 00:35:22 	 RUN refined_pair target=PZ31_Chen_2_solution.pdb model=PZ31_Chen_2_refined.pdb -> id=Chen_2
2026-03-10 00:35:22 	 Docker cmd: docker run --rm -v D:\Studia\Projekty\gsp-lab:/work -v D:\Studia\Projekty\RNA_assessment:/rna_assessment -e RNA_ASSESSMENT_ROOT=/rna_assessment -e PYTHONPATH=/rna_assessment mcannotate-runtime python3 /work/src/utils/INF.py /work/data/finished/PZ31/pdb/PZ31_Chen_2_solution.pdb /work/data/finished/PZ31/pdb/PZ31_Chen_2_refined.pdb
2026-03-10 00:35:25 	 Docker exit code: 0
2026-03-10 00:35:25 	 Docker output length: 348
2026-03-10 00:35:25 	 Saved CSV: PZ31,Chen_2,Chen,2,refined_pair,0.7780780201274198,0.9130434782608695,0,PZ31_Chen_2_solution.pdb,PZ31_Chen_2_refined.pdb
2026-03-10 00:35:25 	 RUN refined_pair target=PZ31_Chen_3_solution.pdb model=PZ31_Chen_3_refined.pdb -> id=Chen_3
2026-03-10 00:35:25 	 Docker cmd: docker run --rm -v D:\Studia\Projekty\gsp-lab:/work -v D:\Studia\Projekty\RNA_assessment:/rna_assessment -e RNA_ASSESSMENT_ROOT=/rna_assessment -e PYTHONPATH=/rna_assessment mcannotate-runtime python3 /work/src/utils/INF.py /work/data/finished/PZ31/pdb/PZ31_Chen_3_solution.pdb /work/data/finished/PZ31/pdb/PZ31_Chen_3_refined.pdb
2026-03-10 00:35:28 	 Docker exit code: 0
2026-03-10 00:35:28 	 Docker output length: 348
2026-03-10 00:35:28 	 Saved CSV: PZ31,Chen_3,Chen,3,refined_pair,0.7801614649986327,0.9335638713962128,0,PZ31_Chen_3_solution.pdb,PZ31_Chen_3_refined.pdb
2026-03-10 00:35:28 	 RUN refined_pair target=PZ31_Chen_4_solution.pdb model=PZ31_Chen_4_refined.pdb -> id=Chen_4
2026-03-10 00:35:28 	 Docker cmd: docker run --rm -v D:\Studia\Projekty\gsp-lab:/work -v D:\Studia\Projekty\RNA_assessment:/rna_assessment -e RNA_ASSESSMENT_ROOT=/rna_assessment -e PYTHONPATH=/rna_assessment mcannotate-runtime python3 /work/src/utils/INF.py /work/data/finished/PZ31/pdb/PZ31_Chen_4_solution.pdb /work/data/finished/PZ31/pdb/PZ31_Chen_4_refined.pdb
2026-03-10 00:35:31 	 Docker exit code: 0
2026-03-10 00:35:31 	 Docker output length: 347
2026-03-10 00:35:32 	 Saved CSV: PZ31,Chen_4,Chen,4,refined_pair,0.8004760488371309,0.917463421851129,0,PZ31_Chen_4_solution.pdb,PZ31_Chen_4_refined.pdb
2026-03-10 00:35:32 	 RUN refined_pair target=PZ31_Chen_5_solution.pdb model=PZ31_Chen_5_refined.pdb -> id=Chen_5
2026-03-10 00:35:32 	 Docker cmd: docker run --rm -v D:\Studia\Projekty\gsp-lab:/work -v D:\Studia\Projekty\RNA_assessment:/rna_assessment -e RNA_ASSESSMENT_ROOT=/rna_assessment -e PYTHONPATH=/rna_assessment mcannotate-runtime python3 /work/src/utils/INF.py /work/data/finished/PZ31/pdb/PZ31_Chen_5_solution.pdb /work/data/finished/PZ31/pdb/PZ31_Chen_5_refined.pdb
2026-03-10 00:35:35 	 Docker exit code: 0
2026-03-10 00:35:35 	 Docker output length: 348
2026-03-10 00:35:35 	 Saved CSV: PZ31,Chen_5,Chen,5,refined_pair,0.7571428571428571,0.9130434782608695,0,PZ31_Chen_5_solution.pdb,PZ31_Chen_5_refined.pdb
2026-03-10 00:35:35 	 RUN refined_pair target=PZ31_Chen_6_solution.pdb model=PZ31_Chen_6_refined.pdb -> id=Chen_6
2026-03-10 00:35:35 	 Docker cmd: docker run --rm -v D:\Studia\Projekty\gsp-lab:/work -v D:\Studia\Projekty\RNA_assessment:/rna_assessment -e RNA_ASSESSMENT_ROOT=/rna_assessment -e PYTHONPATH=/rna_assessment mcannotate-runtime python3 /work/src/utils/INF.py /work/data/finished/PZ31/pdb/PZ31_Chen_6_solution.pdb /work/data/finished/PZ31/pdb/PZ31_Chen_6_refined.pdb
2026-03-10 00:35:39 	 Docker exit code: 0
2026-03-10 00:35:39 	 Docker output length: 348
2026-03-10 00:35:39 	 Saved CSV: PZ31,Chen_6,Chen,6,refined_pair,0.809173593712687,0.893819357296686,-1,PZ31_Chen_6_solution.pdb,PZ31_Chen_6_refined.pdb
2026-03-10 00:35:39 	 RUN refined_pair target=PZ31_Chen_7_solution.pdb model=PZ31_Chen_7_refined.pdb -> id=Chen_7
2026-03-10 00:35:39 	 Docker cmd: docker run --rm -v D:\Studia\Projekty\gsp-lab:/work -v D:\Studia\Projekty\RNA_assessment:/rna_assessment -e RNA_ASSESSMENT_ROOT=/rna_assessment -e PYTHONPATH=/rna_assessment mcannotate-runtime python3 /work/src/utils/INF.py /work/data/finished/PZ31/pdb/PZ31_Chen_7_solution.pdb /work/data/finished/PZ31/pdb/PZ31_Chen_7_refined.pdb
2026-03-10 00:35:42 	 Docker exit code: 0
2026-03-10 00:35:42 	 Docker output length: 349
2026-03-10 00:35:42 	 Saved CSV: PZ31,Chen_7,Chen,7,refined_pair,0.8345539714499836,0.8996469021204838,-1,PZ31_Chen_7_solution.pdb,PZ31_Chen_7_refined.pdb
2026-03-10 00:35:42 	 RUN refined_pair target=PZ31_Chen_8_solution.pdb model=PZ31_Chen_8_refined.pdb -> id=Chen_8
2026-03-10 00:35:42 	 Docker cmd: docker run --rm -v D:\Studia\Projekty\gsp-lab:/work -v D:\Studia\Projekty\RNA_assessment:/rna_assessment -e RNA_ASSESSMENT_ROOT=/rna_assessment -e PYTHONPATH=/rna_assessment mcannotate-runtime python3 /work/src/utils/INF.py /work/data/finished/PZ31/pdb/PZ31_Chen_8_solution.pdb /work/data/finished/PZ31/pdb/PZ31_Chen_8_refined.pdb
2026-03-10 00:35:45 	 Docker exit code: 0
2026-03-10 00:35:45 	 Docker output length: 333
2026-03-10 00:35:45 	 Saved CSV: PZ31,Chen_8,Chen,8,refined_pair,0.8,0.9565217391304348,0,PZ31_Chen_8_solution.pdb,PZ31_Chen_8_refined.pdb
2026-03-10 00:35:45 	 RUN refined_pair target=PZ31_Chen_9_solution.pdb model=PZ31_Chen_9_refined.pdb -> id=Chen_9
2026-03-10 00:35:45 	 Docker cmd: docker run --rm -v D:\Studia\Projekty\gsp-lab:/work -v D:\Studia\Projekty\RNA_assessment:/rna_assessment -e RNA_ASSESSMENT_ROOT=/rna_assessment -e PYTHONPATH=/rna_assessment mcannotate-runtime python3 /work/src/utils/INF.py /work/data/finished/PZ31/pdb/PZ31_Chen_9_solution.pdb /work/data/finished/PZ31/pdb/PZ31_Chen_9_refined.pdb
2026-03-10 00:35:48 	 Docker exit code: 0
2026-03-10 00:35:48 	 Docker output length: 349
2026-03-10 00:35:48 	 Saved CSV: PZ31,Chen_9,Chen,9,refined_pair,0.7980986475663052,0.9335638713962128,-1,PZ31_Chen_9_solution.pdb,PZ31_Chen_9_refined.pdb
2026-03-10 00:35:48 	 RUN refined_pair target=PZ31_Dfold_1_solution.pdb model=PZ31_Dfold_1_refined.pdb -> id=Dfold_1
2026-03-10 00:35:48 	 Docker cmd: docker run --rm -v D:\Studia\Projekty\gsp-lab:/work -v D:\Studia\Projekty\RNA_assessment:/rna_assessment -e RNA_ASSESSMENT_ROOT=/rna_assessment -e PYTHONPATH=/rna_assessment mcannotate-runtime python3 /work/src/utils/INF.py /work/data/finished/PZ31/pdb/PZ31_Dfold_1_solution.pdb /work/data/finished/PZ31/pdb/PZ31_Dfold_1_refined.pdb
2026-03-10 00:35:50 	 Docker exit code: 0
2026-03-10 00:35:50 	 Docker output length: 337
2026-03-10 00:35:50 	 Saved CSV: PZ31,Dfold_1,Dfold,1,refined_pair,0.4366630316097336,0,-1,PZ31_Dfold_1_solution.pdb,PZ31_Dfold_1_refined.pdb
2026-03-10 00:35:50 	 RUN refined_pair target=PZ31_Dfold_10_solution.pdb model=PZ31_Dfold_10_refined.pdb -> id=Dfold_10
2026-03-10 00:35:50 	 Docker cmd: docker run --rm -v D:\Studia\Projekty\gsp-lab:/work -v D:\Studia\Projekty\RNA_assessment:/rna_assessment -e RNA_ASSESSMENT_ROOT=/rna_assessment -e PYTHONPATH=/rna_assessment mcannotate-runtime python3 /work/src/utils/INF.py /work/data/finished/PZ31/pdb/PZ31_Dfold_10_solution.pdb /work/data/finished/PZ31/pdb/PZ31_Dfold_10_refined.pdb
2026-03-10 00:35:52 	 Docker exit code: 0
2026-03-10 00:35:52 	 Docker output length: 354
2026-03-10 00:35:52 	 Saved CSV: PZ31,Dfold_10,Dfold,10,refined_pair,0.5002164033860247,0.36490022459988086,0,PZ31_Dfold_10_solution.pdb,PZ31_Dfold_10_refined.pdb
2026-03-10 00:35:53 	 RUN refined_pair target=PZ31_Dfold_2_solution.pdb model=PZ31_Dfold_2_refined.pdb -> id=Dfold_2
2026-03-10 00:35:53 	 Docker cmd: docker run --rm -v D:\Studia\Projekty\gsp-lab:/work -v D:\Studia\Projekty\RNA_assessment:/rna_assessment -e RNA_ASSESSMENT_ROOT=/rna_assessment -e PYTHONPATH=/rna_assessment mcannotate-runtime python3 /work/src/utils/INF.py /work/data/finished/PZ31/pdb/PZ31_Dfold_2_solution.pdb /work/data/finished/PZ31/pdb/PZ31_Dfold_2_refined.pdb
2026-03-10 00:35:55 	 Docker exit code: 0
2026-03-10 00:35:55 	 Docker output length: 350
2026-03-10 00:35:55 	 Saved CSV: PZ31,Dfold_2,Dfold,2,refined_pair,0.7172648495980161,0.7506518906054691,0,PZ31_Dfold_2_solution.pdb,PZ31_Dfold_2_refined.pdb
2026-03-10 00:35:55 	 RUN refined_pair target=PZ31_Dfold_3_solution.pdb model=PZ31_Dfold_3_refined.pdb -> id=Dfold_3
2026-03-10 00:35:55 	 Docker cmd: docker run --rm -v D:\Studia\Projekty\gsp-lab:/work -v D:\Studia\Projekty\RNA_assessment:/rna_assessment -e RNA_ASSESSMENT_ROOT=/rna_assessment -e PYTHONPATH=/rna_assessment mcannotate-runtime python3 /work/src/utils/INF.py /work/data/finished/PZ31/pdb/PZ31_Dfold_3_solution.pdb /work/data/finished/PZ31/pdb/PZ31_Dfold_3_refined.pdb
2026-03-10 00:35:58 	 Docker exit code: 0
2026-03-10 00:35:58 	 Docker output length: 352
2026-03-10 00:35:58 	 Saved CSV: PZ31,Dfold_3,Dfold,3,refined_pair,0.46924458035280087,0.2222771122371935,0,PZ31_Dfold_3_solution.pdb,PZ31_Dfold_3_refined.pdb
2026-03-10 00:35:58 	 RUN refined_pair target=PZ31_Dfold_4_solution.pdb model=PZ31_Dfold_4_refined.pdb -> id=Dfold_4
2026-03-10 00:35:58 	 Docker cmd: docker run --rm -v D:\Studia\Projekty\gsp-lab:/work -v D:\Studia\Projekty\RNA_assessment:/rna_assessment -e RNA_ASSESSMENT_ROOT=/rna_assessment -e PYTHONPATH=/rna_assessment mcannotate-runtime python3 /work/src/utils/INF.py /work/data/finished/PZ31/pdb/PZ31_Dfold_4_solution.pdb /work/data/finished/PZ31/pdb/PZ31_Dfold_4_refined.pdb
2026-03-10 00:36:01 	 Docker exit code: 0
2026-03-10 00:36:01 	 Docker output length: 337
2026-03-10 00:36:01 	 Saved CSV: PZ31,Dfold_4,Dfold,4,refined_pair,0.36776414156615705,0,0,PZ31_Dfold_4_solution.pdb,PZ31_Dfold_4_refined.pdb
2026-03-10 00:36:01 	 RUN refined_pair target=PZ31_Dfold_5_solution.pdb model=PZ31_Dfold_5_refined.pdb -> id=Dfold_5
2026-03-10 00:36:01 	 Docker cmd: docker run --rm -v D:\Studia\Projekty\gsp-lab:/work -v D:\Studia\Projekty\RNA_assessment:/rna_assessment -e RNA_ASSESSMENT_ROOT=/rna_assessment -e PYTHONPATH=/rna_assessment mcannotate-runtime python3 /work/src/utils/INF.py /work/data/finished/PZ31/pdb/PZ31_Dfold_5_solution.pdb /work/data/finished/PZ31/pdb/PZ31_Dfold_5_refined.pdb
2026-03-10 00:36:04 	 Docker exit code: 0
2026-03-10 00:36:04 	 Docker output length: 337
2026-03-10 00:36:04 	 Saved CSV: PZ31,Dfold_5,Dfold,5,refined_pair,0.38844929803367795,0,0,PZ31_Dfold_5_solution.pdb,PZ31_Dfold_5_refined.pdb
2026-03-10 00:36:05 	 RUN refined_pair target=PZ31_Dfold_6_solution.pdb model=PZ31_Dfold_6_refined.pdb -> id=Dfold_6
2026-03-10 00:36:05 	 Docker cmd: docker run --rm -v D:\Studia\Projekty\gsp-lab:/work -v D:\Studia\Projekty\RNA_assessment:/rna_assessment -e RNA_ASSESSMENT_ROOT=/rna_assessment -e PYTHONPATH=/rna_assessment mcannotate-runtime python3 /work/src/utils/INF.py /work/data/finished/PZ31/pdb/PZ31_Dfold_6_solution.pdb /work/data/finished/PZ31/pdb/PZ31_Dfold_6_refined.pdb
2026-03-10 00:36:07 	 Docker exit code: 0
2026-03-10 00:36:07 	 Docker output length: 337
2026-03-10 00:36:07 	 Saved CSV: PZ31,Dfold_6,Dfold,6,refined_pair,0.40023802441856543,0,0,PZ31_Dfold_6_solution.pdb,PZ31_Dfold_6_refined.pdb
2026-03-10 00:36:07 	 RUN refined_pair target=PZ31_Dfold_7_solution.pdb model=PZ31_Dfold_7_refined.pdb -> id=Dfold_7
2026-03-10 00:36:07 	 Docker cmd: docker run --rm -v D:\Studia\Projekty\gsp-lab:/work -v D:\Studia\Projekty\RNA_assessment:/rna_assessment -e RNA_ASSESSMENT_ROOT=/rna_assessment -e PYTHONPATH=/rna_assessment mcannotate-runtime python3 /work/src/utils/INF.py /work/data/finished/PZ31/pdb/PZ31_Dfold_7_solution.pdb /work/data/finished/PZ31/pdb/PZ31_Dfold_7_refined.pdb
2026-03-10 00:36:10 	 Docker exit code: 0
2026-03-10 00:36:10 	 Docker output length: 335
2026-03-10 00:36:10 	 Saved CSV: PZ31,Dfold_7,Dfold,7,refined_pair,0.3650510377028557,0,0,PZ31_Dfold_7_solution.pdb,PZ31_Dfold_7_refined.pdb
2026-03-10 00:36:10 	 RUN refined_pair target=PZ31_Dfold_8_solution.pdb model=PZ31_Dfold_8_refined.pdb -> id=Dfold_8
2026-03-10 00:36:10 	 Docker cmd: docker run --rm -v D:\Studia\Projekty\gsp-lab:/work -v D:\Studia\Projekty\RNA_assessment:/rna_assessment -e RNA_ASSESSMENT_ROOT=/rna_assessment -e PYTHONPATH=/rna_assessment mcannotate-runtime python3 /work/src/utils/INF.py /work/data/finished/PZ31/pdb/PZ31_Dfold_8_solution.pdb /work/data/finished/PZ31/pdb/PZ31_Dfold_8_refined.pdb
2026-03-10 00:36:12 	 Docker exit code: 0
2026-03-10 00:36:12 	 Docker output length: 349
2026-03-10 00:36:12 	 Saved CSV: PZ31,Dfold_8,Dfold,8,refined_pair,0.373508940416998,0.05212860351426869,0,PZ31_Dfold_8_solution.pdb,PZ31_Dfold_8_refined.pdb
2026-03-10 00:36:12 	 RUN refined_pair target=PZ31_Dfold_9_solution.pdb model=PZ31_Dfold_9_refined.pdb -> id=Dfold_9
2026-03-10 00:36:12 	 Docker cmd: docker run --rm -v D:\Studia\Projekty\gsp-lab:/work -v D:\Studia\Projekty\RNA_assessment:/rna_assessment -e RNA_ASSESSMENT_ROOT=/rna_assessment -e PYTHONPATH=/rna_assessment mcannotate-runtime python3 /work/src/utils/INF.py /work/data/finished/PZ31/pdb/PZ31_Dfold_9_solution.pdb /work/data/finished/PZ31/pdb/PZ31_Dfold_9_refined.pdb
2026-03-10 00:36:15 	 Docker exit code: 0
2026-03-10 00:36:15 	 Docker output length: 336
2026-03-10 00:36:15 	 Saved CSV: PZ31,Dfold_9,Dfold,9,refined_pair,0.3688036016357173,0,0,PZ31_Dfold_9_solution.pdb,PZ31_Dfold_9_refined.pdb
2026-03-10 00:36:15 	 RUN refined_pair target=PZ31_Ding_1_solution.pdb model=PZ31_Ding_1_refined.pdb -> id=Ding_1
2026-03-10 00:36:15 	 Docker cmd: docker run --rm -v D:\Studia\Projekty\gsp-lab:/work -v D:\Studia\Projekty\RNA_assessment:/rna_assessment -e RNA_ASSESSMENT_ROOT=/rna_assessment -e PYTHONPATH=/rna_assessment mcannotate-runtime python3 /work/src/utils/INF.py /work/data/finished/PZ31/pdb/PZ31_Ding_1_solution.pdb /work/data/finished/PZ31/pdb/PZ31_Ding_1_refined.pdb
2026-03-10 00:36:17 	 Docker exit code: 0
2026-03-10 00:36:17 	 Docker output length: 349
2026-03-10 00:36:17 	 Saved CSV: PZ31,Ding_1,Ding,1,refined_pair,0.7757282939050968,0.9363821838346235,-1,PZ31_Ding_1_solution.pdb,PZ31_Ding_1_refined.pdb
2026-03-10 00:36:17 	 RUN refined_pair target=PZ31_Ding_10_solution.pdb model=PZ31_Ding_10_refined.pdb -> id=Ding_10
2026-03-10 00:36:17 	 Docker cmd: docker run --rm -v D:\Studia\Projekty\gsp-lab:/work -v D:\Studia\Projekty\RNA_assessment:/rna_assessment -e RNA_ASSESSMENT_ROOT=/rna_assessment -e PYTHONPATH=/rna_assessment mcannotate-runtime python3 /work/src/utils/INF.py /work/data/finished/PZ31/pdb/PZ31_Ding_10_solution.pdb /work/data/finished/PZ31/pdb/PZ31_Ding_10_refined.pdb
2026-03-10 00:36:20 	 Docker exit code: 0
2026-03-10 00:36:20 	 Docker output length: 351
2026-03-10 00:36:20 	 Saved CSV: PZ31,Ding_10,Ding,10,refined_pair,0.6961432213383857,0.8132202844993978,-1,PZ31_Ding_10_solution.pdb,PZ31_Ding_10_refined.pdb
2026-03-10 00:36:20 	 RUN refined_pair target=PZ31_Ding_2_solution.pdb model=PZ31_Ding_2_refined.pdb -> id=Ding_2
2026-03-10 00:36:20 	 Docker cmd: docker run --rm -v D:\Studia\Projekty\gsp-lab:/work -v D:\Studia\Projekty\RNA_assessment:/rna_assessment -e RNA_ASSESSMENT_ROOT=/rna_assessment -e PYTHONPATH=/rna_assessment mcannotate-runtime python3 /work/src/utils/INF.py /work/data/finished/PZ31/pdb/PZ31_Ding_2_solution.pdb /work/data/finished/PZ31/pdb/PZ31_Ding_2_refined.pdb
2026-03-10 00:36:22 	 Docker exit code: 0
2026-03-10 00:36:22 	 Docker output length: 349
2026-03-10 00:36:22 	 Saved CSV: PZ31,Ding_2,Ding,2,refined_pair,0.7552154687985863,0.9363821838346235,-1,PZ31_Ding_2_solution.pdb,PZ31_Ding_2_refined.pdb
2026-03-10 00:36:22 	 RUN refined_pair target=PZ31_Ding_3_solution.pdb model=PZ31_Ding_3_refined.pdb -> id=Ding_3
2026-03-10 00:36:22 	 Docker cmd: docker run --rm -v D:\Studia\Projekty\gsp-lab:/work -v D:\Studia\Projekty\RNA_assessment:/rna_assessment -e RNA_ASSESSMENT_ROOT=/rna_assessment -e PYTHONPATH=/rna_assessment mcannotate-runtime python3 /work/src/utils/INF.py /work/data/finished/PZ31/pdb/PZ31_Ding_3_solution.pdb /work/data/finished/PZ31/pdb/PZ31_Ding_3_refined.pdb
2026-03-10 00:36:25 	 Docker exit code: 0
2026-03-10 00:36:25 	 Docker output length: 349
2026-03-10 00:36:25 	 Saved CSV: PZ31,Ding_3,Ding,3,refined_pair,0.7376236641748547,0.9363821838346235,-1,PZ31_Ding_3_solution.pdb,PZ31_Ding_3_refined.pdb
2026-03-10 00:36:25 	 RUN refined_pair target=PZ31_Ding_4_solution.pdb model=PZ31_Ding_4_refined.pdb -> id=Ding_4
2026-03-10 00:36:25 	 Docker cmd: docker run --rm -v D:\Studia\Projekty\gsp-lab:/work -v D:\Studia\Projekty\RNA_assessment:/rna_assessment -e RNA_ASSESSMENT_ROOT=/rna_assessment -e PYTHONPATH=/rna_assessment mcannotate-runtime python3 /work/src/utils/INF.py /work/data/finished/PZ31/pdb/PZ31_Ding_4_solution.pdb /work/data/finished/PZ31/pdb/PZ31_Ding_4_refined.pdb
2026-03-10 00:36:28 	 Docker exit code: 0
2026-03-10 00:36:28 	 Docker output length: 348
2026-03-10 00:36:28 	 Saved CSV: PZ31,Ding_4,Ding,4,refined_pair,0.7387977412160084,0.889108448948774,-1,PZ31_Ding_4_solution.pdb,PZ31_Ding_4_refined.pdb
2026-03-10 00:36:28 	 RUN refined_pair target=PZ31_Ding_5_solution.pdb model=PZ31_Ding_5_refined.pdb -> id=Ding_5
2026-03-10 00:36:28 	 Docker cmd: docker run --rm -v D:\Studia\Projekty\gsp-lab:/work -v D:\Studia\Projekty\RNA_assessment:/rna_assessment -e RNA_ASSESSMENT_ROOT=/rna_assessment -e PYTHONPATH=/rna_assessment mcannotate-runtime python3 /work/src/utils/INF.py /work/data/finished/PZ31/pdb/PZ31_Ding_5_solution.pdb /work/data/finished/PZ31/pdb/PZ31_Ding_5_refined.pdb
2026-03-10 00:36:31 	 Docker exit code: 0
2026-03-10 00:36:31 	 Docker output length: 347
2026-03-10 00:36:31 	 Saved CSV: PZ31,Ding_5,Ding,5,refined_pair,0.725225744821832,0.8392543274162824,0,PZ31_Ding_5_solution.pdb,PZ31_Ding_5_refined.pdb
2026-03-10 00:36:31 	 RUN refined_pair target=PZ31_Ding_6_solution.pdb model=PZ31_Ding_6_refined.pdb -> id=Ding_6
2026-03-10 00:36:31 	 Docker cmd: docker run --rm -v D:\Studia\Projekty\gsp-lab:/work -v D:\Studia\Projekty\RNA_assessment:/rna_assessment -e RNA_ASSESSMENT_ROOT=/rna_assessment -e PYTHONPATH=/rna_assessment mcannotate-runtime python3 /work/src/utils/INF.py /work/data/finished/PZ31/pdb/PZ31_Ding_6_solution.pdb /work/data/finished/PZ31/pdb/PZ31_Ding_6_refined.pdb
2026-03-10 00:36:35 	 Docker exit code: 0
2026-03-10 00:36:35 	 Docker output length: 349
2026-03-10 00:36:35 	 Saved CSV: PZ31,Ding_6,Ding,6,refined_pair,0.6895445584682744,0.8392543274162824,-1,PZ31_Ding_6_solution.pdb,PZ31_Ding_6_refined.pdb
2026-03-10 00:36:35 	 RUN refined_pair target=PZ31_Ding_7_solution.pdb model=PZ31_Ding_7_refined.pdb -> id=Ding_7
2026-03-10 00:36:35 	 Docker cmd: docker run --rm -v D:\Studia\Projekty\gsp-lab:/work -v D:\Studia\Projekty\RNA_assessment:/rna_assessment -e RNA_ASSESSMENT_ROOT=/rna_assessment -e PYTHONPATH=/rna_assessment mcannotate-runtime python3 /work/src/utils/INF.py /work/data/finished/PZ31/pdb/PZ31_Ding_7_solution.pdb /work/data/finished/PZ31/pdb/PZ31_Ding_7_refined.pdb
2026-03-10 00:36:38 	 Docker exit code: 0
2026-03-10 00:36:38 	 Docker output length: 350
2026-03-10 00:36:38 	 Saved CSV: PZ31,Ding_7,Ding,7,refined_pair,0.7062354231461375,0.8392543274162824,-1,PZ31_Ding_7_solution.pdb,PZ31_Ding_7_refined.pdb
2026-03-10 00:36:38 	 RUN refined_pair target=PZ31_Ding_8_solution.pdb model=PZ31_Ding_8_refined.pdb -> id=Ding_8
2026-03-10 00:36:38 	 Docker cmd: docker run --rm -v D:\Studia\Projekty\gsp-lab:/work -v D:\Studia\Projekty\RNA_assessment:/rna_assessment -e RNA_ASSESSMENT_ROOT=/rna_assessment -e PYTHONPATH=/rna_assessment mcannotate-runtime python3 /work/src/utils/INF.py /work/data/finished/PZ31/pdb/PZ31_Ding_8_solution.pdb /work/data/finished/PZ31/pdb/PZ31_Ding_8_refined.pdb
2026-03-10 00:36:41 	 Docker exit code: 0
2026-03-10 00:36:41 	 Docker output length: 350
2026-03-10 00:36:41 	 Saved CSV: PZ31,Ding_8,Ding,8,refined_pair,0.7171371656006361,0.8392543274162824,-1,PZ31_Ding_8_solution.pdb,PZ31_Ding_8_refined.pdb
2026-03-10 00:36:41 	 RUN refined_pair target=PZ31_Ding_9_solution.pdb model=PZ31_Ding_9_refined.pdb -> id=Ding_9
2026-03-10 00:36:41 	 Docker cmd: docker run --rm -v D:\Studia\Projekty\gsp-lab:/work -v D:\Studia\Projekty\RNA_assessment:/rna_assessment -e RNA_ASSESSMENT_ROOT=/rna_assessment -e PYTHONPATH=/rna_assessment mcannotate-runtime python3 /work/src/utils/INF.py /work/data/finished/PZ31/pdb/PZ31_Ding_9_solution.pdb /work/data/finished/PZ31/pdb/PZ31_Ding_9_refined.pdb
2026-03-10 00:36:44 	 Docker exit code: 0
2026-03-10 00:36:44 	 Docker output length: 350
2026-03-10 00:36:44 	 Saved CSV: PZ31,Ding_9,Ding,9,refined_pair,0.6973680437544066,0.8392543274162824,-1,PZ31_Ding_9_solution.pdb,PZ31_Ding_9_refined.pdb
2026-03-10 00:36:44 	 RUN refined_pair target=PZ31_Dokholyan_1_solution.pdb model=PZ31_Dokholyan_1_refined.pdb -> id=Dokholyan_1
2026-03-10 00:36:44 	 Docker cmd: docker run --rm -v D:\Studia\Projekty\gsp-lab:/work -v D:\Studia\Projekty\RNA_assessment:/rna_assessment -e RNA_ASSESSMENT_ROOT=/rna_assessment -e PYTHONPATH=/rna_assessment mcannotate-runtime python3 /work/src/utils/INF.py /work/data/finished/PZ31/pdb/PZ31_Dokholyan_1_solution.pdb /work/data/finished/PZ31/pdb/PZ31_Dokholyan_1_refined.pdb
2026-03-10 00:36:47 	 Docker exit code: 0
2026-03-10 00:36:47 	 Docker output length: 357
2026-03-10 00:36:47 	 Saved CSV: PZ31,Dokholyan_1,Dokholyan,1,refined_pair,0.8336550215650926,0.875760539039714,0,PZ31_Dokholyan_1_solution.pdb,PZ31_Dokholyan_1_refined.pdb
2026-03-10 00:36:47 	 RUN refined_pair target=PZ31_Dokholyan_2_solution.pdb model=PZ31_Dokholyan_2_refined.pdb -> id=Dokholyan_2
2026-03-10 00:36:47 	 Docker cmd: docker run --rm -v D:\Studia\Projekty\gsp-lab:/work -v D:\Studia\Projekty\RNA_assessment:/rna_assessment -e RNA_ASSESSMENT_ROOT=/rna_assessment -e PYTHONPATH=/rna_assessment mcannotate-runtime python3 /work/src/utils/INF.py /work/data/finished/PZ31/pdb/PZ31_Dokholyan_2_solution.pdb /work/data/finished/PZ31/pdb/PZ31_Dokholyan_2_refined.pdb
2026-03-10 00:36:50 	 Docker exit code: 0
2026-03-10 00:36:50 	 Docker output length: 356
2026-03-10 00:36:50 	 Saved CSV: PZ31,Dokholyan_2,Dokholyan,2,refined_pair,0.760638829255665,0.889108448948774,0,PZ31_Dokholyan_2_solution.pdb,PZ31_Dokholyan_2_refined.pdb
2026-03-10 00:36:50 	 RUN refined_pair target=PZ31_Nithin_1_solution.pdb model=PZ31_Nithin_1_refined.pdb -> id=Nithin_1
2026-03-10 00:36:50 	 Docker cmd: docker run --rm -v D:\Studia\Projekty\gsp-lab:/work -v D:\Studia\Projekty\RNA_assessment:/rna_assessment -e RNA_ASSESSMENT_ROOT=/rna_assessment -e PYTHONPATH=/rna_assessment mcannotate-runtime python3 /work/src/utils/INF.py /work/data/finished/PZ31/pdb/PZ31_Nithin_1_solution.pdb /work/data/finished/PZ31/pdb/PZ31_Nithin_1_refined.pdb
2026-03-10 00:36:53 	 Docker exit code: 0
2026-03-10 00:36:53 	 Docker output length: 354
2026-03-10 00:36:53 	 Saved CSV: PZ31,Nithin_1,Nithin,1,refined_pair,0.8197607712056744,0.9363821838346235,-1,PZ31_Nithin_1_solution.pdb,PZ31_Nithin_1_refined.pdb
2026-03-10 00:36:53 	 RUN refined_pair target=PZ31_Nithin_2_solution.pdb model=PZ31_Nithin_2_refined.pdb -> id=Nithin_2
2026-03-10 00:36:53 	 Docker cmd: docker run --rm -v D:\Studia\Projekty\gsp-lab:/work -v D:\Studia\Projekty\RNA_assessment:/rna_assessment -e RNA_ASSESSMENT_ROOT=/rna_assessment -e PYTHONPATH=/rna_assessment mcannotate-runtime python3 /work/src/utils/INF.py /work/data/finished/PZ31/pdb/PZ31_Nithin_2_solution.pdb /work/data/finished/PZ31/pdb/PZ31_Nithin_2_refined.pdb
2026-03-10 00:36:56 	 Docker exit code: 0
2026-03-10 00:36:56 	 Docker output length: 354
2026-03-10 00:36:56 	 Saved CSV: PZ31,Nithin_2,Nithin,2,refined_pair,0.8028965419920907,0.9363821838346235,-1,PZ31_Nithin_2_solution.pdb,PZ31_Nithin_2_refined.pdb
2026-03-10 00:36:56 	 RUN refined_pair target=PZ31_Nithin_3_solution.pdb model=PZ31_Nithin_3_refined.pdb -> id=Nithin_3
2026-03-10 00:36:56 	 Docker cmd: docker run --rm -v D:\Studia\Projekty\gsp-lab:/work -v D:\Studia\Projekty\RNA_assessment:/rna_assessment -e RNA_ASSESSMENT_ROOT=/rna_assessment -e PYTHONPATH=/rna_assessment mcannotate-runtime python3 /work/src/utils/INF.py /work/data/finished/PZ31/pdb/PZ31_Nithin_3_solution.pdb /work/data/finished/PZ31/pdb/PZ31_Nithin_3_refined.pdb
2026-03-10 00:36:59 	 Docker exit code: 0
2026-03-10 00:36:59 	 Docker output length: 354
2026-03-10 00:36:59 	 Saved CSV: PZ31,Nithin_3,Nithin,3,refined_pair,0.8197607712056744,0.9363821838346235,-1,PZ31_Nithin_3_solution.pdb,PZ31_Nithin_3_refined.pdb
2026-03-10 00:36:59 	 RUN refined_pair target=PZ31_Nithin_4_solution.pdb model=PZ31_Nithin_4_refined.pdb -> id=Nithin_4
2026-03-10 00:36:59 	 Docker cmd: docker run --rm -v D:\Studia\Projekty\gsp-lab:/work -v D:\Studia\Projekty\RNA_assessment:/rna_assessment -e RNA_ASSESSMENT_ROOT=/rna_assessment -e PYTHONPATH=/rna_assessment mcannotate-runtime python3 /work/src/utils/INF.py /work/data/finished/PZ31/pdb/PZ31_Nithin_4_solution.pdb /work/data/finished/PZ31/pdb/PZ31_Nithin_4_refined.pdb
2026-03-10 00:37:01 	 Docker exit code: 0
2026-03-10 00:37:01 	 Docker output length: 353
2026-03-10 00:37:01 	 Saved CSV: PZ31,Nithin_4,Nithin,4,refined_pair,0.8169824462375661,0.9363821838346235,0,PZ31_Nithin_4_solution.pdb,PZ31_Nithin_4_refined.pdb
2026-03-10 00:37:01 	 RUN refined_pair target=PZ31_Nithin_5_solution.pdb model=PZ31_Nithin_5_refined.pdb -> id=Nithin_5
2026-03-10 00:37:01 	 Docker cmd: docker run --rm -v D:\Studia\Projekty\gsp-lab:/work -v D:\Studia\Projekty\RNA_assessment:/rna_assessment -e RNA_ASSESSMENT_ROOT=/rna_assessment -e PYTHONPATH=/rna_assessment mcannotate-runtime python3 /work/src/utils/INF.py /work/data/finished/PZ31/pdb/PZ31_Nithin_5_solution.pdb /work/data/finished/PZ31/pdb/PZ31_Nithin_5_refined.pdb
2026-03-10 00:37:05 	 Docker exit code: 0
2026-03-10 00:37:05 	 Docker output length: 351
2026-03-10 00:37:05 	 Saved CSV: PZ31,Nithin_5,Nithin,5,refined_pair,0.8057762482965359,0.9363821838346235,0,PZ31_Nithin_5_solution.pdb,PZ31_Nithin_5_refined.pdb
2026-03-10 00:37:05 	 RUN refined_pair target=PZ31_Perez_1_solution.pdb model=PZ31_Perez_1_refined.pdb -> id=Perez_1
2026-03-10 00:37:05 	 Docker cmd: docker run --rm -v D:\Studia\Projekty\gsp-lab:/work -v D:\Studia\Projekty\RNA_assessment:/rna_assessment -e RNA_ASSESSMENT_ROOT=/rna_assessment -e PYTHONPATH=/rna_assessment mcannotate-runtime python3 /work/src/utils/INF.py /work/data/finished/PZ31/pdb/PZ31_Perez_1_solution.pdb /work/data/finished/PZ31/pdb/PZ31_Perez_1_refined.pdb
2026-03-10 00:37:08 	 Docker exit code: 0
2026-03-10 00:37:08 	 Docker output length: 350
2026-03-10 00:37:08 	 Saved CSV: PZ31,Perez_1,Perez,1,refined_pair,0.6943650748294137,0.8846517369293828,0,PZ31_Perez_1_solution.pdb,PZ31_Perez_1_refined.pdb
2026-03-10 00:37:08 	 RUN refined_pair target=PZ31_Perez_10_solution.pdb model=PZ31_Perez_10_refined.pdb -> id=Perez_10
2026-03-10 00:37:08 	 Docker cmd: docker run --rm -v D:\Studia\Projekty\gsp-lab:/work -v D:\Studia\Projekty\RNA_assessment:/rna_assessment -e RNA_ASSESSMENT_ROOT=/rna_assessment -e PYTHONPATH=/rna_assessment mcannotate-runtime python3 /work/src/utils/INF.py /work/data/finished/PZ31/pdb/PZ31_Perez_10_solution.pdb /work/data/finished/PZ31/pdb/PZ31_Perez_10_refined.pdb
2026-03-10 00:37:11 	 Docker exit code: 0
2026-03-10 00:37:11 	 Docker output length: 352
2026-03-10 00:37:11 	 Saved CSV: PZ31,Perez_10,Perez,10,refined_pair,0.7747247335011401,0.8858795678282981,0,PZ31_Perez_10_solution.pdb,PZ31_Perez_10_refined.pdb
2026-03-10 00:37:11 	 RUN refined_pair target=PZ31_Perez_2_solution.pdb model=PZ31_Perez_2_refined.pdb -> id=Perez_2
2026-03-10 00:37:11 	 Docker cmd: docker run --rm -v D:\Studia\Projekty\gsp-lab:/work -v D:\Studia\Projekty\RNA_assessment:/rna_assessment -e RNA_ASSESSMENT_ROOT=/rna_assessment -e PYTHONPATH=/rna_assessment mcannotate-runtime python3 /work/src/utils/INF.py /work/data/finished/PZ31/pdb/PZ31_Perez_2_solution.pdb /work/data/finished/PZ31/pdb/PZ31_Perez_2_refined.pdb
2026-03-10 00:37:14 	 Docker exit code: 0
2026-03-10 00:37:14 	 Docker output length: 350
2026-03-10 00:37:14 	 Saved CSV: PZ31,Perez_2,Perez,2,refined_pair,0.667124384994991,0.8190283593479222,0,PZ31_Perez_2_solution.pdb,PZ31_Perez_2_refined.pdb
2026-03-10 00:37:14 	 RUN refined_pair target=PZ31_Perez_3_solution.pdb model=PZ31_Perez_3_refined.pdb -> id=Perez_3
2026-03-10 00:37:14 	 Docker cmd: docker run --rm -v D:\Studia\Projekty\gsp-lab:/work -v D:\Studia\Projekty\RNA_assessment:/rna_assessment -e RNA_ASSESSMENT_ROOT=/rna_assessment -e PYTHONPATH=/rna_assessment mcannotate-runtime python3 /work/src/utils/INF.py /work/data/finished/PZ31/pdb/PZ31_Perez_3_solution.pdb /work/data/finished/PZ31/pdb/PZ31_Perez_3_refined.pdb
2026-03-10 00:37:17 	 Docker exit code: 0
2026-03-10 00:37:17 	 Docker output length: 351
2026-03-10 00:37:17 	 Saved CSV: PZ31,Perez_3,Perez,3,refined_pair,0.7301020754057114,0.8392543274162824,0,PZ31_Perez_3_solution.pdb,PZ31_Perez_3_refined.pdb
2026-03-10 00:37:17 	 RUN refined_pair target=PZ31_Perez_4_solution.pdb model=PZ31_Perez_4_refined.pdb -> id=Perez_4
2026-03-10 00:37:17 	 Docker cmd: docker run --rm -v D:\Studia\Projekty\gsp-lab:/work -v D:\Studia\Projekty\RNA_assessment:/rna_assessment -e RNA_ASSESSMENT_ROOT=/rna_assessment -e PYTHONPATH=/rna_assessment mcannotate-runtime python3 /work/src/utils/INF.py /work/data/finished/PZ31/pdb/PZ31_Perez_4_solution.pdb /work/data/finished/PZ31/pdb/PZ31_Perez_4_refined.pdb
2026-03-10 00:37:19 	 Docker exit code: 0
2026-03-10 00:37:19 	 Docker output length: 351
2026-03-10 00:37:20 	 Saved CSV: PZ31,Perez_4,Perez,4,refined_pair,0.7503246050790371,0.8190283593479222,0,PZ31_Perez_4_solution.pdb,PZ31_Perez_4_refined.pdb
2026-03-10 00:37:20 	 RUN refined_pair target=PZ31_Perez_5_solution.pdb model=PZ31_Perez_5_refined.pdb -> id=Perez_5
2026-03-10 00:37:20 	 Docker cmd: docker run --rm -v D:\Studia\Projekty\gsp-lab:/work -v D:\Studia\Projekty\RNA_assessment:/rna_assessment -e RNA_ASSESSMENT_ROOT=/rna_assessment -e PYTHONPATH=/rna_assessment mcannotate-runtime python3 /work/src/utils/INF.py /work/data/finished/PZ31/pdb/PZ31_Perez_5_solution.pdb /work/data/finished/PZ31/pdb/PZ31_Perez_5_refined.pdb
2026-03-10 00:37:22 	 Docker exit code: 0
2026-03-10 00:37:22 	 Docker output length: 350
2026-03-10 00:37:22 	 Saved CSV: PZ31,Perez_5,Perez,5,refined_pair,0.7694001017897326,0.8610567718228918,0,PZ31_Perez_5_solution.pdb,PZ31_Perez_5_refined.pdb
2026-03-10 00:37:22 	 RUN refined_pair target=PZ31_Perez_6_solution.pdb model=PZ31_Perez_6_refined.pdb -> id=Perez_6
2026-03-10 00:37:22 	 Docker cmd: docker run --rm -v D:\Studia\Projekty\gsp-lab:/work -v D:\Studia\Projekty\RNA_assessment:/rna_assessment -e RNA_ASSESSMENT_ROOT=/rna_assessment -e PYTHONPATH=/rna_assessment mcannotate-runtime python3 /work/src/utils/INF.py /work/data/finished/PZ31/pdb/PZ31_Perez_6_solution.pdb /work/data/finished/PZ31/pdb/PZ31_Perez_6_refined.pdb
2026-03-10 00:37:25 	 Docker exit code: 0
2026-03-10 00:37:25 	 Docker output length: 350
2026-03-10 00:37:25 	 Saved CSV: PZ31,Perez_6,Perez,6,refined_pair,0.5303948353054367,0.6255432421712243,0,PZ31_Perez_6_solution.pdb,PZ31_Perez_6_refined.pdb
2026-03-10 00:37:25 	 RUN refined_pair target=PZ31_Perez_7_solution.pdb model=PZ31_Perez_7_refined.pdb -> id=Perez_7
2026-03-10 00:37:25 	 Docker cmd: docker run --rm -v D:\Studia\Projekty\gsp-lab:/work -v D:\Studia\Projekty\RNA_assessment:/rna_assessment -e RNA_ASSESSMENT_ROOT=/rna_assessment -e PYTHONPATH=/rna_assessment mcannotate-runtime python3 /work/src/utils/INF.py /work/data/finished/PZ31/pdb/PZ31_Perez_7_solution.pdb /work/data/finished/PZ31/pdb/PZ31_Perez_7_refined.pdb
2026-03-10 00:37:29 	 Docker exit code: 0
2026-03-10 00:37:29 	 Docker output length: 350
2026-03-10 00:37:29 	 Saved CSV: PZ31,Perez_7,Perez,7,refined_pair,0.6229046508749414,0.7298004491997617,0,PZ31_Perez_7_solution.pdb,PZ31_Perez_7_refined.pdb
2026-03-10 00:37:29 	 RUN refined_pair target=PZ31_Perez_8_solution.pdb model=PZ31_Perez_8_refined.pdb -> id=Perez_8
2026-03-10 00:37:29 	 Docker cmd: docker run --rm -v D:\Studia\Projekty\gsp-lab:/work -v D:\Studia\Projekty\RNA_assessment:/rna_assessment -e RNA_ASSESSMENT_ROOT=/rna_assessment -e PYTHONPATH=/rna_assessment mcannotate-runtime python3 /work/src/utils/INF.py /work/data/finished/PZ31/pdb/PZ31_Perez_8_solution.pdb /work/data/finished/PZ31/pdb/PZ31_Perez_8_refined.pdb
2026-03-10 00:37:32 	 Docker exit code: 0
2026-03-10 00:37:32 	 Docker output length: 351
2026-03-10 00:37:32 	 Saved CSV: PZ31,Perez_8,Perez,8,refined_pair,0.6326437348445769,0.7372097807744857,0,PZ31_Perez_8_solution.pdb,PZ31_Perez_8_refined.pdb
2026-03-10 00:37:32 	 RUN refined_pair target=PZ31_Perez_9_solution.pdb model=PZ31_Perez_9_refined.pdb -> id=Perez_9
2026-03-10 00:37:32 	 Docker cmd: docker run --rm -v D:\Studia\Projekty\gsp-lab:/work -v D:\Studia\Projekty\RNA_assessment:/rna_assessment -e RNA_ASSESSMENT_ROOT=/rna_assessment -e PYTHONPATH=/rna_assessment mcannotate-runtime python3 /work/src/utils/INF.py /work/data/finished/PZ31/pdb/PZ31_Perez_9_solution.pdb /work/data/finished/PZ31/pdb/PZ31_Perez_9_refined.pdb
2026-03-10 00:37:35 	 Docker exit code: 0
2026-03-10 00:37:35 	 Docker output length: 352
2026-03-10 00:37:35 	 Saved CSV: PZ31,Perez_9,Perez,9,refined_pair,0.7437915073806723,0.8001976040538967,-1,PZ31_Perez_9_solution.pdb,PZ31_Perez_9_refined.pdb
2026-03-10 00:37:35 	 RUN refined_pair target=PZ31_RNAComposer_1_solution.pdb model=PZ31_RNAComposer_1_refined.pdb -> id=RNAComposer_1
2026-03-10 00:37:35 	 Docker cmd: docker run --rm -v D:\Studia\Projekty\gsp-lab:/work -v D:\Studia\Projekty\RNA_assessment:/rna_assessment -e RNA_ASSESSMENT_ROOT=/rna_assessment -e PYTHONPATH=/rna_assessment mcannotate-runtime python3 /work/src/utils/INF.py /work/data/finished/PZ31/pdb/PZ31_RNAComposer_1_solution.pdb /work/data/finished/PZ31/pdb/PZ31_RNAComposer_1_refined.pdb
2026-03-10 00:37:38 	 Docker exit code: 0
2026-03-10 00:37:38 	 Docker output length: 362
2026-03-10 00:37:38 	 Saved CSV: PZ31,RNAComposer_1,RNAComposer,1,refined_pair,0.749863375533979,0.9130434782608695,-1,PZ31_RNAComposer_1_solution.pdb,PZ31_RNAComposer_1_refined.pdb
2026-03-10 00:37:38 	 RUN refined_pair target=PZ31_RNAComposer_2_solution.pdb model=PZ31_RNAComposer_2_refined.pdb -> id=RNAComposer_2
2026-03-10 00:37:38 	 Docker cmd: docker run --rm -v D:\Studia\Projekty\gsp-lab:/work -v D:\Studia\Projekty\RNA_assessment:/rna_assessment -e RNA_ASSESSMENT_ROOT=/rna_assessment -e PYTHONPATH=/rna_assessment mcannotate-runtime python3 /work/src/utils/INF.py /work/data/finished/PZ31/pdb/PZ31_RNAComposer_2_solution.pdb /work/data/finished/PZ31/pdb/PZ31_RNAComposer_2_refined.pdb
2026-03-10 00:37:41 	 Docker exit code: 0
2026-03-10 00:37:41 	 Docker output length: 362
2026-03-10 00:37:41 	 Saved CSV: PZ31,RNAComposer_2,RNAComposer,2,refined_pair,0.8110767123122629,0.9780192938436515,0,PZ31_RNAComposer_2_solution.pdb,PZ31_RNAComposer_2_refined.pdb
2026-03-10 00:37:41 	 RUN refined_pair target=PZ31_RNAComposer_3_solution.pdb model=PZ31_RNAComposer_3_refined.pdb -> id=RNAComposer_3
2026-03-10 00:37:41 	 Docker cmd: docker run --rm -v D:\Studia\Projekty\gsp-lab:/work -v D:\Studia\Projekty\RNA_assessment:/rna_assessment -e RNA_ASSESSMENT_ROOT=/rna_assessment -e PYTHONPATH=/rna_assessment mcannotate-runtime python3 /work/src/utils/INF.py /work/data/finished/PZ31/pdb/PZ31_RNAComposer_3_solution.pdb /work/data/finished/PZ31/pdb/PZ31_RNAComposer_3_refined.pdb
2026-03-10 00:37:44 	 Docker exit code: 0
2026-03-10 00:37:44 	 Docker output length: 363
2026-03-10 00:37:44 	 Saved CSV: PZ31,RNAComposer_3,RNAComposer,3,refined_pair,0.7957733781176919,0.9555330859059091,-1,PZ31_RNAComposer_3_solution.pdb,PZ31_RNAComposer_3_refined.pdb
2026-03-10 00:37:44 	 RUN refined_pair target=PZ31_RNAComposer_4_solution.pdb model=PZ31_RNAComposer_4_refined.pdb -> id=RNAComposer_4
2026-03-10 00:37:44 	 Docker cmd: docker run --rm -v D:\Studia\Projekty\gsp-lab:/work -v D:\Studia\Projekty\RNA_assessment:/rna_assessment -e RNA_ASSESSMENT_ROOT=/rna_assessment -e PYTHONPATH=/rna_assessment mcannotate-runtime python3 /work/src/utils/INF.py /work/data/finished/PZ31/pdb/PZ31_RNAComposer_4_solution.pdb /work/data/finished/PZ31/pdb/PZ31_RNAComposer_4_refined.pdb
2026-03-10 00:37:47 	 Docker exit code: 0
2026-03-10 00:37:47 	 Docker output length: 363
2026-03-10 00:37:47 	 Saved CSV: PZ31,RNAComposer_4,RNAComposer,4,refined_pair,0.7893297629345912,0.9363821838346235,-1,PZ31_RNAComposer_4_solution.pdb,PZ31_RNAComposer_4_refined.pdb
2026-03-10 00:37:47 	 RUN refined_pair target=PZ31_RNAComposer_5_solution.pdb model=PZ31_RNAComposer_5_refined.pdb -> id=RNAComposer_5
2026-03-10 00:37:47 	 Docker cmd: docker run --rm -v D:\Studia\Projekty\gsp-lab:/work -v D:\Studia\Projekty\RNA_assessment:/rna_assessment -e RNA_ASSESSMENT_ROOT=/rna_assessment -e PYTHONPATH=/rna_assessment mcannotate-runtime python3 /work/src/utils/INF.py /work/data/finished/PZ31/pdb/PZ31_RNAComposer_5_solution.pdb /work/data/finished/PZ31/pdb/PZ31_RNAComposer_5_refined.pdb
2026-03-10 00:37:50 	 Docker exit code: 0
2026-03-10 00:37:50 	 Docker output length: 360
2026-03-10 00:37:50 	 Saved CSV: PZ31,RNAComposer_5,RNAComposer,5,refined_pair,0.8005492619939893,0.9130434782608695,0,PZ31_RNAComposer_5_solution.pdb,PZ31_RNAComposer_5_refined.pdb
2026-03-10 00:37:50 	 RUN refined_pair target=PZ31_SimRNA_1_solution.pdb model=PZ31_SimRNA_1_refined.pdb -> id=SimRNA_1
2026-03-10 00:37:50 	 Docker cmd: docker run --rm -v D:\Studia\Projekty\gsp-lab:/work -v D:\Studia\Projekty\RNA_assessment:/rna_assessment -e RNA_ASSESSMENT_ROOT=/rna_assessment -e PYTHONPATH=/rna_assessment mcannotate-runtime python3 /work/src/utils/INF.py /work/data/finished/PZ31/pdb/PZ31_SimRNA_1_solution.pdb /work/data/finished/PZ31/pdb/PZ31_SimRNA_1_refined.pdb
2026-03-10 00:37:53 	 Docker exit code: 0
2026-03-10 00:37:53 	 Docker output length: 352
2026-03-10 00:37:53 	 Saved CSV: PZ31,SimRNA_1,SimRNA,1,refined_pair,0.8253564728289858,0.8996469021204838,0,PZ31_SimRNA_1_solution.pdb,PZ31_SimRNA_1_refined.pdb
2026-03-10 00:37:53 	 RUN refined_pair target=PZ31_SimRNA_2_solution.pdb model=PZ31_SimRNA_2_refined.pdb -> id=SimRNA_2
2026-03-10 00:37:53 	 Docker cmd: docker run --rm -v D:\Studia\Projekty\gsp-lab:/work -v D:\Studia\Projekty\RNA_assessment:/rna_assessment -e RNA_ASSESSMENT_ROOT=/rna_assessment -e PYTHONPATH=/rna_assessment mcannotate-runtime python3 /work/src/utils/INF.py /work/data/finished/PZ31/pdb/PZ31_SimRNA_2_solution.pdb /work/data/finished/PZ31/pdb/PZ31_SimRNA_2_refined.pdb
2026-03-10 00:37:57 	 Docker exit code: 0
2026-03-10 00:37:57 	 Docker output length: 351
2026-03-10 00:37:57 	 Saved CSV: PZ31,SimRNA_2,SimRNA,2,refined_pair,0.8004760488371309,0.917463421851129,0,PZ31_SimRNA_2_solution.pdb,PZ31_SimRNA_2_refined.pdb
2026-03-10 00:37:57 	 RUN refined_pair target=PZ31_SimRNA_3_solution.pdb model=PZ31_SimRNA_3_refined.pdb -> id=SimRNA_3
2026-03-10 00:37:57 	 Docker cmd: docker run --rm -v D:\Studia\Projekty\gsp-lab:/work -v D:\Studia\Projekty\RNA_assessment:/rna_assessment -e RNA_ASSESSMENT_ROOT=/rna_assessment -e PYTHONPATH=/rna_assessment mcannotate-runtime python3 /work/src/utils/INF.py /work/data/finished/PZ31/pdb/PZ31_SimRNA_3_solution.pdb /work/data/finished/PZ31/pdb/PZ31_SimRNA_3_refined.pdb
2026-03-10 00:37:59 	 Docker exit code: 0
2026-03-10 00:37:59 	 Docker output length: 350
2026-03-10 00:37:59 	 Saved CSV: PZ31,SimRNA_3,SimRNA,3,refined_pair,0.814277360023978,0.917463421851129,0,PZ31_SimRNA_3_solution.pdb,PZ31_SimRNA_3_refined.pdb
2026-03-10 00:37:59 	 RUN refined_pair target=PZ31_SimRNA_4_solution.pdb model=PZ31_SimRNA_4_refined.pdb -> id=SimRNA_4
2026-03-10 00:37:59 	 Docker cmd: docker run --rm -v D:\Studia\Projekty\gsp-lab:/work -v D:\Studia\Projekty\RNA_assessment:/rna_assessment -e RNA_ASSESSMENT_ROOT=/rna_assessment -e PYTHONPATH=/rna_assessment mcannotate-runtime python3 /work/src/utils/INF.py /work/data/finished/PZ31/pdb/PZ31_SimRNA_4_solution.pdb /work/data/finished/PZ31/pdb/PZ31_SimRNA_4_refined.pdb
2026-03-10 00:38:02 	 Docker exit code: 0
2026-03-10 00:38:02 	 Docker output length: 351
2026-03-10 00:38:02 	 Saved CSV: PZ31,SimRNA_4,SimRNA,4,refined_pair,0.8028965419920907,0.9363821838346235,0,PZ31_SimRNA_4_solution.pdb,PZ31_SimRNA_4_refined.pdb
2026-03-10 00:38:02 	 RUN refined_pair target=PZ31_SimRNA_5_solution.pdb model=PZ31_SimRNA_5_refined.pdb -> id=SimRNA_5
2026-03-10 00:38:02 	 Docker cmd: docker run --rm -v D:\Studia\Projekty\gsp-lab:/work -v D:\Studia\Projekty\RNA_assessment:/rna_assessment -e RNA_ASSESSMENT_ROOT=/rna_assessment -e PYTHONPATH=/rna_assessment mcannotate-runtime python3 /work/src/utils/INF.py /work/data/finished/PZ31/pdb/PZ31_SimRNA_5_solution.pdb /work/data/finished/PZ31/pdb/PZ31_SimRNA_5_refined.pdb
2026-03-10 00:38:06 	 Docker exit code: 0
2026-03-10 00:38:06 	 Docker output length: 352
2026-03-10 00:38:06 	 Saved CSV: PZ31,SimRNA_5,SimRNA,5,refined_pair,0.7833891945495459,0.8695652173913043,0,PZ31_SimRNA_5_solution.pdb,PZ31_SimRNA_5_refined.pdb
2026-03-10 00:38:06 	 RUN refined_pair target=PZ31_Szachniuk_1_solution.pdb model=PZ31_Szachniuk_1_refined.pdb -> id=Szachniuk_1
2026-03-10 00:38:06 	 Docker cmd: docker run --rm -v D:\Studia\Projekty\gsp-lab:/work -v D:\Studia\Projekty\RNA_assessment:/rna_assessment -e RNA_ASSESSMENT_ROOT=/rna_assessment -e PYTHONPATH=/rna_assessment mcannotate-runtime python3 /work/src/utils/INF.py /work/data/finished/PZ31/pdb/PZ31_Szachniuk_1_solution.pdb /work/data/finished/PZ31/pdb/PZ31_Szachniuk_1_refined.pdb
2026-03-10 00:38:08 	 Docker exit code: 0
2026-03-10 00:38:08 	 Docker output length: 358
2026-03-10 00:38:08 	 Saved CSV: PZ31,Szachniuk_1,Szachniuk,1,refined_pair,0.8301992346604333,0.9363821838346235,0,PZ31_Szachniuk_1_solution.pdb,PZ31_Szachniuk_1_refined.pdb
2026-03-10 00:38:08 	 RUN refined_pair target=PZ31_Szachniuk_2_solution.pdb model=PZ31_Szachniuk_2_refined.pdb -> id=Szachniuk_2
2026-03-10 00:38:08 	 Docker cmd: docker run --rm -v D:\Studia\Projekty\gsp-lab:/work -v D:\Studia\Projekty\RNA_assessment:/rna_assessment -e RNA_ASSESSMENT_ROOT=/rna_assessment -e PYTHONPATH=/rna_assessment mcannotate-runtime python3 /work/src/utils/INF.py /work/data/finished/PZ31/pdb/PZ31_Szachniuk_2_solution.pdb /work/data/finished/PZ31/pdb/PZ31_Szachniuk_2_refined.pdb
2026-03-10 00:38:11 	 Docker exit code: 0
2026-03-10 00:38:11 	 Docker output length: 360
2026-03-10 00:38:11 	 Saved CSV: PZ31,Szachniuk_2,Szachniuk,2,refined_pair,0.8142857142857143,0.9363821838346235,-1,PZ31_Szachniuk_2_solution.pdb,PZ31_Szachniuk_2_refined.pdb
2026-03-10 00:38:11 	 RUN refined_pair target=PZ31_Szachniuk_3_solution.pdb model=PZ31_Szachniuk_3_refined.pdb -> id=Szachniuk_3
2026-03-10 00:38:11 	 Docker cmd: docker run --rm -v D:\Studia\Projekty\gsp-lab:/work -v D:\Studia\Projekty\RNA_assessment:/rna_assessment -e RNA_ASSESSMENT_ROOT=/rna_assessment -e PYTHONPATH=/rna_assessment mcannotate-runtime python3 /work/src/utils/INF.py /work/data/finished/PZ31/pdb/PZ31_Szachniuk_3_solution.pdb /work/data/finished/PZ31/pdb/PZ31_Szachniuk_3_refined.pdb
2026-03-10 00:38:14 	 Docker exit code: 0
2026-03-10 00:38:14 	 Docker output length: 357
2026-03-10 00:38:14 	 Saved CSV: PZ31,Szachniuk_3,Szachniuk,3,refined_pair,0.7537023463481829,0.9325048082403138,0,PZ31_Szachniuk_3_solution.pdb,PZ31_Szachniuk_3_refined.pdb
2026-03-10 00:38:14 	 RUN refined_pair target=PZ31_Szachniuk_4_solution.pdb model=PZ31_Szachniuk_4_refined.pdb -> id=Szachniuk_4
2026-03-10 00:38:14 	 Docker cmd: docker run --rm -v D:\Studia\Projekty\gsp-lab:/work -v D:\Studia\Projekty\RNA_assessment:/rna_assessment -e RNA_ASSESSMENT_ROOT=/rna_assessment -e PYTHONPATH=/rna_assessment mcannotate-runtime python3 /work/src/utils/INF.py /work/data/finished/PZ31/pdb/PZ31_Szachniuk_4_solution.pdb /work/data/finished/PZ31/pdb/PZ31_Szachniuk_4_refined.pdb
2026-03-10 00:38:17 	 Docker exit code: 0
2026-03-10 00:38:17 	 Docker output length: 359
2026-03-10 00:38:17 	 Saved CSV: PZ31,Szachniuk_4,Szachniuk,4,refined_pair,0.8153742483272113,0.9363821838346235,-1,PZ31_Szachniuk_4_solution.pdb,PZ31_Szachniuk_4_refined.pdb
2026-03-10 00:38:17 	 RUN refined_pair target=PZ31_Szachniuk_5_solution.pdb model=PZ31_Szachniuk_5_refined.pdb -> id=Szachniuk_5
2026-03-10 00:38:17 	 Docker cmd: docker run --rm -v D:\Studia\Projekty\gsp-lab:/work -v D:\Studia\Projekty\RNA_assessment:/rna_assessment -e RNA_ASSESSMENT_ROOT=/rna_assessment -e PYTHONPATH=/rna_assessment mcannotate-runtime python3 /work/src/utils/INF.py /work/data/finished/PZ31/pdb/PZ31_Szachniuk_5_solution.pdb /work/data/finished/PZ31/pdb/PZ31_Szachniuk_5_refined.pdb
2026-03-10 00:38:19 	 Docker exit code: 0
2026-03-10 00:38:19 	 Docker output length: 357
2026-03-10 00:38:19 	 Saved CSV: PZ31,Szachniuk_5,Szachniuk,5,refined_pair,0.760638829255665,0.8695652173913043,0,PZ31_Szachniuk_5_solution.pdb,PZ31_Szachniuk_5_refined.pdb
2026-03-10 00:38:19 	 RUN refined_pair target=PZ31_Xiao_1_solution.pdb model=PZ31_Xiao_1_refined.pdb -> id=Xiao_1
2026-03-10 00:38:19 	 Docker cmd: docker run --rm -v D:\Studia\Projekty\gsp-lab:/work -v D:\Studia\Projekty\RNA_assessment:/rna_assessment -e RNA_ASSESSMENT_ROOT=/rna_assessment -e PYTHONPATH=/rna_assessment mcannotate-runtime python3 /work/src/utils/INF.py /work/data/finished/PZ31/pdb/PZ31_Xiao_1_solution.pdb /work/data/finished/PZ31/pdb/PZ31_Xiao_1_refined.pdb
2026-03-10 00:38:22 	 Docker exit code: 0
2026-03-10 00:38:22 	 Docker output length: 350
2026-03-10 00:38:22 	 Saved CSV: PZ31,Xiao_1,Xiao,1,refined_pair,0.7264243303278791,0.8190283593479222,-1,PZ31_Xiao_1_solution.pdb,PZ31_Xiao_1_refined.pdb
2026-03-10 00:38:22 	 RUN refined_pair target=PZ31_Xiao_2_solution.pdb model=PZ31_Xiao_2_refined.pdb -> id=Xiao_2
2026-03-10 00:38:22 	 Docker cmd: docker run --rm -v D:\Studia\Projekty\gsp-lab:/work -v D:\Studia\Projekty\RNA_assessment:/rna_assessment -e RNA_ASSESSMENT_ROOT=/rna_assessment -e PYTHONPATH=/rna_assessment mcannotate-runtime python3 /work/src/utils/INF.py /work/data/finished/PZ31/pdb/PZ31_Xiao_2_solution.pdb /work/data/finished/PZ31/pdb/PZ31_Xiao_2_refined.pdb
2026-03-10 00:38:25 	 Docker exit code: 0
2026-03-10 00:38:25 	 Docker output length: 350
2026-03-10 00:38:25 	 Saved CSV: PZ31,Xiao_2,Xiao,2,refined_pair,0.7378647873726218,0.8190283593479222,-1,PZ31_Xiao_2_solution.pdb,PZ31_Xiao_2_refined.pdb
2026-03-10 00:38:25 	 RUN refined_pair target=PZ31_Xiao_3_solution.pdb model=PZ31_Xiao_3_refined.pdb -> id=Xiao_3
2026-03-10 00:38:25 	 Docker cmd: docker run --rm -v D:\Studia\Projekty\gsp-lab:/work -v D:\Studia\Projekty\RNA_assessment:/rna_assessment -e RNA_ASSESSMENT_ROOT=/rna_assessment -e PYTHONPATH=/rna_assessment mcannotate-runtime python3 /work/src/utils/INF.py /work/data/finished/PZ31/pdb/PZ31_Xiao_3_solution.pdb /work/data/finished/PZ31/pdb/PZ31_Xiao_3_refined.pdb
2026-03-10 00:38:29 	 Docker exit code: 0
2026-03-10 00:38:29 	 Docker output length: 349
2026-03-10 00:38:29 	 Saved CSV: PZ31,Xiao_3,Xiao,3,refined_pair,0.7134326703447266,0.8190283593479222,-1,PZ31_Xiao_3_solution.pdb,PZ31_Xiao_3_refined.pdb
2026-03-10 00:38:29 	 RUN refined_pair target=PZ31_Xiao_4_solution.pdb model=PZ31_Xiao_4_refined.pdb -> id=Xiao_4
2026-03-10 00:38:29 	 Docker cmd: docker run --rm -v D:\Studia\Projekty\gsp-lab:/work -v D:\Studia\Projekty\RNA_assessment:/rna_assessment -e RNA_ASSESSMENT_ROOT=/rna_assessment -e PYTHONPATH=/rna_assessment mcannotate-runtime python3 /work/src/utils/INF.py /work/data/finished/PZ31/pdb/PZ31_Xiao_4_solution.pdb /work/data/finished/PZ31/pdb/PZ31_Xiao_4_refined.pdb
2026-03-10 00:38:32 	 Docker exit code: 0
2026-03-10 00:38:32 	 Docker output length: 350
2026-03-10 00:38:33 	 Saved CSV: PZ31,Xiao_4,Xiao,4,refined_pair,0.7194430788361927,0.8190283593479222,-1,PZ31_Xiao_4_solution.pdb,PZ31_Xiao_4_refined.pdb
2026-03-10 00:38:33 	 RUN refined_pair target=PZ31_Xiao_5_solution.pdb model=PZ31_Xiao_5_refined.pdb -> id=Xiao_5
2026-03-10 00:38:33 	 Docker cmd: docker run --rm -v D:\Studia\Projekty\gsp-lab:/work -v D:\Studia\Projekty\RNA_assessment:/rna_assessment -e RNA_ASSESSMENT_ROOT=/rna_assessment -e PYTHONPATH=/rna_assessment mcannotate-runtime python3 /work/src/utils/INF.py /work/data/finished/PZ31/pdb/PZ31_Xiao_5_solution.pdb /work/data/finished/PZ31/pdb/PZ31_Xiao_5_refined.pdb
2026-03-10 00:38:35 	 Docker exit code: 0
2026-03-10 00:38:35 	 Docker output length: 348
2026-03-10 00:38:35 	 Saved CSV: PZ31,Xiao_5,Xiao,5,refined_pair,0.70774785727578,0.8392543274162824,-1,PZ31_Xiao_5_solution.pdb,PZ31_Xiao_5_refined.pdb
2026-03-10 00:38:35 	 SKIP (model is a solution file): PZ31_Bujnicki_1_solution.pdb
2026-03-10 00:38:35 	 SKIP (model is a solution file): PZ31_Bujnicki_2_solution.pdb
2026-03-10 00:38:35 	 SKIP (model is a solution file): PZ31_Bujnicki_3_solution.pdb
2026-03-10 00:38:35 	 SKIP (model is a solution file): PZ31_Bujnicki_4_solution.pdb
2026-03-10 00:38:35 	 SKIP (model is a solution file): PZ31_Bujnicki_5_solution.pdb
2026-03-10 00:38:35 	 SKIP (model is a solution file): PZ31_Chen_1_solution.pdb
2026-03-10 00:38:35 	 SKIP (model is a solution file): PZ31_Chen_10_solution.pdb
2026-03-10 00:38:35 	 SKIP (model is a solution file): PZ31_Chen_2_solution.pdb
2026-03-10 00:38:35 	 SKIP (model is a solution file): PZ31_Chen_3_solution.pdb
2026-03-10 00:38:35 	 SKIP (model is a solution file): PZ31_Chen_4_solution.pdb
2026-03-10 00:38:35 	 SKIP (model is a solution file): PZ31_Chen_5_solution.pdb
2026-03-10 00:38:35 	 SKIP (model is a solution file): PZ31_Chen_6_solution.pdb
2026-03-10 00:38:35 	 SKIP (model is a solution file): PZ31_Chen_7_solution.pdb
2026-03-10 00:38:35 	 SKIP (model is a solution file): PZ31_Chen_8_solution.pdb
2026-03-10 00:38:35 	 SKIP (model is a solution file): PZ31_Chen_9_solution.pdb
2026-03-10 00:38:35 	 SKIP (model is a solution file): PZ31_Dfold_1_solution.pdb
2026-03-10 00:38:35 	 SKIP (model is a solution file): PZ31_Dfold_10_solution.pdb
2026-03-10 00:38:35 	 SKIP (model is a solution file): PZ31_Dfold_2_solution.pdb
2026-03-10 00:38:35 	 SKIP (model is a solution file): PZ31_Dfold_3_solution.pdb
2026-03-10 00:38:35 	 SKIP (model is a solution file): PZ31_Dfold_4_solution.pdb
2026-03-10 00:38:35 	 SKIP (model is a solution file): PZ31_Dfold_5_solution.pdb
2026-03-10 00:38:35 	 SKIP (model is a solution file): PZ31_Dfold_6_solution.pdb
2026-03-10 00:38:35 	 SKIP (model is a solution file): PZ31_Dfold_7_solution.pdb
2026-03-10 00:38:35 	 SKIP (model is a solution file): PZ31_Dfold_8_solution.pdb
2026-03-10 00:38:35 	 SKIP (model is a solution file): PZ31_Dfold_9_solution.pdb
2026-03-10 00:38:35 	 SKIP (model is a solution file): PZ31_Ding_1_solution.pdb
2026-03-10 00:38:35 	 SKIP (model is a solution file): PZ31_Ding_10_solution.pdb
2026-03-10 00:38:35 	 SKIP (model is a solution file): PZ31_Ding_2_solution.pdb
2026-03-10 00:38:35 	 SKIP (model is a solution file): PZ31_Ding_3_solution.pdb
2026-03-10 00:38:35 	 SKIP (model is a solution file): PZ31_Ding_4_solution.pdb
2026-03-10 00:38:35 	 SKIP (model is a solution file): PZ31_Ding_5_solution.pdb
2026-03-10 00:38:35 	 SKIP (model is a solution file): PZ31_Ding_6_solution.pdb
2026-03-10 00:38:35 	 SKIP (model is a solution file): PZ31_Ding_7_solution.pdb
2026-03-10 00:38:35 	 SKIP (model is a solution file): PZ31_Ding_8_solution.pdb
2026-03-10 00:38:35 	 SKIP (model is a solution file): PZ31_Ding_9_solution.pdb
2026-03-10 00:38:35 	 SKIP (model is a solution file): PZ31_Dokholyan_1_solution.pdb
2026-03-10 00:38:35 	 SKIP (model is a solution file): PZ31_Dokholyan_2_solution.pdb
2026-03-10 00:38:35 	 SKIP (model is a solution file): PZ31_Nithin_1_solution.pdb
2026-03-10 00:38:35 	 SKIP (model is a solution file): PZ31_Nithin_2_solution.pdb
2026-03-10 00:38:35 	 SKIP (model is a solution file): PZ31_Nithin_3_solution.pdb
2026-03-10 00:38:35 	 SKIP (model is a solution file): PZ31_Nithin_4_solution.pdb
2026-03-10 00:38:35 	 SKIP (model is a solution file): PZ31_Nithin_5_solution.pdb
2026-03-10 00:38:35 	 SKIP (model is a solution file): PZ31_Perez_1_solution.pdb
2026-03-10 00:38:36 	 SKIP (model is a solution file): PZ31_Perez_10_solution.pdb
2026-03-10 00:38:36 	 SKIP (model is a solution file): PZ31_Perez_2_solution.pdb
2026-03-10 00:38:36 	 SKIP (model is a solution file): PZ31_Perez_3_solution.pdb
2026-03-10 00:38:36 	 SKIP (model is a solution file): PZ31_Perez_4_solution.pdb
2026-03-10 00:38:36 	 SKIP (model is a solution file): PZ31_Perez_5_solution.pdb
2026-03-10 00:38:36 	 SKIP (model is a solution file): PZ31_Perez_6_solution.pdb
2026-03-10 00:38:36 	 SKIP (model is a solution file): PZ31_Perez_7_solution.pdb
2026-03-10 00:38:36 	 SKIP (model is a solution file): PZ31_Perez_8_solution.pdb
2026-03-10 00:38:36 	 SKIP (model is a solution file): PZ31_Perez_9_solution.pdb
2026-03-10 00:38:36 	 SKIP (model is a solution file): PZ31_RNAComposer_1_solution.pdb
2026-03-10 00:38:36 	 SKIP (model is a solution file): PZ31_RNAComposer_2_solution.pdb
2026-03-10 00:38:36 	 SKIP (model is a solution file): PZ31_RNAComposer_3_solution.pdb
2026-03-10 00:38:36 	 SKIP (model is a solution file): PZ31_RNAComposer_4_solution.pdb
2026-03-10 00:38:36 	 SKIP (model is a solution file): PZ31_RNAComposer_5_solution.pdb
2026-03-10 00:38:36 	 SKIP (model is a solution file): PZ31_SimRNA_1_solution.pdb
2026-03-10 00:38:36 	 SKIP (model is a solution file): PZ31_SimRNA_2_solution.pdb
2026-03-10 00:38:36 	 SKIP (model is a solution file): PZ31_SimRNA_3_solution.pdb
2026-03-10 00:38:36 	 SKIP (model is a solution file): PZ31_SimRNA_4_solution.pdb
2026-03-10 00:38:36 	 SKIP (model is a solution file): PZ31_SimRNA_5_solution.pdb
2026-03-10 00:38:36 	 SKIP (model is a solution file): PZ31_solution_0.pdb
2026-03-10 00:38:36 	 SKIP (model is a solution file): PZ31_Szachniuk_1_solution.pdb
2026-03-10 00:38:36 	 SKIP (model is a solution file): PZ31_Szachniuk_2_solution.pdb
2026-03-10 00:38:36 	 SKIP (model is a solution file): PZ31_Szachniuk_3_solution.pdb
2026-03-10 00:38:36 	 SKIP (model is a solution file): PZ31_Szachniuk_4_solution.pdb
2026-03-10 00:38:36 	 SKIP (model is a solution file): PZ31_Szachniuk_5_solution.pdb
2026-03-10 00:38:36 	 SKIP (model is a solution file): PZ31_Xiao_1_solution.pdb
2026-03-10 00:38:36 	 SKIP (model is a solution file): PZ31_Xiao_2_solution.pdb
2026-03-10 00:38:36 	 SKIP (model is a solution file): PZ31_Xiao_3_solution.pdb
2026-03-10 00:38:36 	 SKIP (model is a solution file): PZ31_Xiao_4_solution.pdb
2026-03-10 00:38:36 	 SKIP (model is a solution file): PZ31_Xiao_5_solution.pdb
2026-03-10 00:38:36 	 DONE case: PZ31
2026-03-10 01:12:43 	 START case: PZ31
2026-03-10 01:12:43 	 caseDir: D:\Studia\Projekty\gsp-lab\data\finished\PZ31
2026-03-10 01:12:43 	 pdbDir: D:\Studia\Projekty\gsp-lab\data\finished\PZ31\pdb
2026-03-10 01:12:43 	 Found pdb count: 145
2026-03-10 01:12:43 	 Global solution: PZ31_solution_0.pdb
2026-03-10 01:12:43 	 SKIP already recorded (refined): Bujnicki_1
2026-03-10 01:12:43 	 SKIP already recorded (refined): Bujnicki_2
2026-03-10 01:12:43 	 SKIP already recorded (refined): Bujnicki_3
2026-03-10 01:12:43 	 SKIP already recorded (refined): Bujnicki_4
2026-03-10 01:12:43 	 SKIP already recorded (refined): Bujnicki_5
2026-03-10 01:12:43 	 SKIP already recorded (refined): Chen_1
2026-03-10 01:12:43 	 SKIP already recorded (refined): Chen_10
2026-03-10 01:12:43 	 SKIP already recorded (refined): Chen_2
2026-03-10 01:12:43 	 SKIP already recorded (refined): Chen_3
2026-03-10 01:12:43 	 SKIP already recorded (refined): Chen_4
2026-03-10 01:12:43 	 SKIP already recorded (refined): Chen_5
2026-03-10 01:12:44 	 SKIP already recorded (refined): Chen_6
2026-03-10 01:12:44 	 SKIP already recorded (refined): Chen_7
2026-03-10 01:12:44 	 SKIP already recorded (refined): Chen_8
2026-03-10 01:12:44 	 SKIP already recorded (refined): Chen_9
2026-03-10 01:12:44 	 SKIP already recorded (refined): Dfold_1
2026-03-10 01:12:44 	 SKIP already recorded (refined): Dfold_10
2026-03-10 01:12:44 	 SKIP already recorded (refined): Dfold_2
2026-03-10 01:12:44 	 SKIP already recorded (refined): Dfold_3
2026-03-10 01:12:44 	 SKIP already recorded (refined): Dfold_4
2026-03-10 01:12:44 	 SKIP already recorded (refined): Dfold_5
2026-03-10 01:12:44 	 SKIP already recorded (refined): Dfold_6
2026-03-10 01:12:44 	 SKIP already recorded (refined): Dfold_7
2026-03-10 01:12:44 	 SKIP already recorded (refined): Dfold_8
2026-03-10 01:12:44 	 SKIP already recorded (refined): Dfold_9
2026-03-10 01:12:44 	 SKIP already recorded (refined): Ding_1
2026-03-10 01:12:44 	 SKIP already recorded (refined): Ding_10
2026-03-10 01:12:44 	 SKIP already recorded (refined): Ding_2
2026-03-10 01:12:44 	 SKIP already recorded (refined): Ding_3
2026-03-10 01:12:44 	 SKIP already recorded (refined): Ding_4
2026-03-10 01:12:44 	 SKIP already recorded (refined): Ding_5
2026-03-10 01:12:44 	 SKIP already recorded (refined): Ding_6
2026-03-10 01:12:44 	 SKIP already recorded (refined): Ding_7
2026-03-10 01:12:44 	 SKIP already recorded (refined): Ding_8
2026-03-10 01:12:44 	 SKIP already recorded (refined): Ding_9
2026-03-10 01:12:44 	 SKIP already recorded (refined): Dokholyan_1
2026-03-10 01:12:44 	 SKIP already recorded (refined): Dokholyan_2
2026-03-10 01:12:44 	 SKIP already recorded (refined): Nithin_1
2026-03-10 01:12:44 	 SKIP already recorded (refined): Nithin_2
2026-03-10 01:12:44 	 SKIP already recorded (refined): Nithin_3
2026-03-10 01:12:44 	 SKIP already recorded (refined): Nithin_4
2026-03-10 01:12:44 	 SKIP already recorded (refined): Nithin_5
2026-03-10 01:12:44 	 SKIP already recorded (refined): Perez_1
2026-03-10 01:12:44 	 SKIP already recorded (refined): Perez_10
2026-03-10 01:12:44 	 SKIP already recorded (refined): Perez_2
2026-03-10 01:12:44 	 SKIP already recorded (refined): Perez_3
2026-03-10 01:12:44 	 SKIP already recorded (refined): Perez_4
2026-03-10 01:12:44 	 SKIP already recorded (refined): Perez_5
2026-03-10 01:12:44 	 SKIP already recorded (refined): Perez_6
2026-03-10 01:12:44 	 SKIP already recorded (refined): Perez_7
2026-03-10 01:12:44 	 SKIP already recorded (refined): Perez_8
2026-03-10 01:12:44 	 SKIP already recorded (refined): Perez_9
2026-03-10 01:12:44 	 SKIP already recorded (refined): RNAComposer_1
2026-03-10 01:12:44 	 SKIP already recorded (refined): RNAComposer_2
2026-03-10 01:12:44 	 SKIP already recorded (refined): RNAComposer_3
2026-03-10 01:12:44 	 SKIP already recorded (refined): RNAComposer_4
2026-03-10 01:12:44 	 SKIP already recorded (refined): RNAComposer_5
2026-03-10 01:12:44 	 SKIP already recorded (refined): SimRNA_1
2026-03-10 01:12:44 	 SKIP already recorded (refined): SimRNA_2
2026-03-10 01:12:44 	 SKIP already recorded (refined): SimRNA_3
2026-03-10 01:12:44 	 SKIP already recorded (refined): SimRNA_4
2026-03-10 01:12:44 	 SKIP already recorded (refined): SimRNA_5
2026-03-10 01:12:44 	 SKIP already recorded (refined): Szachniuk_1
2026-03-10 01:12:44 	 SKIP already recorded (refined): Szachniuk_2
2026-03-10 01:12:44 	 SKIP already recorded (refined): Szachniuk_3
2026-03-10 01:12:44 	 SKIP already recorded (refined): Szachniuk_4
2026-03-10 01:12:44 	 SKIP already recorded (refined): Szachniuk_5
2026-03-10 01:12:45 	 SKIP already recorded (refined): Xiao_1
2026-03-10 01:12:45 	 SKIP already recorded (refined): Xiao_2
2026-03-10 01:12:45 	 SKIP already recorded (refined): Xiao_3
2026-03-10 01:12:45 	 SKIP already recorded (refined): Xiao_4
2026-03-10 01:12:45 	 SKIP already recorded (refined): Xiao_5
2026-03-10 01:12:45 	 SKIP (model is a solution file): PZ31_Bujnicki_1_solution.pdb
2026-03-10 01:12:45 	 SKIP (model is a solution file): PZ31_Bujnicki_2_solution.pdb
2026-03-10 01:12:45 	 SKIP (model is a solution file): PZ31_Bujnicki_3_solution.pdb
2026-03-10 01:12:45 	 SKIP (model is a solution file): PZ31_Bujnicki_4_solution.pdb
2026-03-10 01:12:45 	 SKIP (model is a solution file): PZ31_Bujnicki_5_solution.pdb
2026-03-10 01:12:45 	 SKIP (model is a solution file): PZ31_Chen_1_solution.pdb
2026-03-10 01:12:45 	 SKIP (model is a solution file): PZ31_Chen_10_solution.pdb
2026-03-10 01:12:45 	 SKIP (model is a solution file): PZ31_Chen_2_solution.pdb
2026-03-10 01:12:45 	 SKIP (model is a solution file): PZ31_Chen_3_solution.pdb
2026-03-10 01:12:45 	 SKIP (model is a solution file): PZ31_Chen_4_solution.pdb
2026-03-10 01:12:45 	 SKIP (model is a solution file): PZ31_Chen_5_solution.pdb
2026-03-10 01:12:45 	 SKIP (model is a solution file): PZ31_Chen_6_solution.pdb
2026-03-10 01:12:45 	 SKIP (model is a solution file): PZ31_Chen_7_solution.pdb
2026-03-10 01:12:45 	 SKIP (model is a solution file): PZ31_Chen_8_solution.pdb
2026-03-10 01:12:45 	 SKIP (model is a solution file): PZ31_Chen_9_solution.pdb
2026-03-10 01:12:45 	 SKIP (model is a solution file): PZ31_Dfold_1_solution.pdb
2026-03-10 01:12:45 	 SKIP (model is a solution file): PZ31_Dfold_10_solution.pdb
2026-03-10 01:12:45 	 SKIP (model is a solution file): PZ31_Dfold_2_solution.pdb
2026-03-10 01:12:45 	 SKIP (model is a solution file): PZ31_Dfold_3_solution.pdb
2026-03-10 01:12:45 	 SKIP (model is a solution file): PZ31_Dfold_4_solution.pdb
2026-03-10 01:12:45 	 SKIP (model is a solution file): PZ31_Dfold_5_solution.pdb
2026-03-10 01:12:45 	 SKIP (model is a solution file): PZ31_Dfold_6_solution.pdb
2026-03-10 01:12:45 	 SKIP (model is a solution file): PZ31_Dfold_7_solution.pdb
2026-03-10 01:12:45 	 SKIP (model is a solution file): PZ31_Dfold_8_solution.pdb
2026-03-10 01:12:45 	 SKIP (model is a solution file): PZ31_Dfold_9_solution.pdb
2026-03-10 01:12:45 	 SKIP (model is a solution file): PZ31_Ding_1_solution.pdb
2026-03-10 01:12:45 	 SKIP (model is a solution file): PZ31_Ding_10_solution.pdb
2026-03-10 01:12:45 	 SKIP (model is a solution file): PZ31_Ding_2_solution.pdb
2026-03-10 01:12:45 	 SKIP (model is a solution file): PZ31_Ding_3_solution.pdb
2026-03-10 01:12:45 	 SKIP (model is a solution file): PZ31_Ding_4_solution.pdb
2026-03-10 01:12:45 	 SKIP (model is a solution file): PZ31_Ding_5_solution.pdb
2026-03-10 01:12:45 	 SKIP (model is a solution file): PZ31_Ding_6_solution.pdb
2026-03-10 01:12:45 	 SKIP (model is a solution file): PZ31_Ding_7_solution.pdb
2026-03-10 01:12:45 	 SKIP (model is a solution file): PZ31_Ding_8_solution.pdb
2026-03-10 01:12:45 	 SKIP (model is a solution file): PZ31_Ding_9_solution.pdb
2026-03-10 01:12:45 	 SKIP (model is a solution file): PZ31_Dokholyan_1_solution.pdb
2026-03-10 01:12:45 	 SKIP (model is a solution file): PZ31_Dokholyan_2_solution.pdb
2026-03-10 01:12:45 	 SKIP (model is a solution file): PZ31_Nithin_1_solution.pdb
2026-03-10 01:12:45 	 SKIP (model is a solution file): PZ31_Nithin_2_solution.pdb
2026-03-10 01:12:45 	 SKIP (model is a solution file): PZ31_Nithin_3_solution.pdb
2026-03-10 01:12:45 	 SKIP (model is a solution file): PZ31_Nithin_4_solution.pdb
2026-03-10 01:12:45 	 SKIP (model is a solution file): PZ31_Nithin_5_solution.pdb
2026-03-10 01:12:45 	 SKIP (model is a solution file): PZ31_Perez_1_solution.pdb
2026-03-10 01:12:45 	 SKIP (model is a solution file): PZ31_Perez_10_solution.pdb
2026-03-10 01:12:45 	 SKIP (model is a solution file): PZ31_Perez_2_solution.pdb
2026-03-10 01:12:45 	 SKIP (model is a solution file): PZ31_Perez_3_solution.pdb
2026-03-10 01:12:45 	 SKIP (model is a solution file): PZ31_Perez_4_solution.pdb
2026-03-10 01:12:45 	 SKIP (model is a solution file): PZ31_Perez_5_solution.pdb
2026-03-10 01:12:45 	 SKIP (model is a solution file): PZ31_Perez_6_solution.pdb
2026-03-10 01:12:45 	 SKIP (model is a solution file): PZ31_Perez_7_solution.pdb
2026-03-10 01:12:45 	 SKIP (model is a solution file): PZ31_Perez_8_solution.pdb
2026-03-10 01:12:45 	 SKIP (model is a solution file): PZ31_Perez_9_solution.pdb
2026-03-10 01:12:45 	 SKIP (model is a solution file): PZ31_RNAComposer_1_solution.pdb
2026-03-10 01:12:45 	 SKIP (model is a solution file): PZ31_RNAComposer_2_solution.pdb
2026-03-10 01:12:45 	 SKIP (model is a solution file): PZ31_RNAComposer_3_solution.pdb
2026-03-10 01:12:45 	 SKIP (model is a solution file): PZ31_RNAComposer_4_solution.pdb
2026-03-10 01:12:45 	 SKIP (model is a solution file): PZ31_RNAComposer_5_solution.pdb
2026-03-10 01:12:45 	 SKIP (model is a solution file): PZ31_SimRNA_1_solution.pdb
2026-03-10 01:12:45 	 SKIP (model is a solution file): PZ31_SimRNA_2_solution.pdb
2026-03-10 01:12:45 	 SKIP (model is a solution file): PZ31_SimRNA_3_solution.pdb
2026-03-10 01:12:45 	 SKIP (model is a solution file): PZ31_SimRNA_4_solution.pdb
2026-03-10 01:12:45 	 SKIP (model is a solution file): PZ31_SimRNA_5_solution.pdb
2026-03-10 01:12:45 	 SKIP (model is a solution file): PZ31_solution_0.pdb
2026-03-10 01:12:45 	 SKIP (model is a solution file): PZ31_Szachniuk_1_solution.pdb
2026-03-10 01:12:45 	 SKIP (model is a solution file): PZ31_Szachniuk_2_solution.pdb
2026-03-10 01:12:45 	 SKIP (model is a solution file): PZ31_Szachniuk_3_solution.pdb
2026-03-10 01:12:45 	 SKIP (model is a solution file): PZ31_Szachniuk_4_solution.pdb
2026-03-10 01:12:45 	 SKIP (model is a solution file): PZ31_Szachniuk_5_solution.pdb
2026-03-10 01:12:45 	 SKIP (model is a solution file): PZ31_Xiao_1_solution.pdb
2026-03-10 01:12:45 	 SKIP (model is a solution file): PZ31_Xiao_2_solution.pdb
2026-03-10 01:12:45 	 SKIP (model is a solution file): PZ31_Xiao_3_solution.pdb
2026-03-10 01:12:45 	 SKIP (model is a solution file): PZ31_Xiao_4_solution.pdb
2026-03-10 01:12:45 	 SKIP (model is a solution file): PZ31_Xiao_5_solution.pdb
2026-03-10 01:12:45 	 DONE case: PZ31
2026-03-10 01:17:27 	 START case: PZ31
2026-03-10 01:17:27 	 caseDir: D:\Studia\Projekty\gsp-lab\data\finished\PZ31
2026-03-10 01:17:27 	 pdbDir: D:\Studia\Projekty\gsp-lab\data\finished\PZ31\pdb
2026-03-10 01:17:27 	 Found pdb count: 145
2026-03-10 01:17:27 	 Global solution: PZ31_solution_0.pdb
2026-03-10 01:17:27 	 SKIP already recorded (refined): Bujnicki_1
2026-03-10 01:17:27 	 SKIP already recorded (refined): Bujnicki_2
2026-03-10 01:17:27 	 SKIP already recorded (refined): Bujnicki_3
2026-03-10 01:17:27 	 SKIP already recorded (refined): Bujnicki_4
2026-03-10 01:17:27 	 SKIP already recorded (refined): Bujnicki_5
2026-03-10 01:17:27 	 SKIP already recorded (refined): Chen_1
2026-03-10 01:17:27 	 SKIP already recorded (refined): Chen_10
2026-03-10 01:17:27 	 SKIP already recorded (refined): Chen_2
2026-03-10 01:17:27 	 SKIP already recorded (refined): Chen_3
2026-03-10 01:17:28 	 SKIP already recorded (refined): Chen_4
2026-03-10 01:17:28 	 SKIP already recorded (refined): Chen_5
2026-03-10 01:17:28 	 SKIP already recorded (refined): Chen_6
2026-03-10 01:17:28 	 SKIP already recorded (refined): Chen_7
2026-03-10 01:17:28 	 SKIP already recorded (refined): Chen_8
2026-03-10 01:17:28 	 SKIP already recorded (refined): Chen_9
2026-03-10 01:17:28 	 SKIP already recorded (refined): Dfold_1
2026-03-10 01:17:28 	 SKIP already recorded (refined): Dfold_10
2026-03-10 01:17:28 	 SKIP already recorded (refined): Dfold_2
2026-03-10 01:17:28 	 SKIP already recorded (refined): Dfold_3
2026-03-10 01:17:28 	 SKIP already recorded (refined): Dfold_4
2026-03-10 01:17:28 	 SKIP already recorded (refined): Dfold_5
2026-03-10 01:17:28 	 SKIP already recorded (refined): Dfold_6
2026-03-10 01:17:28 	 SKIP already recorded (refined): Dfold_7
2026-03-10 01:17:28 	 SKIP already recorded (refined): Dfold_8
2026-03-10 01:17:28 	 SKIP already recorded (refined): Dfold_9
2026-03-10 01:17:28 	 SKIP already recorded (refined): Ding_1
2026-03-10 01:17:28 	 SKIP already recorded (refined): Ding_10
2026-03-10 01:17:28 	 SKIP already recorded (refined): Ding_2
2026-03-10 01:17:28 	 SKIP already recorded (refined): Ding_3
2026-03-10 01:17:28 	 SKIP already recorded (refined): Ding_4
2026-03-10 01:17:28 	 SKIP already recorded (refined): Ding_5
2026-03-10 01:17:28 	 SKIP already recorded (refined): Ding_6
2026-03-10 01:17:28 	 SKIP already recorded (refined): Ding_7
2026-03-10 01:17:28 	 SKIP already recorded (refined): Ding_8
2026-03-10 01:17:28 	 SKIP already recorded (refined): Ding_9
2026-03-10 01:17:28 	 SKIP already recorded (refined): Dokholyan_1
2026-03-10 01:17:28 	 SKIP already recorded (refined): Dokholyan_2
2026-03-10 01:17:28 	 SKIP already recorded (refined): Nithin_1
2026-03-10 01:17:28 	 SKIP already recorded (refined): Nithin_2
2026-03-10 01:17:28 	 SKIP already recorded (refined): Nithin_3
2026-03-10 01:17:28 	 SKIP already recorded (refined): Nithin_4
2026-03-10 01:17:28 	 SKIP already recorded (refined): Nithin_5
2026-03-10 01:17:28 	 SKIP already recorded (refined): Perez_1
2026-03-10 01:17:28 	 SKIP already recorded (refined): Perez_10
2026-03-10 01:17:28 	 SKIP already recorded (refined): Perez_2
2026-03-10 01:17:28 	 SKIP already recorded (refined): Perez_3
2026-03-10 01:17:28 	 SKIP already recorded (refined): Perez_4
2026-03-10 01:17:28 	 SKIP already recorded (refined): Perez_5
2026-03-10 01:17:28 	 SKIP already recorded (refined): Perez_6
2026-03-10 01:17:28 	 SKIP already recorded (refined): Perez_7
2026-03-10 01:17:28 	 SKIP already recorded (refined): Perez_8
2026-03-10 01:17:28 	 SKIP already recorded (refined): Perez_9
2026-03-10 01:17:28 	 SKIP already recorded (refined): RNAComposer_1
2026-03-10 01:17:28 	 SKIP already recorded (refined): RNAComposer_2
2026-03-10 01:17:28 	 SKIP already recorded (refined): RNAComposer_3
2026-03-10 01:17:28 	 SKIP already recorded (refined): RNAComposer_4
2026-03-10 01:17:28 	 SKIP already recorded (refined): RNAComposer_5
2026-03-10 01:17:28 	 SKIP already recorded (refined): SimRNA_1
2026-03-10 01:17:28 	 SKIP already recorded (refined): SimRNA_2
2026-03-10 01:17:28 	 SKIP already recorded (refined): SimRNA_3
2026-03-10 01:17:28 	 SKIP already recorded (refined): SimRNA_4
2026-03-10 01:17:28 	 SKIP already recorded (refined): SimRNA_5
2026-03-10 01:17:28 	 SKIP already recorded (refined): Szachniuk_1
2026-03-10 01:17:28 	 SKIP already recorded (refined): Szachniuk_2
2026-03-10 01:17:28 	 SKIP already recorded (refined): Szachniuk_3
2026-03-10 01:17:28 	 SKIP already recorded (refined): Szachniuk_4
2026-03-10 01:17:28 	 SKIP already recorded (refined): Szachniuk_5
2026-03-10 01:17:28 	 SKIP already recorded (refined): Xiao_1
2026-03-10 01:17:28 	 SKIP already recorded (refined): Xiao_2
2026-03-10 01:17:28 	 SKIP already recorded (refined): Xiao_3
2026-03-10 01:17:28 	 SKIP already recorded (refined): Xiao_4
2026-03-10 01:17:28 	 SKIP already recorded (refined): Xiao_5
2026-03-10 01:17:28 	 SKIP (model is a solution file): PZ31_Bujnicki_1_solution.pdb
2026-03-10 01:17:28 	 SKIP (model is a solution file): PZ31_Bujnicki_2_solution.pdb
2026-03-10 01:17:28 	 SKIP (model is a solution file): PZ31_Bujnicki_3_solution.pdb
2026-03-10 01:17:28 	 SKIP (model is a solution file): PZ31_Bujnicki_4_solution.pdb
2026-03-10 01:17:28 	 SKIP (model is a solution file): PZ31_Bujnicki_5_solution.pdb
2026-03-10 01:17:28 	 SKIP (model is a solution file): PZ31_Chen_1_solution.pdb
2026-03-10 01:17:29 	 SKIP (model is a solution file): PZ31_Chen_10_solution.pdb
2026-03-10 01:17:29 	 SKIP (model is a solution file): PZ31_Chen_2_solution.pdb
2026-03-10 01:17:29 	 SKIP (model is a solution file): PZ31_Chen_3_solution.pdb
2026-03-10 01:17:29 	 SKIP (model is a solution file): PZ31_Chen_4_solution.pdb
2026-03-10 01:17:29 	 SKIP (model is a solution file): PZ31_Chen_5_solution.pdb
2026-03-10 01:17:29 	 SKIP (model is a solution file): PZ31_Chen_6_solution.pdb
2026-03-10 01:17:29 	 SKIP (model is a solution file): PZ31_Chen_7_solution.pdb
2026-03-10 01:17:29 	 SKIP (model is a solution file): PZ31_Chen_8_solution.pdb
2026-03-10 01:17:29 	 SKIP (model is a solution file): PZ31_Chen_9_solution.pdb
2026-03-10 01:17:29 	 SKIP (model is a solution file): PZ31_Dfold_1_solution.pdb
2026-03-10 01:17:29 	 SKIP (model is a solution file): PZ31_Dfold_10_solution.pdb
2026-03-10 01:17:29 	 SKIP (model is a solution file): PZ31_Dfold_2_solution.pdb
2026-03-10 01:17:29 	 SKIP (model is a solution file): PZ31_Dfold_3_solution.pdb
2026-03-10 01:17:29 	 SKIP (model is a solution file): PZ31_Dfold_4_solution.pdb
2026-03-10 01:17:29 	 SKIP (model is a solution file): PZ31_Dfold_5_solution.pdb
2026-03-10 01:17:29 	 SKIP (model is a solution file): PZ31_Dfold_6_solution.pdb
2026-03-10 01:17:29 	 SKIP (model is a solution file): PZ31_Dfold_7_solution.pdb
2026-03-10 01:17:29 	 SKIP (model is a solution file): PZ31_Dfold_8_solution.pdb
2026-03-10 01:17:29 	 SKIP (model is a solution file): PZ31_Dfold_9_solution.pdb
2026-03-10 01:17:29 	 SKIP (model is a solution file): PZ31_Ding_1_solution.pdb
2026-03-10 01:17:29 	 SKIP (model is a solution file): PZ31_Ding_10_solution.pdb
2026-03-10 01:17:29 	 SKIP (model is a solution file): PZ31_Ding_2_solution.pdb
2026-03-10 01:17:29 	 SKIP (model is a solution file): PZ31_Ding_3_solution.pdb
2026-03-10 01:17:29 	 SKIP (model is a solution file): PZ31_Ding_4_solution.pdb
2026-03-10 01:17:29 	 SKIP (model is a solution file): PZ31_Ding_5_solution.pdb
2026-03-10 01:17:29 	 SKIP (model is a solution file): PZ31_Ding_6_solution.pdb
2026-03-10 01:17:29 	 SKIP (model is a solution file): PZ31_Ding_7_solution.pdb
2026-03-10 01:17:29 	 SKIP (model is a solution file): PZ31_Ding_8_solution.pdb
2026-03-10 01:17:29 	 SKIP (model is a solution file): PZ31_Ding_9_solution.pdb
2026-03-10 01:17:29 	 SKIP (model is a solution file): PZ31_Dokholyan_1_solution.pdb
2026-03-10 01:17:29 	 SKIP (model is a solution file): PZ31_Dokholyan_2_solution.pdb
2026-03-10 01:17:29 	 SKIP (model is a solution file): PZ31_Nithin_1_solution.pdb
2026-03-10 01:17:29 	 SKIP (model is a solution file): PZ31_Nithin_2_solution.pdb
2026-03-10 01:17:29 	 SKIP (model is a solution file): PZ31_Nithin_3_solution.pdb
2026-03-10 01:17:29 	 SKIP (model is a solution file): PZ31_Nithin_4_solution.pdb
2026-03-10 01:17:29 	 SKIP (model is a solution file): PZ31_Nithin_5_solution.pdb
2026-03-10 01:17:29 	 SKIP (model is a solution file): PZ31_Perez_1_solution.pdb
2026-03-10 01:17:29 	 SKIP (model is a solution file): PZ31_Perez_10_solution.pdb
2026-03-10 01:17:29 	 SKIP (model is a solution file): PZ31_Perez_2_solution.pdb
2026-03-10 01:17:29 	 SKIP (model is a solution file): PZ31_Perez_3_solution.pdb
2026-03-10 01:17:29 	 SKIP (model is a solution file): PZ31_Perez_4_solution.pdb
2026-03-10 01:17:29 	 SKIP (model is a solution file): PZ31_Perez_5_solution.pdb
2026-03-10 01:17:29 	 SKIP (model is a solution file): PZ31_Perez_6_solution.pdb
2026-03-10 01:17:29 	 SKIP (model is a solution file): PZ31_Perez_7_solution.pdb
2026-03-10 01:17:29 	 SKIP (model is a solution file): PZ31_Perez_8_solution.pdb
2026-03-10 01:17:29 	 SKIP (model is a solution file): PZ31_Perez_9_solution.pdb
2026-03-10 01:17:29 	 SKIP (model is a solution file): PZ31_RNAComposer_1_solution.pdb
2026-03-10 01:17:29 	 SKIP (model is a solution file): PZ31_RNAComposer_2_solution.pdb
2026-03-10 01:17:29 	 SKIP (model is a solution file): PZ31_RNAComposer_3_solution.pdb
2026-03-10 01:17:29 	 SKIP (model is a solution file): PZ31_RNAComposer_4_solution.pdb
2026-03-10 01:17:29 	 SKIP (model is a solution file): PZ31_RNAComposer_5_solution.pdb
2026-03-10 01:17:29 	 SKIP (model is a solution file): PZ31_SimRNA_1_solution.pdb
2026-03-10 01:17:29 	 SKIP (model is a solution file): PZ31_SimRNA_2_solution.pdb
2026-03-10 01:17:29 	 SKIP (model is a solution file): PZ31_SimRNA_3_solution.pdb
2026-03-10 01:17:29 	 SKIP (model is a solution file): PZ31_SimRNA_4_solution.pdb
2026-03-10 01:17:29 	 SKIP (model is a solution file): PZ31_SimRNA_5_solution.pdb
2026-03-10 01:17:29 	 SKIP (model is a solution file): PZ31_solution_0.pdb
2026-03-10 01:17:29 	 SKIP (model is a solution file): PZ31_Szachniuk_1_solution.pdb
2026-03-10 01:17:29 	 SKIP (model is a solution file): PZ31_Szachniuk_2_solution.pdb
2026-03-10 01:17:29 	 SKIP (model is a solution file): PZ31_Szachniuk_3_solution.pdb
2026-03-10 01:17:29 	 SKIP (model is a solution file): PZ31_Szachniuk_4_solution.pdb
2026-03-10 01:17:29 	 SKIP (model is a solution file): PZ31_Szachniuk_5_solution.pdb
2026-03-10 01:17:29 	 SKIP (model is a solution file): PZ31_Xiao_1_solution.pdb
2026-03-10 01:17:29 	 SKIP (model is a solution file): PZ31_Xiao_2_solution.pdb
2026-03-10 01:17:29 	 SKIP (model is a solution file): PZ31_Xiao_3_solution.pdb
2026-03-10 01:17:29 	 SKIP (model is a solution file): PZ31_Xiao_4_solution.pdb
2026-03-10 01:17:29 	 SKIP (model is a solution file): PZ31_Xiao_5_solution.pdb
2026-03-10 01:17:29 	 DONE case: PZ31
2026-03-10 01:21:54 	 START case: PZ31
2026-03-10 01:21:54 	 caseDir: D:\Studia\Projekty\gsp-lab\data\finished\PZ31
2026-03-10 01:21:54 	 pdbDir: D:\Studia\Projekty\gsp-lab\data\finished\PZ31\pdb
2026-03-10 01:21:54 	 Found pdb count: 145
2026-03-10 01:21:54 	 Global solution: PZ31_solution_0.pdb
2026-03-10 01:21:54 	 SKIP already recorded (refined): Bujnicki_1
2026-03-10 01:21:54 	 SKIP already recorded (refined): Bujnicki_2
2026-03-10 01:21:54 	 SKIP already recorded (refined): Bujnicki_3
2026-03-10 01:21:54 	 SKIP already recorded (refined): Bujnicki_4
2026-03-10 01:21:54 	 SKIP already recorded (refined): Bujnicki_5
2026-03-10 01:21:54 	 SKIP already recorded (refined): Chen_1
2026-03-10 01:21:54 	 SKIP already recorded (refined): Chen_10
2026-03-10 01:21:55 	 SKIP already recorded (refined): Chen_2
2026-03-10 01:21:55 	 SKIP already recorded (refined): Chen_3
2026-03-10 01:21:55 	 SKIP already recorded (refined): Chen_4
2026-03-10 01:21:55 	 SKIP already recorded (refined): Chen_5
2026-03-10 01:21:55 	 SKIP already recorded (refined): Chen_6
2026-03-10 01:21:55 	 SKIP already recorded (refined): Chen_7
2026-03-10 01:21:55 	 SKIP already recorded (refined): Chen_8
2026-03-10 01:21:55 	 SKIP already recorded (refined): Chen_9
2026-03-10 01:21:55 	 SKIP already recorded (refined): Dfold_1
2026-03-10 01:21:55 	 SKIP already recorded (refined): Dfold_10
2026-03-10 01:21:55 	 SKIP already recorded (refined): Dfold_2
2026-03-10 01:21:55 	 SKIP already recorded (refined): Dfold_3
2026-03-10 01:21:55 	 SKIP already recorded (refined): Dfold_4
2026-03-10 01:21:55 	 SKIP already recorded (refined): Dfold_5
2026-03-10 01:21:55 	 SKIP already recorded (refined): Dfold_6
2026-03-10 01:21:55 	 SKIP already recorded (refined): Dfold_7
2026-03-10 01:21:55 	 SKIP already recorded (refined): Dfold_8
2026-03-10 01:21:55 	 SKIP already recorded (refined): Dfold_9
2026-03-10 01:21:55 	 SKIP already recorded (refined): Ding_1
2026-03-10 01:21:55 	 SKIP already recorded (refined): Ding_10
2026-03-10 01:21:55 	 SKIP already recorded (refined): Ding_2
2026-03-10 01:21:55 	 SKIP already recorded (refined): Ding_3
2026-03-10 01:21:55 	 SKIP already recorded (refined): Ding_4
2026-03-10 01:21:55 	 SKIP already recorded (refined): Ding_5
2026-03-10 01:21:55 	 SKIP already recorded (refined): Ding_6
2026-03-10 01:21:55 	 SKIP already recorded (refined): Ding_7
2026-03-10 01:21:55 	 SKIP already recorded (refined): Ding_8
2026-03-10 01:21:55 	 SKIP already recorded (refined): Ding_9
2026-03-10 01:21:55 	 SKIP already recorded (refined): Dokholyan_1
2026-03-10 01:21:55 	 SKIP already recorded (refined): Dokholyan_2
2026-03-10 01:21:55 	 SKIP already recorded (refined): Nithin_1
2026-03-10 01:21:55 	 SKIP already recorded (refined): Nithin_2
2026-03-10 01:21:55 	 SKIP already recorded (refined): Nithin_3
2026-03-10 01:21:55 	 SKIP already recorded (refined): Nithin_4
2026-03-10 01:21:55 	 SKIP already recorded (refined): Nithin_5
2026-03-10 01:21:55 	 SKIP already recorded (refined): Perez_1
2026-03-10 01:21:55 	 SKIP already recorded (refined): Perez_10
2026-03-10 01:21:55 	 SKIP already recorded (refined): Perez_2
2026-03-10 01:21:55 	 SKIP already recorded (refined): Perez_3
2026-03-10 01:21:55 	 SKIP already recorded (refined): Perez_4
2026-03-10 01:21:55 	 SKIP already recorded (refined): Perez_5
2026-03-10 01:21:55 	 SKIP already recorded (refined): Perez_6
2026-03-10 01:21:55 	 SKIP already recorded (refined): Perez_7
2026-03-10 01:21:55 	 SKIP already recorded (refined): Perez_8
2026-03-10 01:21:55 	 SKIP already recorded (refined): Perez_9
2026-03-10 01:21:55 	 SKIP already recorded (refined): RNAComposer_1
2026-03-10 01:21:55 	 SKIP already recorded (refined): RNAComposer_2
2026-03-10 01:21:55 	 SKIP already recorded (refined): RNAComposer_3
2026-03-10 01:21:55 	 SKIP already recorded (refined): RNAComposer_4
2026-03-10 01:21:55 	 SKIP already recorded (refined): RNAComposer_5
2026-03-10 01:21:55 	 SKIP already recorded (refined): SimRNA_1
2026-03-10 01:21:56 	 SKIP already recorded (refined): SimRNA_2
2026-03-10 01:21:56 	 SKIP already recorded (refined): SimRNA_3
2026-03-10 01:21:56 	 SKIP already recorded (refined): SimRNA_4
2026-03-10 01:21:56 	 SKIP already recorded (refined): SimRNA_5
2026-03-10 01:21:56 	 SKIP already recorded (refined): Szachniuk_1
2026-03-10 01:21:56 	 SKIP already recorded (refined): Szachniuk_2
2026-03-10 01:21:56 	 SKIP already recorded (refined): Szachniuk_3
2026-03-10 01:21:56 	 SKIP already recorded (refined): Szachniuk_4
2026-03-10 01:21:56 	 SKIP already recorded (refined): Szachniuk_5
2026-03-10 01:21:56 	 SKIP already recorded (refined): Xiao_1
2026-03-10 01:21:56 	 SKIP already recorded (refined): Xiao_2
2026-03-10 01:21:56 	 SKIP already recorded (refined): Xiao_3
2026-03-10 01:21:56 	 SKIP already recorded (refined): Xiao_4
2026-03-10 01:21:56 	 SKIP already recorded (refined): Xiao_5
2026-03-10 01:21:56 	 SKIP (model is a solution file): PZ31_Bujnicki_1_solution.pdb
2026-03-10 01:21:56 	 SKIP (model is a solution file): PZ31_Bujnicki_2_solution.pdb
2026-03-10 01:21:56 	 SKIP (model is a solution file): PZ31_Bujnicki_3_solution.pdb
2026-03-10 01:21:56 	 SKIP (model is a solution file): PZ31_Bujnicki_4_solution.pdb
2026-03-10 01:21:56 	 SKIP (model is a solution file): PZ31_Bujnicki_5_solution.pdb
2026-03-10 01:21:56 	 SKIP (model is a solution file): PZ31_Chen_1_solution.pdb
2026-03-10 01:21:56 	 SKIP (model is a solution file): PZ31_Chen_10_solution.pdb
2026-03-10 01:21:56 	 SKIP (model is a solution file): PZ31_Chen_2_solution.pdb
2026-03-10 01:21:56 	 SKIP (model is a solution file): PZ31_Chen_3_solution.pdb
2026-03-10 01:21:56 	 SKIP (model is a solution file): PZ31_Chen_4_solution.pdb
2026-03-10 01:21:56 	 SKIP (model is a solution file): PZ31_Chen_5_solution.pdb
2026-03-10 01:21:56 	 SKIP (model is a solution file): PZ31_Chen_6_solution.pdb
2026-03-10 01:21:56 	 SKIP (model is a solution file): PZ31_Chen_7_solution.pdb
2026-03-10 01:21:56 	 SKIP (model is a solution file): PZ31_Chen_8_solution.pdb
2026-03-10 01:21:56 	 SKIP (model is a solution file): PZ31_Chen_9_solution.pdb
2026-03-10 01:21:56 	 SKIP (model is a solution file): PZ31_Dfold_1_solution.pdb
2026-03-10 01:21:56 	 SKIP (model is a solution file): PZ31_Dfold_10_solution.pdb
2026-03-10 01:21:56 	 SKIP (model is a solution file): PZ31_Dfold_2_solution.pdb
2026-03-10 01:21:56 	 SKIP (model is a solution file): PZ31_Dfold_3_solution.pdb
2026-03-10 01:21:56 	 SKIP (model is a solution file): PZ31_Dfold_4_solution.pdb
2026-03-10 01:21:56 	 SKIP (model is a solution file): PZ31_Dfold_5_solution.pdb
2026-03-10 01:21:56 	 SKIP (model is a solution file): PZ31_Dfold_6_solution.pdb
2026-03-10 01:21:56 	 SKIP (model is a solution file): PZ31_Dfold_7_solution.pdb
2026-03-10 01:21:56 	 SKIP (model is a solution file): PZ31_Dfold_8_solution.pdb
2026-03-10 01:21:56 	 SKIP (model is a solution file): PZ31_Dfold_9_solution.pdb
2026-03-10 01:21:56 	 SKIP (model is a solution file): PZ31_Ding_1_solution.pdb
2026-03-10 01:21:56 	 SKIP (model is a solution file): PZ31_Ding_10_solution.pdb
2026-03-10 01:21:56 	 SKIP (model is a solution file): PZ31_Ding_2_solution.pdb
2026-03-10 01:21:56 	 SKIP (model is a solution file): PZ31_Ding_3_solution.pdb
2026-03-10 01:21:56 	 SKIP (model is a solution file): PZ31_Ding_4_solution.pdb
2026-03-10 01:21:56 	 SKIP (model is a solution file): PZ31_Ding_5_solution.pdb
2026-03-10 01:21:56 	 SKIP (model is a solution file): PZ31_Ding_6_solution.pdb
2026-03-10 01:21:56 	 SKIP (model is a solution file): PZ31_Ding_7_solution.pdb
2026-03-10 01:21:56 	 SKIP (model is a solution file): PZ31_Ding_8_solution.pdb
2026-03-10 01:21:56 	 SKIP (model is a solution file): PZ31_Ding_9_solution.pdb
2026-03-10 01:21:56 	 SKIP (model is a solution file): PZ31_Dokholyan_1_solution.pdb
2026-03-10 01:21:56 	 SKIP (model is a solution file): PZ31_Dokholyan_2_solution.pdb
2026-03-10 01:21:56 	 SKIP (model is a solution file): PZ31_Nithin_1_solution.pdb
2026-03-10 01:21:56 	 SKIP (model is a solution file): PZ31_Nithin_2_solution.pdb
2026-03-10 01:21:56 	 SKIP (model is a solution file): PZ31_Nithin_3_solution.pdb
2026-03-10 01:21:56 	 SKIP (model is a solution file): PZ31_Nithin_4_solution.pdb
2026-03-10 01:21:56 	 SKIP (model is a solution file): PZ31_Nithin_5_solution.pdb
2026-03-10 01:21:56 	 SKIP (model is a solution file): PZ31_Perez_1_solution.pdb
2026-03-10 01:21:56 	 SKIP (model is a solution file): PZ31_Perez_10_solution.pdb
2026-03-10 01:21:56 	 SKIP (model is a solution file): PZ31_Perez_2_solution.pdb
2026-03-10 01:21:56 	 SKIP (model is a solution file): PZ31_Perez_3_solution.pdb
2026-03-10 01:21:56 	 SKIP (model is a solution file): PZ31_Perez_4_solution.pdb
2026-03-10 01:21:56 	 SKIP (model is a solution file): PZ31_Perez_5_solution.pdb
2026-03-10 01:21:56 	 SKIP (model is a solution file): PZ31_Perez_6_solution.pdb
2026-03-10 01:21:56 	 SKIP (model is a solution file): PZ31_Perez_7_solution.pdb
2026-03-10 01:21:56 	 SKIP (model is a solution file): PZ31_Perez_8_solution.pdb
2026-03-10 01:21:56 	 SKIP (model is a solution file): PZ31_Perez_9_solution.pdb
2026-03-10 01:21:56 	 SKIP (model is a solution file): PZ31_RNAComposer_1_solution.pdb
2026-03-10 01:21:56 	 SKIP (model is a solution file): PZ31_RNAComposer_2_solution.pdb
2026-03-10 01:21:56 	 SKIP (model is a solution file): PZ31_RNAComposer_3_solution.pdb
2026-03-10 01:21:56 	 SKIP (model is a solution file): PZ31_RNAComposer_4_solution.pdb
2026-03-10 01:21:56 	 SKIP (model is a solution file): PZ31_RNAComposer_5_solution.pdb
2026-03-10 01:21:56 	 SKIP (model is a solution file): PZ31_SimRNA_1_solution.pdb
2026-03-10 01:21:56 	 SKIP (model is a solution file): PZ31_SimRNA_2_solution.pdb
2026-03-10 01:21:56 	 SKIP (model is a solution file): PZ31_SimRNA_3_solution.pdb
2026-03-10 01:21:56 	 SKIP (model is a solution file): PZ31_SimRNA_4_solution.pdb
2026-03-10 01:21:56 	 SKIP (model is a solution file): PZ31_SimRNA_5_solution.pdb
2026-03-10 01:21:56 	 SKIP (model is a solution file): PZ31_solution_0.pdb
2026-03-10 01:21:56 	 SKIP (model is a solution file): PZ31_Szachniuk_1_solution.pdb
2026-03-10 01:21:56 	 SKIP (model is a solution file): PZ31_Szachniuk_2_solution.pdb
2026-03-10 01:21:56 	 SKIP (model is a solution file): PZ31_Szachniuk_3_solution.pdb
2026-03-10 01:21:56 	 SKIP (model is a solution file): PZ31_Szachniuk_4_solution.pdb
2026-03-10 01:21:56 	 SKIP (model is a solution file): PZ31_Szachniuk_5_solution.pdb
2026-03-10 01:21:56 	 SKIP (model is a solution file): PZ31_Xiao_1_solution.pdb
2026-03-10 01:21:56 	 SKIP (model is a solution file): PZ31_Xiao_2_solution.pdb
2026-03-10 01:21:56 	 SKIP (model is a solution file): PZ31_Xiao_3_solution.pdb
2026-03-10 01:21:56 	 SKIP (model is a solution file): PZ31_Xiao_4_solution.pdb
2026-03-10 01:21:56 	 SKIP (model is a solution file): PZ31_Xiao_5_solution.pdb
2026-03-10 01:21:56 	 DONE case: PZ31
