{
  "native_pdb": "/tmp/rna_inf_dg_zcct2/PZ33_Ares_1_solution_normalized.pdb",
  "native_index": null,
  "model_pdb": "/tmp/rna_inf_4l5ymjmu/PZ33_Ares_1_refined_normalized.pdb",
  "model_index": null,
  "rmsd": 6.1069452956887975,
  "inf_all": 0.7242455855256795,
  "inf_wc": 0.6875,
  "inf_nwc": 0.31622776601683794,
  "inf_stack": 0.7808688094430303
}
{
  "native_pdb": "/tmp/rna_inf__wya1jwz/PZ33_Ares_10_solution_normalized.pdb",
  "native_index": null,
  "model_pdb": "/tmp/rna_inf_ez0z5rm7/PZ33_Ares_10_refined_normalized.pdb",
  "model_index": null,
  "rmsd": 6.407663730493193,
  "inf_all": 0.7175641831945211,
  "inf_wc": 0.600099198148979,
  "inf_nwc": 0.4472135954999579,
  "inf_stack": 0.806897769757798
}
{
  "native_pdb": "/tmp/rna_inf_5d85w7oe/PZ33_Ares_2_solution_normalized.pdb",
  "native_index": null,
  "model_pdb": "/tmp/rna_inf_la4codi8/PZ33_Ares_2_refined_normalized.pdb",
  "model_index": null,
  "rmsd": 8.387055378501795,
  "inf_all": 0.7192982456140351,
  "inf_wc": 0.6481812160876687,
  "inf_nwc": 0.4472135954999579,
  "inf_stack": 0.784070202132019
}
{
  "native_pdb": "/tmp/rna_inf_xig17bvc/PZ33_Ares_3_solution_normalized.pdb",
  "native_index": null,
  "model_pdb": "/tmp/rna_inf_tob08z6w/PZ33_Ares_3_refined_normalized.pdb",
  "model_index": null,
  "rmsd": 5.240802326669326,
  "inf_all": 0.7070016430131634,
  "inf_wc": 0.6481812160876687,
  "inf_nwc": 0.4472135954999579,
  "inf_stack": 0.7642171012073583
}
{
  "native_pdb": "/tmp/rna_inf_wr9qaeep/PZ33_Ares_4_solution_normalized.pdb",
  "native_index": null,
  "model_pdb": "/tmp/rna_inf_enpo872b/PZ33_Ares_4_refined_normalized.pdb",
  "model_index": null,
  "rmsd": 6.806651091685923,
  "inf_all": 0.7010852072581887,
  "inf_wc": 0.6308932681440449,
  "inf_nwc": 0.4472135954999579,
  "inf_stack": 0.7642171012073583
}
{
  "native_pdb": "/tmp/rna_inf_ymzohh4l/PZ33_Ares_5_solution_normalized.pdb",
  "native_index": null,
  "model_pdb": "/tmp/rna_inf_mmh4qwjf/PZ33_Ares_5_refined_normalized.pdb",
  "model_index": null,
  "rmsd": 5.344566165322389,
  "inf_all": 0.7284927963857741,
  "inf_wc": 0.6149186938124422,
  "inf_nwc": 0.4472135954999579,
  "inf_stack": 0.8133257084405582
}
{
  "native_pdb": "/tmp/rna_inf_pqpo_n3b/PZ33_Ares_6_solution_normalized.pdb",
  "native_index": null,
  "model_pdb": "/tmp/rna_inf_s8vbff04/PZ33_Ares_6_refined_normalized.pdb",
  "model_index": null,
  "rmsd": 7.561376147970483,
  "inf_all": 0.7352844856610271,
  "inf_wc": 0.6481812160876687,
  "inf_nwc": 0.5163977794943222,
  "inf_stack": 0.8006407690254357
}
{
  "native_pdb": "/tmp/rna_inf_oylwnjt5/PZ33_Ares_7_solution_normalized.pdb",
  "native_index": null,
  "model_pdb": "/tmp/rna_inf_0wt9s52b/PZ33_Ares_7_refined_normalized.pdb",
  "model_index": null,
  "rmsd": 6.966428489070468,
  "inf_all": 0.7181848464596078,
  "inf_wc": 0.6308932681440449,
  "inf_nwc": 0.4472135954999579,
  "inf_stack": 0.7905694150420949
}
{
  "native_pdb": "/tmp/rna_inf_e885k45p/PZ33_Ares_8_solution_normalized.pdb",
  "native_index": null,
  "model_pdb": "/tmp/rna_inf_mlv87x9j/PZ33_Ares_8_refined_normalized.pdb",
  "model_index": null,
  "rmsd": 7.219242041192099,
  "inf_all": 0.8005294507528593,
  "inf_wc": 0.9036961141150639,
  "inf_nwc": 0.0,
  "inf_stack": 0.8333333333333334
}
{
  "native_pdb": "/tmp/rna_inf_qlh534zw/PZ33_Ares_9_solution_normalized.pdb",
  "native_index": null,
  "model_pdb": "/tmp/rna_inf_82y5h4jz/PZ33_Ares_9_refined_normalized.pdb",
  "model_index": null,
  "rmsd": 7.006097839818798,
  "inf_all": 0.7610917498101478,
  "inf_wc": 0.8838834764831844,
  "inf_nwc": 0.4472135954999579,
  "inf_stack": 0.7397954428741078
}
{
  "native_pdb": "/tmp/rna_inf_f20g7osl/PZ33_Bujnicki_1_solution_normalized.pdb",
  "native_index": null,
  "model_pdb": "/tmp/rna_inf_7zsswt8y/PZ33_Bujnicki_1_refined_normalized.pdb",
  "model_index": null,
  "rmsd": 5.613703064954892,
  "inf_all": 0.6731724926785407,
  "inf_wc": 0.6875,
  "inf_nwc": 0.0,
  "inf_stack": 0.7222222222222222
}
{
  "native_pdb": "/tmp/rna_inf_ko5boq_a/PZ33_Bujnicki_2_solution_normalized.pdb",
  "native_index": null,
  "model_pdb": "/tmp/rna_inf_wfl6r5ot/PZ33_Bujnicki_2_refined_normalized.pdb",
  "model_index": null,
  "rmsd": 3.798947912113406,
  "inf_all": 0.7010662495304765,
  "inf_wc": 0.5590169943749475,
  "inf_nwc": 0.31622776601683794,
  "inf_stack": 0.8040302522073697
}
{
  "native_pdb": "/tmp/rna_inf_0gcrabo7/PZ33_Bujnicki_3_solution_normalized.pdb",
  "native_index": null,
  "model_pdb": "/tmp/rna_inf_pbt81equ/PZ33_Bujnicki_3_refined_normalized.pdb",
  "model_index": null,
  "rmsd": 6.07790148490836,
  "inf_all": 0.7079923254047886,
  "inf_wc": 0.6875,
  "inf_nwc": 0.4472135954999579,
  "inf_stack": 0.7472647177570733
}
{
  "native_pdb": "/tmp/rna_inf_xe1pkt6u/PZ33_Bujnicki_4_solution_normalized.pdb",
  "native_index": null,
  "model_pdb": "/tmp/rna_inf_vl1rnq6u/PZ33_Bujnicki_4_refined_normalized.pdb",
  "model_index": null,
  "rmsd": 5.837560654319317,
  "inf_all": 0.6725137579881311,
  "inf_wc": 0.6669729688499157,
  "inf_nwc": 0.0,
  "inf_stack": 0.728810888813495
}
{
  "native_pdb": "/tmp/rna_inf_oyf51py9/PZ33_Bujnicki_5_solution_normalized.pdb",
  "native_index": null,
  "model_pdb": "/tmp/rna_inf_mq6vncsn/PZ33_Bujnicki_5_refined_normalized.pdb",
  "model_index": null,
  "rmsd": 5.665224012805609,
  "inf_all": 0.7209840939145001,
  "inf_wc": 0.6875,
  "inf_nwc": 0.4472135954999579,
  "inf_stack": 0.7671952740916674
}
{
  "native_pdb": "/tmp/rna_inf_cyf4usgq/PZ33_Chen_1_solution_normalized.pdb",
  "native_index": null,
  "model_pdb": "/tmp/rna_inf_x0jzxtks/PZ33_Chen_1_refined_normalized.pdb",
  "model_index": null,
  "rmsd": 6.869581693873295,
  "inf_all": 0.7047921864945659,
  "inf_wc": 0.8838834764831844,
  "inf_nwc": 0.0,
  "inf_stack": 0.677643998637108
}
{
  "native_pdb": "/tmp/rna_inf_t_wafyi3/PZ33_Chen_10_solution_normalized.pdb",
  "native_index": null,
  "model_pdb": "/tmp/rna_inf_okhsdtf5/PZ33_Chen_10_refined_normalized.pdb",
  "model_index": null,
  "rmsd": 9.471709514998434,
  "inf_all": 0.6367847903715926,
  "inf_wc": 0.75,
  "inf_nwc": 0.0,
  "inf_stack": 0.6388888888888888
}
{
  "native_pdb": "/tmp/rna_inf_dk96vjet/PZ33_Chen_2_solution_normalized.pdb",
  "native_index": null,
  "model_pdb": "/tmp/rna_inf_p2ibedcr/PZ33_Chen_2_refined_normalized.pdb",
  "model_index": null,
  "rmsd": 7.334886429762261,
  "inf_all": 0.6930735005704536,
  "inf_wc": 0.9036961141150639,
  "inf_nwc": 0.31622776601683794,
  "inf_stack": 0.6382847385042254
}
{
  "native_pdb": "/tmp/rna_inf_5i1vs446/PZ33_Chen_3_solution_normalized.pdb",
  "native_index": null,
  "model_pdb": "/tmp/rna_inf_fl5ayx18/PZ33_Chen_3_refined_normalized.pdb",
  "model_index": null,
  "rmsd": 7.355921828788396,
  "inf_all": 0.7305369330337214,
  "inf_wc": 0.9036961141150639,
  "inf_nwc": 0.0,
  "inf_stack": 0.736569563735987
}
{
  "native_pdb": "/tmp/rna_inf_gd9d1cvt/PZ33_Chen_4_solution_normalized.pdb",
  "native_index": null,
  "model_pdb": "/tmp/rna_inf_7s_266lu/PZ33_Chen_4_refined_normalized.pdb",
  "model_index": null,
  "rmsd": 6.819483858306873,
  "inf_all": 0.6676978608895887,
  "inf_wc": 0.9354143466934853,
  "inf_nwc": 0.0,
  "inf_stack": 0.6111111111111112
}
{
  "native_pdb": "/tmp/rna_inf__q26kbz8/PZ33_Chen_5_solution_normalized.pdb",
  "native_index": null,
  "model_pdb": "/tmp/rna_inf_577ohjdv/PZ33_Chen_5_refined_normalized.pdb",
  "model_index": null,
  "rmsd": 5.485980843511341,
  "inf_all": 0.7641417484459111,
  "inf_wc": 0.9036961141150639,
  "inf_nwc": 0.22360679774997896,
  "inf_stack": 0.7717436331412898
}
{
  "native_pdb": "/tmp/rna_inf_gc1mtm8x/PZ33_Chen_6_solution_normalized.pdb",
  "native_index": null,
  "model_pdb": "/tmp/rna_inf_5zhhgums/PZ33_Chen_6_refined_normalized.pdb",
  "model_index": null,
  "rmsd": 7.164767325628114,
  "inf_all": 0.7047921864945659,
  "inf_wc": 0.875,
  "inf_nwc": 0.4472135954999579,
  "inf_stack": 0.6574112430462838
}
{
  "native_pdb": "/tmp/rna_inf_znonl4ka/PZ33_Chen_7_solution_normalized.pdb",
  "native_index": null,
  "model_pdb": "/tmp/rna_inf_ezmuydo1/PZ33_Chen_7_refined_normalized.pdb",
  "model_index": null,
  "rmsd": 6.940538259888045,
  "inf_all": 0.6072396824137292,
  "inf_wc": 0.8391463916782737,
  "inf_nwc": 0.0,
  "inf_stack": 0.600245047998781
}
{
  "native_pdb": "/tmp/rna_inf_t5eiuod5/PZ33_Chen_8_solution_normalized.pdb",
  "native_index": null,
  "model_pdb": "/tmp/rna_inf_p9p2cj0z/PZ33_Chen_8_refined_normalized.pdb",
  "model_index": null,
  "rmsd": 4.795853736389657,
  "inf_all": 0.6725137579881311,
  "inf_wc": 0.6481812160876687,
  "inf_nwc": 0.0,
  "inf_stack": 0.7472647177570733
}
{
  "native_pdb": "/tmp/rna_inf_4lcp7e9p/PZ33_Chen_9_solution_normalized.pdb",
  "native_index": null,
  "model_pdb": "/tmp/rna_inf_f2qxv668/PZ33_Chen_9_refined_normalized.pdb",
  "model_index": null,
  "rmsd": 10.019814823570702,
  "inf_all": 0.7256921335399084,
  "inf_wc": 0.7071067811865476,
  "inf_nwc": -1.0,
  "inf_stack": 0.784070202132019
}
{
  "native_pdb": "/tmp/rna_inf_3llsxpms/PZ33_Das_1_solution_normalized.pdb",
  "native_index": null,
  "model_pdb": "/tmp/rna_inf_yxtk0k4s/PZ33_Das_1_refined_normalized.pdb",
  "model_index": null,
  "rmsd": 7.94828199855378,
  "inf_all": 0.6488856845230502,
  "inf_wc": 0.753778361444409,
  "inf_nwc": 0.0,
  "inf_stack": 0.7029594915666376
}
{
  "native_pdb": "/tmp/rna_inf_inlfruxk/PZ33_Das_10_solution_normalized.pdb",
  "native_index": null,
  "model_pdb": "/tmp/rna_inf_g1hn39tn/PZ33_Das_10_refined_normalized.pdb",
  "model_index": null,
  "rmsd": 8.863621805311247,
  "inf_all": 0.6491506980871001,
  "inf_wc": 0.9013878188659973,
  "inf_nwc": 0.2,
  "inf_stack": 0.6092717958449424
}
{
  "native_pdb": "/tmp/rna_inf_s_3137f_/PZ33_Das_2_solution_normalized.pdb",
  "native_index": null,
  "model_pdb": "/tmp/rna_inf_tk6qmf94/PZ33_Das_2_refined_normalized.pdb",
  "model_index": null,
  "rmsd": 4.78859555145598,
  "inf_all": 0.727754046138963,
  "inf_wc": 0.9013878188659973,
  "inf_nwc": 0.3380617018914066,
  "inf_stack": 0.7253235664820743
}
{
  "native_pdb": "/tmp/rna_inf_e6zrxyl7/PZ33_Das_3_solution_normalized.pdb",
  "native_index": null,
  "model_pdb": "/tmp/rna_inf_3tx4gk_5/PZ33_Das_3_refined_normalized.pdb",
  "model_index": null,
  "rmsd": 6.221073085542039,
  "inf_all": 0.7010662495304765,
  "inf_wc": 0.6308932681440449,
  "inf_nwc": 0.31622776601683794,
  "inf_stack": 0.7702011922499276
}
{
  "native_pdb": "/tmp/rna_inf_dm57bj4e/PZ33_Das_4_solution_normalized.pdb",
  "native_index": null,
  "model_pdb": "/tmp/rna_inf_o58uklxb/PZ33_Das_4_refined_normalized.pdb",
  "model_index": null,
  "rmsd": 9.781293956546937,
  "inf_all": 0.631578947368421,
  "inf_wc": 0.7745966692414834,
  "inf_nwc": 0.2,
  "inf_stack": 0.6301961180038695
}
{
  "native_pdb": "/tmp/rna_inf_ugyn9u9g/PZ33_Das_5_solution_normalized.pdb",
  "native_index": null,
  "model_pdb": "/tmp/rna_inf_z2hqs5yr/PZ33_Das_5_refined_normalized.pdb",
  "model_index": null,
  "rmsd": 13.567198169121552,
  "inf_all": 0.6207819304505825,
  "inf_wc": 0.734968415259167,
  "inf_nwc": 0.0,
  "inf_stack": 0.6944444444444444
}
{
  "native_pdb": "/tmp/rna_inf_wkkp1ew7/PZ33_Das_6_solution_normalized.pdb",
  "native_index": null,
  "model_pdb": "/tmp/rna_inf_tzg2to7n/PZ33_Das_6_refined_normalized.pdb",
  "model_index": null,
  "rmsd": 10.062122297238929,
  "inf_all": 0.56940672773725,
  "inf_wc": 0.649519052838329,
  "inf_nwc": 0.0,
  "inf_stack": 0.6288281455225324
}
{
  "native_pdb": "/tmp/rna_inf_nr4flcss/PZ33_Das_7_solution_normalized.pdb",
  "native_index": null,
  "model_pdb": "/tmp/rna_inf_y30zagtf/PZ33_Das_7_refined_normalized.pdb",
  "model_index": null,
  "rmsd": 9.684619464466017,
  "inf_all": 0.5935092096796344,
  "inf_wc": 0.7216878364870323,
  "inf_nwc": 0.0,
  "inf_stack": 0.6197797868009122
}
{
  "native_pdb": "/tmp/rna_inf_01abbbu9/PZ33_Das_8_solution_normalized.pdb",
  "native_index": null,
  "model_pdb": "/tmp/rna_inf_t3dcsam6/PZ33_Das_8_refined_normalized.pdb",
  "model_index": null,
  "rmsd": 6.806651091685923,
  "inf_all": 0.7010852072581887,
  "inf_wc": 0.6308932681440449,
  "inf_nwc": 0.4472135954999579,
  "inf_stack": 0.7642171012073583
}
{
  "native_pdb": "/tmp/rna_inf_jvo7x2vg/PZ33_Das_9_solution_normalized.pdb",
  "native_index": null,
  "model_pdb": "/tmp/rna_inf_7sgwzlg3/PZ33_Das_9_refined_normalized.pdb",
  "model_index": null,
  "rmsd": 4.206831100152846,
  "inf_all": 0.7557248890715544,
  "inf_wc": 0.8029550685469662,
  "inf_nwc": 0.18257418583505536,
  "inf_stack": 0.8169217288768313
}
{
  "native_pdb": "/tmp/rna_inf_6im3mhxh/PZ33_Dfold2_1_solution_normalized.pdb",
  "native_index": null,
  "model_pdb": "/tmp/rna_inf_ls0pl7d7/PZ33_Dfold2_1_refined_normalized.pdb",
  "model_index": null,
  "rmsd": 4.6387293210822085,
  "inf_all": 0.6087186665472193,
  "inf_wc": 0.6481812160876687,
  "inf_nwc": 0.2581988897471611,
  "inf_stack": 0.6301961180038695
}
{
  "native_pdb": "/tmp/rna_inf_2c6_e5sy/PZ33_Dfold2_10_solution_normalized.pdb",
  "native_index": null,
  "model_pdb": "/tmp/rna_inf_oz09p3yx/PZ33_Dfold2_10_refined_normalized.pdb",
  "model_index": null,
  "rmsd": 14.597093064012906,
  "inf_all": 0.56940672773725,
  "inf_wc": 0.40089186286863654,
  "inf_nwc": 0.31622776601683794,
  "inf_stack": 0.6666666666666666
}
{
  "native_pdb": "/tmp/rna_inf_h6kwdgeh/PZ33_Dfold2_2_solution_normalized.pdb",
  "native_index": null,
  "model_pdb": "/tmp/rna_inf_r51wi_s8/PZ33_Dfold2_2_refined_normalized.pdb",
  "model_index": null,
  "rmsd": 4.98728496033779,
  "inf_all": 0.6435025903499176,
  "inf_wc": 0.6454972243679028,
  "inf_nwc": 0.2581988897471611,
  "inf_stack": 0.6851601597031488
}
{
  "native_pdb": "/tmp/rna_inf_rhuq95vo/PZ33_Dfold2_3_solution_normalized.pdb",
  "native_index": null,
  "model_pdb": "/tmp/rna_inf_0lfho0tf/PZ33_Dfold2_3_refined_normalized.pdb",
  "model_index": null,
  "rmsd": 6.260387624931398,
  "inf_all": 0.6953148605119681,
  "inf_wc": 0.7660323462854265,
  "inf_nwc": 0.31622776601683794,
  "inf_stack": 0.7027819284987273
}
{
  "native_pdb": "/tmp/rna_inf_t2clz4yw/PZ33_Dfold2_4_solution_normalized.pdb",
  "native_index": null,
  "model_pdb": "/tmp/rna_inf_rn5lobwx/PZ33_Dfold2_4_refined_normalized.pdb",
  "model_index": null,
  "rmsd": 6.747717140019037,
  "inf_all": 0.6839855680567694,
  "inf_wc": 0.7660323462854265,
  "inf_nwc": 0.4472135954999579,
  "inf_stack": 0.6767529681839596
}
{
  "native_pdb": "/tmp/rna_inf_t5ecq6_j/PZ33_Dfold2_5_solution_normalized.pdb",
  "native_index": null,
  "model_pdb": "/tmp/rna_inf_own5ipn_/PZ33_Dfold2_5_refined_normalized.pdb",
  "model_index": null,
  "rmsd": 6.9474091283433745,
  "inf_all": 0.6839855680567694,
  "inf_wc": 0.7660323462854265,
  "inf_nwc": 0.4472135954999579,
  "inf_stack": 0.6767529681839596
}
{
  "native_pdb": "/tmp/rna_inf_7hmuqh35/PZ33_Dfold2_6_solution_normalized.pdb",
  "native_index": null,
  "model_pdb": "/tmp/rna_inf_1tq6nfj4/PZ33_Dfold2_6_refined_normalized.pdb",
  "model_index": null,
  "rmsd": 4.462703865902513,
  "inf_all": 0.5984873720496733,
  "inf_wc": 0.5735393346764044,
  "inf_nwc": 0.2581988897471611,
  "inf_stack": 0.6488856845230502
}
{
  "native_pdb": "/tmp/rna_inf_w3a27m05/PZ33_Dfold2_7_solution_normalized.pdb",
  "native_index": null,
  "model_pdb": "/tmp/rna_inf_wn6r38ij/PZ33_Dfold2_7_refined_normalized.pdb",
  "model_index": null,
  "rmsd": 4.568006646680721,
  "inf_all": 0.6549786415250667,
  "inf_wc": 0.6708203932499369,
  "inf_nwc": 0.4472135954999579,
  "inf_stack": 0.677643998637108
}
{
  "native_pdb": "/tmp/rna_inf_59333gi4/PZ33_Dfold2_8_solution_normalized.pdb",
  "native_index": null,
  "model_pdb": "/tmp/rna_inf_26socqb6/PZ33_Dfold2_8_refined_normalized.pdb",
  "model_index": null,
  "rmsd": 14.373012133658086,
  "inf_all": 0.42863977582145585,
  "inf_wc": 0.0,
  "inf_nwc": 0.0,
  "inf_stack": 0.6666666666666666
}
{
  "native_pdb": "/tmp/rna_inf_aj0l9hr8/PZ33_Dfold2_9_solution_normalized.pdb",
  "native_index": null,
  "model_pdb": "/tmp/rna_inf_b96jc8nj/PZ33_Dfold2_9_refined_normalized.pdb",
  "model_index": null,
  "rmsd": 17.61230872506735,
  "inf_all": 0.3632415786283894,
  "inf_wc": 0.0,
  "inf_nwc": 0.0,
  "inf_stack": 0.5781515884776753
}
{
  "native_pdb": "/tmp/rna_inf_shi8wj1a/PZ33_Ding_1_solution_normalized.pdb",
  "native_index": null,
  "model_pdb": "/tmp/rna_inf_3f9o8rbf/PZ33_Ding_1_refined_normalized.pdb",
  "model_index": null,
  "rmsd": 9.41568943299652,
  "inf_all": 0.6587507331151693,
  "inf_wc": 0.8660254037844386,
  "inf_nwc": -1.0,
  "inf_stack": 0.6040686963408962
}
{
  "native_pdb": "/tmp/rna_inf_9_9nixju/PZ33_Ding_2_solution_normalized.pdb",
  "native_index": null,
  "model_pdb": "/tmp/rna_inf_d7qlcpgo/PZ33_Ding_2_refined_normalized.pdb",
  "model_index": null,
  "rmsd": 14.547954378024132,
  "inf_all": 0.6587507331151693,
  "inf_wc": 0.76271276980969,
  "inf_nwc": -1.0,
  "inf_stack": 0.6546536707079771
}
{
  "native_pdb": "/tmp/rna_inf_dds1ji9m/PZ33_Ding_3_solution_normalized.pdb",
  "native_index": null,
  "model_pdb": "/tmp/rna_inf_8b7jp8ol/PZ33_Ding_3_refined_normalized.pdb",
  "model_index": null,
  "rmsd": 15.565967440245032,
  "inf_all": 0.5947325850872581,
  "inf_wc": 0.82915619758885,
  "inf_nwc": -1.0,
  "inf_stack": 0.521749194749951
}
{
  "native_pdb": "/tmp/rna_inf_g8ksdmw7/PZ33_Ding_4_solution_normalized.pdb",
  "native_index": null,
  "model_pdb": "/tmp/rna_inf_8kfsxf0m/PZ33_Ding_4_refined_normalized.pdb",
  "model_index": null,
  "rmsd": 9.522273343413724,
  "inf_all": 0.5960395606792697,
  "inf_wc": 0.7938566201357353,
  "inf_nwc": -1.0,
  "inf_stack": 0.5443310539518174
}
{
  "native_pdb": "/tmp/rna_inf_4l8owq8f/PZ33_Ding_5_solution_normalized.pdb",
  "native_index": null,
  "model_pdb": "/tmp/rna_inf_rzvm461g/PZ33_Ding_5_refined_normalized.pdb",
  "model_index": null,
  "rmsd": 10.782603907559484,
  "inf_all": 0.6826287631219,
  "inf_wc": 0.734968415259167,
  "inf_nwc": 0.4472135954999579,
  "inf_stack": 0.6864064729836441
}
{
  "native_pdb": "/tmp/rna_inf_sn4v9se3/PZ33_Ding_6_solution_normalized.pdb",
  "native_index": null,
  "model_pdb": "/tmp/rna_inf_28dzrbmh/PZ33_Ding_6_refined_normalized.pdb",
  "model_index": null,
  "rmsd": 12.6746435645163,
  "inf_all": 0.6771111667693442,
  "inf_wc": 0.82915619758885,
  "inf_nwc": -1.0,
  "inf_stack": 0.6500112459665917
}
{
  "native_pdb": "/tmp/rna_inf_4xcemo6x/PZ33_Ding_7_solution_normalized.pdb",
  "native_index": null,
  "model_pdb": "/tmp/rna_inf_77eaetdd/PZ33_Ding_7_refined_normalized.pdb",
  "model_index": null,
  "rmsd": 9.900942680523654,
  "inf_all": 0.6660893160199871,
  "inf_wc": 0.82915619758885,
  "inf_nwc": 0.2581988897471611,
  "inf_stack": 0.6463931265677831
}
{
  "native_pdb": "/tmp/rna_inf_lsocjyw3/PZ33_Ding_8_solution_normalized.pdb",
  "native_index": null,
  "model_pdb": "/tmp/rna_inf_40ni3245/PZ33_Ding_8_refined_normalized.pdb",
  "model_index": null,
  "rmsd": 14.038499058032908,
  "inf_all": 0.6492718111174853,
  "inf_wc": 0.82915619758885,
  "inf_nwc": -1.0,
  "inf_stack": 0.6123724356957945
}
{
  "native_pdb": "/tmp/rna_inf_bjddjcx7/PZ33_Dokholyan_1_solution_normalized.pdb",
  "native_index": null,
  "model_pdb": "/tmp/rna_inf_daz2h7j0/PZ33_Dokholyan_1_refined_normalized.pdb",
  "model_index": null,
  "rmsd": 5.416240241138214,
  "inf_all": 0.6897577005006471,
  "inf_wc": 0.6669729688499157,
  "inf_nwc": 0.2581988897471611,
  "inf_stack": 0.7472647177570733
}
{
  "native_pdb": "/tmp/rna_inf_pr7mbsga/PZ33_Dokholyan_2_solution_normalized.pdb",
  "native_index": null,
  "model_pdb": "/tmp/rna_inf_gabftdgx/PZ33_Dokholyan_2_refined_normalized.pdb",
  "model_index": null,
  "rmsd": 9.790268596916734,
  "inf_all": 0.6444624176632182,
  "inf_wc": 0.5809475019311126,
  "inf_nwc": -1.0,
  "inf_stack": 0.7184212081070996
}
{
  "native_pdb": "/tmp/rna_inf_hdog5eq0/PZ33_Farfar2_1_solution_normalized.pdb",
  "native_index": null,
  "model_pdb": "/tmp/rna_inf_y279y2z3/PZ33_Farfar2_1_refined_normalized.pdb",
  "model_index": null,
  "rmsd": 6.221073085542039,
  "inf_all": 0.7010662495304765,
  "inf_wc": 0.6308932681440449,
  "inf_nwc": 0.31622776601683794,
  "inf_stack": 0.7702011922499276
}
{
  "native_pdb": "/tmp/rna_inf_3kdjieie/PZ33_Farfar2_10_solution_normalized.pdb",
  "native_index": null,
  "model_pdb": "/tmp/rna_inf_lkzqfje2/PZ33_Farfar2_10_refined_normalized.pdb",
  "model_index": null,
  "rmsd": 7.843985908861064,
  "inf_all": 0.7587334705507119,
  "inf_wc": 0.6669729688499157,
  "inf_nwc": 0.4472135954999579,
  "inf_stack": 0.8329267300725657
}
{
  "native_pdb": "/tmp/rna_inf_6n6rh1f6/PZ33_Farfar2_2_solution_normalized.pdb",
  "native_index": null,
  "model_pdb": "/tmp/rna_inf_a5p4g9q6/PZ33_Farfar2_2_refined_normalized.pdb",
  "model_index": null,
  "rmsd": 5.177595786198108,
  "inf_all": 0.7233278435214257,
  "inf_wc": 0.6149186938124422,
  "inf_nwc": 0.4472135954999579,
  "inf_stack": 0.806897769757798
}
{
  "native_pdb": "/tmp/rna_inf__qanetyp/PZ33_Farfar2_3_solution_normalized.pdb",
  "native_index": null,
  "model_pdb": "/tmp/rna_inf_bqvmordb/PZ33_Farfar2_3_refined_normalized.pdb",
  "model_index": null,
  "rmsd": 4.206831100152846,
  "inf_all": 0.7557248890715544,
  "inf_wc": 0.8029550685469662,
  "inf_nwc": 0.18257418583505536,
  "inf_stack": 0.8169217288768313
}
{
  "native_pdb": "/tmp/rna_inf_17jantnu/PZ33_Farfar2_4_solution_normalized.pdb",
  "native_index": null,
  "model_pdb": "/tmp/rna_inf_r3q0hot5/PZ33_Farfar2_4_refined_normalized.pdb",
  "model_index": null,
  "rmsd": 7.578564146199256,
  "inf_all": 0.7523841248624463,
  "inf_wc": 0.6481812160876687,
  "inf_nwc": 0.4472135954999579,
  "inf_stack": 0.8329267300725657
}
{
  "native_pdb": "/tmp/rna_inf_377c_1jc/PZ33_Farfar2_5_solution_normalized.pdb",
  "native_index": null,
  "model_pdb": "/tmp/rna_inf_cs3pz7uy/PZ33_Farfar2_5_refined_normalized.pdb",
  "model_index": null,
  "rmsd": 7.024718459765285,
  "inf_all": 0.7122737595488453,
  "inf_wc": 0.6669729688499157,
  "inf_nwc": 0.2581988897471611,
  "inf_stack": 0.7808688094430303
}
{
  "native_pdb": "/tmp/rna_inf_sd6cscme/PZ33_Farfar2_6_solution_normalized.pdb",
  "native_index": null,
  "model_pdb": "/tmp/rna_inf_gibkwo3k/PZ33_Farfar2_6_refined_normalized.pdb",
  "model_index": null,
  "rmsd": 7.2453792357576186,
  "inf_all": 0.7352844856610271,
  "inf_wc": 0.8488746876271654,
  "inf_nwc": 0.22360679774997896,
  "inf_stack": 0.7472647177570733
}
{
  "native_pdb": "/tmp/rna_inf_6a7ltyz6/PZ33_Farfar2_7_solution_normalized.pdb",
  "native_index": null,
  "model_pdb": "/tmp/rna_inf_s5ra1q4r/PZ33_Farfar2_7_refined_normalized.pdb",
  "model_index": null,
  "rmsd": 7.475777474686405,
  "inf_all": 0.7461915576225999,
  "inf_wc": 0.6481812160876687,
  "inf_nwc": 0.4472135954999579,
  "inf_stack": 0.8229511997978235
}
{
  "native_pdb": "/tmp/rna_inf_pv3mu3ow/PZ33_Farfar2_8_solution_normalized.pdb",
  "native_index": null,
  "model_pdb": "/tmp/rna_inf_07bkf98l/PZ33_Farfar2_8_refined_normalized.pdb",
  "model_index": null,
  "rmsd": 4.495206685517839,
  "inf_all": 0.7292326585857226,
  "inf_wc": 0.6669729688499157,
  "inf_nwc": 0.22360679774997896,
  "inf_stack": 0.8169217288768313
}
{
  "native_pdb": "/tmp/rna_inf_5rrm_sdn/PZ33_Farfar2_9_solution_normalized.pdb",
  "native_index": null,
  "model_pdb": "/tmp/rna_inf_vk0y_3nq/PZ33_Farfar2_9_refined_normalized.pdb",
  "model_index": null,
  "rmsd": 4.411107750438293,
  "inf_all": 0.7401494212777378,
  "inf_wc": 0.8029550685469662,
  "inf_nwc": 0.31622776601683794,
  "inf_stack": 0.7548398491282626
}
{
  "native_pdb": "/tmp/rna_inf_oet_eb8_/PZ33_Nithin_1_solution_normalized.pdb",
  "native_index": null,
  "model_pdb": "/tmp/rna_inf_wtscdo02/PZ33_Nithin_1_refined_normalized.pdb",
  "model_index": null,
  "rmsd": 5.755778490213867,
  "inf_all": 0.618146635643918,
  "inf_wc": 0.5809475019311126,
  "inf_nwc": 0.0,
  "inf_stack": 0.6859943405700354
}
{
  "native_pdb": "/tmp/rna_inf_do9b6sql/PZ33_Nithin_2_solution_normalized.pdb",
  "native_index": null,
  "model_pdb": "/tmp/rna_inf_4mi84sd4/PZ33_Nithin_2_refined_normalized.pdb",
  "model_index": null,
  "rmsd": 6.375401069925779,
  "inf_all": 0.5989289931061345,
  "inf_wc": 0.5345224838248488,
  "inf_nwc": 0.0,
  "inf_stack": 0.6884869911026371
}
{
  "native_pdb": "/tmp/rna_inf_5v5xtv0v/PZ33_Nithin_3_solution_normalized.pdb",
  "native_index": null,
  "model_pdb": "/tmp/rna_inf_4l92vkkf/PZ33_Nithin_3_refined_normalized.pdb",
  "model_index": null,
  "rmsd": 6.7217647667852365,
  "inf_all": 0.6762101535069259,
  "inf_wc": 0.5547001962252291,
  "inf_nwc": 0.31622776601683794,
  "inf_stack": 0.7660323462854265
}
{
  "native_pdb": "/tmp/rna_inf_p7h0rfsi/PZ33_Nithin_4_solution_normalized.pdb",
  "native_index": null,
  "model_pdb": "/tmp/rna_inf_aowcnj6m/PZ33_Nithin_4_refined_normalized.pdb",
  "model_index": null,
  "rmsd": 4.674435147192573,
  "inf_all": 0.611775290321498,
  "inf_wc": 0.5303300858899106,
  "inf_nwc": 0.31622776601683794,
  "inf_stack": 0.6929348671835832
}
{
  "native_pdb": "/tmp/rna_inf_ow773x9u/PZ33_Nithin_5_solution_normalized.pdb",
  "native_index": null,
  "model_pdb": "/tmp/rna_inf_9k00yu2n/PZ33_Nithin_5_refined_normalized.pdb",
  "model_index": null,
  "rmsd": 5.9784768335189025,
  "inf_all": 0.6245106046150483,
  "inf_wc": 0.5809475019311126,
  "inf_nwc": 0.2,
  "inf_stack": 0.7071067811865476
}
{
  "native_pdb": "/tmp/rna_inf_vj439me0/PZ33_Perez_1_solution_normalized.pdb",
  "native_index": null,
  "model_pdb": "/tmp/rna_inf_wcck5q_m/PZ33_Perez_1_refined_normalized.pdb",
  "model_index": null,
  "rmsd": 7.288626862604219,
  "inf_all": 0.6556100681071858,
  "inf_wc": 0.8391463916782737,
  "inf_nwc": 0.31622776601683794,
  "inf_stack": 0.6092717958449424
}
{
  "native_pdb": "/tmp/rna_inf_134vwoef/PZ33_Perez_10_solution_normalized.pdb",
  "native_index": null,
  "model_pdb": "/tmp/rna_inf_g4vcjp2_/PZ33_Perez_10_refined_normalized.pdb",
  "model_index": null,
  "rmsd": 12.485407475796842,
  "inf_all": 0.5726039151671226,
  "inf_wc": 0.7216878364870323,
  "inf_nwc": 0.0,
  "inf_stack": 0.5781515884776753
}
{
  "native_pdb": "/tmp/rna_inf_pj1nbogy/PZ33_Perez_2_solution_normalized.pdb",
  "native_index": null,
  "model_pdb": "/tmp/rna_inf_0s8g8mn2/PZ33_Perez_2_refined_normalized.pdb",
  "model_index": null,
  "rmsd": 7.246886695233543,
  "inf_all": 0.6306035352846115,
  "inf_wc": 0.76271276980969,
  "inf_nwc": 0.4472135954999579,
  "inf_stack": 0.600245047998781
}
{
  "native_pdb": "/tmp/rna_inf_mnngkozm/PZ33_Perez_3_solution_normalized.pdb",
  "native_index": null,
  "model_pdb": "/tmp/rna_inf_tzr1zfsl/PZ33_Perez_3_refined_normalized.pdb",
  "model_index": null,
  "rmsd": 11.890414538079009,
  "inf_all": 0.47387910220727386,
  "inf_wc": 0.5669467095138409,
  "inf_nwc": 0.0,
  "inf_stack": 0.5669467095138409
}
{
  "native_pdb": "/tmp/rna_inf_6fbrl1zf/PZ33_Perez_4_solution_normalized.pdb",
  "native_index": null,
  "model_pdb": "/tmp/rna_inf_cdxzug2p/PZ33_Perez_4_refined_normalized.pdb",
  "model_index": null,
  "rmsd": 14.835109322169037,
  "inf_all": 0.5445100807792042,
  "inf_wc": 0.5833333333333334,
  "inf_nwc": 0.0,
  "inf_stack": 0.5880352375606642
}
{
  "native_pdb": "/tmp/rna_inf_qoo9n_ti/PZ33_Perez_5_solution_normalized.pdb",
  "native_index": null,
  "model_pdb": "/tmp/rna_inf_jv4k6ys2/PZ33_Perez_5_refined_normalized.pdb",
  "model_index": null,
  "rmsd": 11.447612424021985,
  "inf_all": 0.6412573229326939,
  "inf_wc": 0.82915619758885,
  "inf_nwc": -1.0,
  "inf_stack": 0.6085806194501846
}
{
  "native_pdb": "/tmp/rna_inf_8pcpwb5r/PZ33_Perez_6_solution_normalized.pdb",
  "native_index": null,
  "model_pdb": "/tmp/rna_inf_5akd7axj/PZ33_Perez_6_refined_normalized.pdb",
  "model_index": null,
  "rmsd": 13.64031970216509,
  "inf_all": 0.386761538334186,
  "inf_wc": 0.5303300858899106,
  "inf_nwc": 0.0,
  "inf_stack": 0.3922322702763681
}
{
  "native_pdb": "/tmp/rna_inf_vlgqw35_/PZ33_Perez_7_solution_normalized.pdb",
  "native_index": null,
  "model_pdb": "/tmp/rna_inf_kfqimvb9/PZ33_Perez_7_refined_normalized.pdb",
  "model_index": null,
  "rmsd": 9.083089857172869,
  "inf_all": 0.5735393346764044,
  "inf_wc": 0.6240377207533828,
  "inf_nwc": 0.0,
  "inf_stack": 0.6092717958449424
}
{
  "native_pdb": "/tmp/rna_inf_jv5185co/PZ33_Perez_8_solution_normalized.pdb",
  "native_index": null,
  "model_pdb": "/tmp/rna_inf_2j5to4sw/PZ33_Perez_8_refined_normalized.pdb",
  "model_index": null,
  "rmsd": 13.987446264588943,
  "inf_all": 0.5026246899500345,
  "inf_wc": 0.6187184335382291,
  "inf_nwc": 0.0,
  "inf_stack": 0.5556623828915215
}
{
  "native_pdb": "/tmp/rna_inf_fp4o2y44/PZ33_Perez_9_solution_normalized.pdb",
  "native_index": null,
  "model_pdb": "/tmp/rna_inf_9mcqebv1/PZ33_Perez_9_refined_normalized.pdb",
  "model_index": null,
  "rmsd": 8.467241707419477,
  "inf_all": 0.479233838298523,
  "inf_wc": 0.5533985905294664,
  "inf_nwc": 0.2,
  "inf_stack": 0.4951875684721383
}
{
  "native_pdb": "/tmp/rna_inf_6ayk1ax5/PZ33_RNAComposer_1_solution_normalized.pdb",
  "native_index": null,
  "model_pdb": "/tmp/rna_inf_9uobc3yq/PZ33_RNAComposer_1_refined_normalized.pdb",
  "model_index": null,
  "rmsd": 11.804063593778578,
  "inf_all": 0.7647191129018726,
  "inf_wc": 0.9354143466934853,
  "inf_nwc": 0.31622776601683794,
  "inf_stack": 0.736569563735987
}
{
  "native_pdb": "/tmp/rna_inf_0185s13l/PZ33_RNAComposer_2_solution_normalized.pdb",
  "native_index": null,
  "model_pdb": "/tmp/rna_inf_kyltcxl5/PZ33_RNAComposer_2_refined_normalized.pdb",
  "model_index": null,
  "rmsd": 6.587154747209876,
  "inf_all": 0.7757975234238114,
  "inf_wc": 0.9036961141150639,
  "inf_nwc": 0.4472135954999579,
  "inf_stack": 0.7543365091413573
}
{
  "native_pdb": "/tmp/rna_inf_qntob6g8/PZ33_RNAComposer_3_solution_normalized.pdb",
  "native_index": null,
  "model_pdb": "/tmp/rna_inf_l_pfq9fc/PZ33_RNAComposer_3_refined_normalized.pdb",
  "model_index": null,
  "rmsd": 10.593897309889103,
  "inf_all": 0.7789808377045201,
  "inf_wc": 0.7745966692414834,
  "inf_nwc": 0.4472135954999579,
  "inf_stack": 0.8169824462375661
}
{
  "native_pdb": "/tmp/rna_inf_qvt486q1/PZ33_RNAComposer_4_solution_normalized.pdb",
  "native_index": null,
  "model_pdb": "/tmp/rna_inf_jdm7z4rv/PZ33_RNAComposer_4_refined_normalized.pdb",
  "model_index": null,
  "rmsd": 12.212432116253995,
  "inf_all": 0.7148507337073218,
  "inf_wc": 0.734968415259167,
  "inf_nwc": 0.22360679774997896,
  "inf_stack": 0.7737305757377161
}
{
  "native_pdb": "/tmp/rna_inf_34p7_sm5/PZ33_RNAComposer_5_solution_normalized.pdb",
  "native_index": null,
  "model_pdb": "/tmp/rna_inf_c1lwnl72/PZ33_RNAComposer_5_refined_normalized.pdb",
  "model_index": null,
  "rmsd": 3.9409895976583096,
  "inf_all": 0.7341710238075195,
  "inf_wc": 0.8685990362153793,
  "inf_nwc": 0.31622776601683794,
  "inf_stack": 0.7184212081070996
}
{
  "native_pdb": "/tmp/rna_inf_lmxs0r79/PZ33_SimRNA_1_solution_normalized.pdb",
  "native_index": null,
  "model_pdb": "/tmp/rna_inf_2xu_aew1/PZ33_SimRNA_1_refined_normalized.pdb",
  "model_index": null,
  "rmsd": 3.7854848959330627,
  "inf_all": 0.7010852072581887,
  "inf_wc": 0.5590169943749475,
  "inf_nwc": 0.0,
  "inf_stack": 0.8273287946596168
}
{
  "native_pdb": "/tmp/rna_inf_68lzet_r/PZ33_SimRNA_2_solution_normalized.pdb",
  "native_index": null,
  "model_pdb": "/tmp/rna_inf_82zfs592/PZ33_SimRNA_2_refined_normalized.pdb",
  "model_index": null,
  "rmsd": 6.081512680740055,
  "inf_all": 0.709560194985489,
  "inf_wc": 0.75,
  "inf_nwc": 0.0,
  "inf_stack": 0.75
}
{
  "native_pdb": "/tmp/rna_inf_9pfc7r24/PZ33_SimRNA_3_solution_normalized.pdb",
  "native_index": null,
  "model_pdb": "/tmp/rna_inf_hggpjp4r/PZ33_SimRNA_3_refined_normalized.pdb",
  "model_index": null,
  "rmsd": 6.324344773348986,
  "inf_all": 0.6965396357098658,
  "inf_wc": 0.7071067811865476,
  "inf_nwc": 0.4472135954999579,
  "inf_stack": 0.7222222222222222
}
{
  "native_pdb": "/tmp/rna_inf_ljgtc81r/PZ33_SimRNA_4_solution_normalized.pdb",
  "native_index": null,
  "model_pdb": "/tmp/rna_inf_969q_2v_/PZ33_SimRNA_4_refined_normalized.pdb",
  "model_index": null,
  "rmsd": 5.826706761907302,
  "inf_all": 0.7029594915666376,
  "inf_wc": 0.6875,
  "inf_nwc": 0.31622776601683794,
  "inf_stack": 0.75
}
{
  "native_pdb": "/tmp/rna_inf__yz3hwkc/PZ33_SimRNA_5_solution_normalized.pdb",
  "native_index": null,
  "model_pdb": "/tmp/rna_inf_yt5vsvv2/PZ33_SimRNA_5_refined_normalized.pdb",
  "model_index": null,
  "rmsd": 5.659419156109121,
  "inf_all": 0.7209840939145001,
  "inf_wc": 0.6875,
  "inf_nwc": -1.0,
  "inf_stack": 0.784070202132019
}
{
  "native_pdb": "/tmp/rna_inf_2gaol9o9/PZ33_Szachniuk_1_solution_normalized.pdb",
  "native_index": null,
  "model_pdb": "/tmp/rna_inf_a0scltck/PZ33_Szachniuk_1_refined_normalized.pdb",
  "model_index": null,
  "rmsd": 8.114903528125502,
  "inf_all": 0.722579074349669,
  "inf_wc": 0.9095085938862486,
  "inf_nwc": 0.4472135954999579,
  "inf_stack": 0.6614378277661477
}
{
  "native_pdb": "/tmp/rna_inf_0xtv5bqe/PZ33_Szachniuk_2_solution_normalized.pdb",
  "native_index": null,
  "model_pdb": "/tmp/rna_inf_3bgy8ue8/PZ33_Szachniuk_2_refined_normalized.pdb",
  "model_index": null,
  "rmsd": 10.227080922147223,
  "inf_all": 0.744685923405709,
  "inf_wc": 0.9013878188659973,
  "inf_nwc": 0.4472135954999579,
  "inf_stack": 0.7056503290095426
}
{
  "native_pdb": "/tmp/rna_inf_rjcucxva/PZ33_Szachniuk_3_solution_normalized.pdb",
  "native_index": null,
  "model_pdb": "/tmp/rna_inf_o3pm8aba/PZ33_Szachniuk_3_refined_normalized.pdb",
  "model_index": null,
  "rmsd": 14.415300950644788,
  "inf_all": 0.7473603760032685,
  "inf_wc": 0.875,
  "inf_nwc": 0.4472135954999579,
  "inf_stack": 0.7190924955066749
}
{
  "native_pdb": "/tmp/rna_inf_94t22uo3/PZ33_Szachniuk_4_solution_normalized.pdb",
  "native_index": null,
  "model_pdb": "/tmp/rna_inf_tvgw3lua/PZ33_Szachniuk_4_refined_normalized.pdb",
  "model_index": null,
  "rmsd": 11.568421553615213,
  "inf_all": 0.7534913139077175,
  "inf_wc": 0.734968415259167,
  "inf_nwc": 0.31622776601683794,
  "inf_stack": 0.808223859120487
}
{
  "native_pdb": "/tmp/rna_inf_r3rtql64/PZ33_Szachniuk_5_solution_normalized.pdb",
  "native_index": null,
  "model_pdb": "/tmp/rna_inf_iz_zoa0x/PZ33_Szachniuk_5_refined_normalized.pdb",
  "model_index": null,
  "rmsd": 11.851497526350487,
  "inf_all": 0.6743417843388196,
  "inf_wc": 0.76271276980969,
  "inf_nwc": 0.22360679774997896,
  "inf_stack": 0.6963106238227914
}
{
  "native_pdb": "/tmp/rna_inf_jbio_tlo/PZ33_Xiao_1_solution_normalized.pdb",
  "native_index": null,
  "model_pdb": "/tmp/rna_inf_w4hf5qtn/PZ33_Xiao_1_refined_normalized.pdb",
  "model_index": null,
  "rmsd": 5.879797032856456,
  "inf_all": 0.7530863173299112,
  "inf_wc": 0.7745966692414834,
  "inf_nwc": -1.0,
  "inf_stack": 0.794595105309227
}
{
  "native_pdb": "/tmp/rna_inf_1qmhfxk8/PZ33_Xiao_2_solution_normalized.pdb",
  "native_index": null,
  "model_pdb": "/tmp/rna_inf_ta3984tw/PZ33_Xiao_2_refined_normalized.pdb",
  "model_index": null,
  "rmsd": 5.661600299879545,
  "inf_all": 0.7047921864945659,
  "inf_wc": 0.76271276980969,
  "inf_nwc": -1.0,
  "inf_stack": 0.7299963950884315
}
{
  "native_pdb": "/tmp/rna_inf_5cmj_735/PZ33_Xiao_3_solution_normalized.pdb",
  "native_index": null,
  "model_pdb": "/tmp/rna_inf_2_o233kb/PZ33_Xiao_3_refined_normalized.pdb",
  "model_index": null,
  "rmsd": 4.951656528784441,
  "inf_all": 0.7029594915666376,
  "inf_wc": 0.710046946804693,
  "inf_nwc": 0.0,
  "inf_stack": 0.7570332986102252
}
{
  "native_pdb": "/tmp/rna_inf_8z3mak_k/PZ33_Xiao_4_solution_normalized.pdb",
  "native_index": null,
  "model_pdb": "/tmp/rna_inf_x02gaylk/PZ33_Xiao_4_refined_normalized.pdb",
  "model_index": null,
  "rmsd": 9.930285458971074,
  "inf_all": 0.6849348892187751,
  "inf_wc": 0.6454972243679028,
  "inf_nwc": 0.2581988897471611,
  "inf_stack": 0.75
}
{
  "native_pdb": "/tmp/rna_inf_mo13e05w/PZ33_Xiao_5_solution_normalized.pdb",
  "native_index": null,
  "model_pdb": "/tmp/rna_inf_u5pn1hfl/PZ33_Xiao_5_refined_normalized.pdb",
  "model_index": null,
  "rmsd": 8.255518991231616,
  "inf_all": 0.6930735005704536,
  "inf_wc": 0.75,
  "inf_nwc": -1.0,
  "inf_stack": 0.7145774380937868
}
