2026-03-10 00:36:30 	 START case: PZ35
2026-03-10 00:36:30 	 caseDir: D:\Studia\Projekty\gsp-lab\data\finished\PZ35
2026-03-10 00:36:30 	 pdbDir: D:\Studia\Projekty\gsp-lab\data\finished\PZ35\pdb
2026-03-10 00:36:30 	 Found pdb count: 103
2026-03-10 00:36:30 	 Global solution: PZ35_solution_0.pdb
2026-03-10 00:36:30 	 RUN refined_pair target=PZ35_Bujnicki_1_solution.pdb model=PZ35_Bujnicki_1_refined.pdb -> id=Bujnicki_1
2026-03-10 00:36:30 	 Docker cmd: docker run --rm -v D:\Studia\Projekty\gsp-lab:/work -v D:\Studia\Projekty\RNA_assessment:/rna_assessment -e RNA_ASSESSMENT_ROOT=/rna_assessment -e PYTHONPATH=/rna_assessment mcannotate-runtime python3 /work/src/utils/INF.py /work/data/finished/PZ35/pdb/PZ35_Bujnicki_1_solution.pdb /work/data/finished/PZ35/pdb/PZ35_Bujnicki_1_refined.pdb
2026-03-10 00:36:34 	 Docker exit code: 0
2026-03-10 00:36:34 	 Docker output length: 371
2026-03-10 00:36:34 	 Saved CSV: PZ35,Bujnicki_1,Bujnicki,1,refined_pair,0.7599396184462358,0.7715167498104596,0.7071067811865476,PZ35_Bujnicki_1_solution.pdb,PZ35_Bujnicki_1_refined.pdb
2026-03-10 00:36:34 	 RUN refined_pair target=PZ35_Bujnicki_2_solution.pdb model=PZ35_Bujnicki_2_refined.pdb -> id=Bujnicki_2
2026-03-10 00:36:34 	 Docker cmd: docker run --rm -v D:\Studia\Projekty\gsp-lab:/work -v D:\Studia\Projekty\RNA_assessment:/rna_assessment -e RNA_ASSESSMENT_ROOT=/rna_assessment -e PYTHONPATH=/rna_assessment mcannotate-runtime python3 /work/src/utils/INF.py /work/data/finished/PZ35/pdb/PZ35_Bujnicki_2_solution.pdb /work/data/finished/PZ35/pdb/PZ35_Bujnicki_2_refined.pdb
2026-03-10 00:36:37 	 Docker exit code: 0
2026-03-10 00:36:37 	 Docker output length: 372
2026-03-10 00:36:37 	 Saved CSV: PZ35,Bujnicki_2,Bujnicki,2,refined_pair,0.7483368055104992,0.7938841860374447,0.3535533905932738,PZ35_Bujnicki_2_solution.pdb,PZ35_Bujnicki_2_refined.pdb
2026-03-10 00:36:37 	 RUN refined_pair target=PZ35_Bujnicki_3_solution.pdb model=PZ35_Bujnicki_3_refined.pdb -> id=Bujnicki_3
2026-03-10 00:36:37 	 Docker cmd: docker run --rm -v D:\Studia\Projekty\gsp-lab:/work -v D:\Studia\Projekty\RNA_assessment:/rna_assessment -e RNA_ASSESSMENT_ROOT=/rna_assessment -e PYTHONPATH=/rna_assessment mcannotate-runtime python3 /work/src/utils/INF.py /work/data/finished/PZ35/pdb/PZ35_Bujnicki_3_solution.pdb /work/data/finished/PZ35/pdb/PZ35_Bujnicki_3_refined.pdb
2026-03-10 00:36:41 	 Docker exit code: 0
2026-03-10 00:36:41 	 Docker output length: 371
2026-03-10 00:36:41 	 Saved CSV: PZ35,Bujnicki_3,Bujnicki,3,refined_pair,0.7895725166701287,0.9354143466934853,0.7071067811865476,PZ35_Bujnicki_3_solution.pdb,PZ35_Bujnicki_3_refined.pdb
2026-03-10 00:36:41 	 RUN refined_pair target=PZ35_Bujnicki_4_solution.pdb model=PZ35_Bujnicki_4_refined.pdb -> id=Bujnicki_4
2026-03-10 00:36:41 	 Docker cmd: docker run --rm -v D:\Studia\Projekty\gsp-lab:/work -v D:\Studia\Projekty\RNA_assessment:/rna_assessment -e RNA_ASSESSMENT_ROOT=/rna_assessment -e PYTHONPATH=/rna_assessment mcannotate-runtime python3 /work/src/utils/INF.py /work/data/finished/PZ35/pdb/PZ35_Bujnicki_4_solution.pdb /work/data/finished/PZ35/pdb/PZ35_Bujnicki_4_refined.pdb
2026-03-10 00:36:44 	 Docker exit code: 0
2026-03-10 00:36:44 	 Docker output length: 356
2026-03-10 00:36:44 	 Saved CSV: PZ35,Bujnicki_4,Bujnicki,4,refined_pair,0.7318878340825924,0.8010018789148142,0,PZ35_Bujnicki_4_solution.pdb,PZ35_Bujnicki_4_refined.pdb
2026-03-10 00:36:44 	 RUN refined_pair target=PZ35_Bujnicki_5_solution.pdb model=PZ35_Bujnicki_5_refined.pdb -> id=Bujnicki_5
2026-03-10 00:36:44 	 Docker cmd: docker run --rm -v D:\Studia\Projekty\gsp-lab:/work -v D:\Studia\Projekty\RNA_assessment:/rna_assessment -e RNA_ASSESSMENT_ROOT=/rna_assessment -e PYTHONPATH=/rna_assessment mcannotate-runtime python3 /work/src/utils/INF.py /work/data/finished/PZ35/pdb/PZ35_Bujnicki_5_solution.pdb /work/data/finished/PZ35/pdb/PZ35_Bujnicki_5_refined.pdb
2026-03-10 00:36:47 	 Docker exit code: 0
2026-03-10 00:36:47 	 Docker output length: 356
2026-03-10 00:36:47 	 Saved CSV: PZ35,Bujnicki_5,Bujnicki,5,refined_pair,0.6687047120387548,0.846809798439941,0,PZ35_Bujnicki_5_solution.pdb,PZ35_Bujnicki_5_refined.pdb
2026-03-10 00:36:47 	 RUN refined_pair target=PZ35_Chen_1_solution.pdb model=PZ35_Chen_1_refined.pdb -> id=Chen_1
2026-03-10 00:36:47 	 Docker cmd: docker run --rm -v D:\Studia\Projekty\gsp-lab:/work -v D:\Studia\Projekty\RNA_assessment:/rna_assessment -e RNA_ASSESSMENT_ROOT=/rna_assessment -e PYTHONPATH=/rna_assessment mcannotate-runtime python3 /work/src/utils/INF.py /work/data/finished/PZ35/pdb/PZ35_Chen_1_solution.pdb /work/data/finished/PZ35/pdb/PZ35_Chen_1_refined.pdb
2026-03-10 00:36:49 	 Docker exit code: 0
2026-03-10 00:36:49 	 Docker output length: 347
2026-03-10 00:36:49 	 Saved CSV: PZ35,Chen_1,Chen,1,refined_pair,0.7974026530644033,0.9304842103984708,-1,PZ35_Chen_1_solution.pdb,PZ35_Chen_1_refined.pdb
2026-03-10 00:36:49 	 RUN refined_pair target=PZ35_Chen_10_solution.pdb model=PZ35_Chen_10_refined.pdb -> id=Chen_10
2026-03-10 00:36:49 	 Docker cmd: docker run --rm -v D:\Studia\Projekty\gsp-lab:/work -v D:\Studia\Projekty\RNA_assessment:/rna_assessment -e RNA_ASSESSMENT_ROOT=/rna_assessment -e PYTHONPATH=/rna_assessment mcannotate-runtime python3 /work/src/utils/INF.py /work/data/finished/PZ35/pdb/PZ35_Chen_10_solution.pdb /work/data/finished/PZ35/pdb/PZ35_Chen_10_refined.pdb
2026-03-10 00:36:52 	 Docker exit code: 0
2026-03-10 00:36:52 	 Docker output length: 350
2026-03-10 00:36:52 	 Saved CSV: PZ35,Chen_10,Chen,10,refined_pair,0.7180786296659397,0.7409585736349483,0,PZ35_Chen_10_solution.pdb,PZ35_Chen_10_refined.pdb
2026-03-10 00:36:52 	 RUN refined_pair target=PZ35_Chen_2_solution.pdb model=PZ35_Chen_2_refined.pdb -> id=Chen_2
2026-03-10 00:36:52 	 Docker cmd: docker run --rm -v D:\Studia\Projekty\gsp-lab:/work -v D:\Studia\Projekty\RNA_assessment:/rna_assessment -e RNA_ASSESSMENT_ROOT=/rna_assessment -e PYTHONPATH=/rna_assessment mcannotate-runtime python3 /work/src/utils/INF.py /work/data/finished/PZ35/pdb/PZ35_Chen_2_solution.pdb /work/data/finished/PZ35/pdb/PZ35_Chen_2_refined.pdb
2026-03-10 00:36:55 	 Docker exit code: 0
2026-03-10 00:36:55 	 Docker output length: 349
2026-03-10 00:36:55 	 Saved CSV: PZ35,Chen_2,Chen,2,refined_pair,0.8052627168725032,0.9354143466934853,-1,PZ35_Chen_2_solution.pdb,PZ35_Chen_2_refined.pdb
2026-03-10 00:36:56 	 RUN refined_pair target=PZ35_Chen_3_solution.pdb model=PZ35_Chen_3_refined.pdb -> id=Chen_3
2026-03-10 00:36:56 	 Docker cmd: docker run --rm -v D:\Studia\Projekty\gsp-lab:/work -v D:\Studia\Projekty\RNA_assessment:/rna_assessment -e RNA_ASSESSMENT_ROOT=/rna_assessment -e PYTHONPATH=/rna_assessment mcannotate-runtime python3 /work/src/utils/INF.py /work/data/finished/PZ35/pdb/PZ35_Chen_3_solution.pdb /work/data/finished/PZ35/pdb/PZ35_Chen_3_refined.pdb
2026-03-10 00:36:59 	 Docker exit code: 0
2026-03-10 00:36:59 	 Docker output length: 349
2026-03-10 00:36:59 	 Saved CSV: PZ35,Chen_3,Chen,3,refined_pair,0.7180786296659397,0.7200822998230956,-1,PZ35_Chen_3_solution.pdb,PZ35_Chen_3_refined.pdb
2026-03-10 00:36:59 	 RUN refined_pair target=PZ35_Chen_4_solution.pdb model=PZ35_Chen_4_refined.pdb -> id=Chen_4
2026-03-10 00:36:59 	 Docker cmd: docker run --rm -v D:\Studia\Projekty\gsp-lab:/work -v D:\Studia\Projekty\RNA_assessment:/rna_assessment -e RNA_ASSESSMENT_ROOT=/rna_assessment -e PYTHONPATH=/rna_assessment mcannotate-runtime python3 /work/src/utils/INF.py /work/data/finished/PZ35/pdb/PZ35_Chen_4_solution.pdb /work/data/finished/PZ35/pdb/PZ35_Chen_4_refined.pdb
2026-03-10 00:37:02 	 Docker exit code: 0
2026-03-10 00:37:02 	 Docker output length: 348
2026-03-10 00:37:02 	 Saved CSV: PZ35,Chen_4,Chen,4,refined_pair,0.813055529348476,0.9354143466934853,-1,PZ35_Chen_4_solution.pdb,PZ35_Chen_4_refined.pdb
2026-03-10 00:37:02 	 RUN refined_pair target=PZ35_Chen_5_solution.pdb model=PZ35_Chen_5_refined.pdb -> id=Chen_5
2026-03-10 00:37:02 	 Docker cmd: docker run --rm -v D:\Studia\Projekty\gsp-lab:/work -v D:\Studia\Projekty\RNA_assessment:/rna_assessment -e RNA_ASSESSMENT_ROOT=/rna_assessment -e PYTHONPATH=/rna_assessment mcannotate-runtime python3 /work/src/utils/INF.py /work/data/finished/PZ35/pdb/PZ35_Chen_5_solution.pdb /work/data/finished/PZ35/pdb/PZ35_Chen_5_refined.pdb
2026-03-10 00:37:05 	 Docker exit code: 0
2026-03-10 00:37:05 	 Docker output length: 348
2026-03-10 00:37:05 	 Saved CSV: PZ35,Chen_5,Chen,5,refined_pair,0.7872442427024927,0.8908708063747479,0,PZ35_Chen_5_solution.pdb,PZ35_Chen_5_refined.pdb
2026-03-10 00:37:05 	 RUN refined_pair target=PZ35_Chen_6_solution.pdb model=PZ35_Chen_6_refined.pdb -> id=Chen_6
2026-03-10 00:37:05 	 Docker cmd: docker run --rm -v D:\Studia\Projekty\gsp-lab:/work -v D:\Studia\Projekty\RNA_assessment:/rna_assessment -e RNA_ASSESSMENT_ROOT=/rna_assessment -e PYTHONPATH=/rna_assessment mcannotate-runtime python3 /work/src/utils/INF.py /work/data/finished/PZ35/pdb/PZ35_Chen_6_solution.pdb /work/data/finished/PZ35/pdb/PZ35_Chen_6_refined.pdb
2026-03-10 00:37:08 	 Docker exit code: 0
2026-03-10 00:37:08 	 Docker output length: 349
2026-03-10 00:37:08 	 Saved CSV: PZ35,Chen_6,Chen,6,refined_pair,0.7266412586668832,0.7409585736349483,0,PZ35_Chen_6_solution.pdb,PZ35_Chen_6_refined.pdb
2026-03-10 00:37:08 	 RUN refined_pair target=PZ35_Chen_7_solution.pdb model=PZ35_Chen_7_refined.pdb -> id=Chen_7
2026-03-10 00:37:08 	 Docker cmd: docker run --rm -v D:\Studia\Projekty\gsp-lab:/work -v D:\Studia\Projekty\RNA_assessment:/rna_assessment -e RNA_ASSESSMENT_ROOT=/rna_assessment -e PYTHONPATH=/rna_assessment mcannotate-runtime python3 /work/src/utils/INF.py /work/data/finished/PZ35/pdb/PZ35_Chen_7_solution.pdb /work/data/finished/PZ35/pdb/PZ35_Chen_7_refined.pdb
2026-03-10 00:37:11 	 Docker exit code: 0
2026-03-10 00:37:11 	 Docker output length: 347
2026-03-10 00:37:11 	 Saved CSV: PZ35,Chen_7,Chen,7,refined_pair,0.79227460853585,0.8908708063747479,-1,PZ35_Chen_7_solution.pdb,PZ35_Chen_7_refined.pdb
2026-03-10 00:37:11 	 RUN refined_pair target=PZ35_Chen_8_solution.pdb model=PZ35_Chen_8_refined.pdb -> id=Chen_8
2026-03-10 00:37:11 	 Docker cmd: docker run --rm -v D:\Studia\Projekty\gsp-lab:/work -v D:\Studia\Projekty\RNA_assessment:/rna_assessment -e RNA_ASSESSMENT_ROOT=/rna_assessment -e PYTHONPATH=/rna_assessment mcannotate-runtime python3 /work/src/utils/INF.py /work/data/finished/PZ35/pdb/PZ35_Chen_8_solution.pdb /work/data/finished/PZ35/pdb/PZ35_Chen_8_refined.pdb
2026-03-10 00:37:14 	 Docker exit code: 0
2026-03-10 00:37:14 	 Docker output length: 349
2026-03-10 00:37:14 	 Saved CSV: PZ35,Chen_8,Chen,8,refined_pair,0.7287174110725736,0.7409585736349483,0,PZ35_Chen_8_solution.pdb,PZ35_Chen_8_refined.pdb
2026-03-10 00:37:14 	 RUN refined_pair target=PZ35_Chen_9_solution.pdb model=PZ35_Chen_9_refined.pdb -> id=Chen_9
2026-03-10 00:37:14 	 Docker cmd: docker run --rm -v D:\Studia\Projekty\gsp-lab:/work -v D:\Studia\Projekty\RNA_assessment:/rna_assessment -e RNA_ASSESSMENT_ROOT=/rna_assessment -e PYTHONPATH=/rna_assessment mcannotate-runtime python3 /work/src/utils/INF.py /work/data/finished/PZ35/pdb/PZ35_Chen_9_solution.pdb /work/data/finished/PZ35/pdb/PZ35_Chen_9_refined.pdb
2026-03-10 00:37:16 	 Docker exit code: 0
2026-03-10 00:37:16 	 Docker output length: 348
2026-03-10 00:37:16 	 Saved CSV: PZ35,Chen_9,Chen,9,refined_pair,0.7792865001991968,0.9100315103865801,0,PZ35_Chen_9_solution.pdb,PZ35_Chen_9_refined.pdb
2026-03-10 00:37:16 	 RUN refined_pair target=PZ35_Dfold2_1_solution.pdb model=PZ35_Dfold2_1_refined.pdb -> id=Dfold2_1
2026-03-10 00:37:16 	 Docker cmd: docker run --rm -v D:\Studia\Projekty\gsp-lab:/work -v D:\Studia\Projekty\RNA_assessment:/rna_assessment -e RNA_ASSESSMENT_ROOT=/rna_assessment -e PYTHONPATH=/rna_assessment mcannotate-runtime python3 /work/src/utils/INF.py /work/data/finished/PZ35/pdb/PZ35_Dfold2_1_solution.pdb /work/data/finished/PZ35/pdb/PZ35_Dfold2_1_refined.pdb
2026-03-10 00:37:20 	 Docker exit code: 0
2026-03-10 00:37:20 	 Docker output length: 338
2026-03-10 00:37:20 	 Saved CSV: PZ35,Dfold2_1,Dfold2,1,refined_pair,0.4479053416140955,0,0,PZ35_Dfold2_1_solution.pdb,PZ35_Dfold2_1_refined.pdb
2026-03-10 00:37:20 	 RUN refined_pair target=PZ35_Dfold2_2_solution.pdb model=PZ35_Dfold2_2_refined.pdb -> id=Dfold2_2
2026-03-10 00:37:20 	 Docker cmd: docker run --rm -v D:\Studia\Projekty\gsp-lab:/work -v D:\Studia\Projekty\RNA_assessment:/rna_assessment -e RNA_ASSESSMENT_ROOT=/rna_assessment -e PYTHONPATH=/rna_assessment mcannotate-runtime python3 /work/src/utils/INF.py /work/data/finished/PZ35/pdb/PZ35_Dfold2_2_solution.pdb /work/data/finished/PZ35/pdb/PZ35_Dfold2_2_refined.pdb
2026-03-10 00:37:23 	 Docker exit code: 0
2026-03-10 00:37:23 	 Docker output length: 340
2026-03-10 00:37:23 	 Saved CSV: PZ35,Dfold2_2,Dfold2,2,refined_pair,0.46034715665893156,0,-1,PZ35_Dfold2_2_solution.pdb,PZ35_Dfold2_2_refined.pdb
2026-03-10 00:37:23 	 RUN refined_pair target=PZ35_Dfold2_3_solution.pdb model=PZ35_Dfold2_3_refined.pdb -> id=Dfold2_3
2026-03-10 00:37:23 	 Docker cmd: docker run --rm -v D:\Studia\Projekty\gsp-lab:/work -v D:\Studia\Projekty\RNA_assessment:/rna_assessment -e RNA_ASSESSMENT_ROOT=/rna_assessment -e PYTHONPATH=/rna_assessment mcannotate-runtime python3 /work/src/utils/INF.py /work/data/finished/PZ35/pdb/PZ35_Dfold2_3_solution.pdb /work/data/finished/PZ35/pdb/PZ35_Dfold2_3_refined.pdb
2026-03-10 00:37:26 	 Docker exit code: 0
2026-03-10 00:37:26 	 Docker output length: 338
2026-03-10 00:37:26 	 Saved CSV: PZ35,Dfold2_3,Dfold2,3,refined_pair,0.5033200895966756,0,0,PZ35_Dfold2_3_solution.pdb,PZ35_Dfold2_3_refined.pdb
2026-03-10 00:37:26 	 RUN refined_pair target=PZ35_Dfold2_4_solution.pdb model=PZ35_Dfold2_4_refined.pdb -> id=Dfold2_4
2026-03-10 00:37:26 	 Docker cmd: docker run --rm -v D:\Studia\Projekty\gsp-lab:/work -v D:\Studia\Projekty\RNA_assessment:/rna_assessment -e RNA_ASSESSMENT_ROOT=/rna_assessment -e PYTHONPATH=/rna_assessment mcannotate-runtime python3 /work/src/utils/INF.py /work/data/finished/PZ35/pdb/PZ35_Dfold2_4_solution.pdb /work/data/finished/PZ35/pdb/PZ35_Dfold2_4_refined.pdb
2026-03-10 00:37:29 	 Docker exit code: 0
2026-03-10 00:37:29 	 Docker output length: 353
2026-03-10 00:37:29 	 Saved CSV: PZ35,Dfold2_4,Dfold2,4,refined_pair,0.5381731373958908,0.2939723678960656,0,PZ35_Dfold2_4_solution.pdb,PZ35_Dfold2_4_refined.pdb
2026-03-10 00:37:29 	 RUN refined_pair target=PZ35_Dfold2_5_solution.pdb model=PZ35_Dfold2_5_refined.pdb -> id=Dfold2_5
2026-03-10 00:37:29 	 Docker cmd: docker run --rm -v D:\Studia\Projekty\gsp-lab:/work -v D:\Studia\Projekty\RNA_assessment:/rna_assessment -e RNA_ASSESSMENT_ROOT=/rna_assessment -e PYTHONPATH=/rna_assessment mcannotate-runtime python3 /work/src/utils/INF.py /work/data/finished/PZ35/pdb/PZ35_Dfold2_5_solution.pdb /work/data/finished/PZ35/pdb/PZ35_Dfold2_5_refined.pdb
2026-03-10 00:37:32 	 Docker exit code: 0
2026-03-10 00:37:32 	 Docker output length: 338
2026-03-10 00:37:32 	 Saved CSV: PZ35,Dfold2_5,Dfold2,5,refined_pair,0.4646031596277006,0,0,PZ35_Dfold2_5_solution.pdb,PZ35_Dfold2_5_refined.pdb
2026-03-10 00:37:32 	 RUN refined_pair target=PZ35_Dfold2_6_solution.pdb model=PZ35_Dfold2_6_refined.pdb -> id=Dfold2_6
2026-03-10 00:37:32 	 Docker cmd: docker run --rm -v D:\Studia\Projekty\gsp-lab:/work -v D:\Studia\Projekty\RNA_assessment:/rna_assessment -e RNA_ASSESSMENT_ROOT=/rna_assessment -e PYTHONPATH=/rna_assessment mcannotate-runtime python3 /work/src/utils/INF.py /work/data/finished/PZ35/pdb/PZ35_Dfold2_6_solution.pdb /work/data/finished/PZ35/pdb/PZ35_Dfold2_6_refined.pdb
2026-03-10 00:37:35 	 Docker exit code: 0
2026-03-10 00:37:35 	 Docker output length: 355
2026-03-10 00:37:35 	 Saved CSV: PZ35,Dfold2_6,Dfold2,6,refined_pair,0.48733971724044817,0.21398024625545645,0,PZ35_Dfold2_6_solution.pdb,PZ35_Dfold2_6_refined.pdb
2026-03-10 00:37:35 	 RUN refined_pair target=PZ35_Dfold2_7_solution.pdb model=PZ35_Dfold2_7_refined.pdb -> id=Dfold2_7
2026-03-10 00:37:35 	 Docker cmd: docker run --rm -v D:\Studia\Projekty\gsp-lab:/work -v D:\Studia\Projekty\RNA_assessment:/rna_assessment -e RNA_ASSESSMENT_ROOT=/rna_assessment -e PYTHONPATH=/rna_assessment mcannotate-runtime python3 /work/src/utils/INF.py /work/data/finished/PZ35/pdb/PZ35_Dfold2_7_solution.pdb /work/data/finished/PZ35/pdb/PZ35_Dfold2_7_refined.pdb
2026-03-10 00:37:38 	 Docker exit code: 0
2026-03-10 00:37:38 	 Docker output length: 337
2026-03-10 00:37:38 	 Saved CSV: PZ35,Dfold2_7,Dfold2,7,refined_pair,0.423850354260814,0,0,PZ35_Dfold2_7_solution.pdb,PZ35_Dfold2_7_refined.pdb
2026-03-10 00:37:38 	 RUN refined_pair target=PZ35_Dfold2_8_solution.pdb model=PZ35_Dfold2_8_refined.pdb -> id=Dfold2_8
2026-03-10 00:37:38 	 Docker cmd: docker run --rm -v D:\Studia\Projekty\gsp-lab:/work -v D:\Studia\Projekty\RNA_assessment:/rna_assessment -e RNA_ASSESSMENT_ROOT=/rna_assessment -e PYTHONPATH=/rna_assessment mcannotate-runtime python3 /work/src/utils/INF.py /work/data/finished/PZ35/pdb/PZ35_Dfold2_8_solution.pdb /work/data/finished/PZ35/pdb/PZ35_Dfold2_8_refined.pdb
2026-03-10 00:37:42 	 Docker exit code: 0
2026-03-10 00:37:42 	 Docker output length: 352
2026-03-10 00:37:42 	 Saved CSV: PZ35,Dfold2_8,Dfold2,8,refined_pair,0.5445327701173301,0.2503130871608794,0,PZ35_Dfold2_8_solution.pdb,PZ35_Dfold2_8_refined.pdb
2026-03-10 00:37:42 	 RUN refined_pair target=PZ35_Ding_1_solution.pdb model=PZ35_Ding_1_refined.pdb -> id=Ding_1
2026-03-10 00:37:42 	 Docker cmd: docker run --rm -v D:\Studia\Projekty\gsp-lab:/work -v D:\Studia\Projekty\RNA_assessment:/rna_assessment -e RNA_ASSESSMENT_ROOT=/rna_assessment -e PYTHONPATH=/rna_assessment mcannotate-runtime python3 /work/src/utils/INF.py /work/data/finished/PZ35/pdb/PZ35_Ding_1_solution.pdb /work/data/finished/PZ35/pdb/PZ35_Ding_1_refined.pdb
2026-03-10 00:37:44 	 Docker exit code: 0
2026-03-10 00:37:44 	 Docker output length: 348
2026-03-10 00:37:44 	 Saved CSV: PZ35,Ding_1,Ding,1,refined_pair,0.5885634057525945,0.5821817364274595,0,PZ35_Ding_1_solution.pdb,PZ35_Ding_1_refined.pdb
2026-03-10 00:37:44 	 RUN refined_pair target=PZ35_Ding_2_solution.pdb model=PZ35_Ding_2_refined.pdb -> id=Ding_2
2026-03-10 00:37:44 	 Docker cmd: docker run --rm -v D:\Studia\Projekty\gsp-lab:/work -v D:\Studia\Projekty\RNA_assessment:/rna_assessment -e RNA_ASSESSMENT_ROOT=/rna_assessment -e PYTHONPATH=/rna_assessment mcannotate-runtime python3 /work/src/utils/INF.py /work/data/finished/PZ35/pdb/PZ35_Ding_2_solution.pdb /work/data/finished/PZ35/pdb/PZ35_Ding_2_refined.pdb
2026-03-10 00:37:47 	 Docker exit code: 0
2026-03-10 00:37:47 	 Docker output length: 350
2026-03-10 00:37:47 	 Saved CSV: PZ35,Ding_2,Ding,2,refined_pair,0.5463695972893305,0.5821817364274595,-1,PZ35_Ding_2_solution.pdb,PZ35_Ding_2_refined.pdb
2026-03-10 00:37:47 	 RUN refined_pair target=PZ35_Ding_3_solution.pdb model=PZ35_Ding_3_refined.pdb -> id=Ding_3
2026-03-10 00:37:47 	 Docker cmd: docker run --rm -v D:\Studia\Projekty\gsp-lab:/work -v D:\Studia\Projekty\RNA_assessment:/rna_assessment -e RNA_ASSESSMENT_ROOT=/rna_assessment -e PYTHONPATH=/rna_assessment mcannotate-runtime python3 /work/src/utils/INF.py /work/data/finished/PZ35/pdb/PZ35_Ding_3_solution.pdb /work/data/finished/PZ35/pdb/PZ35_Ding_3_refined.pdb
2026-03-10 00:37:50 	 Docker exit code: 0
2026-03-10 00:37:50 	 Docker output length: 350
2026-03-10 00:37:50 	 Saved CSV: PZ35,Ding_3,Ding,3,refined_pair,0.6023470332692291,0.5821817364274595,-1,PZ35_Ding_3_solution.pdb,PZ35_Ding_3_refined.pdb
2026-03-10 00:37:50 	 RUN refined_pair target=PZ35_Ding_4_solution.pdb model=PZ35_Ding_4_refined.pdb -> id=Ding_4
2026-03-10 00:37:50 	 Docker cmd: docker run --rm -v D:\Studia\Projekty\gsp-lab:/work -v D:\Studia\Projekty\RNA_assessment:/rna_assessment -e RNA_ASSESSMENT_ROOT=/rna_assessment -e PYTHONPATH=/rna_assessment mcannotate-runtime python3 /work/src/utils/INF.py /work/data/finished/PZ35/pdb/PZ35_Ding_4_solution.pdb /work/data/finished/PZ35/pdb/PZ35_Ding_4_refined.pdb
2026-03-10 00:37:53 	 Docker exit code: 0
2026-03-10 00:37:53 	 Docker output length: 349
2026-03-10 00:37:53 	 Saved CSV: PZ35,Ding_4,Ding,4,refined_pair,0.5839971160707451,0.5657789498610037,0,PZ35_Ding_4_solution.pdb,PZ35_Ding_4_refined.pdb
2026-03-10 00:37:53 	 RUN refined_pair target=PZ35_Ding_5_solution.pdb model=PZ35_Ding_5_refined.pdb -> id=Ding_5
2026-03-10 00:37:53 	 Docker cmd: docker run --rm -v D:\Studia\Projekty\gsp-lab:/work -v D:\Studia\Projekty\RNA_assessment:/rna_assessment -e RNA_ASSESSMENT_ROOT=/rna_assessment -e PYTHONPATH=/rna_assessment mcannotate-runtime python3 /work/src/utils/INF.py /work/data/finished/PZ35/pdb/PZ35_Ding_5_solution.pdb /work/data/finished/PZ35/pdb/PZ35_Ding_5_refined.pdb
2026-03-10 00:37:56 	 Docker exit code: 0
2026-03-10 00:37:56 	 Docker output length: 349
2026-03-10 00:37:56 	 Saved CSV: PZ35,Ding_5,Ding,5,refined_pair,0.5885634057525945,0.5367450401216933,-1,PZ35_Ding_5_solution.pdb,PZ35_Ding_5_refined.pdb
2026-03-10 00:37:56 	 RUN refined_pair target=PZ35_Ding_6_solution.pdb model=PZ35_Ding_6_refined.pdb -> id=Ding_6
2026-03-10 00:37:56 	 Docker cmd: docker run --rm -v D:\Studia\Projekty\gsp-lab:/work -v D:\Studia\Projekty\RNA_assessment:/rna_assessment -e RNA_ASSESSMENT_ROOT=/rna_assessment -e PYTHONPATH=/rna_assessment mcannotate-runtime python3 /work/src/utils/INF.py /work/data/finished/PZ35/pdb/PZ35_Ding_6_solution.pdb /work/data/finished/PZ35/pdb/PZ35_Ding_6_refined.pdb
2026-03-10 00:37:59 	 Docker exit code: 0
2026-03-10 00:37:59 	 Docker output length: 350
2026-03-10 00:37:59 	 Saved CSV: PZ35,Ding_6,Ding,6,refined_pair,0.5567491676038056,0.5821817364274595,-1,PZ35_Ding_6_solution.pdb,PZ35_Ding_6_refined.pdb
2026-03-10 00:37:59 	 RUN refined_pair target=PZ35_Ding_7_solution.pdb model=PZ35_Ding_7_refined.pdb -> id=Ding_7
2026-03-10 00:37:59 	 Docker cmd: docker run --rm -v D:\Studia\Projekty\gsp-lab:/work -v D:\Studia\Projekty\RNA_assessment:/rna_assessment -e RNA_ASSESSMENT_ROOT=/rna_assessment -e PYTHONPATH=/rna_assessment mcannotate-runtime python3 /work/src/utils/INF.py /work/data/finished/PZ35/pdb/PZ35_Ding_7_solution.pdb /work/data/finished/PZ35/pdb/PZ35_Ding_7_refined.pdb
2026-03-10 00:38:02 	 Docker exit code: 0
2026-03-10 00:38:02 	 Docker output length: 348
2026-03-10 00:38:02 	 Saved CSV: PZ35,Ding_7,Ding,7,refined_pair,0.6044705248269888,0.600099198148979,0,PZ35_Ding_7_solution.pdb,PZ35_Ding_7_refined.pdb
2026-03-10 00:38:02 	 RUN refined_pair target=PZ35_Dokholyan_1_solution.pdb model=PZ35_Dokholyan_1_refined.pdb -> id=Dokholyan_1
2026-03-10 00:38:02 	 Docker cmd: docker run --rm -v D:\Studia\Projekty\gsp-lab:/work -v D:\Studia\Projekty\RNA_assessment:/rna_assessment -e RNA_ASSESSMENT_ROOT=/rna_assessment -e PYTHONPATH=/rna_assessment mcannotate-runtime python3 /work/src/utils/INF.py /work/data/finished/PZ35/pdb/PZ35_Dokholyan_1_solution.pdb /work/data/finished/PZ35/pdb/PZ35_Dokholyan_1_refined.pdb
2026-03-10 00:38:05 	 Docker exit code: 0
2026-03-10 00:38:05 	 Docker output length: 372
2026-03-10 00:38:05 	 Saved CSV: PZ35,Dokholyan_1,Dokholyan,1,refined_pair,0.6437963064592142,0.816496580927726,0.408248290463863,PZ35_Dokholyan_1_solution.pdb,PZ35_Dokholyan_1_refined.pdb
2026-03-10 00:38:05 	 RUN refined_pair target=PZ35_Dokholyan_2_solution.pdb model=PZ35_Dokholyan_2_refined.pdb -> id=Dokholyan_2
2026-03-10 00:38:05 	 Docker cmd: docker run --rm -v D:\Studia\Projekty\gsp-lab:/work -v D:\Studia\Projekty\RNA_assessment:/rna_assessment -e RNA_ASSESSMENT_ROOT=/rna_assessment -e PYTHONPATH=/rna_assessment mcannotate-runtime python3 /work/src/utils/INF.py /work/data/finished/PZ35/pdb/PZ35_Dokholyan_2_solution.pdb /work/data/finished/PZ35/pdb/PZ35_Dokholyan_2_refined.pdb
2026-03-10 00:38:08 	 Docker exit code: 0
2026-03-10 00:38:08 	 Docker output length: 358
2026-03-10 00:38:08 	 Saved CSV: PZ35,Dokholyan_2,Dokholyan,2,refined_pair,0.5987408170800917,0.6929348671835832,0,PZ35_Dokholyan_2_solution.pdb,PZ35_Dokholyan_2_refined.pdb
2026-03-10 00:38:08 	 RUN refined_pair target=PZ35_Nithin_1_solution.pdb model=PZ35_Nithin_1_refined.pdb -> id=Nithin_1
2026-03-10 00:38:08 	 Docker cmd: docker run --rm -v D:\Studia\Projekty\gsp-lab:/work -v D:\Studia\Projekty\RNA_assessment:/rna_assessment -e RNA_ASSESSMENT_ROOT=/rna_assessment -e PYTHONPATH=/rna_assessment mcannotate-runtime python3 /work/src/utils/INF.py /work/data/finished/PZ35/pdb/PZ35_Nithin_1_solution.pdb /work/data/finished/PZ35/pdb/PZ35_Nithin_1_refined.pdb
2026-03-10 00:38:11 	 Docker exit code: 0
2026-03-10 00:38:11 	 Docker output length: 354
2026-03-10 00:38:11 	 Saved CSV: PZ35,Nithin_1,Nithin,1,refined_pair,0.7343418693075584,0.7200822998230956,-1,PZ35_Nithin_1_solution.pdb,PZ35_Nithin_1_refined.pdb
2026-03-10 00:38:11 	 RUN refined_pair target=PZ35_Nithin_2_solution.pdb model=PZ35_Nithin_2_refined.pdb -> id=Nithin_2
2026-03-10 00:38:11 	 Docker cmd: docker run --rm -v D:\Studia\Projekty\gsp-lab:/work -v D:\Studia\Projekty\RNA_assessment:/rna_assessment -e RNA_ASSESSMENT_ROOT=/rna_assessment -e PYTHONPATH=/rna_assessment mcannotate-runtime python3 /work/src/utils/INF.py /work/data/finished/PZ35/pdb/PZ35_Nithin_2_solution.pdb /work/data/finished/PZ35/pdb/PZ35_Nithin_2_refined.pdb
2026-03-10 00:38:14 	 Docker exit code: 0
2026-03-10 00:38:14 	 Docker output length: 353
2026-03-10 00:38:14 	 Saved CSV: PZ35,Nithin_2,Nithin,2,refined_pair,0.7108186533109109,0.7008766440504623,-1,PZ35_Nithin_2_solution.pdb,PZ35_Nithin_2_refined.pdb
2026-03-10 00:38:14 	 RUN refined_pair target=PZ35_Nithin_3_solution.pdb model=PZ35_Nithin_3_refined.pdb -> id=Nithin_3
2026-03-10 00:38:14 	 Docker cmd: docker run --rm -v D:\Studia\Projekty\gsp-lab:/work -v D:\Studia\Projekty\RNA_assessment:/rna_assessment -e RNA_ASSESSMENT_ROOT=/rna_assessment -e PYTHONPATH=/rna_assessment mcannotate-runtime python3 /work/src/utils/INF.py /work/data/finished/PZ35/pdb/PZ35_Nithin_3_solution.pdb /work/data/finished/PZ35/pdb/PZ35_Nithin_3_refined.pdb
2026-03-10 00:38:17 	 Docker exit code: 0
2026-03-10 00:38:17 	 Docker output length: 352
2026-03-10 00:38:17 	 Saved CSV: PZ35,Nithin_3,Nithin,3,refined_pair,0.7404360971988655,0.7509392614826383,0,PZ35_Nithin_3_solution.pdb,PZ35_Nithin_3_refined.pdb
2026-03-10 00:38:17 	 RUN refined_pair target=PZ35_Nithin_4_solution.pdb model=PZ35_Nithin_4_refined.pdb -> id=Nithin_4
2026-03-10 00:38:17 	 Docker cmd: docker run --rm -v D:\Studia\Projekty\gsp-lab:/work -v D:\Studia\Projekty\RNA_assessment:/rna_assessment -e RNA_ASSESSMENT_ROOT=/rna_assessment -e PYTHONPATH=/rna_assessment mcannotate-runtime python3 /work/src/utils/INF.py /work/data/finished/PZ35/pdb/PZ35_Nithin_4_solution.pdb /work/data/finished/PZ35/pdb/PZ35_Nithin_4_refined.pdb
2026-03-10 00:38:20 	 Docker exit code: 0
2026-03-10 00:38:20 	 Docker output length: 352
2026-03-10 00:38:20 	 Saved CSV: PZ35,Nithin_4,Nithin,4,refined_pair,0.7114914586232078,0.7637626158259733,0,PZ35_Nithin_4_solution.pdb,PZ35_Nithin_4_refined.pdb
2026-03-10 00:38:20 	 RUN refined_pair target=PZ35_Nithin_5_solution.pdb model=PZ35_Nithin_5_refined.pdb -> id=Nithin_5
2026-03-10 00:38:20 	 Docker cmd: docker run --rm -v D:\Studia\Projekty\gsp-lab:/work -v D:\Studia\Projekty\RNA_assessment:/rna_assessment -e RNA_ASSESSMENT_ROOT=/rna_assessment -e PYTHONPATH=/rna_assessment mcannotate-runtime python3 /work/src/utils/INF.py /work/data/finished/PZ35/pdb/PZ35_Nithin_5_solution.pdb /work/data/finished/PZ35/pdb/PZ35_Nithin_5_refined.pdb
2026-03-10 00:38:22 	 Docker exit code: 0
2026-03-10 00:38:22 	 Docker output length: 352
2026-03-10 00:38:22 	 Saved CSV: PZ35,Nithin_5,Nithin,5,refined_pair,0.7886165851800561,0.7715167498104596,-1,PZ35_Nithin_5_solution.pdb,PZ35_Nithin_5_refined.pdb
2026-03-10 00:38:22 	 RUN refined_pair target=PZ35_RNAComposer_1_solution.pdb model=PZ35_RNAComposer_1_refined.pdb -> id=RNAComposer_1
2026-03-10 00:38:22 	 Docker cmd: docker run --rm -v D:\Studia\Projekty\gsp-lab:/work -v D:\Studia\Projekty\RNA_assessment:/rna_assessment -e RNA_ASSESSMENT_ROOT=/rna_assessment -e PYTHONPATH=/rna_assessment mcannotate-runtime python3 /work/src/utils/INF.py /work/data/finished/PZ35/pdb/PZ35_RNAComposer_1_solution.pdb /work/data/finished/PZ35/pdb/PZ35_RNAComposer_1_refined.pdb
2026-03-10 00:38:26 	 Docker exit code: 0
2026-03-10 00:38:26 	 Docker output length: 362
2026-03-10 00:38:26 	 Saved CSV: PZ35,RNAComposer_1,RNAComposer,1,refined_pair,0.6426845869171515,0.7888106377466155,0,PZ35_RNAComposer_1_solution.pdb,PZ35_RNAComposer_1_refined.pdb
2026-03-10 00:38:26 	 RUN refined_pair target=PZ35_RNAComposer_2_solution.pdb model=PZ35_RNAComposer_2_refined.pdb -> id=RNAComposer_2
2026-03-10 00:38:26 	 Docker cmd: docker run --rm -v D:\Studia\Projekty\gsp-lab:/work -v D:\Studia\Projekty\RNA_assessment:/rna_assessment -e RNA_ASSESSMENT_ROOT=/rna_assessment -e PYTHONPATH=/rna_assessment mcannotate-runtime python3 /work/src/utils/INF.py /work/data/finished/PZ35/pdb/PZ35_RNAComposer_2_solution.pdb /work/data/finished/PZ35/pdb/PZ35_RNAComposer_2_refined.pdb
2026-03-10 00:38:29 	 Docker exit code: 0
2026-03-10 00:38:29 	 Docker output length: 363
2026-03-10 00:38:29 	 Saved CSV: PZ35,RNAComposer_2,RNAComposer,2,refined_pair,0.6270025684125163,0.7581753965757456,-1,PZ35_RNAComposer_2_solution.pdb,PZ35_RNAComposer_2_refined.pdb
2026-03-10 00:38:29 	 RUN refined_pair target=PZ35_RNAComposer_3_solution.pdb model=PZ35_RNAComposer_3_refined.pdb -> id=RNAComposer_3
2026-03-10 00:38:29 	 Docker cmd: docker run --rm -v D:\Studia\Projekty\gsp-lab:/work -v D:\Studia\Projekty\RNA_assessment:/rna_assessment -e RNA_ASSESSMENT_ROOT=/rna_assessment -e PYTHONPATH=/rna_assessment mcannotate-runtime python3 /work/src/utils/INF.py /work/data/finished/PZ35/pdb/PZ35_RNAComposer_3_solution.pdb /work/data/finished/PZ35/pdb/PZ35_RNAComposer_3_refined.pdb
2026-03-10 00:38:33 	 Docker exit code: 0
2026-03-10 00:38:33 	 Docker output length: 362
2026-03-10 00:38:33 	 Saved CSV: PZ35,RNAComposer_3,RNAComposer,3,refined_pair,0.6813299687492027,0.8183170883849714,0,PZ35_RNAComposer_3_solution.pdb,PZ35_RNAComposer_3_refined.pdb
2026-03-10 00:38:33 	 RUN refined_pair target=PZ35_RNAComposer_4_solution.pdb model=PZ35_RNAComposer_4_refined.pdb -> id=RNAComposer_4
2026-03-10 00:38:33 	 Docker cmd: docker run --rm -v D:\Studia\Projekty\gsp-lab:/work -v D:\Studia\Projekty\RNA_assessment:/rna_assessment -e RNA_ASSESSMENT_ROOT=/rna_assessment -e PYTHONPATH=/rna_assessment mcannotate-runtime python3 /work/src/utils/INF.py /work/data/finished/PZ35/pdb/PZ35_RNAComposer_4_solution.pdb /work/data/finished/PZ35/pdb/PZ35_RNAComposer_4_refined.pdb
2026-03-10 00:38:36 	 Docker exit code: 0
2026-03-10 00:38:36 	 Docker output length: 363
2026-03-10 00:38:36 	 Saved CSV: PZ35,RNAComposer_4,RNAComposer,4,refined_pair,0.7137742529753551,0.8183170883849714,-1,PZ35_RNAComposer_4_solution.pdb,PZ35_RNAComposer_4_refined.pdb
2026-03-10 00:38:36 	 RUN refined_pair target=PZ35_RNAComposer_5_solution.pdb model=PZ35_RNAComposer_5_refined.pdb -> id=RNAComposer_5
2026-03-10 00:38:36 	 Docker cmd: docker run --rm -v D:\Studia\Projekty\gsp-lab:/work -v D:\Studia\Projekty\RNA_assessment:/rna_assessment -e RNA_ASSESSMENT_ROOT=/rna_assessment -e PYTHONPATH=/rna_assessment mcannotate-runtime python3 /work/src/utils/INF.py /work/data/finished/PZ35/pdb/PZ35_RNAComposer_5_solution.pdb /work/data/finished/PZ35/pdb/PZ35_RNAComposer_5_refined.pdb
2026-03-10 00:38:38 	 Docker exit code: 0
2026-03-10 00:38:38 	 Docker output length: 364
2026-03-10 00:38:38 	 Saved CSV: PZ35,RNAComposer_5,RNAComposer,5,refined_pair,0.7046340397452968,0.8183170883849714,-1,PZ35_RNAComposer_5_solution.pdb,PZ35_RNAComposer_5_refined.pdb
2026-03-10 00:38:38 	 RUN refined_pair target=PZ35_SimRNA_1_solution.pdb model=PZ35_SimRNA_1_refined.pdb -> id=SimRNA_1
2026-03-10 00:38:38 	 Docker cmd: docker run --rm -v D:\Studia\Projekty\gsp-lab:/work -v D:\Studia\Projekty\RNA_assessment:/rna_assessment -e RNA_ASSESSMENT_ROOT=/rna_assessment -e PYTHONPATH=/rna_assessment mcannotate-runtime python3 /work/src/utils/INF.py /work/data/finished/PZ35/pdb/PZ35_SimRNA_1_solution.pdb /work/data/finished/PZ35/pdb/PZ35_SimRNA_1_refined.pdb
2026-03-10 00:38:41 	 Docker exit code: 0
2026-03-10 00:38:41 	 Docker output length: 352
2026-03-10 00:38:41 	 Saved CSV: PZ35,SimRNA_1,SimRNA,1,refined_pair,0.7392284758051435,0.8987170342729172,0,PZ35_SimRNA_1_solution.pdb,PZ35_SimRNA_1_refined.pdb
2026-03-10 00:38:41 	 RUN refined_pair target=PZ35_SimRNA_2_solution.pdb model=PZ35_SimRNA_2_refined.pdb -> id=SimRNA_2
2026-03-10 00:38:41 	 Docker cmd: docker run --rm -v D:\Studia\Projekty\gsp-lab:/work -v D:\Studia\Projekty\RNA_assessment:/rna_assessment -e RNA_ASSESSMENT_ROOT=/rna_assessment -e PYTHONPATH=/rna_assessment mcannotate-runtime python3 /work/src/utils/INF.py /work/data/finished/PZ35/pdb/PZ35_SimRNA_2_solution.pdb /work/data/finished/PZ35/pdb/PZ35_SimRNA_2_refined.pdb
2026-03-10 00:38:44 	 Docker exit code: 0
2026-03-10 00:38:44 	 Docker output length: 351
2026-03-10 00:38:44 	 Saved CSV: PZ35,SimRNA_2,SimRNA,2,refined_pair,0.745113954502803,0.9304842103984708,0,PZ35_SimRNA_2_solution.pdb,PZ35_SimRNA_2_refined.pdb
2026-03-10 00:38:44 	 RUN refined_pair target=PZ35_SimRNA_3_solution.pdb model=PZ35_SimRNA_3_refined.pdb -> id=SimRNA_3
2026-03-10 00:38:44 	 Docker cmd: docker run --rm -v D:\Studia\Projekty\gsp-lab:/work -v D:\Studia\Projekty\RNA_assessment:/rna_assessment -e RNA_ASSESSMENT_ROOT=/rna_assessment -e PYTHONPATH=/rna_assessment mcannotate-runtime python3 /work/src/utils/INF.py /work/data/finished/PZ35/pdb/PZ35_SimRNA_3_solution.pdb /work/data/finished/PZ35/pdb/PZ35_SimRNA_3_refined.pdb
2026-03-10 00:38:46 	 Docker exit code: 0
2026-03-10 00:38:46 	 Docker output length: 351
2026-03-10 00:38:46 	 Saved CSV: PZ35,SimRNA_3,SimRNA,3,refined_pair,0.78230849346493,0.9304842103984708,0,PZ35_SimRNA_3_solution.pdb,PZ35_SimRNA_3_refined.pdb
2026-03-10 00:38:46 	 RUN refined_pair target=PZ35_SimRNA_4_solution.pdb model=PZ35_SimRNA_4_refined.pdb -> id=SimRNA_4
2026-03-10 00:38:46 	 Docker cmd: docker run --rm -v D:\Studia\Projekty\gsp-lab:/work -v D:\Studia\Projekty\RNA_assessment:/rna_assessment -e RNA_ASSESSMENT_ROOT=/rna_assessment -e PYTHONPATH=/rna_assessment mcannotate-runtime python3 /work/src/utils/INF.py /work/data/finished/PZ35/pdb/PZ35_SimRNA_4_solution.pdb /work/data/finished/PZ35/pdb/PZ35_SimRNA_4_refined.pdb
2026-03-10 00:38:48 	 Docker exit code: 0
2026-03-10 00:38:48 	 Docker output length: 337
2026-03-10 00:38:48 	 Saved CSV: PZ35,SimRNA_4,SimRNA,4,refined_pair,0.7438343052617368,1,0,PZ35_SimRNA_4_solution.pdb,PZ35_SimRNA_4_refined.pdb
2026-03-10 00:38:48 	 RUN refined_pair target=PZ35_SimRNA_5_solution.pdb model=PZ35_SimRNA_5_refined.pdb -> id=SimRNA_5
2026-03-10 00:38:48 	 Docker cmd: docker run --rm -v D:\Studia\Projekty\gsp-lab:/work -v D:\Studia\Projekty\RNA_assessment:/rna_assessment -e RNA_ASSESSMENT_ROOT=/rna_assessment -e PYTHONPATH=/rna_assessment mcannotate-runtime python3 /work/src/utils/INF.py /work/data/finished/PZ35/pdb/PZ35_SimRNA_5_solution.pdb /work/data/finished/PZ35/pdb/PZ35_SimRNA_5_refined.pdb
2026-03-10 00:38:51 	 Docker exit code: 0
2026-03-10 00:38:51 	 Docker output length: 353
2026-03-10 00:38:51 	 Saved CSV: PZ35,SimRNA_5,SimRNA,5,refined_pair,0.7518302589574766,0.9100315103865801,-1,PZ35_SimRNA_5_solution.pdb,PZ35_SimRNA_5_refined.pdb
2026-03-10 00:38:51 	 RUN refined_pair target=PZ35_Szachniuk_1_solution.pdb model=PZ35_Szachniuk_1_refined.pdb -> id=Szachniuk_1
2026-03-10 00:38:51 	 Docker cmd: docker run --rm -v D:\Studia\Projekty\gsp-lab:/work -v D:\Studia\Projekty\RNA_assessment:/rna_assessment -e RNA_ASSESSMENT_ROOT=/rna_assessment -e PYTHONPATH=/rna_assessment mcannotate-runtime python3 /work/src/utils/INF.py /work/data/finished/PZ35/pdb/PZ35_Szachniuk_1_solution.pdb /work/data/finished/PZ35/pdb/PZ35_Szachniuk_1_refined.pdb
2026-03-10 00:38:53 	 Docker exit code: 0
2026-03-10 00:38:53 	 Docker output length: 359
2026-03-10 00:38:53 	 Saved CSV: PZ35,Szachniuk_1,Szachniuk,1,refined_pair,0.7317509215846362,0.7888106377466155,0,PZ35_Szachniuk_1_solution.pdb,PZ35_Szachniuk_1_refined.pdb
2026-03-10 00:38:53 	 RUN refined_pair target=PZ35_Szachniuk_2_solution.pdb model=PZ35_Szachniuk_2_refined.pdb -> id=Szachniuk_2
2026-03-10 00:38:53 	 Docker cmd: docker run --rm -v D:\Studia\Projekty\gsp-lab:/work -v D:\Studia\Projekty\RNA_assessment:/rna_assessment -e RNA_ASSESSMENT_ROOT=/rna_assessment -e PYTHONPATH=/rna_assessment mcannotate-runtime python3 /work/src/utils/INF.py /work/data/finished/PZ35/pdb/PZ35_Szachniuk_2_solution.pdb /work/data/finished/PZ35/pdb/PZ35_Szachniuk_2_refined.pdb
2026-03-10 00:38:56 	 Docker exit code: 0
2026-03-10 00:38:56 	 Docker output length: 359
2026-03-10 00:38:56 	 Saved CSV: PZ35,Szachniuk_2,Szachniuk,2,refined_pair,0.7317509215846362,0.7888106377466155,0,PZ35_Szachniuk_2_solution.pdb,PZ35_Szachniuk_2_refined.pdb
2026-03-10 00:38:56 	 RUN refined_pair target=PZ35_Szachniuk_3_solution.pdb model=PZ35_Szachniuk_3_refined.pdb -> id=Szachniuk_3
2026-03-10 00:38:56 	 Docker cmd: docker run --rm -v D:\Studia\Projekty\gsp-lab:/work -v D:\Studia\Projekty\RNA_assessment:/rna_assessment -e RNA_ASSESSMENT_ROOT=/rna_assessment -e PYTHONPATH=/rna_assessment mcannotate-runtime python3 /work/src/utils/INF.py /work/data/finished/PZ35/pdb/PZ35_Szachniuk_3_solution.pdb /work/data/finished/PZ35/pdb/PZ35_Szachniuk_3_refined.pdb
2026-03-10 00:38:59 	 Docker exit code: 0
2026-03-10 00:38:59 	 Docker output length: 359
2026-03-10 00:38:59 	 Saved CSV: PZ35,Szachniuk_3,Szachniuk,3,refined_pair,0.7530940414109725,0.7888106377466155,0,PZ35_Szachniuk_3_solution.pdb,PZ35_Szachniuk_3_refined.pdb
2026-03-10 00:38:59 	 RUN refined_pair target=PZ35_Szachniuk_4_solution.pdb model=PZ35_Szachniuk_4_refined.pdb -> id=Szachniuk_4
2026-03-10 00:38:59 	 Docker cmd: docker run --rm -v D:\Studia\Projekty\gsp-lab:/work -v D:\Studia\Projekty\RNA_assessment:/rna_assessment -e RNA_ASSESSMENT_ROOT=/rna_assessment -e PYTHONPATH=/rna_assessment mcannotate-runtime python3 /work/src/utils/INF.py /work/data/finished/PZ35/pdb/PZ35_Szachniuk_4_solution.pdb /work/data/finished/PZ35/pdb/PZ35_Szachniuk_4_refined.pdb
2026-03-10 00:39:01 	 Docker exit code: 0
2026-03-10 00:39:01 	 Docker output length: 357
2026-03-10 00:39:01 	 Saved CSV: PZ35,Szachniuk_4,Szachniuk,4,refined_pair,0.6712198316335474,0.7409585736349483,0,PZ35_Szachniuk_4_solution.pdb,PZ35_Szachniuk_4_refined.pdb
2026-03-10 00:39:01 	 SKIP (model is a solution file): PZ35_Bujnicki_1_solution.pdb
2026-03-10 00:39:01 	 SKIP (model is a solution file): PZ35_Bujnicki_2_solution.pdb
2026-03-10 00:39:01 	 SKIP (model is a solution file): PZ35_Bujnicki_3_solution.pdb
2026-03-10 00:39:01 	 SKIP (model is a solution file): PZ35_Bujnicki_4_solution.pdb
2026-03-10 00:39:01 	 SKIP (model is a solution file): PZ35_Bujnicki_5_solution.pdb
2026-03-10 00:39:01 	 SKIP (model is a solution file): PZ35_Chen_1_solution.pdb
2026-03-10 00:39:01 	 SKIP (model is a solution file): PZ35_Chen_10_solution.pdb
2026-03-10 00:39:01 	 SKIP (model is a solution file): PZ35_Chen_2_solution.pdb
2026-03-10 00:39:01 	 SKIP (model is a solution file): PZ35_Chen_3_solution.pdb
2026-03-10 00:39:02 	 SKIP (model is a solution file): PZ35_Chen_4_solution.pdb
2026-03-10 00:39:02 	 SKIP (model is a solution file): PZ35_Chen_5_solution.pdb
2026-03-10 00:39:02 	 SKIP (model is a solution file): PZ35_Chen_6_solution.pdb
2026-03-10 00:39:02 	 SKIP (model is a solution file): PZ35_Chen_7_solution.pdb
2026-03-10 00:39:02 	 SKIP (model is a solution file): PZ35_Chen_8_solution.pdb
2026-03-10 00:39:02 	 SKIP (model is a solution file): PZ35_Chen_9_solution.pdb
2026-03-10 00:39:02 	 SKIP (model is a solution file): PZ35_Dfold2_1_solution.pdb
2026-03-10 00:39:02 	 SKIP (model is a solution file): PZ35_Dfold2_2_solution.pdb
2026-03-10 00:39:02 	 SKIP (model is a solution file): PZ35_Dfold2_3_solution.pdb
2026-03-10 00:39:02 	 SKIP (model is a solution file): PZ35_Dfold2_4_solution.pdb
2026-03-10 00:39:02 	 SKIP (model is a solution file): PZ35_Dfold2_5_solution.pdb
2026-03-10 00:39:02 	 SKIP (model is a solution file): PZ35_Dfold2_6_solution.pdb
2026-03-10 00:39:02 	 SKIP (model is a solution file): PZ35_Dfold2_7_solution.pdb
2026-03-10 00:39:02 	 SKIP (model is a solution file): PZ35_Dfold2_8_solution.pdb
2026-03-10 00:39:02 	 SKIP (model is a solution file): PZ35_Ding_1_solution.pdb
2026-03-10 00:39:02 	 SKIP (model is a solution file): PZ35_Ding_2_solution.pdb
2026-03-10 00:39:02 	 SKIP (model is a solution file): PZ35_Ding_3_solution.pdb
2026-03-10 00:39:02 	 SKIP (model is a solution file): PZ35_Ding_4_solution.pdb
2026-03-10 00:39:02 	 SKIP (model is a solution file): PZ35_Ding_5_solution.pdb
2026-03-10 00:39:02 	 SKIP (model is a solution file): PZ35_Ding_6_solution.pdb
2026-03-10 00:39:02 	 SKIP (model is a solution file): PZ35_Ding_7_solution.pdb
2026-03-10 00:39:02 	 SKIP (model is a solution file): PZ35_Dokholyan_1_solution.pdb
2026-03-10 00:39:02 	 SKIP (model is a solution file): PZ35_Dokholyan_2_solution.pdb
2026-03-10 00:39:02 	 SKIP (model is a solution file): PZ35_Nithin_1_solution.pdb
2026-03-10 00:39:02 	 SKIP (model is a solution file): PZ35_Nithin_2_solution.pdb
2026-03-10 00:39:02 	 SKIP (model is a solution file): PZ35_Nithin_3_solution.pdb
2026-03-10 00:39:02 	 SKIP (model is a solution file): PZ35_Nithin_4_solution.pdb
2026-03-10 00:39:02 	 SKIP (model is a solution file): PZ35_Nithin_5_solution.pdb
2026-03-10 00:39:02 	 SKIP (model is a solution file): PZ35_RNAComposer_1_solution.pdb
2026-03-10 00:39:02 	 SKIP (model is a solution file): PZ35_RNAComposer_2_solution.pdb
2026-03-10 00:39:02 	 SKIP (model is a solution file): PZ35_RNAComposer_3_solution.pdb
2026-03-10 00:39:02 	 SKIP (model is a solution file): PZ35_RNAComposer_4_solution.pdb
2026-03-10 00:39:02 	 SKIP (model is a solution file): PZ35_RNAComposer_5_solution.pdb
2026-03-10 00:39:02 	 SKIP (model is a solution file): PZ35_SimRNA_1_solution.pdb
2026-03-10 00:39:02 	 SKIP (model is a solution file): PZ35_SimRNA_2_solution.pdb
2026-03-10 00:39:02 	 SKIP (model is a solution file): PZ35_SimRNA_3_solution.pdb
2026-03-10 00:39:02 	 SKIP (model is a solution file): PZ35_SimRNA_4_solution.pdb
2026-03-10 00:39:02 	 SKIP (model is a solution file): PZ35_SimRNA_5_solution.pdb
2026-03-10 00:39:02 	 SKIP (model is a solution file): PZ35_solution_0.pdb
2026-03-10 00:39:02 	 SKIP (model is a solution file): PZ35_Szachniuk_1_solution.pdb
2026-03-10 00:39:02 	 SKIP (model is a solution file): PZ35_Szachniuk_2_solution.pdb
2026-03-10 00:39:02 	 SKIP (model is a solution file): PZ35_Szachniuk_3_solution.pdb
2026-03-10 00:39:02 	 SKIP (model is a solution file): PZ35_Szachniuk_4_solution.pdb
2026-03-10 00:39:02 	 DONE case: PZ35
2026-03-10 01:12:44 	 START case: PZ35
2026-03-10 01:12:44 	 caseDir: D:\Studia\Projekty\gsp-lab\data\finished\PZ35
2026-03-10 01:12:44 	 pdbDir: D:\Studia\Projekty\gsp-lab\data\finished\PZ35\pdb
2026-03-10 01:12:44 	 Found pdb count: 103
2026-03-10 01:12:44 	 Global solution: PZ35_solution_0.pdb
2026-03-10 01:12:44 	 SKIP already recorded (refined): Bujnicki_1
2026-03-10 01:12:44 	 SKIP already recorded (refined): Bujnicki_2
2026-03-10 01:12:44 	 SKIP already recorded (refined): Bujnicki_3
2026-03-10 01:12:44 	 SKIP already recorded (refined): Bujnicki_4
2026-03-10 01:12:44 	 SKIP already recorded (refined): Bujnicki_5
2026-03-10 01:12:44 	 SKIP already recorded (refined): Chen_1
2026-03-10 01:12:44 	 SKIP already recorded (refined): Chen_10
2026-03-10 01:12:44 	 SKIP already recorded (refined): Chen_2
2026-03-10 01:12:44 	 SKIP already recorded (refined): Chen_3
2026-03-10 01:12:44 	 SKIP already recorded (refined): Chen_4
2026-03-10 01:12:44 	 SKIP already recorded (refined): Chen_5
2026-03-10 01:12:44 	 SKIP already recorded (refined): Chen_6
2026-03-10 01:12:44 	 SKIP already recorded (refined): Chen_7
2026-03-10 01:12:44 	 SKIP already recorded (refined): Chen_8
2026-03-10 01:12:44 	 SKIP already recorded (refined): Chen_9
2026-03-10 01:12:44 	 SKIP already recorded (refined): Dfold2_1
2026-03-10 01:12:44 	 SKIP already recorded (refined): Dfold2_2
2026-03-10 01:12:44 	 SKIP already recorded (refined): Dfold2_3
2026-03-10 01:12:44 	 SKIP already recorded (refined): Dfold2_4
2026-03-10 01:12:44 	 SKIP already recorded (refined): Dfold2_5
2026-03-10 01:12:44 	 SKIP already recorded (refined): Dfold2_6
2026-03-10 01:12:44 	 SKIP already recorded (refined): Dfold2_7
2026-03-10 01:12:44 	 SKIP already recorded (refined): Dfold2_8
2026-03-10 01:12:44 	 SKIP already recorded (refined): Ding_1
2026-03-10 01:12:44 	 SKIP already recorded (refined): Ding_2
2026-03-10 01:12:44 	 SKIP already recorded (refined): Ding_3
2026-03-10 01:12:44 	 SKIP already recorded (refined): Ding_4
2026-03-10 01:12:44 	 SKIP already recorded (refined): Ding_5
2026-03-10 01:12:44 	 SKIP already recorded (refined): Ding_6
2026-03-10 01:12:44 	 SKIP already recorded (refined): Ding_7
2026-03-10 01:12:44 	 SKIP already recorded (refined): Dokholyan_1
2026-03-10 01:12:44 	 SKIP already recorded (refined): Dokholyan_2
2026-03-10 01:12:44 	 SKIP already recorded (refined): Nithin_1
2026-03-10 01:12:44 	 SKIP already recorded (refined): Nithin_2
2026-03-10 01:12:44 	 SKIP already recorded (refined): Nithin_3
2026-03-10 01:12:44 	 SKIP already recorded (refined): Nithin_4
2026-03-10 01:12:44 	 SKIP already recorded (refined): Nithin_5
2026-03-10 01:12:44 	 SKIP already recorded (refined): RNAComposer_1
2026-03-10 01:12:44 	 SKIP already recorded (refined): RNAComposer_2
2026-03-10 01:12:44 	 SKIP already recorded (refined): RNAComposer_3
2026-03-10 01:12:44 	 SKIP already recorded (refined): RNAComposer_4
2026-03-10 01:12:44 	 SKIP already recorded (refined): RNAComposer_5
2026-03-10 01:12:44 	 SKIP already recorded (refined): SimRNA_1
2026-03-10 01:12:44 	 SKIP already recorded (refined): SimRNA_2
2026-03-10 01:12:44 	 SKIP already recorded (refined): SimRNA_3
2026-03-10 01:12:44 	 SKIP already recorded (refined): SimRNA_4
2026-03-10 01:12:44 	 SKIP already recorded (refined): SimRNA_5
2026-03-10 01:12:44 	 SKIP already recorded (refined): Szachniuk_1
2026-03-10 01:12:44 	 SKIP already recorded (refined): Szachniuk_2
2026-03-10 01:12:44 	 SKIP already recorded (refined): Szachniuk_3
2026-03-10 01:12:44 	 SKIP already recorded (refined): Szachniuk_4
2026-03-10 01:12:44 	 SKIP (model is a solution file): PZ35_Bujnicki_1_solution.pdb
2026-03-10 01:12:44 	 SKIP (model is a solution file): PZ35_Bujnicki_2_solution.pdb
2026-03-10 01:12:44 	 SKIP (model is a solution file): PZ35_Bujnicki_3_solution.pdb
2026-03-10 01:12:45 	 SKIP (model is a solution file): PZ35_Bujnicki_4_solution.pdb
2026-03-10 01:12:45 	 SKIP (model is a solution file): PZ35_Bujnicki_5_solution.pdb
2026-03-10 01:12:45 	 SKIP (model is a solution file): PZ35_Chen_1_solution.pdb
2026-03-10 01:12:45 	 SKIP (model is a solution file): PZ35_Chen_10_solution.pdb
2026-03-10 01:12:45 	 SKIP (model is a solution file): PZ35_Chen_2_solution.pdb
2026-03-10 01:12:45 	 SKIP (model is a solution file): PZ35_Chen_3_solution.pdb
2026-03-10 01:12:45 	 SKIP (model is a solution file): PZ35_Chen_4_solution.pdb
2026-03-10 01:12:45 	 SKIP (model is a solution file): PZ35_Chen_5_solution.pdb
2026-03-10 01:12:45 	 SKIP (model is a solution file): PZ35_Chen_6_solution.pdb
2026-03-10 01:12:45 	 SKIP (model is a solution file): PZ35_Chen_7_solution.pdb
2026-03-10 01:12:45 	 SKIP (model is a solution file): PZ35_Chen_8_solution.pdb
2026-03-10 01:12:45 	 SKIP (model is a solution file): PZ35_Chen_9_solution.pdb
2026-03-10 01:12:45 	 SKIP (model is a solution file): PZ35_Dfold2_1_solution.pdb
2026-03-10 01:12:45 	 SKIP (model is a solution file): PZ35_Dfold2_2_solution.pdb
2026-03-10 01:12:45 	 SKIP (model is a solution file): PZ35_Dfold2_3_solution.pdb
2026-03-10 01:12:45 	 SKIP (model is a solution file): PZ35_Dfold2_4_solution.pdb
2026-03-10 01:12:45 	 SKIP (model is a solution file): PZ35_Dfold2_5_solution.pdb
2026-03-10 01:12:45 	 SKIP (model is a solution file): PZ35_Dfold2_6_solution.pdb
2026-03-10 01:12:45 	 SKIP (model is a solution file): PZ35_Dfold2_7_solution.pdb
2026-03-10 01:12:45 	 SKIP (model is a solution file): PZ35_Dfold2_8_solution.pdb
2026-03-10 01:12:45 	 SKIP (model is a solution file): PZ35_Ding_1_solution.pdb
2026-03-10 01:12:45 	 SKIP (model is a solution file): PZ35_Ding_2_solution.pdb
2026-03-10 01:12:45 	 SKIP (model is a solution file): PZ35_Ding_3_solution.pdb
2026-03-10 01:12:45 	 SKIP (model is a solution file): PZ35_Ding_4_solution.pdb
2026-03-10 01:12:45 	 SKIP (model is a solution file): PZ35_Ding_5_solution.pdb
2026-03-10 01:12:45 	 SKIP (model is a solution file): PZ35_Ding_6_solution.pdb
2026-03-10 01:12:45 	 SKIP (model is a solution file): PZ35_Ding_7_solution.pdb
2026-03-10 01:12:45 	 SKIP (model is a solution file): PZ35_Dokholyan_1_solution.pdb
2026-03-10 01:12:45 	 SKIP (model is a solution file): PZ35_Dokholyan_2_solution.pdb
2026-03-10 01:12:45 	 SKIP (model is a solution file): PZ35_Nithin_1_solution.pdb
2026-03-10 01:12:45 	 SKIP (model is a solution file): PZ35_Nithin_2_solution.pdb
2026-03-10 01:12:45 	 SKIP (model is a solution file): PZ35_Nithin_3_solution.pdb
2026-03-10 01:12:45 	 SKIP (model is a solution file): PZ35_Nithin_4_solution.pdb
2026-03-10 01:12:45 	 SKIP (model is a solution file): PZ35_Nithin_5_solution.pdb
2026-03-10 01:12:45 	 SKIP (model is a solution file): PZ35_RNAComposer_1_solution.pdb
2026-03-10 01:12:45 	 SKIP (model is a solution file): PZ35_RNAComposer_2_solution.pdb
2026-03-10 01:12:45 	 SKIP (model is a solution file): PZ35_RNAComposer_3_solution.pdb
2026-03-10 01:12:45 	 SKIP (model is a solution file): PZ35_RNAComposer_4_solution.pdb
2026-03-10 01:12:45 	 SKIP (model is a solution file): PZ35_RNAComposer_5_solution.pdb
2026-03-10 01:12:45 	 SKIP (model is a solution file): PZ35_SimRNA_1_solution.pdb
2026-03-10 01:12:45 	 SKIP (model is a solution file): PZ35_SimRNA_2_solution.pdb
2026-03-10 01:12:45 	 SKIP (model is a solution file): PZ35_SimRNA_3_solution.pdb
2026-03-10 01:12:45 	 SKIP (model is a solution file): PZ35_SimRNA_4_solution.pdb
2026-03-10 01:12:45 	 SKIP (model is a solution file): PZ35_SimRNA_5_solution.pdb
2026-03-10 01:12:45 	 SKIP (model is a solution file): PZ35_solution_0.pdb
2026-03-10 01:12:45 	 SKIP (model is a solution file): PZ35_Szachniuk_1_solution.pdb
2026-03-10 01:12:45 	 SKIP (model is a solution file): PZ35_Szachniuk_2_solution.pdb
2026-03-10 01:12:45 	 SKIP (model is a solution file): PZ35_Szachniuk_3_solution.pdb
2026-03-10 01:12:45 	 SKIP (model is a solution file): PZ35_Szachniuk_4_solution.pdb
2026-03-10 01:12:45 	 DONE case: PZ35
2026-03-10 01:17:27 	 START case: PZ35
2026-03-10 01:17:27 	 caseDir: D:\Studia\Projekty\gsp-lab\data\finished\PZ35
2026-03-10 01:17:27 	 pdbDir: D:\Studia\Projekty\gsp-lab\data\finished\PZ35\pdb
2026-03-10 01:17:27 	 Found pdb count: 103
2026-03-10 01:17:28 	 Global solution: PZ35_solution_0.pdb
2026-03-10 01:17:28 	 SKIP already recorded (refined): Bujnicki_1
2026-03-10 01:17:28 	 SKIP already recorded (refined): Bujnicki_2
2026-03-10 01:17:28 	 SKIP already recorded (refined): Bujnicki_3
2026-03-10 01:17:28 	 SKIP already recorded (refined): Bujnicki_4
2026-03-10 01:17:28 	 SKIP already recorded (refined): Bujnicki_5
2026-03-10 01:17:28 	 SKIP already recorded (refined): Chen_1
2026-03-10 01:17:28 	 SKIP already recorded (refined): Chen_10
2026-03-10 01:17:28 	 SKIP already recorded (refined): Chen_2
2026-03-10 01:17:28 	 SKIP already recorded (refined): Chen_3
2026-03-10 01:17:28 	 SKIP already recorded (refined): Chen_4
2026-03-10 01:17:28 	 SKIP already recorded (refined): Chen_5
2026-03-10 01:17:28 	 SKIP already recorded (refined): Chen_6
2026-03-10 01:17:28 	 SKIP already recorded (refined): Chen_7
2026-03-10 01:17:28 	 SKIP already recorded (refined): Chen_8
2026-03-10 01:17:28 	 SKIP already recorded (refined): Chen_9
2026-03-10 01:17:28 	 SKIP already recorded (refined): Dfold2_1
2026-03-10 01:17:28 	 SKIP already recorded (refined): Dfold2_2
2026-03-10 01:17:28 	 SKIP already recorded (refined): Dfold2_3
2026-03-10 01:17:28 	 SKIP already recorded (refined): Dfold2_4
2026-03-10 01:17:28 	 SKIP already recorded (refined): Dfold2_5
2026-03-10 01:17:28 	 SKIP already recorded (refined): Dfold2_6
2026-03-10 01:17:28 	 SKIP already recorded (refined): Dfold2_7
2026-03-10 01:17:28 	 SKIP already recorded (refined): Dfold2_8
2026-03-10 01:17:28 	 SKIP already recorded (refined): Ding_1
2026-03-10 01:17:28 	 SKIP already recorded (refined): Ding_2
2026-03-10 01:17:28 	 SKIP already recorded (refined): Ding_3
2026-03-10 01:17:28 	 SKIP already recorded (refined): Ding_4
2026-03-10 01:17:28 	 SKIP already recorded (refined): Ding_5
2026-03-10 01:17:28 	 SKIP already recorded (refined): Ding_6
2026-03-10 01:17:28 	 SKIP already recorded (refined): Ding_7
2026-03-10 01:17:28 	 SKIP already recorded (refined): Dokholyan_1
2026-03-10 01:17:28 	 SKIP already recorded (refined): Dokholyan_2
2026-03-10 01:17:28 	 SKIP already recorded (refined): Nithin_1
2026-03-10 01:17:28 	 SKIP already recorded (refined): Nithin_2
2026-03-10 01:17:28 	 SKIP already recorded (refined): Nithin_3
2026-03-10 01:17:28 	 SKIP already recorded (refined): Nithin_4
2026-03-10 01:17:28 	 SKIP already recorded (refined): Nithin_5
2026-03-10 01:17:28 	 SKIP already recorded (refined): RNAComposer_1
2026-03-10 01:17:28 	 SKIP already recorded (refined): RNAComposer_2
2026-03-10 01:17:28 	 SKIP already recorded (refined): RNAComposer_3
2026-03-10 01:17:28 	 SKIP already recorded (refined): RNAComposer_4
2026-03-10 01:17:28 	 SKIP already recorded (refined): RNAComposer_5
2026-03-10 01:17:28 	 SKIP already recorded (refined): SimRNA_1
2026-03-10 01:17:28 	 SKIP already recorded (refined): SimRNA_2
2026-03-10 01:17:28 	 SKIP already recorded (refined): SimRNA_3
2026-03-10 01:17:28 	 SKIP already recorded (refined): SimRNA_4
2026-03-10 01:17:28 	 SKIP already recorded (refined): SimRNA_5
2026-03-10 01:17:28 	 SKIP already recorded (refined): Szachniuk_1
2026-03-10 01:17:28 	 SKIP already recorded (refined): Szachniuk_2
2026-03-10 01:17:28 	 SKIP already recorded (refined): Szachniuk_3
2026-03-10 01:17:28 	 SKIP already recorded (refined): Szachniuk_4
2026-03-10 01:17:28 	 SKIP (model is a solution file): PZ35_Bujnicki_1_solution.pdb
2026-03-10 01:17:28 	 SKIP (model is a solution file): PZ35_Bujnicki_2_solution.pdb
2026-03-10 01:17:28 	 SKIP (model is a solution file): PZ35_Bujnicki_3_solution.pdb
2026-03-10 01:17:28 	 SKIP (model is a solution file): PZ35_Bujnicki_4_solution.pdb
2026-03-10 01:17:28 	 SKIP (model is a solution file): PZ35_Bujnicki_5_solution.pdb
2026-03-10 01:17:28 	 SKIP (model is a solution file): PZ35_Chen_1_solution.pdb
2026-03-10 01:17:28 	 SKIP (model is a solution file): PZ35_Chen_10_solution.pdb
2026-03-10 01:17:28 	 SKIP (model is a solution file): PZ35_Chen_2_solution.pdb
2026-03-10 01:17:28 	 SKIP (model is a solution file): PZ35_Chen_3_solution.pdb
2026-03-10 01:17:28 	 SKIP (model is a solution file): PZ35_Chen_4_solution.pdb
2026-03-10 01:17:28 	 SKIP (model is a solution file): PZ35_Chen_5_solution.pdb
2026-03-10 01:17:28 	 SKIP (model is a solution file): PZ35_Chen_6_solution.pdb
2026-03-10 01:17:28 	 SKIP (model is a solution file): PZ35_Chen_7_solution.pdb
2026-03-10 01:17:28 	 SKIP (model is a solution file): PZ35_Chen_8_solution.pdb
2026-03-10 01:17:28 	 SKIP (model is a solution file): PZ35_Chen_9_solution.pdb
2026-03-10 01:17:28 	 SKIP (model is a solution file): PZ35_Dfold2_1_solution.pdb
2026-03-10 01:17:28 	 SKIP (model is a solution file): PZ35_Dfold2_2_solution.pdb
2026-03-10 01:17:28 	 SKIP (model is a solution file): PZ35_Dfold2_3_solution.pdb
2026-03-10 01:17:28 	 SKIP (model is a solution file): PZ35_Dfold2_4_solution.pdb
2026-03-10 01:17:28 	 SKIP (model is a solution file): PZ35_Dfold2_5_solution.pdb
2026-03-10 01:17:28 	 SKIP (model is a solution file): PZ35_Dfold2_6_solution.pdb
2026-03-10 01:17:28 	 SKIP (model is a solution file): PZ35_Dfold2_7_solution.pdb
2026-03-10 01:17:29 	 SKIP (model is a solution file): PZ35_Dfold2_8_solution.pdb
2026-03-10 01:17:29 	 SKIP (model is a solution file): PZ35_Ding_1_solution.pdb
2026-03-10 01:17:29 	 SKIP (model is a solution file): PZ35_Ding_2_solution.pdb
2026-03-10 01:17:29 	 SKIP (model is a solution file): PZ35_Ding_3_solution.pdb
2026-03-10 01:17:29 	 SKIP (model is a solution file): PZ35_Ding_4_solution.pdb
2026-03-10 01:17:29 	 SKIP (model is a solution file): PZ35_Ding_5_solution.pdb
2026-03-10 01:17:29 	 SKIP (model is a solution file): PZ35_Ding_6_solution.pdb
2026-03-10 01:17:29 	 SKIP (model is a solution file): PZ35_Ding_7_solution.pdb
2026-03-10 01:17:29 	 SKIP (model is a solution file): PZ35_Dokholyan_1_solution.pdb
2026-03-10 01:17:29 	 SKIP (model is a solution file): PZ35_Dokholyan_2_solution.pdb
2026-03-10 01:17:29 	 SKIP (model is a solution file): PZ35_Nithin_1_solution.pdb
2026-03-10 01:17:29 	 SKIP (model is a solution file): PZ35_Nithin_2_solution.pdb
2026-03-10 01:17:29 	 SKIP (model is a solution file): PZ35_Nithin_3_solution.pdb
2026-03-10 01:17:29 	 SKIP (model is a solution file): PZ35_Nithin_4_solution.pdb
2026-03-10 01:17:29 	 SKIP (model is a solution file): PZ35_Nithin_5_solution.pdb
2026-03-10 01:17:29 	 SKIP (model is a solution file): PZ35_RNAComposer_1_solution.pdb
2026-03-10 01:17:29 	 SKIP (model is a solution file): PZ35_RNAComposer_2_solution.pdb
2026-03-10 01:17:29 	 SKIP (model is a solution file): PZ35_RNAComposer_3_solution.pdb
2026-03-10 01:17:29 	 SKIP (model is a solution file): PZ35_RNAComposer_4_solution.pdb
2026-03-10 01:17:29 	 SKIP (model is a solution file): PZ35_RNAComposer_5_solution.pdb
2026-03-10 01:17:29 	 SKIP (model is a solution file): PZ35_SimRNA_1_solution.pdb
2026-03-10 01:17:29 	 SKIP (model is a solution file): PZ35_SimRNA_2_solution.pdb
2026-03-10 01:17:29 	 SKIP (model is a solution file): PZ35_SimRNA_3_solution.pdb
2026-03-10 01:17:29 	 SKIP (model is a solution file): PZ35_SimRNA_4_solution.pdb
2026-03-10 01:17:29 	 SKIP (model is a solution file): PZ35_SimRNA_5_solution.pdb
2026-03-10 01:17:29 	 SKIP (model is a solution file): PZ35_solution_0.pdb
2026-03-10 01:17:29 	 SKIP (model is a solution file): PZ35_Szachniuk_1_solution.pdb
2026-03-10 01:17:29 	 SKIP (model is a solution file): PZ35_Szachniuk_2_solution.pdb
2026-03-10 01:17:29 	 SKIP (model is a solution file): PZ35_Szachniuk_3_solution.pdb
2026-03-10 01:17:29 	 SKIP (model is a solution file): PZ35_Szachniuk_4_solution.pdb
2026-03-10 01:17:29 	 DONE case: PZ35
2026-03-10 01:21:55 	 START case: PZ35
2026-03-10 01:21:55 	 caseDir: D:\Studia\Projekty\gsp-lab\data\finished\PZ35
2026-03-10 01:21:55 	 pdbDir: D:\Studia\Projekty\gsp-lab\data\finished\PZ35\pdb
2026-03-10 01:21:55 	 Found pdb count: 103
2026-03-10 01:21:55 	 Global solution: PZ35_solution_0.pdb
2026-03-10 01:21:55 	 SKIP already recorded (refined): Bujnicki_1
2026-03-10 01:21:55 	 SKIP already recorded (refined): Bujnicki_2
2026-03-10 01:21:55 	 SKIP already recorded (refined): Bujnicki_3
2026-03-10 01:21:55 	 SKIP already recorded (refined): Bujnicki_4
2026-03-10 01:21:55 	 SKIP already recorded (refined): Bujnicki_5
2026-03-10 01:21:55 	 SKIP already recorded (refined): Chen_1
2026-03-10 01:21:55 	 SKIP already recorded (refined): Chen_10
2026-03-10 01:21:55 	 SKIP already recorded (refined): Chen_2
2026-03-10 01:21:55 	 SKIP already recorded (refined): Chen_3
2026-03-10 01:21:55 	 SKIP already recorded (refined): Chen_4
2026-03-10 01:21:55 	 SKIP already recorded (refined): Chen_5
2026-03-10 01:21:55 	 SKIP already recorded (refined): Chen_6
2026-03-10 01:21:55 	 SKIP already recorded (refined): Chen_7
2026-03-10 01:21:55 	 SKIP already recorded (refined): Chen_8
2026-03-10 01:21:55 	 SKIP already recorded (refined): Chen_9
2026-03-10 01:21:55 	 SKIP already recorded (refined): Dfold2_1
2026-03-10 01:21:55 	 SKIP already recorded (refined): Dfold2_2
2026-03-10 01:21:55 	 SKIP already recorded (refined): Dfold2_3
2026-03-10 01:21:55 	 SKIP already recorded (refined): Dfold2_4
2026-03-10 01:21:55 	 SKIP already recorded (refined): Dfold2_5
2026-03-10 01:21:55 	 SKIP already recorded (refined): Dfold2_6
2026-03-10 01:21:55 	 SKIP already recorded (refined): Dfold2_7
2026-03-10 01:21:55 	 SKIP already recorded (refined): Dfold2_8
2026-03-10 01:21:55 	 SKIP already recorded (refined): Ding_1
2026-03-10 01:21:55 	 SKIP already recorded (refined): Ding_2
2026-03-10 01:21:55 	 SKIP already recorded (refined): Ding_3
2026-03-10 01:21:55 	 SKIP already recorded (refined): Ding_4
2026-03-10 01:21:55 	 SKIP already recorded (refined): Ding_5
2026-03-10 01:21:55 	 SKIP already recorded (refined): Ding_6
2026-03-10 01:21:55 	 SKIP already recorded (refined): Ding_7
2026-03-10 01:21:55 	 SKIP already recorded (refined): Dokholyan_1
2026-03-10 01:21:55 	 SKIP already recorded (refined): Dokholyan_2
2026-03-10 01:21:55 	 SKIP already recorded (refined): Nithin_1
2026-03-10 01:21:55 	 SKIP already recorded (refined): Nithin_2
2026-03-10 01:21:55 	 SKIP already recorded (refined): Nithin_3
2026-03-10 01:21:55 	 SKIP already recorded (refined): Nithin_4
2026-03-10 01:21:55 	 SKIP already recorded (refined): Nithin_5
2026-03-10 01:21:55 	 SKIP already recorded (refined): RNAComposer_1
2026-03-10 01:21:55 	 SKIP already recorded (refined): RNAComposer_2
2026-03-10 01:21:55 	 SKIP already recorded (refined): RNAComposer_3
2026-03-10 01:21:55 	 SKIP already recorded (refined): RNAComposer_4
2026-03-10 01:21:55 	 SKIP already recorded (refined): RNAComposer_5
2026-03-10 01:21:55 	 SKIP already recorded (refined): SimRNA_1
2026-03-10 01:21:55 	 SKIP already recorded (refined): SimRNA_2
2026-03-10 01:21:55 	 SKIP already recorded (refined): SimRNA_3
2026-03-10 01:21:55 	 SKIP already recorded (refined): SimRNA_4
2026-03-10 01:21:55 	 SKIP already recorded (refined): SimRNA_5
2026-03-10 01:21:55 	 SKIP already recorded (refined): Szachniuk_1
2026-03-10 01:21:55 	 SKIP already recorded (refined): Szachniuk_2
2026-03-10 01:21:55 	 SKIP already recorded (refined): Szachniuk_3
2026-03-10 01:21:55 	 SKIP already recorded (refined): Szachniuk_4
2026-03-10 01:21:55 	 SKIP (model is a solution file): PZ35_Bujnicki_1_solution.pdb
2026-03-10 01:21:55 	 SKIP (model is a solution file): PZ35_Bujnicki_2_solution.pdb
2026-03-10 01:21:55 	 SKIP (model is a solution file): PZ35_Bujnicki_3_solution.pdb
2026-03-10 01:21:55 	 SKIP (model is a solution file): PZ35_Bujnicki_4_solution.pdb
2026-03-10 01:21:55 	 SKIP (model is a solution file): PZ35_Bujnicki_5_solution.pdb
2026-03-10 01:21:55 	 SKIP (model is a solution file): PZ35_Chen_1_solution.pdb
2026-03-10 01:21:56 	 SKIP (model is a solution file): PZ35_Chen_10_solution.pdb
2026-03-10 01:21:56 	 SKIP (model is a solution file): PZ35_Chen_2_solution.pdb
2026-03-10 01:21:56 	 SKIP (model is a solution file): PZ35_Chen_3_solution.pdb
2026-03-10 01:21:56 	 SKIP (model is a solution file): PZ35_Chen_4_solution.pdb
2026-03-10 01:21:56 	 SKIP (model is a solution file): PZ35_Chen_5_solution.pdb
2026-03-10 01:21:56 	 SKIP (model is a solution file): PZ35_Chen_6_solution.pdb
2026-03-10 01:21:56 	 SKIP (model is a solution file): PZ35_Chen_7_solution.pdb
2026-03-10 01:21:56 	 SKIP (model is a solution file): PZ35_Chen_8_solution.pdb
2026-03-10 01:21:56 	 SKIP (model is a solution file): PZ35_Chen_9_solution.pdb
2026-03-10 01:21:56 	 SKIP (model is a solution file): PZ35_Dfold2_1_solution.pdb
2026-03-10 01:21:56 	 SKIP (model is a solution file): PZ35_Dfold2_2_solution.pdb
2026-03-10 01:21:56 	 SKIP (model is a solution file): PZ35_Dfold2_3_solution.pdb
2026-03-10 01:21:56 	 SKIP (model is a solution file): PZ35_Dfold2_4_solution.pdb
2026-03-10 01:21:56 	 SKIP (model is a solution file): PZ35_Dfold2_5_solution.pdb
2026-03-10 01:21:56 	 SKIP (model is a solution file): PZ35_Dfold2_6_solution.pdb
2026-03-10 01:21:56 	 SKIP (model is a solution file): PZ35_Dfold2_7_solution.pdb
2026-03-10 01:21:56 	 SKIP (model is a solution file): PZ35_Dfold2_8_solution.pdb
2026-03-10 01:21:56 	 SKIP (model is a solution file): PZ35_Ding_1_solution.pdb
2026-03-10 01:21:56 	 SKIP (model is a solution file): PZ35_Ding_2_solution.pdb
2026-03-10 01:21:56 	 SKIP (model is a solution file): PZ35_Ding_3_solution.pdb
2026-03-10 01:21:56 	 SKIP (model is a solution file): PZ35_Ding_4_solution.pdb
2026-03-10 01:21:56 	 SKIP (model is a solution file): PZ35_Ding_5_solution.pdb
2026-03-10 01:21:56 	 SKIP (model is a solution file): PZ35_Ding_6_solution.pdb
2026-03-10 01:21:56 	 SKIP (model is a solution file): PZ35_Ding_7_solution.pdb
2026-03-10 01:21:56 	 SKIP (model is a solution file): PZ35_Dokholyan_1_solution.pdb
2026-03-10 01:21:56 	 SKIP (model is a solution file): PZ35_Dokholyan_2_solution.pdb
2026-03-10 01:21:56 	 SKIP (model is a solution file): PZ35_Nithin_1_solution.pdb
2026-03-10 01:21:56 	 SKIP (model is a solution file): PZ35_Nithin_2_solution.pdb
2026-03-10 01:21:56 	 SKIP (model is a solution file): PZ35_Nithin_3_solution.pdb
2026-03-10 01:21:56 	 SKIP (model is a solution file): PZ35_Nithin_4_solution.pdb
2026-03-10 01:21:56 	 SKIP (model is a solution file): PZ35_Nithin_5_solution.pdb
2026-03-10 01:21:56 	 SKIP (model is a solution file): PZ35_RNAComposer_1_solution.pdb
2026-03-10 01:21:56 	 SKIP (model is a solution file): PZ35_RNAComposer_2_solution.pdb
2026-03-10 01:21:56 	 SKIP (model is a solution file): PZ35_RNAComposer_3_solution.pdb
2026-03-10 01:21:56 	 SKIP (model is a solution file): PZ35_RNAComposer_4_solution.pdb
2026-03-10 01:21:56 	 SKIP (model is a solution file): PZ35_RNAComposer_5_solution.pdb
2026-03-10 01:21:56 	 SKIP (model is a solution file): PZ35_SimRNA_1_solution.pdb
2026-03-10 01:21:56 	 SKIP (model is a solution file): PZ35_SimRNA_2_solution.pdb
2026-03-10 01:21:56 	 SKIP (model is a solution file): PZ35_SimRNA_3_solution.pdb
2026-03-10 01:21:56 	 SKIP (model is a solution file): PZ35_SimRNA_4_solution.pdb
2026-03-10 01:21:56 	 SKIP (model is a solution file): PZ35_SimRNA_5_solution.pdb
2026-03-10 01:21:56 	 SKIP (model is a solution file): PZ35_solution_0.pdb
2026-03-10 01:21:56 	 SKIP (model is a solution file): PZ35_Szachniuk_1_solution.pdb
2026-03-10 01:21:56 	 SKIP (model is a solution file): PZ35_Szachniuk_2_solution.pdb
2026-03-10 01:21:56 	 SKIP (model is a solution file): PZ35_Szachniuk_3_solution.pdb
2026-03-10 01:21:56 	 SKIP (model is a solution file): PZ35_Szachniuk_4_solution.pdb
2026-03-10 01:21:56 	 DONE case: PZ35
