{
  "native_pdb": "/tmp/rna_inf_9h5nkdel/PZ35_Bujnicki_1_solution_normalized.pdb",
  "native_index": null,
  "model_pdb": "/tmp/rna_inf_6abif_j1/PZ35_Bujnicki_1_refined_normalized.pdb",
  "model_index": null,
  "rmsd": 16.04978614601364,
  "inf_all": 0.7599396184462358,
  "inf_wc": 0.7715167498104596,
  "inf_nwc": 0.7071067811865476,
  "inf_stack": 0.7576306440952064
}
{
  "native_pdb": "/tmp/rna_inf_g31pojk9/PZ35_Bujnicki_2_solution_normalized.pdb",
  "native_index": null,
  "model_pdb": "/tmp/rna_inf_bgl12oh8/PZ35_Bujnicki_2_refined_normalized.pdb",
  "model_index": null,
  "rmsd": 17.572635369478412,
  "inf_all": 0.7483368055104992,
  "inf_wc": 0.7938841860374447,
  "inf_nwc": 0.3535533905932738,
  "inf_stack": 0.7576306440952064
}
{
  "native_pdb": "/tmp/rna_inf_kbqgmydu/PZ35_Bujnicki_3_solution_normalized.pdb",
  "native_index": null,
  "model_pdb": "/tmp/rna_inf_bh_edm7c/PZ35_Bujnicki_3_refined_normalized.pdb",
  "model_index": null,
  "rmsd": 5.981581860607554,
  "inf_all": 0.7895725166701287,
  "inf_wc": 0.9354143466934853,
  "inf_nwc": 0.7071067811865476,
  "inf_stack": 0.7290975688968439
}
{
  "native_pdb": "/tmp/rna_inf_a9w_b1cc/PZ35_Bujnicki_4_solution_normalized.pdb",
  "native_index": null,
  "model_pdb": "/tmp/rna_inf_f_oh35gg/PZ35_Bujnicki_4_refined_normalized.pdb",
  "model_index": null,
  "rmsd": 20.38155995284354,
  "inf_all": 0.7318878340825924,
  "inf_wc": 0.8010018789148142,
  "inf_nwc": 0.0,
  "inf_stack": 0.7260486951573563
}
{
  "native_pdb": "/tmp/rna_inf_fvy5i2rc/PZ35_Bujnicki_5_solution_normalized.pdb",
  "native_index": null,
  "model_pdb": "/tmp/rna_inf_fh0t01ua/PZ35_Bujnicki_5_refined_normalized.pdb",
  "model_index": null,
  "rmsd": 14.742398817649399,
  "inf_all": 0.6687047120387548,
  "inf_wc": 0.846809798439941,
  "inf_nwc": 0.0,
  "inf_stack": 0.6347716207284162
}
{
  "native_pdb": "/tmp/rna_inf_zb6ij30s/PZ35_Chen_1_solution_normalized.pdb",
  "native_index": null,
  "model_pdb": "/tmp/rna_inf_ia51s_y0/PZ35_Chen_1_refined_normalized.pdb",
  "model_index": null,
  "rmsd": 6.79678213039538,
  "inf_all": 0.7974026530644033,
  "inf_wc": 0.9304842103984708,
  "inf_nwc": -1.0,
  "inf_stack": 0.759389481241052
}
{
  "native_pdb": "/tmp/rna_inf_jjyci4k0/PZ35_Chen_10_solution_normalized.pdb",
  "native_index": null,
  "model_pdb": "/tmp/rna_inf_pa75538m/PZ35_Chen_10_refined_normalized.pdb",
  "model_index": null,
  "rmsd": 16.43877694797255,
  "inf_all": 0.7180786296659397,
  "inf_wc": 0.7409585736349483,
  "inf_nwc": 0.0,
  "inf_stack": 0.7309043957071794
}
{
  "native_pdb": "/tmp/rna_inf_we2mlx13/PZ35_Chen_2_solution_normalized.pdb",
  "native_index": null,
  "model_pdb": "/tmp/rna_inf_roo0orkh/PZ35_Chen_2_refined_normalized.pdb",
  "model_index": null,
  "rmsd": 6.646088484222923,
  "inf_all": 0.8052627168725032,
  "inf_wc": 0.9354143466934853,
  "inf_nwc": -1.0,
  "inf_stack": 0.7663886105924606
}
{
  "native_pdb": "/tmp/rna_inf_6ogb0xmw/PZ35_Chen_3_solution_normalized.pdb",
  "native_index": null,
  "model_pdb": "/tmp/rna_inf_9ylzzrj3/PZ35_Chen_3_refined_normalized.pdb",
  "model_index": null,
  "rmsd": 17.20317978662023,
  "inf_all": 0.7180786296659397,
  "inf_wc": 0.7200822998230956,
  "inf_nwc": -1.0,
  "inf_stack": 0.7309043957071794
}
{
  "native_pdb": "/tmp/rna_inf_6_885v4b/PZ35_Chen_4_solution_normalized.pdb",
  "native_index": null,
  "model_pdb": "/tmp/rna_inf_b3k1ft2n/PZ35_Chen_4_refined_normalized.pdb",
  "model_index": null,
  "rmsd": 6.657263982715664,
  "inf_all": 0.813055529348476,
  "inf_wc": 0.9354143466934853,
  "inf_nwc": -1.0,
  "inf_stack": 0.7779111759054679
}
{
  "native_pdb": "/tmp/rna_inf_5trmmnjh/PZ35_Chen_5_solution_normalized.pdb",
  "native_index": null,
  "model_pdb": "/tmp/rna_inf_g8c7ui84/PZ35_Chen_5_refined_normalized.pdb",
  "model_index": null,
  "rmsd": 6.497982461197053,
  "inf_all": 0.7872442427024927,
  "inf_wc": 0.8908708063747479,
  "inf_nwc": 0.0,
  "inf_stack": 0.7663886105924606
}
{
  "native_pdb": "/tmp/rna_inf_5jbri9x8/PZ35_Chen_6_solution_normalized.pdb",
  "native_index": null,
  "model_pdb": "/tmp/rna_inf_qyqraarm/PZ35_Chen_6_refined_normalized.pdb",
  "model_index": null,
  "rmsd": 16.513266785502406,
  "inf_all": 0.7266412586668832,
  "inf_wc": 0.7409585736349483,
  "inf_nwc": 0.0,
  "inf_stack": 0.7501387219099998
}
{
  "native_pdb": "/tmp/rna_inf_rb95u3o9/PZ35_Chen_7_solution_normalized.pdb",
  "native_index": null,
  "model_pdb": "/tmp/rna_inf_rxfn7v12/PZ35_Chen_7_refined_normalized.pdb",
  "model_index": null,
  "rmsd": 6.555614170397538,
  "inf_all": 0.79227460853585,
  "inf_wc": 0.8908708063747479,
  "inf_nwc": -1.0,
  "inf_stack": 0.7663886105924606
}
{
  "native_pdb": "/tmp/rna_inf_t7h6rlpm/PZ35_Chen_8_solution_normalized.pdb",
  "native_index": null,
  "model_pdb": "/tmp/rna_inf_2u_xg0c0/PZ35_Chen_8_refined_normalized.pdb",
  "model_index": null,
  "rmsd": 15.308355597868697,
  "inf_all": 0.7287174110725736,
  "inf_wc": 0.7409585736349483,
  "inf_nwc": 0.0,
  "inf_stack": 0.7456716328643118
}
{
  "native_pdb": "/tmp/rna_inf_pt5zqdje/PZ35_Chen_9_solution_normalized.pdb",
  "native_index": null,
  "model_pdb": "/tmp/rna_inf_84tgaf31/PZ35_Chen_9_refined_normalized.pdb",
  "model_index": null,
  "rmsd": 6.600743575640793,
  "inf_all": 0.7792865001991968,
  "inf_wc": 0.9100315103865801,
  "inf_nwc": 0.0,
  "inf_stack": 0.7547169811320755
}
{
  "native_pdb": "/tmp/rna_inf_aa7oqr00/PZ35_Dfold2_1_solution_normalized.pdb",
  "native_index": null,
  "model_pdb": "/tmp/rna_inf_bx150p3g/PZ35_Dfold2_1_refined_normalized.pdb",
  "model_index": null,
  "rmsd": 20.942905177359787,
  "inf_all": 0.4479053416140955,
  "inf_wc": 0.0,
  "inf_nwc": 0.0,
  "inf_stack": 0.6437816003588991
}
{
  "native_pdb": "/tmp/rna_inf_of_nzlok/PZ35_Dfold2_2_solution_normalized.pdb",
  "native_index": null,
  "model_pdb": "/tmp/rna_inf_nd8bqa2t/PZ35_Dfold2_2_refined_normalized.pdb",
  "model_index": null,
  "rmsd": 31.397927323860845,
  "inf_all": 0.46034715665893156,
  "inf_wc": 0.0,
  "inf_nwc": -1.0,
  "inf_stack": 0.6731724926785407
}
{
  "native_pdb": "/tmp/rna_inf_o0l71ms5/PZ35_Dfold2_3_solution_normalized.pdb",
  "native_index": null,
  "model_pdb": "/tmp/rna_inf_tnsuvi5q/PZ35_Dfold2_3_refined_normalized.pdb",
  "model_index": null,
  "rmsd": 30.184731193381552,
  "inf_all": 0.5033200895966756,
  "inf_wc": 0.0,
  "inf_nwc": 0.0,
  "inf_stack": 0.7223460919122201
}
{
  "native_pdb": "/tmp/rna_inf_z7tjhpfz/PZ35_Dfold2_4_solution_normalized.pdb",
  "native_index": null,
  "model_pdb": "/tmp/rna_inf_fp_xrtca/PZ35_Dfold2_4_refined_normalized.pdb",
  "model_index": null,
  "rmsd": 24.324742241734832,
  "inf_all": 0.5381731373958908,
  "inf_wc": 0.2939723678960656,
  "inf_nwc": 0.0,
  "inf_stack": 0.6608007883929171
}
{
  "native_pdb": "/tmp/rna_inf_z77bx91f/PZ35_Dfold2_5_solution_normalized.pdb",
  "native_index": null,
  "model_pdb": "/tmp/rna_inf_g66hhzx_/PZ35_Dfold2_5_refined_normalized.pdb",
  "model_index": null,
  "rmsd": 20.911015257192634,
  "inf_all": 0.4646031596277006,
  "inf_wc": 0.0,
  "inf_nwc": 0.0,
  "inf_stack": 0.6608007883929171
}
{
  "native_pdb": "/tmp/rna_inf_yhwxhw7t/PZ35_Dfold2_6_solution_normalized.pdb",
  "native_index": null,
  "model_pdb": "/tmp/rna_inf_cxw3iitb/PZ35_Dfold2_6_refined_normalized.pdb",
  "model_index": null,
  "rmsd": 24.264795673667123,
  "inf_all": 0.48733971724044817,
  "inf_wc": 0.21398024625545645,
  "inf_nwc": 0.0,
  "inf_stack": 0.6347327646930767
}
{
  "native_pdb": "/tmp/rna_inf_2jh9q3mm/PZ35_Dfold2_7_solution_normalized.pdb",
  "native_index": null,
  "model_pdb": "/tmp/rna_inf_mhvzizwo/PZ35_Dfold2_7_refined_normalized.pdb",
  "model_index": null,
  "rmsd": 28.882858920601425,
  "inf_all": 0.423850354260814,
  "inf_wc": 0.0,
  "inf_nwc": 0.0,
  "inf_stack": 0.6095514542075675
}
{
  "native_pdb": "/tmp/rna_inf_phbz3eyh/PZ35_Dfold2_8_solution_normalized.pdb",
  "native_index": null,
  "model_pdb": "/tmp/rna_inf_rk1eeqzt/PZ35_Dfold2_8_refined_normalized.pdb",
  "model_index": null,
  "rmsd": 20.14643277856472,
  "inf_all": 0.5445327701173301,
  "inf_wc": 0.2503130871608794,
  "inf_nwc": 0.0,
  "inf_stack": 0.6868028197434451
}
{
  "native_pdb": "/tmp/rna_inf_7jttondu/PZ35_Ding_1_solution_normalized.pdb",
  "native_index": null,
  "model_pdb": "/tmp/rna_inf_l_hrj3ag/PZ35_Ding_1_refined_normalized.pdb",
  "model_index": null,
  "rmsd": 16.49543521582248,
  "inf_all": 0.5885634057525945,
  "inf_wc": 0.5821817364274595,
  "inf_nwc": 0.0,
  "inf_stack": 0.6216965298164535
}
{
  "native_pdb": "/tmp/rna_inf_2o9p1c7b/PZ35_Ding_2_solution_normalized.pdb",
  "native_index": null,
  "model_pdb": "/tmp/rna_inf_bw2s6arf/PZ35_Ding_2_refined_normalized.pdb",
  "model_index": null,
  "rmsd": 17.066642851025286,
  "inf_all": 0.5463695972893305,
  "inf_wc": 0.5821817364274595,
  "inf_nwc": -1.0,
  "inf_stack": 0.5427550826405932
}
{
  "native_pdb": "/tmp/rna_inf_ouo7y9gz/PZ35_Ding_3_solution_normalized.pdb",
  "native_index": null,
  "model_pdb": "/tmp/rna_inf_vecsmzyy/PZ35_Ding_3_refined_normalized.pdb",
  "model_index": null,
  "rmsd": 15.591406826839787,
  "inf_all": 0.6023470332692291,
  "inf_wc": 0.5821817364274595,
  "inf_nwc": -1.0,
  "inf_stack": 0.6269623282193989
}
{
  "native_pdb": "/tmp/rna_inf_kbv4c494/PZ35_Ding_4_solution_normalized.pdb",
  "native_index": null,
  "model_pdb": "/tmp/rna_inf_bipoq053/PZ35_Ding_4_refined_normalized.pdb",
  "model_index": null,
  "rmsd": 16.734889807254994,
  "inf_all": 0.5839971160707451,
  "inf_wc": 0.5657789498610037,
  "inf_nwc": 0.0,
  "inf_stack": 0.6167671393643105
}
{
  "native_pdb": "/tmp/rna_inf_bnzc1iiq/PZ35_Ding_5_solution_normalized.pdb",
  "native_index": null,
  "model_pdb": "/tmp/rna_inf_ka9bc3hu/PZ35_Ding_5_refined_normalized.pdb",
  "model_index": null,
  "rmsd": 17.42492509915266,
  "inf_all": 0.5885634057525945,
  "inf_wc": 0.5367450401216933,
  "inf_nwc": -1.0,
  "inf_stack": 0.6313358105322218
}
{
  "native_pdb": "/tmp/rna_inf_ff5pojui/PZ35_Ding_6_solution_normalized.pdb",
  "native_index": null,
  "model_pdb": "/tmp/rna_inf_h6u2vc5o/PZ35_Ding_6_refined_normalized.pdb",
  "model_index": null,
  "rmsd": 17.721855371976076,
  "inf_all": 0.5567491676038056,
  "inf_wc": 0.5821817364274595,
  "inf_nwc": -1.0,
  "inf_stack": 0.5572361522550865
}
{
  "native_pdb": "/tmp/rna_inf_jram4q4w/PZ35_Ding_7_solution_normalized.pdb",
  "native_index": null,
  "model_pdb": "/tmp/rna_inf__qmfjg1t/PZ35_Ding_7_refined_normalized.pdb",
  "model_index": null,
  "rmsd": 16.852192532735184,
  "inf_all": 0.6044705248269888,
  "inf_wc": 0.600099198148979,
  "inf_nwc": 0.0,
  "inf_stack": 0.6268906712869723
}
{
  "native_pdb": "/tmp/rna_inf_lfpyn1o9/PZ35_Dokholyan_1_solution_normalized.pdb",
  "native_index": null,
  "model_pdb": "/tmp/rna_inf_v4xkad5e/PZ35_Dokholyan_1_refined_normalized.pdb",
  "model_index": null,
  "rmsd": 16.161185301242387,
  "inf_all": 0.6437963064592142,
  "inf_wc": 0.816496580927726,
  "inf_nwc": 0.408248290463863,
  "inf_stack": 0.5938729247896879
}
{
  "native_pdb": "/tmp/rna_inf_115hxs0s/PZ35_Dokholyan_2_solution_normalized.pdb",
  "native_index": null,
  "model_pdb": "/tmp/rna_inf_1dmnz3nt/PZ35_Dokholyan_2_refined_normalized.pdb",
  "model_index": null,
  "rmsd": 24.93647344014361,
  "inf_all": 0.5987408170800917,
  "inf_wc": 0.6929348671835832,
  "inf_nwc": 0.0,
  "inf_stack": 0.6097123154391456
}
{
  "native_pdb": "/tmp/rna_inf_w7l9h957/PZ35_Nithin_1_solution_normalized.pdb",
  "native_index": null,
  "model_pdb": "/tmp/rna_inf_nm8ppc9x/PZ35_Nithin_1_refined_normalized.pdb",
  "model_index": null,
  "rmsd": 17.990748347092506,
  "inf_all": 0.7343418693075584,
  "inf_wc": 0.7200822998230956,
  "inf_nwc": -1.0,
  "inf_stack": 0.7541024264011942
}
{
  "native_pdb": "/tmp/rna_inf_8n0ugn4b/PZ35_Nithin_2_solution_normalized.pdb",
  "native_index": null,
  "model_pdb": "/tmp/rna_inf_fkcyb8eq/PZ35_Nithin_2_refined_normalized.pdb",
  "model_index": null,
  "rmsd": 18.121419163738878,
  "inf_all": 0.7108186533109109,
  "inf_wc": 0.7008766440504623,
  "inf_nwc": -1.0,
  "inf_stack": 0.729371944238245
}
{
  "native_pdb": "/tmp/rna_inf_a8wyo3dj/PZ35_Nithin_3_solution_normalized.pdb",
  "native_index": null,
  "model_pdb": "/tmp/rna_inf_6xygyhfz/PZ35_Nithin_3_refined_normalized.pdb",
  "model_index": null,
  "rmsd": 17.83559626975319,
  "inf_all": 0.7404360971988655,
  "inf_wc": 0.7509392614826383,
  "inf_nwc": 0.0,
  "inf_stack": 0.7601514248353713
}
{
  "native_pdb": "/tmp/rna_inf_naglkptt/PZ35_Nithin_4_solution_normalized.pdb",
  "native_index": null,
  "model_pdb": "/tmp/rna_inf_929bg5wa/PZ35_Nithin_4_refined_normalized.pdb",
  "model_index": null,
  "rmsd": 19.56092829505118,
  "inf_all": 0.7114914586232078,
  "inf_wc": 0.7637626158259733,
  "inf_nwc": 0.0,
  "inf_stack": 0.7130504285145383
}
{
  "native_pdb": "/tmp/rna_inf_w8ctw5f5/PZ35_Nithin_5_solution_normalized.pdb",
  "native_index": null,
  "model_pdb": "/tmp/rna_inf_vvsqkyga/PZ35_Nithin_5_refined_normalized.pdb",
  "model_index": null,
  "rmsd": 16.62594319616563,
  "inf_all": 0.7886165851800561,
  "inf_wc": 0.7715167498104596,
  "inf_nwc": -1.0,
  "inf_stack": 0.810108409885382
}
{
  "native_pdb": "/tmp/rna_inf_oa2rls60/PZ35_RNAComposer_1_solution_normalized.pdb",
  "native_index": null,
  "model_pdb": "/tmp/rna_inf_umcb7n53/PZ35_RNAComposer_1_refined_normalized.pdb",
  "model_index": null,
  "rmsd": 18.16963495604193,
  "inf_all": 0.6426845869171515,
  "inf_wc": 0.7888106377466155,
  "inf_nwc": 0.0,
  "inf_stack": 0.6121731929914168
}
{
  "native_pdb": "/tmp/rna_inf_lha7m7qp/PZ35_RNAComposer_2_solution_normalized.pdb",
  "native_index": null,
  "model_pdb": "/tmp/rna_inf_u6kwfqsn/PZ35_RNAComposer_2_refined_normalized.pdb",
  "model_index": null,
  "rmsd": 25.81484003935288,
  "inf_all": 0.6270025684125163,
  "inf_wc": 0.7581753965757456,
  "inf_nwc": -1.0,
  "inf_stack": 0.5815711628599723
}
{
  "native_pdb": "/tmp/rna_inf_vx320rp8/PZ35_RNAComposer_3_solution_normalized.pdb",
  "native_index": null,
  "model_pdb": "/tmp/rna_inf_gaogw9rb/PZ35_RNAComposer_3_refined_normalized.pdb",
  "model_index": null,
  "rmsd": 18.09521558900094,
  "inf_all": 0.6813299687492027,
  "inf_wc": 0.8183170883849714,
  "inf_nwc": 0.0,
  "inf_stack": 0.6556179570911533
}
{
  "native_pdb": "/tmp/rna_inf_6kqrijd2/PZ35_RNAComposer_4_solution_normalized.pdb",
  "native_index": null,
  "model_pdb": "/tmp/rna_inf_t5t8uz3j/PZ35_RNAComposer_4_refined_normalized.pdb",
  "model_index": null,
  "rmsd": 18.569505762081445,
  "inf_all": 0.7137742529753551,
  "inf_wc": 0.8183170883849714,
  "inf_nwc": -1.0,
  "inf_stack": 0.683157128775741
}
{
  "native_pdb": "/tmp/rna_inf_z82llim3/PZ35_RNAComposer_5_solution_normalized.pdb",
  "native_index": null,
  "model_pdb": "/tmp/rna_inf_t1tyeljk/PZ35_RNAComposer_5_refined_normalized.pdb",
  "model_index": null,
  "rmsd": 20.245616236197822,
  "inf_all": 0.7046340397452968,
  "inf_wc": 0.8183170883849714,
  "inf_nwc": -1.0,
  "inf_stack": 0.6695193398023346
}
{
  "native_pdb": "/tmp/rna_inf_4hefz0v4/PZ35_SimRNA_1_solution_normalized.pdb",
  "native_index": null,
  "model_pdb": "/tmp/rna_inf_6ildl5p4/PZ35_SimRNA_1_refined_normalized.pdb",
  "model_index": null,
  "rmsd": 8.054268207728775,
  "inf_all": 0.7392284758051435,
  "inf_wc": 0.8987170342729172,
  "inf_nwc": 0.0,
  "inf_stack": 0.7047938689274998
}
{
  "native_pdb": "/tmp/rna_inf_ksqbfhvx/PZ35_SimRNA_2_solution_normalized.pdb",
  "native_index": null,
  "model_pdb": "/tmp/rna_inf_y4im30k0/PZ35_SimRNA_2_refined_normalized.pdb",
  "model_index": null,
  "rmsd": 7.833112551793573,
  "inf_all": 0.745113954502803,
  "inf_wc": 0.9304842103984708,
  "inf_nwc": 0.0,
  "inf_stack": 0.7116700695043587
}
{
  "native_pdb": "/tmp/rna_inf_o3wjz3an/PZ35_SimRNA_3_solution_normalized.pdb",
  "native_index": null,
  "model_pdb": "/tmp/rna_inf_b4c_cstk/PZ35_SimRNA_3_refined_normalized.pdb",
  "model_index": null,
  "rmsd": 11.535927958565937,
  "inf_all": 0.78230849346493,
  "inf_wc": 0.9304842103984708,
  "inf_nwc": 0.0,
  "inf_stack": 0.7663886105924606
}
{
  "native_pdb": "/tmp/rna_inf_bturiqns/PZ35_SimRNA_4_solution_normalized.pdb",
  "native_index": null,
  "model_pdb": "/tmp/rna_inf_e896flgj/PZ35_SimRNA_4_refined_normalized.pdb",
  "model_index": null,
  "rmsd": 7.717664455377017,
  "inf_all": 0.7438343052617368,
  "inf_wc": 1.0,
  "inf_nwc": 0.0,
  "inf_stack": 0.7047938689274998
}
{
  "native_pdb": "/tmp/rna_inf_d55etuhz/PZ35_SimRNA_5_solution_normalized.pdb",
  "native_index": null,
  "model_pdb": "/tmp/rna_inf_axvf29rz/PZ35_SimRNA_5_refined_normalized.pdb",
  "model_index": null,
  "rmsd": 7.790755641685793,
  "inf_all": 0.7518302589574766,
  "inf_wc": 0.9100315103865801,
  "inf_nwc": -1.0,
  "inf_stack": 0.6993258208972302
}
{
  "native_pdb": "/tmp/rna_inf_q4rdjenr/PZ35_Szachniuk_1_solution_normalized.pdb",
  "native_index": null,
  "model_pdb": "/tmp/rna_inf_3zugpfo5/PZ35_Szachniuk_1_refined_normalized.pdb",
  "model_index": null,
  "rmsd": 14.097465598522664,
  "inf_all": 0.7317509215846362,
  "inf_wc": 0.7888106377466155,
  "inf_nwc": 0.0,
  "inf_stack": 0.7331551367789388
}
{
  "native_pdb": "/tmp/rna_inf_f_osyjlr/PZ35_Szachniuk_2_solution_normalized.pdb",
  "native_index": null,
  "model_pdb": "/tmp/rna_inf_j3y9vmwm/PZ35_Szachniuk_2_refined_normalized.pdb",
  "model_index": null,
  "rmsd": 14.111524430273393,
  "inf_all": 0.7317509215846362,
  "inf_wc": 0.7888106377466155,
  "inf_nwc": 0.0,
  "inf_stack": 0.7331551367789388
}
{
  "native_pdb": "/tmp/rna_inf_zz56axch/PZ35_Szachniuk_3_solution_normalized.pdb",
  "native_index": null,
  "model_pdb": "/tmp/rna_inf_0jz5jlzh/PZ35_Szachniuk_3_refined_normalized.pdb",
  "model_index": null,
  "rmsd": 13.111315539422012,
  "inf_all": 0.7530940414109725,
  "inf_wc": 0.7888106377466155,
  "inf_nwc": 0.0,
  "inf_stack": 0.7630270261187352
}
{
  "native_pdb": "/tmp/rna_inf_k3hkb8iy/PZ35_Szachniuk_4_solution_normalized.pdb",
  "native_index": null,
  "model_pdb": "/tmp/rna_inf_h5ve19gp/PZ35_Szachniuk_4_refined_normalized.pdb",
  "model_index": null,
  "rmsd": 8.80400170318169,
  "inf_all": 0.6712198316335474,
  "inf_wc": 0.7409585736349483,
  "inf_nwc": 0.0,
  "inf_stack": 0.6733270173082295
}
