2026-03-10 00:36:37 	 START case: PZ36
2026-03-10 00:36:37 	 caseDir: D:\Studia\Projekty\gsp-lab\data\finished\PZ36
2026-03-10 00:36:37 	 pdbDir: D:\Studia\Projekty\gsp-lab\data\finished\PZ36\pdb
2026-03-10 00:36:37 	 Found pdb count: 67
2026-03-10 00:36:37 	 Global solution: PZ36_solution_0.pdb
2026-03-10 00:36:37 	 RUN refined_pair target=PZ36_Bujnicki_1_solution.pdb model=PZ36_Bujnicki_1_refined.pdb -> id=Bujnicki_1
2026-03-10 00:36:37 	 Docker cmd: docker run --rm -v D:\Studia\Projekty\gsp-lab:/work -v D:\Studia\Projekty\RNA_assessment:/rna_assessment -e RNA_ASSESSMENT_ROOT=/rna_assessment -e PYTHONPATH=/rna_assessment mcannotate-runtime python3 /work/src/utils/INF.py /work/data/finished/PZ36/pdb/PZ36_Bujnicki_1_solution.pdb /work/data/finished/PZ36/pdb/PZ36_Bujnicki_1_refined.pdb
2026-03-10 00:36:42 	 Docker exit code: 0
2026-03-10 00:36:42 	 Docker output length: 355
2026-03-10 00:36:42 	 Saved CSV: PZ36,Bujnicki_1,Bujnicki,1,refined_pair,0.670154048787627,0.5834599659915782,0.5,PZ36_Bujnicki_1_solution.pdb,PZ36_Bujnicki_1_refined.pdb
2026-03-10 00:36:42 	 RUN refined_pair target=PZ36_Bujnicki_2_solution.pdb model=PZ36_Bujnicki_2_refined.pdb -> id=Bujnicki_2
2026-03-10 00:36:42 	 Docker cmd: docker run --rm -v D:\Studia\Projekty\gsp-lab:/work -v D:\Studia\Projekty\RNA_assessment:/rna_assessment -e RNA_ASSESSMENT_ROOT=/rna_assessment -e PYTHONPATH=/rna_assessment mcannotate-runtime python3 /work/src/utils/INF.py /work/data/finished/PZ36/pdb/PZ36_Bujnicki_2_solution.pdb /work/data/finished/PZ36/pdb/PZ36_Bujnicki_2_refined.pdb
2026-03-10 00:36:45 	 Docker exit code: 0
2026-03-10 00:36:45 	 Docker output length: 357
2026-03-10 00:36:45 	 Saved CSV: PZ36,Bujnicki_2,Bujnicki,2,refined_pair,0.6874649261535879,0.5957446808510638,0,PZ36_Bujnicki_2_solution.pdb,PZ36_Bujnicki_2_refined.pdb
2026-03-10 00:36:45 	 RUN refined_pair target=PZ36_Bujnicki_3_solution.pdb model=PZ36_Bujnicki_3_refined.pdb -> id=Bujnicki_3
2026-03-10 00:36:45 	 Docker cmd: docker run --rm -v D:\Studia\Projekty\gsp-lab:/work -v D:\Studia\Projekty\RNA_assessment:/rna_assessment -e RNA_ASSESSMENT_ROOT=/rna_assessment -e PYTHONPATH=/rna_assessment mcannotate-runtime python3 /work/src/utils/INF.py /work/data/finished/PZ36/pdb/PZ36_Bujnicki_3_solution.pdb /work/data/finished/PZ36/pdb/PZ36_Bujnicki_3_refined.pdb
2026-03-10 00:36:48 	 Docker exit code: 0
2026-03-10 00:36:48 	 Docker output length: 356
2026-03-10 00:36:48 	 Saved CSV: PZ36,Bujnicki_3,Bujnicki,3,refined_pair,0.7503369471576767,0.8663938468573864,0.5,PZ36_Bujnicki_3_solution.pdb,PZ36_Bujnicki_3_refined.pdb
2026-03-10 00:36:48 	 RUN refined_pair target=PZ36_Bujnicki_4_solution.pdb model=PZ36_Bujnicki_4_refined.pdb -> id=Bujnicki_4
2026-03-10 00:36:48 	 Docker cmd: docker run --rm -v D:\Studia\Projekty\gsp-lab:/work -v D:\Studia\Projekty\RNA_assessment:/rna_assessment -e RNA_ASSESSMENT_ROOT=/rna_assessment -e PYTHONPATH=/rna_assessment mcannotate-runtime python3 /work/src/utils/INF.py /work/data/finished/PZ36/pdb/PZ36_Bujnicki_4_solution.pdb /work/data/finished/PZ36/pdb/PZ36_Bujnicki_4_refined.pdb
2026-03-10 00:36:51 	 Docker exit code: 0
2026-03-10 00:36:51 	 Docker output length: 357
2026-03-10 00:36:51 	 Saved CSV: PZ36,Bujnicki_4,Bujnicki,4,refined_pair,0.6245206088698626,0.6105601427732262,0,PZ36_Bujnicki_4_solution.pdb,PZ36_Bujnicki_4_refined.pdb
2026-03-10 00:36:51 	 RUN refined_pair target=PZ36_Bujnicki_5_solution.pdb model=PZ36_Bujnicki_5_refined.pdb -> id=Bujnicki_5
2026-03-10 00:36:51 	 Docker cmd: docker run --rm -v D:\Studia\Projekty\gsp-lab:/work -v D:\Studia\Projekty\RNA_assessment:/rna_assessment -e RNA_ASSESSMENT_ROOT=/rna_assessment -e PYTHONPATH=/rna_assessment mcannotate-runtime python3 /work/src/utils/INF.py /work/data/finished/PZ36/pdb/PZ36_Bujnicki_5_solution.pdb /work/data/finished/PZ36/pdb/PZ36_Bujnicki_5_refined.pdb
2026-03-10 00:36:56 	 Docker exit code: 0
2026-03-10 00:36:56 	 Docker output length: 356
2026-03-10 00:36:56 	 Saved CSV: PZ36,Bujnicki_5,Bujnicki,5,refined_pair,0.6014585979814225,0.6068350455470511,0,PZ36_Bujnicki_5_solution.pdb,PZ36_Bujnicki_5_refined.pdb
2026-03-10 00:36:57 	 RUN refined_pair target=PZ36_Chen_1_solution.pdb model=PZ36_Chen_1_refined.pdb -> id=Chen_1
2026-03-10 00:36:57 	 Docker cmd: docker run --rm -v D:\Studia\Projekty\gsp-lab:/work -v D:\Studia\Projekty\RNA_assessment:/rna_assessment -e RNA_ASSESSMENT_ROOT=/rna_assessment -e PYTHONPATH=/rna_assessment mcannotate-runtime python3 /work/src/utils/INF.py /work/data/finished/PZ36/pdb/PZ36_Chen_1_solution.pdb /work/data/finished/PZ36/pdb/PZ36_Chen_1_refined.pdb
2026-03-10 00:37:00 	 Docker exit code: 0
2026-03-10 00:37:00 	 Docker output length: 347
2026-03-10 00:37:00 	 Saved CSV: PZ36,Chen_1,Chen,1,refined_pair,0.8271604938271605,0.9191332914813752,0,PZ36_Chen_1_solution.pdb,PZ36_Chen_1_refined.pdb
2026-03-10 00:37:00 	 RUN refined_pair target=PZ36_Chen_10_solution.pdb model=PZ36_Chen_10_refined.pdb -> id=Chen_10
2026-03-10 00:37:00 	 Docker cmd: docker run --rm -v D:\Studia\Projekty\gsp-lab:/work -v D:\Studia\Projekty\RNA_assessment:/rna_assessment -e RNA_ASSESSMENT_ROOT=/rna_assessment -e PYTHONPATH=/rna_assessment mcannotate-runtime python3 /work/src/utils/INF.py /work/data/finished/PZ36/pdb/PZ36_Chen_10_solution.pdb /work/data/finished/PZ36/pdb/PZ36_Chen_10_refined.pdb
2026-03-10 00:37:03 	 Docker exit code: 0
2026-03-10 00:37:03 	 Docker output length: 351
2026-03-10 00:37:03 	 Saved CSV: PZ36,Chen_10,Chen,10,refined_pair,0.7067969492852362,0.6316139407998892,0,PZ36_Chen_10_solution.pdb,PZ36_Chen_10_refined.pdb
2026-03-10 00:37:03 	 RUN refined_pair target=PZ36_Chen_2_solution.pdb model=PZ36_Chen_2_refined.pdb -> id=Chen_2
2026-03-10 00:37:03 	 Docker cmd: docker run --rm -v D:\Studia\Projekty\gsp-lab:/work -v D:\Studia\Projekty\RNA_assessment:/rna_assessment -e RNA_ASSESSMENT_ROOT=/rna_assessment -e PYTHONPATH=/rna_assessment mcannotate-runtime python3 /work/src/utils/INF.py /work/data/finished/PZ36/pdb/PZ36_Chen_2_solution.pdb /work/data/finished/PZ36/pdb/PZ36_Chen_2_refined.pdb
2026-03-10 00:37:06 	 Docker exit code: 0
2026-03-10 00:37:06 	 Docker output length: 349
2026-03-10 00:37:06 	 Saved CSV: PZ36,Chen_2,Chen,2,refined_pair,0.8088767954424438,0.8960278049156379,-1,PZ36_Chen_2_solution.pdb,PZ36_Chen_2_refined.pdb
2026-03-10 00:37:06 	 RUN refined_pair target=PZ36_Chen_3_solution.pdb model=PZ36_Chen_3_refined.pdb -> id=Chen_3
2026-03-10 00:37:06 	 Docker cmd: docker run --rm -v D:\Studia\Projekty\gsp-lab:/work -v D:\Studia\Projekty\RNA_assessment:/rna_assessment -e RNA_ASSESSMENT_ROOT=/rna_assessment -e PYTHONPATH=/rna_assessment mcannotate-runtime python3 /work/src/utils/INF.py /work/data/finished/PZ36/pdb/PZ36_Chen_3_solution.pdb /work/data/finished/PZ36/pdb/PZ36_Chen_3_refined.pdb
2026-03-10 00:37:09 	 Docker exit code: 0
2026-03-10 00:37:09 	 Docker output length: 347
2026-03-10 00:37:09 	 Saved CSV: PZ36,Chen_3,Chen,3,refined_pair,0.7085509913565593,0.618852747755276,0,PZ36_Chen_3_solution.pdb,PZ36_Chen_3_refined.pdb
2026-03-10 00:37:09 	 RUN refined_pair target=PZ36_Chen_4_solution.pdb model=PZ36_Chen_4_refined.pdb -> id=Chen_4
2026-03-10 00:37:09 	 Docker cmd: docker run --rm -v D:\Studia\Projekty\gsp-lab:/work -v D:\Studia\Projekty\RNA_assessment:/rna_assessment -e RNA_ASSESSMENT_ROOT=/rna_assessment -e PYTHONPATH=/rna_assessment mcannotate-runtime python3 /work/src/utils/INF.py /work/data/finished/PZ36/pdb/PZ36_Chen_4_solution.pdb /work/data/finished/PZ36/pdb/PZ36_Chen_4_refined.pdb
2026-03-10 00:37:12 	 Docker exit code: 0
2026-03-10 00:37:12 	 Docker output length: 350
2026-03-10 00:37:12 	 Saved CSV: PZ36,Chen_4,Chen,4,refined_pair,0.8261028916874222,0.9191332914813752,-1,PZ36_Chen_4_solution.pdb,PZ36_Chen_4_refined.pdb
2026-03-10 00:37:12 	 RUN refined_pair target=PZ36_Chen_5_solution.pdb model=PZ36_Chen_5_refined.pdb -> id=Chen_5
2026-03-10 00:37:12 	 Docker cmd: docker run --rm -v D:\Studia\Projekty\gsp-lab:/work -v D:\Studia\Projekty\RNA_assessment:/rna_assessment -e RNA_ASSESSMENT_ROOT=/rna_assessment -e PYTHONPATH=/rna_assessment mcannotate-runtime python3 /work/src/utils/INF.py /work/data/finished/PZ36/pdb/PZ36_Chen_5_solution.pdb /work/data/finished/PZ36/pdb/PZ36_Chen_5_refined.pdb
2026-03-10 00:37:16 	 Docker exit code: 0
2026-03-10 00:37:16 	 Docker output length: 347
2026-03-10 00:37:16 	 Saved CSV: PZ36,Chen_5,Chen,5,refined_pair,0.8151471581978116,0.8870222717825623,0,PZ36_Chen_5_solution.pdb,PZ36_Chen_5_refined.pdb
2026-03-10 00:37:16 	 RUN refined_pair target=PZ36_Chen_6_solution.pdb model=PZ36_Chen_6_refined.pdb -> id=Chen_6
2026-03-10 00:37:16 	 Docker cmd: docker run --rm -v D:\Studia\Projekty\gsp-lab:/work -v D:\Studia\Projekty\RNA_assessment:/rna_assessment -e RNA_ASSESSMENT_ROOT=/rna_assessment -e PYTHONPATH=/rna_assessment mcannotate-runtime python3 /work/src/utils/INF.py /work/data/finished/PZ36/pdb/PZ36_Chen_6_solution.pdb /work/data/finished/PZ36/pdb/PZ36_Chen_6_refined.pdb
2026-03-10 00:37:19 	 Docker exit code: 0
2026-03-10 00:37:19 	 Docker output length: 347
2026-03-10 00:37:19 	 Saved CSV: PZ36,Chen_6,Chen,6,refined_pair,0.710311395183256,0.6251356778481195,0,PZ36_Chen_6_solution.pdb,PZ36_Chen_6_refined.pdb
2026-03-10 00:37:19 	 RUN refined_pair target=PZ36_Chen_7_solution.pdb model=PZ36_Chen_7_refined.pdb -> id=Chen_7
2026-03-10 00:37:19 	 Docker cmd: docker run --rm -v D:\Studia\Projekty\gsp-lab:/work -v D:\Studia\Projekty\RNA_assessment:/rna_assessment -e RNA_ASSESSMENT_ROOT=/rna_assessment -e PYTHONPATH=/rna_assessment mcannotate-runtime python3 /work/src/utils/INF.py /work/data/finished/PZ36/pdb/PZ36_Chen_7_solution.pdb /work/data/finished/PZ36/pdb/PZ36_Chen_7_refined.pdb
2026-03-10 00:37:24 	 Docker exit code: 0
2026-03-10 00:37:24 	 Docker output length: 347
2026-03-10 00:37:24 	 Saved CSV: PZ36,Chen_7,Chen,7,refined_pair,0.802606432687076,0.8870222717825623,0,PZ36_Chen_7_solution.pdb,PZ36_Chen_7_refined.pdb
2026-03-10 00:37:24 	 RUN refined_pair target=PZ36_Chen_8_solution.pdb model=PZ36_Chen_8_refined.pdb -> id=Chen_8
2026-03-10 00:37:24 	 Docker cmd: docker run --rm -v D:\Studia\Projekty\gsp-lab:/work -v D:\Studia\Projekty\RNA_assessment:/rna_assessment -e RNA_ASSESSMENT_ROOT=/rna_assessment -e PYTHONPATH=/rna_assessment mcannotate-runtime python3 /work/src/utils/INF.py /work/data/finished/PZ36/pdb/PZ36_Chen_8_solution.pdb /work/data/finished/PZ36/pdb/PZ36_Chen_8_refined.pdb
2026-03-10 00:37:27 	 Docker exit code: 0
2026-03-10 00:37:27 	 Docker output length: 348
2026-03-10 00:37:27 	 Saved CSV: PZ36,Chen_8,Chen,8,refined_pair,0.7073651794342322,0.6251356778481195,0,PZ36_Chen_8_solution.pdb,PZ36_Chen_8_refined.pdb
2026-03-10 00:37:27 	 RUN refined_pair target=PZ36_Chen_9_solution.pdb model=PZ36_Chen_9_refined.pdb -> id=Chen_9
2026-03-10 00:37:27 	 Docker cmd: docker run --rm -v D:\Studia\Projekty\gsp-lab:/work -v D:\Studia\Projekty\RNA_assessment:/rna_assessment -e RNA_ASSESSMENT_ROOT=/rna_assessment -e PYTHONPATH=/rna_assessment mcannotate-runtime python3 /work/src/utils/INF.py /work/data/finished/PZ36/pdb/PZ36_Chen_9_solution.pdb /work/data/finished/PZ36/pdb/PZ36_Chen_9_refined.pdb
2026-03-10 00:37:30 	 Docker exit code: 0
2026-03-10 00:37:30 	 Docker output length: 348
2026-03-10 00:37:30 	 Saved CSV: PZ36,Chen_9,Chen,9,refined_pair,0.7902097499986016,0.8723404255319149,0,PZ36_Chen_9_solution.pdb,PZ36_Chen_9_refined.pdb
2026-03-10 00:37:30 	 RUN refined_pair target=PZ36_Ding_1_solution.pdb model=PZ36_Ding_1_refined.pdb -> id=Ding_1
2026-03-10 00:37:30 	 Docker cmd: docker run --rm -v D:\Studia\Projekty\gsp-lab:/work -v D:\Studia\Projekty\RNA_assessment:/rna_assessment -e RNA_ASSESSMENT_ROOT=/rna_assessment -e PYTHONPATH=/rna_assessment mcannotate-runtime python3 /work/src/utils/INF.py /work/data/finished/PZ36/pdb/PZ36_Ding_1_solution.pdb /work/data/finished/PZ36/pdb/PZ36_Ding_1_refined.pdb
2026-03-10 00:37:34 	 Docker exit code: 0
2026-03-10 00:37:34 	 Docker output length: 349
2026-03-10 00:37:34 	 Saved CSV: PZ36,Ding_1,Ding,1,refined_pair,0.5809475019311126,0.4951640502669781,0,PZ36_Ding_1_solution.pdb,PZ36_Ding_1_refined.pdb
2026-03-10 00:37:34 	 RUN refined_pair target=PZ36_Ding_2_solution.pdb model=PZ36_Ding_2_refined.pdb -> id=Ding_2
2026-03-10 00:37:34 	 Docker cmd: docker run --rm -v D:\Studia\Projekty\gsp-lab:/work -v D:\Studia\Projekty\RNA_assessment:/rna_assessment -e RNA_ASSESSMENT_ROOT=/rna_assessment -e PYTHONPATH=/rna_assessment mcannotate-runtime python3 /work/src/utils/INF.py /work/data/finished/PZ36/pdb/PZ36_Ding_2_solution.pdb /work/data/finished/PZ36/pdb/PZ36_Ding_2_refined.pdb
2026-03-10 00:37:39 	 Docker exit code: 0
2026-03-10 00:37:39 	 Docker output length: 350
2026-03-10 00:37:39 	 Saved CSV: PZ36,Ding_2,Ding,2,refined_pair,0.5341799709115684,0.5239465423517419,-1,PZ36_Ding_2_solution.pdb,PZ36_Ding_2_refined.pdb
2026-03-10 00:37:39 	 RUN refined_pair target=PZ36_Ding_3_solution.pdb model=PZ36_Ding_3_refined.pdb -> id=Ding_3
2026-03-10 00:37:39 	 Docker cmd: docker run --rm -v D:\Studia\Projekty\gsp-lab:/work -v D:\Studia\Projekty\RNA_assessment:/rna_assessment -e RNA_ASSESSMENT_ROOT=/rna_assessment -e PYTHONPATH=/rna_assessment mcannotate-runtime python3 /work/src/utils/INF.py /work/data/finished/PZ36/pdb/PZ36_Ding_3_solution.pdb /work/data/finished/PZ36/pdb/PZ36_Ding_3_refined.pdb
2026-03-10 00:37:42 	 Docker exit code: 0
2026-03-10 00:37:42 	 Docker output length: 349
2026-03-10 00:37:42 	 Saved CSV: PZ36,Ding_3,Ding,3,refined_pair,0.5065302863162745,0.4783859734515904,0,PZ36_Ding_3_solution.pdb,PZ36_Ding_3_refined.pdb
2026-03-10 00:37:42 	 RUN refined_pair target=PZ36_Ding_4_solution.pdb model=PZ36_Ding_4_refined.pdb -> id=Ding_4
2026-03-10 00:37:42 	 Docker cmd: docker run --rm -v D:\Studia\Projekty\gsp-lab:/work -v D:\Studia\Projekty\RNA_assessment:/rna_assessment -e RNA_ASSESSMENT_ROOT=/rna_assessment -e PYTHONPATH=/rna_assessment mcannotate-runtime python3 /work/src/utils/INF.py /work/data/finished/PZ36/pdb/PZ36_Ding_4_solution.pdb /work/data/finished/PZ36/pdb/PZ36_Ding_4_refined.pdb
2026-03-10 00:37:46 	 Docker exit code: 0
2026-03-10 00:37:46 	 Docker output length: 349
2026-03-10 00:37:46 	 Saved CSV: PZ36,Ding_4,Ding,4,refined_pair,0.5367709004247088,0.5073921644158869,0,PZ36_Ding_4_solution.pdb,PZ36_Ding_4_refined.pdb
2026-03-10 00:37:46 	 RUN refined_pair target=PZ36_Nithin_1_solution.pdb model=PZ36_Nithin_1_refined.pdb -> id=Nithin_1
2026-03-10 00:37:46 	 Docker cmd: docker run --rm -v D:\Studia\Projekty\gsp-lab:/work -v D:\Studia\Projekty\RNA_assessment:/rna_assessment -e RNA_ASSESSMENT_ROOT=/rna_assessment -e PYTHONPATH=/rna_assessment mcannotate-runtime python3 /work/src/utils/INF.py /work/data/finished/PZ36/pdb/PZ36_Nithin_1_solution.pdb /work/data/finished/PZ36/pdb/PZ36_Nithin_1_refined.pdb
2026-03-10 00:37:51 	 Docker exit code: 0
2026-03-10 00:37:51 	 Docker output length: 430
2026-03-10 00:37:51 	 Saved CSV: PZ36,Nithin_1,Nithin,1,refined_pair,0.5368232999515357,0.5717393462736052,0,PZ36_Nithin_1_solution.pdb,PZ36_Nithin_1_refined.pdb
2026-03-10 00:37:51 	 RUN refined_pair target=PZ36_Nithin_2_solution.pdb model=PZ36_Nithin_2_refined.pdb -> id=Nithin_2
2026-03-10 00:37:51 	 Docker cmd: docker run --rm -v D:\Studia\Projekty\gsp-lab:/work -v D:\Studia\Projekty\RNA_assessment:/rna_assessment -e RNA_ASSESSMENT_ROOT=/rna_assessment -e PYTHONPATH=/rna_assessment mcannotate-runtime python3 /work/src/utils/INF.py /work/data/finished/PZ36/pdb/PZ36_Nithin_2_solution.pdb /work/data/finished/PZ36/pdb/PZ36_Nithin_2_refined.pdb
2026-03-10 00:37:54 	 Docker exit code: 0
2026-03-10 00:37:54 	 Docker output length: 431
2026-03-10 00:37:54 	 Saved CSV: PZ36,Nithin_2,Nithin,2,refined_pair,0.5512654870631487,0.5765820050180531,0,PZ36_Nithin_2_solution.pdb,PZ36_Nithin_2_refined.pdb
2026-03-10 00:37:54 	 RUN refined_pair target=PZ36_Nithin_3_solution.pdb model=PZ36_Nithin_3_refined.pdb -> id=Nithin_3
2026-03-10 00:37:54 	 Docker cmd: docker run --rm -v D:\Studia\Projekty\gsp-lab:/work -v D:\Studia\Projekty\RNA_assessment:/rna_assessment -e RNA_ASSESSMENT_ROOT=/rna_assessment -e PYTHONPATH=/rna_assessment mcannotate-runtime python3 /work/src/utils/INF.py /work/data/finished/PZ36/pdb/PZ36_Nithin_3_solution.pdb /work/data/finished/PZ36/pdb/PZ36_Nithin_3_refined.pdb
2026-03-10 00:37:57 	 Docker exit code: 0
2026-03-10 00:37:57 	 Docker output length: 432
2026-03-10 00:37:57 	 Saved CSV: PZ36,Nithin_3,Nithin,3,refined_pair,0.5454822989541894,0.5695071112518932,0,PZ36_Nithin_3_solution.pdb,PZ36_Nithin_3_refined.pdb
2026-03-10 00:37:57 	 RUN refined_pair target=PZ36_Nithin_4_solution.pdb model=PZ36_Nithin_4_refined.pdb -> id=Nithin_4
2026-03-10 00:37:57 	 Docker cmd: docker run --rm -v D:\Studia\Projekty\gsp-lab:/work -v D:\Studia\Projekty\RNA_assessment:/rna_assessment -e RNA_ASSESSMENT_ROOT=/rna_assessment -e PYTHONPATH=/rna_assessment mcannotate-runtime python3 /work/src/utils/INF.py /work/data/finished/PZ36/pdb/PZ36_Nithin_4_solution.pdb /work/data/finished/PZ36/pdb/PZ36_Nithin_4_refined.pdb
2026-03-10 00:38:00 	 Docker exit code: 0
2026-03-10 00:38:00 	 Docker output length: 432
2026-03-10 00:38:00 	 Saved CSV: PZ36,Nithin_4,Nithin,4,refined_pair,0.5428294481836122,0.5561050666251613,0,PZ36_Nithin_4_solution.pdb,PZ36_Nithin_4_refined.pdb
2026-03-10 00:38:00 	 RUN refined_pair target=PZ36_Nithin_5_solution.pdb model=PZ36_Nithin_5_refined.pdb -> id=Nithin_5
2026-03-10 00:38:00 	 Docker cmd: docker run --rm -v D:\Studia\Projekty\gsp-lab:/work -v D:\Studia\Projekty\RNA_assessment:/rna_assessment -e RNA_ASSESSMENT_ROOT=/rna_assessment -e PYTHONPATH=/rna_assessment mcannotate-runtime python3 /work/src/utils/INF.py /work/data/finished/PZ36/pdb/PZ36_Nithin_5_solution.pdb /work/data/finished/PZ36/pdb/PZ36_Nithin_5_refined.pdb
2026-03-10 00:38:04 	 Docker exit code: 0
2026-03-10 00:38:04 	 Docker output length: 432
2026-03-10 00:38:04 	 Saved CSV: PZ36,Nithin_5,Nithin,5,refined_pair,0.6397441534976717,0.6236919707480434,0,PZ36_Nithin_5_solution.pdb,PZ36_Nithin_5_refined.pdb
2026-03-10 00:38:04 	 RUN refined_pair target=PZ36_RNAComposer_1_solution.pdb model=PZ36_RNAComposer_1_refined.pdb -> id=RNAComposer_1
2026-03-10 00:38:04 	 Docker cmd: docker run --rm -v D:\Studia\Projekty\gsp-lab:/work -v D:\Studia\Projekty\RNA_assessment:/rna_assessment -e RNA_ASSESSMENT_ROOT=/rna_assessment -e PYTHONPATH=/rna_assessment mcannotate-runtime python3 /work/src/utils/INF.py /work/data/finished/PZ36/pdb/PZ36_RNAComposer_1_solution.pdb /work/data/finished/PZ36/pdb/PZ36_RNAComposer_1_refined.pdb
2026-03-10 00:38:09 	 Docker exit code: 0
2026-03-10 00:38:09 	 Docker output length: 363
2026-03-10 00:38:09 	 Saved CSV: PZ36,RNAComposer_1,RNAComposer,1,refined_pair,0.6482037235521644,0.6157192959869594,0,PZ36_RNAComposer_1_solution.pdb,PZ36_RNAComposer_1_refined.pdb
2026-03-10 00:38:09 	 RUN refined_pair target=PZ36_RNAComposer_2_solution.pdb model=PZ36_RNAComposer_2_refined.pdb -> id=RNAComposer_2
2026-03-10 00:38:09 	 Docker cmd: docker run --rm -v D:\Studia\Projekty\gsp-lab:/work -v D:\Studia\Projekty\RNA_assessment:/rna_assessment -e RNA_ASSESSMENT_ROOT=/rna_assessment -e PYTHONPATH=/rna_assessment mcannotate-runtime python3 /work/src/utils/INF.py /work/data/finished/PZ36/pdb/PZ36_RNAComposer_2_solution.pdb /work/data/finished/PZ36/pdb/PZ36_RNAComposer_2_refined.pdb
2026-03-10 00:38:12 	 Docker exit code: 0
2026-03-10 00:38:12 	 Docker output length: 362
2026-03-10 00:38:12 	 Saved CSV: PZ36,RNAComposer_2,RNAComposer,2,refined_pair,0.6465100994122019,0.6228376746201808,0,PZ36_RNAComposer_2_solution.pdb,PZ36_RNAComposer_2_refined.pdb
2026-03-10 00:38:12 	 RUN refined_pair target=PZ36_RNAComposer_3_solution.pdb model=PZ36_RNAComposer_3_refined.pdb -> id=RNAComposer_3
2026-03-10 00:38:12 	 Docker cmd: docker run --rm -v D:\Studia\Projekty\gsp-lab:/work -v D:\Studia\Projekty\RNA_assessment:/rna_assessment -e RNA_ASSESSMENT_ROOT=/rna_assessment -e PYTHONPATH=/rna_assessment mcannotate-runtime python3 /work/src/utils/INF.py /work/data/finished/PZ36/pdb/PZ36_RNAComposer_3_solution.pdb /work/data/finished/PZ36/pdb/PZ36_RNAComposer_3_refined.pdb
2026-03-10 00:38:15 	 Docker exit code: 0
2026-03-10 00:38:15 	 Docker output length: 362
2026-03-10 00:38:15 	 Saved CSV: PZ36,RNAComposer_3,RNAComposer,3,refined_pair,0.6509445549041193,0.6382978723404256,0,PZ36_RNAComposer_3_solution.pdb,PZ36_RNAComposer_3_refined.pdb
2026-03-10 00:38:15 	 RUN refined_pair target=PZ36_RNAComposer_4_solution.pdb model=PZ36_RNAComposer_4_refined.pdb -> id=RNAComposer_4
2026-03-10 00:38:15 	 Docker cmd: docker run --rm -v D:\Studia\Projekty\gsp-lab:/work -v D:\Studia\Projekty\RNA_assessment:/rna_assessment -e RNA_ASSESSMENT_ROOT=/rna_assessment -e PYTHONPATH=/rna_assessment mcannotate-runtime python3 /work/src/utils/INF.py /work/data/finished/PZ36/pdb/PZ36_RNAComposer_4_solution.pdb /work/data/finished/PZ36/pdb/PZ36_RNAComposer_4_refined.pdb
2026-03-10 00:38:19 	 Docker exit code: 0
2026-03-10 00:38:19 	 Docker output length: 362
2026-03-10 00:38:20 	 Saved CSV: PZ36,RNAComposer_4,RNAComposer,4,refined_pair,0.6615238796532958,0.6377092708436366,0,PZ36_RNAComposer_4_solution.pdb,PZ36_RNAComposer_4_refined.pdb
2026-03-10 00:38:20 	 RUN refined_pair target=PZ36_RNAComposer_5_solution.pdb model=PZ36_RNAComposer_5_refined.pdb -> id=RNAComposer_5
2026-03-10 00:38:20 	 Docker cmd: docker run --rm -v D:\Studia\Projekty\gsp-lab:/work -v D:\Studia\Projekty\RNA_assessment:/rna_assessment -e RNA_ASSESSMENT_ROOT=/rna_assessment -e PYTHONPATH=/rna_assessment mcannotate-runtime python3 /work/src/utils/INF.py /work/data/finished/PZ36/pdb/PZ36_RNAComposer_5_solution.pdb /work/data/finished/PZ36/pdb/PZ36_RNAComposer_5_refined.pdb
2026-03-10 00:38:23 	 Docker exit code: 0
2026-03-10 00:38:23 	 Docker output length: 363
2026-03-10 00:38:23 	 Saved CSV: PZ36,RNAComposer_5,RNAComposer,5,refined_pair,0.6886738015477805,0.6377092708436366,0,PZ36_RNAComposer_5_solution.pdb,PZ36_RNAComposer_5_refined.pdb
2026-03-10 00:38:23 	 RUN refined_pair target=PZ36_Szachniuk_1_solution.pdb model=PZ36_Szachniuk_1_refined.pdb -> id=Szachniuk_1
2026-03-10 00:38:23 	 Docker cmd: docker run --rm -v D:\Studia\Projekty\gsp-lab:/work -v D:\Studia\Projekty\RNA_assessment:/rna_assessment -e RNA_ASSESSMENT_ROOT=/rna_assessment -e PYTHONPATH=/rna_assessment mcannotate-runtime python3 /work/src/utils/INF.py /work/data/finished/PZ36/pdb/PZ36_Szachniuk_1_solution.pdb /work/data/finished/PZ36/pdb/PZ36_Szachniuk_1_refined.pdb
2026-03-10 00:38:26 	 Docker exit code: 0
2026-03-10 00:38:26 	 Docker output length: 359
2026-03-10 00:38:26 	 Saved CSV: PZ36,Szachniuk_1,Szachniuk,1,refined_pair,0.6888746037685682,0.6451985904290104,0,PZ36_Szachniuk_1_solution.pdb,PZ36_Szachniuk_1_refined.pdb
2026-03-10 00:38:26 	 RUN refined_pair target=PZ36_Szachniuk_2_solution.pdb model=PZ36_Szachniuk_2_refined.pdb -> id=Szachniuk_2
2026-03-10 00:38:26 	 Docker cmd: docker run --rm -v D:\Studia\Projekty\gsp-lab:/work -v D:\Studia\Projekty\RNA_assessment:/rna_assessment -e RNA_ASSESSMENT_ROOT=/rna_assessment -e PYTHONPATH=/rna_assessment mcannotate-runtime python3 /work/src/utils/INF.py /work/data/finished/PZ36/pdb/PZ36_Szachniuk_2_solution.pdb /work/data/finished/PZ36/pdb/PZ36_Szachniuk_2_refined.pdb
2026-03-10 00:38:29 	 Docker exit code: 0
2026-03-10 00:38:29 	 Docker output length: 359
2026-03-10 00:38:29 	 Saved CSV: PZ36,Szachniuk_2,Szachniuk,2,refined_pair,0.6930561662891442,0.6451985904290104,0,PZ36_Szachniuk_2_solution.pdb,PZ36_Szachniuk_2_refined.pdb
2026-03-10 00:38:30 	 RUN refined_pair target=PZ36_Szachniuk_3_solution.pdb model=PZ36_Szachniuk_3_refined.pdb -> id=Szachniuk_3
2026-03-10 00:38:30 	 Docker cmd: docker run --rm -v D:\Studia\Projekty\gsp-lab:/work -v D:\Studia\Projekty\RNA_assessment:/rna_assessment -e RNA_ASSESSMENT_ROOT=/rna_assessment -e PYTHONPATH=/rna_assessment mcannotate-runtime python3 /work/src/utils/INF.py /work/data/finished/PZ36/pdb/PZ36_Szachniuk_3_solution.pdb /work/data/finished/PZ36/pdb/PZ36_Szachniuk_3_refined.pdb
2026-03-10 00:38:33 	 Docker exit code: 0
2026-03-10 00:38:33 	 Docker output length: 359
2026-03-10 00:38:33 	 Saved CSV: PZ36,Szachniuk_3,Szachniuk,3,refined_pair,0.6863921646902101,0.6451985904290104,0,PZ36_Szachniuk_3_solution.pdb,PZ36_Szachniuk_3_refined.pdb
2026-03-10 00:38:33 	 RUN refined_pair target=PZ36_Szachniuk_4_solution.pdb model=PZ36_Szachniuk_4_refined.pdb -> id=Szachniuk_4
2026-03-10 00:38:33 	 Docker cmd: docker run --rm -v D:\Studia\Projekty\gsp-lab:/work -v D:\Studia\Projekty\RNA_assessment:/rna_assessment -e RNA_ASSESSMENT_ROOT=/rna_assessment -e PYTHONPATH=/rna_assessment mcannotate-runtime python3 /work/src/utils/INF.py /work/data/finished/PZ36/pdb/PZ36_Szachniuk_4_solution.pdb /work/data/finished/PZ36/pdb/PZ36_Szachniuk_4_refined.pdb
2026-03-10 00:38:36 	 Docker exit code: 0
2026-03-10 00:38:36 	 Docker output length: 359
2026-03-10 00:38:36 	 Saved CSV: PZ36,Szachniuk_4,Szachniuk,4,refined_pair,0.6229414462559486,0.6316139407998892,0,PZ36_Szachniuk_4_solution.pdb,PZ36_Szachniuk_4_refined.pdb
2026-03-10 00:38:36 	 SKIP (model is a solution file): PZ36_Bujnicki_1_solution.pdb
2026-03-10 00:38:36 	 SKIP (model is a solution file): PZ36_Bujnicki_2_solution.pdb
2026-03-10 00:38:36 	 SKIP (model is a solution file): PZ36_Bujnicki_3_solution.pdb
2026-03-10 00:38:36 	 SKIP (model is a solution file): PZ36_Bujnicki_4_solution.pdb
2026-03-10 00:38:36 	 SKIP (model is a solution file): PZ36_Bujnicki_5_solution.pdb
2026-03-10 00:38:36 	 SKIP (model is a solution file): PZ36_Chen_1_solution.pdb
2026-03-10 00:38:36 	 SKIP (model is a solution file): PZ36_Chen_10_solution.pdb
2026-03-10 00:38:36 	 SKIP (model is a solution file): PZ36_Chen_2_solution.pdb
2026-03-10 00:38:36 	 SKIP (model is a solution file): PZ36_Chen_3_solution.pdb
2026-03-10 00:38:36 	 SKIP (model is a solution file): PZ36_Chen_4_solution.pdb
2026-03-10 00:38:36 	 SKIP (model is a solution file): PZ36_Chen_5_solution.pdb
2026-03-10 00:38:36 	 SKIP (model is a solution file): PZ36_Chen_6_solution.pdb
2026-03-10 00:38:36 	 SKIP (model is a solution file): PZ36_Chen_7_solution.pdb
2026-03-10 00:38:36 	 SKIP (model is a solution file): PZ36_Chen_8_solution.pdb
2026-03-10 00:38:36 	 SKIP (model is a solution file): PZ36_Chen_9_solution.pdb
2026-03-10 00:38:36 	 SKIP (model is a solution file): PZ36_Ding_1_solution.pdb
2026-03-10 00:38:36 	 SKIP (model is a solution file): PZ36_Ding_2_solution.pdb
2026-03-10 00:38:36 	 SKIP (model is a solution file): PZ36_Ding_3_solution.pdb
2026-03-10 00:38:36 	 SKIP (model is a solution file): PZ36_Ding_4_solution.pdb
2026-03-10 00:38:36 	 SKIP (model is a solution file): PZ36_Nithin_1_solution.pdb
2026-03-10 00:38:36 	 SKIP (model is a solution file): PZ36_Nithin_2_solution.pdb
2026-03-10 00:38:36 	 SKIP (model is a solution file): PZ36_Nithin_3_solution.pdb
2026-03-10 00:38:36 	 SKIP (model is a solution file): PZ36_Nithin_4_solution.pdb
2026-03-10 00:38:36 	 SKIP (model is a solution file): PZ36_Nithin_5_solution.pdb
2026-03-10 00:38:36 	 SKIP (model is a solution file): PZ36_RNAComposer_1_solution.pdb
2026-03-10 00:38:37 	 SKIP (model is a solution file): PZ36_RNAComposer_2_solution.pdb
2026-03-10 00:38:37 	 SKIP (model is a solution file): PZ36_RNAComposer_3_solution.pdb
2026-03-10 00:38:37 	 SKIP (model is a solution file): PZ36_RNAComposer_4_solution.pdb
2026-03-10 00:38:37 	 SKIP (model is a solution file): PZ36_RNAComposer_5_solution.pdb
2026-03-10 00:38:37 	 SKIP (model is a solution file): PZ36_solution_0.pdb
2026-03-10 00:38:37 	 SKIP (model is a solution file): PZ36_Szachniuk_1_solution.pdb
2026-03-10 00:38:37 	 SKIP (model is a solution file): PZ36_Szachniuk_2_solution.pdb
2026-03-10 00:38:37 	 SKIP (model is a solution file): PZ36_Szachniuk_3_solution.pdb
2026-03-10 00:38:37 	 SKIP (model is a solution file): PZ36_Szachniuk_4_solution.pdb
2026-03-10 00:38:37 	 DONE case: PZ36
2026-03-10 01:12:44 	 START case: PZ36
2026-03-10 01:12:44 	 caseDir: D:\Studia\Projekty\gsp-lab\data\finished\PZ36
2026-03-10 01:12:44 	 pdbDir: D:\Studia\Projekty\gsp-lab\data\finished\PZ36\pdb
2026-03-10 01:12:44 	 Found pdb count: 67
2026-03-10 01:12:44 	 Global solution: PZ36_solution_0.pdb
2026-03-10 01:12:44 	 SKIP already recorded (refined): Bujnicki_1
2026-03-10 01:12:44 	 SKIP already recorded (refined): Bujnicki_2
2026-03-10 01:12:44 	 SKIP already recorded (refined): Bujnicki_3
2026-03-10 01:12:44 	 SKIP already recorded (refined): Bujnicki_4
2026-03-10 01:12:44 	 SKIP already recorded (refined): Bujnicki_5
2026-03-10 01:12:44 	 SKIP already recorded (refined): Chen_1
2026-03-10 01:12:44 	 SKIP already recorded (refined): Chen_10
2026-03-10 01:12:44 	 SKIP already recorded (refined): Chen_2
2026-03-10 01:12:44 	 SKIP already recorded (refined): Chen_3
2026-03-10 01:12:44 	 SKIP already recorded (refined): Chen_4
2026-03-10 01:12:44 	 SKIP already recorded (refined): Chen_5
2026-03-10 01:12:44 	 SKIP already recorded (refined): Chen_6
2026-03-10 01:12:44 	 SKIP already recorded (refined): Chen_7
2026-03-10 01:12:44 	 SKIP already recorded (refined): Chen_8
2026-03-10 01:12:44 	 SKIP already recorded (refined): Chen_9
2026-03-10 01:12:44 	 SKIP already recorded (refined): Ding_1
2026-03-10 01:12:44 	 SKIP already recorded (refined): Ding_2
2026-03-10 01:12:44 	 SKIP already recorded (refined): Ding_3
2026-03-10 01:12:44 	 SKIP already recorded (refined): Ding_4
2026-03-10 01:12:44 	 SKIP already recorded (refined): Nithin_1
2026-03-10 01:12:44 	 SKIP already recorded (refined): Nithin_2
2026-03-10 01:12:44 	 SKIP already recorded (refined): Nithin_3
2026-03-10 01:12:44 	 SKIP already recorded (refined): Nithin_4
2026-03-10 01:12:44 	 SKIP already recorded (refined): Nithin_5
2026-03-10 01:12:44 	 SKIP already recorded (refined): RNAComposer_1
2026-03-10 01:12:44 	 SKIP already recorded (refined): RNAComposer_2
2026-03-10 01:12:44 	 SKIP already recorded (refined): RNAComposer_3
2026-03-10 01:12:44 	 SKIP already recorded (refined): RNAComposer_4
2026-03-10 01:12:44 	 SKIP already recorded (refined): RNAComposer_5
2026-03-10 01:12:44 	 SKIP already recorded (refined): Szachniuk_1
2026-03-10 01:12:44 	 SKIP already recorded (refined): Szachniuk_2
2026-03-10 01:12:44 	 SKIP already recorded (refined): Szachniuk_3
2026-03-10 01:12:44 	 SKIP already recorded (refined): Szachniuk_4
2026-03-10 01:12:44 	 SKIP (model is a solution file): PZ36_Bujnicki_1_solution.pdb
2026-03-10 01:12:44 	 SKIP (model is a solution file): PZ36_Bujnicki_2_solution.pdb
2026-03-10 01:12:44 	 SKIP (model is a solution file): PZ36_Bujnicki_3_solution.pdb
2026-03-10 01:12:44 	 SKIP (model is a solution file): PZ36_Bujnicki_4_solution.pdb
2026-03-10 01:12:44 	 SKIP (model is a solution file): PZ36_Bujnicki_5_solution.pdb
2026-03-10 01:12:44 	 SKIP (model is a solution file): PZ36_Chen_1_solution.pdb
2026-03-10 01:12:44 	 SKIP (model is a solution file): PZ36_Chen_10_solution.pdb
2026-03-10 01:12:44 	 SKIP (model is a solution file): PZ36_Chen_2_solution.pdb
2026-03-10 01:12:44 	 SKIP (model is a solution file): PZ36_Chen_3_solution.pdb
2026-03-10 01:12:44 	 SKIP (model is a solution file): PZ36_Chen_4_solution.pdb
2026-03-10 01:12:44 	 SKIP (model is a solution file): PZ36_Chen_5_solution.pdb
2026-03-10 01:12:44 	 SKIP (model is a solution file): PZ36_Chen_6_solution.pdb
2026-03-10 01:12:44 	 SKIP (model is a solution file): PZ36_Chen_7_solution.pdb
2026-03-10 01:12:44 	 SKIP (model is a solution file): PZ36_Chen_8_solution.pdb
2026-03-10 01:12:44 	 SKIP (model is a solution file): PZ36_Chen_9_solution.pdb
2026-03-10 01:12:44 	 SKIP (model is a solution file): PZ36_Ding_1_solution.pdb
2026-03-10 01:12:44 	 SKIP (model is a solution file): PZ36_Ding_2_solution.pdb
2026-03-10 01:12:44 	 SKIP (model is a solution file): PZ36_Ding_3_solution.pdb
2026-03-10 01:12:44 	 SKIP (model is a solution file): PZ36_Ding_4_solution.pdb
2026-03-10 01:12:44 	 SKIP (model is a solution file): PZ36_Nithin_1_solution.pdb
2026-03-10 01:12:44 	 SKIP (model is a solution file): PZ36_Nithin_2_solution.pdb
2026-03-10 01:12:44 	 SKIP (model is a solution file): PZ36_Nithin_3_solution.pdb
2026-03-10 01:12:44 	 SKIP (model is a solution file): PZ36_Nithin_4_solution.pdb
2026-03-10 01:12:44 	 SKIP (model is a solution file): PZ36_Nithin_5_solution.pdb
2026-03-10 01:12:44 	 SKIP (model is a solution file): PZ36_RNAComposer_1_solution.pdb
2026-03-10 01:12:44 	 SKIP (model is a solution file): PZ36_RNAComposer_2_solution.pdb
2026-03-10 01:12:44 	 SKIP (model is a solution file): PZ36_RNAComposer_3_solution.pdb
2026-03-10 01:12:44 	 SKIP (model is a solution file): PZ36_RNAComposer_4_solution.pdb
2026-03-10 01:12:44 	 SKIP (model is a solution file): PZ36_RNAComposer_5_solution.pdb
2026-03-10 01:12:44 	 SKIP (model is a solution file): PZ36_solution_0.pdb
2026-03-10 01:12:44 	 SKIP (model is a solution file): PZ36_Szachniuk_1_solution.pdb
2026-03-10 01:12:45 	 SKIP (model is a solution file): PZ36_Szachniuk_2_solution.pdb
2026-03-10 01:12:45 	 SKIP (model is a solution file): PZ36_Szachniuk_3_solution.pdb
2026-03-10 01:12:45 	 SKIP (model is a solution file): PZ36_Szachniuk_4_solution.pdb
2026-03-10 01:12:45 	 DONE case: PZ36
2026-03-10 01:17:27 	 START case: PZ36
2026-03-10 01:17:27 	 caseDir: D:\Studia\Projekty\gsp-lab\data\finished\PZ36
2026-03-10 01:17:27 	 pdbDir: D:\Studia\Projekty\gsp-lab\data\finished\PZ36\pdb
2026-03-10 01:17:28 	 Found pdb count: 67
2026-03-10 01:17:28 	 Global solution: PZ36_solution_0.pdb
2026-03-10 01:17:28 	 SKIP already recorded (refined): Bujnicki_1
2026-03-10 01:17:28 	 SKIP already recorded (refined): Bujnicki_2
2026-03-10 01:17:28 	 SKIP already recorded (refined): Bujnicki_3
2026-03-10 01:17:28 	 SKIP already recorded (refined): Bujnicki_4
2026-03-10 01:17:28 	 SKIP already recorded (refined): Bujnicki_5
2026-03-10 01:17:28 	 SKIP already recorded (refined): Chen_1
2026-03-10 01:17:28 	 SKIP already recorded (refined): Chen_10
2026-03-10 01:17:28 	 SKIP already recorded (refined): Chen_2
2026-03-10 01:17:28 	 SKIP already recorded (refined): Chen_3
2026-03-10 01:17:28 	 SKIP already recorded (refined): Chen_4
2026-03-10 01:17:28 	 SKIP already recorded (refined): Chen_5
2026-03-10 01:17:28 	 SKIP already recorded (refined): Chen_6
2026-03-10 01:17:28 	 SKIP already recorded (refined): Chen_7
2026-03-10 01:17:28 	 SKIP already recorded (refined): Chen_8
2026-03-10 01:17:28 	 SKIP already recorded (refined): Chen_9
2026-03-10 01:17:28 	 SKIP already recorded (refined): Ding_1
2026-03-10 01:17:28 	 SKIP already recorded (refined): Ding_2
2026-03-10 01:17:28 	 SKIP already recorded (refined): Ding_3
2026-03-10 01:17:28 	 SKIP already recorded (refined): Ding_4
2026-03-10 01:17:28 	 SKIP already recorded (refined): Nithin_1
2026-03-10 01:17:28 	 SKIP already recorded (refined): Nithin_2
2026-03-10 01:17:28 	 SKIP already recorded (refined): Nithin_3
2026-03-10 01:17:28 	 SKIP already recorded (refined): Nithin_4
2026-03-10 01:17:28 	 SKIP already recorded (refined): Nithin_5
2026-03-10 01:17:28 	 SKIP already recorded (refined): RNAComposer_1
2026-03-10 01:17:28 	 SKIP already recorded (refined): RNAComposer_2
2026-03-10 01:17:28 	 SKIP already recorded (refined): RNAComposer_3
2026-03-10 01:17:28 	 SKIP already recorded (refined): RNAComposer_4
2026-03-10 01:17:28 	 SKIP already recorded (refined): RNAComposer_5
2026-03-10 01:17:28 	 SKIP already recorded (refined): Szachniuk_1
2026-03-10 01:17:28 	 SKIP already recorded (refined): Szachniuk_2
2026-03-10 01:17:28 	 SKIP already recorded (refined): Szachniuk_3
2026-03-10 01:17:28 	 SKIP already recorded (refined): Szachniuk_4
2026-03-10 01:17:28 	 SKIP (model is a solution file): PZ36_Bujnicki_1_solution.pdb
2026-03-10 01:17:28 	 SKIP (model is a solution file): PZ36_Bujnicki_2_solution.pdb
2026-03-10 01:17:28 	 SKIP (model is a solution file): PZ36_Bujnicki_3_solution.pdb
2026-03-10 01:17:28 	 SKIP (model is a solution file): PZ36_Bujnicki_4_solution.pdb
2026-03-10 01:17:28 	 SKIP (model is a solution file): PZ36_Bujnicki_5_solution.pdb
2026-03-10 01:17:28 	 SKIP (model is a solution file): PZ36_Chen_1_solution.pdb
2026-03-10 01:17:28 	 SKIP (model is a solution file): PZ36_Chen_10_solution.pdb
2026-03-10 01:17:28 	 SKIP (model is a solution file): PZ36_Chen_2_solution.pdb
2026-03-10 01:17:28 	 SKIP (model is a solution file): PZ36_Chen_3_solution.pdb
2026-03-10 01:17:28 	 SKIP (model is a solution file): PZ36_Chen_4_solution.pdb
2026-03-10 01:17:28 	 SKIP (model is a solution file): PZ36_Chen_5_solution.pdb
2026-03-10 01:17:28 	 SKIP (model is a solution file): PZ36_Chen_6_solution.pdb
2026-03-10 01:17:28 	 SKIP (model is a solution file): PZ36_Chen_7_solution.pdb
2026-03-10 01:17:28 	 SKIP (model is a solution file): PZ36_Chen_8_solution.pdb
2026-03-10 01:17:28 	 SKIP (model is a solution file): PZ36_Chen_9_solution.pdb
2026-03-10 01:17:28 	 SKIP (model is a solution file): PZ36_Ding_1_solution.pdb
2026-03-10 01:17:28 	 SKIP (model is a solution file): PZ36_Ding_2_solution.pdb
2026-03-10 01:17:28 	 SKIP (model is a solution file): PZ36_Ding_3_solution.pdb
2026-03-10 01:17:28 	 SKIP (model is a solution file): PZ36_Ding_4_solution.pdb
2026-03-10 01:17:28 	 SKIP (model is a solution file): PZ36_Nithin_1_solution.pdb
2026-03-10 01:17:28 	 SKIP (model is a solution file): PZ36_Nithin_2_solution.pdb
2026-03-10 01:17:28 	 SKIP (model is a solution file): PZ36_Nithin_3_solution.pdb
2026-03-10 01:17:28 	 SKIP (model is a solution file): PZ36_Nithin_4_solution.pdb
2026-03-10 01:17:28 	 SKIP (model is a solution file): PZ36_Nithin_5_solution.pdb
2026-03-10 01:17:28 	 SKIP (model is a solution file): PZ36_RNAComposer_1_solution.pdb
2026-03-10 01:17:28 	 SKIP (model is a solution file): PZ36_RNAComposer_2_solution.pdb
2026-03-10 01:17:28 	 SKIP (model is a solution file): PZ36_RNAComposer_3_solution.pdb
2026-03-10 01:17:28 	 SKIP (model is a solution file): PZ36_RNAComposer_4_solution.pdb
2026-03-10 01:17:28 	 SKIP (model is a solution file): PZ36_RNAComposer_5_solution.pdb
2026-03-10 01:17:28 	 SKIP (model is a solution file): PZ36_solution_0.pdb
2026-03-10 01:17:28 	 SKIP (model is a solution file): PZ36_Szachniuk_1_solution.pdb
2026-03-10 01:17:28 	 SKIP (model is a solution file): PZ36_Szachniuk_2_solution.pdb
2026-03-10 01:17:28 	 SKIP (model is a solution file): PZ36_Szachniuk_3_solution.pdb
2026-03-10 01:17:28 	 SKIP (model is a solution file): PZ36_Szachniuk_4_solution.pdb
2026-03-10 01:17:28 	 DONE case: PZ36
2026-03-10 01:21:55 	 START case: PZ36
2026-03-10 01:21:55 	 caseDir: D:\Studia\Projekty\gsp-lab\data\finished\PZ36
2026-03-10 01:21:55 	 pdbDir: D:\Studia\Projekty\gsp-lab\data\finished\PZ36\pdb
2026-03-10 01:21:55 	 Found pdb count: 67
2026-03-10 01:21:55 	 Global solution: PZ36_solution_0.pdb
2026-03-10 01:21:55 	 SKIP already recorded (refined): Bujnicki_1
2026-03-10 01:21:55 	 SKIP already recorded (refined): Bujnicki_2
2026-03-10 01:21:55 	 SKIP already recorded (refined): Bujnicki_3
2026-03-10 01:21:55 	 SKIP already recorded (refined): Bujnicki_4
2026-03-10 01:21:55 	 SKIP already recorded (refined): Bujnicki_5
2026-03-10 01:21:55 	 SKIP already recorded (refined): Chen_1
2026-03-10 01:21:55 	 SKIP already recorded (refined): Chen_10
2026-03-10 01:21:55 	 SKIP already recorded (refined): Chen_2
2026-03-10 01:21:55 	 SKIP already recorded (refined): Chen_3
2026-03-10 01:21:55 	 SKIP already recorded (refined): Chen_4
2026-03-10 01:21:55 	 SKIP already recorded (refined): Chen_5
2026-03-10 01:21:55 	 SKIP already recorded (refined): Chen_6
2026-03-10 01:21:55 	 SKIP already recorded (refined): Chen_7
2026-03-10 01:21:55 	 SKIP already recorded (refined): Chen_8
2026-03-10 01:21:55 	 SKIP already recorded (refined): Chen_9
2026-03-10 01:21:55 	 SKIP already recorded (refined): Ding_1
2026-03-10 01:21:55 	 SKIP already recorded (refined): Ding_2
2026-03-10 01:21:55 	 SKIP already recorded (refined): Ding_3
2026-03-10 01:21:55 	 SKIP already recorded (refined): Ding_4
2026-03-10 01:21:55 	 SKIP already recorded (refined): Nithin_1
2026-03-10 01:21:55 	 SKIP already recorded (refined): Nithin_2
2026-03-10 01:21:55 	 SKIP already recorded (refined): Nithin_3
2026-03-10 01:21:55 	 SKIP already recorded (refined): Nithin_4
2026-03-10 01:21:55 	 SKIP already recorded (refined): Nithin_5
2026-03-10 01:21:55 	 SKIP already recorded (refined): RNAComposer_1
2026-03-10 01:21:55 	 SKIP already recorded (refined): RNAComposer_2
2026-03-10 01:21:55 	 SKIP already recorded (refined): RNAComposer_3
2026-03-10 01:21:55 	 SKIP already recorded (refined): RNAComposer_4
2026-03-10 01:21:55 	 SKIP already recorded (refined): RNAComposer_5
2026-03-10 01:21:55 	 SKIP already recorded (refined): Szachniuk_1
2026-03-10 01:21:55 	 SKIP already recorded (refined): Szachniuk_2
2026-03-10 01:21:55 	 SKIP already recorded (refined): Szachniuk_3
2026-03-10 01:21:55 	 SKIP already recorded (refined): Szachniuk_4
2026-03-10 01:21:55 	 SKIP (model is a solution file): PZ36_Bujnicki_1_solution.pdb
2026-03-10 01:21:55 	 SKIP (model is a solution file): PZ36_Bujnicki_2_solution.pdb
2026-03-10 01:21:55 	 SKIP (model is a solution file): PZ36_Bujnicki_3_solution.pdb
2026-03-10 01:21:55 	 SKIP (model is a solution file): PZ36_Bujnicki_4_solution.pdb
2026-03-10 01:21:55 	 SKIP (model is a solution file): PZ36_Bujnicki_5_solution.pdb
2026-03-10 01:21:55 	 SKIP (model is a solution file): PZ36_Chen_1_solution.pdb
2026-03-10 01:21:55 	 SKIP (model is a solution file): PZ36_Chen_10_solution.pdb
2026-03-10 01:21:55 	 SKIP (model is a solution file): PZ36_Chen_2_solution.pdb
2026-03-10 01:21:55 	 SKIP (model is a solution file): PZ36_Chen_3_solution.pdb
2026-03-10 01:21:55 	 SKIP (model is a solution file): PZ36_Chen_4_solution.pdb
2026-03-10 01:21:55 	 SKIP (model is a solution file): PZ36_Chen_5_solution.pdb
2026-03-10 01:21:55 	 SKIP (model is a solution file): PZ36_Chen_6_solution.pdb
2026-03-10 01:21:55 	 SKIP (model is a solution file): PZ36_Chen_7_solution.pdb
2026-03-10 01:21:55 	 SKIP (model is a solution file): PZ36_Chen_8_solution.pdb
2026-03-10 01:21:55 	 SKIP (model is a solution file): PZ36_Chen_9_solution.pdb
2026-03-10 01:21:56 	 SKIP (model is a solution file): PZ36_Ding_1_solution.pdb
2026-03-10 01:21:56 	 SKIP (model is a solution file): PZ36_Ding_2_solution.pdb
2026-03-10 01:21:56 	 SKIP (model is a solution file): PZ36_Ding_3_solution.pdb
2026-03-10 01:21:56 	 SKIP (model is a solution file): PZ36_Ding_4_solution.pdb
2026-03-10 01:21:56 	 SKIP (model is a solution file): PZ36_Nithin_1_solution.pdb
2026-03-10 01:21:56 	 SKIP (model is a solution file): PZ36_Nithin_2_solution.pdb
2026-03-10 01:21:56 	 SKIP (model is a solution file): PZ36_Nithin_3_solution.pdb
2026-03-10 01:21:56 	 SKIP (model is a solution file): PZ36_Nithin_4_solution.pdb
2026-03-10 01:21:56 	 SKIP (model is a solution file): PZ36_Nithin_5_solution.pdb
2026-03-10 01:21:56 	 SKIP (model is a solution file): PZ36_RNAComposer_1_solution.pdb
2026-03-10 01:21:56 	 SKIP (model is a solution file): PZ36_RNAComposer_2_solution.pdb
2026-03-10 01:21:56 	 SKIP (model is a solution file): PZ36_RNAComposer_3_solution.pdb
2026-03-10 01:21:56 	 SKIP (model is a solution file): PZ36_RNAComposer_4_solution.pdb
2026-03-10 01:21:56 	 SKIP (model is a solution file): PZ36_RNAComposer_5_solution.pdb
2026-03-10 01:21:56 	 SKIP (model is a solution file): PZ36_solution_0.pdb
2026-03-10 01:21:56 	 SKIP (model is a solution file): PZ36_Szachniuk_1_solution.pdb
2026-03-10 01:21:56 	 SKIP (model is a solution file): PZ36_Szachniuk_2_solution.pdb
2026-03-10 01:21:56 	 SKIP (model is a solution file): PZ36_Szachniuk_3_solution.pdb
2026-03-10 01:21:56 	 SKIP (model is a solution file): PZ36_Szachniuk_4_solution.pdb
2026-03-10 01:21:56 	 DONE case: PZ36
