{
  "native_pdb": "/tmp/rna_inf_t0peb1dd/PZ38_Bujnicki_1_solution_normalized.pdb",
  "native_index": null,
  "model_pdb": "/tmp/rna_inf_aadf6afp/PZ38_Bujnicki_1_refined_normalized.pdb",
  "model_index": null,
  "rmsd": 12.908372673996436,
  "inf_all": 0.6611360631499735,
  "inf_wc": 0.9309493362512627,
  "inf_nwc": 0.0,
  "inf_stack": 0.6708203932499369
}
{
  "native_pdb": "/tmp/rna_inf_aeqic_8e/PZ38_Bujnicki_2_solution_normalized.pdb",
  "native_index": null,
  "model_pdb": "/tmp/rna_inf_uac470la/PZ38_Bujnicki_2_refined_normalized.pdb",
  "model_index": null,
  "rmsd": 13.753520317618442,
  "inf_all": 0.6075304364080837,
  "inf_wc": 0.7844645405527362,
  "inf_nwc": 0.0,
  "inf_stack": 0.6227523687795277
}
{
  "native_pdb": "/tmp/rna_inf_gvok11nx/PZ38_Bujnicki_3_solution_normalized.pdb",
  "native_index": null,
  "model_pdb": "/tmp/rna_inf_bu_u73yu/PZ38_Bujnicki_3_refined_normalized.pdb",
  "model_index": null,
  "rmsd": 13.62817537104204,
  "inf_all": 0.6026522383037978,
  "inf_wc": 0.8593378488473195,
  "inf_nwc": 0.0,
  "inf_stack": 0.6032506032509048
}
{
  "native_pdb": "/tmp/rna_inf_705uglis/PZ38_Bujnicki_4_solution_normalized.pdb",
  "native_index": null,
  "model_pdb": "/tmp/rna_inf_59njgpli/PZ38_Bujnicki_4_refined_normalized.pdb",
  "model_index": null,
  "rmsd": 15.8066766019979,
  "inf_all": 0.6546536707079772,
  "inf_wc": 0.8894991799933214,
  "inf_nwc": 0.0,
  "inf_stack": 0.6708203932499369
}
{
  "native_pdb": "/tmp/rna_inf_o6fxf0q6/PZ38_Bujnicki_5_solution_normalized.pdb",
  "native_index": null,
  "model_pdb": "/tmp/rna_inf_i1rcj1f5/PZ38_Bujnicki_5_refined_normalized.pdb",
  "model_index": null,
  "rmsd": 16.766467582577754,
  "inf_all": 0.5749792108382484,
  "inf_wc": 0.9013878188659973,
  "inf_nwc": 0.0,
  "inf_stack": 0.5391638660171921
}
{
  "native_pdb": "/tmp/rna_inf_8gm7ln1w/PZ38_Chen_1_solution_normalized.pdb",
  "native_index": null,
  "model_pdb": "/tmp/rna_inf_1ce758up/PZ38_Chen_1_refined_normalized.pdb",
  "model_index": null,
  "rmsd": 11.111928797648902,
  "inf_all": 0.6200763373615228,
  "inf_wc": 0.8153742483272113,
  "inf_nwc": 0.2721655269759087,
  "inf_stack": 0.6227523687795277
}
{
  "native_pdb": "/tmp/rna_inf_3zgzocjm/PZ38_Chen_10_solution_normalized.pdb",
  "native_index": null,
  "model_pdb": "/tmp/rna_inf_91xvlohf/PZ38_Chen_10_refined_normalized.pdb",
  "model_index": null,
  "rmsd": 9.324420027379631,
  "inf_all": 0.5420797489556428,
  "inf_wc": 0.9198662110077999,
  "inf_nwc": 0.0,
  "inf_stack": 0.5378528742004771
}
{
  "native_pdb": "/tmp/rna_inf_zj1ov_9k/PZ38_Chen_2_solution_normalized.pdb",
  "native_index": null,
  "model_pdb": "/tmp/rna_inf_yqy9c3ra/PZ38_Chen_2_refined_normalized.pdb",
  "model_index": null,
  "rmsd": 9.463404882858821,
  "inf_all": 0.5925925925925926,
  "inf_wc": 0.9198662110077999,
  "inf_nwc": 0.0,
  "inf_stack": 0.6274950199005567
}
{
  "native_pdb": "/tmp/rna_inf_xxs93aqi/PZ38_Chen_3_solution_normalized.pdb",
  "native_index": null,
  "model_pdb": "/tmp/rna_inf_gv2_07wz/PZ38_Chen_3_refined_normalized.pdb",
  "model_index": null,
  "rmsd": 7.977967289685443,
  "inf_all": 0.600099198148979,
  "inf_wc": 0.9198662110077999,
  "inf_nwc": 0.0,
  "inf_stack": 0.6149186938124422
}
{
  "native_pdb": "/tmp/rna_inf_jeliv6jv/PZ38_Chen_4_solution_normalized.pdb",
  "native_index": null,
  "model_pdb": "/tmp/rna_inf_jkrv6718/PZ38_Chen_4_refined_normalized.pdb",
  "model_index": null,
  "rmsd": 8.195550797337015,
  "inf_all": 0.586272058901207,
  "inf_wc": 0.8461538461538461,
  "inf_nwc": 0.09622504486493763,
  "inf_stack": 0.6349812749303677
}
{
  "native_pdb": "/tmp/rna_inf_j8oeacg2/PZ38_Chen_5_solution_normalized.pdb",
  "native_index": null,
  "model_pdb": "/tmp/rna_inf_d95i1uqo/PZ38_Chen_5_refined_normalized.pdb",
  "model_index": null,
  "rmsd": 14.422165691924622,
  "inf_all": 0.5335511537766942,
  "inf_wc": 0.9198662110077999,
  "inf_nwc": 0.0,
  "inf_stack": 0.5079721589671172
}
{
  "native_pdb": "/tmp/rna_inf__2tpvmij/PZ38_Chen_6_solution_normalized.pdb",
  "native_index": null,
  "model_pdb": "/tmp/rna_inf_3iuuef_b/PZ38_Chen_6_refined_normalized.pdb",
  "model_index": null,
  "rmsd": 8.370708640153472,
  "inf_all": 0.6055300708194984,
  "inf_wc": 0.8807048459279792,
  "inf_nwc": 0.2721655269759087,
  "inf_stack": 0.5812381937190964
}
{
  "native_pdb": "/tmp/rna_inf_fcpx7wu_/PZ38_Chen_7_solution_normalized.pdb",
  "native_index": null,
  "model_pdb": "/tmp/rna_inf_15m75d8u/PZ38_Chen_7_refined_normalized.pdb",
  "model_index": null,
  "rmsd": 13.970966739309823,
  "inf_all": 0.5794645592284458,
  "inf_wc": 0.9198662110077999,
  "inf_nwc": 0.0,
  "inf_stack": 0.5892556509887896
}
{
  "native_pdb": "/tmp/rna_inf_pvy61jks/PZ38_Chen_8_solution_normalized.pdb",
  "native_index": null,
  "model_pdb": "/tmp/rna_inf_soxnecj2/PZ38_Chen_8_refined_normalized.pdb",
  "model_index": null,
  "rmsd": 8.926638779136946,
  "inf_all": 0.5850098009747078,
  "inf_wc": 0.9198662110077999,
  "inf_nwc": 0.1111111111111111,
  "inf_stack": 0.59375
}
{
  "native_pdb": "/tmp/rna_inf_vmxkka4t/PZ38_Chen_9_solution_normalized.pdb",
  "native_index": null,
  "model_pdb": "/tmp/rna_inf_jy9ecssk/PZ38_Chen_9_refined_normalized.pdb",
  "model_index": null,
  "rmsd": 8.23922488839562,
  "inf_all": 0.5407380704358751,
  "inf_wc": 0.9198662110077999,
  "inf_nwc": 0.0,
  "inf_stack": 0.5760221094612908
}
{
  "native_pdb": "/tmp/rna_inf_pudnt97q/PZ38_DasARESApo_1_solution_normalized.pdb",
  "native_index": null,
  "model_pdb": "/tmp/rna_inf_4knkpx1d/PZ38_DasARESApo_1_refined_normalized.pdb",
  "model_index": null,
  "rmsd": 14.439705762574645,
  "inf_all": 0.5783517448238059,
  "inf_wc": 0.76271276980969,
  "inf_nwc": 0.0,
  "inf_stack": 0.61295205952238
}
{
  "native_pdb": "/tmp/rna_inf_7mnnrr67/PZ38_DasARESApo_2_solution_normalized.pdb",
  "native_index": null,
  "model_pdb": "/tmp/rna_inf_bb4om8j8/PZ38_DasARESApo_2_refined_normalized.pdb",
  "model_index": null,
  "rmsd": 13.130672188952303,
  "inf_all": 0.6076436202502,
  "inf_wc": 0.9230769230769231,
  "inf_nwc": 0.0,
  "inf_stack": 0.6324555320336759
}
{
  "native_pdb": "/tmp/rna_inf_zzla3xbe/PZ38_DasARESApo_3_solution_normalized.pdb",
  "native_index": null,
  "model_pdb": "/tmp/rna_inf_86lczvo0/PZ38_DasARESApo_3_refined_normalized.pdb",
  "model_index": null,
  "rmsd": 13.271569072457236,
  "inf_all": 0.602359870579765,
  "inf_wc": 0.8153742483272113,
  "inf_nwc": 0.0,
  "inf_stack": 0.6349812749303677
}
{
  "native_pdb": "/tmp/rna_inf_egt7cka9/PZ38_DasARESApo_4_solution_normalized.pdb",
  "native_index": null,
  "model_pdb": "/tmp/rna_inf_sp51zkap/PZ38_DasARESApo_4_refined_normalized.pdb",
  "model_index": null,
  "rmsd": 13.773739759818712,
  "inf_all": 0.5797509043642028,
  "inf_wc": 0.8894991799933214,
  "inf_nwc": 0.0,
  "inf_stack": 0.57282196186948
}
{
  "native_pdb": "/tmp/rna_inf_xupepo7s/PZ38_DasARESApo_5_solution_normalized.pdb",
  "native_index": null,
  "model_pdb": "/tmp/rna_inf_l32bzsd9/PZ38_DasARESApo_5_refined_normalized.pdb",
  "model_index": null,
  "rmsd": 11.632600904361693,
  "inf_all": 0.600068583185913,
  "inf_wc": 0.8320502943378437,
  "inf_nwc": 0.0,
  "inf_stack": 0.61295205952238
}
{
  "native_pdb": "/tmp/rna_inf_4_gymfmx/PZ38_DasFARFAR2Apo_1_solution_normalized.pdb",
  "native_index": null,
  "model_pdb": "/tmp/rna_inf_cums5nlu/PZ38_DasFARFAR2Apo_1_refined_normalized.pdb",
  "model_index": null,
  "rmsd": 12.973252765234864,
  "inf_all": 0.6123724356957945,
  "inf_wc": 0.8320502943378437,
  "inf_nwc": 0.0,
  "inf_stack": 0.6469966392206304
}
{
  "native_pdb": "/tmp/rna_inf_jjn7f2yl/PZ38_DasFARFAR2Apo_2_solution_normalized.pdb",
  "native_index": null,
  "model_pdb": "/tmp/rna_inf_ljsyefir/PZ38_DasFARFAR2Apo_2_refined_normalized.pdb",
  "model_index": null,
  "rmsd": 13.887527794945385,
  "inf_all": 0.5575555983886045,
  "inf_wc": 0.8593378488473195,
  "inf_nwc": 0.0,
  "inf_stack": 0.5330017908890261
}
{
  "native_pdb": "/tmp/rna_inf_i5ffr3lw/PZ38_DasFARFAR2Apo_3_solution_normalized.pdb",
  "native_index": null,
  "model_pdb": "/tmp/rna_inf_l9ktgm04/PZ38_DasFARFAR2Apo_3_refined_normalized.pdb",
  "model_index": null,
  "rmsd": 12.314321406171507,
  "inf_all": 0.6048884885927481,
  "inf_wc": 0.8593378488473195,
  "inf_nwc": 0.0,
  "inf_stack": 0.6061032181989393
}
{
  "native_pdb": "/tmp/rna_inf_g4w8uetg/PZ38_DasFARFAR2Apo_4_solution_normalized.pdb",
  "native_index": null,
  "model_pdb": "/tmp/rna_inf_g7e2oxqb/PZ38_DasFARFAR2Apo_4_refined_normalized.pdb",
  "model_index": null,
  "rmsd": 13.110483486928086,
  "inf_all": 0.5575555983886045,
  "inf_wc": 0.7877263614433762,
  "inf_nwc": 0.0,
  "inf_stack": 0.5596518804334774
}
{
  "native_pdb": "/tmp/rna_inf_nza5ftzt/PZ38_DasFARFAR2Apo_5_solution_normalized.pdb",
  "native_index": null,
  "model_pdb": "/tmp/rna_inf_6b5ifeja/PZ38_DasFARFAR2Apo_5_refined_normalized.pdb",
  "model_index": null,
  "rmsd": 14.304777225081084,
  "inf_all": 0.5907646307988055,
  "inf_wc": 0.8498365855987975,
  "inf_nwc": 0.0,
  "inf_stack": 0.5797509043642028
}
{
  "native_pdb": "/tmp/rna_inf_h7q5vxvl/PZ38_DasFARFAR2Holo_1_solution_normalized.pdb",
  "native_index": null,
  "model_pdb": "/tmp/rna_inf_n2zps8nn/PZ38_DasFARFAR2Holo_1_refined_normalized.pdb",
  "model_index": null,
  "rmsd": 11.632600904361693,
  "inf_all": 0.600068583185913,
  "inf_wc": 0.8320502943378437,
  "inf_nwc": 0.0,
  "inf_stack": 0.61295205952238
}
{
  "native_pdb": "/tmp/rna_inf_qrg9qibm/PZ38_DasFARFAR2NNApo_1_solution_normalized.pdb",
  "native_index": null,
  "model_pdb": "/tmp/rna_inf_rxqjlmeb/PZ38_DasFARFAR2NNApo_1_refined_normalized.pdb",
  "model_index": null,
  "rmsd": 13.95523530958666,
  "inf_all": 0.5973191135873606,
  "inf_wc": 0.8461538461538461,
  "inf_nwc": 0.0,
  "inf_stack": 0.6273764344284781
}
{
  "native_pdb": "/tmp/rna_inf_c29ibzpb/PZ38_DasFARFAR2NNApo_2_solution_normalized.pdb",
  "native_index": null,
  "model_pdb": "/tmp/rna_inf_rk7_rj3v/PZ38_DasFARFAR2NNApo_2_refined_normalized.pdb",
  "model_index": null,
  "rmsd": 13.410396702541197,
  "inf_all": 0.5443310539518174,
  "inf_wc": 0.8894991799933214,
  "inf_nwc": 0.0,
  "inf_stack": 0.5157106231293968
}
{
  "native_pdb": "/tmp/rna_inf_s7t8jomf/PZ38_DasFARFAR2NNApo_3_solution_normalized.pdb",
  "native_index": null,
  "model_pdb": "/tmp/rna_inf_dkr0pi8r/PZ38_DasFARFAR2NNApo_3_refined_normalized.pdb",
  "model_index": null,
  "rmsd": 12.622969308296847,
  "inf_all": 0.6097727471733647,
  "inf_wc": 0.8894991799933214,
  "inf_nwc": -1.0,
  "inf_stack": 0.5812381937190964
}
{
  "native_pdb": "/tmp/rna_inf_y3nx8mj3/PZ38_DasFARFAR2NNApo_4_solution_normalized.pdb",
  "native_index": null,
  "model_pdb": "/tmp/rna_inf_fh09uwmg/PZ38_DasFARFAR2NNApo_4_refined_normalized.pdb",
  "model_index": null,
  "rmsd": 13.229850203488564,
  "inf_all": 0.5953620902598002,
  "inf_wc": 0.9013878188659973,
  "inf_nwc": 0.0,
  "inf_stack": 0.5797509043642028
}
{
  "native_pdb": "/tmp/rna_inf_4b6c99kg/PZ38_DasFARFAR2NNApo_5_solution_normalized.pdb",
  "native_index": null,
  "model_pdb": "/tmp/rna_inf_1_ehf7vb/PZ38_DasFARFAR2NNApo_5_refined_normalized.pdb",
  "model_index": null,
  "rmsd": 12.942510860655121,
  "inf_all": 0.5797509043642028,
  "inf_wc": 0.8894991799933214,
  "inf_nwc": 0.0,
  "inf_stack": 0.5869678440936948
}
{
  "native_pdb": "/tmp/rna_inf_1cwvd6vd/PZ38_DasFARFAR2NNHolo_1_solution_normalized.pdb",
  "native_index": null,
  "model_pdb": "/tmp/rna_inf_ixk4ppgd/PZ38_DasFARFAR2NNHolo_1_refined_normalized.pdb",
  "model_index": null,
  "rmsd": 12.580491537689905,
  "inf_all": 0.5401276624446222,
  "inf_wc": 0.8593378488473195,
  "inf_nwc": 0.0,
  "inf_stack": 0.5212860351426869
}
{
  "native_pdb": "/tmp/rna_inf_5q3fnqtw/PZ38_Dfold_1_solution_normalized.pdb",
  "native_index": null,
  "model_pdb": "/tmp/rna_inf__nep1zz8/PZ38_Dfold_1_refined_normalized.pdb",
  "model_index": null,
  "rmsd": 20.278793792082034,
  "inf_all": 0.4216370213557839,
  "inf_wc": 0.20180183819889377,
  "inf_nwc": 0.0,
  "inf_stack": 0.57282196186948
}
{
  "native_pdb": "/tmp/rna_inf_unpyfqa5/PZ38_Dfold_2_solution_normalized.pdb",
  "native_index": null,
  "model_pdb": "/tmp/rna_inf_y5s__i7t/PZ38_Dfold_2_refined_normalized.pdb",
  "model_index": null,
  "rmsd": 21.29639050996658,
  "inf_all": 0.34246744460938755,
  "inf_wc": 0.0,
  "inf_nwc": 0.0,
  "inf_stack": 0.537831591218683
}
{
  "native_pdb": "/tmp/rna_inf__n3cufn7/PZ38_Dfold_3_solution_normalized.pdb",
  "native_index": null,
  "model_pdb": "/tmp/rna_inf_sohpu305/PZ38_Dfold_3_refined_normalized.pdb",
  "model_index": null,
  "rmsd": 19.823501804935535,
  "inf_all": 0.3785166493051126,
  "inf_wc": 0.21483446221182986,
  "inf_nwc": -1.0,
  "inf_stack": 0.4909902530309828
}
{
  "native_pdb": "/tmp/rna_inf_s4xlwev5/PZ38_Dfold_4_solution_normalized.pdb",
  "native_index": null,
  "model_pdb": "/tmp/rna_inf_tddgq7zd/PZ38_Dfold_4_refined_normalized.pdb",
  "model_index": null,
  "rmsd": 13.386985637446346,
  "inf_all": 0.363696483726654,
  "inf_wc": 0.0,
  "inf_nwc": 0.0,
  "inf_stack": 0.5455447255899809
}
{
  "native_pdb": "/tmp/rna_inf_6cmj8omm/PZ38_Dfold_5_solution_normalized.pdb",
  "native_index": null,
  "model_pdb": "/tmp/rna_inf_09n97dcn/PZ38_Dfold_5_refined_normalized.pdb",
  "model_index": null,
  "rmsd": 21.29639050996658,
  "inf_all": 0.34246744460938755,
  "inf_wc": 0.0,
  "inf_nwc": 0.0,
  "inf_stack": 0.537831591218683
}
{
  "native_pdb": "/tmp/rna_inf_tsbla764/PZ38_Ding_1_solution_normalized.pdb",
  "native_index": null,
  "model_pdb": "/tmp/rna_inf_mshea2u2/PZ38_Ding_1_refined_normalized.pdb",
  "model_index": null,
  "rmsd": 15.253437245967074,
  "inf_all": 0.5011856786864703,
  "inf_wc": 0.8461538461538461,
  "inf_nwc": 0.0,
  "inf_stack": 0.44232586846469135
}
{
  "native_pdb": "/tmp/rna_inf_gi6ned2w/PZ38_Ding_2_solution_normalized.pdb",
  "native_index": null,
  "model_pdb": "/tmp/rna_inf__5z88b7x/PZ38_Ding_2_refined_normalized.pdb",
  "model_index": null,
  "rmsd": 13.649041359319575,
  "inf_all": 0.6026522383037978,
  "inf_wc": 0.8153742483272113,
  "inf_nwc": 0.0,
  "inf_stack": 0.6063390625908325
}
{
  "native_pdb": "/tmp/rna_inf_qrlb_esg/PZ38_Ding_3_solution_normalized.pdb",
  "native_index": null,
  "model_pdb": "/tmp/rna_inf_nkj1lbm7/PZ38_Ding_3_refined_normalized.pdb",
  "model_index": null,
  "rmsd": 13.040125346532733,
  "inf_all": 0.5395630988493982,
  "inf_wc": 0.8461538461538461,
  "inf_nwc": 0.0,
  "inf_stack": 0.5103103630798288
}
{
  "native_pdb": "/tmp/rna_inf_jjnv3u4m/PZ38_Ding_4_solution_normalized.pdb",
  "native_index": null,
  "model_pdb": "/tmp/rna_inf_i82o7dz4/PZ38_Ding_4_refined_normalized.pdb",
  "model_index": null,
  "rmsd": 14.092485981005453,
  "inf_all": 0.5539117094069973,
  "inf_wc": 0.8461538461538461,
  "inf_nwc": 0.0,
  "inf_stack": 0.5252257314388902
}
{
  "native_pdb": "/tmp/rna_inf_g6m50hsd/PZ38_Ding_5_solution_normalized.pdb",
  "native_index": null,
  "model_pdb": "/tmp/rna_inf_8n1fjxhe/PZ38_Ding_5_refined_normalized.pdb",
  "model_index": null,
  "rmsd": 23.04417839640423,
  "inf_all": 0.4980582450917523,
  "inf_wc": 0.6405126152203485,
  "inf_nwc": 0.0,
  "inf_stack": 0.5252257314388902
}
{
  "native_pdb": "/tmp/rna_inf_4lp5jtgb/PZ38_Ding_6_solution_normalized.pdb",
  "native_index": null,
  "model_pdb": "/tmp/rna_inf_5i3skt5v/PZ38_Ding_6_refined_normalized.pdb",
  "model_index": null,
  "rmsd": 12.30611983065567,
  "inf_all": 0.5145529756640853,
  "inf_wc": 0.8461538461538461,
  "inf_nwc": -1.0,
  "inf_stack": 0.4330127018922193
}
{
  "native_pdb": "/tmp/rna_inf_w1ct4hy5/PZ38_Dokholyan_1_solution_normalized.pdb",
  "native_index": null,
  "model_pdb": "/tmp/rna_inf_fro76wxt/PZ38_Dokholyan_1_refined_normalized.pdb",
  "model_index": null,
  "rmsd": 15.615058777531788,
  "inf_all": 0.5196152422706632,
  "inf_wc": 0.6153846153846154,
  "inf_nwc": 0.0,
  "inf_stack": 0.5760221094612908
}
{
  "native_pdb": "/tmp/rna_inf_tw7c8tum/PZ38_RNAComposer_1_solution_normalized.pdb",
  "native_index": null,
  "model_pdb": "/tmp/rna_inf_imm71r46/PZ38_RNAComposer_1_refined_normalized.pdb",
  "model_index": null,
  "rmsd": 10.163415409704223,
  "inf_all": 0.5883484054145521,
  "inf_wc": 0.8006407690254357,
  "inf_nwc": 0.0,
  "inf_stack": 0.5893689584893059
}
{
  "native_pdb": "/tmp/rna_inf_1_lsohwe/PZ38_RNAComposer_2_solution_normalized.pdb",
  "native_index": null,
  "model_pdb": "/tmp/rna_inf__5xagq38/PZ38_RNAComposer_2_refined_normalized.pdb",
  "model_index": null,
  "rmsd": 14.98919246970513,
  "inf_all": 0.5865884600854131,
  "inf_wc": 0.8320502943378437,
  "inf_nwc": -1.0,
  "inf_stack": 0.5653337710833067
}
{
  "native_pdb": "/tmp/rna_inf_ljeuptnc/PZ38_RNAComposer_3_solution_normalized.pdb",
  "native_index": null,
  "model_pdb": "/tmp/rna_inf_f2v_dt3p/PZ38_RNAComposer_3_refined_normalized.pdb",
  "model_index": null,
  "rmsd": 14.544318728068466,
  "inf_all": 0.5447670420505113,
  "inf_wc": 0.8320502943378437,
  "inf_nwc": -1.0,
  "inf_stack": 0.5163977794943222
}
{
  "native_pdb": "/tmp/rna_inf_n1qylnlv/PZ38_RNAComposer_4_solution_normalized.pdb",
  "native_index": null,
  "model_pdb": "/tmp/rna_inf_uxl2a2xx/PZ38_RNAComposer_4_refined_normalized.pdb",
  "model_index": null,
  "rmsd": 13.885056702779387,
  "inf_all": 0.5160924896186918,
  "inf_wc": 0.8461538461538461,
  "inf_nwc": 0.0,
  "inf_stack": 0.46159309117249775
}
{
  "native_pdb": "/tmp/rna_inf_rg8z5z25/PZ38_RNAComposer_5_solution_normalized.pdb",
  "native_index": null,
  "model_pdb": "/tmp/rna_inf_yi5gz_zm/PZ38_RNAComposer_5_refined_normalized.pdb",
  "model_index": null,
  "rmsd": 10.791886977230485,
  "inf_all": 0.5333964609104418,
  "inf_wc": 0.8153742483272113,
  "inf_nwc": 0.0,
  "inf_stack": 0.5303300858899106
}
{
  "native_pdb": "/tmp/rna_inf_jt23a5vm/PZ38_SimRNA_1_solution_normalized.pdb",
  "native_index": null,
  "model_pdb": "/tmp/rna_inf_xa3ra_pu/PZ38_SimRNA_1_refined_normalized.pdb",
  "model_index": null,
  "rmsd": 9.916113545664603,
  "inf_all": 0.6098264357375361,
  "inf_wc": 0.8894991799933214,
  "inf_nwc": 0.0,
  "inf_stack": 0.6273764344284781
}
{
  "native_pdb": "/tmp/rna_inf_efb1hkvb/PZ38_SimRNA_2_solution_normalized.pdb",
  "native_index": null,
  "model_pdb": "/tmp/rna_inf_j23y5qfm/PZ38_SimRNA_2_refined_normalized.pdb",
  "model_index": null,
  "rmsd": 10.98849749287332,
  "inf_all": 0.5749792108382484,
  "inf_wc": 0.8744746321952062,
  "inf_nwc": 0.0,
  "inf_stack": 0.5590169943749475
}
{
  "native_pdb": "/tmp/rna_inf_fl6wu0yu/PZ38_SimRNA_3_solution_normalized.pdb",
  "native_index": null,
  "model_pdb": "/tmp/rna_inf_4jil09kk/PZ38_SimRNA_3_refined_normalized.pdb",
  "model_index": null,
  "rmsd": 10.570726392466534,
  "inf_all": 0.5985056016645798,
  "inf_wc": 0.8072073527955751,
  "inf_nwc": 0.0,
  "inf_stack": 0.6469966392206304
}
{
  "native_pdb": "/tmp/rna_inf_u6atatn6/PZ38_SimRNA_4_solution_normalized.pdb",
  "native_index": null,
  "model_pdb": "/tmp/rna_inf_r_wu5rk1/PZ38_SimRNA_4_refined_normalized.pdb",
  "model_index": null,
  "rmsd": 10.455946871343626,
  "inf_all": 0.6377928041432807,
  "inf_wc": 0.9013878188659973,
  "inf_nwc": 0.0,
  "inf_stack": 0.6428695435311895
}
{
  "native_pdb": "/tmp/rna_inf_wqz5g4ba/PZ38_SimRNA_5_solution_normalized.pdb",
  "native_index": null,
  "model_pdb": "/tmp/rna_inf_avymj5s8/PZ38_SimRNA_5_refined_normalized.pdb",
  "model_index": null,
  "rmsd": 11.511704432003565,
  "inf_all": 0.5783517448238059,
  "inf_wc": 0.9636241116594315,
  "inf_nwc": 0.0,
  "inf_stack": 0.57282196186948
}
{
  "native_pdb": "/tmp/rna_inf_cni5jxqu/PZ38_SoutheRNA_1_solution_normalized.pdb",
  "native_index": null,
  "model_pdb": "/tmp/rna_inf_eoaxtyk3/PZ38_SoutheRNA_1_refined_normalized.pdb",
  "model_index": null,
  "rmsd": 11.502991719338663,
  "inf_all": 0.6030226891555273,
  "inf_wc": 0.8744746321952062,
  "inf_nwc": 0.0,
  "inf_stack": 0.6200384459197709
}
{
  "native_pdb": "/tmp/rna_inf_se0c9g57/PZ38_SoutheRNA_2_solution_normalized.pdb",
  "native_index": null,
  "model_pdb": "/tmp/rna_inf_i7g2559a/PZ38_SoutheRNA_2_refined_normalized.pdb",
  "model_index": null,
  "rmsd": 16.600946016252497,
  "inf_all": 0.40747873598042933,
  "inf_wc": 0.22237479499833035,
  "inf_nwc": 0.0,
  "inf_stack": 0.5735393346764044
}
{
  "native_pdb": "/tmp/rna_inf_0nx8o4c8/PZ38_SoutheRNA_3_solution_normalized.pdb",
  "native_index": null,
  "model_pdb": "/tmp/rna_inf_x7qd210c/PZ38_SoutheRNA_3_refined_normalized.pdb",
  "model_index": null,
  "rmsd": 13.073229784806673,
  "inf_all": 0.6394535450837623,
  "inf_wc": 0.8744746321952062,
  "inf_nwc": 0.13608276348795434,
  "inf_stack": 0.6510592946331426
}
{
  "native_pdb": "/tmp/rna_inf_9awnd8bw/PZ38_SoutheRNA_4_solution_normalized.pdb",
  "native_index": null,
  "model_pdb": "/tmp/rna_inf_zst5o84z/PZ38_SoutheRNA_4_refined_normalized.pdb",
  "model_index": null,
  "rmsd": 12.576700563225819,
  "inf_all": 0.5669269370162494,
  "inf_wc": 0.8744746321952062,
  "inf_nwc": 0.0,
  "inf_stack": 0.5521762840331416
}
{
  "native_pdb": "/tmp/rna_inf_555g5jla/PZ38_SoutheRNA_5_solution_normalized.pdb",
  "native_index": null,
  "model_pdb": "/tmp/rna_inf_wmy8abmm/PZ38_SoutheRNA_5_refined_normalized.pdb",
  "model_index": null,
  "rmsd": 17.980372521118294,
  "inf_all": 0.36049204695725007,
  "inf_wc": 0.07412493166611012,
  "inf_nwc": 0.0,
  "inf_stack": 0.5310661446562001
}
{
  "native_pdb": "/tmp/rna_inf_vq76a6nl/PZ38_Szachniuk_1_solution_normalized.pdb",
  "native_index": null,
  "model_pdb": "/tmp/rna_inf_und8mm0a/PZ38_Szachniuk_1_refined_normalized.pdb",
  "model_index": null,
  "rmsd": 8.394390543248615,
  "inf_all": 0.5810679526070444,
  "inf_wc": 0.8807048459279792,
  "inf_nwc": 0.0,
  "inf_stack": 0.5580523396538208
}
{
  "native_pdb": "/tmp/rna_inf_2aiitgg4/PZ38_Szachniuk_2_solution_normalized.pdb",
  "native_index": null,
  "model_pdb": "/tmp/rna_inf_u7a3lpxt/PZ38_Szachniuk_2_refined_normalized.pdb",
  "model_index": null,
  "rmsd": 8.503786543385491,
  "inf_all": 0.5637295497763136,
  "inf_wc": 0.8807048459279792,
  "inf_nwc": 0.0,
  "inf_stack": 0.5812381937190964
}
{
  "native_pdb": "/tmp/rna_inf_swyg579y/PZ38_Szachniuk_3_solution_normalized.pdb",
  "native_index": null,
  "model_pdb": "/tmp/rna_inf_zrd0b81r/PZ38_Szachniuk_3_refined_normalized.pdb",
  "model_index": null,
  "rmsd": 9.435591051397973,
  "inf_all": 0.6018203794858673,
  "inf_wc": 0.8807048459279792,
  "inf_nwc": 0.0,
  "inf_stack": 0.6013377943029549
}
{
  "native_pdb": "/tmp/rna_inf_poo7c4x5/PZ38_Szachniuk_4_solution_normalized.pdb",
  "native_index": null,
  "model_pdb": "/tmp/rna_inf_v73wqp5j/PZ38_Szachniuk_4_refined_normalized.pdb",
  "model_index": null,
  "rmsd": 11.764213422221,
  "inf_all": 0.5680085781535056,
  "inf_wc": 0.8153742483272113,
  "inf_nwc": -1.0,
  "inf_stack": 0.5397505397508097
}
{
  "native_pdb": "/tmp/rna_inf_94ygd5r7/PZ38_Szachniuk_5_solution_normalized.pdb",
  "native_index": null,
  "model_pdb": "/tmp/rna_inf_8lrmkv6i/PZ38_Szachniuk_5_refined_normalized.pdb",
  "model_index": null,
  "rmsd": 14.275568375168387,
  "inf_all": 0.5680085781535056,
  "inf_wc": 0.8461538461538461,
  "inf_nwc": 0.0,
  "inf_stack": 0.5486726407127174
}
{
  "native_pdb": "/tmp/rna_inf_txmjcc8u/PZ38_Xiao_1_solution_normalized.pdb",
  "native_index": null,
  "model_pdb": "/tmp/rna_inf_thk5gi9c/PZ38_Xiao_1_refined_normalized.pdb",
  "model_index": null,
  "rmsd": 18.089252320657444,
  "inf_all": 0.35007002100700246,
  "inf_wc": 0.2773500981126146,
  "inf_nwc": 0.0,
  "inf_stack": 0.44232586846469135
}
{
  "native_pdb": "/tmp/rna_inf_xzmwny6e/PZ38_Xiao_2_solution_normalized.pdb",
  "native_index": null,
  "model_pdb": "/tmp/rna_inf_dps_qarc/PZ38_Xiao_2_refined_normalized.pdb",
  "model_index": null,
  "rmsd": 19.748250854502754,
  "inf_all": 0.44629245426346864,
  "inf_wc": 0.2773500981126146,
  "inf_nwc": -1.0,
  "inf_stack": 0.5597928684393502
}
{
  "native_pdb": "/tmp/rna_inf_5_yy0dwz/PZ38_Xiao_3_solution_normalized.pdb",
  "native_index": null,
  "model_pdb": "/tmp/rna_inf_eg8hjhv1/PZ38_Xiao_3_refined_normalized.pdb",
  "model_index": null,
  "rmsd": 18.315520952811532,
  "inf_all": 0.39735970711951313,
  "inf_wc": 0.2773500981126146,
  "inf_nwc": -1.0,
  "inf_stack": 0.49239912322395957
}
{
  "native_pdb": "/tmp/rna_inf_0fmb6alj/PZ38_Xiao_4_solution_normalized.pdb",
  "native_index": null,
  "model_pdb": "/tmp/rna_inf_dq6dq3tp/PZ38_Xiao_4_refined_normalized.pdb",
  "model_index": null,
  "rmsd": 14.324397073590669,
  "inf_all": 0.5637714487358109,
  "inf_wc": 0.7016464154456233,
  "inf_nwc": -1.0,
  "inf_stack": 0.5944454429259127
}
{
  "native_pdb": "/tmp/rna_inf_xjvlm4pj/PZ38_Xiao_5_solution_normalized.pdb",
  "native_index": null,
  "model_pdb": "/tmp/rna_inf_7rpcnoob/PZ38_Xiao_5_refined_normalized.pdb",
  "model_index": null,
  "rmsd": 11.82550541346082,
  "inf_all": 0.5499719409228703,
  "inf_wc": 0.647150228929434,
  "inf_nwc": 0.0,
  "inf_stack": 0.6187184335382291
}
{
  "native_pdb": "/tmp/rna_inf_8a0614dn/PZ38_YangServer_1_solution_normalized.pdb",
  "native_index": null,
  "model_pdb": "/tmp/rna_inf_q1hs0r_5/PZ38_YangServer_1_refined_normalized.pdb",
  "model_index": null,
  "rmsd": 14.412505998883994,
  "inf_all": 0.5499719409228703,
  "inf_wc": 0.7337993857053428,
  "inf_nwc": 0.0,
  "inf_stack": 0.5944454429259127
}
{
  "native_pdb": "/tmp/rna_inf_pebu_2iw/PZ38_YangServer_2_solution_normalized.pdb",
  "native_index": null,
  "model_pdb": "/tmp/rna_inf_ofm9g5wx/PZ38_YangServer_2_refined_normalized.pdb",
  "model_index": null,
  "rmsd": 9.2307943433676,
  "inf_all": 0.4718507154207755,
  "inf_wc": 0.5883484054145521,
  "inf_nwc": 0.0,
  "inf_stack": 0.5079721589671172
}
{
  "native_pdb": "/tmp/rna_inf_83ir129l/PZ38_YangServer_3_solution_normalized.pdb",
  "native_index": null,
  "model_pdb": "/tmp/rna_inf_k58xtacs/PZ38_YangServer_3_refined_normalized.pdb",
  "model_index": null,
  "rmsd": 12.573808098979738,
  "inf_all": 0.3975231959999626,
  "inf_wc": 0.6201736729460423,
  "inf_nwc": 0.0,
  "inf_stack": 0.42433421239575275
}
{
  "native_pdb": "/tmp/rna_inf_89ni85am/PZ38_YangServer_4_solution_normalized.pdb",
  "native_index": null,
  "model_pdb": "/tmp/rna_inf_22sea_g1/PZ38_YangServer_4_refined_normalized.pdb",
  "model_index": null,
  "rmsd": 12.452802262448179,
  "inf_all": 0.23756554836659943,
  "inf_wc": -1.0,
  "inf_nwc": 0.0,
  "inf_stack": 0.3333333333333333
}
{
  "native_pdb": "/tmp/rna_inf_or9leouf/PZ38_YangServer_5_solution_normalized.pdb",
  "native_index": null,
  "model_pdb": "/tmp/rna_inf_lvur6gsv/PZ38_YangServer_5_refined_normalized.pdb",
  "model_index": null,
  "rmsd": 8.731854552954797,
  "inf_all": 0.6111111111111112,
  "inf_wc": 0.8461538461538461,
  "inf_nwc": 0.3849001794597505,
  "inf_stack": 0.5735393346764044
}
