2026-03-10 00:37:12 	 START case: PZ5
2026-03-10 00:37:12 	 caseDir: D:\Studia\Projekty\gsp-lab\data\finished\PZ5
2026-03-10 00:37:12 	 pdbDir: D:\Studia\Projekty\gsp-lab\data\finished\PZ5\pdb
2026-03-10 00:37:12 	 Found pdb count: 50
2026-03-10 00:37:12 	 Global solution: 5_adamiak_1_solution.pdb
2026-03-10 00:37:12 	 RUN refined_pair target=5_adamiak_1_solution.pdb model=5_adamiak_1_refined.pdb -> id=adamiak_1
2026-03-10 00:37:12 	 Docker cmd: docker run --rm -v D:\Studia\Projekty\gsp-lab:/work -v D:\Studia\Projekty\RNA_assessment:/rna_assessment -e RNA_ASSESSMENT_ROOT=/rna_assessment -e PYTHONPATH=/rna_assessment mcannotate-runtime python3 /work/src/utils/INF.py /work/data/finished/PZ5/pdb/5_adamiak_1_solution.pdb /work/data/finished/PZ5/pdb/5_adamiak_1_refined.pdb
2026-03-10 00:37:15 	 Docker exit code: 0
2026-03-10 00:37:15 	 Docker output length: 365
2026-03-10 00:37:15 	 Saved CSV: PZ5,adamiak_1,adamiak,1,refined_pair,0.7157429689455633,0.9193548387096774,0.21320071635561044,5_adamiak_1_solution.pdb,5_adamiak_1_refined.pdb
2026-03-10 00:37:15 	 RUN refined_pair target=5_bujnicki_1_solution.pdb model=5_bujnicki_1_refined.pdb -> id=bujnicki_1
2026-03-10 00:37:15 	 Docker cmd: docker run --rm -v D:\Studia\Projekty\gsp-lab:/work -v D:\Studia\Projekty\RNA_assessment:/rna_assessment -e RNA_ASSESSMENT_ROOT=/rna_assessment -e PYTHONPATH=/rna_assessment mcannotate-runtime python3 /work/src/utils/INF.py /work/data/finished/PZ5/pdb/5_bujnicki_1_solution.pdb /work/data/finished/PZ5/pdb/5_bujnicki_1_refined.pdb
2026-03-10 00:37:18 	 Docker exit code: 0
2026-03-10 00:37:18 	 Docker output length: 349
2026-03-10 00:37:18 	 Saved CSV: PZ5,bujnicki_1,bujnicki,1,refined_pair,0.687415201736601,0.794996299293326,0,5_bujnicki_1_solution.pdb,5_bujnicki_1_refined.pdb
2026-03-10 00:37:18 	 RUN refined_pair target=5_bujnicki_2_solution.pdb model=5_bujnicki_2_refined.pdb -> id=bujnicki_2
2026-03-10 00:37:18 	 Docker cmd: docker run --rm -v D:\Studia\Projekty\gsp-lab:/work -v D:\Studia\Projekty\RNA_assessment:/rna_assessment -e RNA_ASSESSMENT_ROOT=/rna_assessment -e PYTHONPATH=/rna_assessment mcannotate-runtime python3 /work/src/utils/INF.py /work/data/finished/PZ5/pdb/5_bujnicki_2_solution.pdb /work/data/finished/PZ5/pdb/5_bujnicki_2_refined.pdb
2026-03-10 00:37:21 	 Docker exit code: 0
2026-03-10 00:37:21 	 Docker output length: 349
2026-03-10 00:37:21 	 Saved CSV: PZ5,bujnicki_2,bujnicki,2,refined_pair,0.7510116328387503,0.8525735865191388,0,5_bujnicki_2_solution.pdb,5_bujnicki_2_refined.pdb
2026-03-10 00:37:21 	 RUN refined_pair target=5_bujnicki_3_solution.pdb model=5_bujnicki_3_refined.pdb -> id=bujnicki_3
2026-03-10 00:37:21 	 Docker cmd: docker run --rm -v D:\Studia\Projekty\gsp-lab:/work -v D:\Studia\Projekty\RNA_assessment:/rna_assessment -e RNA_ASSESSMENT_ROOT=/rna_assessment -e PYTHONPATH=/rna_assessment mcannotate-runtime python3 /work/src/utils/INF.py /work/data/finished/PZ5/pdb/5_bujnicki_3_solution.pdb /work/data/finished/PZ5/pdb/5_bujnicki_3_refined.pdb
2026-03-10 00:37:24 	 Docker exit code: 0
2026-03-10 00:37:24 	 Docker output length: 349
2026-03-10 00:37:24 	 Saved CSV: PZ5,bujnicki_3,bujnicki,3,refined_pair,0.6136766910435452,0.722897396012249,0,5_bujnicki_3_solution.pdb,5_bujnicki_3_refined.pdb
2026-03-10 00:37:24 	 RUN refined_pair target=5_bujnicki_4_solution.pdb model=5_bujnicki_4_refined.pdb -> id=bujnicki_4
2026-03-10 00:37:24 	 Docker cmd: docker run --rm -v D:\Studia\Projekty\gsp-lab:/work -v D:\Studia\Projekty\RNA_assessment:/rna_assessment -e RNA_ASSESSMENT_ROOT=/rna_assessment -e PYTHONPATH=/rna_assessment mcannotate-runtime python3 /work/src/utils/INF.py /work/data/finished/PZ5/pdb/5_bujnicki_4_solution.pdb /work/data/finished/PZ5/pdb/5_bujnicki_4_refined.pdb
2026-03-10 00:37:27 	 Docker exit code: 0
2026-03-10 00:37:27 	 Docker output length: 350
2026-03-10 00:37:27 	 Saved CSV: PZ5,bujnicki_4,bujnicki,4,refined_pair,0.6972354189042667,0.7777137710478189,0,5_bujnicki_4_solution.pdb,5_bujnicki_4_refined.pdb
2026-03-10 00:37:27 	 RUN refined_pair target=5_bujnicki_5_solution.pdb model=5_bujnicki_5_refined.pdb -> id=bujnicki_5
2026-03-10 00:37:27 	 Docker cmd: docker run --rm -v D:\Studia\Projekty\gsp-lab:/work -v D:\Studia\Projekty\RNA_assessment:/rna_assessment -e RNA_ASSESSMENT_ROOT=/rna_assessment -e PYTHONPATH=/rna_assessment mcannotate-runtime python3 /work/src/utils/INF.py /work/data/finished/PZ5/pdb/5_bujnicki_5_solution.pdb /work/data/finished/PZ5/pdb/5_bujnicki_5_refined.pdb
2026-03-10 00:37:30 	 Docker exit code: 0
2026-03-10 00:37:30 	 Docker output length: 351
2026-03-10 00:37:30 	 Saved CSV: PZ5,bujnicki_5,bujnicki,5,refined_pair,0.7257533601196271,0.8671485497545911,0,5_bujnicki_5_solution.pdb,5_bujnicki_5_refined.pdb
2026-03-10 00:37:30 	 RUN refined_pair target=5_chen_1_solution.pdb model=5_chen_1_refined.pdb -> id=chen_1
2026-03-10 00:37:30 	 Docker cmd: docker run --rm -v D:\Studia\Projekty\gsp-lab:/work -v D:\Studia\Projekty\RNA_assessment:/rna_assessment -e RNA_ASSESSMENT_ROOT=/rna_assessment -e PYTHONPATH=/rna_assessment mcannotate-runtime python3 /work/src/utils/INF.py /work/data/finished/PZ5/pdb/5_chen_1_solution.pdb /work/data/finished/PZ5/pdb/5_chen_1_refined.pdb
2026-03-10 00:37:33 	 Docker exit code: 0
2026-03-10 00:37:33 	 Docker output length: 357
2026-03-10 00:37:33 	 Saved CSV: PZ5,chen_1,chen,1,refined_pair,0.7197753556072798,0.800260868283276,0.12309149097933274,5_chen_1_solution.pdb,5_chen_1_refined.pdb
2026-03-10 00:37:33 	 RUN refined_pair target=5_chen_2_solution.pdb model=5_chen_2_refined.pdb -> id=chen_2
2026-03-10 00:37:33 	 Docker cmd: docker run --rm -v D:\Studia\Projekty\gsp-lab:/work -v D:\Studia\Projekty\RNA_assessment:/rna_assessment -e RNA_ASSESSMENT_ROOT=/rna_assessment -e PYTHONPATH=/rna_assessment mcannotate-runtime python3 /work/src/utils/INF.py /work/data/finished/PZ5/pdb/5_chen_2_solution.pdb /work/data/finished/PZ5/pdb/5_chen_2_refined.pdb
2026-03-10 00:37:36 	 Docker exit code: 0
2026-03-10 00:37:36 	 Docker output length: 358
2026-03-10 00:37:36 	 Saved CSV: PZ5,chen_2,chen,2,refined_pair,0.7414263961587624,0.7925286978858903,0.10660035817780522,5_chen_2_solution.pdb,5_chen_2_refined.pdb
2026-03-10 00:37:36 	 RUN refined_pair target=5_chen_3_solution.pdb model=5_chen_3_refined.pdb -> id=chen_3
2026-03-10 00:37:36 	 Docker cmd: docker run --rm -v D:\Studia\Projekty\gsp-lab:/work -v D:\Studia\Projekty\RNA_assessment:/rna_assessment -e RNA_ASSESSMENT_ROOT=/rna_assessment -e PYTHONPATH=/rna_assessment mcannotate-runtime python3 /work/src/utils/INF.py /work/data/finished/PZ5/pdb/5_chen_3_solution.pdb /work/data/finished/PZ5/pdb/5_chen_3_refined.pdb
2026-03-10 00:37:39 	 Docker exit code: 0
2026-03-10 00:37:39 	 Docker output length: 358
2026-03-10 00:37:39 	 Saved CSV: PZ5,chen_3,chen,3,refined_pair,0.6984007246403938,0.7021124388820102,0.11396057645963795,5_chen_3_solution.pdb,5_chen_3_refined.pdb
2026-03-10 00:37:39 	 RUN refined_pair target=5_chen_4_solution.pdb model=5_chen_4_refined.pdb -> id=chen_4
2026-03-10 00:37:39 	 Docker cmd: docker run --rm -v D:\Studia\Projekty\gsp-lab:/work -v D:\Studia\Projekty\RNA_assessment:/rna_assessment -e RNA_ASSESSMENT_ROOT=/rna_assessment -e PYTHONPATH=/rna_assessment mcannotate-runtime python3 /work/src/utils/INF.py /work/data/finished/PZ5/pdb/5_chen_4_solution.pdb /work/data/finished/PZ5/pdb/5_chen_4_refined.pdb
2026-03-10 00:37:42 	 Docker exit code: 0
2026-03-10 00:37:42 	 Docker output length: 359
2026-03-10 00:37:42 	 Saved CSV: PZ5,chen_4,chen,4,refined_pair,0.7550024563153169,0.8219852943008901,0.12309149097933274,5_chen_4_solution.pdb,5_chen_4_refined.pdb
2026-03-10 00:37:42 	 RUN refined_pair target=5_chen_5_solution.pdb model=5_chen_5_refined.pdb -> id=chen_5
2026-03-10 00:37:42 	 Docker cmd: docker run --rm -v D:\Studia\Projekty\gsp-lab:/work -v D:\Studia\Projekty\RNA_assessment:/rna_assessment -e RNA_ASSESSMENT_ROOT=/rna_assessment -e PYTHONPATH=/rna_assessment mcannotate-runtime python3 /work/src/utils/INF.py /work/data/finished/PZ5/pdb/5_chen_5_solution.pdb /work/data/finished/PZ5/pdb/5_chen_5_refined.pdb
2026-03-10 00:37:45 	 Docker exit code: 0
2026-03-10 00:37:45 	 Docker output length: 359
2026-03-10 00:37:45 	 Saved CSV: PZ5,chen_5,chen,5,refined_pair,0.7425287651933773,0.7982865125726261,0.15075567228888181,5_chen_5_solution.pdb,5_chen_5_refined.pdb
2026-03-10 00:37:45 	 RUN refined_pair target=5_chen_6_solution.pdb model=5_chen_6_refined.pdb -> id=chen_6
2026-03-10 00:37:45 	 Docker cmd: docker run --rm -v D:\Studia\Projekty\gsp-lab:/work -v D:\Studia\Projekty\RNA_assessment:/rna_assessment -e RNA_ASSESSMENT_ROOT=/rna_assessment -e PYTHONPATH=/rna_assessment mcannotate-runtime python3 /work/src/utils/INF.py /work/data/finished/PZ5/pdb/5_chen_6_solution.pdb /work/data/finished/PZ5/pdb/5_chen_6_refined.pdb
2026-03-10 00:37:48 	 Docker exit code: 0
2026-03-10 00:37:48 	 Docker output length: 359
2026-03-10 00:37:48 	 Saved CSV: PZ5,chen_6,chen,6,refined_pair,0.7411835981236492,0.8219852943008901,0.13483997249264842,5_chen_6_solution.pdb,5_chen_6_refined.pdb
2026-03-10 00:37:48 	 RUN refined_pair target=5_chen_7_solution.pdb model=5_chen_7_refined.pdb -> id=chen_7
2026-03-10 00:37:48 	 Docker cmd: docker run --rm -v D:\Studia\Projekty\gsp-lab:/work -v D:\Studia\Projekty\RNA_assessment:/rna_assessment -e RNA_ASSESSMENT_ROOT=/rna_assessment -e PYTHONPATH=/rna_assessment mcannotate-runtime python3 /work/src/utils/INF.py /work/data/finished/PZ5/pdb/5_chen_7_solution.pdb /work/data/finished/PZ5/pdb/5_chen_7_refined.pdb
2026-03-10 00:37:51 	 Docker exit code: 0
2026-03-10 00:37:51 	 Docker output length: 358
2026-03-10 00:37:51 	 Saved CSV: PZ5,chen_7,chen,7,refined_pair,0.6984929324492942,0.7469101437310576,0.10660035817780522,5_chen_7_solution.pdb,5_chen_7_refined.pdb
2026-03-10 00:37:51 	 RUN refined_pair target=5_das_1_solution.pdb model=5_das_1_refined.pdb -> id=das_1
2026-03-10 00:37:51 	 Docker cmd: docker run --rm -v D:\Studia\Projekty\gsp-lab:/work -v D:\Studia\Projekty\RNA_assessment:/rna_assessment -e RNA_ASSESSMENT_ROOT=/rna_assessment -e PYTHONPATH=/rna_assessment mcannotate-runtime python3 /work/src/utils/INF.py /work/data/finished/PZ5/pdb/5_das_1_solution.pdb /work/data/finished/PZ5/pdb/5_das_1_refined.pdb
2026-03-10 00:37:54 	 Docker exit code: 0
2026-03-10 00:37:54 	 Docker output length: 355
2026-03-10 00:37:54 	 Saved CSV: PZ5,das_1,das,1,refined_pair,0.7693812969013794,0.9259445295963473,0.19738550848793068,5_das_1_solution.pdb,5_das_1_refined.pdb
2026-03-10 00:37:54 	 RUN refined_pair target=5_das_2_solution.pdb model=5_das_2_refined.pdb -> id=das_2
2026-03-10 00:37:54 	 Docker cmd: docker run --rm -v D:\Studia\Projekty\gsp-lab:/work -v D:\Studia\Projekty\RNA_assessment:/rna_assessment -e RNA_ASSESSMENT_ROOT=/rna_assessment -e PYTHONPATH=/rna_assessment mcannotate-runtime python3 /work/src/utils/INF.py /work/data/finished/PZ5/pdb/5_das_2_solution.pdb /work/data/finished/PZ5/pdb/5_das_2_refined.pdb
2026-03-10 00:37:57 	 Docker exit code: 0
2026-03-10 00:37:57 	 Docker output length: 356
2026-03-10 00:37:57 	 Saved CSV: PZ5,das_2,das,2,refined_pair,0.7710246148334993,0.9293931956705994,0.29250896965085227,5_das_2_solution.pdb,5_das_2_refined.pdb
2026-03-10 00:37:57 	 RUN refined_pair target=5_dokholyan_1_solution.pdb model=5_dokholyan_1_refined.pdb -> id=dokholyan_1
2026-03-10 00:37:57 	 Docker cmd: docker run --rm -v D:\Studia\Projekty\gsp-lab:/work -v D:\Studia\Projekty\RNA_assessment:/rna_assessment -e RNA_ASSESSMENT_ROOT=/rna_assessment -e PYTHONPATH=/rna_assessment mcannotate-runtime python3 /work/src/utils/INF.py /work/data/finished/PZ5/pdb/5_dokholyan_1_solution.pdb /work/data/finished/PZ5/pdb/5_dokholyan_1_refined.pdb
2026-03-10 00:38:00 	 Docker exit code: 0
2026-03-10 00:38:00 	 Docker output length: 354
2026-03-10 00:38:00 	 Saved CSV: PZ5,dokholyan_1,dokholyan,1,refined_pair,0.7403743208312216,0.8480271373025975,-1,5_dokholyan_1_solution.pdb,5_dokholyan_1_refined.pdb
2026-03-10 00:38:00 	 RUN refined_pair target=5_dokholyan_2_solution.pdb model=5_dokholyan_2_refined.pdb -> id=dokholyan_2
2026-03-10 00:38:00 	 Docker cmd: docker run --rm -v D:\Studia\Projekty\gsp-lab:/work -v D:\Studia\Projekty\RNA_assessment:/rna_assessment -e RNA_ASSESSMENT_ROOT=/rna_assessment -e PYTHONPATH=/rna_assessment mcannotate-runtime python3 /work/src/utils/INF.py /work/data/finished/PZ5/pdb/5_dokholyan_2_solution.pdb /work/data/finished/PZ5/pdb/5_dokholyan_2_refined.pdb
2026-03-10 00:38:03 	 Docker exit code: 0
2026-03-10 00:38:03 	 Docker output length: 354
2026-03-10 00:38:03 	 Saved CSV: PZ5,dokholyan_2,dokholyan,2,refined_pair,0.6860684620549162,0.8432344196576375,-1,5_dokholyan_2_solution.pdb,5_dokholyan_2_refined.pdb
2026-03-10 00:38:03 	 RUN refined_pair target=5_dokholyan_3_solution.pdb model=5_dokholyan_3_refined.pdb -> id=dokholyan_3
2026-03-10 00:38:03 	 Docker cmd: docker run --rm -v D:\Studia\Projekty\gsp-lab:/work -v D:\Studia\Projekty\RNA_assessment:/rna_assessment -e RNA_ASSESSMENT_ROOT=/rna_assessment -e PYTHONPATH=/rna_assessment mcannotate-runtime python3 /work/src/utils/INF.py /work/data/finished/PZ5/pdb/5_dokholyan_3_solution.pdb /work/data/finished/PZ5/pdb/5_dokholyan_3_refined.pdb
2026-03-10 00:38:06 	 Docker exit code: 0
2026-03-10 00:38:06 	 Docker output length: 353
2026-03-10 00:38:06 	 Saved CSV: PZ5,dokholyan_3,dokholyan,3,refined_pair,0.7411835981236492,0.8689692324137377,0,5_dokholyan_3_solution.pdb,5_dokholyan_3_refined.pdb
2026-03-10 00:38:06 	 RUN refined_pair target=5_dokholyan_4_solution.pdb model=5_dokholyan_4_refined.pdb -> id=dokholyan_4
2026-03-10 00:38:06 	 Docker cmd: docker run --rm -v D:\Studia\Projekty\gsp-lab:/work -v D:\Studia\Projekty\RNA_assessment:/rna_assessment -e RNA_ASSESSMENT_ROOT=/rna_assessment -e PYTHONPATH=/rna_assessment mcannotate-runtime python3 /work/src/utils/INF.py /work/data/finished/PZ5/pdb/5_dokholyan_4_solution.pdb /work/data/finished/PZ5/pdb/5_dokholyan_4_refined.pdb
2026-03-10 00:38:09 	 Docker exit code: 0
2026-03-10 00:38:09 	 Docker output length: 354
2026-03-10 00:38:09 	 Saved CSV: PZ5,dokholyan_4,dokholyan,4,refined_pair,0.6860684620549162,0.8432344196576375,-1,5_dokholyan_4_solution.pdb,5_dokholyan_4_refined.pdb
2026-03-10 00:38:09 	 RUN refined_pair target=5_dokholyan_5_solution.pdb model=5_dokholyan_5_refined.pdb -> id=dokholyan_5
2026-03-10 00:38:09 	 Docker cmd: docker run --rm -v D:\Studia\Projekty\gsp-lab:/work -v D:\Studia\Projekty\RNA_assessment:/rna_assessment -e RNA_ASSESSMENT_ROOT=/rna_assessment -e PYTHONPATH=/rna_assessment mcannotate-runtime python3 /work/src/utils/INF.py /work/data/finished/PZ5/pdb/5_dokholyan_5_solution.pdb /work/data/finished/PZ5/pdb/5_dokholyan_5_refined.pdb
2026-03-10 00:38:12 	 Docker exit code: 0
2026-03-10 00:38:12 	 Docker output length: 353
2026-03-10 00:38:12 	 Saved CSV: PZ5,dokholyan_5,dokholyan,5,refined_pair,0.7268649488682145,0.8731258731263096,-1,5_dokholyan_5_solution.pdb,5_dokholyan_5_refined.pdb
2026-03-10 00:38:12 	 RUN refined_pair target=5_dokholyan_6_solution.pdb model=5_dokholyan_6_refined.pdb -> id=dokholyan_6
2026-03-10 00:38:12 	 Docker cmd: docker run --rm -v D:\Studia\Projekty\gsp-lab:/work -v D:\Studia\Projekty\RNA_assessment:/rna_assessment -e RNA_ASSESSMENT_ROOT=/rna_assessment -e PYTHONPATH=/rna_assessment mcannotate-runtime python3 /work/src/utils/INF.py /work/data/finished/PZ5/pdb/5_dokholyan_6_solution.pdb /work/data/finished/PZ5/pdb/5_dokholyan_6_refined.pdb
2026-03-10 00:38:15 	 Docker exit code: 0
2026-03-10 00:38:15 	 Docker output length: 353
2026-03-10 00:38:15 	 Saved CSV: PZ5,dokholyan_6,dokholyan,6,refined_pair,0.7565747952490777,0.9193548387096774,0,5_dokholyan_6_solution.pdb,5_dokholyan_6_refined.pdb
2026-03-10 00:38:15 	 RUN refined_pair target=5_dokholyan_7_solution.pdb model=5_dokholyan_7_refined.pdb -> id=dokholyan_7
2026-03-10 00:38:15 	 Docker cmd: docker run --rm -v D:\Studia\Projekty\gsp-lab:/work -v D:\Studia\Projekty\RNA_assessment:/rna_assessment -e RNA_ASSESSMENT_ROOT=/rna_assessment -e PYTHONPATH=/rna_assessment mcannotate-runtime python3 /work/src/utils/INF.py /work/data/finished/PZ5/pdb/5_dokholyan_7_solution.pdb /work/data/finished/PZ5/pdb/5_dokholyan_7_refined.pdb
2026-03-10 00:38:17 	 Docker exit code: 0
2026-03-10 00:38:17 	 Docker output length: 352
2026-03-10 00:38:17 	 Saved CSV: PZ5,dokholyan_7,dokholyan,7,refined_pair,0.7394413152306651,0.9120291854009067,0,5_dokholyan_7_solution.pdb,5_dokholyan_7_refined.pdb
2026-03-10 00:38:17 	 RUN refined_pair target=5_dokholyan_8_solution.pdb model=5_dokholyan_8_refined.pdb -> id=dokholyan_8
2026-03-10 00:38:17 	 Docker cmd: docker run --rm -v D:\Studia\Projekty\gsp-lab:/work -v D:\Studia\Projekty\RNA_assessment:/rna_assessment -e RNA_ASSESSMENT_ROOT=/rna_assessment -e PYTHONPATH=/rna_assessment mcannotate-runtime python3 /work/src/utils/INF.py /work/data/finished/PZ5/pdb/5_dokholyan_8_solution.pdb /work/data/finished/PZ5/pdb/5_dokholyan_8_refined.pdb
2026-03-10 00:38:20 	 Docker exit code: 0
2026-03-10 00:38:20 	 Docker output length: 352
2026-03-10 00:38:20 	 Saved CSV: PZ5,dokholyan_8,dokholyan,8,refined_pair,0.7087607520786511,0.8960286733763294,0,5_dokholyan_8_solution.pdb,5_dokholyan_8_refined.pdb
2026-03-10 00:38:20 	 RUN refined_pair target=5_xiao_1_solution.pdb model=5_xiao_1_refined.pdb -> id=xiao_1
2026-03-10 00:38:20 	 Docker cmd: docker run --rm -v D:\Studia\Projekty\gsp-lab:/work -v D:\Studia\Projekty\RNA_assessment:/rna_assessment -e RNA_ASSESSMENT_ROOT=/rna_assessment -e PYTHONPATH=/rna_assessment mcannotate-runtime python3 /work/src/utils/INF.py /work/data/finished/PZ5/pdb/5_xiao_1_solution.pdb /work/data/finished/PZ5/pdb/5_xiao_1_refined.pdb
2026-03-10 00:38:23 	 Docker exit code: 0
2026-03-10 00:38:23 	 Docker output length: 358
2026-03-10 00:38:23 	 Saved CSV: PZ5,xiao_1,xiao,1,refined_pair,0.6943750879083784,0.8468438840298473,0.13483997249264842,5_xiao_1_solution.pdb,5_xiao_1_refined.pdb
2026-03-10 00:38:23 	 RUN refined_pair target=5_xiao_2_solution.pdb model=5_xiao_2_refined.pdb -> id=xiao_2
2026-03-10 00:38:23 	 Docker cmd: docker run --rm -v D:\Studia\Projekty\gsp-lab:/work -v D:\Studia\Projekty\RNA_assessment:/rna_assessment -e RNA_ASSESSMENT_ROOT=/rna_assessment -e PYTHONPATH=/rna_assessment mcannotate-runtime python3 /work/src/utils/INF.py /work/data/finished/PZ5/pdb/5_xiao_2_solution.pdb /work/data/finished/PZ5/pdb/5_xiao_2_refined.pdb
2026-03-10 00:38:26 	 Docker exit code: 0
2026-03-10 00:38:26 	 Docker output length: 358
2026-03-10 00:38:26 	 Saved CSV: PZ5,xiao_2,xiao,2,refined_pair,0.6850100451047016,0.8373508351824622,0.12309149097933274,5_xiao_2_solution.pdb,5_xiao_2_refined.pdb
2026-03-10 00:38:26 	 SKIP (model is a solution file): 5_adamiak_1_solution.pdb
2026-03-10 00:38:26 	 SKIP (model is a solution file): 5_bujnicki_1_solution.pdb
2026-03-10 00:38:26 	 SKIP (model is a solution file): 5_bujnicki_2_solution.pdb
2026-03-10 00:38:26 	 SKIP (model is a solution file): 5_bujnicki_3_solution.pdb
2026-03-10 00:38:26 	 SKIP (model is a solution file): 5_bujnicki_4_solution.pdb
2026-03-10 00:38:26 	 SKIP (model is a solution file): 5_bujnicki_5_solution.pdb
2026-03-10 00:38:26 	 SKIP (model is a solution file): 5_chen_1_solution.pdb
2026-03-10 00:38:26 	 SKIP (model is a solution file): 5_chen_2_solution.pdb
2026-03-10 00:38:26 	 SKIP (model is a solution file): 5_chen_3_solution.pdb
2026-03-10 00:38:26 	 SKIP (model is a solution file): 5_chen_4_solution.pdb
2026-03-10 00:38:26 	 SKIP (model is a solution file): 5_chen_5_solution.pdb
2026-03-10 00:38:26 	 SKIP (model is a solution file): 5_chen_6_solution.pdb
2026-03-10 00:38:26 	 SKIP (model is a solution file): 5_chen_7_solution.pdb
2026-03-10 00:38:26 	 SKIP (model is a solution file): 5_das_1_solution.pdb
2026-03-10 00:38:26 	 SKIP (model is a solution file): 5_das_2_solution.pdb
2026-03-10 00:38:26 	 SKIP (model is a solution file): 5_dokholyan_1_solution.pdb
2026-03-10 00:38:26 	 SKIP (model is a solution file): 5_dokholyan_2_solution.pdb
2026-03-10 00:38:26 	 SKIP (model is a solution file): 5_dokholyan_3_solution.pdb
2026-03-10 00:38:26 	 SKIP (model is a solution file): 5_dokholyan_4_solution.pdb
2026-03-10 00:38:26 	 SKIP (model is a solution file): 5_dokholyan_5_solution.pdb
2026-03-10 00:38:26 	 SKIP (model is a solution file): 5_dokholyan_6_solution.pdb
2026-03-10 00:38:26 	 SKIP (model is a solution file): 5_dokholyan_7_solution.pdb
2026-03-10 00:38:26 	 SKIP (model is a solution file): 5_dokholyan_8_solution.pdb
2026-03-10 00:38:26 	 SKIP (model is a solution file): 5_xiao_1_solution.pdb
2026-03-10 00:38:26 	 SKIP (model is a solution file): 5_xiao_2_solution.pdb
2026-03-10 00:38:26 	 DONE case: PZ5
2026-03-10 01:12:44 	 START case: PZ5
2026-03-10 01:12:44 	 caseDir: D:\Studia\Projekty\gsp-lab\data\finished\PZ5
2026-03-10 01:12:44 	 pdbDir: D:\Studia\Projekty\gsp-lab\data\finished\PZ5\pdb
2026-03-10 01:12:44 	 Found pdb count: 50
2026-03-10 01:12:44 	 Global solution: 5_adamiak_1_solution.pdb
2026-03-10 01:12:44 	 SKIP already recorded (refined): adamiak_1
2026-03-10 01:12:44 	 SKIP already recorded (refined): bujnicki_1
2026-03-10 01:12:44 	 SKIP already recorded (refined): bujnicki_2
2026-03-10 01:12:44 	 SKIP already recorded (refined): bujnicki_3
2026-03-10 01:12:44 	 SKIP already recorded (refined): bujnicki_4
2026-03-10 01:12:44 	 SKIP already recorded (refined): bujnicki_5
2026-03-10 01:12:44 	 SKIP already recorded (refined): chen_1
2026-03-10 01:12:44 	 SKIP already recorded (refined): chen_2
2026-03-10 01:12:44 	 SKIP already recorded (refined): chen_3
2026-03-10 01:12:44 	 SKIP already recorded (refined): chen_4
2026-03-10 01:12:44 	 SKIP already recorded (refined): chen_5
2026-03-10 01:12:44 	 SKIP already recorded (refined): chen_6
2026-03-10 01:12:44 	 SKIP already recorded (refined): chen_7
2026-03-10 01:12:44 	 SKIP already recorded (refined): das_1
2026-03-10 01:12:44 	 SKIP already recorded (refined): das_2
2026-03-10 01:12:44 	 SKIP already recorded (refined): dokholyan_1
2026-03-10 01:12:44 	 SKIP already recorded (refined): dokholyan_2
2026-03-10 01:12:44 	 SKIP already recorded (refined): dokholyan_3
2026-03-10 01:12:44 	 SKIP already recorded (refined): dokholyan_4
2026-03-10 01:12:45 	 SKIP already recorded (refined): dokholyan_5
2026-03-10 01:12:45 	 SKIP already recorded (refined): dokholyan_6
2026-03-10 01:12:45 	 SKIP already recorded (refined): dokholyan_7
2026-03-10 01:12:45 	 SKIP already recorded (refined): dokholyan_8
2026-03-10 01:12:45 	 SKIP already recorded (refined): xiao_1
2026-03-10 01:12:45 	 SKIP already recorded (refined): xiao_2
2026-03-10 01:12:45 	 SKIP (model is a solution file): 5_adamiak_1_solution.pdb
2026-03-10 01:12:45 	 SKIP (model is a solution file): 5_bujnicki_1_solution.pdb
2026-03-10 01:12:45 	 SKIP (model is a solution file): 5_bujnicki_2_solution.pdb
2026-03-10 01:12:45 	 SKIP (model is a solution file): 5_bujnicki_3_solution.pdb
2026-03-10 01:12:45 	 SKIP (model is a solution file): 5_bujnicki_4_solution.pdb
2026-03-10 01:12:45 	 SKIP (model is a solution file): 5_bujnicki_5_solution.pdb
2026-03-10 01:12:45 	 SKIP (model is a solution file): 5_chen_1_solution.pdb
2026-03-10 01:12:45 	 SKIP (model is a solution file): 5_chen_2_solution.pdb
2026-03-10 01:12:45 	 SKIP (model is a solution file): 5_chen_3_solution.pdb
2026-03-10 01:12:45 	 SKIP (model is a solution file): 5_chen_4_solution.pdb
2026-03-10 01:12:45 	 SKIP (model is a solution file): 5_chen_5_solution.pdb
2026-03-10 01:12:45 	 SKIP (model is a solution file): 5_chen_6_solution.pdb
2026-03-10 01:12:45 	 SKIP (model is a solution file): 5_chen_7_solution.pdb
2026-03-10 01:12:45 	 SKIP (model is a solution file): 5_das_1_solution.pdb
2026-03-10 01:12:45 	 SKIP (model is a solution file): 5_das_2_solution.pdb
2026-03-10 01:12:45 	 SKIP (model is a solution file): 5_dokholyan_1_solution.pdb
2026-03-10 01:12:45 	 SKIP (model is a solution file): 5_dokholyan_2_solution.pdb
2026-03-10 01:12:45 	 SKIP (model is a solution file): 5_dokholyan_3_solution.pdb
2026-03-10 01:12:45 	 SKIP (model is a solution file): 5_dokholyan_4_solution.pdb
2026-03-10 01:12:45 	 SKIP (model is a solution file): 5_dokholyan_5_solution.pdb
2026-03-10 01:12:45 	 SKIP (model is a solution file): 5_dokholyan_6_solution.pdb
2026-03-10 01:12:45 	 SKIP (model is a solution file): 5_dokholyan_7_solution.pdb
2026-03-10 01:12:45 	 SKIP (model is a solution file): 5_dokholyan_8_solution.pdb
2026-03-10 01:12:45 	 SKIP (model is a solution file): 5_xiao_1_solution.pdb
2026-03-10 01:12:45 	 SKIP (model is a solution file): 5_xiao_2_solution.pdb
2026-03-10 01:12:45 	 DONE case: PZ5
2026-03-10 01:17:28 	 START case: PZ5
2026-03-10 01:17:28 	 caseDir: D:\Studia\Projekty\gsp-lab\data\finished\PZ5
2026-03-10 01:17:28 	 pdbDir: D:\Studia\Projekty\gsp-lab\data\finished\PZ5\pdb
2026-03-10 01:17:28 	 Found pdb count: 50
2026-03-10 01:17:28 	 Global solution: 5_adamiak_1_solution.pdb
2026-03-10 01:17:28 	 SKIP already recorded (refined): adamiak_1
2026-03-10 01:17:28 	 SKIP already recorded (refined): bujnicki_1
2026-03-10 01:17:28 	 SKIP already recorded (refined): bujnicki_2
2026-03-10 01:17:28 	 SKIP already recorded (refined): bujnicki_3
2026-03-10 01:17:28 	 SKIP already recorded (refined): bujnicki_4
2026-03-10 01:17:28 	 SKIP already recorded (refined): bujnicki_5
2026-03-10 01:17:28 	 SKIP already recorded (refined): chen_1
2026-03-10 01:17:28 	 SKIP already recorded (refined): chen_2
2026-03-10 01:17:28 	 SKIP already recorded (refined): chen_3
2026-03-10 01:17:28 	 SKIP already recorded (refined): chen_4
2026-03-10 01:17:28 	 SKIP already recorded (refined): chen_5
2026-03-10 01:17:28 	 SKIP already recorded (refined): chen_6
2026-03-10 01:17:28 	 SKIP already recorded (refined): chen_7
2026-03-10 01:17:28 	 SKIP already recorded (refined): das_1
2026-03-10 01:17:28 	 SKIP already recorded (refined): das_2
2026-03-10 01:17:28 	 SKIP already recorded (refined): dokholyan_1
2026-03-10 01:17:28 	 SKIP already recorded (refined): dokholyan_2
2026-03-10 01:17:28 	 SKIP already recorded (refined): dokholyan_3
2026-03-10 01:17:28 	 SKIP already recorded (refined): dokholyan_4
2026-03-10 01:17:28 	 SKIP already recorded (refined): dokholyan_5
2026-03-10 01:17:28 	 SKIP already recorded (refined): dokholyan_6
2026-03-10 01:17:28 	 SKIP already recorded (refined): dokholyan_7
2026-03-10 01:17:28 	 SKIP already recorded (refined): dokholyan_8
2026-03-10 01:17:28 	 SKIP already recorded (refined): xiao_1
2026-03-10 01:17:28 	 SKIP already recorded (refined): xiao_2
2026-03-10 01:17:28 	 SKIP (model is a solution file): 5_adamiak_1_solution.pdb
2026-03-10 01:17:29 	 SKIP (model is a solution file): 5_bujnicki_1_solution.pdb
2026-03-10 01:17:29 	 SKIP (model is a solution file): 5_bujnicki_2_solution.pdb
2026-03-10 01:17:29 	 SKIP (model is a solution file): 5_bujnicki_3_solution.pdb
2026-03-10 01:17:29 	 SKIP (model is a solution file): 5_bujnicki_4_solution.pdb
2026-03-10 01:17:29 	 SKIP (model is a solution file): 5_bujnicki_5_solution.pdb
2026-03-10 01:17:29 	 SKIP (model is a solution file): 5_chen_1_solution.pdb
2026-03-10 01:17:29 	 SKIP (model is a solution file): 5_chen_2_solution.pdb
2026-03-10 01:17:29 	 SKIP (model is a solution file): 5_chen_3_solution.pdb
2026-03-10 01:17:29 	 SKIP (model is a solution file): 5_chen_4_solution.pdb
2026-03-10 01:17:29 	 SKIP (model is a solution file): 5_chen_5_solution.pdb
2026-03-10 01:17:29 	 SKIP (model is a solution file): 5_chen_6_solution.pdb
2026-03-10 01:17:29 	 SKIP (model is a solution file): 5_chen_7_solution.pdb
2026-03-10 01:17:29 	 SKIP (model is a solution file): 5_das_1_solution.pdb
2026-03-10 01:17:29 	 SKIP (model is a solution file): 5_das_2_solution.pdb
2026-03-10 01:17:29 	 SKIP (model is a solution file): 5_dokholyan_1_solution.pdb
2026-03-10 01:17:29 	 SKIP (model is a solution file): 5_dokholyan_2_solution.pdb
2026-03-10 01:17:29 	 SKIP (model is a solution file): 5_dokholyan_3_solution.pdb
2026-03-10 01:17:29 	 SKIP (model is a solution file): 5_dokholyan_4_solution.pdb
2026-03-10 01:17:29 	 SKIP (model is a solution file): 5_dokholyan_5_solution.pdb
2026-03-10 01:17:29 	 SKIP (model is a solution file): 5_dokholyan_6_solution.pdb
2026-03-10 01:17:29 	 SKIP (model is a solution file): 5_dokholyan_7_solution.pdb
2026-03-10 01:17:29 	 SKIP (model is a solution file): 5_dokholyan_8_solution.pdb
2026-03-10 01:17:29 	 SKIP (model is a solution file): 5_xiao_1_solution.pdb
2026-03-10 01:17:29 	 SKIP (model is a solution file): 5_xiao_2_solution.pdb
2026-03-10 01:17:29 	 DONE case: PZ5
2026-03-10 01:21:55 	 START case: PZ5
2026-03-10 01:21:55 	 caseDir: D:\Studia\Projekty\gsp-lab\data\finished\PZ5
2026-03-10 01:21:55 	 pdbDir: D:\Studia\Projekty\gsp-lab\data\finished\PZ5\pdb
2026-03-10 01:21:55 	 Found pdb count: 50
2026-03-10 01:21:55 	 Global solution: 5_adamiak_1_solution.pdb
2026-03-10 01:21:55 	 SKIP already recorded (refined): adamiak_1
2026-03-10 01:21:55 	 SKIP already recorded (refined): bujnicki_1
2026-03-10 01:21:55 	 SKIP already recorded (refined): bujnicki_2
2026-03-10 01:21:55 	 SKIP already recorded (refined): bujnicki_3
2026-03-10 01:21:55 	 SKIP already recorded (refined): bujnicki_4
2026-03-10 01:21:55 	 SKIP already recorded (refined): bujnicki_5
2026-03-10 01:21:55 	 SKIP already recorded (refined): chen_1
2026-03-10 01:21:55 	 SKIP already recorded (refined): chen_2
2026-03-10 01:21:55 	 SKIP already recorded (refined): chen_3
2026-03-10 01:21:55 	 SKIP already recorded (refined): chen_4
2026-03-10 01:21:55 	 SKIP already recorded (refined): chen_5
2026-03-10 01:21:55 	 SKIP already recorded (refined): chen_6
2026-03-10 01:21:55 	 SKIP already recorded (refined): chen_7
2026-03-10 01:21:55 	 SKIP already recorded (refined): das_1
2026-03-10 01:21:55 	 SKIP already recorded (refined): das_2
2026-03-10 01:21:55 	 SKIP already recorded (refined): dokholyan_1
2026-03-10 01:21:55 	 SKIP already recorded (refined): dokholyan_2
2026-03-10 01:21:55 	 SKIP already recorded (refined): dokholyan_3
2026-03-10 01:21:55 	 SKIP already recorded (refined): dokholyan_4
2026-03-10 01:21:55 	 SKIP already recorded (refined): dokholyan_5
2026-03-10 01:21:55 	 SKIP already recorded (refined): dokholyan_6
2026-03-10 01:21:55 	 SKIP already recorded (refined): dokholyan_7
2026-03-10 01:21:55 	 SKIP already recorded (refined): dokholyan_8
2026-03-10 01:21:55 	 SKIP already recorded (refined): xiao_1
2026-03-10 01:21:55 	 SKIP already recorded (refined): xiao_2
2026-03-10 01:21:55 	 SKIP (model is a solution file): 5_adamiak_1_solution.pdb
2026-03-10 01:21:55 	 SKIP (model is a solution file): 5_bujnicki_1_solution.pdb
2026-03-10 01:21:55 	 SKIP (model is a solution file): 5_bujnicki_2_solution.pdb
2026-03-10 01:21:55 	 SKIP (model is a solution file): 5_bujnicki_3_solution.pdb
2026-03-10 01:21:56 	 SKIP (model is a solution file): 5_bujnicki_4_solution.pdb
2026-03-10 01:21:56 	 SKIP (model is a solution file): 5_bujnicki_5_solution.pdb
2026-03-10 01:21:56 	 SKIP (model is a solution file): 5_chen_1_solution.pdb
2026-03-10 01:21:56 	 SKIP (model is a solution file): 5_chen_2_solution.pdb
2026-03-10 01:21:56 	 SKIP (model is a solution file): 5_chen_3_solution.pdb
2026-03-10 01:21:56 	 SKIP (model is a solution file): 5_chen_4_solution.pdb
2026-03-10 01:21:56 	 SKIP (model is a solution file): 5_chen_5_solution.pdb
2026-03-10 01:21:56 	 SKIP (model is a solution file): 5_chen_6_solution.pdb
2026-03-10 01:21:56 	 SKIP (model is a solution file): 5_chen_7_solution.pdb
2026-03-10 01:21:56 	 SKIP (model is a solution file): 5_das_1_solution.pdb
2026-03-10 01:21:56 	 SKIP (model is a solution file): 5_das_2_solution.pdb
2026-03-10 01:21:56 	 SKIP (model is a solution file): 5_dokholyan_1_solution.pdb
2026-03-10 01:21:56 	 SKIP (model is a solution file): 5_dokholyan_2_solution.pdb
2026-03-10 01:21:56 	 SKIP (model is a solution file): 5_dokholyan_3_solution.pdb
2026-03-10 01:21:56 	 SKIP (model is a solution file): 5_dokholyan_4_solution.pdb
2026-03-10 01:21:56 	 SKIP (model is a solution file): 5_dokholyan_5_solution.pdb
2026-03-10 01:21:56 	 SKIP (model is a solution file): 5_dokholyan_6_solution.pdb
2026-03-10 01:21:56 	 SKIP (model is a solution file): 5_dokholyan_7_solution.pdb
2026-03-10 01:21:56 	 SKIP (model is a solution file): 5_dokholyan_8_solution.pdb
2026-03-10 01:21:56 	 SKIP (model is a solution file): 5_xiao_1_solution.pdb
2026-03-10 01:21:56 	 SKIP (model is a solution file): 5_xiao_2_solution.pdb
2026-03-10 01:21:56 	 DONE case: PZ5
