2026-03-10 00:37:27 	 START case: PZ6
2026-03-10 00:37:27 	 caseDir: D:\Studia\Projekty\gsp-lab\data\finished\PZ6
2026-03-10 00:37:27 	 pdbDir: D:\Studia\Projekty\gsp-lab\data\finished\PZ6\pdb
2026-03-10 00:37:27 	 Found pdb count: 68
2026-03-10 00:37:27 	 Global solution: 6_Bujnicki_1_solution.pdb
2026-03-10 00:37:27 	 RUN refined_pair target=6_Bujnicki_1_solution.pdb model=6_Bujnicki_1_refined.pdb -> id=Bujnicki_1
2026-03-10 00:37:27 	 Docker cmd: docker run --rm -v D:\Studia\Projekty\gsp-lab:/work -v D:\Studia\Projekty\RNA_assessment:/rna_assessment -e RNA_ASSESSMENT_ROOT=/rna_assessment -e PYTHONPATH=/rna_assessment mcannotate-runtime python3 /work/src/utils/INF.py /work/data/finished/PZ6/pdb/6_Bujnicki_1_solution.pdb /work/data/finished/PZ6/pdb/6_Bujnicki_1_refined.pdb
2026-03-10 00:37:30 	 Docker exit code: 0
2026-03-10 00:37:30 	 Docker output length: 351
2026-03-10 00:37:30 	 Saved CSV: PZ6,Bujnicki_1,Bujnicki,1,refined_pair,0.6930078427153387,0.8615521921784256,0,6_Bujnicki_1_solution.pdb,6_Bujnicki_1_refined.pdb
2026-03-10 00:37:30 	 RUN refined_pair target=6_Bujnicki_2_solution.pdb model=6_Bujnicki_2_refined.pdb -> id=Bujnicki_2
2026-03-10 00:37:30 	 Docker cmd: docker run --rm -v D:\Studia\Projekty\gsp-lab:/work -v D:\Studia\Projekty\RNA_assessment:/rna_assessment -e RNA_ASSESSMENT_ROOT=/rna_assessment -e PYTHONPATH=/rna_assessment mcannotate-runtime python3 /work/src/utils/INF.py /work/data/finished/PZ6/pdb/6_Bujnicki_2_solution.pdb /work/data/finished/PZ6/pdb/6_Bujnicki_2_refined.pdb
2026-03-10 00:37:33 	 Docker exit code: 0
2026-03-10 00:37:33 	 Docker output length: 351
2026-03-10 00:37:33 	 Saved CSV: PZ6,Bujnicki_2,Bujnicki,2,refined_pair,0.6871097963697332,0.8138381567063987,-1,6_Bujnicki_2_solution.pdb,6_Bujnicki_2_refined.pdb
2026-03-10 00:37:33 	 RUN refined_pair target=6_Bujnicki_3_solution.pdb model=6_Bujnicki_3_refined.pdb -> id=Bujnicki_3
2026-03-10 00:37:33 	 Docker cmd: docker run --rm -v D:\Studia\Projekty\gsp-lab:/work -v D:\Studia\Projekty\RNA_assessment:/rna_assessment -e RNA_ASSESSMENT_ROOT=/rna_assessment -e PYTHONPATH=/rna_assessment mcannotate-runtime python3 /work/src/utils/INF.py /work/data/finished/PZ6/pdb/6_Bujnicki_3_solution.pdb /work/data/finished/PZ6/pdb/6_Bujnicki_3_refined.pdb
2026-03-10 00:37:36 	 Docker exit code: 0
2026-03-10 00:37:36 	 Docker output length: 350
2026-03-10 00:37:36 	 Saved CSV: PZ6,Bujnicki_3,Bujnicki,3,refined_pair,0.6065169044382055,0.7148814489299585,-1,6_Bujnicki_3_solution.pdb,6_Bujnicki_3_refined.pdb
2026-03-10 00:37:36 	 RUN refined_pair target=6_Bujnicki_4_solution.pdb model=6_Bujnicki_4_refined.pdb -> id=Bujnicki_4
2026-03-10 00:37:36 	 Docker cmd: docker run --rm -v D:\Studia\Projekty\gsp-lab:/work -v D:\Studia\Projekty\RNA_assessment:/rna_assessment -e RNA_ASSESSMENT_ROOT=/rna_assessment -e PYTHONPATH=/rna_assessment mcannotate-runtime python3 /work/src/utils/INF.py /work/data/finished/PZ6/pdb/6_Bujnicki_4_solution.pdb /work/data/finished/PZ6/pdb/6_Bujnicki_4_refined.pdb
2026-03-10 00:37:39 	 Docker exit code: 0
2026-03-10 00:37:39 	 Docker output length: 350
2026-03-10 00:37:39 	 Saved CSV: PZ6,Bujnicki_4,Bujnicki,4,refined_pair,0.6631610729646699,0.7965821859505251,0,6_Bujnicki_4_solution.pdb,6_Bujnicki_4_refined.pdb
2026-03-10 00:37:39 	 RUN refined_pair target=6_Chen_1_solution.pdb model=6_Chen_1_refined.pdb -> id=Chen_1
2026-03-10 00:37:39 	 Docker cmd: docker run --rm -v D:\Studia\Projekty\gsp-lab:/work -v D:\Studia\Projekty\RNA_assessment:/rna_assessment -e RNA_ASSESSMENT_ROOT=/rna_assessment -e PYTHONPATH=/rna_assessment mcannotate-runtime python3 /work/src/utils/INF.py /work/data/finished/PZ6/pdb/6_Chen_1_solution.pdb /work/data/finished/PZ6/pdb/6_Chen_1_refined.pdb
2026-03-10 00:37:42 	 Docker exit code: 0
2026-03-10 00:37:42 	 Docker output length: 356
2026-03-10 00:37:42 	 Saved CSV: PZ6,Chen_1,Chen,1,refined_pair,0.617244005117409,0.8126763812025554,0.1767766952966369,6_Chen_1_solution.pdb,6_Chen_1_refined.pdb
2026-03-10 00:37:42 	 RUN refined_pair target=6_Chen_2_solution.pdb model=6_Chen_2_refined.pdb -> id=Chen_2
2026-03-10 00:37:42 	 Docker cmd: docker run --rm -v D:\Studia\Projekty\gsp-lab:/work -v D:\Studia\Projekty\RNA_assessment:/rna_assessment -e RNA_ASSESSMENT_ROOT=/rna_assessment -e PYTHONPATH=/rna_assessment mcannotate-runtime python3 /work/src/utils/INF.py /work/data/finished/PZ6/pdb/6_Chen_2_solution.pdb /work/data/finished/PZ6/pdb/6_Chen_2_refined.pdb
2026-03-10 00:37:44 	 Docker exit code: 0
2026-03-10 00:37:44 	 Docker output length: 359
2026-03-10 00:37:44 	 Saved CSV: PZ6,Chen_2,Chen,2,refined_pair,0.6080403791133918,0.7282020546564614,0.28867513459481287,6_Chen_2_solution.pdb,6_Chen_2_refined.pdb
2026-03-10 00:37:44 	 RUN refined_pair target=6_Chen_3_solution.pdb model=6_Chen_3_refined.pdb -> id=Chen_3
2026-03-10 00:37:45 	 Docker cmd: docker run --rm -v D:\Studia\Projekty\gsp-lab:/work -v D:\Studia\Projekty\RNA_assessment:/rna_assessment -e RNA_ASSESSMENT_ROOT=/rna_assessment -e PYTHONPATH=/rna_assessment mcannotate-runtime python3 /work/src/utils/INF.py /work/data/finished/PZ6/pdb/6_Chen_3_solution.pdb /work/data/finished/PZ6/pdb/6_Chen_3_refined.pdb
2026-03-10 00:37:47 	 Docker exit code: 0
2026-03-10 00:37:47 	 Docker output length: 359
2026-03-10 00:37:47 	 Saved CSV: PZ6,Chen_3,Chen,3,refined_pair,0.6423416693719285,0.8663938468573864,0.11180339887498948,6_Chen_3_solution.pdb,6_Chen_3_refined.pdb
2026-03-10 00:37:47 	 RUN refined_pair target=6_Chen_4_solution.pdb model=6_Chen_4_refined.pdb -> id=Chen_4
2026-03-10 00:37:47 	 Docker cmd: docker run --rm -v D:\Studia\Projekty\gsp-lab:/work -v D:\Studia\Projekty\RNA_assessment:/rna_assessment -e RNA_ASSESSMENT_ROOT=/rna_assessment -e PYTHONPATH=/rna_assessment mcannotate-runtime python3 /work/src/utils/INF.py /work/data/finished/PZ6/pdb/6_Chen_4_solution.pdb /work/data/finished/PZ6/pdb/6_Chen_4_refined.pdb
2026-03-10 00:37:51 	 Docker exit code: 0
2026-03-10 00:37:51 	 Docker output length: 343
2026-03-10 00:37:51 	 Saved CSV: PZ6,Chen_4,Chen,4,refined_pair,0.6623430777829648,0.8495690637658716,0,6_Chen_4_solution.pdb,6_Chen_4_refined.pdb
2026-03-10 00:37:51 	 RUN refined_pair target=6_Chen_5_solution.pdb model=6_Chen_5_refined.pdb -> id=Chen_5
2026-03-10 00:37:51 	 Docker cmd: docker run --rm -v D:\Studia\Projekty\gsp-lab:/work -v D:\Studia\Projekty\RNA_assessment:/rna_assessment -e RNA_ASSESSMENT_ROOT=/rna_assessment -e PYTHONPATH=/rna_assessment mcannotate-runtime python3 /work/src/utils/INF.py /work/data/finished/PZ6/pdb/6_Chen_5_solution.pdb /work/data/finished/PZ6/pdb/6_Chen_5_refined.pdb
2026-03-10 00:37:54 	 Docker exit code: 0
2026-03-10 00:37:54 	 Docker output length: 341
2026-03-10 00:37:54 	 Saved CSV: PZ6,Chen_5,Chen,5,refined_pair,0.6530767774224785,0.8335142371308261,0,6_Chen_5_solution.pdb,6_Chen_5_refined.pdb
2026-03-10 00:37:54 	 RUN refined_pair target=6_Chen_6_solution.pdb model=6_Chen_6_refined.pdb -> id=Chen_6
2026-03-10 00:37:54 	 Docker cmd: docker run --rm -v D:\Studia\Projekty\gsp-lab:/work -v D:\Studia\Projekty\RNA_assessment:/rna_assessment -e RNA_ASSESSMENT_ROOT=/rna_assessment -e PYTHONPATH=/rna_assessment mcannotate-runtime python3 /work/src/utils/INF.py /work/data/finished/PZ6/pdb/6_Chen_6_solution.pdb /work/data/finished/PZ6/pdb/6_Chen_6_refined.pdb
2026-03-10 00:37:57 	 Docker exit code: 0
2026-03-10 00:37:57 	 Docker output length: 341
2026-03-10 00:37:57 	 Saved CSV: PZ6,Chen_6,Chen,6,refined_pair,0.6501686521203943,0.8214799971933826,0,6_Chen_6_solution.pdb,6_Chen_6_refined.pdb
2026-03-10 00:37:57 	 RUN refined_pair target=6_Chen_7_solution.pdb model=6_Chen_7_refined.pdb -> id=Chen_7
2026-03-10 00:37:57 	 Docker cmd: docker run --rm -v D:\Studia\Projekty\gsp-lab:/work -v D:\Studia\Projekty\RNA_assessment:/rna_assessment -e RNA_ASSESSMENT_ROOT=/rna_assessment -e PYTHONPATH=/rna_assessment mcannotate-runtime python3 /work/src/utils/INF.py /work/data/finished/PZ6/pdb/6_Chen_7_solution.pdb /work/data/finished/PZ6/pdb/6_Chen_7_refined.pdb
2026-03-10 00:38:00 	 Docker exit code: 0
2026-03-10 00:38:00 	 Docker output length: 343
2026-03-10 00:38:00 	 Saved CSV: PZ6,Chen_7,Chen,7,refined_pair,0.6372634703586431,0.8138381567063987,0,6_Chen_7_solution.pdb,6_Chen_7_refined.pdb
2026-03-10 00:38:00 	 RUN refined_pair target=6_Das_1_solution.pdb model=6_Das_1_refined.pdb -> id=Das_1
2026-03-10 00:38:00 	 Docker cmd: docker run --rm -v D:\Studia\Projekty\gsp-lab:/work -v D:\Studia\Projekty\RNA_assessment:/rna_assessment -e RNA_ASSESSMENT_ROOT=/rna_assessment -e PYTHONPATH=/rna_assessment mcannotate-runtime python3 /work/src/utils/INF.py /work/data/finished/PZ6/pdb/6_Das_1_solution.pdb /work/data/finished/PZ6/pdb/6_Das_1_refined.pdb
2026-03-10 00:38:03 	 Docker exit code: 0
2026-03-10 00:38:03 	 Docker output length: 354
2026-03-10 00:38:03 	 Saved CSV: PZ6,Das_1,Das,1,refined_pair,0.7366017240731202,0.896633351923268,0.3333333333333333,6_Das_1_solution.pdb,6_Das_1_refined.pdb
2026-03-10 00:38:03 	 RUN refined_pair target=6_Das_10_solution.pdb model=6_Das_10_refined.pdb -> id=Das_10
2026-03-10 00:38:03 	 Docker cmd: docker run --rm -v D:\Studia\Projekty\gsp-lab:/work -v D:\Studia\Projekty\RNA_assessment:/rna_assessment -e RNA_ASSESSMENT_ROOT=/rna_assessment -e PYTHONPATH=/rna_assessment mcannotate-runtime python3 /work/src/utils/INF.py /work/data/finished/PZ6/pdb/6_Das_10_solution.pdb /work/data/finished/PZ6/pdb/6_Das_10_refined.pdb
2026-03-10 00:38:05 	 Docker exit code: 0
2026-03-10 00:38:05 	 Docker output length: 344
2026-03-10 00:38:05 	 Saved CSV: PZ6,Das_10,Das,10,refined_pair,0.7147912100297589,0.8887333446091027,0.25,6_Das_10_solution.pdb,6_Das_10_refined.pdb
2026-03-10 00:38:05 	 RUN refined_pair target=6_Das_2_solution.pdb model=6_Das_2_refined.pdb -> id=Das_2
2026-03-10 00:38:05 	 Docker cmd: docker run --rm -v D:\Studia\Projekty\gsp-lab:/work -v D:\Studia\Projekty\RNA_assessment:/rna_assessment -e RNA_ASSESSMENT_ROOT=/rna_assessment -e PYTHONPATH=/rna_assessment mcannotate-runtime python3 /work/src/utils/INF.py /work/data/finished/PZ6/pdb/6_Das_2_solution.pdb /work/data/finished/PZ6/pdb/6_Das_2_refined.pdb
2026-03-10 00:38:09 	 Docker exit code: 0
2026-03-10 00:38:09 	 Docker output length: 355
2026-03-10 00:38:09 	 Saved CSV: PZ6,Das_2,Das,2,refined_pair,0.7346504578002233,0.896633351923268,0.3466876226407682,6_Das_2_solution.pdb,6_Das_2_refined.pdb
2026-03-10 00:38:09 	 RUN refined_pair target=6_Das_3_solution.pdb model=6_Das_3_refined.pdb -> id=Das_3
2026-03-10 00:38:09 	 Docker cmd: docker run --rm -v D:\Studia\Projekty\gsp-lab:/work -v D:\Studia\Projekty\RNA_assessment:/rna_assessment -e RNA_ASSESSMENT_ROOT=/rna_assessment -e PYTHONPATH=/rna_assessment mcannotate-runtime python3 /work/src/utils/INF.py /work/data/finished/PZ6/pdb/6_Das_3_solution.pdb /work/data/finished/PZ6/pdb/6_Das_3_refined.pdb
2026-03-10 00:38:12 	 Docker exit code: 0
2026-03-10 00:38:12 	 Docker output length: 357
2026-03-10 00:38:12 	 Saved CSV: PZ6,Das_3,Das,3,refined_pair,0.7327146166019557,0.8850612031567836,0.22613350843332272,6_Das_3_solution.pdb,6_Das_3_refined.pdb
2026-03-10 00:38:12 	 RUN refined_pair target=6_Das_4_solution.pdb model=6_Das_4_refined.pdb -> id=Das_4
2026-03-10 00:38:12 	 Docker cmd: docker run --rm -v D:\Studia\Projekty\gsp-lab:/work -v D:\Studia\Projekty\RNA_assessment:/rna_assessment -e RNA_ASSESSMENT_ROOT=/rna_assessment -e PYTHONPATH=/rna_assessment mcannotate-runtime python3 /work/src/utils/INF.py /work/data/finished/PZ6/pdb/6_Das_4_solution.pdb /work/data/finished/PZ6/pdb/6_Das_4_refined.pdb
2026-03-10 00:38:14 	 Docker exit code: 0
2026-03-10 00:38:14 	 Docker output length: 356
2026-03-10 00:38:14 	 Saved CSV: PZ6,Das_4,Das,4,refined_pair,0.7331776095289766,0.896633351923268,0.31622776601683794,6_Das_4_solution.pdb,6_Das_4_refined.pdb
2026-03-10 00:38:14 	 RUN refined_pair target=6_Das_5_solution.pdb model=6_Das_5_refined.pdb -> id=Das_5
2026-03-10 00:38:14 	 Docker cmd: docker run --rm -v D:\Studia\Projekty\gsp-lab:/work -v D:\Studia\Projekty\RNA_assessment:/rna_assessment -e RNA_ASSESSMENT_ROOT=/rna_assessment -e PYTHONPATH=/rna_assessment mcannotate-runtime python3 /work/src/utils/INF.py /work/data/finished/PZ6/pdb/6_Das_5_solution.pdb /work/data/finished/PZ6/pdb/6_Das_5_refined.pdb
2026-03-10 00:38:17 	 Docker exit code: 0
2026-03-10 00:38:17 	 Docker output length: 356
2026-03-10 00:38:17 	 Saved CSV: PZ6,Das_5,Das,5,refined_pair,0.7574653121210878,0.896633351923268,0.36084391824351614,6_Das_5_solution.pdb,6_Das_5_refined.pdb
2026-03-10 00:38:17 	 RUN refined_pair target=6_Das_6_solution.pdb model=6_Das_6_refined.pdb -> id=Das_6
2026-03-10 00:38:17 	 Docker cmd: docker run --rm -v D:\Studia\Projekty\gsp-lab:/work -v D:\Studia\Projekty\RNA_assessment:/rna_assessment -e RNA_ASSESSMENT_ROOT=/rna_assessment -e PYTHONPATH=/rna_assessment mcannotate-runtime python3 /work/src/utils/INF.py /work/data/finished/PZ6/pdb/6_Das_6_solution.pdb /work/data/finished/PZ6/pdb/6_Das_6_refined.pdb
2026-03-10 00:38:20 	 Docker exit code: 0
2026-03-10 00:38:20 	 Docker output length: 354
2026-03-10 00:38:20 	 Saved CSV: PZ6,Das_6,Das,6,refined_pair,0.735145875109498,0.896633351923268,0.3333333333333333,6_Das_6_solution.pdb,6_Das_6_refined.pdb
2026-03-10 00:38:20 	 RUN refined_pair target=6_Das_7_solution.pdb model=6_Das_7_refined.pdb -> id=Das_7
2026-03-10 00:38:20 	 Docker cmd: docker run --rm -v D:\Studia\Projekty\gsp-lab:/work -v D:\Studia\Projekty\RNA_assessment:/rna_assessment -e RNA_ASSESSMENT_ROOT=/rna_assessment -e PYTHONPATH=/rna_assessment mcannotate-runtime python3 /work/src/utils/INF.py /work/data/finished/PZ6/pdb/6_Das_7_solution.pdb /work/data/finished/PZ6/pdb/6_Das_7_refined.pdb
2026-03-10 00:38:23 	 Docker exit code: 0
2026-03-10 00:38:23 	 Docker output length: 342
2026-03-10 00:38:23 	 Saved CSV: PZ6,Das_7,Das,7,refined_pair,0.7425501522150821,0.8810385387843055,0.25,6_Das_7_solution.pdb,6_Das_7_refined.pdb
2026-03-10 00:38:23 	 RUN refined_pair target=6_Das_8_solution.pdb model=6_Das_8_refined.pdb -> id=Das_8
2026-03-10 00:38:23 	 Docker cmd: docker run --rm -v D:\Studia\Projekty\gsp-lab:/work -v D:\Studia\Projekty\RNA_assessment:/rna_assessment -e RNA_ASSESSMENT_ROOT=/rna_assessment -e PYTHONPATH=/rna_assessment mcannotate-runtime python3 /work/src/utils/INF.py /work/data/finished/PZ6/pdb/6_Das_8_solution.pdb /work/data/finished/PZ6/pdb/6_Das_8_refined.pdb
2026-03-10 00:38:26 	 Docker exit code: 0
2026-03-10 00:38:26 	 Docker output length: 355
2026-03-10 00:38:26 	 Saved CSV: PZ6,Das_8,Das,8,refined_pair,0.754935451698941,0.8887333446091027,0.33407655239053047,6_Das_8_solution.pdb,6_Das_8_refined.pdb
2026-03-10 00:38:26 	 RUN refined_pair target=6_Das_9_solution.pdb model=6_Das_9_refined.pdb -> id=Das_9
2026-03-10 00:38:26 	 Docker cmd: docker run --rm -v D:\Studia\Projekty\gsp-lab:/work -v D:\Studia\Projekty\RNA_assessment:/rna_assessment -e RNA_ASSESSMENT_ROOT=/rna_assessment -e PYTHONPATH=/rna_assessment mcannotate-runtime python3 /work/src/utils/INF.py /work/data/finished/PZ6/pdb/6_Das_9_solution.pdb /work/data/finished/PZ6/pdb/6_Das_9_refined.pdb
2026-03-10 00:38:29 	 Docker exit code: 0
2026-03-10 00:38:29 	 Docker output length: 355
2026-03-10 00:38:29 	 Saved CSV: PZ6,Das_9,Das,9,refined_pair,0.7273663347289487,0.896633351923268,0.3466876226407682,6_Das_9_solution.pdb,6_Das_9_refined.pdb
2026-03-10 00:38:29 	 RUN refined_pair target=6_Dokholyan_1_solution.pdb model=6_Dokholyan_1_refined.pdb -> id=Dokholyan_1
2026-03-10 00:38:29 	 Docker cmd: docker run --rm -v D:\Studia\Projekty\gsp-lab:/work -v D:\Studia\Projekty\RNA_assessment:/rna_assessment -e RNA_ASSESSMENT_ROOT=/rna_assessment -e PYTHONPATH=/rna_assessment mcannotate-runtime python3 /work/src/utils/INF.py /work/data/finished/PZ6/pdb/6_Dokholyan_1_solution.pdb /work/data/finished/PZ6/pdb/6_Dokholyan_1_refined.pdb
2026-03-10 00:38:33 	 Docker exit code: 0
2026-03-10 00:38:33 	 Docker output length: 352
2026-03-10 00:38:33 	 Saved CSV: PZ6,Dokholyan_1,Dokholyan,1,refined_pair,0.6845640667376338,0.850092764408707,0,6_Dokholyan_1_solution.pdb,6_Dokholyan_1_refined.pdb
2026-03-10 00:38:33 	 RUN refined_pair target=6_Dokholyan_2_solution.pdb model=6_Dokholyan_2_refined.pdb -> id=Dokholyan_2
2026-03-10 00:38:33 	 Docker cmd: docker run --rm -v D:\Studia\Projekty\gsp-lab:/work -v D:\Studia\Projekty\RNA_assessment:/rna_assessment -e RNA_ASSESSMENT_ROOT=/rna_assessment -e PYTHONPATH=/rna_assessment mcannotate-runtime python3 /work/src/utils/INF.py /work/data/finished/PZ6/pdb/6_Dokholyan_2_solution.pdb /work/data/finished/PZ6/pdb/6_Dokholyan_2_refined.pdb
2026-03-10 00:38:36 	 Docker exit code: 0
2026-03-10 00:38:36 	 Docker output length: 352
2026-03-10 00:38:36 	 Saved CSV: PZ6,Dokholyan_2,Dokholyan,2,refined_pair,0.700145373993468,0.8457425519723094,0,6_Dokholyan_2_solution.pdb,6_Dokholyan_2_refined.pdb
2026-03-10 00:38:36 	 RUN refined_pair target=6_Dokholyan_3_solution.pdb model=6_Dokholyan_3_refined.pdb -> id=Dokholyan_3
2026-03-10 00:38:36 	 Docker cmd: docker run --rm -v D:\Studia\Projekty\gsp-lab:/work -v D:\Studia\Projekty\RNA_assessment:/rna_assessment -e RNA_ASSESSMENT_ROOT=/rna_assessment -e PYTHONPATH=/rna_assessment mcannotate-runtime python3 /work/src/utils/INF.py /work/data/finished/PZ6/pdb/6_Dokholyan_3_solution.pdb /work/data/finished/PZ6/pdb/6_Dokholyan_3_refined.pdb
2026-03-10 00:38:39 	 Docker exit code: 0
2026-03-10 00:38:39 	 Docker output length: 352
2026-03-10 00:38:39 	 Saved CSV: PZ6,Dokholyan_3,Dokholyan,3,refined_pair,0.6993786061802353,0.8535375789847596,0,6_Dokholyan_3_solution.pdb,6_Dokholyan_3_refined.pdb
2026-03-10 00:38:39 	 RUN refined_pair target=6_Dokholyan_4_solution.pdb model=6_Dokholyan_4_refined.pdb -> id=Dokholyan_4
2026-03-10 00:38:39 	 Docker cmd: docker run --rm -v D:\Studia\Projekty\gsp-lab:/work -v D:\Studia\Projekty\RNA_assessment:/rna_assessment -e RNA_ASSESSMENT_ROOT=/rna_assessment -e PYTHONPATH=/rna_assessment mcannotate-runtime python3 /work/src/utils/INF.py /work/data/finished/PZ6/pdb/6_Dokholyan_4_solution.pdb /work/data/finished/PZ6/pdb/6_Dokholyan_4_refined.pdb
2026-03-10 00:38:41 	 Docker exit code: 0
2026-03-10 00:38:41 	 Docker output length: 351
2026-03-10 00:38:41 	 Saved CSV: PZ6,Dokholyan_4,Dokholyan,4,refined_pair,0.683463912742634,0.865410983413526,0,6_Dokholyan_4_solution.pdb,6_Dokholyan_4_refined.pdb
2026-03-10 00:38:41 	 RUN refined_pair target=6_Dokholyan_5_solution.pdb model=6_Dokholyan_5_refined.pdb -> id=Dokholyan_5
2026-03-10 00:38:42 	 Docker cmd: docker run --rm -v D:\Studia\Projekty\gsp-lab:/work -v D:\Studia\Projekty\RNA_assessment:/rna_assessment -e RNA_ASSESSMENT_ROOT=/rna_assessment -e PYTHONPATH=/rna_assessment mcannotate-runtime python3 /work/src/utils/INF.py /work/data/finished/PZ6/pdb/6_Dokholyan_5_solution.pdb /work/data/finished/PZ6/pdb/6_Dokholyan_5_refined.pdb
2026-03-10 00:38:44 	 Docker exit code: 0
2026-03-10 00:38:44 	 Docker output length: 351
2026-03-10 00:38:44 	 Saved CSV: PZ6,Dokholyan_5,Dokholyan,5,refined_pair,0.6772290505435045,0.865410983413526,0,6_Dokholyan_5_solution.pdb,6_Dokholyan_5_refined.pdb
2026-03-10 00:38:44 	 RUN refined_pair target=6_Dokholyan_6_solution.pdb model=6_Dokholyan_6_refined.pdb -> id=Dokholyan_6
2026-03-10 00:38:44 	 Docker cmd: docker run --rm -v D:\Studia\Projekty\gsp-lab:/work -v D:\Studia\Projekty\RNA_assessment:/rna_assessment -e RNA_ASSESSMENT_ROOT=/rna_assessment -e PYTHONPATH=/rna_assessment mcannotate-runtime python3 /work/src/utils/INF.py /work/data/finished/PZ6/pdb/6_Dokholyan_6_solution.pdb /work/data/finished/PZ6/pdb/6_Dokholyan_6_refined.pdb
2026-03-10 00:38:46 	 Docker exit code: 0
2026-03-10 00:38:46 	 Docker output length: 352
2026-03-10 00:38:46 	 Saved CSV: PZ6,Dokholyan_6,Dokholyan,6,refined_pair,0.6597728450302706,0.7921318941081134,0,6_Dokholyan_6_solution.pdb,6_Dokholyan_6_refined.pdb
2026-03-10 00:38:46 	 RUN refined_pair target=6_Major_1_solution.pdb model=6_Major_1_refined.pdb -> id=Major_1
2026-03-10 00:38:46 	 Docker cmd: docker run --rm -v D:\Studia\Projekty\gsp-lab:/work -v D:\Studia\Projekty\RNA_assessment:/rna_assessment -e RNA_ASSESSMENT_ROOT=/rna_assessment -e PYTHONPATH=/rna_assessment mcannotate-runtime python3 /work/src/utils/INF.py /work/data/finished/PZ6/pdb/6_Major_1_solution.pdb /work/data/finished/PZ6/pdb/6_Major_1_refined.pdb
2026-03-10 00:38:49 	 Docker exit code: 0
2026-03-10 00:38:49 	 Docker output length: 361
2026-03-10 00:38:49 	 Saved CSV: PZ6,Major_1,Major,1,refined_pair,0.7544843448916994,0.8771413225336319,0.33541019662496846,6_Major_1_solution.pdb,6_Major_1_refined.pdb
2026-03-10 00:38:49 	 RUN refined_pair target=6_Major_2_solution.pdb model=6_Major_2_refined.pdb -> id=Major_2
2026-03-10 00:38:49 	 Docker cmd: docker run --rm -v D:\Studia\Projekty\gsp-lab:/work -v D:\Studia\Projekty\RNA_assessment:/rna_assessment -e RNA_ASSESSMENT_ROOT=/rna_assessment -e PYTHONPATH=/rna_assessment mcannotate-runtime python3 /work/src/utils/INF.py /work/data/finished/PZ6/pdb/6_Major_2_solution.pdb /work/data/finished/PZ6/pdb/6_Major_2_refined.pdb
2026-03-10 00:38:51 	 Docker exit code: 0
2026-03-10 00:38:51 	 Docker output length: 357
2026-03-10 00:38:51 	 Saved CSV: PZ6,Major_2,Major,2,refined_pair,0.7307523444215928,0.87338729012394,0.2041241452319315,6_Major_2_solution.pdb,6_Major_2_refined.pdb
2026-03-10 00:38:51 	 RUN refined_pair target=6_Major_3_solution.pdb model=6_Major_3_refined.pdb -> id=Major_3
2026-03-10 00:38:51 	 Docker cmd: docker run --rm -v D:\Studia\Projekty\gsp-lab:/work -v D:\Studia\Projekty\RNA_assessment:/rna_assessment -e RNA_ASSESSMENT_ROOT=/rna_assessment -e PYTHONPATH=/rna_assessment mcannotate-runtime python3 /work/src/utils/INF.py /work/data/finished/PZ6/pdb/6_Major_3_solution.pdb /work/data/finished/PZ6/pdb/6_Major_3_refined.pdb
2026-03-10 00:38:54 	 Docker exit code: 0
2026-03-10 00:38:54 	 Docker output length: 360
2026-03-10 00:38:54 	 Saved CSV: PZ6,Major_3,Major,3,refined_pair,0.7251311725414267,0.8887333446091027,0.2041241452319315,6_Major_3_solution.pdb,6_Major_3_refined.pdb
2026-03-10 00:38:54 	 RUN refined_pair target=6_Major_4_solution.pdb model=6_Major_4_refined.pdb -> id=Major_4
2026-03-10 00:38:54 	 Docker cmd: docker run --rm -v D:\Studia\Projekty\gsp-lab:/work -v D:\Studia\Projekty\RNA_assessment:/rna_assessment -e RNA_ASSESSMENT_ROOT=/rna_assessment -e PYTHONPATH=/rna_assessment mcannotate-runtime python3 /work/src/utils/INF.py /work/data/finished/PZ6/pdb/6_Major_4_solution.pdb /work/data/finished/PZ6/pdb/6_Major_4_refined.pdb
2026-03-10 00:38:57 	 Docker exit code: 0
2026-03-10 00:38:57 	 Docker output length: 360
2026-03-10 00:38:57 	 Saved CSV: PZ6,Major_4,Major,4,refined_pair,0.7302479424797048,0.9001915504970077,0.2041241452319315,6_Major_4_solution.pdb,6_Major_4_refined.pdb
2026-03-10 00:38:57 	 RUN refined_pair target=6_Major_5_solution.pdb model=6_Major_5_refined.pdb -> id=Major_5
2026-03-10 00:38:57 	 Docker cmd: docker run --rm -v D:\Studia\Projekty\gsp-lab:/work -v D:\Studia\Projekty\RNA_assessment:/rna_assessment -e RNA_ASSESSMENT_ROOT=/rna_assessment -e PYTHONPATH=/rna_assessment mcannotate-runtime python3 /work/src/utils/INF.py /work/data/finished/PZ6/pdb/6_Major_5_solution.pdb /work/data/finished/PZ6/pdb/6_Major_5_refined.pdb
2026-03-10 00:38:59 	 Docker exit code: 0
2026-03-10 00:38:59 	 Docker output length: 360
2026-03-10 00:38:59 	 Saved CSV: PZ6,Major_5,Major,5,refined_pair,0.702999884924492,0.8694130545089048,0.10206207261596575,6_Major_5_solution.pdb,6_Major_5_refined.pdb
2026-03-10 00:38:59 	 RUN refined_pair target=6_Major_6_solution.pdb model=6_Major_6_refined.pdb -> id=Major_6
2026-03-10 00:38:59 	 Docker cmd: docker run --rm -v D:\Studia\Projekty\gsp-lab:/work -v D:\Studia\Projekty\RNA_assessment:/rna_assessment -e RNA_ASSESSMENT_ROOT=/rna_assessment -e PYTHONPATH=/rna_assessment mcannotate-runtime python3 /work/src/utils/INF.py /work/data/finished/PZ6/pdb/6_Major_6_solution.pdb /work/data/finished/PZ6/pdb/6_Major_6_refined.pdb
2026-03-10 00:39:02 	 Docker exit code: 0
2026-03-10 00:39:02 	 Docker output length: 361
2026-03-10 00:39:02 	 Saved CSV: PZ6,Major_6,Major,6,refined_pair,0.7398470868956211,0.9001915504970077,0.28867513459481287,6_Major_6_solution.pdb,6_Major_6_refined.pdb
2026-03-10 00:39:02 	 RUN refined_pair target=6_Major_7_solution.pdb model=6_Major_7_refined.pdb -> id=Major_7
2026-03-10 00:39:02 	 Docker cmd: docker run --rm -v D:\Studia\Projekty\gsp-lab:/work -v D:\Studia\Projekty\RNA_assessment:/rna_assessment -e RNA_ASSESSMENT_ROOT=/rna_assessment -e PYTHONPATH=/rna_assessment mcannotate-runtime python3 /work/src/utils/INF.py /work/data/finished/PZ6/pdb/6_Major_7_solution.pdb /work/data/finished/PZ6/pdb/6_Major_7_refined.pdb
2026-03-10 00:39:05 	 Docker exit code: 0
2026-03-10 00:39:05 	 Docker output length: 360
2026-03-10 00:39:05 	 Saved CSV: PZ6,Major_7,Major,7,refined_pair,0.7300344584737122,0.8887333446091027,0.28867513459481287,6_Major_7_solution.pdb,6_Major_7_refined.pdb
2026-03-10 00:39:05 	 SKIP (model is a solution file): 6_Bujnicki_1_solution.pdb
2026-03-10 00:39:05 	 SKIP (model is a solution file): 6_Bujnicki_2_solution.pdb
2026-03-10 00:39:05 	 SKIP (model is a solution file): 6_Bujnicki_3_solution.pdb
2026-03-10 00:39:05 	 SKIP (model is a solution file): 6_Bujnicki_4_solution.pdb
2026-03-10 00:39:05 	 SKIP (model is a solution file): 6_Chen_1_solution.pdb
2026-03-10 00:39:05 	 SKIP (model is a solution file): 6_Chen_2_solution.pdb
2026-03-10 00:39:05 	 SKIP (model is a solution file): 6_Chen_3_solution.pdb
2026-03-10 00:39:05 	 SKIP (model is a solution file): 6_Chen_4_solution.pdb
2026-03-10 00:39:05 	 SKIP (model is a solution file): 6_Chen_5_solution.pdb
2026-03-10 00:39:05 	 SKIP (model is a solution file): 6_Chen_6_solution.pdb
2026-03-10 00:39:05 	 SKIP (model is a solution file): 6_Chen_7_solution.pdb
2026-03-10 00:39:05 	 SKIP (model is a solution file): 6_Das_1_solution.pdb
2026-03-10 00:39:05 	 SKIP (model is a solution file): 6_Das_10_solution.pdb
2026-03-10 00:39:05 	 SKIP (model is a solution file): 6_Das_2_solution.pdb
2026-03-10 00:39:05 	 SKIP (model is a solution file): 6_Das_3_solution.pdb
2026-03-10 00:39:05 	 SKIP (model is a solution file): 6_Das_4_solution.pdb
2026-03-10 00:39:05 	 SKIP (model is a solution file): 6_Das_5_solution.pdb
2026-03-10 00:39:05 	 SKIP (model is a solution file): 6_Das_6_solution.pdb
2026-03-10 00:39:05 	 SKIP (model is a solution file): 6_Das_7_solution.pdb
2026-03-10 00:39:05 	 SKIP (model is a solution file): 6_Das_8_solution.pdb
2026-03-10 00:39:05 	 SKIP (model is a solution file): 6_Das_9_solution.pdb
2026-03-10 00:39:05 	 SKIP (model is a solution file): 6_Dokholyan_1_solution.pdb
2026-03-10 00:39:05 	 SKIP (model is a solution file): 6_Dokholyan_2_solution.pdb
2026-03-10 00:39:05 	 SKIP (model is a solution file): 6_Dokholyan_3_solution.pdb
2026-03-10 00:39:05 	 SKIP (model is a solution file): 6_Dokholyan_4_solution.pdb
2026-03-10 00:39:05 	 SKIP (model is a solution file): 6_Dokholyan_5_solution.pdb
2026-03-10 00:39:05 	 SKIP (model is a solution file): 6_Dokholyan_6_solution.pdb
2026-03-10 00:39:05 	 SKIP (model is a solution file): 6_Major_1_solution.pdb
2026-03-10 00:39:05 	 SKIP (model is a solution file): 6_Major_2_solution.pdb
2026-03-10 00:39:05 	 SKIP (model is a solution file): 6_Major_3_solution.pdb
2026-03-10 00:39:05 	 SKIP (model is a solution file): 6_Major_4_solution.pdb
2026-03-10 00:39:05 	 SKIP (model is a solution file): 6_Major_5_solution.pdb
2026-03-10 00:39:05 	 SKIP (model is a solution file): 6_Major_6_solution.pdb
2026-03-10 00:39:05 	 SKIP (model is a solution file): 6_Major_7_solution.pdb
2026-03-10 00:39:05 	 DONE case: PZ6
2026-03-10 01:12:44 	 START case: PZ6
2026-03-10 01:12:44 	 caseDir: D:\Studia\Projekty\gsp-lab\data\finished\PZ6
2026-03-10 01:12:44 	 pdbDir: D:\Studia\Projekty\gsp-lab\data\finished\PZ6\pdb
2026-03-10 01:12:44 	 Found pdb count: 68
2026-03-10 01:12:44 	 Global solution: 6_Bujnicki_1_solution.pdb
2026-03-10 01:12:44 	 SKIP already recorded (refined): Bujnicki_1
2026-03-10 01:12:44 	 SKIP already recorded (refined): Bujnicki_2
2026-03-10 01:12:44 	 SKIP already recorded (refined): Bujnicki_3
2026-03-10 01:12:44 	 SKIP already recorded (refined): Bujnicki_4
2026-03-10 01:12:44 	 SKIP already recorded (refined): Chen_1
2026-03-10 01:12:44 	 SKIP already recorded (refined): Chen_2
2026-03-10 01:12:44 	 SKIP already recorded (refined): Chen_3
2026-03-10 01:12:44 	 SKIP already recorded (refined): Chen_4
2026-03-10 01:12:44 	 SKIP already recorded (refined): Chen_5
2026-03-10 01:12:44 	 SKIP already recorded (refined): Chen_6
2026-03-10 01:12:44 	 SKIP already recorded (refined): Chen_7
2026-03-10 01:12:44 	 SKIP already recorded (refined): Das_1
2026-03-10 01:12:44 	 SKIP already recorded (refined): Das_10
2026-03-10 01:12:44 	 SKIP already recorded (refined): Das_2
2026-03-10 01:12:44 	 SKIP already recorded (refined): Das_3
2026-03-10 01:12:44 	 SKIP already recorded (refined): Das_4
2026-03-10 01:12:44 	 SKIP already recorded (refined): Das_5
2026-03-10 01:12:44 	 SKIP already recorded (refined): Das_6
2026-03-10 01:12:45 	 SKIP already recorded (refined): Das_7
2026-03-10 01:12:45 	 SKIP already recorded (refined): Das_8
2026-03-10 01:12:45 	 SKIP already recorded (refined): Das_9
2026-03-10 01:12:45 	 SKIP already recorded (refined): Dokholyan_1
2026-03-10 01:12:45 	 SKIP already recorded (refined): Dokholyan_2
2026-03-10 01:12:45 	 SKIP already recorded (refined): Dokholyan_3
2026-03-10 01:12:45 	 SKIP already recorded (refined): Dokholyan_4
2026-03-10 01:12:45 	 SKIP already recorded (refined): Dokholyan_5
2026-03-10 01:12:45 	 SKIP already recorded (refined): Dokholyan_6
2026-03-10 01:12:45 	 SKIP already recorded (refined): Major_1
2026-03-10 01:12:45 	 SKIP already recorded (refined): Major_2
2026-03-10 01:12:45 	 SKIP already recorded (refined): Major_3
2026-03-10 01:12:45 	 SKIP already recorded (refined): Major_4
2026-03-10 01:12:45 	 SKIP already recorded (refined): Major_5
2026-03-10 01:12:45 	 SKIP already recorded (refined): Major_6
2026-03-10 01:12:45 	 SKIP already recorded (refined): Major_7
2026-03-10 01:12:45 	 SKIP (model is a solution file): 6_Bujnicki_1_solution.pdb
2026-03-10 01:12:45 	 SKIP (model is a solution file): 6_Bujnicki_2_solution.pdb
2026-03-10 01:12:45 	 SKIP (model is a solution file): 6_Bujnicki_3_solution.pdb
2026-03-10 01:12:45 	 SKIP (model is a solution file): 6_Bujnicki_4_solution.pdb
2026-03-10 01:12:45 	 SKIP (model is a solution file): 6_Chen_1_solution.pdb
2026-03-10 01:12:45 	 SKIP (model is a solution file): 6_Chen_2_solution.pdb
2026-03-10 01:12:45 	 SKIP (model is a solution file): 6_Chen_3_solution.pdb
2026-03-10 01:12:45 	 SKIP (model is a solution file): 6_Chen_4_solution.pdb
2026-03-10 01:12:45 	 SKIP (model is a solution file): 6_Chen_5_solution.pdb
2026-03-10 01:12:45 	 SKIP (model is a solution file): 6_Chen_6_solution.pdb
2026-03-10 01:12:45 	 SKIP (model is a solution file): 6_Chen_7_solution.pdb
2026-03-10 01:12:45 	 SKIP (model is a solution file): 6_Das_1_solution.pdb
2026-03-10 01:12:45 	 SKIP (model is a solution file): 6_Das_10_solution.pdb
2026-03-10 01:12:45 	 SKIP (model is a solution file): 6_Das_2_solution.pdb
2026-03-10 01:12:45 	 SKIP (model is a solution file): 6_Das_3_solution.pdb
2026-03-10 01:12:45 	 SKIP (model is a solution file): 6_Das_4_solution.pdb
2026-03-10 01:12:45 	 SKIP (model is a solution file): 6_Das_5_solution.pdb
2026-03-10 01:12:45 	 SKIP (model is a solution file): 6_Das_6_solution.pdb
2026-03-10 01:12:45 	 SKIP (model is a solution file): 6_Das_7_solution.pdb
2026-03-10 01:12:45 	 SKIP (model is a solution file): 6_Das_8_solution.pdb
2026-03-10 01:12:45 	 SKIP (model is a solution file): 6_Das_9_solution.pdb
2026-03-10 01:12:45 	 SKIP (model is a solution file): 6_Dokholyan_1_solution.pdb
2026-03-10 01:12:45 	 SKIP (model is a solution file): 6_Dokholyan_2_solution.pdb
2026-03-10 01:12:45 	 SKIP (model is a solution file): 6_Dokholyan_3_solution.pdb
2026-03-10 01:12:45 	 SKIP (model is a solution file): 6_Dokholyan_4_solution.pdb
2026-03-10 01:12:45 	 SKIP (model is a solution file): 6_Dokholyan_5_solution.pdb
2026-03-10 01:12:45 	 SKIP (model is a solution file): 6_Dokholyan_6_solution.pdb
2026-03-10 01:12:45 	 SKIP (model is a solution file): 6_Major_1_solution.pdb
2026-03-10 01:12:45 	 SKIP (model is a solution file): 6_Major_2_solution.pdb
2026-03-10 01:12:45 	 SKIP (model is a solution file): 6_Major_3_solution.pdb
2026-03-10 01:12:45 	 SKIP (model is a solution file): 6_Major_4_solution.pdb
2026-03-10 01:12:45 	 SKIP (model is a solution file): 6_Major_5_solution.pdb
2026-03-10 01:12:45 	 SKIP (model is a solution file): 6_Major_6_solution.pdb
2026-03-10 01:12:45 	 SKIP (model is a solution file): 6_Major_7_solution.pdb
2026-03-10 01:12:45 	 DONE case: PZ6
2026-03-10 01:17:28 	 START case: PZ6
2026-03-10 01:17:28 	 caseDir: D:\Studia\Projekty\gsp-lab\data\finished\PZ6
2026-03-10 01:17:28 	 pdbDir: D:\Studia\Projekty\gsp-lab\data\finished\PZ6\pdb
2026-03-10 01:17:28 	 Found pdb count: 68
2026-03-10 01:17:28 	 Global solution: 6_Bujnicki_1_solution.pdb
2026-03-10 01:17:28 	 SKIP already recorded (refined): Bujnicki_1
2026-03-10 01:17:28 	 SKIP already recorded (refined): Bujnicki_2
2026-03-10 01:17:28 	 SKIP already recorded (refined): Bujnicki_3
2026-03-10 01:17:28 	 SKIP already recorded (refined): Bujnicki_4
2026-03-10 01:17:28 	 SKIP already recorded (refined): Chen_1
2026-03-10 01:17:29 	 SKIP already recorded (refined): Chen_2
2026-03-10 01:17:29 	 SKIP already recorded (refined): Chen_3
2026-03-10 01:17:29 	 SKIP already recorded (refined): Chen_4
2026-03-10 01:17:29 	 SKIP already recorded (refined): Chen_5
2026-03-10 01:17:29 	 SKIP already recorded (refined): Chen_6
2026-03-10 01:17:29 	 SKIP already recorded (refined): Chen_7
2026-03-10 01:17:29 	 SKIP already recorded (refined): Das_1
2026-03-10 01:17:29 	 SKIP already recorded (refined): Das_10
2026-03-10 01:17:29 	 SKIP already recorded (refined): Das_2
2026-03-10 01:17:29 	 SKIP already recorded (refined): Das_3
2026-03-10 01:17:29 	 SKIP already recorded (refined): Das_4
2026-03-10 01:17:29 	 SKIP already recorded (refined): Das_5
2026-03-10 01:17:29 	 SKIP already recorded (refined): Das_6
2026-03-10 01:17:29 	 SKIP already recorded (refined): Das_7
2026-03-10 01:17:29 	 SKIP already recorded (refined): Das_8
2026-03-10 01:17:29 	 SKIP already recorded (refined): Das_9
2026-03-10 01:17:29 	 SKIP already recorded (refined): Dokholyan_1
2026-03-10 01:17:29 	 SKIP already recorded (refined): Dokholyan_2
2026-03-10 01:17:29 	 SKIP already recorded (refined): Dokholyan_3
2026-03-10 01:17:29 	 SKIP already recorded (refined): Dokholyan_4
2026-03-10 01:17:29 	 SKIP already recorded (refined): Dokholyan_5
2026-03-10 01:17:29 	 SKIP already recorded (refined): Dokholyan_6
2026-03-10 01:17:29 	 SKIP already recorded (refined): Major_1
2026-03-10 01:17:29 	 SKIP already recorded (refined): Major_2
2026-03-10 01:17:29 	 SKIP already recorded (refined): Major_3
2026-03-10 01:17:29 	 SKIP already recorded (refined): Major_4
2026-03-10 01:17:29 	 SKIP already recorded (refined): Major_5
2026-03-10 01:17:29 	 SKIP already recorded (refined): Major_6
2026-03-10 01:17:29 	 SKIP already recorded (refined): Major_7
2026-03-10 01:17:29 	 SKIP (model is a solution file): 6_Bujnicki_1_solution.pdb
2026-03-10 01:17:29 	 SKIP (model is a solution file): 6_Bujnicki_2_solution.pdb
2026-03-10 01:17:29 	 SKIP (model is a solution file): 6_Bujnicki_3_solution.pdb
2026-03-10 01:17:29 	 SKIP (model is a solution file): 6_Bujnicki_4_solution.pdb
2026-03-10 01:17:29 	 SKIP (model is a solution file): 6_Chen_1_solution.pdb
2026-03-10 01:17:29 	 SKIP (model is a solution file): 6_Chen_2_solution.pdb
2026-03-10 01:17:29 	 SKIP (model is a solution file): 6_Chen_3_solution.pdb
2026-03-10 01:17:29 	 SKIP (model is a solution file): 6_Chen_4_solution.pdb
2026-03-10 01:17:29 	 SKIP (model is a solution file): 6_Chen_5_solution.pdb
2026-03-10 01:17:29 	 SKIP (model is a solution file): 6_Chen_6_solution.pdb
2026-03-10 01:17:29 	 SKIP (model is a solution file): 6_Chen_7_solution.pdb
2026-03-10 01:17:29 	 SKIP (model is a solution file): 6_Das_1_solution.pdb
2026-03-10 01:17:29 	 SKIP (model is a solution file): 6_Das_10_solution.pdb
2026-03-10 01:17:29 	 SKIP (model is a solution file): 6_Das_2_solution.pdb
2026-03-10 01:17:29 	 SKIP (model is a solution file): 6_Das_3_solution.pdb
2026-03-10 01:17:29 	 SKIP (model is a solution file): 6_Das_4_solution.pdb
2026-03-10 01:17:29 	 SKIP (model is a solution file): 6_Das_5_solution.pdb
2026-03-10 01:17:29 	 SKIP (model is a solution file): 6_Das_6_solution.pdb
2026-03-10 01:17:29 	 SKIP (model is a solution file): 6_Das_7_solution.pdb
2026-03-10 01:17:29 	 SKIP (model is a solution file): 6_Das_8_solution.pdb
2026-03-10 01:17:29 	 SKIP (model is a solution file): 6_Das_9_solution.pdb
2026-03-10 01:17:29 	 SKIP (model is a solution file): 6_Dokholyan_1_solution.pdb
2026-03-10 01:17:29 	 SKIP (model is a solution file): 6_Dokholyan_2_solution.pdb
2026-03-10 01:17:29 	 SKIP (model is a solution file): 6_Dokholyan_3_solution.pdb
2026-03-10 01:17:29 	 SKIP (model is a solution file): 6_Dokholyan_4_solution.pdb
2026-03-10 01:17:29 	 SKIP (model is a solution file): 6_Dokholyan_5_solution.pdb
2026-03-10 01:17:29 	 SKIP (model is a solution file): 6_Dokholyan_6_solution.pdb
2026-03-10 01:17:29 	 SKIP (model is a solution file): 6_Major_1_solution.pdb
2026-03-10 01:17:29 	 SKIP (model is a solution file): 6_Major_2_solution.pdb
2026-03-10 01:17:29 	 SKIP (model is a solution file): 6_Major_3_solution.pdb
2026-03-10 01:17:29 	 SKIP (model is a solution file): 6_Major_4_solution.pdb
2026-03-10 01:17:29 	 SKIP (model is a solution file): 6_Major_5_solution.pdb
2026-03-10 01:17:29 	 SKIP (model is a solution file): 6_Major_6_solution.pdb
2026-03-10 01:17:29 	 SKIP (model is a solution file): 6_Major_7_solution.pdb
2026-03-10 01:17:29 	 DONE case: PZ6
2026-03-10 01:21:55 	 START case: PZ6
2026-03-10 01:21:55 	 caseDir: D:\Studia\Projekty\gsp-lab\data\finished\PZ6
2026-03-10 01:21:55 	 pdbDir: D:\Studia\Projekty\gsp-lab\data\finished\PZ6\pdb
2026-03-10 01:21:55 	 Found pdb count: 68
2026-03-10 01:21:56 	 Global solution: 6_Bujnicki_1_solution.pdb
2026-03-10 01:21:56 	 SKIP already recorded (refined): Bujnicki_1
2026-03-10 01:21:56 	 SKIP already recorded (refined): Bujnicki_2
2026-03-10 01:21:56 	 SKIP already recorded (refined): Bujnicki_3
2026-03-10 01:21:56 	 SKIP already recorded (refined): Bujnicki_4
2026-03-10 01:21:56 	 SKIP already recorded (refined): Chen_1
2026-03-10 01:21:56 	 SKIP already recorded (refined): Chen_2
2026-03-10 01:21:56 	 SKIP already recorded (refined): Chen_3
2026-03-10 01:21:56 	 SKIP already recorded (refined): Chen_4
2026-03-10 01:21:56 	 SKIP already recorded (refined): Chen_5
2026-03-10 01:21:56 	 SKIP already recorded (refined): Chen_6
2026-03-10 01:21:56 	 SKIP already recorded (refined): Chen_7
2026-03-10 01:21:56 	 SKIP already recorded (refined): Das_1
2026-03-10 01:21:56 	 SKIP already recorded (refined): Das_10
2026-03-10 01:21:56 	 SKIP already recorded (refined): Das_2
2026-03-10 01:21:56 	 SKIP already recorded (refined): Das_3
2026-03-10 01:21:56 	 SKIP already recorded (refined): Das_4
2026-03-10 01:21:56 	 SKIP already recorded (refined): Das_5
2026-03-10 01:21:56 	 SKIP already recorded (refined): Das_6
2026-03-10 01:21:56 	 SKIP already recorded (refined): Das_7
2026-03-10 01:21:56 	 SKIP already recorded (refined): Das_8
2026-03-10 01:21:56 	 SKIP already recorded (refined): Das_9
2026-03-10 01:21:56 	 SKIP already recorded (refined): Dokholyan_1
2026-03-10 01:21:56 	 SKIP already recorded (refined): Dokholyan_2
2026-03-10 01:21:56 	 SKIP already recorded (refined): Dokholyan_3
2026-03-10 01:21:56 	 SKIP already recorded (refined): Dokholyan_4
2026-03-10 01:21:56 	 SKIP already recorded (refined): Dokholyan_5
2026-03-10 01:21:56 	 SKIP already recorded (refined): Dokholyan_6
2026-03-10 01:21:56 	 SKIP already recorded (refined): Major_1
2026-03-10 01:21:56 	 SKIP already recorded (refined): Major_2
2026-03-10 01:21:56 	 SKIP already recorded (refined): Major_3
2026-03-10 01:21:56 	 SKIP already recorded (refined): Major_4
2026-03-10 01:21:56 	 SKIP already recorded (refined): Major_5
2026-03-10 01:21:56 	 SKIP already recorded (refined): Major_6
2026-03-10 01:21:56 	 SKIP already recorded (refined): Major_7
2026-03-10 01:21:56 	 SKIP (model is a solution file): 6_Bujnicki_1_solution.pdb
2026-03-10 01:21:56 	 SKIP (model is a solution file): 6_Bujnicki_2_solution.pdb
2026-03-10 01:21:56 	 SKIP (model is a solution file): 6_Bujnicki_3_solution.pdb
2026-03-10 01:21:56 	 SKIP (model is a solution file): 6_Bujnicki_4_solution.pdb
2026-03-10 01:21:56 	 SKIP (model is a solution file): 6_Chen_1_solution.pdb
2026-03-10 01:21:57 	 SKIP (model is a solution file): 6_Chen_2_solution.pdb
2026-03-10 01:21:57 	 SKIP (model is a solution file): 6_Chen_3_solution.pdb
2026-03-10 01:21:57 	 SKIP (model is a solution file): 6_Chen_4_solution.pdb
2026-03-10 01:21:57 	 SKIP (model is a solution file): 6_Chen_5_solution.pdb
2026-03-10 01:21:57 	 SKIP (model is a solution file): 6_Chen_6_solution.pdb
2026-03-10 01:21:57 	 SKIP (model is a solution file): 6_Chen_7_solution.pdb
2026-03-10 01:21:57 	 SKIP (model is a solution file): 6_Das_1_solution.pdb
2026-03-10 01:21:57 	 SKIP (model is a solution file): 6_Das_10_solution.pdb
2026-03-10 01:21:57 	 SKIP (model is a solution file): 6_Das_2_solution.pdb
2026-03-10 01:21:57 	 SKIP (model is a solution file): 6_Das_3_solution.pdb
2026-03-10 01:21:57 	 SKIP (model is a solution file): 6_Das_4_solution.pdb
2026-03-10 01:21:57 	 SKIP (model is a solution file): 6_Das_5_solution.pdb
2026-03-10 01:21:57 	 SKIP (model is a solution file): 6_Das_6_solution.pdb
2026-03-10 01:21:57 	 SKIP (model is a solution file): 6_Das_7_solution.pdb
2026-03-10 01:21:57 	 SKIP (model is a solution file): 6_Das_8_solution.pdb
2026-03-10 01:21:57 	 SKIP (model is a solution file): 6_Das_9_solution.pdb
2026-03-10 01:21:57 	 SKIP (model is a solution file): 6_Dokholyan_1_solution.pdb
2026-03-10 01:21:57 	 SKIP (model is a solution file): 6_Dokholyan_2_solution.pdb
2026-03-10 01:21:57 	 SKIP (model is a solution file): 6_Dokholyan_3_solution.pdb
2026-03-10 01:21:57 	 SKIP (model is a solution file): 6_Dokholyan_4_solution.pdb
2026-03-10 01:21:57 	 SKIP (model is a solution file): 6_Dokholyan_5_solution.pdb
2026-03-10 01:21:57 	 SKIP (model is a solution file): 6_Dokholyan_6_solution.pdb
2026-03-10 01:21:57 	 SKIP (model is a solution file): 6_Major_1_solution.pdb
2026-03-10 01:21:57 	 SKIP (model is a solution file): 6_Major_2_solution.pdb
2026-03-10 01:21:57 	 SKIP (model is a solution file): 6_Major_3_solution.pdb
2026-03-10 01:21:57 	 SKIP (model is a solution file): 6_Major_4_solution.pdb
2026-03-10 01:21:57 	 SKIP (model is a solution file): 6_Major_5_solution.pdb
2026-03-10 01:21:57 	 SKIP (model is a solution file): 6_Major_6_solution.pdb
2026-03-10 01:21:57 	 SKIP (model is a solution file): 6_Major_7_solution.pdb
2026-03-10 01:21:57 	 DONE case: PZ6
