{
  "native_pdb": "/tmp/rna_inf_zx01uero/7_Adamiak_1_solution_normalized.pdb",
  "native_index": null,
  "model_pdb": "/tmp/rna_inf_f9pcufts/7_Adamiak_1_refined_normalized.pdb",
  "model_index": null,
  "rmsd": 29.039219822518536,
  "inf_all": 0.6926184228854151,
  "inf_wc": 0.8484848484848485,
  "inf_nwc": 0.11180339887498948,
  "inf_stack": 0.6571794509202263
}
{
  "native_pdb": "/tmp/rna_inf_4w4h58xn/7_Adamiak_2_solution_normalized.pdb",
  "native_index": null,
  "model_pdb": "/tmp/rna_inf_yrcypgt5/7_Adamiak_2_refined_normalized.pdb",
  "model_index": null,
  "rmsd": 28.828972506506187,
  "inf_all": 0.6895628171615664,
  "inf_wc": 0.8484848484848485,
  "inf_nwc": 0.12909944487358055,
  "inf_stack": 0.6462494522572256
}
{
  "native_pdb": "/tmp/rna_inf_rnj7jjtj/7_Adamiak_3_solution_normalized.pdb",
  "native_index": null,
  "model_pdb": "/tmp/rna_inf_z_3e7sfs/7_Adamiak_3_refined_normalized.pdb",
  "model_index": null,
  "rmsd": 30.7430684397316,
  "inf_all": 0.7027568881677674,
  "inf_wc": 0.8484848484848485,
  "inf_nwc": 0.14142135623730953,
  "inf_stack": 0.66448144481934
}
{
  "native_pdb": "/tmp/rna_inf_w2hsctz4/7_Adamiak_4_solution_normalized.pdb",
  "native_index": null,
  "model_pdb": "/tmp/rna_inf_kazfxzbp/7_Adamiak_4_refined_normalized.pdb",
  "model_index": null,
  "rmsd": 30.009693355727304,
  "inf_all": 0.6709187594927563,
  "inf_wc": 0.815016078203043,
  "inf_nwc": 0.10540925533894598,
  "inf_stack": 0.6414677099914273
}
{
  "native_pdb": "/tmp/rna_inf_3dqhzd4o/7_Adamiak_5_solution_normalized.pdb",
  "native_index": null,
  "model_pdb": "/tmp/rna_inf_86egvuks/7_Adamiak_5_refined_normalized.pdb",
  "model_index": null,
  "rmsd": 28.393210598923183,
  "inf_all": 0.7398487690296833,
  "inf_wc": 0.8787878787878788,
  "inf_nwc": 0.23904572186687872,
  "inf_stack": 0.7061038168679613
}
{
  "native_pdb": "/tmp/rna_inf_7mz05br_/7_Bujnicki_1_solution_normalized.pdb",
  "native_index": null,
  "model_pdb": "/tmp/rna_inf_f00c316t/7_Bujnicki_1_refined_normalized.pdb",
  "model_index": null,
  "rmsd": 42.51893048004077,
  "inf_all": 0.6483093306008978,
  "inf_wc": 0.5699704467430112,
  "inf_nwc": 0.12909944487358055,
  "inf_stack": 0.7070637423368052
}
{
  "native_pdb": "/tmp/rna_inf_k6lgrnsm/7_Bujnicki_2_solution_normalized.pdb",
  "native_index": null,
  "model_pdb": "/tmp/rna_inf_anz813sa/7_Bujnicki_2_refined_normalized.pdb",
  "model_index": null,
  "rmsd": 60.629733850654375,
  "inf_all": 0.6636391811858477,
  "inf_wc": 0.6449940433967712,
  "inf_nwc": 0.12909944487358055,
  "inf_stack": 0.7048507048510573
}
{
  "native_pdb": "/tmp/rna_inf_a311ptp2/7_Bujnicki_3_solution_normalized.pdb",
  "native_index": null,
  "model_pdb": "/tmp/rna_inf_a80i4vbq/7_Bujnicki_3_refined_normalized.pdb",
  "model_index": null,
  "rmsd": 26.141428905156477,
  "inf_all": 0.7671213389295879,
  "inf_wc": 0.9014729960756244,
  "inf_nwc": 0.18257418583505536,
  "inf_stack": 0.7338344376656172
}
{
  "native_pdb": "/tmp/rna_inf_k0r3_a2b/7_Bujnicki_4_solution_normalized.pdb",
  "native_index": null,
  "model_pdb": "/tmp/rna_inf_ic6rkgwr/7_Bujnicki_4_refined_normalized.pdb",
  "model_index": null,
  "rmsd": 24.894442376054375,
  "inf_all": 0.7874941578948236,
  "inf_wc": 0.9076264668011054,
  "inf_nwc": 0.22360679774997896,
  "inf_stack": 0.7677964658299454
}
{
  "native_pdb": "/tmp/rna_inf_eiaa2uap/7_Bujnicki_5_solution_normalized.pdb",
  "native_index": null,
  "model_pdb": "/tmp/rna_inf_6oubg3dt/7_Bujnicki_5_refined_normalized.pdb",
  "model_index": null,
  "rmsd": 24.893931945408177,
  "inf_all": 0.7874941578948236,
  "inf_wc": 0.9076264668011054,
  "inf_nwc": 0.22360679774997896,
  "inf_stack": 0.7677964658299454
}
{
  "native_pdb": "/tmp/rna_inf_1f6jtjdg/7_Bujnicki_6_solution_normalized.pdb",
  "native_index": null,
  "model_pdb": "/tmp/rna_inf_jhv35kxf/7_Bujnicki_6_refined_normalized.pdb",
  "model_index": null,
  "rmsd": 26.146199445876725,
  "inf_all": 0.7586448600463881,
  "inf_wc": 0.9014729960756244,
  "inf_nwc": 0.18257418583505536,
  "inf_stack": 0.7212902592439827
}
{
  "native_pdb": "/tmp/rna_inf_8mn2o1n2/7_Bujnicki_7_solution_normalized.pdb",
  "native_index": null,
  "model_pdb": "/tmp/rna_inf_g95rgbx_/7_Bujnicki_7_refined_normalized.pdb",
  "model_index": null,
  "rmsd": 26.930034790623477,
  "inf_all": 0.7436835444969432,
  "inf_wc": 0.8703882797784892,
  "inf_nwc": 0.0,
  "inf_stack": 0.7290760062345759
}
{
  "native_pdb": "/tmp/rna_inf_uiyi6jvt/7_Chen_1_solution_normalized.pdb",
  "native_index": null,
  "model_pdb": "/tmp/rna_inf_m0blg0e5/7_Chen_1_refined_normalized.pdb",
  "model_index": null,
  "rmsd": 28.27683386981433,
  "inf_all": 0.4943753558770861,
  "inf_wc": 0.5617690055391233,
  "inf_nwc": 0.09128709291752768,
  "inf_stack": 0.5083027993146316
}
{
  "native_pdb": "/tmp/rna_inf_bvvk4rv1/7_Chen_10_solution_normalized.pdb",
  "native_index": null,
  "model_pdb": "/tmp/rna_inf_cp3uckt7/7_Chen_10_refined_normalized.pdb",
  "model_index": null,
  "rmsd": 31.552121327769378,
  "inf_all": 0.7438547704472309,
  "inf_wc": 0.8421290672443172,
  "inf_nwc": 0.18257418583505536,
  "inf_stack": 0.72542060576421
}
{
  "native_pdb": "/tmp/rna_inf_nawzahoj/7_Chen_2_solution_normalized.pdb",
  "native_index": null,
  "model_pdb": "/tmp/rna_inf_b10th9_o/7_Chen_2_refined_normalized.pdb",
  "model_index": null,
  "rmsd": 34.36263147451832,
  "inf_all": 0.7446088792203673,
  "inf_wc": 0.8484848484848485,
  "inf_nwc": 0.18257418583505536,
  "inf_stack": 0.7237829899341095
}
{
  "native_pdb": "/tmp/rna_inf_coftt9di/7_Chen_3_solution_normalized.pdb",
  "native_index": null,
  "model_pdb": "/tmp/rna_inf_u2i9ujvi/7_Chen_3_refined_normalized.pdb",
  "model_index": null,
  "rmsd": 29.750781174855778,
  "inf_all": 0.7463881144433496,
  "inf_wc": 0.8684519297052394,
  "inf_nwc": 0.15811388300841897,
  "inf_stack": 0.7212299555592528
}
{
  "native_pdb": "/tmp/rna_inf_qi3tdcdi/7_Chen_4_solution_normalized.pdb",
  "native_index": null,
  "model_pdb": "/tmp/rna_inf_7u98_rnq/7_Chen_4_refined_normalized.pdb",
  "model_index": null,
  "rmsd": 27.747882943985978,
  "inf_all": 0.7554904085219271,
  "inf_wc": 0.8684519297052394,
  "inf_nwc": 0.18257418583505536,
  "inf_stack": 0.7321374632249897
}
{
  "native_pdb": "/tmp/rna_inf_b_8htefv/7_Chen_5_solution_normalized.pdb",
  "native_index": null,
  "model_pdb": "/tmp/rna_inf_71kdhlnm/7_Chen_5_refined_normalized.pdb",
  "model_index": null,
  "rmsd": 23.225963760213105,
  "inf_all": 0.7546447425200918,
  "inf_wc": 0.8770268732277458,
  "inf_nwc": 0.15811388300841897,
  "inf_stack": 0.7295908904197698
}
{
  "native_pdb": "/tmp/rna_inf_y9cuoivi/7_Chen_6_solution_normalized.pdb",
  "native_index": null,
  "model_pdb": "/tmp/rna_inf_3goeuhom/7_Chen_6_refined_normalized.pdb",
  "model_index": null,
  "rmsd": 29.066949742514932,
  "inf_all": 0.754832946516015,
  "inf_wc": 0.8616404368553291,
  "inf_nwc": 0.12909944487358055,
  "inf_stack": 0.7419822332162692
}
{
  "native_pdb": "/tmp/rna_inf_v73tsub1/7_Chen_7_solution_normalized.pdb",
  "native_index": null,
  "model_pdb": "/tmp/rna_inf_yi__ekpz/7_Chen_7_refined_normalized.pdb",
  "model_index": null,
  "rmsd": 29.115263813961473,
  "inf_all": 0.7491491772643939,
  "inf_wc": 0.8616404368553291,
  "inf_nwc": 0.14142135623730953,
  "inf_stack": 0.7305473169428395
}
{
  "native_pdb": "/tmp/rna_inf_wrarn_8a/7_Chen_8_solution_normalized.pdb",
  "native_index": null,
  "model_pdb": "/tmp/rna_inf_1lipzxsv/7_Chen_8_refined_normalized.pdb",
  "model_index": null,
  "rmsd": 29.933724739966248,
  "inf_all": 0.7601054176787224,
  "inf_wc": 0.8508410434878083,
  "inf_nwc": 0.22360679774997896,
  "inf_stack": 0.7429778792348115
}
{
  "native_pdb": "/tmp/rna_inf_64by0j0w/7_Chen_9_solution_normalized.pdb",
  "native_index": null,
  "model_pdb": "/tmp/rna_inf_djirysdq/7_Chen_9_refined_normalized.pdb",
  "model_index": null,
  "rmsd": 33.3731748432382,
  "inf_all": 0.7418369674040609,
  "inf_wc": 0.8484848484848485,
  "inf_nwc": 0.15811388300841897,
  "inf_stack": 0.7221586474528796
}
{
  "native_pdb": "/tmp/rna_inf_ym2yq025/7_Das_1_solution_normalized.pdb",
  "native_index": null,
  "model_pdb": "/tmp/rna_inf_p0o7auat/7_Das_1_refined_normalized.pdb",
  "model_index": null,
  "rmsd": 20.580886914861953,
  "inf_all": 0.7834166934088315,
  "inf_wc": 0.9268715709799871,
  "inf_nwc": 0.35082320772281167,
  "inf_stack": 0.7522880356073288
}
{
  "native_pdb": "/tmp/rna_inf_kzgxu_9m/7_Das_2_solution_normalized.pdb",
  "native_index": null,
  "model_pdb": "/tmp/rna_inf_tyl0wo5t/7_Das_2_refined_normalized.pdb",
  "model_index": null,
  "rmsd": 23.5626311935058,
  "inf_all": 0.7607462834932761,
  "inf_wc": 0.8994012224377722,
  "inf_nwc": 0.3380617018914066,
  "inf_stack": 0.732088694089502
}
{
  "native_pdb": "/tmp/rna_inf_2p300zkf/7_Das_3_solution_normalized.pdb",
  "native_index": null,
  "model_pdb": "/tmp/rna_inf_s0lt81jw/7_Das_3_refined_normalized.pdb",
  "model_index": null,
  "rmsd": 24.573300020830743,
  "inf_all": 0.7391374209916267,
  "inf_wc": 0.8742899747996279,
  "inf_nwc": 0.32659863237109044,
  "inf_stack": 0.7137299601826249
}
{
  "native_pdb": "/tmp/rna_inf_z3wzw0eh/7_Das_4_solution_normalized.pdb",
  "native_index": null,
  "model_pdb": "/tmp/rna_inf_t85hsbtp/7_Das_4_refined_normalized.pdb",
  "model_index": null,
  "rmsd": 25.385098828763976,
  "inf_all": 0.732519553721876,
  "inf_wc": 0.8939393939393939,
  "inf_nwc": 0.28284271247461906,
  "inf_stack": 0.7085330125952781
}
{
  "native_pdb": "/tmp/rna_inf_ejg6i84i/7_Das_5_solution_normalized.pdb",
  "native_index": null,
  "model_pdb": "/tmp/rna_inf_a08too_5/7_Das_5_refined_normalized.pdb",
  "model_index": null,
  "rmsd": 24.60356867586009,
  "inf_all": 0.7386710503565985,
  "inf_wc": 0.9121593238215745,
  "inf_nwc": 0.22360679774997896,
  "inf_stack": 0.6905831563535105
}
{
  "native_pdb": "/tmp/rna_inf_2_4s9srv/7_Das_6_solution_normalized.pdb",
  "native_index": null,
  "model_pdb": "/tmp/rna_inf_3e92jwtv/7_Das_6_refined_normalized.pdb",
  "model_index": null,
  "rmsd": 25.162749681200356,
  "inf_all": 0.7719966554194623,
  "inf_wc": 0.8939393939393939,
  "inf_nwc": 0.32659863237109044,
  "inf_stack": 0.756364868049853
}
{
  "native_pdb": "/tmp/rna_inf_ir_1ocuk/7_Das_7_solution_normalized.pdb",
  "native_index": null,
  "model_pdb": "/tmp/rna_inf_0wz1wxjz/7_Das_7_refined_normalized.pdb",
  "model_index": null,
  "rmsd": 25.287646551335843,
  "inf_all": 0.7459000122377188,
  "inf_wc": 0.8872431244181199,
  "inf_nwc": 0.28603877677367767,
  "inf_stack": 0.7153458300240788
}
{
  "native_pdb": "/tmp/rna_inf_ml719ffr/7_Das_8_solution_normalized.pdb",
  "native_index": null,
  "model_pdb": "/tmp/rna_inf_dnrw2cke/7_Das_8_refined_normalized.pdb",
  "model_index": null,
  "rmsd": 26.796960307626485,
  "inf_all": 0.7441015076500341,
  "inf_wc": 0.885521984001066,
  "inf_nwc": 0.07071067811865477,
  "inf_stack": 0.7501461212928822
}
{
  "native_pdb": "/tmp/rna_inf_mrblyhrj/7_Ding_1_solution_normalized.pdb",
  "native_index": null,
  "model_pdb": "/tmp/rna_inf_i6se4vz9/7_Ding_1_refined_normalized.pdb",
  "model_index": null,
  "rmsd": 29.26707894728665,
  "inf_all": 0.6846723007277965,
  "inf_wc": 0.8000946913656628,
  "inf_nwc": 0.0,
  "inf_stack": 0.6591251799203616
}
{
  "native_pdb": "/tmp/rna_inf_6of60agl/7_Ding_10_solution_normalized.pdb",
  "native_index": null,
  "model_pdb": "/tmp/rna_inf_2_xhp28n/7_Ding_10_refined_normalized.pdb",
  "model_index": null,
  "rmsd": 36.556817335665606,
  "inf_all": 0.6556675270976765,
  "inf_wc": 0.7633810206905741,
  "inf_nwc": 0.0,
  "inf_stack": 0.6326645322482416
}
{
  "native_pdb": "/tmp/rna_inf_7ojonge8/7_Ding_2_solution_normalized.pdb",
  "native_index": null,
  "model_pdb": "/tmp/rna_inf_qb8ndxdm/7_Ding_2_refined_normalized.pdb",
  "model_index": null,
  "rmsd": 32.756175405132765,
  "inf_all": 0.6816674516731122,
  "inf_wc": 0.781631749350903,
  "inf_nwc": 0.0,
  "inf_stack": 0.6608931137086009
}
{
  "native_pdb": "/tmp/rna_inf_6nqrtadu/7_Ding_3_solution_normalized.pdb",
  "native_index": null,
  "model_pdb": "/tmp/rna_inf_h1d_u_9m/7_Ding_3_refined_normalized.pdb",
  "model_index": null,
  "rmsd": 31.80708807385874,
  "inf_all": 0.6396021490668313,
  "inf_wc": 0.7564920216615347,
  "inf_nwc": 0.0,
  "inf_stack": 0.6085213512573675
}
{
  "native_pdb": "/tmp/rna_inf_wv9xoy3o/7_Ding_4_solution_normalized.pdb",
  "native_index": null,
  "model_pdb": "/tmp/rna_inf_nvbbh3us/7_Ding_4_refined_normalized.pdb",
  "model_index": null,
  "rmsd": 31.94863052003984,
  "inf_all": 0.6591644453765451,
  "inf_wc": 0.7972643843379211,
  "inf_nwc": 0.0,
  "inf_stack": 0.6279714753237718
}
{
  "native_pdb": "/tmp/rna_inf_zy75h23r/7_Ding_5_solution_normalized.pdb",
  "native_index": null,
  "model_pdb": "/tmp/rna_inf_9jwh_rty/7_Ding_5_refined_normalized.pdb",
  "model_index": null,
  "rmsd": 29.793022431434757,
  "inf_all": 0.6638978513005402,
  "inf_wc": 0.7909115788387002,
  "inf_nwc": 0.0,
  "inf_stack": 0.6347083550536252
}
{
  "native_pdb": "/tmp/rna_inf_vwau1k30/7_Ding_6_solution_normalized.pdb",
  "native_index": null,
  "model_pdb": "/tmp/rna_inf_zjji4air/7_Ding_6_refined_normalized.pdb",
  "model_index": null,
  "rmsd": 29.29579274659494,
  "inf_all": 0.6874200216065925,
  "inf_wc": 0.8000946913656628,
  "inf_nwc": -1.0,
  "inf_stack": 0.6573765105912546
}
{
  "native_pdb": "/tmp/rna_inf_yhgewi3n/7_Ding_7_solution_normalized.pdb",
  "native_index": null,
  "model_pdb": "/tmp/rna_inf_2zmn268y/7_Ding_7_refined_normalized.pdb",
  "model_index": null,
  "rmsd": 29.971036993797732,
  "inf_all": 0.6993438500291064,
  "inf_wc": 0.7909115788387002,
  "inf_nwc": 0.0,
  "inf_stack": 0.6921011208751904
}
{
  "native_pdb": "/tmp/rna_inf_wl1niqz5/7_Ding_8_solution_normalized.pdb",
  "native_index": null,
  "model_pdb": "/tmp/rna_inf_55he7ehm/7_Ding_8_refined_normalized.pdb",
  "model_index": null,
  "rmsd": 27.241711941359142,
  "inf_all": 0.6632804922275213,
  "inf_wc": 0.7909115788387002,
  "inf_nwc": 0.0,
  "inf_stack": 0.6285098277740208
}
{
  "native_pdb": "/tmp/rna_inf_j3r83383/7_Ding_9_solution_normalized.pdb",
  "native_index": null,
  "model_pdb": "/tmp/rna_inf_qcvrq2k_/7_Ding_9_refined_normalized.pdb",
  "model_index": null,
  "rmsd": 26.797155174354426,
  "inf_all": 0.6638978513005402,
  "inf_wc": 0.7693218186208296,
  "inf_nwc": -1.0,
  "inf_stack": 0.6366550033321674
}
{
  "native_pdb": "/tmp/rna_inf_wmhmiqd3/7_Dokholyan_1_solution_normalized.pdb",
  "native_index": null,
  "model_pdb": "/tmp/rna_inf_sc54a341/7_Dokholyan_1_refined_normalized.pdb",
  "model_index": null,
  "rmsd": 30.188924908771337,
  "inf_all": 0.6992891482562483,
  "inf_wc": 0.9066928292470474,
  "inf_nwc": 0.18257418583505536,
  "inf_stack": 0.6251532796640258
}
{
  "native_pdb": "/tmp/rna_inf_a2ecgoi6/7_Dokholyan_2_solution_normalized.pdb",
  "native_index": null,
  "model_pdb": "/tmp/rna_inf_0mj082f1/7_Dokholyan_2_refined_normalized.pdb",
  "model_index": null,
  "rmsd": 36.92389262024274,
  "inf_all": 0.57526612213647,
  "inf_wc": 0.5769052978177884,
  "inf_nwc": 0.0,
  "inf_stack": 0.605013269043312
}
{
  "native_pdb": "/tmp/rna_inf_9c1gc1z9/7_Major_1_solution_normalized.pdb",
  "native_index": null,
  "model_pdb": "/tmp/rna_inf_f5o1uauq/7_Major_1_refined_normalized.pdb",
  "model_index": null,
  "rmsd": 29.01314066735943,
  "inf_all": 0.6951082215721368,
  "inf_wc": 0.8244515023458201,
  "inf_nwc": 0.0,
  "inf_stack": 0.6774751072238778
}
{
  "native_pdb": "/tmp/rna_inf_q1q4780e/7_Major_10_solution_normalized.pdb",
  "native_index": null,
  "model_pdb": "/tmp/rna_inf_a3oz73tu/7_Major_10_refined_normalized.pdb",
  "model_index": null,
  "rmsd": 31.610134301145074,
  "inf_all": 0.6926873398234671,
  "inf_wc": 0.8285296543119571,
  "inf_nwc": 0.0,
  "inf_stack": 0.675585103171655
}
{
  "native_pdb": "/tmp/rna_inf_6tvazjpb/7_Major_2_solution_normalized.pdb",
  "native_index": null,
  "model_pdb": "/tmp/rna_inf_9znh0ajl/7_Major_2_refined_normalized.pdb",
  "model_index": null,
  "rmsd": 28.177424679188828,
  "inf_all": 0.6996143855405371,
  "inf_wc": 0.8285296543119571,
  "inf_nwc": 0.0,
  "inf_stack": 0.6833358550660565
}
{
  "native_pdb": "/tmp/rna_inf_kqurfd4f/7_Major_3_solution_normalized.pdb",
  "native_index": null,
  "model_pdb": "/tmp/rna_inf_whl7wh3p/7_Major_3_refined_normalized.pdb",
  "model_index": null,
  "rmsd": 26.90763436775998,
  "inf_all": 0.6909874910284777,
  "inf_wc": 0.8285296543119571,
  "inf_nwc": 0.0,
  "inf_stack": 0.675585103171655
}
{
  "native_pdb": "/tmp/rna_inf_evhlwahc/7_Major_4_solution_normalized.pdb",
  "native_index": null,
  "model_pdb": "/tmp/rna_inf_s4aufcmu/7_Major_4_refined_normalized.pdb",
  "model_index": null,
  "rmsd": 27.636841054974365,
  "inf_all": 0.688069424224644,
  "inf_wc": 0.8285296543119571,
  "inf_nwc": 0.0,
  "inf_stack": 0.6661207843732976
}
{
  "native_pdb": "/tmp/rna_inf_21ttk8qi/7_Major_5_solution_normalized.pdb",
  "native_index": null,
  "model_pdb": "/tmp/rna_inf_03nuugf3/7_Major_5_refined_normalized.pdb",
  "model_index": null,
  "rmsd": 28.527780023755106,
  "inf_all": 0.6996143855405371,
  "inf_wc": 0.8195330234666626,
  "inf_nwc": 0.0,
  "inf_stack": 0.6877404663296564
}
{
  "native_pdb": "/tmp/rna_inf_kugb3ai7/7_Major_6_solution_normalized.pdb",
  "native_index": null,
  "model_pdb": "/tmp/rna_inf_dmhdjuu_/7_Major_6_refined_normalized.pdb",
  "model_index": null,
  "rmsd": 27.70241837097219,
  "inf_all": 0.6961250152299103,
  "inf_wc": 0.8195330234666626,
  "inf_nwc": 0.0,
  "inf_stack": 0.6825498980497132
}
{
  "native_pdb": "/tmp/rna_inf_yzsdrtyi/7_Major_7_solution_normalized.pdb",
  "native_index": null,
  "model_pdb": "/tmp/rna_inf_px79g1h_/7_Major_7_refined_normalized.pdb",
  "model_index": null,
  "rmsd": 28.5331330343357,
  "inf_all": 0.6996143855405371,
  "inf_wc": 0.8195330234666626,
  "inf_nwc": 0.0,
  "inf_stack": 0.6877404663296564
}
{
  "native_pdb": "/tmp/rna_inf_31z2ku39/7_Major_8_solution_normalized.pdb",
  "native_index": null,
  "model_pdb": "/tmp/rna_inf_zzgesu_8/7_Major_8_refined_normalized.pdb",
  "model_index": null,
  "rmsd": 27.408837028979153,
  "inf_all": 0.6973052554222902,
  "inf_wc": 0.8128970193249391,
  "inf_nwc": 0.0,
  "inf_stack": 0.6895146929277716
}
{
  "native_pdb": "/tmp/rna_inf_5xo3g9az/7_Major_9_solution_normalized.pdb",
  "native_index": null,
  "model_pdb": "/tmp/rna_inf_1mb4fibw/7_Major_9_refined_normalized.pdb",
  "model_index": null,
  "rmsd": 27.370130818884622,
  "inf_all": 0.6978631577988531,
  "inf_wc": 0.8219277191853159,
  "inf_nwc": 0.0,
  "inf_stack": 0.6833358550660565
}
