2026-03-10 00:38:23 	 START case: PZ8
2026-03-10 00:38:23 	 caseDir: D:\Studia\Projekty\gsp-lab\data\finished\PZ8
2026-03-10 00:38:23 	 pdbDir: D:\Studia\Projekty\gsp-lab\data\finished\PZ8\pdb
2026-03-10 00:38:23 	 Found pdb count: 43
2026-03-10 00:38:23 	 Global solution: 8_solution_0.pdb
2026-03-10 00:38:23 	 RUN fallback_pair: model=8_Adamiak_1.pdb against global=8_solution_0.pdb -> id=Adamiak_1
2026-03-10 00:38:23 	 Docker cmd: docker run --rm -v D:\Studia\Projekty\gsp-lab:/work -v D:\Studia\Projekty\RNA_assessment:/rna_assessment -e RNA_ASSESSMENT_ROOT=/rna_assessment -e PYTHONPATH=/rna_assessment mcannotate-runtime python3 /work/src/utils/INF.py /work/data/finished/PZ8/pdb/8_solution_0.pdb /work/data/finished/PZ8/pdb/8_Adamiak_1.pdb
2026-03-10 00:38:26 	 Docker exit code: 0
2026-03-10 00:38:26 	 Docker output length: 337
2026-03-10 00:38:26 	 Saved CSV: PZ8,Adamiak_1,Adamiak,1,fallback_pair,0.7783117824941563,0.90625,0.6123724356957945,8_solution_0.pdb,8_Adamiak_1.pdb
2026-03-10 00:38:26 	 RUN fallback_pair: model=8_Adamiak_2.pdb against global=8_solution_0.pdb -> id=Adamiak_2
2026-03-10 00:38:26 	 Docker cmd: docker run --rm -v D:\Studia\Projekty\gsp-lab:/work -v D:\Studia\Projekty\RNA_assessment:/rna_assessment -e RNA_ASSESSMENT_ROOT=/rna_assessment -e PYTHONPATH=/rna_assessment mcannotate-runtime python3 /work/src/utils/INF.py /work/data/finished/PZ8/pdb/8_solution_0.pdb /work/data/finished/PZ8/pdb/8_Adamiak_2.pdb
2026-03-10 00:38:29 	 Docker exit code: 0
2026-03-10 00:38:29 	 Docker output length: 335
2026-03-10 00:38:29 	 Saved CSV: PZ8,Adamiak_2,Adamiak,2,fallback_pair,0.7525786756697112,0.90625,0.5477225575051661,8_solution_0.pdb,8_Adamiak_2.pdb
2026-03-10 00:38:29 	 RUN fallback_pair: model=8_Bujnicki_1.pdb against global=8_solution_0.pdb -> id=Bujnicki_1
2026-03-10 00:38:29 	 Docker cmd: docker run --rm -v D:\Studia\Projekty\gsp-lab:/work -v D:\Studia\Projekty\RNA_assessment:/rna_assessment -e RNA_ASSESSMENT_ROOT=/rna_assessment -e PYTHONPATH=/rna_assessment mcannotate-runtime python3 /work/src/utils/INF.py /work/data/finished/PZ8/pdb/8_solution_0.pdb /work/data/finished/PZ8/pdb/8_Bujnicki_1.pdb
2026-03-10 00:38:33 	 Docker exit code: 0
2026-03-10 00:38:33 	 Docker output length: 349
2026-03-10 00:38:33 	 Saved CSV: PZ8,Bujnicki_1,Bujnicki,1,fallback_pair,0.7828751257191237,0.8964214570007952,0.7302967433402214,8_solution_0.pdb,8_Bujnicki_1.pdb
2026-03-10 00:38:33 	 RUN fallback_pair: model=8_Bujnicki_10.pdb against global=8_solution_0.pdb -> id=Bujnicki_10
2026-03-10 00:38:33 	 Docker cmd: docker run --rm -v D:\Studia\Projekty\gsp-lab:/work -v D:\Studia\Projekty\RNA_assessment:/rna_assessment -e RNA_ASSESSMENT_ROOT=/rna_assessment -e PYTHONPATH=/rna_assessment mcannotate-runtime python3 /work/src/utils/INF.py /work/data/finished/PZ8/pdb/8_solution_0.pdb /work/data/finished/PZ8/pdb/8_Bujnicki_10.pdb
2026-03-10 00:38:36 	 Docker exit code: 0
2026-03-10 00:38:36 	 Docker output length: 338
2026-03-10 00:38:36 	 Saved CSV: PZ8,Bujnicki_10,Bujnicki,10,fallback_pair,0.7149980065777966,0.84375,0.408248290463863,8_solution_0.pdb,8_Bujnicki_10.pdb
2026-03-10 00:38:36 	 RUN fallback_pair: model=8_Bujnicki_2.pdb against global=8_solution_0.pdb -> id=Bujnicki_2
2026-03-10 00:38:36 	 Docker cmd: docker run --rm -v D:\Studia\Projekty\gsp-lab:/work -v D:\Studia\Projekty\RNA_assessment:/rna_assessment -e RNA_ASSESSMENT_ROOT=/rna_assessment -e PYTHONPATH=/rna_assessment mcannotate-runtime python3 /work/src/utils/INF.py /work/data/finished/PZ8/pdb/8_solution_0.pdb /work/data/finished/PZ8/pdb/8_Bujnicki_2.pdb
2026-03-10 00:38:39 	 Docker exit code: 0
2026-03-10 00:38:39 	 Docker output length: 349
2026-03-10 00:38:39 	 Saved CSV: PZ8,Bujnicki_2,Bujnicki,2,fallback_pair,0.8108437164260031,0.9231861823449955,0.4714045207910317,8_solution_0.pdb,8_Bujnicki_2.pdb
2026-03-10 00:38:39 	 RUN fallback_pair: model=8_Bujnicki_3.pdb against global=8_solution_0.pdb -> id=Bujnicki_3
2026-03-10 00:38:39 	 Docker cmd: docker run --rm -v D:\Studia\Projekty\gsp-lab:/work -v D:\Studia\Projekty\RNA_assessment:/rna_assessment -e RNA_ASSESSMENT_ROOT=/rna_assessment -e PYTHONPATH=/rna_assessment mcannotate-runtime python3 /work/src/utils/INF.py /work/data/finished/PZ8/pdb/8_solution_0.pdb /work/data/finished/PZ8/pdb/8_Bujnicki_3.pdb
2026-03-10 00:38:42 	 Docker exit code: 0
2026-03-10 00:38:42 	 Docker output length: 338
2026-03-10 00:38:42 	 Saved CSV: PZ8,Bujnicki_3,Bujnicki,3,fallback_pair,0.7842094567458935,0.90625,0.6172133998483676,8_solution_0.pdb,8_Bujnicki_3.pdb
2026-03-10 00:38:42 	 RUN fallback_pair: model=8_Bujnicki_4.pdb against global=8_solution_0.pdb -> id=Bujnicki_4
2026-03-10 00:38:42 	 Docker cmd: docker run --rm -v D:\Studia\Projekty\gsp-lab:/work -v D:\Studia\Projekty\RNA_assessment:/rna_assessment -e RNA_ASSESSMENT_ROOT=/rna_assessment -e PYTHONPATH=/rna_assessment mcannotate-runtime python3 /work/src/utils/INF.py /work/data/finished/PZ8/pdb/8_solution_0.pdb /work/data/finished/PZ8/pdb/8_Bujnicki_4.pdb
2026-03-10 00:38:44 	 Docker exit code: 0
2026-03-10 00:38:44 	 Docker output length: 335
2026-03-10 00:38:44 	 Saved CSV: PZ8,Bujnicki_4,Bujnicki,4,fallback_pair,0.8251204038343014,0.9375,0.5477225575051661,8_solution_0.pdb,8_Bujnicki_4.pdb
2026-03-10 00:38:44 	 RUN fallback_pair: model=8_Bujnicki_5.pdb against global=8_solution_0.pdb -> id=Bujnicki_5
2026-03-10 00:38:44 	 Docker cmd: docker run --rm -v D:\Studia\Projekty\gsp-lab:/work -v D:\Studia\Projekty\RNA_assessment:/rna_assessment -e RNA_ASSESSMENT_ROOT=/rna_assessment -e PYTHONPATH=/rna_assessment mcannotate-runtime python3 /work/src/utils/INF.py /work/data/finished/PZ8/pdb/8_solution_0.pdb /work/data/finished/PZ8/pdb/8_Bujnicki_5.pdb
2026-03-10 00:38:46 	 Docker exit code: 0
2026-03-10 00:38:46 	 Docker output length: 349
2026-03-10 00:38:46 	 Saved CSV: PZ8,Bujnicki_5,Bujnicki,5,fallback_pair,0.7828751257191237,0.8838834764831844,0.6123724356957945,8_solution_0.pdb,8_Bujnicki_5.pdb
2026-03-10 00:38:46 	 RUN fallback_pair: model=8_Bujnicki_6.pdb against global=8_solution_0.pdb -> id=Bujnicki_6
2026-03-10 00:38:46 	 Docker cmd: docker run --rm -v D:\Studia\Projekty\gsp-lab:/work -v D:\Studia\Projekty\RNA_assessment:/rna_assessment -e RNA_ASSESSMENT_ROOT=/rna_assessment -e PYTHONPATH=/rna_assessment mcannotate-runtime python3 /work/src/utils/INF.py /work/data/finished/PZ8/pdb/8_solution_0.pdb /work/data/finished/PZ8/pdb/8_Bujnicki_6.pdb
2026-03-10 00:38:49 	 Docker exit code: 0
2026-03-10 00:38:49 	 Docker output length: 333
2026-03-10 00:38:49 	 Saved CSV: PZ8,Bujnicki_6,Bujnicki,6,fallback_pair,0.7610917498101478,0.879191640756707,0.5,8_solution_0.pdb,8_Bujnicki_6.pdb
2026-03-10 00:38:49 	 RUN fallback_pair: model=8_Bujnicki_7.pdb against global=8_solution_0.pdb -> id=Bujnicki_7
2026-03-10 00:38:49 	 Docker cmd: docker run --rm -v D:\Studia\Projekty\gsp-lab:/work -v D:\Studia\Projekty\RNA_assessment:/rna_assessment -e RNA_ASSESSMENT_ROOT=/rna_assessment -e PYTHONPATH=/rna_assessment mcannotate-runtime python3 /work/src/utils/INF.py /work/data/finished/PZ8/pdb/8_solution_0.pdb /work/data/finished/PZ8/pdb/8_Bujnicki_7.pdb
2026-03-10 00:38:51 	 Docker exit code: 0
2026-03-10 00:38:51 	 Docker output length: 338
2026-03-10 00:38:51 	 Saved CSV: PZ8,Bujnicki_7,Bujnicki,7,fallback_pair,0.7512004372905964,0.90625,0.28867513459481287,8_solution_0.pdb,8_Bujnicki_7.pdb
2026-03-10 00:38:51 	 RUN fallback_pair: model=8_Bujnicki_8.pdb against global=8_solution_0.pdb -> id=Bujnicki_8
2026-03-10 00:38:51 	 Docker cmd: docker run --rm -v D:\Studia\Projekty\gsp-lab:/work -v D:\Studia\Projekty\RNA_assessment:/rna_assessment -e RNA_ASSESSMENT_ROOT=/rna_assessment -e PYTHONPATH=/rna_assessment mcannotate-runtime python3 /work/src/utils/INF.py /work/data/finished/PZ8/pdb/8_solution_0.pdb /work/data/finished/PZ8/pdb/8_Bujnicki_8.pdb
2026-03-10 00:38:54 	 Docker exit code: 0
2026-03-10 00:38:54 	 Docker output length: 349
2026-03-10 00:38:54 	 Saved CSV: PZ8,Bujnicki_8,Bujnicki,8,fallback_pair,0.7882407813680822,0.8924133096001623,0.6123724356957945,8_solution_0.pdb,8_Bujnicki_8.pdb
2026-03-10 00:38:54 	 RUN fallback_pair: model=8_Bujnicki_9.pdb against global=8_solution_0.pdb -> id=Bujnicki_9
2026-03-10 00:38:54 	 Docker cmd: docker run --rm -v D:\Studia\Projekty\gsp-lab:/work -v D:\Studia\Projekty\RNA_assessment:/rna_assessment -e RNA_ASSESSMENT_ROOT=/rna_assessment -e PYTHONPATH=/rna_assessment mcannotate-runtime python3 /work/src/utils/INF.py /work/data/finished/PZ8/pdb/8_solution_0.pdb /work/data/finished/PZ8/pdb/8_Bujnicki_9.pdb
2026-03-10 00:38:57 	 Docker exit code: 0
2026-03-10 00:38:57 	 Docker output length: 331
2026-03-10 00:38:57 	 Saved CSV: PZ8,Bujnicki_9,Bujnicki,9,fallback_pair,0.7512004372905964,0.8391463916782737,0.5,8_solution_0.pdb,8_Bujnicki_9.pdb
2026-03-10 00:38:57 	 RUN fallback_pair: model=8_Chen_1.pdb against global=8_solution_0.pdb -> id=Chen_1
2026-03-10 00:38:57 	 Docker cmd: docker run --rm -v D:\Studia\Projekty\gsp-lab:/work -v D:\Studia\Projekty\RNA_assessment:/rna_assessment -e RNA_ASSESSMENT_ROOT=/rna_assessment -e PYTHONPATH=/rna_assessment mcannotate-runtime python3 /work/src/utils/INF.py /work/data/finished/PZ8/pdb/8_solution_0.pdb /work/data/finished/PZ8/pdb/8_Chen_1.pdb
2026-03-10 00:38:59 	 Docker exit code: 0
2026-03-10 00:38:59 	 Docker output length: 343
2026-03-10 00:38:59 	 Saved CSV: PZ8,Chen_1,Chen,1,fallback_pair,0.792238681383258,0.9231861823449955,0.4714045207910317,8_solution_0.pdb,8_Chen_1.pdb
2026-03-10 00:38:59 	 RUN fallback_pair: model=8_Chen_10.pdb against global=8_solution_0.pdb -> id=Chen_10
2026-03-10 00:38:59 	 Docker cmd: docker run --rm -v D:\Studia\Projekty\gsp-lab:/work -v D:\Studia\Projekty\RNA_assessment:/rna_assessment -e RNA_ASSESSMENT_ROOT=/rna_assessment -e PYTHONPATH=/rna_assessment mcannotate-runtime python3 /work/src/utils/INF.py /work/data/finished/PZ8/pdb/8_solution_0.pdb /work/data/finished/PZ8/pdb/8_Chen_10.pdb
2026-03-10 00:39:02 	 Docker exit code: 0
2026-03-10 00:39:02 	 Docker output length: 336
2026-03-10 00:39:02 	 Saved CSV: PZ8,Chen_10,Chen,10,fallback_pair,0.7445134596131822,0.90625,0.23570226039551584,8_solution_0.pdb,8_Chen_10.pdb
2026-03-10 00:39:02 	 RUN fallback_pair: model=8_Chen_2.pdb against global=8_solution_0.pdb -> id=Chen_2
2026-03-10 00:39:02 	 Docker cmd: docker run --rm -v D:\Studia\Projekty\gsp-lab:/work -v D:\Studia\Projekty\RNA_assessment:/rna_assessment -e RNA_ASSESSMENT_ROOT=/rna_assessment -e PYTHONPATH=/rna_assessment mcannotate-runtime python3 /work/src/utils/INF.py /work/data/finished/PZ8/pdb/8_solution_0.pdb /work/data/finished/PZ8/pdb/8_Chen_2.pdb
2026-03-10 00:39:05 	 Docker exit code: 0
2026-03-10 00:39:05 	 Docker output length: 346
2026-03-10 00:39:05 	 Saved CSV: PZ8,Chen_2,Chen,2,fallback_pair,0.7505149331193649,0.8924133096001623,0.23570226039551584,8_solution_0.pdb,8_Chen_2.pdb
2026-03-10 00:39:05 	 RUN fallback_pair: model=8_Chen_3.pdb against global=8_solution_0.pdb -> id=Chen_3
2026-03-10 00:39:05 	 Docker cmd: docker run --rm -v D:\Studia\Projekty\gsp-lab:/work -v D:\Studia\Projekty\RNA_assessment:/rna_assessment -e RNA_ASSESSMENT_ROOT=/rna_assessment -e PYTHONPATH=/rna_assessment mcannotate-runtime python3 /work/src/utils/INF.py /work/data/finished/PZ8/pdb/8_solution_0.pdb /work/data/finished/PZ8/pdb/8_Chen_3.pdb
2026-03-10 00:39:07 	 Docker exit code: 0
2026-03-10 00:39:07 	 Docker output length: 334
2026-03-10 00:39:07 	 Saved CSV: PZ8,Chen_3,Chen,3,fallback_pair,0.761579632125159,0.90625,0.28867513459481287,8_solution_0.pdb,8_Chen_3.pdb
2026-03-10 00:39:07 	 RUN fallback_pair: model=8_Chen_4.pdb against global=8_solution_0.pdb -> id=Chen_4
2026-03-10 00:39:07 	 Docker cmd: docker run --rm -v D:\Studia\Projekty\gsp-lab:/work -v D:\Studia\Projekty\RNA_assessment:/rna_assessment -e RNA_ASSESSMENT_ROOT=/rna_assessment -e PYTHONPATH=/rna_assessment mcannotate-runtime python3 /work/src/utils/INF.py /work/data/finished/PZ8/pdb/8_solution_0.pdb /work/data/finished/PZ8/pdb/8_Chen_4.pdb
2026-03-10 00:39:09 	 Docker exit code: 0
2026-03-10 00:39:10 	 Docker output length: 334
2026-03-10 00:39:10 	 Saved CSV: PZ8,Chen_4,Chen,4,fallback_pair,0.7195589591750027,0.90625,0.23570226039551584,8_solution_0.pdb,8_Chen_4.pdb
2026-03-10 00:39:10 	 RUN fallback_pair: model=8_Chen_5.pdb against global=8_solution_0.pdb -> id=Chen_5
2026-03-10 00:39:10 	 Docker cmd: docker run --rm -v D:\Studia\Projekty\gsp-lab:/work -v D:\Studia\Projekty\RNA_assessment:/rna_assessment -e RNA_ASSESSMENT_ROOT=/rna_assessment -e PYTHONPATH=/rna_assessment mcannotate-runtime python3 /work/src/utils/INF.py /work/data/finished/PZ8/pdb/8_solution_0.pdb /work/data/finished/PZ8/pdb/8_Chen_5.pdb
2026-03-10 00:39:12 	 Docker exit code: 0
2026-03-10 00:39:12 	 Docker output length: 346
2026-03-10 00:39:12 	 Saved CSV: PZ8,Chen_5,Chen,5,fallback_pair,0.7407437469876467,0.9231861823449955,0.23570226039551584,8_solution_0.pdb,8_Chen_5.pdb
2026-03-10 00:39:12 	 RUN fallback_pair: model=8_Chen_6.pdb against global=8_solution_0.pdb -> id=Chen_6
2026-03-10 00:39:12 	 Docker cmd: docker run --rm -v D:\Studia\Projekty\gsp-lab:/work -v D:\Studia\Projekty\RNA_assessment:/rna_assessment -e RNA_ASSESSMENT_ROOT=/rna_assessment -e PYTHONPATH=/rna_assessment mcannotate-runtime python3 /work/src/utils/INF.py /work/data/finished/PZ8/pdb/8_solution_0.pdb /work/data/finished/PZ8/pdb/8_Chen_6.pdb
2026-03-10 00:39:14 	 Docker exit code: 0
2026-03-10 00:39:14 	 Docker output length: 329
2026-03-10 00:39:14 	 Saved CSV: PZ8,Chen_6,Chen,6,fallback_pair,0.6911066566854408,0.8714212528966688,0.5,8_solution_0.pdb,8_Chen_6.pdb
2026-03-10 00:39:14 	 RUN fallback_pair: model=8_Chen_7.pdb against global=8_solution_0.pdb -> id=Chen_7
2026-03-10 00:39:14 	 Docker cmd: docker run --rm -v D:\Studia\Projekty\gsp-lab:/work -v D:\Studia\Projekty\RNA_assessment:/rna_assessment -e RNA_ASSESSMENT_ROOT=/rna_assessment -e PYTHONPATH=/rna_assessment mcannotate-runtime python3 /work/src/utils/INF.py /work/data/finished/PZ8/pdb/8_solution_0.pdb /work/data/finished/PZ8/pdb/8_Chen_7.pdb
2026-03-10 00:39:17 	 Docker exit code: 0
2026-03-10 00:39:17 	 Docker output length: 346
2026-03-10 00:39:17 	 Saved CSV: PZ8,Chen_7,Chen,7,fallback_pair,0.6956773489817882,0.8572508572512859,0.23570226039551584,8_solution_0.pdb,8_Chen_7.pdb
2026-03-10 00:39:17 	 RUN fallback_pair: model=8_Chen_8.pdb against global=8_solution_0.pdb -> id=Chen_8
2026-03-10 00:39:17 	 Docker cmd: docker run --rm -v D:\Studia\Projekty\gsp-lab:/work -v D:\Studia\Projekty\RNA_assessment:/rna_assessment -e RNA_ASSESSMENT_ROOT=/rna_assessment -e PYTHONPATH=/rna_assessment mcannotate-runtime python3 /work/src/utils/INF.py /work/data/finished/PZ8/pdb/8_solution_0.pdb /work/data/finished/PZ8/pdb/8_Chen_8.pdb
2026-03-10 00:39:19 	 Docker exit code: 0
2026-03-10 00:39:19 	 Docker output length: 344
2026-03-10 00:39:19 	 Saved CSV: PZ8,Chen_8,Chen,8,fallback_pair,0.6735645239877782,0.848528137423857,0.3651483716701107,8_solution_0.pdb,8_Chen_8.pdb
2026-03-10 00:39:19 	 RUN fallback_pair: model=8_Chen_9.pdb against global=8_solution_0.pdb -> id=Chen_9
2026-03-10 00:39:19 	 Docker cmd: docker run --rm -v D:\Studia\Projekty\gsp-lab:/work -v D:\Studia\Projekty\RNA_assessment:/rna_assessment -e RNA_ASSESSMENT_ROOT=/rna_assessment -e PYTHONPATH=/rna_assessment mcannotate-runtime python3 /work/src/utils/INF.py /work/data/finished/PZ8/pdb/8_solution_0.pdb /work/data/finished/PZ8/pdb/8_Chen_9.pdb
2026-03-10 00:39:21 	 Docker exit code: 0
2026-03-10 00:39:21 	 Docker output length: 343
2026-03-10 00:39:21 	 Saved CSV: PZ8,Chen_9,Chen,9,fallback_pair,0.6495371400009405,0.8351913809763263,0.408248290463863,8_solution_0.pdb,8_Chen_9.pdb
2026-03-10 00:39:21 	 RUN fallback_pair: model=8_Das_1.pdb against global=8_solution_0.pdb -> id=Das_1
2026-03-10 00:39:21 	 Docker cmd: docker run --rm -v D:\Studia\Projekty\gsp-lab:/work -v D:\Studia\Projekty\RNA_assessment:/rna_assessment -e RNA_ASSESSMENT_ROOT=/rna_assessment -e PYTHONPATH=/rna_assessment mcannotate-runtime python3 /work/src/utils/INF.py /work/data/finished/PZ8/pdb/8_solution_0.pdb /work/data/finished/PZ8/pdb/8_Das_1.pdb
2026-03-10 00:39:23 	 Docker exit code: 0
2026-03-10 00:39:23 	 Docker output length: 341
2026-03-10 00:39:23 	 Saved CSV: PZ8,Das_1,Das,1,fallback_pair,0.8473635763502173,0.9701425001453319,0.5443310539518174,8_solution_0.pdb,8_Das_1.pdb
2026-03-10 00:39:23 	 RUN fallback_pair: model=8_Das_2.pdb against global=8_solution_0.pdb -> id=Das_2
2026-03-10 00:39:23 	 Docker cmd: docker run --rm -v D:\Studia\Projekty\gsp-lab:/work -v D:\Studia\Projekty\RNA_assessment:/rna_assessment -e RNA_ASSESSMENT_ROOT=/rna_assessment -e PYTHONPATH=/rna_assessment mcannotate-runtime python3 /work/src/utils/INF.py /work/data/finished/PZ8/pdb/8_solution_0.pdb /work/data/finished/PZ8/pdb/8_Das_2.pdb
2026-03-10 00:39:26 	 Docker exit code: 0
2026-03-10 00:39:26 	 Docker output length: 341
2026-03-10 00:39:26 	 Saved CSV: PZ8,Das_2,Das,2,fallback_pair,0.8560992833229,0.9847319278346619,0.5443310539518174,8_solution_0.pdb,8_Das_2.pdb
2026-03-10 00:39:26 	 RUN fallback_pair: model=8_Das_3.pdb against global=8_solution_0.pdb -> id=Das_3
2026-03-10 00:39:26 	 Docker cmd: docker run --rm -v D:\Studia\Projekty\gsp-lab:/work -v D:\Studia\Projekty\RNA_assessment:/rna_assessment -e RNA_ASSESSMENT_ROOT=/rna_assessment -e PYTHONPATH=/rna_assessment mcannotate-runtime python3 /work/src/utils/INF.py /work/data/finished/PZ8/pdb/8_solution_0.pdb /work/data/finished/PZ8/pdb/8_Das_3.pdb
2026-03-10 00:39:28 	 Docker exit code: 0
2026-03-10 00:39:28 	 Docker output length: 343
2026-03-10 00:39:28 	 Saved CSV: PZ8,Das_3,Das,3,fallback_pair,0.8495907904857464,0.9847319278346619,0.5773502691896257,8_solution_0.pdb,8_Das_3.pdb
2026-03-10 00:39:28 	 RUN fallback_pair: model=8_Das_4.pdb against global=8_solution_0.pdb -> id=Das_4
2026-03-10 00:39:28 	 Docker cmd: docker run --rm -v D:\Studia\Projekty\gsp-lab:/work -v D:\Studia\Projekty\RNA_assessment:/rna_assessment -e RNA_ASSESSMENT_ROOT=/rna_assessment -e PYTHONPATH=/rna_assessment mcannotate-runtime python3 /work/src/utils/INF.py /work/data/finished/PZ8/pdb/8_solution_0.pdb /work/data/finished/PZ8/pdb/8_Das_4.pdb
2026-03-10 00:39:30 	 Docker exit code: 0
2026-03-10 00:39:30 	 Docker output length: 332
2026-03-10 00:39:30 	 Saved CSV: PZ8,Das_4,Das,4,fallback_pair,0.8266748313966793,0.96875,0.5163977794943222,8_solution_0.pdb,8_Das_4.pdb
2026-03-10 00:39:30 	 RUN fallback_pair: model=8_Das_5.pdb against global=8_solution_0.pdb -> id=Das_5
2026-03-10 00:39:30 	 Docker cmd: docker run --rm -v D:\Studia\Projekty\gsp-lab:/work -v D:\Studia\Projekty\RNA_assessment:/rna_assessment -e RNA_ASSESSMENT_ROOT=/rna_assessment -e PYTHONPATH=/rna_assessment mcannotate-runtime python3 /work/src/utils/INF.py /work/data/finished/PZ8/pdb/8_solution_0.pdb /work/data/finished/PZ8/pdb/8_Das_5.pdb
2026-03-10 00:39:33 	 Docker exit code: 0
2026-03-10 00:39:33 	 Docker output length: 345
2026-03-10 00:39:33 	 Saved CSV: PZ8,Das_5,Das,5,fallback_pair,0.8106434833777776,0.9539590550898287,0.49236596391733095,8_solution_0.pdb,8_Das_5.pdb
2026-03-10 00:39:33 	 RUN fallback_pair: model=8_Das_6.pdb against global=8_solution_0.pdb -> id=Das_6
2026-03-10 00:39:33 	 Docker cmd: docker run --rm -v D:\Studia\Projekty\gsp-lab:/work -v D:\Studia\Projekty\RNA_assessment:/rna_assessment -e RNA_ASSESSMENT_ROOT=/rna_assessment -e PYTHONPATH=/rna_assessment mcannotate-runtime python3 /work/src/utils/INF.py /work/data/finished/PZ8/pdb/8_solution_0.pdb /work/data/finished/PZ8/pdb/8_Das_6.pdb
2026-03-10 00:39:35 	 Docker exit code: 0
2026-03-10 00:39:35 	 Docker output length: 343
2026-03-10 00:39:35 	 Saved CSV: PZ8,Das_6,Das,6,fallback_pair,0.8266748313966793,0.9539590550898287,0.5773502691896257,8_solution_0.pdb,8_Das_6.pdb
2026-03-10 00:39:35 	 RUN fallback_pair: model=8_Ding_1.pdb against global=8_solution_0.pdb -> id=Ding_1
2026-03-10 00:39:35 	 Docker cmd: docker run --rm -v D:\Studia\Projekty\gsp-lab:/work -v D:\Studia\Projekty\RNA_assessment:/rna_assessment -e RNA_ASSESSMENT_ROOT=/rna_assessment -e PYTHONPATH=/rna_assessment mcannotate-runtime python3 /work/src/utils/INF.py /work/data/finished/PZ8/pdb/8_solution_0.pdb /work/data/finished/PZ8/pdb/8_Ding_1.pdb
2026-03-10 00:39:37 	 Docker exit code: 0
2026-03-10 00:39:37 	 Docker output length: 330
2026-03-10 00:39:37 	 Saved CSV: PZ8,Ding_1,Ding,1,fallback_pair,0.6950223064718906,0.9207509207513811,-1,8_solution_0.pdb,8_Ding_1.pdb
2026-03-10 00:39:37 	 RUN fallback_pair: model=8_Ding_10.pdb against global=8_solution_0.pdb -> id=Ding_10
2026-03-10 00:39:37 	 Docker cmd: docker run --rm -v D:\Studia\Projekty\gsp-lab:/work -v D:\Studia\Projekty\RNA_assessment:/rna_assessment -e RNA_ASSESSMENT_ROOT=/rna_assessment -e PYTHONPATH=/rna_assessment mcannotate-runtime python3 /work/src/utils/INF.py /work/data/finished/PZ8/pdb/8_solution_0.pdb /work/data/finished/PZ8/pdb/8_Ding_10.pdb
2026-03-10 00:39:39 	 Docker exit code: 0
2026-03-10 00:39:39 	 Docker output length: 331
2026-03-10 00:39:39 	 Saved CSV: PZ8,Ding_10,Ding,10,fallback_pair,0.7513054840167139,0.9519716382329886,-1,8_solution_0.pdb,8_Ding_10.pdb
2026-03-10 00:39:39 	 RUN fallback_pair: model=8_Ding_2.pdb against global=8_solution_0.pdb -> id=Ding_2
2026-03-10 00:39:39 	 Docker cmd: docker run --rm -v D:\Studia\Projekty\gsp-lab:/work -v D:\Studia\Projekty\RNA_assessment:/rna_assessment -e RNA_ASSESSMENT_ROOT=/rna_assessment -e PYTHONPATH=/rna_assessment mcannotate-runtime python3 /work/src/utils/INF.py /work/data/finished/PZ8/pdb/8_solution_0.pdb /work/data/finished/PZ8/pdb/8_Ding_2.pdb
2026-03-10 00:39:41 	 Docker exit code: 0
2026-03-10 00:39:41 	 Docker output length: 330
2026-03-10 00:39:41 	 Saved CSV: PZ8,Ding_2,Ding,2,fallback_pair,0.7329966878690528,0.9207509207513811,0,8_solution_0.pdb,8_Ding_2.pdb
2026-03-10 00:39:41 	 RUN fallback_pair: model=8_Ding_3.pdb against global=8_solution_0.pdb -> id=Ding_3
2026-03-10 00:39:41 	 Docker cmd: docker run --rm -v D:\Studia\Projekty\gsp-lab:/work -v D:\Studia\Projekty\RNA_assessment:/rna_assessment -e RNA_ASSESSMENT_ROOT=/rna_assessment -e PYTHONPATH=/rna_assessment mcannotate-runtime python3 /work/src/utils/INF.py /work/data/finished/PZ8/pdb/8_solution_0.pdb /work/data/finished/PZ8/pdb/8_Ding_3.pdb
2026-03-10 00:39:44 	 Docker exit code: 0
2026-03-10 00:39:44 	 Docker output length: 330
2026-03-10 00:39:44 	 Saved CSV: PZ8,Ding_3,Ding,3,fallback_pair,0.7111387336908159,0.9359709753334591,0,8_solution_0.pdb,8_Ding_3.pdb
2026-03-10 00:39:44 	 RUN fallback_pair: model=8_Ding_4.pdb against global=8_solution_0.pdb -> id=Ding_4
2026-03-10 00:39:44 	 Docker cmd: docker run --rm -v D:\Studia\Projekty\gsp-lab:/work -v D:\Studia\Projekty\RNA_assessment:/rna_assessment -e RNA_ASSESSMENT_ROOT=/rna_assessment -e PYTHONPATH=/rna_assessment mcannotate-runtime python3 /work/src/utils/INF.py /work/data/finished/PZ8/pdb/8_solution_0.pdb /work/data/finished/PZ8/pdb/8_Ding_4.pdb
2026-03-10 00:39:46 	 Docker exit code: 0
2026-03-10 00:39:46 	 Docker output length: 330
2026-03-10 00:39:46 	 Saved CSV: PZ8,Ding_4,Ding,4,fallback_pair,0.7658721501503628,0.9525009525014287,0,8_solution_0.pdb,8_Ding_4.pdb
2026-03-10 00:39:46 	 RUN fallback_pair: model=8_Ding_5.pdb against global=8_solution_0.pdb -> id=Ding_5
2026-03-10 00:39:46 	 Docker cmd: docker run --rm -v D:\Studia\Projekty\gsp-lab:/work -v D:\Studia\Projekty\RNA_assessment:/rna_assessment -e RNA_ASSESSMENT_ROOT=/rna_assessment -e PYTHONPATH=/rna_assessment mcannotate-runtime python3 /work/src/utils/INF.py /work/data/finished/PZ8/pdb/8_solution_0.pdb /work/data/finished/PZ8/pdb/8_Ding_5.pdb
2026-03-10 00:39:48 	 Docker exit code: 0
2026-03-10 00:39:48 	 Docker output length: 330
2026-03-10 00:39:48 	 Saved CSV: PZ8,Ding_5,Ding,5,fallback_pair,0.7438144706695404,0.9354143466934853,0,8_solution_0.pdb,8_Ding_5.pdb
2026-03-10 00:39:48 	 RUN fallback_pair: model=8_Ding_6.pdb against global=8_solution_0.pdb -> id=Ding_6
2026-03-10 00:39:48 	 Docker cmd: docker run --rm -v D:\Studia\Projekty\gsp-lab:/work -v D:\Studia\Projekty\RNA_assessment:/rna_assessment -e RNA_ASSESSMENT_ROOT=/rna_assessment -e PYTHONPATH=/rna_assessment mcannotate-runtime python3 /work/src/utils/INF.py /work/data/finished/PZ8/pdb/8_solution_0.pdb /work/data/finished/PZ8/pdb/8_Ding_6.pdb
2026-03-10 00:39:50 	 Docker exit code: 0
2026-03-10 00:39:50 	 Docker output length: 330
2026-03-10 00:39:50 	 Saved CSV: PZ8,Ding_6,Ding,6,fallback_pair,0.7388535058491569,0.9359709753334591,0,8_solution_0.pdb,8_Ding_6.pdb
2026-03-10 00:39:50 	 RUN fallback_pair: model=8_Ding_7.pdb against global=8_solution_0.pdb -> id=Ding_7
2026-03-10 00:39:50 	 Docker cmd: docker run --rm -v D:\Studia\Projekty\gsp-lab:/work -v D:\Studia\Projekty\RNA_assessment:/rna_assessment -e RNA_ASSESSMENT_ROOT=/rna_assessment -e PYTHONPATH=/rna_assessment mcannotate-runtime python3 /work/src/utils/INF.py /work/data/finished/PZ8/pdb/8_solution_0.pdb /work/data/finished/PZ8/pdb/8_Ding_7.pdb
2026-03-10 00:39:52 	 Docker exit code: 0
2026-03-10 00:39:52 	 Docker output length: 331
2026-03-10 00:39:52 	 Saved CSV: PZ8,Ding_7,Ding,7,fallback_pair,0.7370576424228761,0.9682458365518543,-1,8_solution_0.pdb,8_Ding_7.pdb
2026-03-10 00:39:52 	 RUN fallback_pair: model=8_Ding_8.pdb against global=8_solution_0.pdb -> id=Ding_8
2026-03-10 00:39:52 	 Docker cmd: docker run --rm -v D:\Studia\Projekty\gsp-lab:/work -v D:\Studia\Projekty\RNA_assessment:/rna_assessment -e RNA_ASSESSMENT_ROOT=/rna_assessment -e PYTHONPATH=/rna_assessment mcannotate-runtime python3 /work/src/utils/INF.py /work/data/finished/PZ8/pdb/8_solution_0.pdb /work/data/finished/PZ8/pdb/8_Ding_8.pdb
2026-03-10 00:39:54 	 Docker exit code: 0
2026-03-10 00:39:54 	 Docker output length: 328
2026-03-10 00:39:54 	 Saved CSV: PZ8,Ding_8,Ding,8,fallback_pair,0.7071769271895162,0.9207509207513811,0,8_solution_0.pdb,8_Ding_8.pdb
2026-03-10 00:39:54 	 RUN fallback_pair: model=8_Ding_9.pdb against global=8_solution_0.pdb -> id=Ding_9
2026-03-10 00:39:54 	 Docker cmd: docker run --rm -v D:\Studia\Projekty\gsp-lab:/work -v D:\Studia\Projekty\RNA_assessment:/rna_assessment -e RNA_ASSESSMENT_ROOT=/rna_assessment -e PYTHONPATH=/rna_assessment mcannotate-runtime python3 /work/src/utils/INF.py /work/data/finished/PZ8/pdb/8_solution_0.pdb /work/data/finished/PZ8/pdb/8_Ding_9.pdb
2026-03-10 00:39:56 	 Docker exit code: 0
2026-03-10 00:39:56 	 Docker output length: 329
2026-03-10 00:39:56 	 Saved CSV: PZ8,Ding_9,Ding,9,fallback_pair,0.7054756215026584,0.9539590550898287,0,8_solution_0.pdb,8_Ding_9.pdb
2026-03-10 00:39:56 	 RUN fallback_pair: model=8_Dokholyan_1.pdb against global=8_solution_0.pdb -> id=Dokholyan_1
2026-03-10 00:39:56 	 Docker cmd: docker run --rm -v D:\Studia\Projekty\gsp-lab:/work -v D:\Studia\Projekty\RNA_assessment:/rna_assessment -e RNA_ASSESSMENT_ROOT=/rna_assessment -e PYTHONPATH=/rna_assessment mcannotate-runtime python3 /work/src/utils/INF.py /work/data/finished/PZ8/pdb/8_solution_0.pdb /work/data/finished/PZ8/pdb/8_Dokholyan_1.pdb
2026-03-10 00:39:58 	 Docker exit code: 0
2026-03-10 00:39:58 	 Docker output length: 349
2026-03-10 00:39:58 	 Saved CSV: PZ8,Dokholyan_1,Dokholyan,1,fallback_pair,0.604691045496956,0.6667506667510001,0.28867513459481287,8_solution_0.pdb,8_Dokholyan_1.pdb
2026-03-10 00:39:58 	 RUN fallback_pair: model=8_Dokholyan_2.pdb against global=8_solution_0.pdb -> id=Dokholyan_2
2026-03-10 00:39:58 	 Docker cmd: docker run --rm -v D:\Studia\Projekty\gsp-lab:/work -v D:\Studia\Projekty\RNA_assessment:/rna_assessment -e RNA_ASSESSMENT_ROOT=/rna_assessment -e PYTHONPATH=/rna_assessment mcannotate-runtime python3 /work/src/utils/INF.py /work/data/finished/PZ8/pdb/8_solution_0.pdb /work/data/finished/PZ8/pdb/8_Dokholyan_2.pdb
2026-03-10 00:40:01 	 Docker exit code: 0
2026-03-10 00:40:01 	 Docker output length: 334
2026-03-10 00:40:01 	 Saved CSV: PZ8,Dokholyan_2,Dokholyan,2,fallback_pair,0.5421851508422669,0.6985006985010478,0,8_solution_0.pdb,8_Dokholyan_2.pdb
2026-03-10 00:40:01 	 RUN fallback_pair: model=8_Dokholyan_3.pdb against global=8_solution_0.pdb -> id=Dokholyan_3
2026-03-10 00:40:01 	 Docker cmd: docker run --rm -v D:\Studia\Projekty\gsp-lab:/work -v D:\Studia\Projekty\RNA_assessment:/rna_assessment -e RNA_ASSESSMENT_ROOT=/rna_assessment -e PYTHONPATH=/rna_assessment mcannotate-runtime python3 /work/src/utils/INF.py /work/data/finished/PZ8/pdb/8_solution_0.pdb /work/data/finished/PZ8/pdb/8_Dokholyan_3.pdb
2026-03-10 00:40:03 	 Docker exit code: 0
2026-03-10 00:40:03 	 Docker output length: 336
2026-03-10 00:40:03 	 Saved CSV: PZ8,Dokholyan_3,Dokholyan,3,fallback_pair,0.5673665146135802,0.6893587725135435,-1,8_solution_0.pdb,8_Dokholyan_3.pdb
2026-03-10 00:40:03 	 RUN fallback_pair: model=8_Dokholyan_4.pdb against global=8_solution_0.pdb -> id=Dokholyan_4
2026-03-10 00:40:03 	 Docker cmd: docker run --rm -v D:\Studia\Projekty\gsp-lab:/work -v D:\Studia\Projekty\RNA_assessment:/rna_assessment -e RNA_ASSESSMENT_ROOT=/rna_assessment -e PYTHONPATH=/rna_assessment mcannotate-runtime python3 /work/src/utils/INF.py /work/data/finished/PZ8/pdb/8_solution_0.pdb /work/data/finished/PZ8/pdb/8_Dokholyan_4.pdb
2026-03-10 00:40:05 	 Docker exit code: 0
2026-03-10 00:40:05 	 Docker output length: 336
2026-03-10 00:40:05 	 Saved CSV: PZ8,Dokholyan_4,Dokholyan,4,fallback_pair,0.3884634861483724,0.2904737509655563,0,8_solution_0.pdb,8_Dokholyan_4.pdb
2026-03-10 00:40:05 	 SKIP (model is a solution file): 8_solution_0.pdb
2026-03-10 00:40:05 	 DONE case: PZ8
2026-03-10 01:12:45 	 START case: PZ8
2026-03-10 01:12:45 	 caseDir: D:\Studia\Projekty\gsp-lab\data\finished\PZ8
2026-03-10 01:12:45 	 pdbDir: D:\Studia\Projekty\gsp-lab\data\finished\PZ8\pdb
2026-03-10 01:12:45 	 Found pdb count: 43
2026-03-10 01:12:45 	 Global solution: 8_solution_0.pdb
2026-03-10 01:12:45 	 SKIP already recorded (fallback): Adamiak_1
2026-03-10 01:12:45 	 SKIP already recorded (fallback): Adamiak_2
2026-03-10 01:12:45 	 SKIP already recorded (fallback): Bujnicki_1
2026-03-10 01:12:45 	 SKIP already recorded (fallback): Bujnicki_10
2026-03-10 01:12:45 	 SKIP already recorded (fallback): Bujnicki_2
2026-03-10 01:12:45 	 SKIP already recorded (fallback): Bujnicki_3
2026-03-10 01:12:45 	 SKIP already recorded (fallback): Bujnicki_4
2026-03-10 01:12:45 	 SKIP already recorded (fallback): Bujnicki_5
2026-03-10 01:12:45 	 SKIP already recorded (fallback): Bujnicki_6
2026-03-10 01:12:45 	 SKIP already recorded (fallback): Bujnicki_7
2026-03-10 01:12:45 	 SKIP already recorded (fallback): Bujnicki_8
2026-03-10 01:12:45 	 SKIP already recorded (fallback): Bujnicki_9
2026-03-10 01:12:45 	 SKIP already recorded (fallback): Chen_1
2026-03-10 01:12:45 	 SKIP already recorded (fallback): Chen_10
2026-03-10 01:12:45 	 SKIP already recorded (fallback): Chen_2
2026-03-10 01:12:45 	 SKIP already recorded (fallback): Chen_3
2026-03-10 01:12:45 	 SKIP already recorded (fallback): Chen_4
2026-03-10 01:12:45 	 SKIP already recorded (fallback): Chen_5
2026-03-10 01:12:45 	 SKIP already recorded (fallback): Chen_6
2026-03-10 01:12:45 	 SKIP already recorded (fallback): Chen_7
2026-03-10 01:12:45 	 SKIP already recorded (fallback): Chen_8
2026-03-10 01:12:45 	 SKIP already recorded (fallback): Chen_9
2026-03-10 01:12:45 	 SKIP already recorded (fallback): Das_1
2026-03-10 01:12:45 	 SKIP already recorded (fallback): Das_2
2026-03-10 01:12:45 	 SKIP already recorded (fallback): Das_3
2026-03-10 01:12:45 	 SKIP already recorded (fallback): Das_4
2026-03-10 01:12:45 	 SKIP already recorded (fallback): Das_5
2026-03-10 01:12:45 	 SKIP already recorded (fallback): Das_6
2026-03-10 01:12:45 	 SKIP already recorded (fallback): Ding_1
2026-03-10 01:12:45 	 SKIP already recorded (fallback): Ding_10
2026-03-10 01:12:45 	 SKIP already recorded (fallback): Ding_2
2026-03-10 01:12:45 	 SKIP already recorded (fallback): Ding_3
2026-03-10 01:12:45 	 SKIP already recorded (fallback): Ding_4
2026-03-10 01:12:45 	 SKIP already recorded (fallback): Ding_5
2026-03-10 01:12:45 	 SKIP already recorded (fallback): Ding_6
2026-03-10 01:12:45 	 SKIP already recorded (fallback): Ding_7
2026-03-10 01:12:45 	 SKIP already recorded (fallback): Ding_8
2026-03-10 01:12:45 	 SKIP already recorded (fallback): Ding_9
2026-03-10 01:12:45 	 SKIP already recorded (fallback): Dokholyan_1
2026-03-10 01:12:45 	 SKIP already recorded (fallback): Dokholyan_2
2026-03-10 01:12:45 	 SKIP already recorded (fallback): Dokholyan_3
2026-03-10 01:12:46 	 SKIP already recorded (fallback): Dokholyan_4
2026-03-10 01:12:46 	 SKIP (model is a solution file): 8_solution_0.pdb
2026-03-10 01:12:46 	 DONE case: PZ8
2026-03-10 01:17:29 	 START case: PZ8
2026-03-10 01:17:29 	 caseDir: D:\Studia\Projekty\gsp-lab\data\finished\PZ8
2026-03-10 01:17:29 	 pdbDir: D:\Studia\Projekty\gsp-lab\data\finished\PZ8\pdb
2026-03-10 01:17:29 	 Found pdb count: 43
2026-03-10 01:17:29 	 Global solution: 8_solution_0.pdb
2026-03-10 01:17:29 	 SKIP already recorded (fallback): Adamiak_1
2026-03-10 01:17:29 	 SKIP already recorded (fallback): Adamiak_2
2026-03-10 01:17:29 	 SKIP already recorded (fallback): Bujnicki_1
2026-03-10 01:17:29 	 SKIP already recorded (fallback): Bujnicki_10
2026-03-10 01:17:29 	 SKIP already recorded (fallback): Bujnicki_2
2026-03-10 01:17:29 	 SKIP already recorded (fallback): Bujnicki_3
2026-03-10 01:17:29 	 SKIP already recorded (fallback): Bujnicki_4
2026-03-10 01:17:29 	 SKIP already recorded (fallback): Bujnicki_5
2026-03-10 01:17:29 	 SKIP already recorded (fallback): Bujnicki_6
2026-03-10 01:17:29 	 SKIP already recorded (fallback): Bujnicki_7
2026-03-10 01:17:29 	 SKIP already recorded (fallback): Bujnicki_8
2026-03-10 01:17:29 	 SKIP already recorded (fallback): Bujnicki_9
2026-03-10 01:17:29 	 SKIP already recorded (fallback): Chen_1
2026-03-10 01:17:29 	 SKIP already recorded (fallback): Chen_10
2026-03-10 01:17:29 	 SKIP already recorded (fallback): Chen_2
2026-03-10 01:17:29 	 SKIP already recorded (fallback): Chen_3
2026-03-10 01:17:29 	 SKIP already recorded (fallback): Chen_4
2026-03-10 01:17:29 	 SKIP already recorded (fallback): Chen_5
2026-03-10 01:17:29 	 SKIP already recorded (fallback): Chen_6
2026-03-10 01:17:29 	 SKIP already recorded (fallback): Chen_7
2026-03-10 01:17:29 	 SKIP already recorded (fallback): Chen_8
2026-03-10 01:17:29 	 SKIP already recorded (fallback): Chen_9
2026-03-10 01:17:29 	 SKIP already recorded (fallback): Das_1
2026-03-10 01:17:29 	 SKIP already recorded (fallback): Das_2
2026-03-10 01:17:29 	 SKIP already recorded (fallback): Das_3
2026-03-10 01:17:29 	 SKIP already recorded (fallback): Das_4
2026-03-10 01:17:29 	 SKIP already recorded (fallback): Das_5
2026-03-10 01:17:29 	 SKIP already recorded (fallback): Das_6
2026-03-10 01:17:29 	 SKIP already recorded (fallback): Ding_1
2026-03-10 01:17:29 	 SKIP already recorded (fallback): Ding_10
2026-03-10 01:17:29 	 SKIP already recorded (fallback): Ding_2
2026-03-10 01:17:29 	 SKIP already recorded (fallback): Ding_3
2026-03-10 01:17:29 	 SKIP already recorded (fallback): Ding_4
2026-03-10 01:17:29 	 SKIP already recorded (fallback): Ding_5
2026-03-10 01:17:29 	 SKIP already recorded (fallback): Ding_6
2026-03-10 01:17:29 	 SKIP already recorded (fallback): Ding_7
2026-03-10 01:17:29 	 SKIP already recorded (fallback): Ding_8
2026-03-10 01:17:29 	 SKIP already recorded (fallback): Ding_9
2026-03-10 01:17:29 	 SKIP already recorded (fallback): Dokholyan_1
2026-03-10 01:17:29 	 SKIP already recorded (fallback): Dokholyan_2
2026-03-10 01:17:29 	 SKIP already recorded (fallback): Dokholyan_3
2026-03-10 01:17:29 	 SKIP already recorded (fallback): Dokholyan_4
2026-03-10 01:17:29 	 SKIP (model is a solution file): 8_solution_0.pdb
2026-03-10 01:17:29 	 DONE case: PZ8
2026-03-10 01:21:56 	 START case: PZ8
2026-03-10 01:21:56 	 caseDir: D:\Studia\Projekty\gsp-lab\data\finished\PZ8
2026-03-10 01:21:56 	 pdbDir: D:\Studia\Projekty\gsp-lab\data\finished\PZ8\pdb
2026-03-10 01:21:56 	 Found pdb count: 43
2026-03-10 01:21:56 	 Global solution: 8_solution_0.pdb
2026-03-10 01:21:56 	 SKIP already recorded (fallback): Adamiak_1
2026-03-10 01:21:56 	 SKIP already recorded (fallback): Adamiak_2
2026-03-10 01:21:56 	 SKIP already recorded (fallback): Bujnicki_1
2026-03-10 01:21:56 	 SKIP already recorded (fallback): Bujnicki_10
2026-03-10 01:21:56 	 SKIP already recorded (fallback): Bujnicki_2
2026-03-10 01:21:56 	 SKIP already recorded (fallback): Bujnicki_3
2026-03-10 01:21:56 	 SKIP already recorded (fallback): Bujnicki_4
2026-03-10 01:21:56 	 SKIP already recorded (fallback): Bujnicki_5
2026-03-10 01:21:56 	 SKIP already recorded (fallback): Bujnicki_6
2026-03-10 01:21:56 	 SKIP already recorded (fallback): Bujnicki_7
2026-03-10 01:21:56 	 SKIP already recorded (fallback): Bujnicki_8
2026-03-10 01:21:56 	 SKIP already recorded (fallback): Bujnicki_9
2026-03-10 01:21:56 	 SKIP already recorded (fallback): Chen_1
2026-03-10 01:21:56 	 SKIP already recorded (fallback): Chen_10
2026-03-10 01:21:56 	 SKIP already recorded (fallback): Chen_2
2026-03-10 01:21:56 	 SKIP already recorded (fallback): Chen_3
2026-03-10 01:21:56 	 SKIP already recorded (fallback): Chen_4
2026-03-10 01:21:56 	 SKIP already recorded (fallback): Chen_5
2026-03-10 01:21:56 	 SKIP already recorded (fallback): Chen_6
2026-03-10 01:21:56 	 SKIP already recorded (fallback): Chen_7
2026-03-10 01:21:56 	 SKIP already recorded (fallback): Chen_8
2026-03-10 01:21:56 	 SKIP already recorded (fallback): Chen_9
2026-03-10 01:21:56 	 SKIP already recorded (fallback): Das_1
2026-03-10 01:21:56 	 SKIP already recorded (fallback): Das_2
2026-03-10 01:21:56 	 SKIP already recorded (fallback): Das_3
2026-03-10 01:21:57 	 SKIP already recorded (fallback): Das_4
2026-03-10 01:21:57 	 SKIP already recorded (fallback): Das_5
2026-03-10 01:21:57 	 SKIP already recorded (fallback): Das_6
2026-03-10 01:21:57 	 SKIP already recorded (fallback): Ding_1
2026-03-10 01:21:57 	 SKIP already recorded (fallback): Ding_10
2026-03-10 01:21:57 	 SKIP already recorded (fallback): Ding_2
2026-03-10 01:21:57 	 SKIP already recorded (fallback): Ding_3
2026-03-10 01:21:57 	 SKIP already recorded (fallback): Ding_4
2026-03-10 01:21:57 	 SKIP already recorded (fallback): Ding_5
2026-03-10 01:21:57 	 SKIP already recorded (fallback): Ding_6
2026-03-10 01:21:57 	 SKIP already recorded (fallback): Ding_7
2026-03-10 01:21:57 	 SKIP already recorded (fallback): Ding_8
2026-03-10 01:21:57 	 SKIP already recorded (fallback): Ding_9
2026-03-10 01:21:57 	 SKIP already recorded (fallback): Dokholyan_1
2026-03-10 01:21:57 	 SKIP already recorded (fallback): Dokholyan_2
2026-03-10 01:21:57 	 SKIP already recorded (fallback): Dokholyan_3
2026-03-10 01:21:57 	 SKIP already recorded (fallback): Dokholyan_4
2026-03-10 01:21:57 	 SKIP (model is a solution file): 8_solution_0.pdb
2026-03-10 01:21:57 	 DONE case: PZ8
